[0.095s] Invoking command in '/home/mechax/zyb/radar_station/build/Qt5_displayer': AMENT_PREFIX_PATH=/home/mechax/zyb/radar_station/install/my_msgss:${AMENT_PREFIX_PATH} CMAKE_PREFIX_PATH=/home/mechax/zyb/radar_station/install/my_msgss:/home/mechax/ws_livox/install/livox_ros2_driver:/home/mechax/ws_livox/install/livox_sdk_vendor:/home/mechax/ws_livox/install/livox_interfaces:/opt/ros/humble LD_LIBRARY_PATH=/home/mechax/zyb/radar_station/install/my_msgss/lib:${LD_LIBRARY_PATH} PYTHONPATH=/home/mechax/zyb/radar_station/install/my_msgss/local/lib/python3.10/dist-packages:${PYTHONPATH} /usr/bin/cmake --build /home/mechax/zyb/radar_station/build/Qt5_displayer -- -j16 -l16
[0.131s] [ 12%] [34m[1mAutomatic MOC and UIC for target Qt5_displayer[0m
[0.471s] [ 12%] Built target Qt5_displayer_autogen
[0.481s] [35m[1mConsolidate compiler generated dependencies of target Qt5_displayer[0m
[0.500s] [ 37%] [32mBuilding CXX object CMakeFiles/Qt5_displayer.dir/src/main.cpp.o[0m
[0.500s] [ 37%] [32mBuilding CXX object CMakeFiles/Qt5_displayer.dir/Qt5_displayer_autogen/mocs_compilation.cpp.o[0m
[0.501s] [ 50%] [32mBuilding CXX object CMakeFiles/Qt5_displayer.dir/src/radarstation.cpp.o[0m
[0.503s] [ 62%] [32mBuilding CXX object CMakeFiles/Qt5_displayer.dir/src/qtnode.cpp.o[0m
[3.366s] In file included from [01m[K/home/mechax/zyb/radar_station/build/Qt5_displayer/Qt5_displayer_autogen/6YEA5652QU/moc_qtnode.cpp:10[m[K,
[3.366s]                  from [01m[K/home/mechax/zyb/radar_station/build/Qt5_displayer/Qt5_displayer_autogen/mocs_compilation.cpp:3[m[K:
[3.366s] [01m[K/home/mechax/zyb/radar_station/build/Qt5_displayer/Qt5_displayer_autogen/6YEA5652QU/../../../../src/Qt5_displayer/include/qtnode.h:27:31:[m[K [01;31m[Kerror: [m[K‘[01m[Kmymsgss[m[K’ does not name a type
[3.367s]    27 |     void pointsCallback(const [01;31m[Kmymsgss[m[K::msg::Points msg);
[3.367s]       |                               [01;31m[K^~~~~~~[m[K
[3.367s] [01m[K/home/mechax/zyb/radar_station/build/Qt5_displayer/Qt5_displayer_autogen/6YEA5652QU/../../../../src/Qt5_displayer/include/qtnode.h:27:43:[m[K [01;31m[Kerror: [m[Kexpected unqualified-id before ‘[01m[K::[m[K’ token
[3.367s]    27 |     void pointsCallback(const mymsgss::msg[01;31m[K::[m[KPoints msg);
[3.367s]       |                                           [01;31m[K^~[m[K
[3.367s] [01m[K/home/mechax/zyb/radar_station/build/Qt5_displayer/Qt5_displayer_autogen/6YEA5652QU/../../../../src/Qt5_displayer/include/qtnode.h:27:43:[m[K [01;31m[Kerror: [m[Kexpected ‘[01m[K)[m[K’ before ‘[01m[K::[m[K’ token
[3.367s]    27 |     void pointsCallback[34m[K([m[Kconst mymsgss::msg[01;31m[K:[m[K[32m[K:[m[KPoints msg);
[3.367s]       |                        [34m[K~[m[K                  [01;31m[K^[m[K[32m[K~[m[K
[3.367s]       |                                           [32m[K)[m[K
[3.367s] [01m[K/home/mechax/zyb/radar_station/build/Qt5_displayer/Qt5_displayer_autogen/6YEA5652QU/../../../../src/Qt5_displayer/include/qtnode.h:27:40:[m[K [01;31m[Kerror: [m[Kexpected ‘[01m[K;[m[K’ at end of member declaration
[3.367s]    27 |     void pointsCallback(const mymsgss::[01;31m[Kmsg[m[K::Points msg);
[3.367s]       |                                        [01;31m[K^~~[m[K
[3.367s]       |                                           [32m[K;[m[K
[3.368s] [01m[K/home/mechax/zyb/radar_station/build/Qt5_displayer/Qt5_displayer_autogen/6YEA5652QU/../../../../src/Qt5_displayer/include/qtnode.h:27:45:[m[K [01;31m[Kerror: [m[K‘[01m[KPoints[m[K’ in namespace ‘[01m[K::[m[K’ does not name a type; did you mean ‘[01m[KQPointF[m[K’?
[3.368s]    27 |     void pointsCallback(const mymsgss::msg::[01;31m[KPoints[m[K msg);
[3.368s]       |                                             [01;31m[K^~~~~~[m[K
[3.368s]       |                                             [32m[KQPointF[m[K
[3.370s] [01m[K/home/mechax/zyb/radar_station/build/Qt5_displayer/Qt5_displayer_autogen/6YEA5652QU/../../../../src/Qt5_displayer/include/qtnode.h:39:5:[m[K [01;31m[Kerror: [m[K‘[01m[Kmymsgss[m[K’ does not name a type
[3.370s]    39 |     [01;31m[Kmymsgss[m[K::msg::Points world_qpoints;
[3.370s]       |     [01;31m[K^~~~~~~[m[K
[3.429s] In file included from [01m[K/home/mechax/zyb/radar_station/src/Qt5_displayer/include/radarstation.h:8[m[K,
[3.429s]                  from [01m[K/home/mechax/zyb/radar_station/src/Qt5_displayer/src/main.cpp:1[m[K:
[3.429s] [01m[K/home/mechax/zyb/radar_station/src/Qt5_displayer/include/qtnode.h:27:31:[m[K [01;31m[Kerror: [m[K‘[01m[Kmymsgss[m[K’ does not name a type
[3.429s]    27 |     void pointsCallback(const [01;31m[Kmymsgss[m[K::msg::Points msg);
[3.429s]       |                               [01;31m[K^~~~~~~[m[K
[3.429s] [01m[K/home/mechax/zyb/radar_station/src/Qt5_displayer/include/qtnode.h:27:43:[m[K [01;31m[Kerror: [m[Kexpected unqualified-id before ‘[01m[K::[m[K’ token
[3.429s]    27 |     void pointsCallback(const mymsgss::msg[01;31m[K::[m[KPoints msg);
[3.429s]       |                                           [01;31m[K^~[m[K
[3.430s] [01m[K/home/mechax/zyb/radar_station/src/Qt5_displayer/include/qtnode.h:27:43:[m[K [01;31m[Kerror: [m[Kexpected ‘[01m[K)[m[K’ before ‘[01m[K::[m[K’ token
[3.430s]    27 |     void pointsCallback[34m[K([m[Kconst mymsgss::msg[01;31m[K:[m[K[32m[K:[m[KPoints msg);
[3.430s]       |                        [34m[K~[m[K                  [01;31m[K^[m[K[32m[K~[m[K
[3.430s]       |                                           [32m[K)[m[K
[3.430s] [01m[K/home/mechax/zyb/radar_station/src/Qt5_displayer/include/qtnode.h:27:40:[m[K [01;31m[Kerror: [m[Kexpected ‘[01m[K;[m[K’ at end of member declaration
[3.430s]    27 |     void pointsCallback(const mymsgss::[01;31m[Kmsg[m[K::Points msg);
[3.430s]       |                                        [01;31m[K^~~[m[K
[3.430s]       |                                           [32m[K;[m[K
[3.431s] [01m[K/home/mechax/zyb/radar_station/src/Qt5_displayer/include/qtnode.h:27:45:[m[K [01;31m[Kerror: [m[K‘[01m[KPoints[m[K’ in namespace ‘[01m[K::[m[K’ does not name a type; did you mean ‘[01m[KQPointF[m[K’?
[3.431s]    27 |     void pointsCallback(const mymsgss::msg::[01;31m[KPoints[m[K msg);
[3.431s]       |                                             [01;31m[K^~~~~~[m[K
[3.431s]       |                                             [32m[KQPointF[m[K
[3.434s] [01m[K/home/mechax/zyb/radar_station/src/Qt5_displayer/include/qtnode.h:39:5:[m[K [01;31m[Kerror: [m[K‘[01m[Kmymsgss[m[K’ does not name a type
[3.434s]    39 |     [01;31m[Kmymsgss[m[K::msg::Points world_qpoints;
[3.434s]       |     [01;31m[K^~~~~~~[m[K
[3.438s] [01m[K/home/mechax/zyb/radar_station/build/Qt5_displayer/Qt5_displayer_autogen/6YEA5652QU/../../../../src/Qt5_displayer/include/qtnode.h:45:26:[m[K [01;31m[Kerror: [m[K‘[01m[Kmymsgss[m[K’ was not declared in this scope; did you mean ‘[01m[Kmy_msgss[m[K’?
[3.438s]    45 |     rclcpp::Subscription<[01;31m[Kmymsgss[m[K::msg::Points>::SharedPtr points_sub_;
[3.438s]       |                          [01;31m[K^~~~~~~[m[K
[3.438s]       |                          [32m[Kmy_msgss[m[K
[3.438s] [01m[K/home/mechax/zyb/radar_station/build/Qt5_displayer/Qt5_displayer_autogen/6YEA5652QU/../../../../src/Qt5_displayer/include/qtnode.h:45:46:[m[K [01;31m[Kerror: [m[Ktemplate argument 1 is invalid
[3.438s]    45 |     rclcpp::Subscription<mymsgss::msg::Points[01;31m[K>[m[K::SharedPtr points_sub_;
[3.438s]       |                                              [01;31m[K^[m[K
[3.438s] [01m[K/home/mechax/zyb/radar_station/build/Qt5_displayer/Qt5_displayer_autogen/6YEA5652QU/../../../../src/Qt5_displayer/include/qtnode.h:45:46:[m[K [01;31m[Kerror: [m[Ktemplate argument 3 is invalid
[3.438s] [01m[K/home/mechax/zyb/radar_station/build/Qt5_displayer/Qt5_displayer_autogen/6YEA5652QU/../../../../src/Qt5_displayer/include/qtnode.h:45:46:[m[K [01;31m[Kerror: [m[Ktemplate argument 4 is invalid
[3.438s] [01m[K/home/mechax/zyb/radar_station/build/Qt5_displayer/Qt5_displayer_autogen/6YEA5652QU/../../../../src/Qt5_displayer/include/qtnode.h:45:46:[m[K [01;31m[Kerror: [m[Ktemplate argument 5 is invalid
[3.438s] [01m[K/home/mechax/zyb/radar_station/build/Qt5_displayer/Qt5_displayer_autogen/6YEA5652QU/../../../../src/Qt5_displayer/include/qtnode.h:45:49:[m[K [01;31m[Kerror: [m[Kexpected ‘[01m[K;[m[K’ at end of member declaration
[3.438s]    45 |     rclcpp::Subscription<mymsgss::msg::Points>::[01;31m[KSharedPtr[m[K points_sub_;
[3.438s]       |                                                 [01;31m[K^~~~~~~~~[m[K
[3.438s]       |                                                          [32m[K;[m[K
[3.440s] [01m[K/home/mechax/zyb/radar_station/build/Qt5_displayer/Qt5_displayer_autogen/6YEA5652QU/../../../../src/Qt5_displayer/include/qtnode.h:45:59:[m[K [01;31m[Kerror: [m[K‘[01m[Kpoints_sub_[m[K’ does not name a type
[3.440s]    45 |     rclcpp::Subscription<mymsgss::msg::Points>::SharedPtr [01;31m[Kpoints_sub_[m[K;
[3.440s]       |                                                           [01;31m[K^~~~~~~~~~~[m[K
[3.441s] In file included from [01m[K/home/mechax/zyb/radar_station/src/Qt5_displayer/include/radarstation.h:8[m[K,
[3.441s]                  from [01m[K/home/mechax/zyb/radar_station/src/Qt5_displayer/src/radarstation.cpp:1[m[K:
[3.441s] [01m[K/home/mechax/zyb/radar_station/src/Qt5_displayer/include/qtnode.h:27:31:[m[K [01;31m[Kerror: [m[K‘[01m[Kmymsgss[m[K’ does not name a type
[3.441s]    27 |     void pointsCallback(const [01;31m[Kmymsgss[m[K::msg::Points msg);
[3.441s]       |                               [01;31m[K^~~~~~~[m[K
[3.441s] [01m[K/home/mechax/zyb/radar_station/src/Qt5_displayer/include/qtnode.h:27:43:[m[K [01;31m[Kerror: [m[Kexpected unqualified-id before ‘[01m[K::[m[K’ token
[3.441s]    27 |     void pointsCallback(const mymsgss::msg[01;31m[K::[m[KPoints msg);
[3.441s]       |                                           [01;31m[K^~[m[K
[3.441s] [01m[K/home/mechax/zyb/radar_station/src/Qt5_displayer/include/qtnode.h:27:43:[m[K [01;31m[Kerror: [m[Kexpected ‘[01m[K)[m[K’ before ‘[01m[K::[m[K’ token
[3.441s]    27 |     void pointsCallback[34m[K([m[Kconst mymsgss::msg[01;31m[K:[m[K[32m[K:[m[KPoints msg);
[3.441s]       |                        [34m[K~[m[K                  [01;31m[K^[m[K[32m[K~[m[K
[3.441s]       |                                           [32m[K)[m[K
[3.441s] [01m[K/home/mechax/zyb/radar_station/src/Qt5_displayer/include/qtnode.h:27:40:[m[K [01;31m[Kerror: [m[Kexpected ‘[01m[K;[m[K’ at end of member declaration
[3.441s]    27 |     void pointsCallback(const mymsgss::[01;31m[Kmsg[m[K::Points msg);
[3.441s]       |                                        [01;31m[K^~~[m[K
[3.441s]       |                                           [32m[K;[m[K
[3.442s] [01m[K/home/mechax/zyb/radar_station/src/Qt5_displayer/include/qtnode.h:27:45:[m[K [01;31m[Kerror: [m[K‘[01m[KPoints[m[K’ in namespace ‘[01m[K::[m[K’ does not name a type; did you mean ‘[01m[KQPointF[m[K’?
[3.442s]    27 |     void pointsCallback(const mymsgss::msg::[01;31m[KPoints[m[K msg);
[3.442s]       |                                             [01;31m[K^~~~~~[m[K
[3.443s]       |                                             [32m[KQPointF[m[K
[3.445s] [01m[K/home/mechax/zyb/radar_station/src/Qt5_displayer/include/qtnode.h:39:5:[m[K [01;31m[Kerror: [m[K‘[01m[Kmymsgss[m[K’ does not name a type
[3.445s]    39 |     [01;31m[Kmymsgss[m[K::msg::Points world_qpoints;
[3.445s]       |     [01;31m[K^~~~~~~[m[K
[3.494s] [01m[K/home/mechax/zyb/radar_station/src/Qt5_displayer/include/qtnode.h:45:26:[m[K [01;31m[Kerror: [m[K‘[01m[Kmymsgss[m[K’ was not declared in this scope; did you mean ‘[01m[Kmy_msgss[m[K’?
[3.494s]    45 |     rclcpp::Subscription<[01;31m[Kmymsgss[m[K::msg::Points>::SharedPtr points_sub_;
[3.494s]       |                          [01;31m[K^~~~~~~[m[K
[3.494s]       |                          [32m[Kmy_msgss[m[K
[3.494s] [01m[K/home/mechax/zyb/radar_station/src/Qt5_displayer/include/qtnode.h:45:46:[m[K [01;31m[Kerror: [m[Ktemplate argument 1 is invalid
[3.494s]    45 |     rclcpp::Subscription<mymsgss::msg::Points[01;31m[K>[m[K::SharedPtr points_sub_;
[3.495s]       |                                              [01;31m[K^[m[K
[3.495s] [01m[K/home/mechax/zyb/radar_station/src/Qt5_displayer/include/qtnode.h:45:46:[m[K [01;31m[Kerror: [m[Ktemplate argument 3 is invalid
[3.495s] [01m[K/home/mechax/zyb/radar_station/src/Qt5_displayer/include/qtnode.h:45:46:[m[K [01;31m[Kerror: [m[Ktemplate argument 4 is invalid
[3.495s] [01m[K/home/mechax/zyb/radar_station/src/Qt5_displayer/include/qtnode.h:45:46:[m[K [01;31m[Kerror: [m[Ktemplate argument 5 is invalid
[3.495s] [01m[K/home/mechax/zyb/radar_station/src/Qt5_displayer/include/qtnode.h:45:49:[m[K [01;31m[Kerror: [m[Kexpected ‘[01m[K;[m[K’ at end of member declaration
[3.495s]    45 |     rclcpp::Subscription<mymsgss::msg::Points>::[01;31m[KSharedPtr[m[K points_sub_;
[3.495s]       |                                                 [01;31m[K^~~~~~~~~[m[K
[3.495s]       |                                                          [32m[K;[m[K
[3.497s] [01m[K/home/mechax/zyb/radar_station/src/Qt5_displayer/include/qtnode.h:45:59:[m[K [01;31m[Kerror: [m[K‘[01m[Kpoints_sub_[m[K’ does not name a type
[3.497s]    45 |     rclcpp::Subscription<mymsgss::msg::Points>::SharedPtr [01;31m[Kpoints_sub_[m[K;
[3.497s]       |                                                           [01;31m[K^~~~~~~~~~~[m[K
[3.506s] [01m[K/home/mechax/zyb/radar_station/src/Qt5_displayer/include/qtnode.h:45:26:[m[K [01;31m[Kerror: [m[K‘[01m[Kmymsgss[m[K’ was not declared in this scope; did you mean ‘[01m[Kmy_msgss[m[K’?
[3.506s]    45 |     rclcpp::Subscription<[01;31m[Kmymsgss[m[K::msg::Points>::SharedPtr points_sub_;
[3.507s]       |                          [01;31m[K^~~~~~~[m[K
[3.507s]       |                          [32m[Kmy_msgss[m[K
[3.507s] [01m[K/home/mechax/zyb/radar_station/src/Qt5_displayer/include/qtnode.h:45:46:[m[K [01;31m[Kerror: [m[Ktemplate argument 1 is invalid
[3.507s]    45 |     rclcpp::Subscription<mymsgss::msg::Points[01;31m[K>[m[K::SharedPtr points_sub_;
[3.507s]       |                                              [01;31m[K^[m[K
[3.507s] [01m[K/home/mechax/zyb/radar_station/src/Qt5_displayer/include/qtnode.h:45:46:[m[K [01;31m[Kerror: [m[Ktemplate argument 3 is invalid
[3.507s] [01m[K/home/mechax/zyb/radar_station/src/Qt5_displayer/include/qtnode.h:45:46:[m[K [01;31m[Kerror: [m[Ktemplate argument 4 is invalid
[3.507s] [01m[K/home/mechax/zyb/radar_station/src/Qt5_displayer/include/qtnode.h:45:46:[m[K [01;31m[Kerror: [m[Ktemplate argument 5 is invalid
[3.507s] [01m[K/home/mechax/zyb/radar_station/src/Qt5_displayer/include/qtnode.h:45:49:[m[K [01;31m[Kerror: [m[Kexpected ‘[01m[K;[m[K’ at end of member declaration
[3.507s]    45 |     rclcpp::Subscription<mymsgss::msg::Points>::[01;31m[KSharedPtr[m[K points_sub_;
[3.507s]       |                                                 [01;31m[K^~~~~~~~~[m[K
[3.507s]       |                                                          [32m[K;[m[K
[3.509s] [01m[K/home/mechax/zyb/radar_station/src/Qt5_displayer/include/qtnode.h:45:59:[m[K [01;31m[Kerror: [m[K‘[01m[Kpoints_sub_[m[K’ does not name a type
[3.509s]    45 |     rclcpp::Subscription<mymsgss::msg::Points>::SharedPtr [01;31m[Kpoints_sub_[m[K;
[3.509s]       |                                                           [01;31m[K^~~~~~~~~~~[m[K
[4.192s] gmake[2]: *** [CMakeFiles/Qt5_displayer.dir/build.make:76: CMakeFiles/Qt5_displayer.dir/Qt5_displayer_autogen/mocs_compilation.cpp.o] Error 1
[4.192s] gmake[2]: *** Waiting for unfinished jobs....
[4.195s] gmake[2]: *** [CMakeFiles/Qt5_displayer.dir/build.make:90: CMakeFiles/Qt5_displayer.dir/src/main.cpp.o] Error 1
[4.390s] gmake[2]: *** [CMakeFiles/Qt5_displayer.dir/build.make:132: CMakeFiles/Qt5_displayer.dir/src/radarstation.cpp.o] Error 1
[4.578s] In file included from [01m[K/home/mechax/zyb/radar_station/src/Qt5_displayer/src/qtnode.cpp:1[m[K:
[4.579s] [01m[K/home/mechax/zyb/radar_station/src/Qt5_displayer/include/qtnode.h:27:31:[m[K [01;31m[Kerror: [m[K‘[01m[Kmymsgss[m[K’ does not name a type
[4.579s]    27 |     void pointsCallback(const [01;31m[Kmymsgss[m[K::msg::Points msg);
[4.579s]       |                               [01;31m[K^~~~~~~[m[K
[4.579s] [01m[K/home/mechax/zyb/radar_station/src/Qt5_displayer/include/qtnode.h:27:43:[m[K [01;31m[Kerror: [m[Kexpected unqualified-id before ‘[01m[K::[m[K’ token
[4.579s]    27 |     void pointsCallback(const mymsgss::msg[01;31m[K::[m[KPoints msg);
[4.579s]       |                                           [01;31m[K^~[m[K
[4.579s] [01m[K/home/mechax/zyb/radar_station/src/Qt5_displayer/include/qtnode.h:27:43:[m[K [01;31m[Kerror: [m[Kexpected ‘[01m[K)[m[K’ before ‘[01m[K::[m[K’ token
[4.579s]    27 |     void pointsCallback[34m[K([m[Kconst mymsgss::msg[01;31m[K:[m[K[32m[K:[m[KPoints msg);
[4.579s]       |                        [34m[K~[m[K                  [01;31m[K^[m[K[32m[K~[m[K
[4.579s]       |                                           [32m[K)[m[K
[4.579s] [01m[K/home/mechax/zyb/radar_station/src/Qt5_displayer/include/qtnode.h:27:40:[m[K [01;31m[Kerror: [m[Kexpected ‘[01m[K;[m[K’ at end of member declaration
[4.579s]    27 |     void pointsCallback(const mymsgss::[01;31m[Kmsg[m[K::Points msg);
[4.579s]       |                                        [01;31m[K^~~[m[K
[4.579s]       |                                           [32m[K;[m[K
[4.580s] [01m[K/home/mechax/zyb/radar_station/src/Qt5_displayer/include/qtnode.h:27:45:[m[K [01;31m[Kerror: [m[K‘[01m[KPoints[m[K’ in namespace ‘[01m[K::[m[K’ does not name a type; did you mean ‘[01m[KQPointF[m[K’?
[4.580s]    27 |     void pointsCallback(const mymsgss::msg::[01;31m[KPoints[m[K msg);
[4.580s]       |                                             [01;31m[K^~~~~~[m[K
[4.580s]       |                                             [32m[KQPointF[m[K
[4.582s] [01m[K/home/mechax/zyb/radar_station/src/Qt5_displayer/include/qtnode.h:39:5:[m[K [01;31m[Kerror: [m[K‘[01m[Kmymsgss[m[K’ does not name a type
[4.582s]    39 |     [01;31m[Kmymsgss[m[K::msg::Points world_qpoints;
[4.582s]       |     [01;31m[K^~~~~~~[m[K
[4.611s] [01m[K/home/mechax/zyb/radar_station/src/Qt5_displayer/include/qtnode.h:45:26:[m[K [01;31m[Kerror: [m[K‘[01m[Kmymsgss[m[K’ was not declared in this scope; did you mean ‘[01m[Kmy_msgss[m[K’?
[4.612s]    45 |     rclcpp::Subscription<[01;31m[Kmymsgss[m[K::msg::Points>::SharedPtr points_sub_;
[4.612s]       |                          [01;31m[K^~~~~~~[m[K
[4.612s]       |                          [32m[Kmy_msgss[m[K
[4.612s] [01m[K/home/mechax/zyb/radar_station/src/Qt5_displayer/include/qtnode.h:45:46:[m[K [01;31m[Kerror: [m[Ktemplate argument 1 is invalid
[4.612s]    45 |     rclcpp::Subscription<mymsgss::msg::Points[01;31m[K>[m[K::SharedPtr points_sub_;
[4.612s]       |                                              [01;31m[K^[m[K
[4.612s] [01m[K/home/mechax/zyb/radar_station/src/Qt5_displayer/include/qtnode.h:45:46:[m[K [01;31m[Kerror: [m[Ktemplate argument 3 is invalid
[4.612s] [01m[K/home/mechax/zyb/radar_station/src/Qt5_displayer/include/qtnode.h:45:46:[m[K [01;31m[Kerror: [m[Ktemplate argument 4 is invalid
[4.612s] [01m[K/home/mechax/zyb/radar_station/src/Qt5_displayer/include/qtnode.h:45:46:[m[K [01;31m[Kerror: [m[Ktemplate argument 5 is invalid
[4.612s] [01m[K/home/mechax/zyb/radar_station/src/Qt5_displayer/include/qtnode.h:45:49:[m[K [01;31m[Kerror: [m[Kexpected ‘[01m[K;[m[K’ at end of member declaration
[4.612s]    45 |     rclcpp::Subscription<mymsgss::msg::Points>::[01;31m[KSharedPtr[m[K points_sub_;
[4.612s]       |                                                 [01;31m[K^~~~~~~~~[m[K
[4.612s]       |                                                          [32m[K;[m[K
[4.614s] [01m[K/home/mechax/zyb/radar_station/src/Qt5_displayer/include/qtnode.h:45:59:[m[K [01;31m[Kerror: [m[K‘[01m[Kpoints_sub_[m[K’ does not name a type
[4.614s]    45 |     rclcpp::Subscription<mymsgss::msg::Points>::SharedPtr [01;31m[Kpoints_sub_[m[K;
[4.614s]       |                                                           [01;31m[K^~~~~~~~~~~[m[K
[4.621s] [01m[K/home/mechax/zyb/radar_station/src/Qt5_displayer/src/qtnode.cpp:62:6:[m[K [01;31m[Kerror: [m[Kno declaration matches ‘[01m[Kvoid qtNode::pointsCallback(my_msgss::msg::Points)[m[K’
[4.621s]    62 | void [01;31m[KqtNode[m[K::pointsCallback(const my_msgss::msg::Points msg)
[4.621s]       |      [01;31m[K^~~~~~[m[K
[4.621s] In file included from [01m[K/home/mechax/zyb/radar_station/src/Qt5_displayer/src/qtnode.cpp:1[m[K:
[4.621s] [01m[K/home/mechax/zyb/radar_station/src/Qt5_displayer/include/qtnode.h:27:10:[m[K [01;36m[Knote: [m[Kcandidate is: ‘[01m[Kvoid qtNode::pointsCallback(...)[m[K’
[4.621s]    27 |     void [01;36m[KpointsCallback[m[K(const mymsgss::msg::Points msg);
[4.621s]       |          [01;36m[K^~~~~~~~~~~~~~[m[K
[4.621s] [01m[K/home/mechax/zyb/radar_station/src/Qt5_displayer/include/qtnode.h:18:7:[m[K [01;36m[Knote: [m[K‘[01m[Kclass qtNode[m[K’ defined here
[4.621s]    18 | class [01;36m[KqtNode[m[K : public QThread
[4.621s]       |       [01;36m[K^~~~~~[m[K
[4.635s] [01m[K/home/mechax/zyb/radar_station/src/Qt5_displayer/src/qtnode.cpp:[m[K In member function ‘[01m[Kvirtual void qtNode::run()[m[K’:
[4.635s] [01m[K/home/mechax/zyb/radar_station/src/Qt5_displayer/src/qtnode.cpp:87:5:[m[K [01;31m[Kerror: [m[K‘[01m[Kpoints_sub_[m[K’ was not declared in this scope
[4.635s]    87 |     [01;31m[Kpoints_sub_[m[K = qnode->create_subscription<my_msgss::msg::Points>("/qt/points", 10, std::bind(&qtNode::pointsCallback, this, std::placeholders::_1));
[4.635s]       |     [01;31m[K^~~~~~~~~~~[m[K
[5.177s] In file included from [01m[K/opt/ros/humble/include/rclcpp/rclcpp/client.hpp:39[m[K,
[5.177s]                  from [01m[K/opt/ros/humble/include/rclcpp/rclcpp/callback_group.hpp:24[m[K,
[5.177s]                  from [01m[K/opt/ros/humble/include/rclcpp/rclcpp/any_executable.hpp:20[m[K,
[5.177s]                  from [01m[K/opt/ros/humble/include/rclcpp/rclcpp/memory_strategy.hpp:25[m[K,
[5.178s]                  from [01m[K/opt/ros/humble/include/rclcpp/rclcpp/memory_strategies.hpp:18[m[K,
[5.178s]                  from [01m[K/opt/ros/humble/include/rclcpp/rclcpp/executor_options.hpp:20[m[K,
[5.178s]                  from [01m[K/opt/ros/humble/include/rclcpp/rclcpp/executor.hpp:37[m[K,
[5.178s]                  from [01m[K/opt/ros/humble/include/rclcpp/rclcpp/executors/multi_threaded_executor.hpp:25[m[K,
[5.178s]                  from [01m[K/opt/ros/humble/include/rclcpp/rclcpp/executors.hpp:21[m[K,
[5.178s]                  from [01m[K/opt/ros/humble/include/rclcpp/rclcpp/rclcpp.hpp:155[m[K,
[5.178s]                  from [01m[K/home/mechax/zyb/radar_station/src/Qt5_displayer/include/qtnode.h:8[m[K,
[5.178s]                  from [01m[K/home/mechax/zyb/radar_station/src/Qt5_displayer/src/qtnode.cpp:1[m[K:
[5.178s] /opt/ros/humble/include/rclcpp/rclcpp/function_traits.hpp: In instantiation of ‘[01m[Kstruct rclcpp::function_traits::function_traits<std::_Bind<void (qtNode::*(qtNode*, std::_Placeholder<1>))(...)> >[m[K’:
[5.178s] [01m[K/opt/ros/humble/include/rclcpp/rclcpp/any_subscription_callback.hpp:380:10:[m[K   recursively required by substitution of ‘[01m[Ktemplate<class MessageT, class CallbackT> struct rclcpp::detail::SubscriptionCallbackTypeHelper<MessageT, CallbackT, typename std::enable_if<rclcpp::function_traits::same_arguments<CallbackT, std::function<void(std::shared_ptr<_Tp>, const rclcpp::MessageInfo&)> >::value, void>::type> [with MessageT = my_msgss::msg::Points_<std::allocator<void> >; CallbackT = std::_Bind<void (qtNode::*(qtNode*, std::_Placeholder<1>))(...)>][m[K’
[5.178s] [01m[K/opt/ros/humble/include/rclcpp/rclcpp/any_subscription_callback.hpp:380:10:[m[K   required from ‘[01m[Krclcpp::AnySubscriptionCallback<MessageT, AllocatorT> rclcpp::AnySubscriptionCallback<MessageT, AllocatorT>::set(CallbackT) [with CallbackT = std::_Bind<void (qtNode::*(qtNode*, std::_Placeholder<1>))(...)>; MessageT = my_msgss::msg::Points_<std::allocator<void> >; AllocatorT = std::allocator<void>][m[K’
[5.178s] [01m[K/opt/ros/humble/include/rclcpp/rclcpp/subscription_factory.hpp:94:32:[m[K   required from ‘[01m[Krclcpp::SubscriptionFactory rclcpp::create_subscription_factory(CallbackT&&, const rclcpp::SubscriptionOptionsWithAllocator<AllocatorT>&, typename MessageMemoryStrategyT::SharedPtr, std::shared_ptr<rclcpp::topic_statistics::SubscriptionTopicStatistics<ROSMessageType> >) [with MessageT = my_msgss::msg::Points_<std::allocator<void> >; CallbackT = std::_Bind<void (qtNode::*(qtNode*, std::_Placeholder<1>))(...)>; AllocatorT = std::allocator<void>; SubscriptionT = rclcpp::Subscription<my_msgss::msg::Points_<std::allocator<void> >, std::allocator<void>, my_msgss::msg::Points_<std::allocator<void> >, my_msgss::msg::Points_<std::allocator<void> >, rclcpp::message_memory_strategy::MessageMemoryStrategy<my_msgss::msg::Points_<std::allocator<void> >, std::allocator<void> > >; MessageMemoryStrategyT = rclcpp::message_memory_strategy::MessageMemoryStrategy<my_msgss::msg::Points_<std::allocator<void> >, std::allocator<void> >; ROSMessageType = my_msgss::msg::Points_<std::allocator<void> >; typename MessageMemoryStrategyT::SharedPtr = std::shared_ptr<rclcpp::message_memory_strategy::MessageMemoryStrategy<my_msgss::msg::Points_<std::allocator<void> >, std::allocator<void> > >][m[K’
[5.178s] [01m[K/opt/ros/humble/include/rclcpp/rclcpp/create_subscription.hpp:122:63:[m[K   required from ‘[01m[Kstd::shared_ptr<ROSMessageT> rclcpp::detail::create_subscription(NodeParametersT&, NodeTopicsT&, const string&, const rclcpp::QoS&, CallbackT&&, const rclcpp::SubscriptionOptionsWithAllocator<AllocatorT>&, typename MessageMemoryStrategyT::SharedPtr) [with MessageT = my_msgss::msg::Points_<std::allocator<void> >; CallbackT = std::_Bind<void (qtNode::*(qtNode*, std::_Placeholder<1>))(...)>; AllocatorT = std::allocator<void>; SubscriptionT = rclcpp::Subscription<my_msgss::msg::Points_<std::allocator<void> >, std::allocator<void>, my_msgss::msg::Points_<std::allocator<void> >, my_msgss::msg::Points_<std::allocator<void> >, rclcpp::message_memory_strategy::MessageMemoryStrategy<my_msgss::msg::Points_<std::allocator<void> >, std::allocator<void> > >; MessageMemoryStrategyT = rclcpp::message_memory_strategy::MessageMemoryStrategy<my_msgss::msg::Points_<std::allocator<void> >, std::allocator<void> >; NodeParametersT = rclcpp::Node; NodeTopicsT = rclcpp::Node; ROSMessageType = my_msgss::msg::Points_<std::allocator<void> >; std::string = std::__cxx11::basic_string<char>; typename MessageMemoryStrategyT::SharedPtr = std::shared_ptr<rclcpp::message_memory_strategy::MessageMemoryStrategy<my_msgss::msg::Points_<std::allocator<void> >, std::allocator<void> > >][m[K’
[5.178s] [01m[K/opt/ros/humble/include/rclcpp/rclcpp/create_subscription.hpp:191:76:[m[K   required from ‘[01m[Kstd::shared_ptr<ROSMessageT> rclcpp::create_subscription(NodeT&, const string&, const rclcpp::QoS&, CallbackT&&, const rclcpp::SubscriptionOptionsWithAllocator<AllocatorT>&, typename MessageMemoryStrategyT::SharedPtr) [with MessageT = my_msgss::msg::Points_<std::allocator<void> >; CallbackT = std::_Bind<void (qtNode::*(qtNode*, std::_Placeholder<1>))(...)>; AllocatorT = std::allocator<void>; SubscriptionT = rclcpp::Subscription<my_msgss::msg::Points_<std::allocator<void> >, std::allocator<void>, my_msgss::msg::Points_<std::allocator<void> >, my_msgss::msg::Points_<std::allocator<void> >, rclcpp::message_memory_strategy::MessageMemoryStrategy<my_msgss::msg::Points_<std::allocator<void> >, std::allocator<void> > >; MessageMemoryStrategyT = rclcpp::message_memory_strategy::MessageMemoryStrategy<my_msgss::msg::Points_<std::allocator<void> >, std::allocator<void> >; NodeT = rclcpp::Node; std::string = std::__cxx11::basic_string<char>; typename MessageMemoryStrategyT::SharedPtr = std::shared_ptr<rclcpp::message_memory_strategy::MessageMemoryStrategy<my_msgss::msg::Points_<std::allocator<void> >, std::allocator<void> > >][m[K’
[5.178s] [01m[K/opt/ros/humble/include/rclcpp/rclcpp/node_impl.hpp:99:47:[m[K   required from ‘[01m[Kstd::shared_ptr<ROSMessageT> rclcpp::Node::create_subscription(const string&, const rclcpp::QoS&, CallbackT&&, const rclcpp::SubscriptionOptionsWithAllocator<AllocatorT>&, typename MessageMemoryStrategyT::SharedPtr) [with MessageT = my_msgss::msg::Points_<std::allocator<void> >; CallbackT = std::_Bind<void (qtNode::*(qtNode*, std::_Placeholder<1>))(...)>; AllocatorT = std::allocator<void>; SubscriptionT = rclcpp::Subscription<my_msgss::msg::Points_<std::allocator<void> >, std::allocator<void>, my_msgss::msg::Points_<std::allocator<void> >, my_msgss::msg::Points_<std::allocator<void> >, rclcpp::message_memory_strategy::MessageMemoryStrategy<my_msgss::msg::Points_<std::allocator<void> >, std::allocator<void> > >; MessageMemoryStrategyT = rclcpp::message_memory_strategy::MessageMemoryStrategy<my_msgss::msg::Points_<std::allocator<void> >, std::allocator<void> >; std::string = std::__cxx11::basic_string<char>; typename MessageMemoryStrategyT::SharedPtr = std::shared_ptr<rclcpp::message_memory_strategy::MessageMemoryStrategy<my_msgss::msg::Points_<std::allocator<void> >, std::allocator<void> > >][m[K’
[5.178s] [01m[K/home/mechax/zyb/radar_station/src/Qt5_displayer/src/qtnode.cpp:87:68:[m[K   required from here
[5.178s] [01m[K/opt/ros/humble/include/rclcpp/rclcpp/function_traits.hpp:51:9:[m[K [01;31m[Kerror: [m[K‘[01m[Kdecltype[m[K’ cannot resolve address of overloaded function
[5.178s]    51 |   using [01;31m[Karguments[m[K = typename tuple_tail<
[5.178s]       |         [01;31m[K^~~~~~~~~[m[K
[5.178s] [01m[K/opt/ros/humble/include/rclcpp/rclcpp/function_traits.hpp:57:9:[m[K [01;31m[Kerror: [m[K‘[01m[Kdecltype[m[K’ cannot resolve address of overloaded function
[5.178s]    57 |   using [01;31m[Kargument_type[m[K = typename std::tuple_element<N, arguments>::type;
[5.178s]       |         [01;31m[K^~~~~~~~~~~~~[m[K
[5.178s] [01m[K/opt/ros/humble/include/rclcpp/rclcpp/function_traits.hpp:59:9:[m[K [01;31m[Kerror: [m[K‘[01m[Kdecltype[m[K’ cannot resolve address of overloaded function
[5.178s]    59 |   using [01;31m[Kreturn_type[m[K = typename function_traits<decltype( &FunctionT::operator())>::return_type;
[5.178s]       |         [01;31m[K^~~~~~~~~~~[m[K
[6.955s] gmake[2]: *** [CMakeFiles/Qt5_displayer.dir/build.make:118: CMakeFiles/Qt5_displayer.dir/src/qtnode.cpp.o] Error 1
[6.955s] gmake[1]: *** [CMakeFiles/Makefile2:138: CMakeFiles/Qt5_displayer.dir/all] Error 2
[6.955s] gmake: *** [Makefile:146: all] Error 2
