[01m[K/home/mechax/zyb/radar_station/src/Get_Camera_Img/src/get_img.cpp:[m[K In member function ‘[01m[Kvoid GetImg::camera_init()[m[K’:
[01m[K/home/mechax/zyb/radar_station/src/Get_Camera_Img/src/get_img.cpp:42:101:[m[K [01;31m[Kerror: [m[K‘[01m[Kget_exp[m[K’ is not a member of ‘[01m[KGetImg[m[K’
   42 |     cfg_exp_sub = this->create_subscription<std_msgs::msg::Int16>("exp_time", 1, std::bind(&GetImg::[01;31m[Kget_exp[m[K, this, std::placeholders::_1));
      |                                                                                                     [01;31m[K^~~~~~~[m[K
[01m[K/home/mechax/zyb/radar_station/src/Get_Camera_Img/src/get_img.cpp:43:110:[m[K [01;31m[Kerror: [m[K‘[01m[Kget_is_rcd[m[K’ is not a member of ‘[01m[KGetImg[m[K’
   43 |     is_rcd_sub = this->create_subscription<std_msgs::msg::Bool>("/mv_param/is_record", 1, std::bind(&GetImg::[01;31m[Kget_is_rcd[m[K, this, std::placeholders::_1));
      |                                                                                                              [01;31m[K^~~~~~~~~~[m[K
[01m[K/home/mechax/zyb/radar_station/src/Get_Camera_Img/src/get_img.cpp:69:5:[m[K [01;31m[Kerror: [m[K‘[01m[Kmv_driver[m[K’ was not declared in this scope
   69 |     [01;31m[Kmv_driver[m[K = new MVCamera;
      |     [01;31m[K^~~~~~~~~[m[K
[01m[K/home/mechax/zyb/radar_station/src/Get_Camera_Img/src/get_img.cpp:69:21:[m[K [01;31m[Kerror: [m[K‘[01m[KMVCamera[m[K’ does not name a type
   69 |     mv_driver = new [01;31m[KMVCamera[m[K;
      |                     [01;31m[K^~~~~~~~[m[K
[01m[K/home/mechax/zyb/radar_station/src/Get_Camera_Img/src/get_img.cpp:[m[K At global scope:
[01m[K/home/mechax/zyb/radar_station/src/Get_Camera_Img/src/get_img.cpp:117:6:[m[K [01;31m[Kerror: [m[Kno declaration matches ‘[01m[Kvoid GetImg::get_exp(const Int16&)[m[K’
  117 | void [01;31m[KGetImg[m[K::get_exp(const std_msgs::msg::Int16 &exp_time)
      |      [01;31m[K^~~~~~[m[K
[01m[K/home/mechax/zyb/radar_station/src/Get_Camera_Img/src/get_img.cpp:117:6:[m[K [01;36m[Knote: [m[Kno functions named ‘[01m[Kvoid GetImg::get_exp(const Int16&)[m[K’
In file included from [01m[K/home/mechax/zyb/radar_station/src/Get_Camera_Img/src/get_img.cpp:1[m[K:
[01m[K/home/mechax/zyb/radar_station/src/Get_Camera_Img/include/get_img.hpp:12:7:[m[K [01;36m[Knote: [m[K‘[01m[Kclass GetImg[m[K’ defined here
   12 | class [01;36m[KGetImg[m[K : public::rclcpp::Node
      |       [01;36m[K^~~~~~[m[K
[01m[K/home/mechax/zyb/radar_station/src/Get_Camera_Img/src/get_img.cpp:127:6:[m[K [01;31m[Kerror: [m[Kno declaration matches ‘[01m[Kvoid GetImg::get_is_large(const Bool&)[m[K’
  127 | void [01;31m[KGetImg[m[K::get_is_large(const std_msgs::msg::Bool &is_large_resolution)
      |      [01;31m[K^~~~~~[m[K
[01m[K/home/mechax/zyb/radar_station/src/Get_Camera_Img/src/get_img.cpp:127:6:[m[K [01;36m[Knote: [m[Kno functions named ‘[01m[Kvoid GetImg::get_is_large(const Bool&)[m[K’
In file included from [01m[K/home/mechax/zyb/radar_station/src/Get_Camera_Img/src/get_img.cpp:1[m[K:
[01m[K/home/mechax/zyb/radar_station/src/Get_Camera_Img/include/get_img.hpp:12:7:[m[K [01;36m[Knote: [m[K‘[01m[Kclass GetImg[m[K’ defined here
   12 | class [01;36m[KGetImg[m[K : public::rclcpp::Node
      |       [01;36m[K^~~~~~[m[K
[01m[K/home/mechax/zyb/radar_station/src/Get_Camera_Img/src/get_img.cpp:140:6:[m[K [01;31m[Kerror: [m[Kno declaration matches ‘[01m[Kvoid GetImg::get_is_rcd(const Bool&)[m[K’
  140 | void [01;31m[KGetImg[m[K::get_is_rcd(const std_msgs::msg::Bool &is_rcd)
      |      [01;31m[K^~~~~~[m[K
[01m[K/home/mechax/zyb/radar_station/src/Get_Camera_Img/src/get_img.cpp:140:6:[m[K [01;36m[Knote: [m[Kno functions named ‘[01m[Kvoid GetImg::get_is_rcd(const Bool&)[m[K’
In file included from [01m[K/home/mechax/zyb/radar_station/src/Get_Camera_Img/src/get_img.cpp:1[m[K:
[01m[K/home/mechax/zyb/radar_station/src/Get_Camera_Img/include/get_img.hpp:12:7:[m[K [01;36m[Knote: [m[K‘[01m[Kclass GetImg[m[K’ defined here
   12 | class [01;36m[KGetImg[m[K : public::rclcpp::Node
      |       [01;36m[K^~~~~~[m[K
gmake[2]: *** [CMakeFiles/Get_Img.dir/build.make:76: CMakeFiles/Get_Img.dir/src/get_img.cpp.o] Error 1
gmake[1]: *** [CMakeFiles/Makefile2:137: CMakeFiles/Get_Img.dir/all] Error 2
gmake: *** [Makefile:146: all] Error 2
