[0.125s] Invoking command in '/home/mechax/zyb/radar_station/build/Qt5_displayer': CMAKE_PREFIX_PATH=${CMAKE_PREFIX_PATH}:/opt/ros/humble /usr/bin/cmake --build /home/mechax/zyb/radar_station/build/Qt5_displayer -- -j16 -l16
[0.155s] [ 12%] [34m[1mAutomatic MOC and UIC for target Qt5_displayer[0m
[0.177s] [ 12%] Built target Qt5_displayer_autogen
[0.192s] [35m[1mConsolidate compiler generated dependencies of target Qt5_displayer[0m
[0.215s] [ 25%] [32mBuilding CXX object CMakeFiles/Qt5_displayer.dir/src/pnpwidget.cpp.o[0m
[0.924s] [01m[K/home/mechax/zyb/radar_station/src/Qt5_displayer/src/pnpwidget.cpp:[m[K In member function ‘[01m[Kvirtual bool pnpWidget::eventFilter(QObject*, QEvent*)[m[K’:
[0.925s] [01m[K/home/mechax/zyb/radar_station/src/Qt5_displayer/src/pnpwidget.cpp:102:13:[m[K [01;31m[Kerror: [m[K‘[01m[Kcout[m[K’ was not declared in this scope; did you mean ‘[01m[Kstd::cout[m[K’?
[0.925s]   102 |             [01;31m[Kcout[m[K << "绘画camerimage" << endl;
[0.925s]       |             [01;31m[K^~~~[m[K
[0.925s]       |             [32m[Kstd::cout[m[K
[0.926s] In file included from [01m[K/home/mechax/zyb/radar_station/src/Qt5_displayer/src/pnpwidget.cpp:5[m[K:
[0.926s] [01m[K/usr/include/c++/11/iostream:61:18:[m[K [01;36m[Knote: [m[K‘[01m[Kstd::cout[m[K’ declared here
[0.926s]    61 |   extern ostream [01;36m[Kcout[m[K;          /// Linked to standard output
[0.926s]       |                  [01;36m[K^~~~[m[K
[0.927s] [01m[K/home/mechax/zyb/radar_station/src/Qt5_displayer/src/pnpwidget.cpp:102:41:[m[K [01;35m[Kwarning: [m[K‘[01m[KQTextStream& QTextStreamFunctions::endl(QTextStream&)[m[K’ is deprecated: Use Qt::endl [[01;35m[K]8;;https://gcc.gnu.org/onlinedocs/gcc/Warning-Options.html#index-Wdeprecated-declarations-Wdeprecated-declarations]8;;[m[K]
[0.927s]   102 |             cout << "绘画camerimage" << [01;35m[Kendl[m[K;
[0.927s]       |                                         [01;35m[K^~~~[m[K
[0.927s] In file included from [01m[K/usr/include/x86_64-linux-gnu/qt5/QtCore/qdebug.h:49[m[K,
[0.927s]                  from [01m[K/usr/include/x86_64-linux-gnu/qt5/QtCore/QDebug:1[m[K,
[0.927s]                  from [01m[K/home/mechax/zyb/radar_station/src/Qt5_displayer/src/pnpwidget.cpp:10[m[K:
[0.927s] [01m[K/usr/include/x86_64-linux-gnu/qt5/QtCore/qtextstream.h:293:75:[m[K [01;36m[Knote: [m[Kdeclared here
[0.927s]   293 | Q_CORE_EXPORT QT_DEPRECATED_VERSION_X(5, 15, "Use Qt::endl") QTextStream &[01;36m[Kendl[m[K(QTextStream &s);
[0.928s]       |                                                                           [01;36m[K^~~~[m[K
[1.016s] gmake[2]: *** [CMakeFiles/Qt5_displayer.dir/build.make:104: CMakeFiles/Qt5_displayer.dir/src/pnpwidget.cpp.o] Error 1
[1.016s] gmake[1]: *** [CMakeFiles/Makefile2:138: CMakeFiles/Qt5_displayer.dir/all] Error 2
[1.016s] gmake: *** [Makefile:146: all] Error 2
[1.042s] Invoked command in '/home/mechax/zyb/radar_station/build/Qt5_displayer' returned '2': CMAKE_PREFIX_PATH=${CMAKE_PREFIX_PATH}:/opt/ros/humble /usr/bin/cmake --build /home/mechax/zyb/radar_station/build/Qt5_displayer -- -j16 -l16
