[0.057s] Invoking command in '/home/mechax/zyb/radar_station/build/Img_Handle': AMENT_PREFIX_PATH=/home/mechax/zyb/radar_station/install/my_msgss:${AMENT_PREFIX_PATH} CMAKE_PREFIX_PATH=/home/mechax/zyb/radar_station/install/my_msgss:/home/mechax/ws_livox/install/livox_ros2_driver:/home/mechax/ws_livox/install/livox_sdk_vendor:/home/mechax/ws_livox/install/livox_interfaces:/opt/ros/humble LD_LIBRARY_PATH=/home/mechax/zyb/radar_station/install/my_msgss/lib:${LD_LIBRARY_PATH} PYTHONPATH=/home/mechax/zyb/radar_station/install/my_msgss/local/lib/python3.10/dist-packages:${PYTHONPATH} /usr/bin/cmake --build /home/mechax/zyb/radar_station/build/Img_Handle -- -j16 -l16
[0.085s] [ 37%] Built target main
[0.085s] [ 62%] Built target Img_Pub
[0.094s] [100%] Built target Img_Sub
[0.101s] Invoked command in '/home/mechax/zyb/radar_station/build/Img_Handle' returned '0': AMENT_PREFIX_PATH=/home/mechax/zyb/radar_station/install/my_msgss:${AMENT_PREFIX_PATH} CMAKE_PREFIX_PATH=/home/mechax/zyb/radar_station/install/my_msgss:/home/mechax/ws_livox/install/livox_ros2_driver:/home/mechax/ws_livox/install/livox_sdk_vendor:/home/mechax/ws_livox/install/livox_interfaces:/opt/ros/humble LD_LIBRARY_PATH=/home/mechax/zyb/radar_station/install/my_msgss/lib:${LD_LIBRARY_PATH} PYTHONPATH=/home/mechax/zyb/radar_station/install/my_msgss/local/lib/python3.10/dist-packages:${PYTHONPATH} /usr/bin/cmake --build /home/mechax/zyb/radar_station/build/Img_Handle -- -j16 -l16
[0.144s] Invoking command in '/home/mechax/zyb/radar_station/build/Img_Handle': AMENT_PREFIX_PATH=/home/mechax/zyb/radar_station/install/my_msgss:${AMENT_PREFIX_PATH} CMAKE_PREFIX_PATH=/home/mechax/zyb/radar_station/install/my_msgss:/home/mechax/ws_livox/install/livox_ros2_driver:/home/mechax/ws_livox/install/livox_sdk_vendor:/home/mechax/ws_livox/install/livox_interfaces:/opt/ros/humble LD_LIBRARY_PATH=/home/mechax/zyb/radar_station/install/my_msgss/lib:${LD_LIBRARY_PATH} PYTHONPATH=/home/mechax/zyb/radar_station/install/my_msgss/local/lib/python3.10/dist-packages:${PYTHONPATH} /usr/bin/cmake --install /home/mechax/zyb/radar_station/build/Img_Handle
[0.149s] -- Install configuration: ""
[0.150s] -- Execute custom install script
[0.150s] -- Up-to-date symlink: /home/mechax/zyb/radar_station/install/Img_Handle/lib/Img_Handle/Img_Pub
[0.150s] -- Up-to-date symlink: /home/mechax/zyb/radar_station/install/Img_Handle/lib/Img_Handle/Img_Sub
[0.151s] -- Up-to-date symlink: /home/mechax/zyb/radar_station/install/Img_Handle/lib/Img_Handle/main
[0.151s] -- Up-to-date symlink: /home/mechax/zyb/radar_station/install/Img_Handle/share/Img_Handle/launch/img_handle_launch.py
[0.151s] -- Up-to-date symlink: /home/mechax/zyb/radar_station/install/Img_Handle/share/ament_index/resource_index/package_run_dependencies/Img_Handle
[0.151s] -- Up-to-date symlink: /home/mechax/zyb/radar_station/install/Img_Handle/share/ament_index/resource_index/parent_prefix_path/Img_Handle
[0.152s] -- Up-to-date symlink: /home/mechax/zyb/radar_station/install/Img_Handle/share/Img_Handle/environment/ament_prefix_path.sh
[0.152s] -- Up-to-date symlink: /home/mechax/zyb/radar_station/install/Img_Handle/share/Img_Handle/environment/ament_prefix_path.dsv
[0.152s] -- Up-to-date symlink: /home/mechax/zyb/radar_station/install/Img_Handle/share/Img_Handle/environment/path.sh
[0.152s] -- Up-to-date symlink: /home/mechax/zyb/radar_station/install/Img_Handle/share/Img_Handle/environment/path.dsv
[0.152s] -- Up-to-date symlink: /home/mechax/zyb/radar_station/install/Img_Handle/share/Img_Handle/local_setup.bash
[0.153s] -- Up-to-date symlink: /home/mechax/zyb/radar_station/install/Img_Handle/share/Img_Handle/local_setup.sh
[0.153s] -- Up-to-date symlink: /home/mechax/zyb/radar_station/install/Img_Handle/share/Img_Handle/local_setup.zsh
[0.153s] -- Up-to-date symlink: /home/mechax/zyb/radar_station/install/Img_Handle/share/Img_Handle/local_setup.dsv
[0.153s] -- Symlinking: /home/mechax/zyb/radar_station/install/Img_Handle/share/Img_Handle/package.dsv
[0.156s] -- Up-to-date symlink: /home/mechax/zyb/radar_station/install/Img_Handle/share/ament_index/resource_index/packages/Img_Handle
[0.156s] -- Up-to-date symlink: /home/mechax/zyb/radar_station/install/Img_Handle/share/Img_Handle/cmake/Img_HandleConfig.cmake
[0.156s] -- Up-to-date symlink: /home/mechax/zyb/radar_station/install/Img_Handle/share/Img_Handle/cmake/Img_HandleConfig-version.cmake
[0.156s] -- Up-to-date symlink: /home/mechax/zyb/radar_station/install/Img_Handle/share/Img_Handle/package.xml
[0.199s] Invoked command in '/home/mechax/zyb/radar_station/build/Img_Handle' returned '0': AMENT_PREFIX_PATH=/home/mechax/zyb/radar_station/install/my_msgss:${AMENT_PREFIX_PATH} CMAKE_PREFIX_PATH=/home/mechax/zyb/radar_station/install/my_msgss:/home/mechax/ws_livox/install/livox_ros2_driver:/home/mechax/ws_livox/install/livox_sdk_vendor:/home/mechax/ws_livox/install/livox_interfaces:/opt/ros/humble LD_LIBRARY_PATH=/home/mechax/zyb/radar_station/install/my_msgss/lib:${LD_LIBRARY_PATH} PYTHONPATH=/home/mechax/zyb/radar_station/install/my_msgss/local/lib/python3.10/dist-packages:${PYTHONPATH} /usr/bin/cmake --install /home/mechax/zyb/radar_station/build/Img_Handle
