[0.111s] Invoking command in '/home/mechax/AAAmy_ws/1.18/radar_station/build/Game_Map': AMENT_PREFIX_PATH=/home/mechax/AAAmy_ws/1.18/radar_station/install/my_msgss:${AMENT_PREFIX_PATH} CMAKE_PREFIX_PATH=/home/mechax/AAAmy_ws/1.18/radar_station/install/my_msgss:/home/mechax/ws_livox/install/livox_ros2_driver:/home/mechax/ws_livox/install/livox_sdk_vendor:/home/mechax/ws_livox/install/livox_interfaces:/opt/ros/humble LD_LIBRARY_PATH=/home/mechax/AAAmy_ws/1.18/radar_station/install/my_msgss/lib:${LD_LIBRARY_PATH} PYTHONPATH=/home/mechax/AAAmy_ws/1.18/radar_station/install/my_msgss/local/lib/python3.10/dist-packages:${PYTHONPATH} /usr/bin/cmake /home/mechax/AAAmy_ws/1.18/radar_station/src/Game_Map -DCMAKE_INSTALL_PREFIX=/home/mechax/AAAmy_ws/1.18/radar_station/install/Game_Map
[0.120s] -- Found ament_cmake: 1.3.6 (/opt/ros/humble/share/ament_cmake/cmake)
[0.223s] -- Override CMake install command with custom implementation using symlinks instead of copying resources
[0.228s] -- Found rclcpp: 16.0.7 (/opt/ros/humble/share/rclcpp/cmake)
[0.246s] -- Found rosidl_generator_c: 3.1.5 (/opt/ros/humble/share/rosidl_generator_c/cmake)
[0.247s] -- Found rosidl_adapter: 3.1.5 (/opt/ros/humble/share/rosidl_adapter/cmake)
[0.250s] -- Found rosidl_generator_cpp: 3.1.5 (/opt/ros/humble/share/rosidl_generator_cpp/cmake)
[0.257s] -- Using all available rosidl_typesupport_c: rosidl_typesupport_fastrtps_c;rosidl_typesupport_introspection_c
[0.266s] -- Using all available rosidl_typesupport_cpp: rosidl_typesupport_fastrtps_cpp;rosidl_typesupport_introspection_cpp
[0.302s] -- Found rmw_implementation_cmake: 6.1.1 (/opt/ros/humble/share/rmw_implementation_cmake/cmake)
[0.303s] -- Found rmw_fastrtps_cpp: 6.2.5 (/opt/ros/humble/share/rmw_fastrtps_cpp/cmake)
[0.377s] -- Using RMW implementation 'rmw_fastrtps_cpp' as default
[0.471s] -- Found sensor_msgs: 4.2.3 (/opt/ros/humble/share/sensor_msgs/cmake)
[0.548s] -- Found my_msgss: 0.0.0 (/home/mechax/AAAmy_ws/1.18/radar_station/install/my_msgss/share/my_msgss/cmake)
[0.558s] -- Found ament_lint_auto: 0.12.9 (/opt/ros/humble/share/ament_lint_auto/cmake)
[0.594s] WARNING: Package name "Game_Map" does not follow the naming conventions. It should start with a lower case letter and only contain lower case letters, digits, underscores, and dashes.
[0.607s] -- Added test 'cppcheck' to perform static code analysis on C / C++ code
[0.607s] -- Configured cppcheck include dirs: /home/mechax/AAAmy_ws/1.18/radar_station/src/Game_Map/include_directories;/home/mechax/AAAmy_ws/1.18/radar_station/src/Game_Map/(;/home/mechax/AAAmy_ws/1.18/radar_station/src/Game_Map/include;/home/mechax/AAAmy_ws/1.18/radar_station/src/Game_Map/)
[0.607s] -- Configured cppcheck exclude dirs and/or files: 
[0.608s] -- Added test 'flake8' to check Python code syntax and style conventions
[0.608s] -- Added test 'lint_cmake' to check CMake code style
[0.609s] -- Added test 'pep257' to check Python code against some of the docstring style conventions in PEP 257
[0.611s] -- Added test 'uncrustify' to check C / C++ code style
[0.611s] -- Configured uncrustify additional arguments: 
[0.611s] -- Added test 'xmllint' to check XML markup files
[0.612s] -- Configuring done
[0.618s] -- Generating done
[0.619s] -- Build files have been written to: /home/mechax/AAAmy_ws/1.18/radar_station/build/Game_Map
[0.626s] Invoked command in '/home/mechax/AAAmy_ws/1.18/radar_station/build/Game_Map' returned '0': AMENT_PREFIX_PATH=/home/mechax/AAAmy_ws/1.18/radar_station/install/my_msgss:${AMENT_PREFIX_PATH} CMAKE_PREFIX_PATH=/home/mechax/AAAmy_ws/1.18/radar_station/install/my_msgss:/home/mechax/ws_livox/install/livox_ros2_driver:/home/mechax/ws_livox/install/livox_sdk_vendor:/home/mechax/ws_livox/install/livox_interfaces:/opt/ros/humble LD_LIBRARY_PATH=/home/mechax/AAAmy_ws/1.18/radar_station/install/my_msgss/lib:${LD_LIBRARY_PATH} PYTHONPATH=/home/mechax/AAAmy_ws/1.18/radar_station/install/my_msgss/local/lib/python3.10/dist-packages:${PYTHONPATH} /usr/bin/cmake /home/mechax/AAAmy_ws/1.18/radar_station/src/Game_Map -DCMAKE_INSTALL_PREFIX=/home/mechax/AAAmy_ws/1.18/radar_station/install/Game_Map
[0.627s] Invoking command in '/home/mechax/AAAmy_ws/1.18/radar_station/build/Game_Map': AMENT_PREFIX_PATH=/home/mechax/AAAmy_ws/1.18/radar_station/install/my_msgss:${AMENT_PREFIX_PATH} CMAKE_PREFIX_PATH=/home/mechax/AAAmy_ws/1.18/radar_station/install/my_msgss:/home/mechax/ws_livox/install/livox_ros2_driver:/home/mechax/ws_livox/install/livox_sdk_vendor:/home/mechax/ws_livox/install/livox_interfaces:/opt/ros/humble LD_LIBRARY_PATH=/home/mechax/AAAmy_ws/1.18/radar_station/install/my_msgss/lib:${LD_LIBRARY_PATH} PYTHONPATH=/home/mechax/AAAmy_ws/1.18/radar_station/install/my_msgss/local/lib/python3.10/dist-packages:${PYTHONPATH} /usr/bin/cmake --build /home/mechax/AAAmy_ws/1.18/radar_station/build/Game_Map -- -j16 -l16
[0.652s] [35m[1mConsolidate compiler generated dependencies of target Game_Map[0m
[0.665s] [100%] Built target Game_Map
[0.674s] Invoked command in '/home/mechax/AAAmy_ws/1.18/radar_station/build/Game_Map' returned '0': AMENT_PREFIX_PATH=/home/mechax/AAAmy_ws/1.18/radar_station/install/my_msgss:${AMENT_PREFIX_PATH} CMAKE_PREFIX_PATH=/home/mechax/AAAmy_ws/1.18/radar_station/install/my_msgss:/home/mechax/ws_livox/install/livox_ros2_driver:/home/mechax/ws_livox/install/livox_sdk_vendor:/home/mechax/ws_livox/install/livox_interfaces:/opt/ros/humble LD_LIBRARY_PATH=/home/mechax/AAAmy_ws/1.18/radar_station/install/my_msgss/lib:${LD_LIBRARY_PATH} PYTHONPATH=/home/mechax/AAAmy_ws/1.18/radar_station/install/my_msgss/local/lib/python3.10/dist-packages:${PYTHONPATH} /usr/bin/cmake --build /home/mechax/AAAmy_ws/1.18/radar_station/build/Game_Map -- -j16 -l16
[0.716s] Invoking command in '/home/mechax/AAAmy_ws/1.18/radar_station/build/Game_Map': AMENT_PREFIX_PATH=/home/mechax/AAAmy_ws/1.18/radar_station/install/my_msgss:${AMENT_PREFIX_PATH} CMAKE_PREFIX_PATH=/home/mechax/AAAmy_ws/1.18/radar_station/install/my_msgss:/home/mechax/ws_livox/install/livox_ros2_driver:/home/mechax/ws_livox/install/livox_sdk_vendor:/home/mechax/ws_livox/install/livox_interfaces:/opt/ros/humble LD_LIBRARY_PATH=/home/mechax/AAAmy_ws/1.18/radar_station/install/my_msgss/lib:${LD_LIBRARY_PATH} PYTHONPATH=/home/mechax/AAAmy_ws/1.18/radar_station/install/my_msgss/local/lib/python3.10/dist-packages:${PYTHONPATH} /usr/bin/cmake --install /home/mechax/AAAmy_ws/1.18/radar_station/build/Game_Map
[0.720s] -- Install configuration: ""
[0.720s] -- Execute custom install script
[0.721s] -- Up-to-date symlink: /home/mechax/AAAmy_ws/1.18/radar_station/install/Game_Map/lib/Game_Map/Game_Map
[0.721s] -- Up-to-date symlink: /home/mechax/AAAmy_ws/1.18/radar_station/install/Game_Map/share/Game_Map/launch/game_map_launch.py
[0.721s] -- Up-to-date symlink: /home/mechax/AAAmy_ws/1.18/radar_station/install/Game_Map/share/Game_Map/config/displayer_qt5.yaml
[0.721s] -- Up-to-date symlink: /home/mechax/AAAmy_ws/1.18/radar_station/install/Game_Map/share/Game_Map/config/radar.yaml
[0.722s] -- Up-to-date symlink: /home/mechax/AAAmy_ws/1.18/radar_station/install/Game_Map/share/Game_Map/config/ros2_displayer.yaml
[0.722s] -- Up-to-date symlink: /home/mechax/AAAmy_ws/1.18/radar_station/install/Game_Map/share/ament_index/resource_index/package_run_dependencies/Game_Map
[0.722s] -- Up-to-date symlink: /home/mechax/AAAmy_ws/1.18/radar_station/install/Game_Map/share/ament_index/resource_index/parent_prefix_path/Game_Map
[0.722s] -- Up-to-date symlink: /home/mechax/AAAmy_ws/1.18/radar_station/install/Game_Map/share/Game_Map/environment/ament_prefix_path.sh
[0.722s] -- Up-to-date symlink: /home/mechax/AAAmy_ws/1.18/radar_station/install/Game_Map/share/Game_Map/environment/ament_prefix_path.dsv
[0.722s] -- Up-to-date symlink: /home/mechax/AAAmy_ws/1.18/radar_station/install/Game_Map/share/Game_Map/environment/path.sh
[0.722s] -- Up-to-date symlink: /home/mechax/AAAmy_ws/1.18/radar_station/install/Game_Map/share/Game_Map/environment/path.dsv
[0.723s] -- Up-to-date symlink: /home/mechax/AAAmy_ws/1.18/radar_station/install/Game_Map/share/Game_Map/local_setup.bash
[0.723s] -- Up-to-date symlink: /home/mechax/AAAmy_ws/1.18/radar_station/install/Game_Map/share/Game_Map/local_setup.sh
[0.723s] -- Up-to-date symlink: /home/mechax/AAAmy_ws/1.18/radar_station/install/Game_Map/share/Game_Map/local_setup.zsh
[0.723s] -- Up-to-date symlink: /home/mechax/AAAmy_ws/1.18/radar_station/install/Game_Map/share/Game_Map/local_setup.dsv
[0.723s] -- Symlinking: /home/mechax/AAAmy_ws/1.18/radar_station/install/Game_Map/share/Game_Map/package.dsv
[0.727s] -- Up-to-date symlink: /home/mechax/AAAmy_ws/1.18/radar_station/install/Game_Map/share/ament_index/resource_index/packages/Game_Map
[0.728s] -- Up-to-date symlink: /home/mechax/AAAmy_ws/1.18/radar_station/install/Game_Map/share/Game_Map/cmake/Game_MapConfig.cmake
[0.728s] -- Up-to-date symlink: /home/mechax/AAAmy_ws/1.18/radar_station/install/Game_Map/share/Game_Map/cmake/Game_MapConfig-version.cmake
[0.728s] -- Up-to-date symlink: /home/mechax/AAAmy_ws/1.18/radar_station/install/Game_Map/share/Game_Map/package.xml
[0.781s] Invoked command in '/home/mechax/AAAmy_ws/1.18/radar_station/build/Game_Map' returned '0': AMENT_PREFIX_PATH=/home/mechax/AAAmy_ws/1.18/radar_station/install/my_msgss:${AMENT_PREFIX_PATH} CMAKE_PREFIX_PATH=/home/mechax/AAAmy_ws/1.18/radar_station/install/my_msgss:/home/mechax/ws_livox/install/livox_ros2_driver:/home/mechax/ws_livox/install/livox_sdk_vendor:/home/mechax/ws_livox/install/livox_interfaces:/opt/ros/humble LD_LIBRARY_PATH=/home/mechax/AAAmy_ws/1.18/radar_station/install/my_msgss/lib:${LD_LIBRARY_PATH} PYTHONPATH=/home/mechax/AAAmy_ws/1.18/radar_station/install/my_msgss/local/lib/python3.10/dist-packages:${PYTHONPATH} /usr/bin/cmake --install /home/mechax/AAAmy_ws/1.18/radar_station/build/Game_Map
