[0.409s] DEBUG:colcon:Command line arguments: ['/usr/bin/colcon', 'build']
[0.409s] DEBUG:colcon:Parsed command line arguments: Namespace(log_base=None, log_level=None, verb_name='build', build_base='build', install_base='install', merge_install=False, symlink_install=False, test_result_base=None, continue_on_error=False, executor='parallel', parallel_workers=16, event_handlers=None, ignore_user_meta=False, metas=['./colcon.meta'], base_paths=['.'], packages_ignore=None, packages_ignore_regex=None, paths=None, packages_up_to=None, packages_up_to_regex=None, packages_above=None, packages_above_and_dependencies=None, packages_above_depth=None, packages_select_by_dep=None, packages_skip_by_dep=None, packages_skip_up_to=None, packages_select_build_failed=False, packages_skip_build_finished=False, packages_select_test_failures=False, packages_skip_test_passed=False, packages_select=None, packages_skip=None, packages_select_regex=None, packages_skip_regex=None, packages_start=None, packages_end=None, allow_overriding=[], cmake_args=None, cmake_target=None, cmake_target_skip_unavailable=False, cmake_clean_cache=False, cmake_clean_first=False, cmake_force_configure=False, ament_cmake_args=None, catkin_cmake_args=None, catkin_skip_building_tests=False, verb_parser=<colcon_defaults.argument_parser.defaults.DefaultArgumentsDecorator object at 0x7f388f677c70>, verb_extension=<colcon_core.verb.build.BuildVerb object at 0x7f388fac3a90>, main=<bound method BuildVerb.main of <colcon_core.verb.build.BuildVerb object at 0x7f388fac3a90>>)
[0.430s] Level 1:colcon.colcon_core.package_discovery:discover_packages(colcon_meta) check parameters
[0.430s] Level 1:colcon.colcon_core.package_discovery:discover_packages(recursive) check parameters
[0.430s] Level 1:colcon.colcon_core.package_discovery:discover_packages(ignore) check parameters
[0.430s] Level 1:colcon.colcon_core.package_discovery:discover_packages(path) check parameters
[0.430s] Level 1:colcon.colcon_core.package_discovery:discover_packages(colcon_meta) discover
[0.430s] Level 1:colcon.colcon_core.package_discovery:discover_packages(recursive) discover
[0.431s] INFO:colcon.colcon_core.package_discovery:Crawling recursively for packages in '/home/mechax/zyb/radar_station/src/Img_Handle'
[0.431s] Level 1:colcon.colcon_core.package_identification:_identify(.) by extensions ['ignore', 'ignore_ament_install']
[0.431s] Level 1:colcon.colcon_core.package_identification:_identify(.) by extension 'ignore'
[0.431s] Level 1:colcon.colcon_core.package_identification:_identify(.) by extension 'ignore_ament_install'
[0.431s] Level 1:colcon.colcon_core.package_identification:_identify(.) by extensions ['colcon_pkg']
[0.431s] Level 1:colcon.colcon_core.package_identification:_identify(.) by extension 'colcon_pkg'
[0.431s] Level 1:colcon.colcon_core.package_identification:_identify(.) by extensions ['colcon_meta']
[0.431s] Level 1:colcon.colcon_core.package_identification:_identify(.) by extension 'colcon_meta'
[0.431s] Level 1:colcon.colcon_core.package_identification:_identify(.) by extensions ['ros']
[0.431s] Level 1:colcon.colcon_core.package_identification:_identify(.) by extension 'ros'
[0.438s] DEBUG:colcon.colcon_core.package_identification:Package '.' with type 'ros.ament_cmake' and name 'Img_Handle'
[0.438s] Level 1:colcon.colcon_core.package_discovery:discover_packages(recursive) using defaults
[0.438s] Level 1:colcon.colcon_core.package_discovery:discover_packages(ignore) discover
[0.438s] Level 1:colcon.colcon_core.package_discovery:discover_packages(ignore) using defaults
[0.438s] Level 1:colcon.colcon_core.package_discovery:discover_packages(path) discover
[0.438s] Level 1:colcon.colcon_core.package_discovery:discover_packages(path) using defaults
[0.481s] Level 1:colcon.colcon_core.package_discovery:discover_packages(prefix_path) check parameters
[0.481s] Level 1:colcon.colcon_core.package_discovery:discover_packages(prefix_path) discover
[0.488s] WARNING:colcon.colcon_core.prefix_path.colcon:The path '/home/mechax/zyb/radar_station/src/install' in the environment variable COLCON_PREFIX_PATH doesn't exist
[0.488s] WARNING:colcon.colcon_ros.prefix_path.ament:The path '/home/mechax/zyb/radar_station/src/install/img_Handle' in the environment variable AMENT_PREFIX_PATH doesn't exist
[0.488s] WARNING:colcon.colcon_ros.prefix_path.ament:The path '/home/mechax/zyb/radar_station/src/install/get_Camera_Img' in the environment variable AMENT_PREFIX_PATH doesn't exist
[0.488s] WARNING:colcon.colcon_ros.prefix_path.ament:The path '/home/mechax/zyb/radar_station/src/install/Img_Handle' in the environment variable AMENT_PREFIX_PATH doesn't exist
[0.488s] WARNING:colcon.colcon_ros.prefix_path.catkin:The path '/home/mechax/zyb/radar_station/src/install/img_Handle' in the environment variable CMAKE_PREFIX_PATH doesn't exist
[0.488s] WARNING:colcon.colcon_ros.prefix_path.catkin:The path '/home/mechax/zyb/radar_station/src/install/get_Camera_Img' in the environment variable CMAKE_PREFIX_PATH doesn't exist
[0.488s] WARNING:colcon.colcon_ros.prefix_path.catkin:The path '/home/mechax/zyb/radar_station/src/install/Img_Handle' in the environment variable CMAKE_PREFIX_PATH doesn't exist
[0.494s] DEBUG:colcon.colcon_installed_package_information.package_discovery:Found 1 installed packages in /home/mechax/zyb/radar_station/src/Img_Handle/install
[0.500s] DEBUG:colcon.colcon_installed_package_information.package_discovery:Found 3 installed packages in /home/mechax/ws_livox/install
[0.507s] DEBUG:colcon.colcon_installed_package_information.package_discovery:Found 340 installed packages in /opt/ros/humble
[0.508s] Level 1:colcon.colcon_core.package_discovery:discover_packages(prefix_path) using defaults
[0.556s] Level 5:colcon.colcon_core.verb:set package 'Img_Handle' build argument 'cmake_args' from command line to 'None'
[0.556s] Level 5:colcon.colcon_core.verb:set package 'Img_Handle' build argument 'cmake_target' from command line to 'None'
[0.556s] Level 5:colcon.colcon_core.verb:set package 'Img_Handle' build argument 'cmake_target_skip_unavailable' from command line to 'False'
[0.556s] Level 5:colcon.colcon_core.verb:set package 'Img_Handle' build argument 'cmake_clean_cache' from command line to 'False'
[0.556s] Level 5:colcon.colcon_core.verb:set package 'Img_Handle' build argument 'cmake_clean_first' from command line to 'False'
[0.556s] Level 5:colcon.colcon_core.verb:set package 'Img_Handle' build argument 'cmake_force_configure' from command line to 'False'
[0.556s] Level 5:colcon.colcon_core.verb:set package 'Img_Handle' build argument 'ament_cmake_args' from command line to 'None'
[0.556s] Level 5:colcon.colcon_core.verb:set package 'Img_Handle' build argument 'catkin_cmake_args' from command line to 'None'
[0.556s] Level 5:colcon.colcon_core.verb:set package 'Img_Handle' build argument 'catkin_skip_building_tests' from command line to 'False'
[0.556s] DEBUG:colcon.colcon_core.verb:Building package 'Img_Handle' with the following arguments: {'ament_cmake_args': None, 'build_base': '/home/mechax/zyb/radar_station/src/Img_Handle/build/Img_Handle', 'catkin_cmake_args': None, 'catkin_skip_building_tests': False, 'cmake_args': None, 'cmake_clean_cache': False, 'cmake_clean_first': False, 'cmake_force_configure': False, 'cmake_target': None, 'cmake_target_skip_unavailable': False, 'install_base': '/home/mechax/zyb/radar_station/src/Img_Handle/install/Img_Handle', 'merge_install': False, 'path': '/home/mechax/zyb/radar_station/src/Img_Handle', 'symlink_install': False, 'test_result_base': None}
[0.562s] INFO:colcon.colcon_core.executor:Executing jobs using 'parallel' executor
[0.568s] DEBUG:colcon.colcon_parallel_executor.executor.parallel:run_until_complete
[0.568s] INFO:colcon.colcon_ros.task.ament_cmake.build:Building ROS package in '/home/mechax/zyb/radar_station/src/Img_Handle' with build type 'ament_cmake'
[0.568s] INFO:colcon.colcon_cmake.task.cmake.build:Building CMake package in '/home/mechax/zyb/radar_station/src/Img_Handle'
[0.575s] INFO:colcon.colcon_core.plugin_system:Skipping extension 'colcon_core.shell.bat': Not used on non-Windows systems
[0.575s] INFO:colcon.colcon_core.shell:Skip shell extension 'powershell' for command environment: Not usable outside of PowerShell
[0.575s] DEBUG:colcon.colcon_core.shell:Skip shell extension 'dsv' for command environment
[0.606s] DEBUG:colcon.colcon_core.event_handler.log_command:Invoking command in '/home/mechax/zyb/radar_station/src/Img_Handle/build/Img_Handle': CMAKE_PREFIX_PATH=${CMAKE_PREFIX_PATH}:/opt/ros/humble /usr/bin/cmake --build /home/mechax/zyb/radar_station/src/Img_Handle/build/Img_Handle -- -j16 -l16
[0.647s] DEBUG:colcon.colcon_core.event_handler.log_command:Invoked command in '/home/mechax/zyb/radar_station/src/Img_Handle/build/Img_Handle' returned '0': CMAKE_PREFIX_PATH=${CMAKE_PREFIX_PATH}:/opt/ros/humble /usr/bin/cmake --build /home/mechax/zyb/radar_station/src/Img_Handle/build/Img_Handle -- -j16 -l16
[0.666s] DEBUG:colcon.colcon_core.event_handler.log_command:Invoking command in '/home/mechax/zyb/radar_station/src/Img_Handle/build/Img_Handle': CMAKE_PREFIX_PATH=${CMAKE_PREFIX_PATH}:/opt/ros/humble /usr/bin/cmake --install /home/mechax/zyb/radar_station/src/Img_Handle/build/Img_Handle
[0.671s] Level 1:colcon.colcon_core.environment:create_environment_scripts_only(Img_Handle)
[0.671s] DEBUG:colcon.colcon_core.event_handler.log_command:Invoked command in '/home/mechax/zyb/radar_station/src/Img_Handle/build/Img_Handle' returned '0': CMAKE_PREFIX_PATH=${CMAKE_PREFIX_PATH}:/opt/ros/humble /usr/bin/cmake --install /home/mechax/zyb/radar_station/src/Img_Handle/build/Img_Handle
[0.681s] Level 1:colcon.colcon_core.environment:checking '/home/mechax/zyb/radar_station/src/Img_Handle/install/Img_Handle' for CMake module files
[0.681s] Level 1:colcon.colcon_core.environment:checking '/home/mechax/zyb/radar_station/src/Img_Handle/install/Img_Handle' for CMake config files
[0.681s] Level 1:colcon.colcon_core.shell:create_environment_hook('Img_Handle', 'cmake_prefix_path')
[0.688s] INFO:colcon.colcon_core.shell:Creating environment hook '/home/mechax/zyb/radar_station/src/Img_Handle/install/Img_Handle/share/Img_Handle/hook/cmake_prefix_path.ps1'
[0.689s] INFO:colcon.colcon_core.shell:Creating environment descriptor '/home/mechax/zyb/radar_station/src/Img_Handle/install/Img_Handle/share/Img_Handle/hook/cmake_prefix_path.dsv'
[0.689s] INFO:colcon.colcon_core.shell:Creating environment hook '/home/mechax/zyb/radar_station/src/Img_Handle/install/Img_Handle/share/Img_Handle/hook/cmake_prefix_path.sh'
[0.689s] Level 1:colcon.colcon_core.environment:checking '/home/mechax/zyb/radar_station/src/Img_Handle/install/Img_Handle/lib'
[0.690s] Level 1:colcon.colcon_core.environment:checking '/home/mechax/zyb/radar_station/src/Img_Handle/install/Img_Handle/bin'
[0.690s] Level 1:colcon.colcon_core.environment:checking '/home/mechax/zyb/radar_station/src/Img_Handle/install/Img_Handle/lib/pkgconfig/Img_Handle.pc'
[0.690s] Level 1:colcon.colcon_core.environment:checking '/home/mechax/zyb/radar_station/src/Img_Handle/install/Img_Handle/lib/python3.10/site-packages'
[0.690s] Level 1:colcon.colcon_core.environment:checking '/home/mechax/zyb/radar_station/src/Img_Handle/install/Img_Handle/bin'
[0.696s] INFO:colcon.colcon_core.shell:Creating package script '/home/mechax/zyb/radar_station/src/Img_Handle/install/Img_Handle/share/Img_Handle/package.ps1'
[0.697s] INFO:colcon.colcon_core.shell:Creating package descriptor '/home/mechax/zyb/radar_station/src/Img_Handle/install/Img_Handle/share/Img_Handle/package.dsv'
[0.697s] INFO:colcon.colcon_core.shell:Creating package script '/home/mechax/zyb/radar_station/src/Img_Handle/install/Img_Handle/share/Img_Handle/package.sh'
[0.697s] INFO:colcon.colcon_core.shell:Creating package script '/home/mechax/zyb/radar_station/src/Img_Handle/install/Img_Handle/share/Img_Handle/package.bash'
[0.698s] INFO:colcon.colcon_core.shell:Creating package script '/home/mechax/zyb/radar_station/src/Img_Handle/install/Img_Handle/share/Img_Handle/package.zsh'
[0.698s] Level 1:colcon.colcon_core.environment:create_file_with_runtime_dependencies(/home/mechax/zyb/radar_station/src/Img_Handle/install/Img_Handle/share/colcon-core/packages/Img_Handle)
[0.718s] Level 1:colcon.colcon_core.environment:create_environment_scripts_only(Img_Handle)
[0.724s] Level 1:colcon.colcon_core.environment:checking '/home/mechax/zyb/radar_station/src/Img_Handle/install/Img_Handle' for CMake module files
[0.724s] Level 1:colcon.colcon_core.environment:checking '/home/mechax/zyb/radar_station/src/Img_Handle/install/Img_Handle' for CMake config files
[0.724s] Level 1:colcon.colcon_core.shell:create_environment_hook('Img_Handle', 'cmake_prefix_path')
[0.730s] INFO:colcon.colcon_core.shell:Creating environment hook '/home/mechax/zyb/radar_station/src/Img_Handle/install/Img_Handle/share/Img_Handle/hook/cmake_prefix_path.ps1'
[0.730s] INFO:colcon.colcon_core.shell:Creating environment descriptor '/home/mechax/zyb/radar_station/src/Img_Handle/install/Img_Handle/share/Img_Handle/hook/cmake_prefix_path.dsv'
[0.730s] INFO:colcon.colcon_core.shell:Creating environment hook '/home/mechax/zyb/radar_station/src/Img_Handle/install/Img_Handle/share/Img_Handle/hook/cmake_prefix_path.sh'
[0.731s] Level 1:colcon.colcon_core.environment:checking '/home/mechax/zyb/radar_station/src/Img_Handle/install/Img_Handle/lib'
[0.731s] Level 1:colcon.colcon_core.environment:checking '/home/mechax/zyb/radar_station/src/Img_Handle/install/Img_Handle/bin'
[0.731s] Level 1:colcon.colcon_core.environment:checking '/home/mechax/zyb/radar_station/src/Img_Handle/install/Img_Handle/lib/pkgconfig/Img_Handle.pc'
[0.731s] Level 1:colcon.colcon_core.environment:checking '/home/mechax/zyb/radar_station/src/Img_Handle/install/Img_Handle/lib/python3.10/site-packages'
[0.731s] Level 1:colcon.colcon_core.environment:checking '/home/mechax/zyb/radar_station/src/Img_Handle/install/Img_Handle/bin'
[0.737s] INFO:colcon.colcon_core.shell:Creating package script '/home/mechax/zyb/radar_station/src/Img_Handle/install/Img_Handle/share/Img_Handle/package.ps1'
[0.737s] INFO:colcon.colcon_core.shell:Creating package descriptor '/home/mechax/zyb/radar_station/src/Img_Handle/install/Img_Handle/share/Img_Handle/package.dsv'
[0.737s] INFO:colcon.colcon_core.shell:Creating package script '/home/mechax/zyb/radar_station/src/Img_Handle/install/Img_Handle/share/Img_Handle/package.sh'
[0.737s] INFO:colcon.colcon_core.shell:Creating package script '/home/mechax/zyb/radar_station/src/Img_Handle/install/Img_Handle/share/Img_Handle/package.bash'
[0.737s] INFO:colcon.colcon_core.shell:Creating package script '/home/mechax/zyb/radar_station/src/Img_Handle/install/Img_Handle/share/Img_Handle/package.zsh'
[0.738s] Level 1:colcon.colcon_core.environment:create_file_with_runtime_dependencies(/home/mechax/zyb/radar_station/src/Img_Handle/install/Img_Handle/share/colcon-core/packages/Img_Handle)
[0.738s] DEBUG:colcon.colcon_parallel_executor.executor.parallel:closing loop
[0.738s] DEBUG:colcon.colcon_parallel_executor.executor.parallel:loop closed
[0.738s] DEBUG:colcon.colcon_parallel_executor.executor.parallel:run_until_complete finished with '0'
[0.738s] DEBUG:colcon.colcon_core.event_reactor:joining thread
[0.757s] INFO:colcon.colcon_core.plugin_system:Skipping extension 'colcon_notification.desktop_notification.terminal_notifier': Not used on non-Darwin systems
[0.757s] INFO:colcon.colcon_core.plugin_system:Skipping extension 'colcon_notification.desktop_notification.win32': Not used on non-Windows systems
[0.757s] INFO:colcon.colcon_notification.desktop_notification:Sending desktop notification using 'notify2'
[0.766s] DEBUG:colcon.colcon_core.event_reactor:joined thread
[0.774s] INFO:colcon.colcon_core.shell:Creating prefix script '/home/mechax/zyb/radar_station/src/Img_Handle/install/local_setup.ps1'
[0.774s] INFO:colcon.colcon_core.shell:Creating prefix util module '/home/mechax/zyb/radar_station/src/Img_Handle/install/_local_setup_util_ps1.py'
[0.775s] INFO:colcon.colcon_core.shell:Creating prefix chain script '/home/mechax/zyb/radar_station/src/Img_Handle/install/setup.ps1'
[0.781s] INFO:colcon.colcon_core.shell:Creating prefix script '/home/mechax/zyb/radar_station/src/Img_Handle/install/local_setup.sh'
[0.782s] INFO:colcon.colcon_core.shell:Creating prefix util module '/home/mechax/zyb/radar_station/src/Img_Handle/install/_local_setup_util_sh.py'
[0.782s] INFO:colcon.colcon_core.shell:Creating prefix chain script '/home/mechax/zyb/radar_station/src/Img_Handle/install/setup.sh'
[0.789s] INFO:colcon.colcon_core.shell:Creating prefix script '/home/mechax/zyb/radar_station/src/Img_Handle/install/local_setup.bash'
[0.789s] INFO:colcon.colcon_core.shell:Creating prefix chain script '/home/mechax/zyb/radar_station/src/Img_Handle/install/setup.bash'
[0.796s] INFO:colcon.colcon_core.shell:Creating prefix script '/home/mechax/zyb/radar_station/src/Img_Handle/install/local_setup.zsh'
[0.796s] INFO:colcon.colcon_core.shell:Creating prefix chain script '/home/mechax/zyb/radar_station/src/Img_Handle/install/setup.zsh'
