[0.111s] Invoking command in '/home/mechax/zyb/radar_station/build/Game_Map': CMAKE_PREFIX_PATH=/home/mechax/zyb/radar_station/install/my_msgss:/home/mechax/zyb/radar_station/src/my_msgss/install/my_msgss:/home/mechax/zyb/radar_station/install/Img_Handle:/home/mechax/zyb/radar_station/install/Game_Map:/home/mechax/zyb/radar_station/install/Yolo_Handle:/home/mechax/zyb/radar_station/install/Get_Camera_Img:/home/mechax/ws_livox/install/livox_ros2_driver:/home/mechax/ws_livox/install/livox_sdk_vendor:/home/mechax/ws_livox/install/livox_interfaces:/opt/ros/humble LD_LIBRARY_PATH=/home/mechax/zyb/radar_station/install/my_msgss/lib:/home/mechax/zyb/radar_station/src/my_msgss/install/my_msgss/lib:/home/mechax/ws_livox/install/livox_ros2_driver/lib:/home/mechax/ws_livox/install/livox_interfaces/lib:/usr/lib/x86_64-linux-gnu/gazebo-11/plugins:/opt/ros/humble/opt/rviz_ogre_vendor/lib:/opt/ros/humble/lib/x86_64-linux-gnu:/opt/ros/humble/lib /usr/bin/cmake --build /home/mechax/zyb/radar_station/build/Game_Map -- -j16 -l16
[0.144s] [100%] Built target Game_Map
[0.151s] Invoked command in '/home/mechax/zyb/radar_station/build/Game_Map' returned '0': CMAKE_PREFIX_PATH=/home/mechax/zyb/radar_station/install/my_msgss:/home/mechax/zyb/radar_station/src/my_msgss/install/my_msgss:/home/mechax/zyb/radar_station/install/Img_Handle:/home/mechax/zyb/radar_station/install/Game_Map:/home/mechax/zyb/radar_station/install/Yolo_Handle:/home/mechax/zyb/radar_station/install/Get_Camera_Img:/home/mechax/ws_livox/install/livox_ros2_driver:/home/mechax/ws_livox/install/livox_sdk_vendor:/home/mechax/ws_livox/install/livox_interfaces:/opt/ros/humble LD_LIBRARY_PATH=/home/mechax/zyb/radar_station/install/my_msgss/lib:/home/mechax/zyb/radar_station/src/my_msgss/install/my_msgss/lib:/home/mechax/ws_livox/install/livox_ros2_driver/lib:/home/mechax/ws_livox/install/livox_interfaces/lib:/usr/lib/x86_64-linux-gnu/gazebo-11/plugins:/opt/ros/humble/opt/rviz_ogre_vendor/lib:/opt/ros/humble/lib/x86_64-linux-gnu:/opt/ros/humble/lib /usr/bin/cmake --build /home/mechax/zyb/radar_station/build/Game_Map -- -j16 -l16
[0.167s] Invoking command in '/home/mechax/zyb/radar_station/build/Game_Map': CMAKE_PREFIX_PATH=/home/mechax/zyb/radar_station/install/my_msgss:/home/mechax/zyb/radar_station/src/my_msgss/install/my_msgss:/home/mechax/zyb/radar_station/install/Img_Handle:/home/mechax/zyb/radar_station/install/Game_Map:/home/mechax/zyb/radar_station/install/Yolo_Handle:/home/mechax/zyb/radar_station/install/Get_Camera_Img:/home/mechax/ws_livox/install/livox_ros2_driver:/home/mechax/ws_livox/install/livox_sdk_vendor:/home/mechax/ws_livox/install/livox_interfaces:/opt/ros/humble LD_LIBRARY_PATH=/home/mechax/zyb/radar_station/install/my_msgss/lib:/home/mechax/zyb/radar_station/src/my_msgss/install/my_msgss/lib:/home/mechax/ws_livox/install/livox_ros2_driver/lib:/home/mechax/ws_livox/install/livox_interfaces/lib:/usr/lib/x86_64-linux-gnu/gazebo-11/plugins:/opt/ros/humble/opt/rviz_ogre_vendor/lib:/opt/ros/humble/lib/x86_64-linux-gnu:/opt/ros/humble/lib /usr/bin/cmake --install /home/mechax/zyb/radar_station/build/Game_Map
[0.172s] -- Install configuration: ""
[0.172s] -- Up-to-date: /home/mechax/zyb/radar_station/install/Game_Map/lib/Game_Map/Game_Map
[0.172s] -- Up-to-date: /home/mechax/zyb/radar_station/install/Game_Map/share/ament_index/resource_index/package_run_dependencies/Game_Map
[0.172s] -- Up-to-date: /home/mechax/zyb/radar_station/install/Game_Map/share/ament_index/resource_index/parent_prefix_path/Game_Map
[0.172s] -- Up-to-date: /home/mechax/zyb/radar_station/install/Game_Map/share/Game_Map/environment/ament_prefix_path.sh
[0.172s] -- Up-to-date: /home/mechax/zyb/radar_station/install/Game_Map/share/Game_Map/environment/ament_prefix_path.dsv
[0.172s] -- Up-to-date: /home/mechax/zyb/radar_station/install/Game_Map/share/Game_Map/environment/path.sh
[0.172s] -- Up-to-date: /home/mechax/zyb/radar_station/install/Game_Map/share/Game_Map/environment/path.dsv
[0.172s] -- Up-to-date: /home/mechax/zyb/radar_station/install/Game_Map/share/Game_Map/local_setup.bash
[0.172s] -- Up-to-date: /home/mechax/zyb/radar_station/install/Game_Map/share/Game_Map/local_setup.sh
[0.173s] -- Up-to-date: /home/mechax/zyb/radar_station/install/Game_Map/share/Game_Map/local_setup.zsh
[0.173s] -- Up-to-date: /home/mechax/zyb/radar_station/install/Game_Map/share/Game_Map/local_setup.dsv
[0.173s] -- Installing: /home/mechax/zyb/radar_station/install/Game_Map/share/Game_Map/package.dsv
[0.174s] -- Up-to-date: /home/mechax/zyb/radar_station/install/Game_Map/share/ament_index/resource_index/packages/Game_Map
[0.174s] -- Up-to-date: /home/mechax/zyb/radar_station/install/Game_Map/share/Game_Map/cmake/Game_MapConfig.cmake
[0.174s] -- Up-to-date: /home/mechax/zyb/radar_station/install/Game_Map/share/Game_Map/cmake/Game_MapConfig-version.cmake
[0.174s] -- Up-to-date: /home/mechax/zyb/radar_station/install/Game_Map/share/Game_Map/package.xml
[0.174s] Invoked command in '/home/mechax/zyb/radar_station/build/Game_Map' returned '0': CMAKE_PREFIX_PATH=/home/mechax/zyb/radar_station/install/my_msgss:/home/mechax/zyb/radar_station/src/my_msgss/install/my_msgss:/home/mechax/zyb/radar_station/install/Img_Handle:/home/mechax/zyb/radar_station/install/Game_Map:/home/mechax/zyb/radar_station/install/Yolo_Handle:/home/mechax/zyb/radar_station/install/Get_Camera_Img:/home/mechax/ws_livox/install/livox_ros2_driver:/home/mechax/ws_livox/install/livox_sdk_vendor:/home/mechax/ws_livox/install/livox_interfaces:/opt/ros/humble LD_LIBRARY_PATH=/home/mechax/zyb/radar_station/install/my_msgss/lib:/home/mechax/zyb/radar_station/src/my_msgss/install/my_msgss/lib:/home/mechax/ws_livox/install/livox_ros2_driver/lib:/home/mechax/ws_livox/install/livox_interfaces/lib:/usr/lib/x86_64-linux-gnu/gazebo-11/plugins:/opt/ros/humble/opt/rviz_ogre_vendor/lib:/opt/ros/humble/lib/x86_64-linux-gnu:/opt/ros/humble/lib /usr/bin/cmake --install /home/mechax/zyb/radar_station/build/Game_Map
