[0.088s] Invoking command in '/home/mechax/zyb/radar_station/build/Get_Camera_Img': CMAKE_PREFIX_PATH=${CMAKE_PREFIX_PATH}:/opt/ros/humble /usr/bin/cmake --build /home/mechax/zyb/radar_station/build/Get_Camera_Img -- -j16 -l16
[0.113s] [35m[1mConsolidate compiler generated dependencies of target Get_Img[0m
[0.126s] [ 33%] [32mBuilding CXX object CMakeFiles/Get_Img.dir/src/get_img.cpp.o[0m
[7.609s] [ 66%] [32m[1mLinking CXX executable Get_Img[0m
[7.773s] /usr/bin/ld: warning: libopencv_imgproc.so.4.5d, needed by /opt/ros/humble/lib/libcv_bridge.so, may conflict with libopencv_imgproc.so.408
[7.773s] /usr/bin/ld: warning: libopencv_core.so.4.5d, needed by /opt/ros/humble/lib/libcv_bridge.so, may conflict with libopencv_core.so.408
[8.166s] [100%] Built target Get_Img
[8.174s] Invoked command in '/home/mechax/zyb/radar_station/build/Get_Camera_Img' returned '0': CMAKE_PREFIX_PATH=${CMAKE_PREFIX_PATH}:/opt/ros/humble /usr/bin/cmake --build /home/mechax/zyb/radar_station/build/Get_Camera_Img -- -j16 -l16
[8.188s] Invoking command in '/home/mechax/zyb/radar_station/build/Get_Camera_Img': CMAKE_PREFIX_PATH=${CMAKE_PREFIX_PATH}:/opt/ros/humble /usr/bin/cmake --install /home/mechax/zyb/radar_station/build/Get_Camera_Img
[8.192s] -- Install configuration: ""
[8.192s] -- Installing: /home/mechax/zyb/radar_station/install/Get_Camera_Img/lib/Get_Camera_Img/Get_Img
[8.196s] -- Set runtime path of "/home/mechax/zyb/radar_station/install/Get_Camera_Img/lib/Get_Camera_Img/Get_Img" to ""
[8.196s] -- Up-to-date: /home/mechax/zyb/radar_station/install/Get_Camera_Img/share/ament_index/resource_index/package_run_dependencies/Get_Camera_Img
[8.196s] -- Up-to-date: /home/mechax/zyb/radar_station/install/Get_Camera_Img/share/ament_index/resource_index/parent_prefix_path/Get_Camera_Img
[8.196s] -- Up-to-date: /home/mechax/zyb/radar_station/install/Get_Camera_Img/share/Get_Camera_Img/environment/ament_prefix_path.sh
[8.196s] -- Up-to-date: /home/mechax/zyb/radar_station/install/Get_Camera_Img/share/Get_Camera_Img/environment/ament_prefix_path.dsv
[8.196s] -- Up-to-date: /home/mechax/zyb/radar_station/install/Get_Camera_Img/share/Get_Camera_Img/environment/path.sh
[8.196s] -- Up-to-date: /home/mechax/zyb/radar_station/install/Get_Camera_Img/share/Get_Camera_Img/environment/path.dsv
[8.196s] -- Up-to-date: /home/mechax/zyb/radar_station/install/Get_Camera_Img/share/Get_Camera_Img/local_setup.bash
[8.196s] -- Up-to-date: /home/mechax/zyb/radar_station/install/Get_Camera_Img/share/Get_Camera_Img/local_setup.sh
[8.196s] -- Up-to-date: /home/mechax/zyb/radar_station/install/Get_Camera_Img/share/Get_Camera_Img/local_setup.zsh
[8.196s] -- Up-to-date: /home/mechax/zyb/radar_station/install/Get_Camera_Img/share/Get_Camera_Img/local_setup.dsv
[8.196s] -- Installing: /home/mechax/zyb/radar_station/install/Get_Camera_Img/share/Get_Camera_Img/package.dsv
[8.196s] -- Up-to-date: /home/mechax/zyb/radar_station/install/Get_Camera_Img/share/ament_index/resource_index/packages/Get_Camera_Img
[8.196s] -- Up-to-date: /home/mechax/zyb/radar_station/install/Get_Camera_Img/share/Get_Camera_Img/cmake/Get_Camera_ImgConfig.cmake
[8.196s] -- Up-to-date: /home/mechax/zyb/radar_station/install/Get_Camera_Img/share/Get_Camera_Img/cmake/Get_Camera_ImgConfig-version.cmake
[8.196s] -- Up-to-date: /home/mechax/zyb/radar_station/install/Get_Camera_Img/share/Get_Camera_Img/package.xml
[8.197s] Invoked command in '/home/mechax/zyb/radar_station/build/Get_Camera_Img' returned '0': CMAKE_PREFIX_PATH=${CMAKE_PREFIX_PATH}:/opt/ros/humble /usr/bin/cmake --install /home/mechax/zyb/radar_station/build/Get_Camera_Img
