[0.440s] DEBUG:colcon:Command line arguments: ['/usr/bin/colcon', 'build']
[0.440s] DEBUG:colcon:Parsed command line arguments: Namespace(log_base=None, log_level=None, verb_name='build', build_base='build', install_base='install', merge_install=False, symlink_install=False, test_result_base=None, continue_on_error=False, executor='parallel', parallel_workers=16, event_handlers=None, ignore_user_meta=False, metas=['./colcon.meta'], base_paths=['.'], packages_ignore=None, packages_ignore_regex=None, paths=None, packages_up_to=None, packages_up_to_regex=None, packages_above=None, packages_above_and_dependencies=None, packages_above_depth=None, packages_select_by_dep=None, packages_skip_by_dep=None, packages_skip_up_to=None, packages_select_build_failed=False, packages_skip_build_finished=False, packages_select_test_failures=False, packages_skip_test_passed=False, packages_select=None, packages_skip=None, packages_select_regex=None, packages_skip_regex=None, packages_start=None, packages_end=None, allow_overriding=[], cmake_args=None, cmake_target=None, cmake_target_skip_unavailable=False, cmake_clean_cache=False, cmake_clean_first=False, cmake_force_configure=False, ament_cmake_args=None, catkin_cmake_args=None, catkin_skip_building_tests=False, verb_parser=<colcon_defaults.argument_parser.defaults.DefaultArgumentsDecorator object at 0x7f1d0331e230>, verb_extension=<colcon_core.verb.build.BuildVerb object at 0x7f1d037c3c70>, main=<bound method BuildVerb.main of <colcon_core.verb.build.BuildVerb object at 0x7f1d037c3c70>>)
[0.462s] Level 1:colcon.colcon_core.package_discovery:discover_packages(colcon_meta) check parameters
[0.462s] Level 1:colcon.colcon_core.package_discovery:discover_packages(recursive) check parameters
[0.462s] Level 1:colcon.colcon_core.package_discovery:discover_packages(ignore) check parameters
[0.462s] Level 1:colcon.colcon_core.package_discovery:discover_packages(path) check parameters
[0.462s] Level 1:colcon.colcon_core.package_discovery:discover_packages(colcon_meta) discover
[0.462s] Level 1:colcon.colcon_core.package_discovery:discover_packages(recursive) discover
[0.462s] INFO:colcon.colcon_core.package_discovery:Crawling recursively for packages in '/home/mechax/zyb/radar_station'
[0.462s] Level 1:colcon.colcon_core.package_identification:_identify(.) by extensions ['ignore', 'ignore_ament_install']
[0.462s] Level 1:colcon.colcon_core.package_identification:_identify(.) by extension 'ignore'
[0.462s] Level 1:colcon.colcon_core.package_identification:_identify(.) by extension 'ignore_ament_install'
[0.462s] Level 1:colcon.colcon_core.package_identification:_identify(.) by extensions ['colcon_pkg']
[0.462s] Level 1:colcon.colcon_core.package_identification:_identify(.) by extension 'colcon_pkg'
[0.462s] Level 1:colcon.colcon_core.package_identification:_identify(.) by extensions ['colcon_meta']
[0.462s] Level 1:colcon.colcon_core.package_identification:_identify(.) by extension 'colcon_meta'
[0.462s] Level 1:colcon.colcon_core.package_identification:_identify(.) by extensions ['ros']
[0.462s] Level 1:colcon.colcon_core.package_identification:_identify(.) by extension 'ros'
[0.469s] Level 1:colcon.colcon_core.package_identification:_identify(.) by extensions ['cmake', 'python']
[0.469s] Level 1:colcon.colcon_core.package_identification:_identify(.) by extension 'cmake'
[0.469s] Level 1:colcon.colcon_core.package_identification:_identify(.) by extension 'python'
[0.469s] Level 1:colcon.colcon_core.package_identification:_identify(.) by extensions ['python_setup_py']
[0.469s] Level 1:colcon.colcon_core.package_identification:_identify(.) by extension 'python_setup_py'
[0.469s] Level 1:colcon.colcon_core.package_identification:_identify(Camera) by extensions ['ignore', 'ignore_ament_install']
[0.469s] Level 1:colcon.colcon_core.package_identification:_identify(Camera) by extension 'ignore'
[0.469s] Level 1:colcon.colcon_core.package_identification:_identify(Camera) by extension 'ignore_ament_install'
[0.469s] Level 1:colcon.colcon_core.package_identification:_identify(Camera) by extensions ['colcon_pkg']
[0.469s] Level 1:colcon.colcon_core.package_identification:_identify(Camera) by extension 'colcon_pkg'
[0.470s] Level 1:colcon.colcon_core.package_identification:_identify(Camera) by extensions ['colcon_meta']
[0.470s] Level 1:colcon.colcon_core.package_identification:_identify(Camera) by extension 'colcon_meta'
[0.470s] Level 1:colcon.colcon_core.package_identification:_identify(Camera) by extensions ['ros']
[0.470s] Level 1:colcon.colcon_core.package_identification:_identify(Camera) by extension 'ros'
[0.470s] Level 1:colcon.colcon_core.package_identification:_identify(Camera) by extensions ['cmake', 'python']
[0.470s] Level 1:colcon.colcon_core.package_identification:_identify(Camera) by extension 'cmake'
[0.470s] Level 1:colcon.colcon_core.package_identification:_identify(Camera) by extension 'python'
[0.470s] Level 1:colcon.colcon_core.package_identification:_identify(Camera) by extensions ['python_setup_py']
[0.470s] Level 1:colcon.colcon_core.package_identification:_identify(Camera) by extension 'python_setup_py'
[0.470s] Level 1:colcon.colcon_core.package_identification:_identify(Camera/log) by extensions ['ignore', 'ignore_ament_install']
[0.470s] Level 1:colcon.colcon_core.package_identification:_identify(Camera/log) by extension 'ignore'
[0.470s] Level 1:colcon.colcon_core.package_identification:_identify(Camera/log) by extension 'ignore_ament_install'
[0.470s] Level 1:colcon.colcon_core.package_identification:_identify(Camera/log) by extensions ['colcon_pkg']
[0.470s] Level 1:colcon.colcon_core.package_identification:_identify(Camera/log) by extension 'colcon_pkg'
[0.470s] Level 1:colcon.colcon_core.package_identification:_identify(Camera/log) by extensions ['colcon_meta']
[0.470s] Level 1:colcon.colcon_core.package_identification:_identify(Camera/log) by extension 'colcon_meta'
[0.470s] Level 1:colcon.colcon_core.package_identification:_identify(Camera/log) by extensions ['ros']
[0.470s] Level 1:colcon.colcon_core.package_identification:_identify(Camera/log) by extension 'ros'
[0.470s] Level 1:colcon.colcon_core.package_identification:_identify(Camera/log) by extensions ['cmake', 'python']
[0.470s] Level 1:colcon.colcon_core.package_identification:_identify(Camera/log) by extension 'cmake'
[0.470s] Level 1:colcon.colcon_core.package_identification:_identify(Camera/log) by extension 'python'
[0.470s] Level 1:colcon.colcon_core.package_identification:_identify(Camera/log) by extensions ['python_setup_py']
[0.470s] Level 1:colcon.colcon_core.package_identification:_identify(Camera/log) by extension 'python_setup_py'
[0.470s] Level 1:colcon.colcon_core.package_identification:_identify(build) by extensions ['ignore', 'ignore_ament_install']
[0.470s] Level 1:colcon.colcon_core.package_identification:_identify(build) by extension 'ignore'
[0.470s] Level 1:colcon.colcon_core.package_identification:_identify(build) ignored
[0.470s] Level 1:colcon.colcon_core.package_identification:_identify(install) by extensions ['ignore', 'ignore_ament_install']
[0.470s] Level 1:colcon.colcon_core.package_identification:_identify(install) by extension 'ignore'
[0.470s] Level 1:colcon.colcon_core.package_identification:_identify(install) ignored
[0.470s] Level 1:colcon.colcon_core.package_identification:_identify(log) by extensions ['ignore', 'ignore_ament_install']
[0.470s] Level 1:colcon.colcon_core.package_identification:_identify(log) by extension 'ignore'
[0.470s] Level 1:colcon.colcon_core.package_identification:_identify(log) ignored
[0.470s] Level 1:colcon.colcon_core.package_identification:_identify(src) by extensions ['ignore', 'ignore_ament_install']
[0.470s] Level 1:colcon.colcon_core.package_identification:_identify(src) by extension 'ignore'
[0.471s] Level 1:colcon.colcon_core.package_identification:_identify(src) by extension 'ignore_ament_install'
[0.471s] Level 1:colcon.colcon_core.package_identification:_identify(src) by extensions ['colcon_pkg']
[0.471s] Level 1:colcon.colcon_core.package_identification:_identify(src) by extension 'colcon_pkg'
[0.471s] Level 1:colcon.colcon_core.package_identification:_identify(src) by extensions ['colcon_meta']
[0.471s] Level 1:colcon.colcon_core.package_identification:_identify(src) by extension 'colcon_meta'
[0.471s] Level 1:colcon.colcon_core.package_identification:_identify(src) by extensions ['ros']
[0.471s] Level 1:colcon.colcon_core.package_identification:_identify(src) by extension 'ros'
[0.471s] Level 1:colcon.colcon_core.package_identification:_identify(src) by extensions ['cmake', 'python']
[0.471s] Level 1:colcon.colcon_core.package_identification:_identify(src) by extension 'cmake'
[0.471s] Level 1:colcon.colcon_core.package_identification:_identify(src) by extension 'python'
[0.471s] Level 1:colcon.colcon_core.package_identification:_identify(src) by extensions ['python_setup_py']
[0.471s] Level 1:colcon.colcon_core.package_identification:_identify(src) by extension 'python_setup_py'
[0.471s] Level 1:colcon.colcon_core.package_identification:_identify(src/All_Topic) by extensions ['ignore', 'ignore_ament_install']
[0.471s] Level 1:colcon.colcon_core.package_identification:_identify(src/All_Topic) by extension 'ignore'
[0.471s] Level 1:colcon.colcon_core.package_identification:_identify(src/All_Topic) by extension 'ignore_ament_install'
[0.471s] Level 1:colcon.colcon_core.package_identification:_identify(src/All_Topic) by extensions ['colcon_pkg']
[0.471s] Level 1:colcon.colcon_core.package_identification:_identify(src/All_Topic) by extension 'colcon_pkg'
[0.471s] Level 1:colcon.colcon_core.package_identification:_identify(src/All_Topic) by extensions ['colcon_meta']
[0.471s] Level 1:colcon.colcon_core.package_identification:_identify(src/All_Topic) by extension 'colcon_meta'
[0.471s] Level 1:colcon.colcon_core.package_identification:_identify(src/All_Topic) by extensions ['ros']
[0.471s] Level 1:colcon.colcon_core.package_identification:_identify(src/All_Topic) by extension 'ros'
[0.471s] Level 1:colcon.colcon_core.package_identification:_identify(src/All_Topic) by extensions ['cmake', 'python']
[0.471s] Level 1:colcon.colcon_core.package_identification:_identify(src/All_Topic) by extension 'cmake'
[0.471s] Level 1:colcon.colcon_core.package_identification:_identify(src/All_Topic) by extension 'python'
[0.471s] Level 1:colcon.colcon_core.package_identification:_identify(src/All_Topic) by extensions ['python_setup_py']
[0.471s] Level 1:colcon.colcon_core.package_identification:_identify(src/All_Topic) by extension 'python_setup_py'
[0.471s] Level 1:colcon.colcon_core.package_identification:_identify(src/Game_Map) by extensions ['ignore', 'ignore_ament_install']
[0.471s] Level 1:colcon.colcon_core.package_identification:_identify(src/Game_Map) by extension 'ignore'
[0.471s] Level 1:colcon.colcon_core.package_identification:_identify(src/Game_Map) by extension 'ignore_ament_install'
[0.471s] Level 1:colcon.colcon_core.package_identification:_identify(src/Game_Map) by extensions ['colcon_pkg']
[0.471s] Level 1:colcon.colcon_core.package_identification:_identify(src/Game_Map) by extension 'colcon_pkg'
[0.471s] Level 1:colcon.colcon_core.package_identification:_identify(src/Game_Map) by extensions ['colcon_meta']
[0.471s] Level 1:colcon.colcon_core.package_identification:_identify(src/Game_Map) by extension 'colcon_meta'
[0.471s] Level 1:colcon.colcon_core.package_identification:_identify(src/Game_Map) by extensions ['ros']
[0.471s] Level 1:colcon.colcon_core.package_identification:_identify(src/Game_Map) by extension 'ros'
[0.473s] DEBUG:colcon.colcon_core.package_identification:Package 'src/Game_Map' with type 'ros.ament_cmake' and name 'Game_Map'
[0.473s] Level 1:colcon.colcon_core.package_identification:_identify(src/Img_Handle) by extensions ['ignore', 'ignore_ament_install']
[0.473s] Level 1:colcon.colcon_core.package_identification:_identify(src/Img_Handle) by extension 'ignore'
[0.473s] Level 1:colcon.colcon_core.package_identification:_identify(src/Img_Handle) by extension 'ignore_ament_install'
[0.473s] Level 1:colcon.colcon_core.package_identification:_identify(src/Img_Handle) by extensions ['colcon_pkg']
[0.473s] Level 1:colcon.colcon_core.package_identification:_identify(src/Img_Handle) by extension 'colcon_pkg'
[0.473s] Level 1:colcon.colcon_core.package_identification:_identify(src/Img_Handle) by extensions ['colcon_meta']
[0.473s] Level 1:colcon.colcon_core.package_identification:_identify(src/Img_Handle) by extension 'colcon_meta'
[0.473s] Level 1:colcon.colcon_core.package_identification:_identify(src/Img_Handle) by extensions ['ros']
[0.473s] Level 1:colcon.colcon_core.package_identification:_identify(src/Img_Handle) by extension 'ros'
[0.474s] DEBUG:colcon.colcon_core.package_identification:Package 'src/Img_Handle' with type 'ros.ament_cmake' and name 'Img_Handle'
[0.474s] Level 1:colcon.colcon_core.package_identification:_identify(src/Qt5_displayer) by extensions ['ignore', 'ignore_ament_install']
[0.474s] Level 1:colcon.colcon_core.package_identification:_identify(src/Qt5_displayer) by extension 'ignore'
[0.474s] Level 1:colcon.colcon_core.package_identification:_identify(src/Qt5_displayer) by extension 'ignore_ament_install'
[0.474s] Level 1:colcon.colcon_core.package_identification:_identify(src/Qt5_displayer) by extensions ['colcon_pkg']
[0.474s] Level 1:colcon.colcon_core.package_identification:_identify(src/Qt5_displayer) by extension 'colcon_pkg'
[0.474s] Level 1:colcon.colcon_core.package_identification:_identify(src/Qt5_displayer) by extensions ['colcon_meta']
[0.474s] Level 1:colcon.colcon_core.package_identification:_identify(src/Qt5_displayer) by extension 'colcon_meta'
[0.474s] Level 1:colcon.colcon_core.package_identification:_identify(src/Qt5_displayer) by extensions ['ros']
[0.474s] Level 1:colcon.colcon_core.package_identification:_identify(src/Qt5_displayer) by extension 'ros'
[0.474s] DEBUG:colcon.colcon_core.package_identification:Package 'src/Qt5_displayer' with type 'ros.ament_cmake' and name 'Qt5_displayer'
[0.474s] Level 1:colcon.colcon_core.package_identification:_identify(src/Yolo_Handle) by extensions ['ignore', 'ignore_ament_install']
[0.474s] Level 1:colcon.colcon_core.package_identification:_identify(src/Yolo_Handle) by extension 'ignore'
[0.474s] Level 1:colcon.colcon_core.package_identification:_identify(src/Yolo_Handle) by extension 'ignore_ament_install'
[0.474s] Level 1:colcon.colcon_core.package_identification:_identify(src/Yolo_Handle) by extensions ['colcon_pkg']
[0.474s] Level 1:colcon.colcon_core.package_identification:_identify(src/Yolo_Handle) by extension 'colcon_pkg'
[0.474s] Level 1:colcon.colcon_core.package_identification:_identify(src/Yolo_Handle) by extensions ['colcon_meta']
[0.474s] Level 1:colcon.colcon_core.package_identification:_identify(src/Yolo_Handle) by extension 'colcon_meta'
[0.474s] Level 1:colcon.colcon_core.package_identification:_identify(src/Yolo_Handle) by extensions ['ros']
[0.474s] Level 1:colcon.colcon_core.package_identification:_identify(src/Yolo_Handle) by extension 'ros'
[0.475s] DEBUG:colcon.colcon_core.package_identification:Package 'src/Yolo_Handle' with type 'ros.ament_cmake' and name 'Yolo_Handle'
[0.475s] Level 1:colcon.colcon_core.package_identification:_identify(src/get_depth) by extensions ['ignore', 'ignore_ament_install']
[0.475s] Level 1:colcon.colcon_core.package_identification:_identify(src/get_depth) by extension 'ignore'
[0.475s] Level 1:colcon.colcon_core.package_identification:_identify(src/get_depth) by extension 'ignore_ament_install'
[0.475s] Level 1:colcon.colcon_core.package_identification:_identify(src/get_depth) by extensions ['colcon_pkg']
[0.475s] Level 1:colcon.colcon_core.package_identification:_identify(src/get_depth) by extension 'colcon_pkg'
[0.475s] Level 1:colcon.colcon_core.package_identification:_identify(src/get_depth) by extensions ['colcon_meta']
[0.475s] Level 1:colcon.colcon_core.package_identification:_identify(src/get_depth) by extension 'colcon_meta'
[0.475s] Level 1:colcon.colcon_core.package_identification:_identify(src/get_depth) by extensions ['ros']
[0.475s] Level 1:colcon.colcon_core.package_identification:_identify(src/get_depth) by extension 'ros'
[0.476s] DEBUG:colcon.colcon_core.package_identification:Package 'src/get_depth' with type 'ros.ament_cmake' and name 'get_depth'
[0.476s] Level 1:colcon.colcon_core.package_identification:_identify(src/map_test) by extensions ['ignore', 'ignore_ament_install']
[0.476s] Level 1:colcon.colcon_core.package_identification:_identify(src/map_test) by extension 'ignore'
[0.476s] Level 1:colcon.colcon_core.package_identification:_identify(src/map_test) by extension 'ignore_ament_install'
[0.476s] Level 1:colcon.colcon_core.package_identification:_identify(src/map_test) by extensions ['colcon_pkg']
[0.476s] Level 1:colcon.colcon_core.package_identification:_identify(src/map_test) by extension 'colcon_pkg'
[0.476s] Level 1:colcon.colcon_core.package_identification:_identify(src/map_test) by extensions ['colcon_meta']
[0.476s] Level 1:colcon.colcon_core.package_identification:_identify(src/map_test) by extension 'colcon_meta'
[0.476s] Level 1:colcon.colcon_core.package_identification:_identify(src/map_test) by extensions ['ros']
[0.476s] Level 1:colcon.colcon_core.package_identification:_identify(src/map_test) by extension 'ros'
[0.477s] DEBUG:colcon.colcon_core.package_identification:Package 'src/map_test' with type 'ros.ament_cmake' and name 'map_test'
[0.477s] Level 1:colcon.colcon_core.package_identification:_identify(src/my_msgss) by extensions ['ignore', 'ignore_ament_install']
[0.477s] Level 1:colcon.colcon_core.package_identification:_identify(src/my_msgss) by extension 'ignore'
[0.477s] Level 1:colcon.colcon_core.package_identification:_identify(src/my_msgss) by extension 'ignore_ament_install'
[0.477s] Level 1:colcon.colcon_core.package_identification:_identify(src/my_msgss) by extensions ['colcon_pkg']
[0.477s] Level 1:colcon.colcon_core.package_identification:_identify(src/my_msgss) by extension 'colcon_pkg'
[0.477s] Level 1:colcon.colcon_core.package_identification:_identify(src/my_msgss) by extensions ['colcon_meta']
[0.477s] Level 1:colcon.colcon_core.package_identification:_identify(src/my_msgss) by extension 'colcon_meta'
[0.477s] Level 1:colcon.colcon_core.package_identification:_identify(src/my_msgss) by extensions ['ros']
[0.477s] Level 1:colcon.colcon_core.package_identification:_identify(src/my_msgss) by extension 'ros'
[0.477s] DEBUG:colcon.colcon_core.package_identification:Package 'src/my_msgss' with type 'ros.ament_cmake' and name 'my_msgss'
[0.477s] Level 1:colcon.colcon_core.package_identification:_identify(src/ros2-mindvision-camera) by extensions ['ignore', 'ignore_ament_install']
[0.477s] Level 1:colcon.colcon_core.package_identification:_identify(src/ros2-mindvision-camera) by extension 'ignore'
[0.477s] Level 1:colcon.colcon_core.package_identification:_identify(src/ros2-mindvision-camera) by extension 'ignore_ament_install'
[0.477s] Level 1:colcon.colcon_core.package_identification:_identify(src/ros2-mindvision-camera) by extensions ['colcon_pkg']
[0.477s] Level 1:colcon.colcon_core.package_identification:_identify(src/ros2-mindvision-camera) by extension 'colcon_pkg'
[0.477s] Level 1:colcon.colcon_core.package_identification:_identify(src/ros2-mindvision-camera) by extensions ['colcon_meta']
[0.477s] Level 1:colcon.colcon_core.package_identification:_identify(src/ros2-mindvision-camera) by extension 'colcon_meta'
[0.477s] Level 1:colcon.colcon_core.package_identification:_identify(src/ros2-mindvision-camera) by extensions ['ros']
[0.477s] Level 1:colcon.colcon_core.package_identification:_identify(src/ros2-mindvision-camera) by extension 'ros'
[0.478s] DEBUG:colcon.colcon_core.package_identification:Package 'src/ros2-mindvision-camera' with type 'ros.ament_cmake' and name 'mindvision_camera'
[0.478s] Level 1:colcon.colcon_core.package_discovery:discover_packages(recursive) using defaults
[0.478s] Level 1:colcon.colcon_core.package_discovery:discover_packages(ignore) discover
[0.478s] Level 1:colcon.colcon_core.package_discovery:discover_packages(ignore) using defaults
[0.478s] Level 1:colcon.colcon_core.package_discovery:discover_packages(path) discover
[0.478s] Level 1:colcon.colcon_core.package_discovery:discover_packages(path) using defaults
[0.523s] Level 1:colcon.colcon_core.package_discovery:discover_packages(prefix_path) check parameters
[0.523s] Level 1:colcon.colcon_core.package_discovery:discover_packages(prefix_path) discover
[0.529s] WARNING:colcon.colcon_ros.prefix_path.ament:The path '/home/mechax/zyb/radar_station/install/map_test' in the environment variable AMENT_PREFIX_PATH doesn't exist
[0.529s] WARNING:colcon.colcon_ros.prefix_path.ament:The path '/home/mechax/zyb/radar_station/install/get_depth' in the environment variable AMENT_PREFIX_PATH doesn't exist
[0.529s] WARNING:colcon.colcon_ros.prefix_path.ament:The path '/home/mechax/zyb/radar_station/install/Img_Handle' in the environment variable AMENT_PREFIX_PATH doesn't exist
[0.529s] WARNING:colcon.colcon_ros.prefix_path.ament:The path '/home/mechax/zyb/radar_station/install/Game_Map' in the environment variable AMENT_PREFIX_PATH doesn't exist
[0.529s] WARNING:colcon.colcon_ros.prefix_path.catkin:The path '/home/mechax/zyb/radar_station/install/map_test' in the environment variable CMAKE_PREFIX_PATH doesn't exist
[0.529s] WARNING:colcon.colcon_ros.prefix_path.catkin:The path '/home/mechax/zyb/radar_station/install/get_depth' in the environment variable CMAKE_PREFIX_PATH doesn't exist
[0.529s] WARNING:colcon.colcon_ros.prefix_path.catkin:The path '/home/mechax/zyb/radar_station/install/Img_Handle' in the environment variable CMAKE_PREFIX_PATH doesn't exist
[0.529s] WARNING:colcon.colcon_ros.prefix_path.catkin:The path '/home/mechax/zyb/radar_station/install/Game_Map' in the environment variable CMAKE_PREFIX_PATH doesn't exist
[0.536s] DEBUG:colcon.colcon_installed_package_information.package_discovery:Found 4 installed packages in /home/mechax/zyb/radar_station/install
[0.542s] DEBUG:colcon.colcon_installed_package_information.package_discovery:Found 3 installed packages in /home/mechax/ws_livox/install
[0.549s] DEBUG:colcon.colcon_installed_package_information.package_discovery:Found 341 installed packages in /opt/ros/humble
[0.549s] Level 1:colcon.colcon_core.package_discovery:discover_packages(prefix_path) using defaults
[0.598s] Level 5:colcon.colcon_core.verb:set package 'Qt5_displayer' build argument 'cmake_args' from command line to 'None'
[0.598s] Level 5:colcon.colcon_core.verb:set package 'Qt5_displayer' build argument 'cmake_target' from command line to 'None'
[0.598s] Level 5:colcon.colcon_core.verb:set package 'Qt5_displayer' build argument 'cmake_target_skip_unavailable' from command line to 'False'
[0.598s] Level 5:colcon.colcon_core.verb:set package 'Qt5_displayer' build argument 'cmake_clean_cache' from command line to 'False'
[0.598s] Level 5:colcon.colcon_core.verb:set package 'Qt5_displayer' build argument 'cmake_clean_first' from command line to 'False'
[0.598s] Level 5:colcon.colcon_core.verb:set package 'Qt5_displayer' build argument 'cmake_force_configure' from command line to 'False'
[0.598s] Level 5:colcon.colcon_core.verb:set package 'Qt5_displayer' build argument 'ament_cmake_args' from command line to 'None'
[0.598s] Level 5:colcon.colcon_core.verb:set package 'Qt5_displayer' build argument 'catkin_cmake_args' from command line to 'None'
[0.598s] Level 5:colcon.colcon_core.verb:set package 'Qt5_displayer' build argument 'catkin_skip_building_tests' from command line to 'False'
[0.598s] DEBUG:colcon.colcon_core.verb:Building package 'Qt5_displayer' with the following arguments: {'ament_cmake_args': None, 'build_base': '/home/mechax/zyb/radar_station/build/Qt5_displayer', 'catkin_cmake_args': None, 'catkin_skip_building_tests': False, 'cmake_args': None, 'cmake_clean_cache': False, 'cmake_clean_first': False, 'cmake_force_configure': False, 'cmake_target': None, 'cmake_target_skip_unavailable': False, 'install_base': '/home/mechax/zyb/radar_station/install/Qt5_displayer', 'merge_install': False, 'path': '/home/mechax/zyb/radar_station/src/Qt5_displayer', 'symlink_install': False, 'test_result_base': None}
[0.604s] Level 5:colcon.colcon_core.verb:set package 'Yolo_Handle' build argument 'cmake_args' from command line to 'None'
[0.604s] Level 5:colcon.colcon_core.verb:set package 'Yolo_Handle' build argument 'cmake_target' from command line to 'None'
[0.604s] Level 5:colcon.colcon_core.verb:set package 'Yolo_Handle' build argument 'cmake_target_skip_unavailable' from command line to 'False'
[0.604s] Level 5:colcon.colcon_core.verb:set package 'Yolo_Handle' build argument 'cmake_clean_cache' from command line to 'False'
[0.604s] Level 5:colcon.colcon_core.verb:set package 'Yolo_Handle' build argument 'cmake_clean_first' from command line to 'False'
[0.604s] Level 5:colcon.colcon_core.verb:set package 'Yolo_Handle' build argument 'cmake_force_configure' from command line to 'False'
[0.604s] Level 5:colcon.colcon_core.verb:set package 'Yolo_Handle' build argument 'ament_cmake_args' from command line to 'None'
[0.604s] Level 5:colcon.colcon_core.verb:set package 'Yolo_Handle' build argument 'catkin_cmake_args' from command line to 'None'
[0.604s] Level 5:colcon.colcon_core.verb:set package 'Yolo_Handle' build argument 'catkin_skip_building_tests' from command line to 'False'
[0.604s] DEBUG:colcon.colcon_core.verb:Building package 'Yolo_Handle' with the following arguments: {'ament_cmake_args': None, 'build_base': '/home/mechax/zyb/radar_station/build/Yolo_Handle', 'catkin_cmake_args': None, 'catkin_skip_building_tests': False, 'cmake_args': None, 'cmake_clean_cache': False, 'cmake_clean_first': False, 'cmake_force_configure': False, 'cmake_target': None, 'cmake_target_skip_unavailable': False, 'install_base': '/home/mechax/zyb/radar_station/install/Yolo_Handle', 'merge_install': False, 'path': '/home/mechax/zyb/radar_station/src/Yolo_Handle', 'symlink_install': False, 'test_result_base': None}
[0.610s] Level 5:colcon.colcon_core.verb:set package 'mindvision_camera' build argument 'cmake_args' from command line to 'None'
[0.610s] Level 5:colcon.colcon_core.verb:set package 'mindvision_camera' build argument 'cmake_target' from command line to 'None'
[0.610s] Level 5:colcon.colcon_core.verb:set package 'mindvision_camera' build argument 'cmake_target_skip_unavailable' from command line to 'False'
[0.610s] Level 5:colcon.colcon_core.verb:set package 'mindvision_camera' build argument 'cmake_clean_cache' from command line to 'False'
[0.610s] Level 5:colcon.colcon_core.verb:set package 'mindvision_camera' build argument 'cmake_clean_first' from command line to 'False'
[0.610s] Level 5:colcon.colcon_core.verb:set package 'mindvision_camera' build argument 'cmake_force_configure' from command line to 'False'
[0.610s] Level 5:colcon.colcon_core.verb:set package 'mindvision_camera' build argument 'ament_cmake_args' from command line to 'None'
[0.610s] Level 5:colcon.colcon_core.verb:set package 'mindvision_camera' build argument 'catkin_cmake_args' from command line to 'None'
[0.610s] Level 5:colcon.colcon_core.verb:set package 'mindvision_camera' build argument 'catkin_skip_building_tests' from command line to 'False'
[0.610s] DEBUG:colcon.colcon_core.verb:Building package 'mindvision_camera' with the following arguments: {'ament_cmake_args': None, 'build_base': '/home/mechax/zyb/radar_station/build/mindvision_camera', 'catkin_cmake_args': None, 'catkin_skip_building_tests': False, 'cmake_args': None, 'cmake_clean_cache': False, 'cmake_clean_first': False, 'cmake_force_configure': False, 'cmake_target': None, 'cmake_target_skip_unavailable': False, 'install_base': '/home/mechax/zyb/radar_station/install/mindvision_camera', 'merge_install': False, 'path': '/home/mechax/zyb/radar_station/src/ros2-mindvision-camera', 'symlink_install': False, 'test_result_base': None}
[0.616s] Level 5:colcon.colcon_core.verb:set package 'my_msgss' build argument 'cmake_args' from command line to 'None'
[0.616s] Level 5:colcon.colcon_core.verb:set package 'my_msgss' build argument 'cmake_target' from command line to 'None'
[0.616s] Level 5:colcon.colcon_core.verb:set package 'my_msgss' build argument 'cmake_target_skip_unavailable' from command line to 'False'
[0.616s] Level 5:colcon.colcon_core.verb:set package 'my_msgss' build argument 'cmake_clean_cache' from command line to 'False'
[0.616s] Level 5:colcon.colcon_core.verb:set package 'my_msgss' build argument 'cmake_clean_first' from command line to 'False'
[0.616s] Level 5:colcon.colcon_core.verb:set package 'my_msgss' build argument 'cmake_force_configure' from command line to 'False'
[0.616s] Level 5:colcon.colcon_core.verb:set package 'my_msgss' build argument 'ament_cmake_args' from command line to 'None'
[0.616s] Level 5:colcon.colcon_core.verb:set package 'my_msgss' build argument 'catkin_cmake_args' from command line to 'None'
[0.616s] Level 5:colcon.colcon_core.verb:set package 'my_msgss' build argument 'catkin_skip_building_tests' from command line to 'False'
[0.616s] DEBUG:colcon.colcon_core.verb:Building package 'my_msgss' with the following arguments: {'ament_cmake_args': None, 'build_base': '/home/mechax/zyb/radar_station/build/my_msgss', 'catkin_cmake_args': None, 'catkin_skip_building_tests': False, 'cmake_args': None, 'cmake_clean_cache': False, 'cmake_clean_first': False, 'cmake_force_configure': False, 'cmake_target': None, 'cmake_target_skip_unavailable': False, 'install_base': '/home/mechax/zyb/radar_station/install/my_msgss', 'merge_install': False, 'path': '/home/mechax/zyb/radar_station/src/my_msgss', 'symlink_install': False, 'test_result_base': None}
[0.621s] Level 5:colcon.colcon_core.verb:set package 'Game_Map' build argument 'cmake_args' from command line to 'None'
[0.621s] Level 5:colcon.colcon_core.verb:set package 'Game_Map' build argument 'cmake_target' from command line to 'None'
[0.622s] Level 5:colcon.colcon_core.verb:set package 'Game_Map' build argument 'cmake_target_skip_unavailable' from command line to 'False'
[0.622s] Level 5:colcon.colcon_core.verb:set package 'Game_Map' build argument 'cmake_clean_cache' from command line to 'False'
[0.622s] Level 5:colcon.colcon_core.verb:set package 'Game_Map' build argument 'cmake_clean_first' from command line to 'False'
[0.622s] Level 5:colcon.colcon_core.verb:set package 'Game_Map' build argument 'cmake_force_configure' from command line to 'False'
[0.622s] Level 5:colcon.colcon_core.verb:set package 'Game_Map' build argument 'ament_cmake_args' from command line to 'None'
[0.622s] Level 5:colcon.colcon_core.verb:set package 'Game_Map' build argument 'catkin_cmake_args' from command line to 'None'
[0.622s] Level 5:colcon.colcon_core.verb:set package 'Game_Map' build argument 'catkin_skip_building_tests' from command line to 'False'
[0.622s] DEBUG:colcon.colcon_core.verb:Building package 'Game_Map' with the following arguments: {'ament_cmake_args': None, 'build_base': '/home/mechax/zyb/radar_station/build/Game_Map', 'catkin_cmake_args': None, 'catkin_skip_building_tests': False, 'cmake_args': None, 'cmake_clean_cache': False, 'cmake_clean_first': False, 'cmake_force_configure': False, 'cmake_target': None, 'cmake_target_skip_unavailable': False, 'install_base': '/home/mechax/zyb/radar_station/install/Game_Map', 'merge_install': False, 'path': '/home/mechax/zyb/radar_station/src/Game_Map', 'symlink_install': False, 'test_result_base': None}
[0.627s] Level 5:colcon.colcon_core.verb:set package 'Img_Handle' build argument 'cmake_args' from command line to 'None'
[0.627s] Level 5:colcon.colcon_core.verb:set package 'Img_Handle' build argument 'cmake_target' from command line to 'None'
[0.627s] Level 5:colcon.colcon_core.verb:set package 'Img_Handle' build argument 'cmake_target_skip_unavailable' from command line to 'False'
[0.627s] Level 5:colcon.colcon_core.verb:set package 'Img_Handle' build argument 'cmake_clean_cache' from command line to 'False'
[0.627s] Level 5:colcon.colcon_core.verb:set package 'Img_Handle' build argument 'cmake_clean_first' from command line to 'False'
[0.627s] Level 5:colcon.colcon_core.verb:set package 'Img_Handle' build argument 'cmake_force_configure' from command line to 'False'
[0.627s] Level 5:colcon.colcon_core.verb:set package 'Img_Handle' build argument 'ament_cmake_args' from command line to 'None'
[0.627s] Level 5:colcon.colcon_core.verb:set package 'Img_Handle' build argument 'catkin_cmake_args' from command line to 'None'
[0.627s] Level 5:colcon.colcon_core.verb:set package 'Img_Handle' build argument 'catkin_skip_building_tests' from command line to 'False'
[0.627s] DEBUG:colcon.colcon_core.verb:Building package 'Img_Handle' with the following arguments: {'ament_cmake_args': None, 'build_base': '/home/mechax/zyb/radar_station/build/Img_Handle', 'catkin_cmake_args': None, 'catkin_skip_building_tests': False, 'cmake_args': None, 'cmake_clean_cache': False, 'cmake_clean_first': False, 'cmake_force_configure': False, 'cmake_target': None, 'cmake_target_skip_unavailable': False, 'install_base': '/home/mechax/zyb/radar_station/install/Img_Handle', 'merge_install': False, 'path': '/home/mechax/zyb/radar_station/src/Img_Handle', 'symlink_install': False, 'test_result_base': None}
[0.633s] Level 5:colcon.colcon_core.verb:set package 'get_depth' build argument 'cmake_args' from command line to 'None'
[0.633s] Level 5:colcon.colcon_core.verb:set package 'get_depth' build argument 'cmake_target' from command line to 'None'
[0.633s] Level 5:colcon.colcon_core.verb:set package 'get_depth' build argument 'cmake_target_skip_unavailable' from command line to 'False'
[0.633s] Level 5:colcon.colcon_core.verb:set package 'get_depth' build argument 'cmake_clean_cache' from command line to 'False'
[0.633s] Level 5:colcon.colcon_core.verb:set package 'get_depth' build argument 'cmake_clean_first' from command line to 'False'
[0.633s] Level 5:colcon.colcon_core.verb:set package 'get_depth' build argument 'cmake_force_configure' from command line to 'False'
[0.633s] Level 5:colcon.colcon_core.verb:set package 'get_depth' build argument 'ament_cmake_args' from command line to 'None'
[0.633s] Level 5:colcon.colcon_core.verb:set package 'get_depth' build argument 'catkin_cmake_args' from command line to 'None'
[0.633s] Level 5:colcon.colcon_core.verb:set package 'get_depth' build argument 'catkin_skip_building_tests' from command line to 'False'
[0.633s] DEBUG:colcon.colcon_core.verb:Building package 'get_depth' with the following arguments: {'ament_cmake_args': None, 'build_base': '/home/mechax/zyb/radar_station/build/get_depth', 'catkin_cmake_args': None, 'catkin_skip_building_tests': False, 'cmake_args': None, 'cmake_clean_cache': False, 'cmake_clean_first': False, 'cmake_force_configure': False, 'cmake_target': None, 'cmake_target_skip_unavailable': False, 'install_base': '/home/mechax/zyb/radar_station/install/get_depth', 'merge_install': False, 'path': '/home/mechax/zyb/radar_station/src/get_depth', 'symlink_install': False, 'test_result_base': None}
[0.639s] Level 5:colcon.colcon_core.verb:set package 'map_test' build argument 'cmake_args' from command line to 'None'
[0.639s] Level 5:colcon.colcon_core.verb:set package 'map_test' build argument 'cmake_target' from command line to 'None'
[0.639s] Level 5:colcon.colcon_core.verb:set package 'map_test' build argument 'cmake_target_skip_unavailable' from command line to 'False'
[0.639s] Level 5:colcon.colcon_core.verb:set package 'map_test' build argument 'cmake_clean_cache' from command line to 'False'
[0.639s] Level 5:colcon.colcon_core.verb:set package 'map_test' build argument 'cmake_clean_first' from command line to 'False'
[0.639s] Level 5:colcon.colcon_core.verb:set package 'map_test' build argument 'cmake_force_configure' from command line to 'False'
[0.639s] Level 5:colcon.colcon_core.verb:set package 'map_test' build argument 'ament_cmake_args' from command line to 'None'
[0.639s] Level 5:colcon.colcon_core.verb:set package 'map_test' build argument 'catkin_cmake_args' from command line to 'None'
[0.639s] Level 5:colcon.colcon_core.verb:set package 'map_test' build argument 'catkin_skip_building_tests' from command line to 'False'
[0.639s] DEBUG:colcon.colcon_core.verb:Building package 'map_test' with the following arguments: {'ament_cmake_args': None, 'build_base': '/home/mechax/zyb/radar_station/build/map_test', 'catkin_cmake_args': None, 'catkin_skip_building_tests': False, 'cmake_args': None, 'cmake_clean_cache': False, 'cmake_clean_first': False, 'cmake_force_configure': False, 'cmake_target': None, 'cmake_target_skip_unavailable': False, 'install_base': '/home/mechax/zyb/radar_station/install/map_test', 'merge_install': False, 'path': '/home/mechax/zyb/radar_station/src/map_test', 'symlink_install': False, 'test_result_base': None}
[0.645s] INFO:colcon.colcon_core.executor:Executing jobs using 'parallel' executor
[0.651s] DEBUG:colcon.colcon_parallel_executor.executor.parallel:run_until_complete
[0.651s] INFO:colcon.colcon_ros.task.ament_cmake.build:Building ROS package in '/home/mechax/zyb/radar_station/src/my_msgss' with build type 'ament_cmake'
[0.651s] INFO:colcon.colcon_cmake.task.cmake.build:Building CMake package in '/home/mechax/zyb/radar_station/src/my_msgss'
[0.658s] INFO:colcon.colcon_core.plugin_system:Skipping extension 'colcon_core.shell.bat': Not used on non-Windows systems
[0.658s] INFO:colcon.colcon_core.shell:Skip shell extension 'powershell' for command environment: Not usable outside of PowerShell
[0.658s] DEBUG:colcon.colcon_core.shell:Skip shell extension 'dsv' for command environment
[0.686s] INFO:colcon.colcon_ros.task.ament_cmake.build:Building ROS package in '/home/mechax/zyb/radar_station/src/Qt5_displayer' with build type 'ament_cmake'
[0.686s] INFO:colcon.colcon_cmake.task.cmake.build:Building CMake package in '/home/mechax/zyb/radar_station/src/Qt5_displayer'
[0.692s] INFO:colcon.colcon_core.shell:Skip shell extension 'powershell' for command environment: Not usable outside of PowerShell
[0.692s] DEBUG:colcon.colcon_core.shell:Skip shell extension 'dsv' for command environment
[0.729s] INFO:colcon.colcon_ros.task.ament_cmake.build:Building ROS package in '/home/mechax/zyb/radar_station/src/Yolo_Handle' with build type 'ament_cmake'
[0.730s] INFO:colcon.colcon_cmake.task.cmake.build:Building CMake package in '/home/mechax/zyb/radar_station/src/Yolo_Handle'
[0.737s] INFO:colcon.colcon_core.shell:Skip shell extension 'powershell' for command environment: Not usable outside of PowerShell
[0.737s] DEBUG:colcon.colcon_core.shell:Skip shell extension 'dsv' for command environment
[0.764s] INFO:colcon.colcon_ros.task.ament_cmake.build:Building ROS package in '/home/mechax/zyb/radar_station/src/ros2-mindvision-camera' with build type 'ament_cmake'
[0.764s] INFO:colcon.colcon_cmake.task.cmake.build:Building CMake package in '/home/mechax/zyb/radar_station/src/ros2-mindvision-camera'
[0.771s] INFO:colcon.colcon_core.shell:Skip shell extension 'powershell' for command environment: Not usable outside of PowerShell
[0.772s] DEBUG:colcon.colcon_core.shell:Skip shell extension 'dsv' for command environment
[0.803s] DEBUG:colcon.colcon_core.event_handler.log_command:Invoking command in '/home/mechax/zyb/radar_station/build/my_msgss': CMAKE_PREFIX_PATH=${CMAKE_PREFIX_PATH}:/opt/ros/humble /usr/bin/cmake --build /home/mechax/zyb/radar_station/build/my_msgss -- -j16 -l16
[0.805s] DEBUG:colcon.colcon_core.event_handler.log_command:Invoking command in '/home/mechax/zyb/radar_station/build/Qt5_displayer': CMAKE_PREFIX_PATH=${CMAKE_PREFIX_PATH}:/opt/ros/humble /usr/bin/cmake --build /home/mechax/zyb/radar_station/build/Qt5_displayer -- -j16 -l16
[0.807s] DEBUG:colcon.colcon_core.event_handler.log_command:Invoking command in '/home/mechax/zyb/radar_station/build/Yolo_Handle': CMAKE_PREFIX_PATH=${CMAKE_PREFIX_PATH}:/opt/ros/humble /usr/bin/cmake --build /home/mechax/zyb/radar_station/build/Yolo_Handle -- -j16 -l16
[0.810s] DEBUG:colcon.colcon_core.event_handler.log_command:Invoking command in '/home/mechax/zyb/radar_station/build/mindvision_camera': CMAKE_PREFIX_PATH=${CMAKE_PREFIX_PATH}:/opt/ros/humble /usr/bin/cmake --build /home/mechax/zyb/radar_station/build/mindvision_camera -- -j16 -l16
[0.833s] DEBUG:colcon.colcon_core.event_handler.log_command:Invoked command in '/home/mechax/zyb/radar_station/build/Yolo_Handle' returned '0': CMAKE_PREFIX_PATH=${CMAKE_PREFIX_PATH}:/opt/ros/humble /usr/bin/cmake --build /home/mechax/zyb/radar_station/build/Yolo_Handle -- -j16 -l16
[0.862s] DEBUG:colcon.colcon_core.event_handler.log_command:Invoking command in '/home/mechax/zyb/radar_station/build/Yolo_Handle': CMAKE_PREFIX_PATH=${CMAKE_PREFIX_PATH}:/opt/ros/humble /usr/bin/cmake --install /home/mechax/zyb/radar_station/build/Yolo_Handle
[0.864s] DEBUG:colcon.colcon_core.event_handler.log_command:Invoked command in '/home/mechax/zyb/radar_station/build/mindvision_camera' returned '0': CMAKE_PREFIX_PATH=${CMAKE_PREFIX_PATH}:/opt/ros/humble /usr/bin/cmake --build /home/mechax/zyb/radar_station/build/mindvision_camera -- -j16 -l16
[0.869s] Level 1:colcon.colcon_core.environment:create_environment_scripts_only(Yolo_Handle)
[0.869s] DEBUG:colcon.colcon_core.event_handler.log_command:Invoked command in '/home/mechax/zyb/radar_station/build/Yolo_Handle' returned '0': CMAKE_PREFIX_PATH=${CMAKE_PREFIX_PATH}:/opt/ros/humble /usr/bin/cmake --install /home/mechax/zyb/radar_station/build/Yolo_Handle
[0.890s] Level 1:colcon.colcon_core.environment:checking '/home/mechax/zyb/radar_station/install/Yolo_Handle' for CMake module files
[0.890s] Level 1:colcon.colcon_core.environment:checking '/home/mechax/zyb/radar_station/install/Yolo_Handle' for CMake config files
[0.890s] Level 1:colcon.colcon_core.shell:create_environment_hook('Yolo_Handle', 'cmake_prefix_path')
[0.908s] INFO:colcon.colcon_core.shell:Creating environment hook '/home/mechax/zyb/radar_station/install/Yolo_Handle/share/Yolo_Handle/hook/cmake_prefix_path.ps1'
[0.908s] INFO:colcon.colcon_core.shell:Creating environment descriptor '/home/mechax/zyb/radar_station/install/Yolo_Handle/share/Yolo_Handle/hook/cmake_prefix_path.dsv'
[0.909s] INFO:colcon.colcon_core.shell:Creating environment hook '/home/mechax/zyb/radar_station/install/Yolo_Handle/share/Yolo_Handle/hook/cmake_prefix_path.sh'
[0.910s] Level 1:colcon.colcon_core.environment:checking '/home/mechax/zyb/radar_station/install/Yolo_Handle/bin'
[0.910s] Level 1:colcon.colcon_core.environment:checking '/home/mechax/zyb/radar_station/install/Yolo_Handle/lib/pkgconfig/Yolo_Handle.pc'
[0.910s] Level 1:colcon.colcon_core.environment:checking '/home/mechax/zyb/radar_station/install/Yolo_Handle/lib/python3.10/site-packages'
[0.910s] Level 1:colcon.colcon_core.environment:checking '/home/mechax/zyb/radar_station/install/Yolo_Handle/bin'
[0.928s] INFO:colcon.colcon_core.shell:Creating package script '/home/mechax/zyb/radar_station/install/Yolo_Handle/share/Yolo_Handle/package.ps1'
[0.929s] INFO:colcon.colcon_core.shell:Creating package descriptor '/home/mechax/zyb/radar_station/install/Yolo_Handle/share/Yolo_Handle/package.dsv'
[0.929s] INFO:colcon.colcon_core.shell:Creating package script '/home/mechax/zyb/radar_station/install/Yolo_Handle/share/Yolo_Handle/package.sh'
[0.930s] INFO:colcon.colcon_core.shell:Creating package script '/home/mechax/zyb/radar_station/install/Yolo_Handle/share/Yolo_Handle/package.bash'
[0.931s] INFO:colcon.colcon_core.shell:Creating package script '/home/mechax/zyb/radar_station/install/Yolo_Handle/share/Yolo_Handle/package.zsh'
[0.931s] Level 1:colcon.colcon_core.environment:create_file_with_runtime_dependencies(/home/mechax/zyb/radar_station/install/Yolo_Handle/share/colcon-core/packages/Yolo_Handle)
[0.934s] DEBUG:colcon.colcon_core.event_handler.log_command:Invoking command in '/home/mechax/zyb/radar_station/build/mindvision_camera': CMAKE_PREFIX_PATH=${CMAKE_PREFIX_PATH}:/opt/ros/humble /usr/bin/cmake --install /home/mechax/zyb/radar_station/build/mindvision_camera
[0.940s] Level 1:colcon.colcon_core.environment:create_environment_scripts_only(mindvision_camera)
[0.942s] DEBUG:colcon.colcon_core.event_handler.log_command:Invoked command in '/home/mechax/zyb/radar_station/build/mindvision_camera' returned '0': CMAKE_PREFIX_PATH=${CMAKE_PREFIX_PATH}:/opt/ros/humble /usr/bin/cmake --install /home/mechax/zyb/radar_station/build/mindvision_camera
[0.953s] Level 1:colcon.colcon_core.environment:checking '/home/mechax/zyb/radar_station/install/mindvision_camera' for CMake module files
[0.953s] Level 1:colcon.colcon_core.environment:checking '/home/mechax/zyb/radar_station/install/mindvision_camera' for CMake config files
[0.953s] Level 1:colcon.colcon_core.shell:create_environment_hook('mindvision_camera', 'cmake_prefix_path')
[0.960s] INFO:colcon.colcon_core.shell:Creating environment hook '/home/mechax/zyb/radar_station/install/mindvision_camera/share/mindvision_camera/hook/cmake_prefix_path.ps1'
[0.960s] INFO:colcon.colcon_core.shell:Creating environment descriptor '/home/mechax/zyb/radar_station/install/mindvision_camera/share/mindvision_camera/hook/cmake_prefix_path.dsv'
[0.960s] INFO:colcon.colcon_core.shell:Creating environment hook '/home/mechax/zyb/radar_station/install/mindvision_camera/share/mindvision_camera/hook/cmake_prefix_path.sh'
[0.961s] Level 1:colcon.colcon_core.environment:checking '/home/mechax/zyb/radar_station/install/mindvision_camera/lib'
[0.961s] Level 1:colcon.colcon_core.shell:create_environment_hook('mindvision_camera', 'ld_library_path_lib')
[0.967s] INFO:colcon.colcon_core.shell:Creating environment hook '/home/mechax/zyb/radar_station/install/mindvision_camera/share/mindvision_camera/hook/ld_library_path_lib.ps1'
[0.968s] INFO:colcon.colcon_core.shell:Creating environment descriptor '/home/mechax/zyb/radar_station/install/mindvision_camera/share/mindvision_camera/hook/ld_library_path_lib.dsv'
[0.968s] INFO:colcon.colcon_core.shell:Creating environment hook '/home/mechax/zyb/radar_station/install/mindvision_camera/share/mindvision_camera/hook/ld_library_path_lib.sh'
[0.968s] Level 1:colcon.colcon_core.environment:checking '/home/mechax/zyb/radar_station/install/mindvision_camera/bin'
[0.968s] Level 1:colcon.colcon_core.environment:checking '/home/mechax/zyb/radar_station/install/mindvision_camera/lib/pkgconfig/mindvision_camera.pc'
[0.968s] Level 1:colcon.colcon_core.environment:checking '/home/mechax/zyb/radar_station/install/mindvision_camera/lib/python3.10/site-packages'
[0.968s] Level 1:colcon.colcon_core.environment:checking '/home/mechax/zyb/radar_station/install/mindvision_camera/bin'
[0.976s] INFO:colcon.colcon_core.shell:Creating package script '/home/mechax/zyb/radar_station/install/mindvision_camera/share/mindvision_camera/package.ps1'
[0.976s] INFO:colcon.colcon_core.shell:Creating package descriptor '/home/mechax/zyb/radar_station/install/mindvision_camera/share/mindvision_camera/package.dsv'
[0.976s] INFO:colcon.colcon_core.shell:Creating package script '/home/mechax/zyb/radar_station/install/mindvision_camera/share/mindvision_camera/package.sh'
[0.976s] INFO:colcon.colcon_core.shell:Creating package script '/home/mechax/zyb/radar_station/install/mindvision_camera/share/mindvision_camera/package.bash'
[0.976s] INFO:colcon.colcon_core.shell:Creating package script '/home/mechax/zyb/radar_station/install/mindvision_camera/share/mindvision_camera/package.zsh'
[0.977s] Level 1:colcon.colcon_core.environment:create_file_with_runtime_dependencies(/home/mechax/zyb/radar_station/install/mindvision_camera/share/colcon-core/packages/mindvision_camera)
[0.989s] Level 1:colcon.colcon_core.environment:create_environment_scripts_only(Yolo_Handle)
[1.006s] Level 1:colcon.colcon_core.environment:checking '/home/mechax/zyb/radar_station/install/Yolo_Handle' for CMake module files
[1.006s] Level 1:colcon.colcon_core.environment:checking '/home/mechax/zyb/radar_station/install/Yolo_Handle' for CMake config files
[1.006s] Level 1:colcon.colcon_core.shell:create_environment_hook('Yolo_Handle', 'cmake_prefix_path')
[1.022s] INFO:colcon.colcon_core.shell:Creating environment hook '/home/mechax/zyb/radar_station/install/Yolo_Handle/share/Yolo_Handle/hook/cmake_prefix_path.ps1'
[1.022s] INFO:colcon.colcon_core.shell:Creating environment descriptor '/home/mechax/zyb/radar_station/install/Yolo_Handle/share/Yolo_Handle/hook/cmake_prefix_path.dsv'
[1.022s] INFO:colcon.colcon_core.shell:Creating environment hook '/home/mechax/zyb/radar_station/install/Yolo_Handle/share/Yolo_Handle/hook/cmake_prefix_path.sh'
[1.022s] Level 1:colcon.colcon_core.environment:checking '/home/mechax/zyb/radar_station/install/Yolo_Handle/bin'
[1.022s] Level 1:colcon.colcon_core.environment:checking '/home/mechax/zyb/radar_station/install/Yolo_Handle/lib/pkgconfig/Yolo_Handle.pc'
[1.022s] Level 1:colcon.colcon_core.environment:checking '/home/mechax/zyb/radar_station/install/Yolo_Handle/lib/python3.10/site-packages'
[1.023s] Level 1:colcon.colcon_core.environment:checking '/home/mechax/zyb/radar_station/install/Yolo_Handle/bin'
[1.029s] INFO:colcon.colcon_core.shell:Creating package script '/home/mechax/zyb/radar_station/install/Yolo_Handle/share/Yolo_Handle/package.ps1'
[1.029s] INFO:colcon.colcon_core.shell:Creating package descriptor '/home/mechax/zyb/radar_station/install/Yolo_Handle/share/Yolo_Handle/package.dsv'
[1.030s] INFO:colcon.colcon_core.shell:Creating package script '/home/mechax/zyb/radar_station/install/Yolo_Handle/share/Yolo_Handle/package.sh'
[1.030s] INFO:colcon.colcon_core.shell:Creating package script '/home/mechax/zyb/radar_station/install/Yolo_Handle/share/Yolo_Handle/package.bash'
[1.030s] INFO:colcon.colcon_core.shell:Creating package script '/home/mechax/zyb/radar_station/install/Yolo_Handle/share/Yolo_Handle/package.zsh'
[1.030s] Level 1:colcon.colcon_core.environment:create_file_with_runtime_dependencies(/home/mechax/zyb/radar_station/install/Yolo_Handle/share/colcon-core/packages/Yolo_Handle)
[1.039s] Level 1:colcon.colcon_core.environment:create_environment_scripts_only(mindvision_camera)
[1.047s] Level 1:colcon.colcon_core.environment:checking '/home/mechax/zyb/radar_station/install/mindvision_camera' for CMake module files
[1.047s] Level 1:colcon.colcon_core.environment:checking '/home/mechax/zyb/radar_station/install/mindvision_camera' for CMake config files
[1.047s] Level 1:colcon.colcon_core.shell:create_environment_hook('mindvision_camera', 'cmake_prefix_path')
[1.054s] INFO:colcon.colcon_core.shell:Creating environment hook '/home/mechax/zyb/radar_station/install/mindvision_camera/share/mindvision_camera/hook/cmake_prefix_path.ps1'
[1.055s] INFO:colcon.colcon_core.shell:Creating environment descriptor '/home/mechax/zyb/radar_station/install/mindvision_camera/share/mindvision_camera/hook/cmake_prefix_path.dsv'
[1.055s] INFO:colcon.colcon_core.shell:Creating environment hook '/home/mechax/zyb/radar_station/install/mindvision_camera/share/mindvision_camera/hook/cmake_prefix_path.sh'
[1.055s] Level 1:colcon.colcon_core.environment:checking '/home/mechax/zyb/radar_station/install/mindvision_camera/lib'
[1.055s] Level 1:colcon.colcon_core.shell:create_environment_hook('mindvision_camera', 'ld_library_path_lib')
[1.062s] INFO:colcon.colcon_core.shell:Creating environment hook '/home/mechax/zyb/radar_station/install/mindvision_camera/share/mindvision_camera/hook/ld_library_path_lib.ps1'
[1.062s] INFO:colcon.colcon_core.shell:Creating environment descriptor '/home/mechax/zyb/radar_station/install/mindvision_camera/share/mindvision_camera/hook/ld_library_path_lib.dsv'
[1.062s] INFO:colcon.colcon_core.shell:Creating environment hook '/home/mechax/zyb/radar_station/install/mindvision_camera/share/mindvision_camera/hook/ld_library_path_lib.sh'
[1.063s] Level 1:colcon.colcon_core.environment:checking '/home/mechax/zyb/radar_station/install/mindvision_camera/bin'
[1.063s] Level 1:colcon.colcon_core.environment:checking '/home/mechax/zyb/radar_station/install/mindvision_camera/lib/pkgconfig/mindvision_camera.pc'
[1.063s] Level 1:colcon.colcon_core.environment:checking '/home/mechax/zyb/radar_station/install/mindvision_camera/lib/python3.10/site-packages'
[1.063s] Level 1:colcon.colcon_core.environment:checking '/home/mechax/zyb/radar_station/install/mindvision_camera/bin'
[1.071s] INFO:colcon.colcon_core.shell:Creating package script '/home/mechax/zyb/radar_station/install/mindvision_camera/share/mindvision_camera/package.ps1'
[1.071s] INFO:colcon.colcon_core.shell:Creating package descriptor '/home/mechax/zyb/radar_station/install/mindvision_camera/share/mindvision_camera/package.dsv'
[1.072s] INFO:colcon.colcon_core.shell:Creating package script '/home/mechax/zyb/radar_station/install/mindvision_camera/share/mindvision_camera/package.sh'
[1.072s] INFO:colcon.colcon_core.shell:Creating package script '/home/mechax/zyb/radar_station/install/mindvision_camera/share/mindvision_camera/package.bash'
[1.072s] INFO:colcon.colcon_core.shell:Creating package script '/home/mechax/zyb/radar_station/install/mindvision_camera/share/mindvision_camera/package.zsh'
[1.072s] Level 1:colcon.colcon_core.environment:create_file_with_runtime_dependencies(/home/mechax/zyb/radar_station/install/mindvision_camera/share/colcon-core/packages/mindvision_camera)
[1.074s] DEBUG:colcon.colcon_core.event_handler.log_command:Invoked command in '/home/mechax/zyb/radar_station/build/my_msgss' returned '0': CMAKE_PREFIX_PATH=${CMAKE_PREFIX_PATH}:/opt/ros/humble /usr/bin/cmake --build /home/mechax/zyb/radar_station/build/my_msgss -- -j16 -l16
[1.155s] DEBUG:colcon.colcon_core.event_handler.log_command:Invoking command in '/home/mechax/zyb/radar_station/build/my_msgss': CMAKE_PREFIX_PATH=${CMAKE_PREFIX_PATH}:/opt/ros/humble /usr/bin/cmake --install /home/mechax/zyb/radar_station/build/my_msgss
[1.192s] Level 1:colcon.colcon_core.environment:create_environment_scripts_only(my_msgss)
[1.196s] DEBUG:colcon.colcon_core.event_handler.log_command:Invoked command in '/home/mechax/zyb/radar_station/build/my_msgss' returned '0': CMAKE_PREFIX_PATH=${CMAKE_PREFIX_PATH}:/opt/ros/humble /usr/bin/cmake --install /home/mechax/zyb/radar_station/build/my_msgss
[1.210s] Level 1:colcon.colcon_core.environment:checking '/home/mechax/zyb/radar_station/install/my_msgss' for CMake module files
[1.211s] Level 1:colcon.colcon_core.environment:checking '/home/mechax/zyb/radar_station/install/my_msgss' for CMake config files
[1.211s] Level 1:colcon.colcon_core.shell:create_environment_hook('my_msgss', 'cmake_prefix_path')
[1.224s] INFO:colcon.colcon_core.shell:Creating environment hook '/home/mechax/zyb/radar_station/install/my_msgss/share/my_msgss/hook/cmake_prefix_path.ps1'
[1.224s] INFO:colcon.colcon_core.shell:Creating environment descriptor '/home/mechax/zyb/radar_station/install/my_msgss/share/my_msgss/hook/cmake_prefix_path.dsv'
[1.225s] INFO:colcon.colcon_core.shell:Creating environment hook '/home/mechax/zyb/radar_station/install/my_msgss/share/my_msgss/hook/cmake_prefix_path.sh'
[1.225s] Level 1:colcon.colcon_core.environment:checking '/home/mechax/zyb/radar_station/install/my_msgss/lib'
[1.225s] Level 1:colcon.colcon_core.shell:create_environment_hook('my_msgss', 'ld_library_path_lib')
[1.231s] INFO:colcon.colcon_core.shell:Creating environment hook '/home/mechax/zyb/radar_station/install/my_msgss/share/my_msgss/hook/ld_library_path_lib.ps1'
[1.232s] INFO:colcon.colcon_core.shell:Creating environment descriptor '/home/mechax/zyb/radar_station/install/my_msgss/share/my_msgss/hook/ld_library_path_lib.dsv'
[1.232s] INFO:colcon.colcon_core.shell:Creating environment hook '/home/mechax/zyb/radar_station/install/my_msgss/share/my_msgss/hook/ld_library_path_lib.sh'
[1.233s] Level 1:colcon.colcon_core.environment:checking '/home/mechax/zyb/radar_station/install/my_msgss/bin'
[1.233s] Level 1:colcon.colcon_core.environment:checking '/home/mechax/zyb/radar_station/install/my_msgss/lib/pkgconfig/my_msgss.pc'
[1.233s] Level 1:colcon.colcon_core.environment:checking '/home/mechax/zyb/radar_station/install/my_msgss/lib/python3.10/site-packages'
[1.233s] Level 1:colcon.colcon_core.environment:checking '/home/mechax/zyb/radar_station/install/my_msgss/bin'
[1.240s] INFO:colcon.colcon_core.shell:Creating package script '/home/mechax/zyb/radar_station/install/my_msgss/share/my_msgss/package.ps1'
[1.240s] INFO:colcon.colcon_core.shell:Creating package descriptor '/home/mechax/zyb/radar_station/install/my_msgss/share/my_msgss/package.dsv'
[1.241s] INFO:colcon.colcon_core.shell:Creating package script '/home/mechax/zyb/radar_station/install/my_msgss/share/my_msgss/package.sh'
[1.241s] INFO:colcon.colcon_core.shell:Creating package script '/home/mechax/zyb/radar_station/install/my_msgss/share/my_msgss/package.bash'
[1.241s] INFO:colcon.colcon_core.shell:Creating package script '/home/mechax/zyb/radar_station/install/my_msgss/share/my_msgss/package.zsh'
[1.241s] Level 1:colcon.colcon_core.environment:create_file_with_runtime_dependencies(/home/mechax/zyb/radar_station/install/my_msgss/share/colcon-core/packages/my_msgss)
[1.331s] Level 1:colcon.colcon_core.environment:create_environment_scripts_only(my_msgss)
[1.337s] Level 1:colcon.colcon_core.environment:checking '/home/mechax/zyb/radar_station/install/my_msgss' for CMake module files
[1.338s] Level 1:colcon.colcon_core.environment:checking '/home/mechax/zyb/radar_station/install/my_msgss' for CMake config files
[1.338s] Level 1:colcon.colcon_core.shell:create_environment_hook('my_msgss', 'cmake_prefix_path')
[1.344s] INFO:colcon.colcon_core.shell:Creating environment hook '/home/mechax/zyb/radar_station/install/my_msgss/share/my_msgss/hook/cmake_prefix_path.ps1'
[1.345s] INFO:colcon.colcon_core.shell:Creating environment descriptor '/home/mechax/zyb/radar_station/install/my_msgss/share/my_msgss/hook/cmake_prefix_path.dsv'
[1.345s] INFO:colcon.colcon_core.shell:Creating environment hook '/home/mechax/zyb/radar_station/install/my_msgss/share/my_msgss/hook/cmake_prefix_path.sh'
[1.345s] Level 1:colcon.colcon_core.environment:checking '/home/mechax/zyb/radar_station/install/my_msgss/lib'
[1.345s] Level 1:colcon.colcon_core.shell:create_environment_hook('my_msgss', 'ld_library_path_lib')
[1.352s] INFO:colcon.colcon_core.shell:Creating environment hook '/home/mechax/zyb/radar_station/install/my_msgss/share/my_msgss/hook/ld_library_path_lib.ps1'
[1.352s] INFO:colcon.colcon_core.shell:Creating environment descriptor '/home/mechax/zyb/radar_station/install/my_msgss/share/my_msgss/hook/ld_library_path_lib.dsv'
[1.353s] INFO:colcon.colcon_core.shell:Creating environment hook '/home/mechax/zyb/radar_station/install/my_msgss/share/my_msgss/hook/ld_library_path_lib.sh'
[1.353s] Level 1:colcon.colcon_core.environment:checking '/home/mechax/zyb/radar_station/install/my_msgss/bin'
[1.353s] Level 1:colcon.colcon_core.environment:checking '/home/mechax/zyb/radar_station/install/my_msgss/lib/pkgconfig/my_msgss.pc'
[1.354s] Level 1:colcon.colcon_core.environment:checking '/home/mechax/zyb/radar_station/install/my_msgss/lib/python3.10/site-packages'
[1.354s] Level 1:colcon.colcon_core.environment:checking '/home/mechax/zyb/radar_station/install/my_msgss/bin'
[1.363s] INFO:colcon.colcon_core.shell:Creating package script '/home/mechax/zyb/radar_station/install/my_msgss/share/my_msgss/package.ps1'
[1.363s] INFO:colcon.colcon_core.shell:Creating package descriptor '/home/mechax/zyb/radar_station/install/my_msgss/share/my_msgss/package.dsv'
[1.363s] INFO:colcon.colcon_core.shell:Creating package script '/home/mechax/zyb/radar_station/install/my_msgss/share/my_msgss/package.sh'
[1.363s] INFO:colcon.colcon_core.shell:Creating package script '/home/mechax/zyb/radar_station/install/my_msgss/share/my_msgss/package.bash'
[1.364s] INFO:colcon.colcon_core.shell:Creating package script '/home/mechax/zyb/radar_station/install/my_msgss/share/my_msgss/package.zsh'
[1.364s] Level 1:colcon.colcon_core.environment:create_file_with_runtime_dependencies(/home/mechax/zyb/radar_station/install/my_msgss/share/colcon-core/packages/my_msgss)
[1.364s] INFO:colcon.colcon_ros.task.ament_cmake.build:Building ROS package in '/home/mechax/zyb/radar_station/src/Game_Map' with build type 'ament_cmake'
[1.364s] INFO:colcon.colcon_cmake.task.cmake.build:Building CMake package in '/home/mechax/zyb/radar_station/src/Game_Map'
[1.372s] INFO:colcon.colcon_core.shell:Skip shell extension 'powershell' for command environment: Not usable outside of PowerShell
[1.372s] DEBUG:colcon.colcon_core.shell:Skip shell extension 'dsv' for command environment
[1.401s] INFO:colcon.colcon_ros.task.ament_cmake.build:Building ROS package in '/home/mechax/zyb/radar_station/src/Img_Handle' with build type 'ament_cmake'
[1.402s] INFO:colcon.colcon_cmake.task.cmake.build:Building CMake package in '/home/mechax/zyb/radar_station/src/Img_Handle'
[1.410s] INFO:colcon.colcon_core.shell:Skip shell extension 'powershell' for command environment: Not usable outside of PowerShell
[1.410s] DEBUG:colcon.colcon_core.shell:Skip shell extension 'dsv' for command environment
[1.439s] INFO:colcon.colcon_ros.task.ament_cmake.build:Building ROS package in '/home/mechax/zyb/radar_station/src/get_depth' with build type 'ament_cmake'
[1.439s] INFO:colcon.colcon_cmake.task.cmake.build:Building CMake package in '/home/mechax/zyb/radar_station/src/get_depth'
[1.446s] INFO:colcon.colcon_core.shell:Skip shell extension 'powershell' for command environment: Not usable outside of PowerShell
[1.446s] DEBUG:colcon.colcon_core.shell:Skip shell extension 'dsv' for command environment
[1.476s] INFO:colcon.colcon_ros.task.ament_cmake.build:Building ROS package in '/home/mechax/zyb/radar_station/src/map_test' with build type 'ament_cmake'
[1.476s] INFO:colcon.colcon_cmake.task.cmake.build:Building CMake package in '/home/mechax/zyb/radar_station/src/map_test'
[1.492s] INFO:colcon.colcon_core.shell:Skip shell extension 'powershell' for command environment: Not usable outside of PowerShell
[1.492s] DEBUG:colcon.colcon_core.shell:Skip shell extension 'dsv' for command environment
[1.528s] DEBUG:colcon.colcon_core.event_handler.log_command:Invoking command in '/home/mechax/zyb/radar_station/build/Game_Map': CMAKE_PREFIX_PATH=/home/mechax/zyb/radar_station/install/my_msgss:/home/mechax/zyb/radar_station/install/map_test:/home/mechax/zyb/radar_station/install/get_depth:/home/mechax/zyb/radar_station/install/Img_Handle:/home/mechax/zyb/radar_station/install/Game_Map:/home/mechax/zyb/radar_station/install/mindvision_camera:/home/mechax/zyb/radar_station/install/Yolo_Handle:/home/mechax/zyb/radar_station/install/Qt5_displayer:/home/mechax/ws_livox/install/livox_ros2_driver:/home/mechax/ws_livox/install/livox_sdk_vendor:/home/mechax/ws_livox/install/livox_interfaces:/opt/ros/humble /usr/bin/cmake --build /home/mechax/zyb/radar_station/build/Game_Map -- -j16 -l16
[1.530s] DEBUG:colcon.colcon_core.event_handler.log_command:Invoking command in '/home/mechax/zyb/radar_station/build/Img_Handle': CMAKE_PREFIX_PATH=/home/mechax/zyb/radar_station/install/my_msgss:/home/mechax/zyb/radar_station/install/map_test:/home/mechax/zyb/radar_station/install/get_depth:/home/mechax/zyb/radar_station/install/Img_Handle:/home/mechax/zyb/radar_station/install/Game_Map:/home/mechax/zyb/radar_station/install/mindvision_camera:/home/mechax/zyb/radar_station/install/Yolo_Handle:/home/mechax/zyb/radar_station/install/Qt5_displayer:/home/mechax/ws_livox/install/livox_ros2_driver:/home/mechax/ws_livox/install/livox_sdk_vendor:/home/mechax/ws_livox/install/livox_interfaces:/opt/ros/humble /usr/bin/cmake --build /home/mechax/zyb/radar_station/build/Img_Handle -- -j16 -l16
[1.535s] DEBUG:colcon.colcon_core.event_handler.log_command:Invoking command in '/home/mechax/zyb/radar_station/build/get_depth': CMAKE_PREFIX_PATH=/home/mechax/zyb/radar_station/install/my_msgss:/home/mechax/zyb/radar_station/install/map_test:/home/mechax/zyb/radar_station/install/get_depth:/home/mechax/zyb/radar_station/install/Img_Handle:/home/mechax/zyb/radar_station/install/Game_Map:/home/mechax/zyb/radar_station/install/mindvision_camera:/home/mechax/zyb/radar_station/install/Yolo_Handle:/home/mechax/zyb/radar_station/install/Qt5_displayer:/home/mechax/ws_livox/install/livox_ros2_driver:/home/mechax/ws_livox/install/livox_sdk_vendor:/home/mechax/ws_livox/install/livox_interfaces:/opt/ros/humble /usr/bin/cmake --build /home/mechax/zyb/radar_station/build/get_depth -- -j16 -l16
[1.540s] DEBUG:colcon.colcon_core.event_handler.log_command:Invoking command in '/home/mechax/zyb/radar_station/build/map_test': CMAKE_PREFIX_PATH=/home/mechax/zyb/radar_station/install/my_msgss:/home/mechax/zyb/radar_station/install/map_test:/home/mechax/zyb/radar_station/install/get_depth:/home/mechax/zyb/radar_station/install/Img_Handle:/home/mechax/zyb/radar_station/install/Game_Map:/home/mechax/zyb/radar_station/install/mindvision_camera:/home/mechax/zyb/radar_station/install/Yolo_Handle:/home/mechax/zyb/radar_station/install/Qt5_displayer:/home/mechax/ws_livox/install/livox_ros2_driver:/home/mechax/ws_livox/install/livox_sdk_vendor:/home/mechax/ws_livox/install/livox_interfaces:/opt/ros/humble /usr/bin/cmake --build /home/mechax/zyb/radar_station/build/map_test -- -j16 -l16
[1.593s] DEBUG:colcon.colcon_core.event_handler.log_command:Invoked command in '/home/mechax/zyb/radar_station/build/Game_Map' returned '0': CMAKE_PREFIX_PATH=/home/mechax/zyb/radar_station/install/my_msgss:/home/mechax/zyb/radar_station/install/map_test:/home/mechax/zyb/radar_station/install/get_depth:/home/mechax/zyb/radar_station/install/Img_Handle:/home/mechax/zyb/radar_station/install/Game_Map:/home/mechax/zyb/radar_station/install/mindvision_camera:/home/mechax/zyb/radar_station/install/Yolo_Handle:/home/mechax/zyb/radar_station/install/Qt5_displayer:/home/mechax/ws_livox/install/livox_ros2_driver:/home/mechax/ws_livox/install/livox_sdk_vendor:/home/mechax/ws_livox/install/livox_interfaces:/opt/ros/humble /usr/bin/cmake --build /home/mechax/zyb/radar_station/build/Game_Map -- -j16 -l16
[1.596s] DEBUG:colcon.colcon_core.event_handler.log_command:Invoked command in '/home/mechax/zyb/radar_station/build/Img_Handle' returned '0': CMAKE_PREFIX_PATH=/home/mechax/zyb/radar_station/install/my_msgss:/home/mechax/zyb/radar_station/install/map_test:/home/mechax/zyb/radar_station/install/get_depth:/home/mechax/zyb/radar_station/install/Img_Handle:/home/mechax/zyb/radar_station/install/Game_Map:/home/mechax/zyb/radar_station/install/mindvision_camera:/home/mechax/zyb/radar_station/install/Yolo_Handle:/home/mechax/zyb/radar_station/install/Qt5_displayer:/home/mechax/ws_livox/install/livox_ros2_driver:/home/mechax/ws_livox/install/livox_sdk_vendor:/home/mechax/ws_livox/install/livox_interfaces:/opt/ros/humble /usr/bin/cmake --build /home/mechax/zyb/radar_station/build/Img_Handle -- -j16 -l16
[1.601s] DEBUG:colcon.colcon_core.event_handler.log_command:Invoked command in '/home/mechax/zyb/radar_station/build/map_test' returned '0': CMAKE_PREFIX_PATH=/home/mechax/zyb/radar_station/install/my_msgss:/home/mechax/zyb/radar_station/install/map_test:/home/mechax/zyb/radar_station/install/get_depth:/home/mechax/zyb/radar_station/install/Img_Handle:/home/mechax/zyb/radar_station/install/Game_Map:/home/mechax/zyb/radar_station/install/mindvision_camera:/home/mechax/zyb/radar_station/install/Yolo_Handle:/home/mechax/zyb/radar_station/install/Qt5_displayer:/home/mechax/ws_livox/install/livox_ros2_driver:/home/mechax/ws_livox/install/livox_sdk_vendor:/home/mechax/ws_livox/install/livox_interfaces:/opt/ros/humble /usr/bin/cmake --build /home/mechax/zyb/radar_station/build/map_test -- -j16 -l16
[1.611s] DEBUG:colcon.colcon_core.event_handler.log_command:Invoking command in '/home/mechax/zyb/radar_station/build/Game_Map': CMAKE_PREFIX_PATH=/home/mechax/zyb/radar_station/install/my_msgss:/home/mechax/zyb/radar_station/install/map_test:/home/mechax/zyb/radar_station/install/get_depth:/home/mechax/zyb/radar_station/install/Img_Handle:/home/mechax/zyb/radar_station/install/Game_Map:/home/mechax/zyb/radar_station/install/mindvision_camera:/home/mechax/zyb/radar_station/install/Yolo_Handle:/home/mechax/zyb/radar_station/install/Qt5_displayer:/home/mechax/ws_livox/install/livox_ros2_driver:/home/mechax/ws_livox/install/livox_sdk_vendor:/home/mechax/ws_livox/install/livox_interfaces:/opt/ros/humble /usr/bin/cmake --install /home/mechax/zyb/radar_station/build/Game_Map
[1.622s] DEBUG:colcon.colcon_core.event_handler.log_command:Invoking command in '/home/mechax/zyb/radar_station/build/Img_Handle': CMAKE_PREFIX_PATH=/home/mechax/zyb/radar_station/install/my_msgss:/home/mechax/zyb/radar_station/install/map_test:/home/mechax/zyb/radar_station/install/get_depth:/home/mechax/zyb/radar_station/install/Img_Handle:/home/mechax/zyb/radar_station/install/Game_Map:/home/mechax/zyb/radar_station/install/mindvision_camera:/home/mechax/zyb/radar_station/install/Yolo_Handle:/home/mechax/zyb/radar_station/install/Qt5_displayer:/home/mechax/ws_livox/install/livox_ros2_driver:/home/mechax/ws_livox/install/livox_sdk_vendor:/home/mechax/ws_livox/install/livox_interfaces:/opt/ros/humble /usr/bin/cmake --install /home/mechax/zyb/radar_station/build/Img_Handle
[1.626s] Level 1:colcon.colcon_core.environment:create_environment_scripts_only(Game_Map)
[1.629s] DEBUG:colcon.colcon_core.event_handler.log_command:Invoked command in '/home/mechax/zyb/radar_station/build/get_depth' returned '0': CMAKE_PREFIX_PATH=/home/mechax/zyb/radar_station/install/my_msgss:/home/mechax/zyb/radar_station/install/map_test:/home/mechax/zyb/radar_station/install/get_depth:/home/mechax/zyb/radar_station/install/Img_Handle:/home/mechax/zyb/radar_station/install/Game_Map:/home/mechax/zyb/radar_station/install/mindvision_camera:/home/mechax/zyb/radar_station/install/Yolo_Handle:/home/mechax/zyb/radar_station/install/Qt5_displayer:/home/mechax/ws_livox/install/livox_ros2_driver:/home/mechax/ws_livox/install/livox_sdk_vendor:/home/mechax/ws_livox/install/livox_interfaces:/opt/ros/humble /usr/bin/cmake --build /home/mechax/zyb/radar_station/build/get_depth -- -j16 -l16
[1.629s] DEBUG:colcon.colcon_core.event_handler.log_command:Invoked command in '/home/mechax/zyb/radar_station/build/Game_Map' returned '0': CMAKE_PREFIX_PATH=/home/mechax/zyb/radar_station/install/my_msgss:/home/mechax/zyb/radar_station/install/map_test:/home/mechax/zyb/radar_station/install/get_depth:/home/mechax/zyb/radar_station/install/Img_Handle:/home/mechax/zyb/radar_station/install/Game_Map:/home/mechax/zyb/radar_station/install/mindvision_camera:/home/mechax/zyb/radar_station/install/Yolo_Handle:/home/mechax/zyb/radar_station/install/Qt5_displayer:/home/mechax/ws_livox/install/livox_ros2_driver:/home/mechax/ws_livox/install/livox_sdk_vendor:/home/mechax/ws_livox/install/livox_interfaces:/opt/ros/humble /usr/bin/cmake --install /home/mechax/zyb/radar_station/build/Game_Map
[1.647s] Level 1:colcon.colcon_core.environment:checking '/home/mechax/zyb/radar_station/install/Game_Map' for CMake module files
[1.647s] Level 1:colcon.colcon_core.environment:checking '/home/mechax/zyb/radar_station/install/Game_Map' for CMake config files
[1.647s] Level 1:colcon.colcon_core.shell:create_environment_hook('Game_Map', 'cmake_prefix_path')
[1.658s] INFO:colcon.colcon_core.shell:Creating environment hook '/home/mechax/zyb/radar_station/install/Game_Map/share/Game_Map/hook/cmake_prefix_path.ps1'
[1.658s] INFO:colcon.colcon_core.shell:Creating environment descriptor '/home/mechax/zyb/radar_station/install/Game_Map/share/Game_Map/hook/cmake_prefix_path.dsv'
[1.658s] INFO:colcon.colcon_core.shell:Creating environment hook '/home/mechax/zyb/radar_station/install/Game_Map/share/Game_Map/hook/cmake_prefix_path.sh'
[1.658s] Level 1:colcon.colcon_core.environment:checking '/home/mechax/zyb/radar_station/install/Game_Map/lib'
[1.658s] Level 1:colcon.colcon_core.environment:checking '/home/mechax/zyb/radar_station/install/Game_Map/bin'
[1.658s] Level 1:colcon.colcon_core.environment:checking '/home/mechax/zyb/radar_station/install/Game_Map/lib/pkgconfig/Game_Map.pc'
[1.659s] Level 1:colcon.colcon_core.environment:checking '/home/mechax/zyb/radar_station/install/Game_Map/lib/python3.10/site-packages'
[1.659s] Level 1:colcon.colcon_core.environment:checking '/home/mechax/zyb/radar_station/install/Game_Map/bin'
[1.666s] INFO:colcon.colcon_core.shell:Creating package script '/home/mechax/zyb/radar_station/install/Game_Map/share/Game_Map/package.ps1'
[1.666s] INFO:colcon.colcon_core.shell:Creating package descriptor '/home/mechax/zyb/radar_station/install/Game_Map/share/Game_Map/package.dsv'
[1.667s] INFO:colcon.colcon_core.shell:Creating package script '/home/mechax/zyb/radar_station/install/Game_Map/share/Game_Map/package.sh'
[1.667s] INFO:colcon.colcon_core.shell:Creating package script '/home/mechax/zyb/radar_station/install/Game_Map/share/Game_Map/package.bash'
[1.667s] INFO:colcon.colcon_core.shell:Creating package script '/home/mechax/zyb/radar_station/install/Game_Map/share/Game_Map/package.zsh'
[1.667s] Level 1:colcon.colcon_core.environment:create_file_with_runtime_dependencies(/home/mechax/zyb/radar_station/install/Game_Map/share/colcon-core/packages/Game_Map)
[1.672s] DEBUG:colcon.colcon_core.event_handler.log_command:Invoking command in '/home/mechax/zyb/radar_station/build/map_test': CMAKE_PREFIX_PATH=/home/mechax/zyb/radar_station/install/my_msgss:/home/mechax/zyb/radar_station/install/map_test:/home/mechax/zyb/radar_station/install/get_depth:/home/mechax/zyb/radar_station/install/Img_Handle:/home/mechax/zyb/radar_station/install/Game_Map:/home/mechax/zyb/radar_station/install/mindvision_camera:/home/mechax/zyb/radar_station/install/Yolo_Handle:/home/mechax/zyb/radar_station/install/Qt5_displayer:/home/mechax/ws_livox/install/livox_ros2_driver:/home/mechax/ws_livox/install/livox_sdk_vendor:/home/mechax/ws_livox/install/livox_interfaces:/opt/ros/humble /usr/bin/cmake --install /home/mechax/zyb/radar_station/build/map_test
[1.674s] DEBUG:colcon.colcon_core.event_handler.log_command:Invoking command in '/home/mechax/zyb/radar_station/build/get_depth': CMAKE_PREFIX_PATH=/home/mechax/zyb/radar_station/install/my_msgss:/home/mechax/zyb/radar_station/install/map_test:/home/mechax/zyb/radar_station/install/get_depth:/home/mechax/zyb/radar_station/install/Img_Handle:/home/mechax/zyb/radar_station/install/Game_Map:/home/mechax/zyb/radar_station/install/mindvision_camera:/home/mechax/zyb/radar_station/install/Yolo_Handle:/home/mechax/zyb/radar_station/install/Qt5_displayer:/home/mechax/ws_livox/install/livox_ros2_driver:/home/mechax/ws_livox/install/livox_sdk_vendor:/home/mechax/ws_livox/install/livox_interfaces:/opt/ros/humble /usr/bin/cmake --install /home/mechax/zyb/radar_station/build/get_depth
[1.674s] Level 1:colcon.colcon_core.environment:create_environment_scripts_only(Img_Handle)
[1.675s] DEBUG:colcon.colcon_core.event_handler.log_command:Invoked command in '/home/mechax/zyb/radar_station/build/Img_Handle' returned '0': CMAKE_PREFIX_PATH=/home/mechax/zyb/radar_station/install/my_msgss:/home/mechax/zyb/radar_station/install/map_test:/home/mechax/zyb/radar_station/install/get_depth:/home/mechax/zyb/radar_station/install/Img_Handle:/home/mechax/zyb/radar_station/install/Game_Map:/home/mechax/zyb/radar_station/install/mindvision_camera:/home/mechax/zyb/radar_station/install/Yolo_Handle:/home/mechax/zyb/radar_station/install/Qt5_displayer:/home/mechax/ws_livox/install/livox_ros2_driver:/home/mechax/ws_livox/install/livox_sdk_vendor:/home/mechax/ws_livox/install/livox_interfaces:/opt/ros/humble /usr/bin/cmake --install /home/mechax/zyb/radar_station/build/Img_Handle
[1.694s] Level 1:colcon.colcon_core.environment:checking '/home/mechax/zyb/radar_station/install/Img_Handle' for CMake module files
[1.694s] Level 1:colcon.colcon_core.environment:checking '/home/mechax/zyb/radar_station/install/Img_Handle' for CMake config files
[1.695s] Level 1:colcon.colcon_core.shell:create_environment_hook('Img_Handle', 'cmake_prefix_path')
[1.711s] INFO:colcon.colcon_core.shell:Creating environment hook '/home/mechax/zyb/radar_station/install/Img_Handle/share/Img_Handle/hook/cmake_prefix_path.ps1'
[1.711s] INFO:colcon.colcon_core.shell:Creating environment descriptor '/home/mechax/zyb/radar_station/install/Img_Handle/share/Img_Handle/hook/cmake_prefix_path.dsv'
[1.712s] INFO:colcon.colcon_core.shell:Creating environment hook '/home/mechax/zyb/radar_station/install/Img_Handle/share/Img_Handle/hook/cmake_prefix_path.sh'
[1.712s] Level 1:colcon.colcon_core.environment:checking '/home/mechax/zyb/radar_station/install/Img_Handle/lib'
[1.712s] Level 1:colcon.colcon_core.environment:checking '/home/mechax/zyb/radar_station/install/Img_Handle/bin'
[1.712s] Level 1:colcon.colcon_core.environment:checking '/home/mechax/zyb/radar_station/install/Img_Handle/lib/pkgconfig/Img_Handle.pc'
[1.713s] Level 1:colcon.colcon_core.environment:checking '/home/mechax/zyb/radar_station/install/Img_Handle/lib/python3.10/site-packages'
[1.713s] Level 1:colcon.colcon_core.environment:checking '/home/mechax/zyb/radar_station/install/Img_Handle/bin'
[1.722s] INFO:colcon.colcon_core.shell:Creating package script '/home/mechax/zyb/radar_station/install/Img_Handle/share/Img_Handle/package.ps1'
[1.722s] INFO:colcon.colcon_core.shell:Creating package descriptor '/home/mechax/zyb/radar_station/install/Img_Handle/share/Img_Handle/package.dsv'
[1.722s] INFO:colcon.colcon_core.shell:Creating package script '/home/mechax/zyb/radar_station/install/Img_Handle/share/Img_Handle/package.sh'
[1.723s] INFO:colcon.colcon_core.shell:Creating package script '/home/mechax/zyb/radar_station/install/Img_Handle/share/Img_Handle/package.bash'
[1.723s] INFO:colcon.colcon_core.shell:Creating package script '/home/mechax/zyb/radar_station/install/Img_Handle/share/Img_Handle/package.zsh'
[1.723s] Level 1:colcon.colcon_core.environment:create_file_with_runtime_dependencies(/home/mechax/zyb/radar_station/install/Img_Handle/share/colcon-core/packages/Img_Handle)
[1.742s] Level 1:colcon.colcon_core.environment:create_environment_scripts_only(Game_Map)
[1.751s] Level 1:colcon.colcon_core.environment:checking '/home/mechax/zyb/radar_station/install/Game_Map' for CMake module files
[1.751s] Level 1:colcon.colcon_core.environment:checking '/home/mechax/zyb/radar_station/install/Game_Map' for CMake config files
[1.751s] Level 1:colcon.colcon_core.shell:create_environment_hook('Game_Map', 'cmake_prefix_path')
[1.759s] INFO:colcon.colcon_core.shell:Creating environment hook '/home/mechax/zyb/radar_station/install/Game_Map/share/Game_Map/hook/cmake_prefix_path.ps1'
[1.759s] INFO:colcon.colcon_core.shell:Creating environment descriptor '/home/mechax/zyb/radar_station/install/Game_Map/share/Game_Map/hook/cmake_prefix_path.dsv'
[1.759s] INFO:colcon.colcon_core.shell:Creating environment hook '/home/mechax/zyb/radar_station/install/Game_Map/share/Game_Map/hook/cmake_prefix_path.sh'
[1.760s] Level 1:colcon.colcon_core.environment:checking '/home/mechax/zyb/radar_station/install/Game_Map/lib'
[1.760s] Level 1:colcon.colcon_core.environment:checking '/home/mechax/zyb/radar_station/install/Game_Map/bin'
[1.760s] Level 1:colcon.colcon_core.environment:checking '/home/mechax/zyb/radar_station/install/Game_Map/lib/pkgconfig/Game_Map.pc'
[1.760s] Level 1:colcon.colcon_core.environment:checking '/home/mechax/zyb/radar_station/install/Game_Map/lib/python3.10/site-packages'
[1.760s] Level 1:colcon.colcon_core.environment:checking '/home/mechax/zyb/radar_station/install/Game_Map/bin'
[1.767s] INFO:colcon.colcon_core.shell:Creating package script '/home/mechax/zyb/radar_station/install/Game_Map/share/Game_Map/package.ps1'
[1.768s] INFO:colcon.colcon_core.shell:Creating package descriptor '/home/mechax/zyb/radar_station/install/Game_Map/share/Game_Map/package.dsv'
[1.768s] INFO:colcon.colcon_core.shell:Creating package script '/home/mechax/zyb/radar_station/install/Game_Map/share/Game_Map/package.sh'
[1.768s] INFO:colcon.colcon_core.shell:Creating package script '/home/mechax/zyb/radar_station/install/Game_Map/share/Game_Map/package.bash'
[1.769s] INFO:colcon.colcon_core.shell:Creating package script '/home/mechax/zyb/radar_station/install/Game_Map/share/Game_Map/package.zsh'
[1.769s] Level 1:colcon.colcon_core.environment:create_file_with_runtime_dependencies(/home/mechax/zyb/radar_station/install/Game_Map/share/colcon-core/packages/Game_Map)
[1.770s] Level 1:colcon.colcon_core.environment:create_environment_scripts_only(map_test)
[1.771s] DEBUG:colcon.colcon_core.event_handler.log_command:Invoked command in '/home/mechax/zyb/radar_station/build/map_test' returned '0': CMAKE_PREFIX_PATH=/home/mechax/zyb/radar_station/install/my_msgss:/home/mechax/zyb/radar_station/install/map_test:/home/mechax/zyb/radar_station/install/get_depth:/home/mechax/zyb/radar_station/install/Img_Handle:/home/mechax/zyb/radar_station/install/Game_Map:/home/mechax/zyb/radar_station/install/mindvision_camera:/home/mechax/zyb/radar_station/install/Yolo_Handle:/home/mechax/zyb/radar_station/install/Qt5_displayer:/home/mechax/ws_livox/install/livox_ros2_driver:/home/mechax/ws_livox/install/livox_sdk_vendor:/home/mechax/ws_livox/install/livox_interfaces:/opt/ros/humble /usr/bin/cmake --install /home/mechax/zyb/radar_station/build/map_test
[1.778s] Level 1:colcon.colcon_core.environment:checking '/home/mechax/zyb/radar_station/install/map_test' for CMake module files
[1.778s] Level 1:colcon.colcon_core.environment:checking '/home/mechax/zyb/radar_station/install/map_test' for CMake config files
[1.778s] Level 1:colcon.colcon_core.shell:create_environment_hook('map_test', 'cmake_prefix_path')
[1.791s] INFO:colcon.colcon_core.shell:Creating environment hook '/home/mechax/zyb/radar_station/install/map_test/share/map_test/hook/cmake_prefix_path.ps1'
[1.791s] INFO:colcon.colcon_core.shell:Creating environment descriptor '/home/mechax/zyb/radar_station/install/map_test/share/map_test/hook/cmake_prefix_path.dsv'
[1.792s] INFO:colcon.colcon_core.shell:Creating environment hook '/home/mechax/zyb/radar_station/install/map_test/share/map_test/hook/cmake_prefix_path.sh'
[1.792s] Level 1:colcon.colcon_core.environment:checking '/home/mechax/zyb/radar_station/install/map_test/lib'
[1.792s] Level 1:colcon.colcon_core.environment:checking '/home/mechax/zyb/radar_station/install/map_test/bin'
[1.792s] Level 1:colcon.colcon_core.environment:checking '/home/mechax/zyb/radar_station/install/map_test/lib/pkgconfig/map_test.pc'
[1.793s] Level 1:colcon.colcon_core.environment:checking '/home/mechax/zyb/radar_station/install/map_test/lib/python3.10/site-packages'
[1.793s] Level 1:colcon.colcon_core.environment:checking '/home/mechax/zyb/radar_station/install/map_test/bin'
[1.804s] INFO:colcon.colcon_core.shell:Creating package script '/home/mechax/zyb/radar_station/install/map_test/share/map_test/package.ps1'
[1.804s] INFO:colcon.colcon_core.shell:Creating package descriptor '/home/mechax/zyb/radar_station/install/map_test/share/map_test/package.dsv'
[1.805s] INFO:colcon.colcon_core.shell:Creating package script '/home/mechax/zyb/radar_station/install/map_test/share/map_test/package.sh'
[1.805s] INFO:colcon.colcon_core.shell:Creating package script '/home/mechax/zyb/radar_station/install/map_test/share/map_test/package.bash'
[1.805s] INFO:colcon.colcon_core.shell:Creating package script '/home/mechax/zyb/radar_station/install/map_test/share/map_test/package.zsh'
[1.805s] Level 1:colcon.colcon_core.environment:create_file_with_runtime_dependencies(/home/mechax/zyb/radar_station/install/map_test/share/colcon-core/packages/map_test)
[1.806s] Level 1:colcon.colcon_core.environment:create_environment_scripts_only(get_depth)
[1.806s] DEBUG:colcon.colcon_core.event_handler.log_command:Invoked command in '/home/mechax/zyb/radar_station/build/get_depth' returned '0': CMAKE_PREFIX_PATH=/home/mechax/zyb/radar_station/install/my_msgss:/home/mechax/zyb/radar_station/install/map_test:/home/mechax/zyb/radar_station/install/get_depth:/home/mechax/zyb/radar_station/install/Img_Handle:/home/mechax/zyb/radar_station/install/Game_Map:/home/mechax/zyb/radar_station/install/mindvision_camera:/home/mechax/zyb/radar_station/install/Yolo_Handle:/home/mechax/zyb/radar_station/install/Qt5_displayer:/home/mechax/ws_livox/install/livox_ros2_driver:/home/mechax/ws_livox/install/livox_sdk_vendor:/home/mechax/ws_livox/install/livox_interfaces:/opt/ros/humble /usr/bin/cmake --install /home/mechax/zyb/radar_station/build/get_depth
[1.823s] Level 1:colcon.colcon_core.environment:checking '/home/mechax/zyb/radar_station/install/get_depth' for CMake module files
[1.824s] Level 1:colcon.colcon_core.environment:checking '/home/mechax/zyb/radar_station/install/get_depth' for CMake config files
[1.824s] Level 1:colcon.colcon_core.shell:create_environment_hook('get_depth', 'cmake_prefix_path')
[1.840s] INFO:colcon.colcon_core.shell:Creating environment hook '/home/mechax/zyb/radar_station/install/get_depth/share/get_depth/hook/cmake_prefix_path.ps1'
[1.841s] INFO:colcon.colcon_core.shell:Creating environment descriptor '/home/mechax/zyb/radar_station/install/get_depth/share/get_depth/hook/cmake_prefix_path.dsv'
[1.841s] INFO:colcon.colcon_core.shell:Creating environment hook '/home/mechax/zyb/radar_station/install/get_depth/share/get_depth/hook/cmake_prefix_path.sh'
[1.841s] Level 1:colcon.colcon_core.environment:checking '/home/mechax/zyb/radar_station/install/get_depth/lib'
[1.842s] Level 1:colcon.colcon_core.environment:checking '/home/mechax/zyb/radar_station/install/get_depth/bin'
[1.842s] Level 1:colcon.colcon_core.environment:checking '/home/mechax/zyb/radar_station/install/get_depth/lib/pkgconfig/get_depth.pc'
[1.842s] Level 1:colcon.colcon_core.environment:checking '/home/mechax/zyb/radar_station/install/get_depth/lib/python3.10/site-packages'
[1.842s] Level 1:colcon.colcon_core.environment:checking '/home/mechax/zyb/radar_station/install/get_depth/bin'
[1.856s] INFO:colcon.colcon_core.shell:Creating package script '/home/mechax/zyb/radar_station/install/get_depth/share/get_depth/package.ps1'
[1.856s] INFO:colcon.colcon_core.shell:Creating package descriptor '/home/mechax/zyb/radar_station/install/get_depth/share/get_depth/package.dsv'
[1.856s] INFO:colcon.colcon_core.shell:Creating package script '/home/mechax/zyb/radar_station/install/get_depth/share/get_depth/package.sh'
[1.856s] INFO:colcon.colcon_core.shell:Creating package script '/home/mechax/zyb/radar_station/install/get_depth/share/get_depth/package.bash'
[1.857s] INFO:colcon.colcon_core.shell:Creating package script '/home/mechax/zyb/radar_station/install/get_depth/share/get_depth/package.zsh'
[1.857s] Level 1:colcon.colcon_core.environment:create_file_with_runtime_dependencies(/home/mechax/zyb/radar_station/install/get_depth/share/colcon-core/packages/get_depth)
[1.866s] Level 1:colcon.colcon_core.environment:create_environment_scripts_only(Img_Handle)
[1.873s] Level 1:colcon.colcon_core.environment:checking '/home/mechax/zyb/radar_station/install/Img_Handle' for CMake module files
[1.874s] Level 1:colcon.colcon_core.environment:checking '/home/mechax/zyb/radar_station/install/Img_Handle' for CMake config files
[1.874s] Level 1:colcon.colcon_core.shell:create_environment_hook('Img_Handle', 'cmake_prefix_path')
[1.880s] INFO:colcon.colcon_core.shell:Creating environment hook '/home/mechax/zyb/radar_station/install/Img_Handle/share/Img_Handle/hook/cmake_prefix_path.ps1'
[1.881s] INFO:colcon.colcon_core.shell:Creating environment descriptor '/home/mechax/zyb/radar_station/install/Img_Handle/share/Img_Handle/hook/cmake_prefix_path.dsv'
[1.881s] INFO:colcon.colcon_core.shell:Creating environment hook '/home/mechax/zyb/radar_station/install/Img_Handle/share/Img_Handle/hook/cmake_prefix_path.sh'
[1.881s] Level 1:colcon.colcon_core.environment:checking '/home/mechax/zyb/radar_station/install/Img_Handle/lib'
[1.881s] Level 1:colcon.colcon_core.environment:checking '/home/mechax/zyb/radar_station/install/Img_Handle/bin'
[1.881s] Level 1:colcon.colcon_core.environment:checking '/home/mechax/zyb/radar_station/install/Img_Handle/lib/pkgconfig/Img_Handle.pc'
[1.882s] Level 1:colcon.colcon_core.environment:checking '/home/mechax/zyb/radar_station/install/Img_Handle/lib/python3.10/site-packages'
[1.882s] Level 1:colcon.colcon_core.environment:checking '/home/mechax/zyb/radar_station/install/Img_Handle/bin'
[1.890s] INFO:colcon.colcon_core.shell:Creating package script '/home/mechax/zyb/radar_station/install/Img_Handle/share/Img_Handle/package.ps1'
[1.890s] INFO:colcon.colcon_core.shell:Creating package descriptor '/home/mechax/zyb/radar_station/install/Img_Handle/share/Img_Handle/package.dsv'
[1.890s] INFO:colcon.colcon_core.shell:Creating package script '/home/mechax/zyb/radar_station/install/Img_Handle/share/Img_Handle/package.sh'
[1.890s] INFO:colcon.colcon_core.shell:Creating package script '/home/mechax/zyb/radar_station/install/Img_Handle/share/Img_Handle/package.bash'
[1.891s] INFO:colcon.colcon_core.shell:Creating package script '/home/mechax/zyb/radar_station/install/Img_Handle/share/Img_Handle/package.zsh'
[1.891s] Level 1:colcon.colcon_core.environment:create_file_with_runtime_dependencies(/home/mechax/zyb/radar_station/install/Img_Handle/share/colcon-core/packages/Img_Handle)
[1.899s] Level 1:colcon.colcon_core.environment:create_environment_scripts_only(map_test)
[1.906s] Level 1:colcon.colcon_core.environment:checking '/home/mechax/zyb/radar_station/install/map_test' for CMake module files
[1.907s] Level 1:colcon.colcon_core.environment:checking '/home/mechax/zyb/radar_station/install/map_test' for CMake config files
[1.907s] Level 1:colcon.colcon_core.shell:create_environment_hook('map_test', 'cmake_prefix_path')
[1.913s] INFO:colcon.colcon_core.shell:Creating environment hook '/home/mechax/zyb/radar_station/install/map_test/share/map_test/hook/cmake_prefix_path.ps1'
[1.914s] INFO:colcon.colcon_core.shell:Creating environment descriptor '/home/mechax/zyb/radar_station/install/map_test/share/map_test/hook/cmake_prefix_path.dsv'
[1.914s] INFO:colcon.colcon_core.shell:Creating environment hook '/home/mechax/zyb/radar_station/install/map_test/share/map_test/hook/cmake_prefix_path.sh'
[1.914s] Level 1:colcon.colcon_core.environment:checking '/home/mechax/zyb/radar_station/install/map_test/lib'
[1.914s] Level 1:colcon.colcon_core.environment:checking '/home/mechax/zyb/radar_station/install/map_test/bin'
[1.914s] Level 1:colcon.colcon_core.environment:checking '/home/mechax/zyb/radar_station/install/map_test/lib/pkgconfig/map_test.pc'
[1.914s] Level 1:colcon.colcon_core.environment:checking '/home/mechax/zyb/radar_station/install/map_test/lib/python3.10/site-packages'
[1.915s] Level 1:colcon.colcon_core.environment:checking '/home/mechax/zyb/radar_station/install/map_test/bin'
[1.922s] INFO:colcon.colcon_core.shell:Creating package script '/home/mechax/zyb/radar_station/install/map_test/share/map_test/package.ps1'
[1.922s] INFO:colcon.colcon_core.shell:Creating package descriptor '/home/mechax/zyb/radar_station/install/map_test/share/map_test/package.dsv'
[1.923s] INFO:colcon.colcon_core.shell:Creating package script '/home/mechax/zyb/radar_station/install/map_test/share/map_test/package.sh'
[1.923s] INFO:colcon.colcon_core.shell:Creating package script '/home/mechax/zyb/radar_station/install/map_test/share/map_test/package.bash'
[1.923s] INFO:colcon.colcon_core.shell:Creating package script '/home/mechax/zyb/radar_station/install/map_test/share/map_test/package.zsh'
[1.923s] Level 1:colcon.colcon_core.environment:create_file_with_runtime_dependencies(/home/mechax/zyb/radar_station/install/map_test/share/colcon-core/packages/map_test)
[1.930s] Level 1:colcon.colcon_core.environment:create_environment_scripts_only(get_depth)
[1.938s] Level 1:colcon.colcon_core.environment:checking '/home/mechax/zyb/radar_station/install/get_depth' for CMake module files
[1.938s] Level 1:colcon.colcon_core.environment:checking '/home/mechax/zyb/radar_station/install/get_depth' for CMake config files
[1.938s] Level 1:colcon.colcon_core.shell:create_environment_hook('get_depth', 'cmake_prefix_path')
[1.945s] INFO:colcon.colcon_core.shell:Creating environment hook '/home/mechax/zyb/radar_station/install/get_depth/share/get_depth/hook/cmake_prefix_path.ps1'
[1.945s] INFO:colcon.colcon_core.shell:Creating environment descriptor '/home/mechax/zyb/radar_station/install/get_depth/share/get_depth/hook/cmake_prefix_path.dsv'
[1.945s] INFO:colcon.colcon_core.shell:Creating environment hook '/home/mechax/zyb/radar_station/install/get_depth/share/get_depth/hook/cmake_prefix_path.sh'
[1.946s] Level 1:colcon.colcon_core.environment:checking '/home/mechax/zyb/radar_station/install/get_depth/lib'
[1.946s] Level 1:colcon.colcon_core.environment:checking '/home/mechax/zyb/radar_station/install/get_depth/bin'
[1.946s] Level 1:colcon.colcon_core.environment:checking '/home/mechax/zyb/radar_station/install/get_depth/lib/pkgconfig/get_depth.pc'
[1.946s] Level 1:colcon.colcon_core.environment:checking '/home/mechax/zyb/radar_station/install/get_depth/lib/python3.10/site-packages'
[1.946s] Level 1:colcon.colcon_core.environment:checking '/home/mechax/zyb/radar_station/install/get_depth/bin'
[1.953s] INFO:colcon.colcon_core.shell:Creating package script '/home/mechax/zyb/radar_station/install/get_depth/share/get_depth/package.ps1'
[1.954s] INFO:colcon.colcon_core.shell:Creating package descriptor '/home/mechax/zyb/radar_station/install/get_depth/share/get_depth/package.dsv'
[1.954s] INFO:colcon.colcon_core.shell:Creating package script '/home/mechax/zyb/radar_station/install/get_depth/share/get_depth/package.sh'
[1.954s] INFO:colcon.colcon_core.shell:Creating package script '/home/mechax/zyb/radar_station/install/get_depth/share/get_depth/package.bash'
[1.955s] INFO:colcon.colcon_core.shell:Creating package script '/home/mechax/zyb/radar_station/install/get_depth/share/get_depth/package.zsh'
[1.955s] Level 1:colcon.colcon_core.environment:create_file_with_runtime_dependencies(/home/mechax/zyb/radar_station/install/get_depth/share/colcon-core/packages/get_depth)
[7.126s] DEBUG:colcon.colcon_core.event_handler.log_command:Invoked command in '/home/mechax/zyb/radar_station/build/Qt5_displayer' returned '2': CMAKE_PREFIX_PATH=${CMAKE_PREFIX_PATH}:/opt/ros/humble /usr/bin/cmake --build /home/mechax/zyb/radar_station/build/Qt5_displayer -- -j16 -l16
[7.151s] Level 1:colcon.colcon_core.environment:create_environment_scripts_only(Qt5_displayer)
[7.157s] Level 1:colcon.colcon_core.environment:checking '/home/mechax/zyb/radar_station/install/Qt5_displayer' for CMake module files
[7.158s] Level 1:colcon.colcon_core.environment:checking '/home/mechax/zyb/radar_station/install/Qt5_displayer' for CMake config files
[7.158s] Level 1:colcon.colcon_core.environment:checking '/home/mechax/zyb/radar_station/install/Qt5_displayer/bin'
[7.158s] Level 1:colcon.colcon_core.environment:checking '/home/mechax/zyb/radar_station/install/Qt5_displayer/lib/pkgconfig/Qt5_displayer.pc'
[7.158s] Level 1:colcon.colcon_core.environment:checking '/home/mechax/zyb/radar_station/install/Qt5_displayer/lib/python3.10/site-packages'
[7.158s] Level 1:colcon.colcon_core.environment:checking '/home/mechax/zyb/radar_station/install/Qt5_displayer/bin'
[7.164s] INFO:colcon.colcon_core.shell:Creating package script '/home/mechax/zyb/radar_station/install/Qt5_displayer/share/Qt5_displayer/package.ps1'
[7.164s] INFO:colcon.colcon_core.shell:Creating package descriptor '/home/mechax/zyb/radar_station/install/Qt5_displayer/share/Qt5_displayer/package.dsv'
[7.164s] INFO:colcon.colcon_core.shell:Creating package script '/home/mechax/zyb/radar_station/install/Qt5_displayer/share/Qt5_displayer/package.sh'
[7.164s] INFO:colcon.colcon_core.shell:Creating package script '/home/mechax/zyb/radar_station/install/Qt5_displayer/share/Qt5_displayer/package.bash'
[7.165s] INFO:colcon.colcon_core.shell:Creating package script '/home/mechax/zyb/radar_station/install/Qt5_displayer/share/Qt5_displayer/package.zsh'
[7.165s] Level 1:colcon.colcon_core.environment:create_file_with_runtime_dependencies(/home/mechax/zyb/radar_station/install/Qt5_displayer/share/colcon-core/packages/Qt5_displayer)
[7.175s] DEBUG:colcon.colcon_parallel_executor.executor.parallel:closing loop
[7.175s] DEBUG:colcon.colcon_parallel_executor.executor.parallel:loop closed
[7.175s] DEBUG:colcon.colcon_parallel_executor.executor.parallel:run_until_complete finished with '2'
[7.175s] DEBUG:colcon.colcon_core.event_reactor:joining thread
[7.186s] INFO:colcon.colcon_core.plugin_system:Skipping extension 'colcon_notification.desktop_notification.terminal_notifier': Not used on non-Darwin systems
[7.186s] INFO:colcon.colcon_core.plugin_system:Skipping extension 'colcon_notification.desktop_notification.win32': Not used on non-Windows systems
[7.186s] INFO:colcon.colcon_notification.desktop_notification:Sending desktop notification using 'notify2'
[7.196s] DEBUG:colcon.colcon_core.event_reactor:joined thread
[7.203s] INFO:colcon.colcon_core.shell:Creating prefix script '/home/mechax/zyb/radar_station/install/local_setup.ps1'
[7.204s] INFO:colcon.colcon_core.shell:Creating prefix util module '/home/mechax/zyb/radar_station/install/_local_setup_util_ps1.py'
[7.205s] INFO:colcon.colcon_core.shell:Creating prefix chain script '/home/mechax/zyb/radar_station/install/setup.ps1'
[7.212s] INFO:colcon.colcon_core.shell:Creating prefix script '/home/mechax/zyb/radar_station/install/local_setup.sh'
[7.212s] INFO:colcon.colcon_core.shell:Creating prefix util module '/home/mechax/zyb/radar_station/install/_local_setup_util_sh.py'
[7.212s] INFO:colcon.colcon_core.shell:Creating prefix chain script '/home/mechax/zyb/radar_station/install/setup.sh'
[7.220s] INFO:colcon.colcon_core.shell:Creating prefix script '/home/mechax/zyb/radar_station/install/local_setup.bash'
[7.220s] INFO:colcon.colcon_core.shell:Creating prefix chain script '/home/mechax/zyb/radar_station/install/setup.bash'
[7.227s] INFO:colcon.colcon_core.shell:Creating prefix script '/home/mechax/zyb/radar_station/install/local_setup.zsh'
[7.227s] INFO:colcon.colcon_core.shell:Creating prefix chain script '/home/mechax/zyb/radar_station/install/setup.zsh'
