[0.095s] Invoking command in '/home/mechax/zyb/radar_station/build/Get_Camera_Img': CMAKE_PREFIX_PATH=${CMAKE_PREFIX_PATH}:/opt/ros/humble /usr/bin/cmake --build /home/mechax/zyb/radar_station/build/Get_Camera_Img -- -j16 -l16
[0.131s] [100%] Built target Get_Img
[0.143s] Invoked command in '/home/mechax/zyb/radar_station/build/Get_Camera_Img' returned '0': CMAKE_PREFIX_PATH=${CMAKE_PREFIX_PATH}:/opt/ros/humble /usr/bin/cmake --build /home/mechax/zyb/radar_station/build/Get_Camera_Img -- -j16 -l16
[0.180s] Invoking command in '/home/mechax/zyb/radar_station/build/Get_Camera_Img': CMAKE_PREFIX_PATH=${CMAKE_PREFIX_PATH}:/opt/ros/humble /usr/bin/cmake --install /home/mechax/zyb/radar_station/build/Get_Camera_Img
[0.184s] -- Install configuration: ""
[0.184s] -- Up-to-date: /home/mechax/zyb/radar_station/install/Get_Camera_Img/lib/Get_Camera_Img/Get_Img
[0.185s] -- Up-to-date: /home/mechax/zyb/radar_station/install/Get_Camera_Img/share/ament_index/resource_index/package_run_dependencies/Get_Camera_Img
[0.185s] -- Up-to-date: /home/mechax/zyb/radar_station/install/Get_Camera_Img/share/ament_index/resource_index/parent_prefix_path/Get_Camera_Img
[0.185s] -- Up-to-date: /home/mechax/zyb/radar_station/install/Get_Camera_Img/share/Get_Camera_Img/environment/ament_prefix_path.sh
[0.185s] -- Up-to-date: /home/mechax/zyb/radar_station/install/Get_Camera_Img/share/Get_Camera_Img/environment/ament_prefix_path.dsv
[0.185s] -- Up-to-date: /home/mechax/zyb/radar_station/install/Get_Camera_Img/share/Get_Camera_Img/environment/path.sh
[0.186s] -- Up-to-date: /home/mechax/zyb/radar_station/install/Get_Camera_Img/share/Get_Camera_Img/environment/path.dsv
[0.187s] -- Up-to-date: /home/mechax/zyb/radar_station/install/Get_Camera_Img/share/Get_Camera_Img/local_setup.bash
[0.187s] -- Up-to-date: /home/mechax/zyb/radar_station/install/Get_Camera_Img/share/Get_Camera_Img/local_setup.sh
[0.187s] -- Up-to-date: /home/mechax/zyb/radar_station/install/Get_Camera_Img/share/Get_Camera_Img/local_setup.zsh
[0.187s] -- Up-to-date: /home/mechax/zyb/radar_station/install/Get_Camera_Img/share/Get_Camera_Img/local_setup.dsv
[0.188s] -- Installing: /home/mechax/zyb/radar_station/install/Get_Camera_Img/share/Get_Camera_Img/package.dsv
[0.188s] -- Up-to-date: /home/mechax/zyb/radar_station/install/Get_Camera_Img/share/ament_index/resource_index/packages/Get_Camera_Img
[0.188s] -- Up-to-date: /home/mechax/zyb/radar_station/install/Get_Camera_Img/share/Get_Camera_Img/cmake/Get_Camera_ImgConfig.cmake
[0.188s] -- Up-to-date: /home/mechax/zyb/radar_station/install/Get_Camera_Img/share/Get_Camera_Img/cmake/Get_Camera_ImgConfig-version.cmake
[0.189s] -- Up-to-date: /home/mechax/zyb/radar_station/install/Get_Camera_Img/share/Get_Camera_Img/package.xml
[0.189s] Invoked command in '/home/mechax/zyb/radar_station/build/Get_Camera_Img' returned '0': CMAKE_PREFIX_PATH=${CMAKE_PREFIX_PATH}:/opt/ros/humble /usr/bin/cmake --install /home/mechax/zyb/radar_station/build/Get_Camera_Img
