[0.448s] DEBUG:colcon:Command line arguments: ['/usr/bin/colcon', 'build', '--cmake-args', '-DCMAKE_EXPORT_CONPILE_COMMANDS=ON']
[0.448s] DEBUG:colcon:Parsed command line arguments: Namespace(log_base=None, log_level=None, verb_name='build', build_base='build', install_base='install', merge_install=False, symlink_install=False, test_result_base=None, continue_on_error=False, executor='parallel', parallel_workers=16, event_handlers=None, ignore_user_meta=False, metas=['./colcon.meta'], base_paths=['.'], packages_ignore=None, packages_ignore_regex=None, paths=None, packages_up_to=None, packages_up_to_regex=None, packages_above=None, packages_above_and_dependencies=None, packages_above_depth=None, packages_select_by_dep=None, packages_skip_by_dep=None, packages_skip_up_to=None, packages_select_build_failed=False, packages_skip_build_finished=False, packages_select_test_failures=False, packages_skip_test_passed=False, packages_select=None, packages_skip=None, packages_select_regex=None, packages_skip_regex=None, packages_start=None, packages_end=None, allow_overriding=[], cmake_args=['-DCMAKE_EXPORT_CONPILE_COMMANDS=ON'], cmake_target=None, cmake_target_skip_unavailable=False, cmake_clean_cache=False, cmake_clean_first=False, cmake_force_configure=False, ament_cmake_args=None, catkin_cmake_args=None, catkin_skip_building_tests=False, verb_parser=<colcon_defaults.argument_parser.defaults.DefaultArgumentsDecorator object at 0x7fc820815cc0>, verb_extension=<colcon_core.verb.build.BuildVerb object at 0x7fc820cbbc10>, main=<bound method BuildVerb.main of <colcon_core.verb.build.BuildVerb object at 0x7fc820cbbc10>>)
[0.471s] Level 1:colcon.colcon_core.package_discovery:discover_packages(colcon_meta) check parameters
[0.471s] Level 1:colcon.colcon_core.package_discovery:discover_packages(recursive) check parameters
[0.471s] Level 1:colcon.colcon_core.package_discovery:discover_packages(ignore) check parameters
[0.471s] Level 1:colcon.colcon_core.package_discovery:discover_packages(path) check parameters
[0.471s] Level 1:colcon.colcon_core.package_discovery:discover_packages(colcon_meta) discover
[0.471s] Level 1:colcon.colcon_core.package_discovery:discover_packages(recursive) discover
[0.471s] INFO:colcon.colcon_core.package_discovery:Crawling recursively for packages in '/home/mechax/zyb/radar_station'
[0.471s] Level 1:colcon.colcon_core.package_identification:_identify(.) by extensions ['ignore', 'ignore_ament_install']
[0.471s] Level 1:colcon.colcon_core.package_identification:_identify(.) by extension 'ignore'
[0.471s] Level 1:colcon.colcon_core.package_identification:_identify(.) by extension 'ignore_ament_install'
[0.471s] Level 1:colcon.colcon_core.package_identification:_identify(.) by extensions ['colcon_pkg']
[0.471s] Level 1:colcon.colcon_core.package_identification:_identify(.) by extension 'colcon_pkg'
[0.471s] Level 1:colcon.colcon_core.package_identification:_identify(.) by extensions ['colcon_meta']
[0.471s] Level 1:colcon.colcon_core.package_identification:_identify(.) by extension 'colcon_meta'
[0.471s] Level 1:colcon.colcon_core.package_identification:_identify(.) by extensions ['ros']
[0.471s] Level 1:colcon.colcon_core.package_identification:_identify(.) by extension 'ros'
[0.478s] Level 1:colcon.colcon_core.package_identification:_identify(.) by extensions ['cmake', 'python']
[0.478s] Level 1:colcon.colcon_core.package_identification:_identify(.) by extension 'cmake'
[0.478s] Level 1:colcon.colcon_core.package_identification:_identify(.) by extension 'python'
[0.478s] Level 1:colcon.colcon_core.package_identification:_identify(.) by extensions ['python_setup_py']
[0.478s] Level 1:colcon.colcon_core.package_identification:_identify(.) by extension 'python_setup_py'
[0.478s] Level 1:colcon.colcon_core.package_identification:_identify(Camera) by extensions ['ignore', 'ignore_ament_install']
[0.478s] Level 1:colcon.colcon_core.package_identification:_identify(Camera) by extension 'ignore'
[0.478s] Level 1:colcon.colcon_core.package_identification:_identify(Camera) by extension 'ignore_ament_install'
[0.478s] Level 1:colcon.colcon_core.package_identification:_identify(Camera) by extensions ['colcon_pkg']
[0.478s] Level 1:colcon.colcon_core.package_identification:_identify(Camera) by extension 'colcon_pkg'
[0.478s] Level 1:colcon.colcon_core.package_identification:_identify(Camera) by extensions ['colcon_meta']
[0.478s] Level 1:colcon.colcon_core.package_identification:_identify(Camera) by extension 'colcon_meta'
[0.478s] Level 1:colcon.colcon_core.package_identification:_identify(Camera) by extensions ['ros']
[0.478s] Level 1:colcon.colcon_core.package_identification:_identify(Camera) by extension 'ros'
[0.478s] Level 1:colcon.colcon_core.package_identification:_identify(Camera) by extensions ['cmake', 'python']
[0.478s] Level 1:colcon.colcon_core.package_identification:_identify(Camera) by extension 'cmake'
[0.478s] Level 1:colcon.colcon_core.package_identification:_identify(Camera) by extension 'python'
[0.478s] Level 1:colcon.colcon_core.package_identification:_identify(Camera) by extensions ['python_setup_py']
[0.478s] Level 1:colcon.colcon_core.package_identification:_identify(Camera) by extension 'python_setup_py'
[0.478s] Level 1:colcon.colcon_core.package_identification:_identify(Camera/log) by extensions ['ignore', 'ignore_ament_install']
[0.478s] Level 1:colcon.colcon_core.package_identification:_identify(Camera/log) by extension 'ignore'
[0.478s] Level 1:colcon.colcon_core.package_identification:_identify(Camera/log) by extension 'ignore_ament_install'
[0.478s] Level 1:colcon.colcon_core.package_identification:_identify(Camera/log) by extensions ['colcon_pkg']
[0.478s] Level 1:colcon.colcon_core.package_identification:_identify(Camera/log) by extension 'colcon_pkg'
[0.478s] Level 1:colcon.colcon_core.package_identification:_identify(Camera/log) by extensions ['colcon_meta']
[0.478s] Level 1:colcon.colcon_core.package_identification:_identify(Camera/log) by extension 'colcon_meta'
[0.478s] Level 1:colcon.colcon_core.package_identification:_identify(Camera/log) by extensions ['ros']
[0.478s] Level 1:colcon.colcon_core.package_identification:_identify(Camera/log) by extension 'ros'
[0.478s] Level 1:colcon.colcon_core.package_identification:_identify(Camera/log) by extensions ['cmake', 'python']
[0.478s] Level 1:colcon.colcon_core.package_identification:_identify(Camera/log) by extension 'cmake'
[0.478s] Level 1:colcon.colcon_core.package_identification:_identify(Camera/log) by extension 'python'
[0.478s] Level 1:colcon.colcon_core.package_identification:_identify(Camera/log) by extensions ['python_setup_py']
[0.478s] Level 1:colcon.colcon_core.package_identification:_identify(Camera/log) by extension 'python_setup_py'
[0.478s] Level 1:colcon.colcon_core.package_identification:_identify(build) by extensions ['ignore', 'ignore_ament_install']
[0.478s] Level 1:colcon.colcon_core.package_identification:_identify(build) by extension 'ignore'
[0.478s] Level 1:colcon.colcon_core.package_identification:_identify(build) ignored
[0.479s] Level 1:colcon.colcon_core.package_identification:_identify(install) by extensions ['ignore', 'ignore_ament_install']
[0.479s] Level 1:colcon.colcon_core.package_identification:_identify(install) by extension 'ignore'
[0.479s] Level 1:colcon.colcon_core.package_identification:_identify(install) ignored
[0.479s] Level 1:colcon.colcon_core.package_identification:_identify(log) by extensions ['ignore', 'ignore_ament_install']
[0.479s] Level 1:colcon.colcon_core.package_identification:_identify(log) by extension 'ignore'
[0.479s] Level 1:colcon.colcon_core.package_identification:_identify(log) ignored
[0.479s] Level 1:colcon.colcon_core.package_identification:_identify(src) by extensions ['ignore', 'ignore_ament_install']
[0.479s] Level 1:colcon.colcon_core.package_identification:_identify(src) by extension 'ignore'
[0.479s] Level 1:colcon.colcon_core.package_identification:_identify(src) by extension 'ignore_ament_install'
[0.479s] Level 1:colcon.colcon_core.package_identification:_identify(src) by extensions ['colcon_pkg']
[0.479s] Level 1:colcon.colcon_core.package_identification:_identify(src) by extension 'colcon_pkg'
[0.479s] Level 1:colcon.colcon_core.package_identification:_identify(src) by extensions ['colcon_meta']
[0.479s] Level 1:colcon.colcon_core.package_identification:_identify(src) by extension 'colcon_meta'
[0.479s] Level 1:colcon.colcon_core.package_identification:_identify(src) by extensions ['ros']
[0.479s] Level 1:colcon.colcon_core.package_identification:_identify(src) by extension 'ros'
[0.479s] Level 1:colcon.colcon_core.package_identification:_identify(src) by extensions ['cmake', 'python']
[0.479s] Level 1:colcon.colcon_core.package_identification:_identify(src) by extension 'cmake'
[0.479s] Level 1:colcon.colcon_core.package_identification:_identify(src) by extension 'python'
[0.479s] Level 1:colcon.colcon_core.package_identification:_identify(src) by extensions ['python_setup_py']
[0.479s] Level 1:colcon.colcon_core.package_identification:_identify(src) by extension 'python_setup_py'
[0.479s] Level 1:colcon.colcon_core.package_identification:_identify(src/All_Topic) by extensions ['ignore', 'ignore_ament_install']
[0.479s] Level 1:colcon.colcon_core.package_identification:_identify(src/All_Topic) by extension 'ignore'
[0.479s] Level 1:colcon.colcon_core.package_identification:_identify(src/All_Topic) by extension 'ignore_ament_install'
[0.479s] Level 1:colcon.colcon_core.package_identification:_identify(src/All_Topic) by extensions ['colcon_pkg']
[0.479s] Level 1:colcon.colcon_core.package_identification:_identify(src/All_Topic) by extension 'colcon_pkg'
[0.479s] Level 1:colcon.colcon_core.package_identification:_identify(src/All_Topic) by extensions ['colcon_meta']
[0.479s] Level 1:colcon.colcon_core.package_identification:_identify(src/All_Topic) by extension 'colcon_meta'
[0.479s] Level 1:colcon.colcon_core.package_identification:_identify(src/All_Topic) by extensions ['ros']
[0.479s] Level 1:colcon.colcon_core.package_identification:_identify(src/All_Topic) by extension 'ros'
[0.479s] Level 1:colcon.colcon_core.package_identification:_identify(src/All_Topic) by extensions ['cmake', 'python']
[0.479s] Level 1:colcon.colcon_core.package_identification:_identify(src/All_Topic) by extension 'cmake'
[0.479s] Level 1:colcon.colcon_core.package_identification:_identify(src/All_Topic) by extension 'python'
[0.479s] Level 1:colcon.colcon_core.package_identification:_identify(src/All_Topic) by extensions ['python_setup_py']
[0.479s] Level 1:colcon.colcon_core.package_identification:_identify(src/All_Topic) by extension 'python_setup_py'
[0.479s] Level 1:colcon.colcon_core.package_identification:_identify(src/Game_Map) by extensions ['ignore', 'ignore_ament_install']
[0.479s] Level 1:colcon.colcon_core.package_identification:_identify(src/Game_Map) by extension 'ignore'
[0.479s] Level 1:colcon.colcon_core.package_identification:_identify(src/Game_Map) by extension 'ignore_ament_install'
[0.480s] Level 1:colcon.colcon_core.package_identification:_identify(src/Game_Map) by extensions ['colcon_pkg']
[0.480s] Level 1:colcon.colcon_core.package_identification:_identify(src/Game_Map) by extension 'colcon_pkg'
[0.480s] Level 1:colcon.colcon_core.package_identification:_identify(src/Game_Map) by extensions ['colcon_meta']
[0.480s] Level 1:colcon.colcon_core.package_identification:_identify(src/Game_Map) by extension 'colcon_meta'
[0.480s] Level 1:colcon.colcon_core.package_identification:_identify(src/Game_Map) by extensions ['ros']
[0.480s] Level 1:colcon.colcon_core.package_identification:_identify(src/Game_Map) by extension 'ros'
[0.481s] DEBUG:colcon.colcon_core.package_identification:Package 'src/Game_Map' with type 'ros.ament_cmake' and name 'Game_Map'
[0.481s] Level 1:colcon.colcon_core.package_identification:_identify(src/Get_Camera_Img) by extensions ['ignore', 'ignore_ament_install']
[0.481s] Level 1:colcon.colcon_core.package_identification:_identify(src/Get_Camera_Img) by extension 'ignore'
[0.481s] Level 1:colcon.colcon_core.package_identification:_identify(src/Get_Camera_Img) by extension 'ignore_ament_install'
[0.481s] Level 1:colcon.colcon_core.package_identification:_identify(src/Get_Camera_Img) by extensions ['colcon_pkg']
[0.481s] Level 1:colcon.colcon_core.package_identification:_identify(src/Get_Camera_Img) by extension 'colcon_pkg'
[0.481s] Level 1:colcon.colcon_core.package_identification:_identify(src/Get_Camera_Img) by extensions ['colcon_meta']
[0.481s] Level 1:colcon.colcon_core.package_identification:_identify(src/Get_Camera_Img) by extension 'colcon_meta'
[0.481s] Level 1:colcon.colcon_core.package_identification:_identify(src/Get_Camera_Img) by extensions ['ros']
[0.481s] Level 1:colcon.colcon_core.package_identification:_identify(src/Get_Camera_Img) by extension 'ros'
[0.482s] DEBUG:colcon.colcon_core.package_identification:Package 'src/Get_Camera_Img' with type 'ros.ament_cmake' and name 'Get_Camera_Img'
[0.482s] Level 1:colcon.colcon_core.package_identification:_identify(src/Img_Handle) by extensions ['ignore', 'ignore_ament_install']
[0.482s] Level 1:colcon.colcon_core.package_identification:_identify(src/Img_Handle) by extension 'ignore'
[0.482s] Level 1:colcon.colcon_core.package_identification:_identify(src/Img_Handle) by extension 'ignore_ament_install'
[0.482s] Level 1:colcon.colcon_core.package_identification:_identify(src/Img_Handle) by extensions ['colcon_pkg']
[0.482s] Level 1:colcon.colcon_core.package_identification:_identify(src/Img_Handle) by extension 'colcon_pkg'
[0.482s] Level 1:colcon.colcon_core.package_identification:_identify(src/Img_Handle) by extensions ['colcon_meta']
[0.482s] Level 1:colcon.colcon_core.package_identification:_identify(src/Img_Handle) by extension 'colcon_meta'
[0.482s] Level 1:colcon.colcon_core.package_identification:_identify(src/Img_Handle) by extensions ['ros']
[0.482s] Level 1:colcon.colcon_core.package_identification:_identify(src/Img_Handle) by extension 'ros'
[0.482s] DEBUG:colcon.colcon_core.package_identification:Package 'src/Img_Handle' with type 'ros.ament_cmake' and name 'Img_Handle'
[0.482s] Level 1:colcon.colcon_core.package_identification:_identify(src/Yolo_Handle) by extensions ['ignore', 'ignore_ament_install']
[0.483s] Level 1:colcon.colcon_core.package_identification:_identify(src/Yolo_Handle) by extension 'ignore'
[0.483s] Level 1:colcon.colcon_core.package_identification:_identify(src/Yolo_Handle) by extension 'ignore_ament_install'
[0.483s] Level 1:colcon.colcon_core.package_identification:_identify(src/Yolo_Handle) by extensions ['colcon_pkg']
[0.483s] Level 1:colcon.colcon_core.package_identification:_identify(src/Yolo_Handle) by extension 'colcon_pkg'
[0.483s] Level 1:colcon.colcon_core.package_identification:_identify(src/Yolo_Handle) by extensions ['colcon_meta']
[0.483s] Level 1:colcon.colcon_core.package_identification:_identify(src/Yolo_Handle) by extension 'colcon_meta'
[0.483s] Level 1:colcon.colcon_core.package_identification:_identify(src/Yolo_Handle) by extensions ['ros']
[0.483s] Level 1:colcon.colcon_core.package_identification:_identify(src/Yolo_Handle) by extension 'ros'
[0.483s] DEBUG:colcon.colcon_core.package_identification:Package 'src/Yolo_Handle' with type 'ros.ament_cmake' and name 'Yolo_Handle'
[0.483s] Level 1:colcon.colcon_core.package_identification:_identify(src/get_depth) by extensions ['ignore', 'ignore_ament_install']
[0.483s] Level 1:colcon.colcon_core.package_identification:_identify(src/get_depth) by extension 'ignore'
[0.483s] Level 1:colcon.colcon_core.package_identification:_identify(src/get_depth) by extension 'ignore_ament_install'
[0.483s] Level 1:colcon.colcon_core.package_identification:_identify(src/get_depth) by extensions ['colcon_pkg']
[0.483s] Level 1:colcon.colcon_core.package_identification:_identify(src/get_depth) by extension 'colcon_pkg'
[0.483s] Level 1:colcon.colcon_core.package_identification:_identify(src/get_depth) by extensions ['colcon_meta']
[0.483s] Level 1:colcon.colcon_core.package_identification:_identify(src/get_depth) by extension 'colcon_meta'
[0.483s] Level 1:colcon.colcon_core.package_identification:_identify(src/get_depth) by extensions ['ros']
[0.483s] Level 1:colcon.colcon_core.package_identification:_identify(src/get_depth) by extension 'ros'
[0.484s] DEBUG:colcon.colcon_core.package_identification:Package 'src/get_depth' with type 'ros.ament_cmake' and name 'get_depth'
[0.484s] Level 1:colcon.colcon_core.package_identification:_identify(src/my_msgss) by extensions ['ignore', 'ignore_ament_install']
[0.484s] Level 1:colcon.colcon_core.package_identification:_identify(src/my_msgss) by extension 'ignore'
[0.484s] Level 1:colcon.colcon_core.package_identification:_identify(src/my_msgss) by extension 'ignore_ament_install'
[0.484s] Level 1:colcon.colcon_core.package_identification:_identify(src/my_msgss) by extensions ['colcon_pkg']
[0.484s] Level 1:colcon.colcon_core.package_identification:_identify(src/my_msgss) by extension 'colcon_pkg'
[0.484s] Level 1:colcon.colcon_core.package_identification:_identify(src/my_msgss) by extensions ['colcon_meta']
[0.484s] Level 1:colcon.colcon_core.package_identification:_identify(src/my_msgss) by extension 'colcon_meta'
[0.484s] Level 1:colcon.colcon_core.package_identification:_identify(src/my_msgss) by extensions ['ros']
[0.484s] Level 1:colcon.colcon_core.package_identification:_identify(src/my_msgss) by extension 'ros'
[0.485s] DEBUG:colcon.colcon_core.package_identification:Package 'src/my_msgss' with type 'ros.ament_cmake' and name 'my_msgss'
[0.485s] Level 1:colcon.colcon_core.package_discovery:discover_packages(recursive) using defaults
[0.485s] Level 1:colcon.colcon_core.package_discovery:discover_packages(ignore) discover
[0.485s] Level 1:colcon.colcon_core.package_discovery:discover_packages(ignore) using defaults
[0.485s] Level 1:colcon.colcon_core.package_discovery:discover_packages(path) discover
[0.485s] Level 1:colcon.colcon_core.package_discovery:discover_packages(path) using defaults
[0.530s] Level 1:colcon.colcon_core.package_discovery:discover_packages(prefix_path) check parameters
[0.530s] Level 1:colcon.colcon_core.package_discovery:discover_packages(prefix_path) discover
[0.543s] DEBUG:colcon.colcon_installed_package_information.package_discovery:Found 6 installed packages in /home/mechax/zyb/radar_station/install
[0.550s] DEBUG:colcon.colcon_installed_package_information.package_discovery:Found 3 installed packages in /home/mechax/ws_livox/install
[0.556s] DEBUG:colcon.colcon_installed_package_information.package_discovery:Found 340 installed packages in /opt/ros/humble
[0.557s] Level 1:colcon.colcon_core.package_discovery:discover_packages(prefix_path) using defaults
[0.606s] Level 5:colcon.colcon_core.verb:set package 'Get_Camera_Img' build argument 'cmake_args' from command line to '['-DCMAKE_EXPORT_CONPILE_COMMANDS=ON']'
[0.606s] Level 5:colcon.colcon_core.verb:set package 'Get_Camera_Img' build argument 'cmake_target' from command line to 'None'
[0.606s] Level 5:colcon.colcon_core.verb:set package 'Get_Camera_Img' build argument 'cmake_target_skip_unavailable' from command line to 'False'
[0.606s] Level 5:colcon.colcon_core.verb:set package 'Get_Camera_Img' build argument 'cmake_clean_cache' from command line to 'False'
[0.606s] Level 5:colcon.colcon_core.verb:set package 'Get_Camera_Img' build argument 'cmake_clean_first' from command line to 'False'
[0.606s] Level 5:colcon.colcon_core.verb:set package 'Get_Camera_Img' build argument 'cmake_force_configure' from command line to 'False'
[0.606s] Level 5:colcon.colcon_core.verb:set package 'Get_Camera_Img' build argument 'ament_cmake_args' from command line to 'None'
[0.606s] Level 5:colcon.colcon_core.verb:set package 'Get_Camera_Img' build argument 'catkin_cmake_args' from command line to 'None'
[0.606s] Level 5:colcon.colcon_core.verb:set package 'Get_Camera_Img' build argument 'catkin_skip_building_tests' from command line to 'False'
[0.606s] DEBUG:colcon.colcon_core.verb:Building package 'Get_Camera_Img' with the following arguments: {'ament_cmake_args': None, 'build_base': '/home/mechax/zyb/radar_station/build/Get_Camera_Img', 'catkin_cmake_args': None, 'catkin_skip_building_tests': False, 'cmake_args': ['-DCMAKE_EXPORT_CONPILE_COMMANDS=ON'], 'cmake_clean_cache': False, 'cmake_clean_first': False, 'cmake_force_configure': False, 'cmake_target': None, 'cmake_target_skip_unavailable': False, 'install_base': '/home/mechax/zyb/radar_station/install/Get_Camera_Img', 'merge_install': False, 'path': '/home/mechax/zyb/radar_station/src/Get_Camera_Img', 'symlink_install': False, 'test_result_base': None}
[0.612s] Level 5:colcon.colcon_core.verb:set package 'Yolo_Handle' build argument 'cmake_args' from command line to '['-DCMAKE_EXPORT_CONPILE_COMMANDS=ON']'
[0.612s] Level 5:colcon.colcon_core.verb:set package 'Yolo_Handle' build argument 'cmake_target' from command line to 'None'
[0.612s] Level 5:colcon.colcon_core.verb:set package 'Yolo_Handle' build argument 'cmake_target_skip_unavailable' from command line to 'False'
[0.612s] Level 5:colcon.colcon_core.verb:set package 'Yolo_Handle' build argument 'cmake_clean_cache' from command line to 'False'
[0.612s] Level 5:colcon.colcon_core.verb:set package 'Yolo_Handle' build argument 'cmake_clean_first' from command line to 'False'
[0.612s] Level 5:colcon.colcon_core.verb:set package 'Yolo_Handle' build argument 'cmake_force_configure' from command line to 'False'
[0.612s] Level 5:colcon.colcon_core.verb:set package 'Yolo_Handle' build argument 'ament_cmake_args' from command line to 'None'
[0.612s] Level 5:colcon.colcon_core.verb:set package 'Yolo_Handle' build argument 'catkin_cmake_args' from command line to 'None'
[0.612s] Level 5:colcon.colcon_core.verb:set package 'Yolo_Handle' build argument 'catkin_skip_building_tests' from command line to 'False'
[0.612s] DEBUG:colcon.colcon_core.verb:Building package 'Yolo_Handle' with the following arguments: {'ament_cmake_args': None, 'build_base': '/home/mechax/zyb/radar_station/build/Yolo_Handle', 'catkin_cmake_args': None, 'catkin_skip_building_tests': False, 'cmake_args': ['-DCMAKE_EXPORT_CONPILE_COMMANDS=ON'], 'cmake_clean_cache': False, 'cmake_clean_first': False, 'cmake_force_configure': False, 'cmake_target': None, 'cmake_target_skip_unavailable': False, 'install_base': '/home/mechax/zyb/radar_station/install/Yolo_Handle', 'merge_install': False, 'path': '/home/mechax/zyb/radar_station/src/Yolo_Handle', 'symlink_install': False, 'test_result_base': None}
[0.618s] Level 5:colcon.colcon_core.verb:set package 'my_msgss' build argument 'cmake_args' from command line to '['-DCMAKE_EXPORT_CONPILE_COMMANDS=ON']'
[0.618s] Level 5:colcon.colcon_core.verb:set package 'my_msgss' build argument 'cmake_target' from command line to 'None'
[0.618s] Level 5:colcon.colcon_core.verb:set package 'my_msgss' build argument 'cmake_target_skip_unavailable' from command line to 'False'
[0.618s] Level 5:colcon.colcon_core.verb:set package 'my_msgss' build argument 'cmake_clean_cache' from command line to 'False'
[0.618s] Level 5:colcon.colcon_core.verb:set package 'my_msgss' build argument 'cmake_clean_first' from command line to 'False'
[0.618s] Level 5:colcon.colcon_core.verb:set package 'my_msgss' build argument 'cmake_force_configure' from command line to 'False'
[0.618s] Level 5:colcon.colcon_core.verb:set package 'my_msgss' build argument 'ament_cmake_args' from command line to 'None'
[0.618s] Level 5:colcon.colcon_core.verb:set package 'my_msgss' build argument 'catkin_cmake_args' from command line to 'None'
[0.618s] Level 5:colcon.colcon_core.verb:set package 'my_msgss' build argument 'catkin_skip_building_tests' from command line to 'False'
[0.618s] DEBUG:colcon.colcon_core.verb:Building package 'my_msgss' with the following arguments: {'ament_cmake_args': None, 'build_base': '/home/mechax/zyb/radar_station/build/my_msgss', 'catkin_cmake_args': None, 'catkin_skip_building_tests': False, 'cmake_args': ['-DCMAKE_EXPORT_CONPILE_COMMANDS=ON'], 'cmake_clean_cache': False, 'cmake_clean_first': False, 'cmake_force_configure': False, 'cmake_target': None, 'cmake_target_skip_unavailable': False, 'install_base': '/home/mechax/zyb/radar_station/install/my_msgss', 'merge_install': False, 'path': '/home/mechax/zyb/radar_station/src/my_msgss', 'symlink_install': False, 'test_result_base': None}
[0.624s] Level 5:colcon.colcon_core.verb:set package 'Game_Map' build argument 'cmake_args' from command line to '['-DCMAKE_EXPORT_CONPILE_COMMANDS=ON']'
[0.624s] Level 5:colcon.colcon_core.verb:set package 'Game_Map' build argument 'cmake_target' from command line to 'None'
[0.624s] Level 5:colcon.colcon_core.verb:set package 'Game_Map' build argument 'cmake_target_skip_unavailable' from command line to 'False'
[0.624s] Level 5:colcon.colcon_core.verb:set package 'Game_Map' build argument 'cmake_clean_cache' from command line to 'False'
[0.624s] Level 5:colcon.colcon_core.verb:set package 'Game_Map' build argument 'cmake_clean_first' from command line to 'False'
[0.624s] Level 5:colcon.colcon_core.verb:set package 'Game_Map' build argument 'cmake_force_configure' from command line to 'False'
[0.624s] Level 5:colcon.colcon_core.verb:set package 'Game_Map' build argument 'ament_cmake_args' from command line to 'None'
[0.624s] Level 5:colcon.colcon_core.verb:set package 'Game_Map' build argument 'catkin_cmake_args' from command line to 'None'
[0.624s] Level 5:colcon.colcon_core.verb:set package 'Game_Map' build argument 'catkin_skip_building_tests' from command line to 'False'
[0.624s] DEBUG:colcon.colcon_core.verb:Building package 'Game_Map' with the following arguments: {'ament_cmake_args': None, 'build_base': '/home/mechax/zyb/radar_station/build/Game_Map', 'catkin_cmake_args': None, 'catkin_skip_building_tests': False, 'cmake_args': ['-DCMAKE_EXPORT_CONPILE_COMMANDS=ON'], 'cmake_clean_cache': False, 'cmake_clean_first': False, 'cmake_force_configure': False, 'cmake_target': None, 'cmake_target_skip_unavailable': False, 'install_base': '/home/mechax/zyb/radar_station/install/Game_Map', 'merge_install': False, 'path': '/home/mechax/zyb/radar_station/src/Game_Map', 'symlink_install': False, 'test_result_base': None}
[0.630s] Level 5:colcon.colcon_core.verb:set package 'Img_Handle' build argument 'cmake_args' from command line to '['-DCMAKE_EXPORT_CONPILE_COMMANDS=ON']'
[0.630s] Level 5:colcon.colcon_core.verb:set package 'Img_Handle' build argument 'cmake_target' from command line to 'None'
[0.630s] Level 5:colcon.colcon_core.verb:set package 'Img_Handle' build argument 'cmake_target_skip_unavailable' from command line to 'False'
[0.630s] Level 5:colcon.colcon_core.verb:set package 'Img_Handle' build argument 'cmake_clean_cache' from command line to 'False'
[0.630s] Level 5:colcon.colcon_core.verb:set package 'Img_Handle' build argument 'cmake_clean_first' from command line to 'False'
[0.630s] Level 5:colcon.colcon_core.verb:set package 'Img_Handle' build argument 'cmake_force_configure' from command line to 'False'
[0.630s] Level 5:colcon.colcon_core.verb:set package 'Img_Handle' build argument 'ament_cmake_args' from command line to 'None'
[0.631s] Level 5:colcon.colcon_core.verb:set package 'Img_Handle' build argument 'catkin_cmake_args' from command line to 'None'
[0.631s] Level 5:colcon.colcon_core.verb:set package 'Img_Handle' build argument 'catkin_skip_building_tests' from command line to 'False'
[0.631s] DEBUG:colcon.colcon_core.verb:Building package 'Img_Handle' with the following arguments: {'ament_cmake_args': None, 'build_base': '/home/mechax/zyb/radar_station/build/Img_Handle', 'catkin_cmake_args': None, 'catkin_skip_building_tests': False, 'cmake_args': ['-DCMAKE_EXPORT_CONPILE_COMMANDS=ON'], 'cmake_clean_cache': False, 'cmake_clean_first': False, 'cmake_force_configure': False, 'cmake_target': None, 'cmake_target_skip_unavailable': False, 'install_base': '/home/mechax/zyb/radar_station/install/Img_Handle', 'merge_install': False, 'path': '/home/mechax/zyb/radar_station/src/Img_Handle', 'symlink_install': False, 'test_result_base': None}
[0.637s] Level 5:colcon.colcon_core.verb:set package 'get_depth' build argument 'cmake_args' from command line to '['-DCMAKE_EXPORT_CONPILE_COMMANDS=ON']'
[0.637s] Level 5:colcon.colcon_core.verb:set package 'get_depth' build argument 'cmake_target' from command line to 'None'
[0.637s] Level 5:colcon.colcon_core.verb:set package 'get_depth' build argument 'cmake_target_skip_unavailable' from command line to 'False'
[0.637s] Level 5:colcon.colcon_core.verb:set package 'get_depth' build argument 'cmake_clean_cache' from command line to 'False'
[0.637s] Level 5:colcon.colcon_core.verb:set package 'get_depth' build argument 'cmake_clean_first' from command line to 'False'
[0.637s] Level 5:colcon.colcon_core.verb:set package 'get_depth' build argument 'cmake_force_configure' from command line to 'False'
[0.637s] Level 5:colcon.colcon_core.verb:set package 'get_depth' build argument 'ament_cmake_args' from command line to 'None'
[0.637s] Level 5:colcon.colcon_core.verb:set package 'get_depth' build argument 'catkin_cmake_args' from command line to 'None'
[0.637s] Level 5:colcon.colcon_core.verb:set package 'get_depth' build argument 'catkin_skip_building_tests' from command line to 'False'
[0.637s] DEBUG:colcon.colcon_core.verb:Building package 'get_depth' with the following arguments: {'ament_cmake_args': None, 'build_base': '/home/mechax/zyb/radar_station/build/get_depth', 'catkin_cmake_args': None, 'catkin_skip_building_tests': False, 'cmake_args': ['-DCMAKE_EXPORT_CONPILE_COMMANDS=ON'], 'cmake_clean_cache': False, 'cmake_clean_first': False, 'cmake_force_configure': False, 'cmake_target': None, 'cmake_target_skip_unavailable': False, 'install_base': '/home/mechax/zyb/radar_station/install/get_depth', 'merge_install': False, 'path': '/home/mechax/zyb/radar_station/src/get_depth', 'symlink_install': False, 'test_result_base': None}
[0.643s] INFO:colcon.colcon_core.executor:Executing jobs using 'parallel' executor
[0.649s] DEBUG:colcon.colcon_parallel_executor.executor.parallel:run_until_complete
[0.649s] INFO:colcon.colcon_ros.task.ament_cmake.build:Building ROS package in '/home/mechax/zyb/radar_station/src/my_msgss' with build type 'ament_cmake'
[0.649s] INFO:colcon.colcon_cmake.task.cmake.build:Building CMake package in '/home/mechax/zyb/radar_station/src/my_msgss'
[0.657s] INFO:colcon.colcon_core.plugin_system:Skipping extension 'colcon_core.shell.bat': Not used on non-Windows systems
[0.657s] INFO:colcon.colcon_core.shell:Skip shell extension 'powershell' for command environment: Not usable outside of PowerShell
[0.657s] DEBUG:colcon.colcon_core.shell:Skip shell extension 'dsv' for command environment
[0.683s] INFO:colcon.colcon_ros.task.ament_cmake.build:Building ROS package in '/home/mechax/zyb/radar_station/src/Get_Camera_Img' with build type 'ament_cmake'
[0.683s] INFO:colcon.colcon_cmake.task.cmake.build:Building CMake package in '/home/mechax/zyb/radar_station/src/Get_Camera_Img'
[0.691s] INFO:colcon.colcon_core.shell:Skip shell extension 'powershell' for command environment: Not usable outside of PowerShell
[0.691s] DEBUG:colcon.colcon_core.shell:Skip shell extension 'dsv' for command environment
[0.718s] INFO:colcon.colcon_ros.task.ament_cmake.build:Building ROS package in '/home/mechax/zyb/radar_station/src/Yolo_Handle' with build type 'ament_cmake'
[0.718s] INFO:colcon.colcon_cmake.task.cmake.build:Building CMake package in '/home/mechax/zyb/radar_station/src/Yolo_Handle'
[0.735s] INFO:colcon.colcon_core.shell:Skip shell extension 'powershell' for command environment: Not usable outside of PowerShell
[0.736s] DEBUG:colcon.colcon_core.shell:Skip shell extension 'dsv' for command environment
[0.768s] DEBUG:colcon.colcon_core.event_handler.log_command:Invoking command in '/home/mechax/zyb/radar_station/build/my_msgss': CMAKE_PREFIX_PATH=${CMAKE_PREFIX_PATH}:/opt/ros/humble /usr/bin/cmake --build /home/mechax/zyb/radar_station/build/my_msgss -- -j16 -l16
[0.772s] DEBUG:colcon.colcon_core.event_handler.log_command:Invoking command in '/home/mechax/zyb/radar_station/build/Get_Camera_Img': CMAKE_PREFIX_PATH=${CMAKE_PREFIX_PATH}:/opt/ros/humble /usr/bin/cmake --build /home/mechax/zyb/radar_station/build/Get_Camera_Img -- -j16 -l16
[0.775s] DEBUG:colcon.colcon_core.event_handler.log_command:Invoking command in '/home/mechax/zyb/radar_station/build/Yolo_Handle': CMAKE_PREFIX_PATH=${CMAKE_PREFIX_PATH}:/opt/ros/humble /usr/bin/cmake --build /home/mechax/zyb/radar_station/build/Yolo_Handle -- -j16 -l16
[0.801s] DEBUG:colcon.colcon_core.event_handler.log_command:Invoked command in '/home/mechax/zyb/radar_station/build/Yolo_Handle' returned '0': CMAKE_PREFIX_PATH=${CMAKE_PREFIX_PATH}:/opt/ros/humble /usr/bin/cmake --build /home/mechax/zyb/radar_station/build/Yolo_Handle -- -j16 -l16
[0.829s] DEBUG:colcon.colcon_core.event_handler.log_command:Invoking command in '/home/mechax/zyb/radar_station/build/Yolo_Handle': CMAKE_PREFIX_PATH=${CMAKE_PREFIX_PATH}:/opt/ros/humble /usr/bin/cmake --install /home/mechax/zyb/radar_station/build/Yolo_Handle
[0.831s] DEBUG:colcon.colcon_core.event_handler.log_command:Invoked command in '/home/mechax/zyb/radar_station/build/Get_Camera_Img' returned '0': CMAKE_PREFIX_PATH=${CMAKE_PREFIX_PATH}:/opt/ros/humble /usr/bin/cmake --build /home/mechax/zyb/radar_station/build/Get_Camera_Img -- -j16 -l16
[0.835s] Level 1:colcon.colcon_core.environment:create_environment_scripts_only(Yolo_Handle)
[0.836s] DEBUG:colcon.colcon_core.event_handler.log_command:Invoked command in '/home/mechax/zyb/radar_station/build/Yolo_Handle' returned '0': CMAKE_PREFIX_PATH=${CMAKE_PREFIX_PATH}:/opt/ros/humble /usr/bin/cmake --install /home/mechax/zyb/radar_station/build/Yolo_Handle
[0.854s] Level 1:colcon.colcon_core.environment:checking '/home/mechax/zyb/radar_station/install/Yolo_Handle' for CMake module files
[0.855s] Level 1:colcon.colcon_core.environment:checking '/home/mechax/zyb/radar_station/install/Yolo_Handle' for CMake config files
[0.855s] Level 1:colcon.colcon_core.shell:create_environment_hook('Yolo_Handle', 'cmake_prefix_path')
[0.862s] INFO:colcon.colcon_core.shell:Creating environment hook '/home/mechax/zyb/radar_station/install/Yolo_Handle/share/Yolo_Handle/hook/cmake_prefix_path.ps1'
[0.863s] INFO:colcon.colcon_core.shell:Creating environment descriptor '/home/mechax/zyb/radar_station/install/Yolo_Handle/share/Yolo_Handle/hook/cmake_prefix_path.dsv'
[0.863s] INFO:colcon.colcon_core.shell:Creating environment hook '/home/mechax/zyb/radar_station/install/Yolo_Handle/share/Yolo_Handle/hook/cmake_prefix_path.sh'
[0.863s] Level 1:colcon.colcon_core.environment:checking '/home/mechax/zyb/radar_station/install/Yolo_Handle/bin'
[0.863s] Level 1:colcon.colcon_core.environment:checking '/home/mechax/zyb/radar_station/install/Yolo_Handle/lib/pkgconfig/Yolo_Handle.pc'
[0.863s] Level 1:colcon.colcon_core.environment:checking '/home/mechax/zyb/radar_station/install/Yolo_Handle/lib/python3.10/site-packages'
[0.864s] Level 1:colcon.colcon_core.environment:checking '/home/mechax/zyb/radar_station/install/Yolo_Handle/bin'
[0.871s] INFO:colcon.colcon_core.shell:Creating package script '/home/mechax/zyb/radar_station/install/Yolo_Handle/share/Yolo_Handle/package.ps1'
[0.872s] INFO:colcon.colcon_core.shell:Creating package descriptor '/home/mechax/zyb/radar_station/install/Yolo_Handle/share/Yolo_Handle/package.dsv'
[0.872s] INFO:colcon.colcon_core.shell:Creating package script '/home/mechax/zyb/radar_station/install/Yolo_Handle/share/Yolo_Handle/package.sh'
[0.873s] INFO:colcon.colcon_core.shell:Creating package script '/home/mechax/zyb/radar_station/install/Yolo_Handle/share/Yolo_Handle/package.bash'
[0.873s] INFO:colcon.colcon_core.shell:Creating package script '/home/mechax/zyb/radar_station/install/Yolo_Handle/share/Yolo_Handle/package.zsh'
[0.873s] Level 1:colcon.colcon_core.environment:create_file_with_runtime_dependencies(/home/mechax/zyb/radar_station/install/Yolo_Handle/share/colcon-core/packages/Yolo_Handle)
[0.876s] DEBUG:colcon.colcon_core.event_handler.log_command:Invoking command in '/home/mechax/zyb/radar_station/build/Get_Camera_Img': CMAKE_PREFIX_PATH=${CMAKE_PREFIX_PATH}:/opt/ros/humble /usr/bin/cmake --install /home/mechax/zyb/radar_station/build/Get_Camera_Img
[0.888s] Level 1:colcon.colcon_core.environment:create_environment_scripts_only(Get_Camera_Img)
[0.888s] DEBUG:colcon.colcon_core.event_handler.log_command:Invoked command in '/home/mechax/zyb/radar_station/build/Get_Camera_Img' returned '0': CMAKE_PREFIX_PATH=${CMAKE_PREFIX_PATH}:/opt/ros/humble /usr/bin/cmake --install /home/mechax/zyb/radar_station/build/Get_Camera_Img
[0.896s] Level 1:colcon.colcon_core.environment:checking '/home/mechax/zyb/radar_station/install/Get_Camera_Img' for CMake module files
[0.896s] Level 1:colcon.colcon_core.environment:checking '/home/mechax/zyb/radar_station/install/Get_Camera_Img' for CMake config files
[0.896s] Level 1:colcon.colcon_core.shell:create_environment_hook('Get_Camera_Img', 'cmake_prefix_path')
[0.903s] INFO:colcon.colcon_core.shell:Creating environment hook '/home/mechax/zyb/radar_station/install/Get_Camera_Img/share/Get_Camera_Img/hook/cmake_prefix_path.ps1'
[0.903s] INFO:colcon.colcon_core.shell:Creating environment descriptor '/home/mechax/zyb/radar_station/install/Get_Camera_Img/share/Get_Camera_Img/hook/cmake_prefix_path.dsv'
[0.903s] INFO:colcon.colcon_core.shell:Creating environment hook '/home/mechax/zyb/radar_station/install/Get_Camera_Img/share/Get_Camera_Img/hook/cmake_prefix_path.sh'
[0.904s] Level 1:colcon.colcon_core.environment:checking '/home/mechax/zyb/radar_station/install/Get_Camera_Img/lib'
[0.904s] Level 1:colcon.colcon_core.environment:checking '/home/mechax/zyb/radar_station/install/Get_Camera_Img/bin'
[0.904s] Level 1:colcon.colcon_core.environment:checking '/home/mechax/zyb/radar_station/install/Get_Camera_Img/lib/pkgconfig/Get_Camera_Img.pc'
[0.904s] Level 1:colcon.colcon_core.environment:checking '/home/mechax/zyb/radar_station/install/Get_Camera_Img/lib/python3.10/site-packages'
[0.904s] Level 1:colcon.colcon_core.environment:checking '/home/mechax/zyb/radar_station/install/Get_Camera_Img/bin'
[0.911s] INFO:colcon.colcon_core.shell:Creating package script '/home/mechax/zyb/radar_station/install/Get_Camera_Img/share/Get_Camera_Img/package.ps1'
[0.911s] INFO:colcon.colcon_core.shell:Creating package descriptor '/home/mechax/zyb/radar_station/install/Get_Camera_Img/share/Get_Camera_Img/package.dsv'
[0.911s] INFO:colcon.colcon_core.shell:Creating package script '/home/mechax/zyb/radar_station/install/Get_Camera_Img/share/Get_Camera_Img/package.sh'
[0.911s] INFO:colcon.colcon_core.shell:Creating package script '/home/mechax/zyb/radar_station/install/Get_Camera_Img/share/Get_Camera_Img/package.bash'
[0.911s] INFO:colcon.colcon_core.shell:Creating package script '/home/mechax/zyb/radar_station/install/Get_Camera_Img/share/Get_Camera_Img/package.zsh'
[0.912s] Level 1:colcon.colcon_core.environment:create_file_with_runtime_dependencies(/home/mechax/zyb/radar_station/install/Get_Camera_Img/share/colcon-core/packages/Get_Camera_Img)
[0.920s] Level 1:colcon.colcon_core.environment:create_environment_scripts_only(Yolo_Handle)
[0.927s] Level 1:colcon.colcon_core.environment:checking '/home/mechax/zyb/radar_station/install/Yolo_Handle' for CMake module files
[0.927s] Level 1:colcon.colcon_core.environment:checking '/home/mechax/zyb/radar_station/install/Yolo_Handle' for CMake config files
[0.927s] Level 1:colcon.colcon_core.shell:create_environment_hook('Yolo_Handle', 'cmake_prefix_path')
[0.933s] INFO:colcon.colcon_core.shell:Creating environment hook '/home/mechax/zyb/radar_station/install/Yolo_Handle/share/Yolo_Handle/hook/cmake_prefix_path.ps1'
[0.934s] INFO:colcon.colcon_core.shell:Creating environment descriptor '/home/mechax/zyb/radar_station/install/Yolo_Handle/share/Yolo_Handle/hook/cmake_prefix_path.dsv'
[0.934s] INFO:colcon.colcon_core.shell:Creating environment hook '/home/mechax/zyb/radar_station/install/Yolo_Handle/share/Yolo_Handle/hook/cmake_prefix_path.sh'
[0.934s] Level 1:colcon.colcon_core.environment:checking '/home/mechax/zyb/radar_station/install/Yolo_Handle/bin'
[0.934s] Level 1:colcon.colcon_core.environment:checking '/home/mechax/zyb/radar_station/install/Yolo_Handle/lib/pkgconfig/Yolo_Handle.pc'
[0.934s] Level 1:colcon.colcon_core.environment:checking '/home/mechax/zyb/radar_station/install/Yolo_Handle/lib/python3.10/site-packages'
[0.934s] Level 1:colcon.colcon_core.environment:checking '/home/mechax/zyb/radar_station/install/Yolo_Handle/bin'
[0.942s] INFO:colcon.colcon_core.shell:Creating package script '/home/mechax/zyb/radar_station/install/Yolo_Handle/share/Yolo_Handle/package.ps1'
[0.942s] INFO:colcon.colcon_core.shell:Creating package descriptor '/home/mechax/zyb/radar_station/install/Yolo_Handle/share/Yolo_Handle/package.dsv'
[0.942s] INFO:colcon.colcon_core.shell:Creating package script '/home/mechax/zyb/radar_station/install/Yolo_Handle/share/Yolo_Handle/package.sh'
[0.942s] INFO:colcon.colcon_core.shell:Creating package script '/home/mechax/zyb/radar_station/install/Yolo_Handle/share/Yolo_Handle/package.bash'
[0.943s] INFO:colcon.colcon_core.shell:Creating package script '/home/mechax/zyb/radar_station/install/Yolo_Handle/share/Yolo_Handle/package.zsh'
[0.943s] Level 1:colcon.colcon_core.environment:create_file_with_runtime_dependencies(/home/mechax/zyb/radar_station/install/Yolo_Handle/share/colcon-core/packages/Yolo_Handle)
[0.951s] Level 1:colcon.colcon_core.environment:create_environment_scripts_only(Get_Camera_Img)
[0.960s] Level 1:colcon.colcon_core.environment:checking '/home/mechax/zyb/radar_station/install/Get_Camera_Img' for CMake module files
[0.960s] Level 1:colcon.colcon_core.environment:checking '/home/mechax/zyb/radar_station/install/Get_Camera_Img' for CMake config files
[0.960s] Level 1:colcon.colcon_core.shell:create_environment_hook('Get_Camera_Img', 'cmake_prefix_path')
[0.968s] INFO:colcon.colcon_core.shell:Creating environment hook '/home/mechax/zyb/radar_station/install/Get_Camera_Img/share/Get_Camera_Img/hook/cmake_prefix_path.ps1'
[0.969s] INFO:colcon.colcon_core.shell:Creating environment descriptor '/home/mechax/zyb/radar_station/install/Get_Camera_Img/share/Get_Camera_Img/hook/cmake_prefix_path.dsv'
[0.969s] INFO:colcon.colcon_core.shell:Creating environment hook '/home/mechax/zyb/radar_station/install/Get_Camera_Img/share/Get_Camera_Img/hook/cmake_prefix_path.sh'
[0.970s] Level 1:colcon.colcon_core.environment:checking '/home/mechax/zyb/radar_station/install/Get_Camera_Img/lib'
[0.970s] Level 1:colcon.colcon_core.environment:checking '/home/mechax/zyb/radar_station/install/Get_Camera_Img/bin'
[0.970s] Level 1:colcon.colcon_core.environment:checking '/home/mechax/zyb/radar_station/install/Get_Camera_Img/lib/pkgconfig/Get_Camera_Img.pc'
[0.970s] Level 1:colcon.colcon_core.environment:checking '/home/mechax/zyb/radar_station/install/Get_Camera_Img/lib/python3.10/site-packages'
[0.970s] Level 1:colcon.colcon_core.environment:checking '/home/mechax/zyb/radar_station/install/Get_Camera_Img/bin'
[0.978s] INFO:colcon.colcon_core.shell:Creating package script '/home/mechax/zyb/radar_station/install/Get_Camera_Img/share/Get_Camera_Img/package.ps1'
[0.978s] INFO:colcon.colcon_core.shell:Creating package descriptor '/home/mechax/zyb/radar_station/install/Get_Camera_Img/share/Get_Camera_Img/package.dsv'
[0.979s] INFO:colcon.colcon_core.shell:Creating package script '/home/mechax/zyb/radar_station/install/Get_Camera_Img/share/Get_Camera_Img/package.sh'
[0.979s] INFO:colcon.colcon_core.shell:Creating package script '/home/mechax/zyb/radar_station/install/Get_Camera_Img/share/Get_Camera_Img/package.bash'
[0.979s] INFO:colcon.colcon_core.shell:Creating package script '/home/mechax/zyb/radar_station/install/Get_Camera_Img/share/Get_Camera_Img/package.zsh'
[0.979s] Level 1:colcon.colcon_core.environment:create_file_with_runtime_dependencies(/home/mechax/zyb/radar_station/install/Get_Camera_Img/share/colcon-core/packages/Get_Camera_Img)
[0.992s] DEBUG:colcon.colcon_core.event_handler.log_command:Invoked command in '/home/mechax/zyb/radar_station/build/my_msgss' returned '0': CMAKE_PREFIX_PATH=${CMAKE_PREFIX_PATH}:/opt/ros/humble /usr/bin/cmake --build /home/mechax/zyb/radar_station/build/my_msgss -- -j16 -l16
[1.075s] DEBUG:colcon.colcon_core.event_handler.log_command:Invoking command in '/home/mechax/zyb/radar_station/build/my_msgss': CMAKE_PREFIX_PATH=${CMAKE_PREFIX_PATH}:/opt/ros/humble /usr/bin/cmake --install /home/mechax/zyb/radar_station/build/my_msgss
[1.108s] Level 1:colcon.colcon_core.environment:create_environment_scripts_only(my_msgss)
[1.112s] DEBUG:colcon.colcon_core.event_handler.log_command:Invoked command in '/home/mechax/zyb/radar_station/build/my_msgss' returned '0': CMAKE_PREFIX_PATH=${CMAKE_PREFIX_PATH}:/opt/ros/humble /usr/bin/cmake --install /home/mechax/zyb/radar_station/build/my_msgss
[1.117s] Level 1:colcon.colcon_core.environment:checking '/home/mechax/zyb/radar_station/install/my_msgss' for CMake module files
[1.117s] Level 1:colcon.colcon_core.environment:checking '/home/mechax/zyb/radar_station/install/my_msgss' for CMake config files
[1.117s] Level 1:colcon.colcon_core.shell:create_environment_hook('my_msgss', 'cmake_prefix_path')
[1.125s] INFO:colcon.colcon_core.shell:Creating environment hook '/home/mechax/zyb/radar_station/install/my_msgss/share/my_msgss/hook/cmake_prefix_path.ps1'
[1.125s] INFO:colcon.colcon_core.shell:Creating environment descriptor '/home/mechax/zyb/radar_station/install/my_msgss/share/my_msgss/hook/cmake_prefix_path.dsv'
[1.125s] INFO:colcon.colcon_core.shell:Creating environment hook '/home/mechax/zyb/radar_station/install/my_msgss/share/my_msgss/hook/cmake_prefix_path.sh'
[1.126s] Level 1:colcon.colcon_core.environment:checking '/home/mechax/zyb/radar_station/install/my_msgss/lib'
[1.126s] Level 1:colcon.colcon_core.shell:create_environment_hook('my_msgss', 'ld_library_path_lib')
[1.132s] INFO:colcon.colcon_core.shell:Creating environment hook '/home/mechax/zyb/radar_station/install/my_msgss/share/my_msgss/hook/ld_library_path_lib.ps1'
[1.132s] INFO:colcon.colcon_core.shell:Creating environment descriptor '/home/mechax/zyb/radar_station/install/my_msgss/share/my_msgss/hook/ld_library_path_lib.dsv'
[1.132s] INFO:colcon.colcon_core.shell:Creating environment hook '/home/mechax/zyb/radar_station/install/my_msgss/share/my_msgss/hook/ld_library_path_lib.sh'
[1.132s] Level 1:colcon.colcon_core.environment:checking '/home/mechax/zyb/radar_station/install/my_msgss/bin'
[1.133s] Level 1:colcon.colcon_core.environment:checking '/home/mechax/zyb/radar_station/install/my_msgss/lib/pkgconfig/my_msgss.pc'
[1.133s] Level 1:colcon.colcon_core.environment:checking '/home/mechax/zyb/radar_station/install/my_msgss/lib/python3.10/site-packages'
[1.133s] Level 1:colcon.colcon_core.environment:checking '/home/mechax/zyb/radar_station/install/my_msgss/bin'
[1.140s] INFO:colcon.colcon_core.shell:Creating package script '/home/mechax/zyb/radar_station/install/my_msgss/share/my_msgss/package.ps1'
[1.141s] INFO:colcon.colcon_core.shell:Creating package descriptor '/home/mechax/zyb/radar_station/install/my_msgss/share/my_msgss/package.dsv'
[1.141s] INFO:colcon.colcon_core.shell:Creating package script '/home/mechax/zyb/radar_station/install/my_msgss/share/my_msgss/package.sh'
[1.141s] INFO:colcon.colcon_core.shell:Creating package script '/home/mechax/zyb/radar_station/install/my_msgss/share/my_msgss/package.bash'
[1.142s] INFO:colcon.colcon_core.shell:Creating package script '/home/mechax/zyb/radar_station/install/my_msgss/share/my_msgss/package.zsh'
[1.142s] Level 1:colcon.colcon_core.environment:create_file_with_runtime_dependencies(/home/mechax/zyb/radar_station/install/my_msgss/share/colcon-core/packages/my_msgss)
[1.224s] Level 1:colcon.colcon_core.environment:create_environment_scripts_only(my_msgss)
[1.230s] Level 1:colcon.colcon_core.environment:checking '/home/mechax/zyb/radar_station/install/my_msgss' for CMake module files
[1.231s] Level 1:colcon.colcon_core.environment:checking '/home/mechax/zyb/radar_station/install/my_msgss' for CMake config files
[1.231s] Level 1:colcon.colcon_core.shell:create_environment_hook('my_msgss', 'cmake_prefix_path')
[1.238s] INFO:colcon.colcon_core.shell:Creating environment hook '/home/mechax/zyb/radar_station/install/my_msgss/share/my_msgss/hook/cmake_prefix_path.ps1'
[1.239s] INFO:colcon.colcon_core.shell:Creating environment descriptor '/home/mechax/zyb/radar_station/install/my_msgss/share/my_msgss/hook/cmake_prefix_path.dsv'
[1.239s] INFO:colcon.colcon_core.shell:Creating environment hook '/home/mechax/zyb/radar_station/install/my_msgss/share/my_msgss/hook/cmake_prefix_path.sh'
[1.239s] Level 1:colcon.colcon_core.environment:checking '/home/mechax/zyb/radar_station/install/my_msgss/lib'
[1.239s] Level 1:colcon.colcon_core.shell:create_environment_hook('my_msgss', 'ld_library_path_lib')
[1.246s] INFO:colcon.colcon_core.shell:Creating environment hook '/home/mechax/zyb/radar_station/install/my_msgss/share/my_msgss/hook/ld_library_path_lib.ps1'
[1.246s] INFO:colcon.colcon_core.shell:Creating environment descriptor '/home/mechax/zyb/radar_station/install/my_msgss/share/my_msgss/hook/ld_library_path_lib.dsv'
[1.246s] INFO:colcon.colcon_core.shell:Creating environment hook '/home/mechax/zyb/radar_station/install/my_msgss/share/my_msgss/hook/ld_library_path_lib.sh'
[1.246s] Level 1:colcon.colcon_core.environment:checking '/home/mechax/zyb/radar_station/install/my_msgss/bin'
[1.246s] Level 1:colcon.colcon_core.environment:checking '/home/mechax/zyb/radar_station/install/my_msgss/lib/pkgconfig/my_msgss.pc'
[1.246s] Level 1:colcon.colcon_core.environment:checking '/home/mechax/zyb/radar_station/install/my_msgss/lib/python3.10/site-packages'
[1.247s] Level 1:colcon.colcon_core.environment:checking '/home/mechax/zyb/radar_station/install/my_msgss/bin'
[1.254s] INFO:colcon.colcon_core.shell:Creating package script '/home/mechax/zyb/radar_station/install/my_msgss/share/my_msgss/package.ps1'
[1.254s] INFO:colcon.colcon_core.shell:Creating package descriptor '/home/mechax/zyb/radar_station/install/my_msgss/share/my_msgss/package.dsv'
[1.254s] INFO:colcon.colcon_core.shell:Creating package script '/home/mechax/zyb/radar_station/install/my_msgss/share/my_msgss/package.sh'
[1.255s] INFO:colcon.colcon_core.shell:Creating package script '/home/mechax/zyb/radar_station/install/my_msgss/share/my_msgss/package.bash'
[1.255s] INFO:colcon.colcon_core.shell:Creating package script '/home/mechax/zyb/radar_station/install/my_msgss/share/my_msgss/package.zsh'
[1.255s] Level 1:colcon.colcon_core.environment:create_file_with_runtime_dependencies(/home/mechax/zyb/radar_station/install/my_msgss/share/colcon-core/packages/my_msgss)
[1.255s] INFO:colcon.colcon_ros.task.ament_cmake.build:Building ROS package in '/home/mechax/zyb/radar_station/src/Game_Map' with build type 'ament_cmake'
[1.256s] INFO:colcon.colcon_cmake.task.cmake.build:Building CMake package in '/home/mechax/zyb/radar_station/src/Game_Map'
[1.263s] INFO:colcon.colcon_core.shell:Skip shell extension 'powershell' for command environment: Not usable outside of PowerShell
[1.263s] DEBUG:colcon.colcon_core.shell:Skip shell extension 'dsv' for command environment
[1.291s] INFO:colcon.colcon_ros.task.ament_cmake.build:Building ROS package in '/home/mechax/zyb/radar_station/src/Img_Handle' with build type 'ament_cmake'
[1.291s] INFO:colcon.colcon_cmake.task.cmake.build:Building CMake package in '/home/mechax/zyb/radar_station/src/Img_Handle'
[1.298s] INFO:colcon.colcon_core.shell:Skip shell extension 'powershell' for command environment: Not usable outside of PowerShell
[1.298s] DEBUG:colcon.colcon_core.shell:Skip shell extension 'dsv' for command environment
[1.327s] INFO:colcon.colcon_ros.task.ament_cmake.build:Building ROS package in '/home/mechax/zyb/radar_station/src/get_depth' with build type 'ament_cmake'
[1.327s] INFO:colcon.colcon_cmake.task.cmake.build:Building CMake package in '/home/mechax/zyb/radar_station/src/get_depth'
[1.334s] INFO:colcon.colcon_core.shell:Skip shell extension 'powershell' for command environment: Not usable outside of PowerShell
[1.334s] DEBUG:colcon.colcon_core.shell:Skip shell extension 'dsv' for command environment
[1.367s] DEBUG:colcon.colcon_core.event_handler.log_command:Invoking command in '/home/mechax/zyb/radar_station/build/Game_Map': CMAKE_PREFIX_PATH=/home/mechax/zyb/radar_station/install/my_msgss:/home/mechax/zyb/radar_station/install/get_depth:/home/mechax/zyb/radar_station/install/Img_Handle:/home/mechax/zyb/radar_station/install/Game_Map:/home/mechax/zyb/radar_station/install/Yolo_Handle:/home/mechax/zyb/radar_station/install/Get_Camera_Img:/home/mechax/ws_livox/install/livox_ros2_driver:/home/mechax/ws_livox/install/livox_sdk_vendor:/home/mechax/ws_livox/install/livox_interfaces:/opt/ros/humble /usr/bin/cmake --build /home/mechax/zyb/radar_station/build/Game_Map -- -j16 -l16
[1.369s] DEBUG:colcon.colcon_core.event_handler.log_command:Invoking command in '/home/mechax/zyb/radar_station/build/Img_Handle': CMAKE_PREFIX_PATH=/home/mechax/zyb/radar_station/install/my_msgss:/home/mechax/zyb/radar_station/install/get_depth:/home/mechax/zyb/radar_station/install/Img_Handle:/home/mechax/zyb/radar_station/install/Game_Map:/home/mechax/zyb/radar_station/install/Yolo_Handle:/home/mechax/zyb/radar_station/install/Get_Camera_Img:/home/mechax/ws_livox/install/livox_ros2_driver:/home/mechax/ws_livox/install/livox_sdk_vendor:/home/mechax/ws_livox/install/livox_interfaces:/opt/ros/humble /usr/bin/cmake --build /home/mechax/zyb/radar_station/build/Img_Handle -- -j16 -l16
[1.372s] DEBUG:colcon.colcon_core.event_handler.log_command:Invoking command in '/home/mechax/zyb/radar_station/build/get_depth': CMAKE_PREFIX_PATH=/home/mechax/zyb/radar_station/install/my_msgss:/home/mechax/zyb/radar_station/install/get_depth:/home/mechax/zyb/radar_station/install/Img_Handle:/home/mechax/zyb/radar_station/install/Game_Map:/home/mechax/zyb/radar_station/install/Yolo_Handle:/home/mechax/zyb/radar_station/install/Get_Camera_Img:/home/mechax/ws_livox/install/livox_ros2_driver:/home/mechax/ws_livox/install/livox_sdk_vendor:/home/mechax/ws_livox/install/livox_interfaces:/opt/ros/humble /usr/bin/cmake --build /home/mechax/zyb/radar_station/build/get_depth -- -j16 -l16
[1.413s] DEBUG:colcon.colcon_core.event_handler.log_command:Invoked command in '/home/mechax/zyb/radar_station/build/Game_Map' returned '0': CMAKE_PREFIX_PATH=/home/mechax/zyb/radar_station/install/my_msgss:/home/mechax/zyb/radar_station/install/get_depth:/home/mechax/zyb/radar_station/install/Img_Handle:/home/mechax/zyb/radar_station/install/Game_Map:/home/mechax/zyb/radar_station/install/Yolo_Handle:/home/mechax/zyb/radar_station/install/Get_Camera_Img:/home/mechax/ws_livox/install/livox_ros2_driver:/home/mechax/ws_livox/install/livox_sdk_vendor:/home/mechax/ws_livox/install/livox_interfaces:/opt/ros/humble /usr/bin/cmake --build /home/mechax/zyb/radar_station/build/Game_Map -- -j16 -l16
[1.417s] DEBUG:colcon.colcon_core.event_handler.log_command:Invoked command in '/home/mechax/zyb/radar_station/build/Img_Handle' returned '0': CMAKE_PREFIX_PATH=/home/mechax/zyb/radar_station/install/my_msgss:/home/mechax/zyb/radar_station/install/get_depth:/home/mechax/zyb/radar_station/install/Img_Handle:/home/mechax/zyb/radar_station/install/Game_Map:/home/mechax/zyb/radar_station/install/Yolo_Handle:/home/mechax/zyb/radar_station/install/Get_Camera_Img:/home/mechax/ws_livox/install/livox_ros2_driver:/home/mechax/ws_livox/install/livox_sdk_vendor:/home/mechax/ws_livox/install/livox_interfaces:/opt/ros/humble /usr/bin/cmake --build /home/mechax/zyb/radar_station/build/Img_Handle -- -j16 -l16
[1.430s] DEBUG:colcon.colcon_core.event_handler.log_command:Invoking command in '/home/mechax/zyb/radar_station/build/Game_Map': CMAKE_PREFIX_PATH=/home/mechax/zyb/radar_station/install/my_msgss:/home/mechax/zyb/radar_station/install/get_depth:/home/mechax/zyb/radar_station/install/Img_Handle:/home/mechax/zyb/radar_station/install/Game_Map:/home/mechax/zyb/radar_station/install/Yolo_Handle:/home/mechax/zyb/radar_station/install/Get_Camera_Img:/home/mechax/ws_livox/install/livox_ros2_driver:/home/mechax/ws_livox/install/livox_sdk_vendor:/home/mechax/ws_livox/install/livox_interfaces:/opt/ros/humble /usr/bin/cmake --install /home/mechax/zyb/radar_station/build/Game_Map
[1.437s] Level 1:colcon.colcon_core.environment:create_environment_scripts_only(Game_Map)
[1.437s] DEBUG:colcon.colcon_core.event_handler.log_command:Invoked command in '/home/mechax/zyb/radar_station/build/Game_Map' returned '0': CMAKE_PREFIX_PATH=/home/mechax/zyb/radar_station/install/my_msgss:/home/mechax/zyb/radar_station/install/get_depth:/home/mechax/zyb/radar_station/install/Img_Handle:/home/mechax/zyb/radar_station/install/Game_Map:/home/mechax/zyb/radar_station/install/Yolo_Handle:/home/mechax/zyb/radar_station/install/Get_Camera_Img:/home/mechax/ws_livox/install/livox_ros2_driver:/home/mechax/ws_livox/install/livox_sdk_vendor:/home/mechax/ws_livox/install/livox_interfaces:/opt/ros/humble /usr/bin/cmake --install /home/mechax/zyb/radar_station/build/Game_Map
[1.446s] Level 1:colcon.colcon_core.environment:checking '/home/mechax/zyb/radar_station/install/Game_Map' for CMake module files
[1.446s] Level 1:colcon.colcon_core.environment:checking '/home/mechax/zyb/radar_station/install/Game_Map' for CMake config files
[1.446s] Level 1:colcon.colcon_core.shell:create_environment_hook('Game_Map', 'cmake_prefix_path')
[1.453s] INFO:colcon.colcon_core.shell:Creating environment hook '/home/mechax/zyb/radar_station/install/Game_Map/share/Game_Map/hook/cmake_prefix_path.ps1'
[1.453s] INFO:colcon.colcon_core.shell:Creating environment descriptor '/home/mechax/zyb/radar_station/install/Game_Map/share/Game_Map/hook/cmake_prefix_path.dsv'
[1.454s] INFO:colcon.colcon_core.shell:Creating environment hook '/home/mechax/zyb/radar_station/install/Game_Map/share/Game_Map/hook/cmake_prefix_path.sh'
[1.454s] Level 1:colcon.colcon_core.environment:checking '/home/mechax/zyb/radar_station/install/Game_Map/lib'
[1.454s] Level 1:colcon.colcon_core.environment:checking '/home/mechax/zyb/radar_station/install/Game_Map/bin'
[1.454s] Level 1:colcon.colcon_core.environment:checking '/home/mechax/zyb/radar_station/install/Game_Map/lib/pkgconfig/Game_Map.pc'
[1.454s] Level 1:colcon.colcon_core.environment:checking '/home/mechax/zyb/radar_station/install/Game_Map/lib/python3.10/site-packages'
[1.454s] Level 1:colcon.colcon_core.environment:checking '/home/mechax/zyb/radar_station/install/Game_Map/bin'
[1.461s] INFO:colcon.colcon_core.shell:Creating package script '/home/mechax/zyb/radar_station/install/Game_Map/share/Game_Map/package.ps1'
[1.462s] INFO:colcon.colcon_core.shell:Creating package descriptor '/home/mechax/zyb/radar_station/install/Game_Map/share/Game_Map/package.dsv'
[1.462s] INFO:colcon.colcon_core.shell:Creating package script '/home/mechax/zyb/radar_station/install/Game_Map/share/Game_Map/package.sh'
[1.462s] INFO:colcon.colcon_core.shell:Creating package script '/home/mechax/zyb/radar_station/install/Game_Map/share/Game_Map/package.bash'
[1.462s] INFO:colcon.colcon_core.shell:Creating package script '/home/mechax/zyb/radar_station/install/Game_Map/share/Game_Map/package.zsh'
[1.462s] Level 1:colcon.colcon_core.environment:create_file_with_runtime_dependencies(/home/mechax/zyb/radar_station/install/Game_Map/share/colcon-core/packages/Game_Map)
[1.464s] DEBUG:colcon.colcon_core.event_handler.log_command:Invoking command in '/home/mechax/zyb/radar_station/build/Img_Handle': CMAKE_PREFIX_PATH=/home/mechax/zyb/radar_station/install/my_msgss:/home/mechax/zyb/radar_station/install/get_depth:/home/mechax/zyb/radar_station/install/Img_Handle:/home/mechax/zyb/radar_station/install/Game_Map:/home/mechax/zyb/radar_station/install/Yolo_Handle:/home/mechax/zyb/radar_station/install/Get_Camera_Img:/home/mechax/ws_livox/install/livox_ros2_driver:/home/mechax/ws_livox/install/livox_sdk_vendor:/home/mechax/ws_livox/install/livox_interfaces:/opt/ros/humble /usr/bin/cmake --install /home/mechax/zyb/radar_station/build/Img_Handle
[1.471s] Level 1:colcon.colcon_core.environment:create_environment_scripts_only(Img_Handle)
[1.473s] DEBUG:colcon.colcon_core.event_handler.log_command:Invoked command in '/home/mechax/zyb/radar_station/build/Img_Handle' returned '0': CMAKE_PREFIX_PATH=/home/mechax/zyb/radar_station/install/my_msgss:/home/mechax/zyb/radar_station/install/get_depth:/home/mechax/zyb/radar_station/install/Img_Handle:/home/mechax/zyb/radar_station/install/Game_Map:/home/mechax/zyb/radar_station/install/Yolo_Handle:/home/mechax/zyb/radar_station/install/Get_Camera_Img:/home/mechax/ws_livox/install/livox_ros2_driver:/home/mechax/ws_livox/install/livox_sdk_vendor:/home/mechax/ws_livox/install/livox_interfaces:/opt/ros/humble /usr/bin/cmake --install /home/mechax/zyb/radar_station/build/Img_Handle
[1.481s] Level 1:colcon.colcon_core.environment:checking '/home/mechax/zyb/radar_station/install/Img_Handle' for CMake module files
[1.482s] Level 1:colcon.colcon_core.environment:checking '/home/mechax/zyb/radar_station/install/Img_Handle' for CMake config files
[1.482s] Level 1:colcon.colcon_core.shell:create_environment_hook('Img_Handle', 'cmake_prefix_path')
[1.488s] INFO:colcon.colcon_core.shell:Creating environment hook '/home/mechax/zyb/radar_station/install/Img_Handle/share/Img_Handle/hook/cmake_prefix_path.ps1'
[1.489s] INFO:colcon.colcon_core.shell:Creating environment descriptor '/home/mechax/zyb/radar_station/install/Img_Handle/share/Img_Handle/hook/cmake_prefix_path.dsv'
[1.490s] INFO:colcon.colcon_core.shell:Creating environment hook '/home/mechax/zyb/radar_station/install/Img_Handle/share/Img_Handle/hook/cmake_prefix_path.sh'
[1.490s] Level 1:colcon.colcon_core.environment:checking '/home/mechax/zyb/radar_station/install/Img_Handle/lib'
[1.490s] Level 1:colcon.colcon_core.environment:checking '/home/mechax/zyb/radar_station/install/Img_Handle/bin'
[1.490s] Level 1:colcon.colcon_core.environment:checking '/home/mechax/zyb/radar_station/install/Img_Handle/lib/pkgconfig/Img_Handle.pc'
[1.490s] Level 1:colcon.colcon_core.environment:checking '/home/mechax/zyb/radar_station/install/Img_Handle/lib/python3.10/site-packages'
[1.490s] Level 1:colcon.colcon_core.environment:checking '/home/mechax/zyb/radar_station/install/Img_Handle/bin'
[1.497s] INFO:colcon.colcon_core.shell:Creating package script '/home/mechax/zyb/radar_station/install/Img_Handle/share/Img_Handle/package.ps1'
[1.497s] INFO:colcon.colcon_core.shell:Creating package descriptor '/home/mechax/zyb/radar_station/install/Img_Handle/share/Img_Handle/package.dsv'
[1.497s] INFO:colcon.colcon_core.shell:Creating package script '/home/mechax/zyb/radar_station/install/Img_Handle/share/Img_Handle/package.sh'
[1.497s] INFO:colcon.colcon_core.shell:Creating package script '/home/mechax/zyb/radar_station/install/Img_Handle/share/Img_Handle/package.bash'
[1.498s] INFO:colcon.colcon_core.shell:Creating package script '/home/mechax/zyb/radar_station/install/Img_Handle/share/Img_Handle/package.zsh'
[1.498s] Level 1:colcon.colcon_core.environment:create_file_with_runtime_dependencies(/home/mechax/zyb/radar_station/install/Img_Handle/share/colcon-core/packages/Img_Handle)
[1.506s] Level 1:colcon.colcon_core.environment:create_environment_scripts_only(Game_Map)
[1.513s] Level 1:colcon.colcon_core.environment:checking '/home/mechax/zyb/radar_station/install/Game_Map' for CMake module files
[1.513s] Level 1:colcon.colcon_core.environment:checking '/home/mechax/zyb/radar_station/install/Game_Map' for CMake config files
[1.513s] Level 1:colcon.colcon_core.shell:create_environment_hook('Game_Map', 'cmake_prefix_path')
[1.519s] INFO:colcon.colcon_core.shell:Creating environment hook '/home/mechax/zyb/radar_station/install/Game_Map/share/Game_Map/hook/cmake_prefix_path.ps1'
[1.520s] INFO:colcon.colcon_core.shell:Creating environment descriptor '/home/mechax/zyb/radar_station/install/Game_Map/share/Game_Map/hook/cmake_prefix_path.dsv'
[1.520s] INFO:colcon.colcon_core.shell:Creating environment hook '/home/mechax/zyb/radar_station/install/Game_Map/share/Game_Map/hook/cmake_prefix_path.sh'
[1.520s] Level 1:colcon.colcon_core.environment:checking '/home/mechax/zyb/radar_station/install/Game_Map/lib'
[1.520s] Level 1:colcon.colcon_core.environment:checking '/home/mechax/zyb/radar_station/install/Game_Map/bin'
[1.520s] Level 1:colcon.colcon_core.environment:checking '/home/mechax/zyb/radar_station/install/Game_Map/lib/pkgconfig/Game_Map.pc'
[1.521s] Level 1:colcon.colcon_core.environment:checking '/home/mechax/zyb/radar_station/install/Game_Map/lib/python3.10/site-packages'
[1.521s] Level 1:colcon.colcon_core.environment:checking '/home/mechax/zyb/radar_station/install/Game_Map/bin'
[1.528s] INFO:colcon.colcon_core.shell:Creating package script '/home/mechax/zyb/radar_station/install/Game_Map/share/Game_Map/package.ps1'
[1.528s] INFO:colcon.colcon_core.shell:Creating package descriptor '/home/mechax/zyb/radar_station/install/Game_Map/share/Game_Map/package.dsv'
[1.528s] INFO:colcon.colcon_core.shell:Creating package script '/home/mechax/zyb/radar_station/install/Game_Map/share/Game_Map/package.sh'
[1.528s] INFO:colcon.colcon_core.shell:Creating package script '/home/mechax/zyb/radar_station/install/Game_Map/share/Game_Map/package.bash'
[1.528s] INFO:colcon.colcon_core.shell:Creating package script '/home/mechax/zyb/radar_station/install/Game_Map/share/Game_Map/package.zsh'
[1.529s] Level 1:colcon.colcon_core.environment:create_file_with_runtime_dependencies(/home/mechax/zyb/radar_station/install/Game_Map/share/colcon-core/packages/Game_Map)
[1.537s] Level 1:colcon.colcon_core.environment:create_environment_scripts_only(Img_Handle)
[1.544s] Level 1:colcon.colcon_core.environment:checking '/home/mechax/zyb/radar_station/install/Img_Handle' for CMake module files
[1.544s] Level 1:colcon.colcon_core.environment:checking '/home/mechax/zyb/radar_station/install/Img_Handle' for CMake config files
[1.544s] Level 1:colcon.colcon_core.shell:create_environment_hook('Img_Handle', 'cmake_prefix_path')
[1.551s] INFO:colcon.colcon_core.shell:Creating environment hook '/home/mechax/zyb/radar_station/install/Img_Handle/share/Img_Handle/hook/cmake_prefix_path.ps1'
[1.552s] INFO:colcon.colcon_core.shell:Creating environment descriptor '/home/mechax/zyb/radar_station/install/Img_Handle/share/Img_Handle/hook/cmake_prefix_path.dsv'
[1.552s] INFO:colcon.colcon_core.shell:Creating environment hook '/home/mechax/zyb/radar_station/install/Img_Handle/share/Img_Handle/hook/cmake_prefix_path.sh'
[1.553s] Level 1:colcon.colcon_core.environment:checking '/home/mechax/zyb/radar_station/install/Img_Handle/lib'
[1.553s] Level 1:colcon.colcon_core.environment:checking '/home/mechax/zyb/radar_station/install/Img_Handle/bin'
[1.553s] Level 1:colcon.colcon_core.environment:checking '/home/mechax/zyb/radar_station/install/Img_Handle/lib/pkgconfig/Img_Handle.pc'
[1.553s] Level 1:colcon.colcon_core.environment:checking '/home/mechax/zyb/radar_station/install/Img_Handle/lib/python3.10/site-packages'
[1.553s] Level 1:colcon.colcon_core.environment:checking '/home/mechax/zyb/radar_station/install/Img_Handle/bin'
[1.561s] INFO:colcon.colcon_core.shell:Creating package script '/home/mechax/zyb/radar_station/install/Img_Handle/share/Img_Handle/package.ps1'
[1.562s] INFO:colcon.colcon_core.shell:Creating package descriptor '/home/mechax/zyb/radar_station/install/Img_Handle/share/Img_Handle/package.dsv'
[1.562s] INFO:colcon.colcon_core.shell:Creating package script '/home/mechax/zyb/radar_station/install/Img_Handle/share/Img_Handle/package.sh'
[1.562s] INFO:colcon.colcon_core.shell:Creating package script '/home/mechax/zyb/radar_station/install/Img_Handle/share/Img_Handle/package.bash'
[1.562s] INFO:colcon.colcon_core.shell:Creating package script '/home/mechax/zyb/radar_station/install/Img_Handle/share/Img_Handle/package.zsh'
[1.562s] Level 1:colcon.colcon_core.environment:create_file_with_runtime_dependencies(/home/mechax/zyb/radar_station/install/Img_Handle/share/colcon-core/packages/Img_Handle)
[16.033s] DEBUG:colcon.colcon_core.event_handler.log_command:Invoked command in '/home/mechax/zyb/radar_station/build/get_depth' returned '0': CMAKE_PREFIX_PATH=/home/mechax/zyb/radar_station/install/my_msgss:/home/mechax/zyb/radar_station/install/get_depth:/home/mechax/zyb/radar_station/install/Img_Handle:/home/mechax/zyb/radar_station/install/Game_Map:/home/mechax/zyb/radar_station/install/Yolo_Handle:/home/mechax/zyb/radar_station/install/Get_Camera_Img:/home/mechax/ws_livox/install/livox_ros2_driver:/home/mechax/ws_livox/install/livox_sdk_vendor:/home/mechax/ws_livox/install/livox_interfaces:/opt/ros/humble /usr/bin/cmake --build /home/mechax/zyb/radar_station/build/get_depth -- -j16 -l16
[16.046s] DEBUG:colcon.colcon_core.event_handler.log_command:Invoking command in '/home/mechax/zyb/radar_station/build/get_depth': CMAKE_PREFIX_PATH=/home/mechax/zyb/radar_station/install/my_msgss:/home/mechax/zyb/radar_station/install/get_depth:/home/mechax/zyb/radar_station/install/Img_Handle:/home/mechax/zyb/radar_station/install/Game_Map:/home/mechax/zyb/radar_station/install/Yolo_Handle:/home/mechax/zyb/radar_station/install/Get_Camera_Img:/home/mechax/ws_livox/install/livox_ros2_driver:/home/mechax/ws_livox/install/livox_sdk_vendor:/home/mechax/ws_livox/install/livox_interfaces:/opt/ros/humble /usr/bin/cmake --install /home/mechax/zyb/radar_station/build/get_depth
[16.058s] Level 1:colcon.colcon_core.environment:create_environment_scripts_only(get_depth)
[16.059s] DEBUG:colcon.colcon_core.event_handler.log_command:Invoked command in '/home/mechax/zyb/radar_station/build/get_depth' returned '0': CMAKE_PREFIX_PATH=/home/mechax/zyb/radar_station/install/my_msgss:/home/mechax/zyb/radar_station/install/get_depth:/home/mechax/zyb/radar_station/install/Img_Handle:/home/mechax/zyb/radar_station/install/Game_Map:/home/mechax/zyb/radar_station/install/Yolo_Handle:/home/mechax/zyb/radar_station/install/Get_Camera_Img:/home/mechax/ws_livox/install/livox_ros2_driver:/home/mechax/ws_livox/install/livox_sdk_vendor:/home/mechax/ws_livox/install/livox_interfaces:/opt/ros/humble /usr/bin/cmake --install /home/mechax/zyb/radar_station/build/get_depth
[16.066s] Level 1:colcon.colcon_core.environment:checking '/home/mechax/zyb/radar_station/install/get_depth' for CMake module files
[16.066s] Level 1:colcon.colcon_core.environment:checking '/home/mechax/zyb/radar_station/install/get_depth' for CMake config files
[16.066s] Level 1:colcon.colcon_core.shell:create_environment_hook('get_depth', 'cmake_prefix_path')
[16.072s] INFO:colcon.colcon_core.shell:Creating environment hook '/home/mechax/zyb/radar_station/install/get_depth/share/get_depth/hook/cmake_prefix_path.ps1'
[16.073s] INFO:colcon.colcon_core.shell:Creating environment descriptor '/home/mechax/zyb/radar_station/install/get_depth/share/get_depth/hook/cmake_prefix_path.dsv'
[16.073s] INFO:colcon.colcon_core.shell:Creating environment hook '/home/mechax/zyb/radar_station/install/get_depth/share/get_depth/hook/cmake_prefix_path.sh'
[16.073s] Level 1:colcon.colcon_core.environment:checking '/home/mechax/zyb/radar_station/install/get_depth/lib'
[16.073s] Level 1:colcon.colcon_core.environment:checking '/home/mechax/zyb/radar_station/install/get_depth/bin'
[16.073s] Level 1:colcon.colcon_core.environment:checking '/home/mechax/zyb/radar_station/install/get_depth/lib/pkgconfig/get_depth.pc'
[16.073s] Level 1:colcon.colcon_core.environment:checking '/home/mechax/zyb/radar_station/install/get_depth/lib/python3.10/site-packages'
[16.073s] Level 1:colcon.colcon_core.environment:checking '/home/mechax/zyb/radar_station/install/get_depth/bin'
[16.079s] INFO:colcon.colcon_core.shell:Creating package script '/home/mechax/zyb/radar_station/install/get_depth/share/get_depth/package.ps1'
[16.080s] INFO:colcon.colcon_core.shell:Creating package descriptor '/home/mechax/zyb/radar_station/install/get_depth/share/get_depth/package.dsv'
[16.080s] INFO:colcon.colcon_core.shell:Creating package script '/home/mechax/zyb/radar_station/install/get_depth/share/get_depth/package.sh'
[16.080s] INFO:colcon.colcon_core.shell:Creating package script '/home/mechax/zyb/radar_station/install/get_depth/share/get_depth/package.bash'
[16.080s] INFO:colcon.colcon_core.shell:Creating package script '/home/mechax/zyb/radar_station/install/get_depth/share/get_depth/package.zsh'
[16.080s] Level 1:colcon.colcon_core.environment:create_file_with_runtime_dependencies(/home/mechax/zyb/radar_station/install/get_depth/share/colcon-core/packages/get_depth)
[16.101s] Level 1:colcon.colcon_core.environment:create_environment_scripts_only(get_depth)
[16.107s] Level 1:colcon.colcon_core.environment:checking '/home/mechax/zyb/radar_station/install/get_depth' for CMake module files
[16.107s] Level 1:colcon.colcon_core.environment:checking '/home/mechax/zyb/radar_station/install/get_depth' for CMake config files
[16.108s] Level 1:colcon.colcon_core.shell:create_environment_hook('get_depth', 'cmake_prefix_path')
[16.114s] INFO:colcon.colcon_core.shell:Creating environment hook '/home/mechax/zyb/radar_station/install/get_depth/share/get_depth/hook/cmake_prefix_path.ps1'
[16.115s] INFO:colcon.colcon_core.shell:Creating environment descriptor '/home/mechax/zyb/radar_station/install/get_depth/share/get_depth/hook/cmake_prefix_path.dsv'
[16.115s] INFO:colcon.colcon_core.shell:Creating environment hook '/home/mechax/zyb/radar_station/install/get_depth/share/get_depth/hook/cmake_prefix_path.sh'
[16.115s] Level 1:colcon.colcon_core.environment:checking '/home/mechax/zyb/radar_station/install/get_depth/lib'
[16.115s] Level 1:colcon.colcon_core.environment:checking '/home/mechax/zyb/radar_station/install/get_depth/bin'
[16.115s] Level 1:colcon.colcon_core.environment:checking '/home/mechax/zyb/radar_station/install/get_depth/lib/pkgconfig/get_depth.pc'
[16.115s] Level 1:colcon.colcon_core.environment:checking '/home/mechax/zyb/radar_station/install/get_depth/lib/python3.10/site-packages'
[16.116s] Level 1:colcon.colcon_core.environment:checking '/home/mechax/zyb/radar_station/install/get_depth/bin'
[16.123s] INFO:colcon.colcon_core.shell:Creating package script '/home/mechax/zyb/radar_station/install/get_depth/share/get_depth/package.ps1'
[16.123s] INFO:colcon.colcon_core.shell:Creating package descriptor '/home/mechax/zyb/radar_station/install/get_depth/share/get_depth/package.dsv'
[16.123s] INFO:colcon.colcon_core.shell:Creating package script '/home/mechax/zyb/radar_station/install/get_depth/share/get_depth/package.sh'
[16.124s] INFO:colcon.colcon_core.shell:Creating package script '/home/mechax/zyb/radar_station/install/get_depth/share/get_depth/package.bash'
[16.124s] INFO:colcon.colcon_core.shell:Creating package script '/home/mechax/zyb/radar_station/install/get_depth/share/get_depth/package.zsh'
[16.124s] Level 1:colcon.colcon_core.environment:create_file_with_runtime_dependencies(/home/mechax/zyb/radar_station/install/get_depth/share/colcon-core/packages/get_depth)
[16.124s] DEBUG:colcon.colcon_parallel_executor.executor.parallel:closing loop
[16.124s] DEBUG:colcon.colcon_parallel_executor.executor.parallel:loop closed
[16.124s] DEBUG:colcon.colcon_parallel_executor.executor.parallel:run_until_complete finished with '0'
[16.124s] DEBUG:colcon.colcon_core.event_reactor:joining thread
[16.134s] INFO:colcon.colcon_core.plugin_system:Skipping extension 'colcon_notification.desktop_notification.terminal_notifier': Not used on non-Darwin systems
[16.134s] INFO:colcon.colcon_core.plugin_system:Skipping extension 'colcon_notification.desktop_notification.win32': Not used on non-Windows systems
[16.134s] INFO:colcon.colcon_notification.desktop_notification:Sending desktop notification using 'notify2'
[16.148s] DEBUG:colcon.colcon_core.event_reactor:joined thread
[16.155s] INFO:colcon.colcon_core.shell:Creating prefix script '/home/mechax/zyb/radar_station/install/local_setup.ps1'
[16.156s] INFO:colcon.colcon_core.shell:Creating prefix util module '/home/mechax/zyb/radar_station/install/_local_setup_util_ps1.py'
[16.157s] INFO:colcon.colcon_core.shell:Creating prefix chain script '/home/mechax/zyb/radar_station/install/setup.ps1'
[16.163s] INFO:colcon.colcon_core.shell:Creating prefix script '/home/mechax/zyb/radar_station/install/local_setup.sh'
[16.164s] INFO:colcon.colcon_core.shell:Creating prefix util module '/home/mechax/zyb/radar_station/install/_local_setup_util_sh.py'
[16.164s] INFO:colcon.colcon_core.shell:Creating prefix chain script '/home/mechax/zyb/radar_station/install/setup.sh'
[16.171s] INFO:colcon.colcon_core.shell:Creating prefix script '/home/mechax/zyb/radar_station/install/local_setup.bash'
[16.171s] INFO:colcon.colcon_core.shell:Creating prefix chain script '/home/mechax/zyb/radar_station/install/setup.bash'
[16.179s] INFO:colcon.colcon_core.shell:Creating prefix script '/home/mechax/zyb/radar_station/install/local_setup.zsh'
[16.179s] INFO:colcon.colcon_core.shell:Creating prefix chain script '/home/mechax/zyb/radar_station/install/setup.zsh'
