[35m[1mConsolidate compiler generated dependencies of target Get_Img[0m
[ 33%] [32mBuilding CXX object CMakeFiles/Get_Img.dir/src/get_img.cpp.o[0m
[ 66%] [32m[1mLinking CXX executable Get_Img[0m
[100%] Built target Get_Img
-- Install configuration: ""
-- Up-to-date: /home/mechax/zyb/radar_station/src/Get_Camera_Img/install/Get_Camera_Img/share/ament_index/resource_index/package_run_dependencies/Get_Camera_Img
-- Up-to-date: /home/mechax/zyb/radar_station/src/Get_Camera_Img/install/Get_Camera_Img/share/ament_index/resource_index/parent_prefix_path/Get_Camera_Img
-- Up-to-date: /home/mechax/zyb/radar_station/src/Get_Camera_Img/install/Get_Camera_Img/share/Get_Camera_Img/environment/ament_prefix_path.sh
-- Installing: /home/mechax/zyb/radar_station/src/Get_Camera_Img/install/Get_Camera_Img/share/Get_Camera_Img/environment/ament_prefix_path.dsv
-- Up-to-date: /home/mechax/zyb/radar_station/src/Get_Camera_Img/install/Get_Camera_Img/share/Get_Camera_Img/environment/path.sh
-- Installing: /home/mechax/zyb/radar_station/src/Get_Camera_Img/install/Get_Camera_Img/share/Get_Camera_Img/environment/path.dsv
-- Up-to-date: /home/mechax/zyb/radar_station/src/Get_Camera_Img/install/Get_Camera_Img/share/Get_Camera_Img/local_setup.bash
-- Up-to-date: /home/mechax/zyb/radar_station/src/Get_Camera_Img/install/Get_Camera_Img/share/Get_Camera_Img/local_setup.sh
-- Up-to-date: /home/mechax/zyb/radar_station/src/Get_Camera_Img/install/Get_Camera_Img/share/Get_Camera_Img/local_setup.zsh
-- Installing: /home/mechax/zyb/radar_station/src/Get_Camera_Img/install/Get_Camera_Img/share/Get_Camera_Img/local_setup.dsv
-- Installing: /home/mechax/zyb/radar_station/src/Get_Camera_Img/install/Get_Camera_Img/share/Get_Camera_Img/package.dsv
-- Up-to-date: /home/mechax/zyb/radar_station/src/Get_Camera_Img/install/Get_Camera_Img/share/ament_index/resource_index/packages/Get_Camera_Img
-- Up-to-date: /home/mechax/zyb/radar_station/src/Get_Camera_Img/install/Get_Camera_Img/share/Get_Camera_Img/cmake/Get_Camera_ImgConfig.cmake
-- Up-to-date: /home/mechax/zyb/radar_station/src/Get_Camera_Img/install/Get_Camera_Img/share/Get_Camera_Img/cmake/Get_Camera_ImgConfig-version.cmake
-- Up-to-date: /home/mechax/zyb/radar_station/src/Get_Camera_Img/install/Get_Camera_Img/share/Get_Camera_Img/package.xml
