[0.028s] Invoking command in '/home/mechax/zyb/radar_station/src/my_msgss/build/my_msgss': CMAKE_PREFIX_PATH=${CMAKE_PREFIX_PATH}:/opt/ros/humble /usr/bin/cmake /home/mechax/zyb/radar_station/src/my_msgss -DCMAKE_INSTALL_PREFIX=/home/mechax/zyb/radar_station/src/my_msgss/install/my_msgss
[0.035s] -- Found ament_cmake: 1.3.6 (/opt/ros/humble/share/ament_cmake/cmake)
[0.116s] -- Found rosidl_default_generators: 1.2.0 (/opt/ros/humble/share/rosidl_default_generators/cmake)
[0.117s] -- Using all available rosidl_typesupport_c: rosidl_typesupport_fastrtps_c;rosidl_typesupport_introspection_c
[0.118s] -- Found rosidl_adapter: 3.1.5 (/opt/ros/humble/share/rosidl_adapter/cmake)
[0.136s] -- Using all available rosidl_typesupport_cpp: rosidl_typesupport_fastrtps_cpp;rosidl_typesupport_introspection_cpp
[0.298s] -- Found ament_cmake_ros: 0.10.0 (/opt/ros/humble/share/ament_cmake_ros/cmake)
[0.402s] -- Using all available rosidl_typesupport_c: rosidl_typesupport_fastrtps_c;rosidl_typesupport_introspection_c
[0.542s] -- Using all available rosidl_typesupport_cpp: rosidl_typesupport_fastrtps_cpp;rosidl_typesupport_introspection_cpp
[0.556s] -- Found PythonInterp: /usr/bin/python3 (found suitable version "3.10.12", minimum required is "3.6") 
[0.557s] -- Found python_cmake_module: 0.10.0 (/opt/ros/humble/share/python_cmake_module/cmake)
[0.573s] -- Found PythonLibs: /usr/lib/x86_64-linux-gnu/libpython3.10.so (found suitable version "3.10.12", minimum required is "3.5") 
[0.573s] -- Using PYTHON_EXECUTABLE: /usr/bin/python3
[0.573s] -- Using PYTHON_INCLUDE_DIRS: /usr/include/python3.10
[0.573s] -- Using PYTHON_LIBRARIES: /usr/lib/x86_64-linux-gnu/libpython3.10.so
[0.585s] -- Found PythonExtra: .so  
[0.604s] -- Found ament_lint_auto: 0.12.9 (/opt/ros/humble/share/ament_lint_auto/cmake)
[0.622s] -- Added test 'cppcheck' to perform static code analysis on C / C++ code
[0.622s] -- Configured cppcheck include dirs: $<BUILD_INTERFACE:/home/mechax/zyb/radar_station/src/my_msgss/build/my_msgss/rosidl_generator_c>;$<BUILD_INTERFACE:/home/mechax/zyb/radar_station/src/my_msgss/build/my_msgss/rosidl_typesupport_fastrtps_c>;$<BUILD_INTERFACE:/home/mechax/zyb/radar_station/src/my_msgss/build/my_msgss/rosidl_typesupport_introspection_c>;$<BUILD_INTERFACE:/home/mechax/zyb/radar_station/src/my_msgss/build/my_msgss/rosidl_generator_cpp>;$<BUILD_INTERFACE:/home/mechax/zyb/radar_station/src/my_msgss/build/my_msgss/rosidl_typesupport_fastrtps_cpp>;$<BUILD_INTERFACE:/home/mechax/zyb/radar_station/src/my_msgss/build/my_msgss/rosidl_typesupport_introspection_cpp>;/home/mechax/zyb/radar_station/src/my_msgss/build/my_msgss/rosidl_generator_c;/home/mechax/zyb/radar_station/src/my_msgss/build/my_msgss/rosidl_generator_py
[0.622s] -- Configured cppcheck exclude dirs and/or files: 
[0.623s] -- Added test 'flake8' to check Python code syntax and style conventions
[0.625s] -- Added test 'lint_cmake' to check CMake code style
[0.626s] -- Added test 'pep257' to check Python code against some of the docstring style conventions in PEP 257
[0.630s] -- Added test 'uncrustify' to check C / C++ code style
[0.630s] -- Configured uncrustify additional arguments: 
[0.631s] -- Added test 'xmllint' to check XML markup files
[0.632s] -- Configuring done
[0.651s] -- Generating done
[0.652s] -- Build files have been written to: /home/mechax/zyb/radar_station/src/my_msgss/build/my_msgss
[0.658s] Invoked command in '/home/mechax/zyb/radar_station/src/my_msgss/build/my_msgss' returned '0': CMAKE_PREFIX_PATH=${CMAKE_PREFIX_PATH}:/opt/ros/humble /usr/bin/cmake /home/mechax/zyb/radar_station/src/my_msgss -DCMAKE_INSTALL_PREFIX=/home/mechax/zyb/radar_station/src/my_msgss/install/my_msgss
[0.659s] Invoking command in '/home/mechax/zyb/radar_station/src/my_msgss/build/my_msgss': CMAKE_PREFIX_PATH=${CMAKE_PREFIX_PATH}:/opt/ros/humble /usr/bin/cmake --build /home/mechax/zyb/radar_station/src/my_msgss/build/my_msgss -- -j16 -l16
[0.681s] [  1%] [34m[1mGenerating C code for ROS interfaces[0m
[0.686s] [  2%] [34m[1mGenerating C++ code for ROS interfaces[0m
[0.691s] [  2%] Built target ament_cmake_python_copy_my_msgss
[0.815s] running egg_info
[0.815s] creating my_msgss.egg-info
[0.815s] writing my_msgss.egg-info/PKG-INFO
[0.815s] writing dependency_links to my_msgss.egg-info/dependency_links.txt
[0.815s] writing top-level names to my_msgss.egg-info/top_level.txt
[0.815s] writing manifest file 'my_msgss.egg-info/SOURCES.txt'
[0.816s] reading manifest file 'my_msgss.egg-info/SOURCES.txt'
[0.816s] writing manifest file 'my_msgss.egg-info/SOURCES.txt'
[0.834s] [  2%] Built target ament_cmake_python_build_my_msgss_egg
[0.972s] [  8%] [32mBuilding C object CMakeFiles/my_msgss__rosidl_generator_c.dir/rosidl_generator_c/my_msgss/msg/detail/yolopoint__functions.c.o[0m
[0.972s] [  8%] [32mBuilding C object CMakeFiles/my_msgss__rosidl_generator_c.dir/rosidl_generator_c/my_msgss/msg/detail/point__functions.c.o[0m
[0.972s] [  8%] [32mBuilding C object CMakeFiles/my_msgss__rosidl_generator_c.dir/rosidl_generator_c/my_msgss/msg/detail/distpoints__functions.c.o[0m
[0.972s] [  8%] [32mBuilding C object CMakeFiles/my_msgss__rosidl_generator_c.dir/rosidl_generator_c/my_msgss/msg/detail/distpoint__functions.c.o[0m
[0.975s] [ 11%] [32mBuilding C object CMakeFiles/my_msgss__rosidl_generator_c.dir/rosidl_generator_c/my_msgss/msg/detail/points__functions.c.o[0m
[0.975s] [ 11%] [32mBuilding C object CMakeFiles/my_msgss__rosidl_generator_c.dir/rosidl_generator_c/my_msgss/msg/detail/yolopoints__functions.c.o[0m
[0.975s] [ 11%] Built target my_msgss__cpp
[0.983s] [ 14%] [34m[1mGenerating C++ introspection for ROS interfaces[0m
[0.983s] [ 14%] [34m[1mGenerating C++ type support dispatch for ROS interfaces[0m
[0.986s] [ 15%] [34m[1mGenerating C++ type support for eProsima Fast-RTPS[0m
[1.018s] [ 16%] [32m[1mLinking C shared library libmy_msgss__rosidl_generator_c.so[0m
[1.043s] [ 16%] Built target my_msgss__rosidl_generator_c
[1.049s] [ 18%] [34m[1mGenerating C type support for eProsima Fast-RTPS[0m
[1.052s] [ 19%] [34m[1mGenerating C type support dispatch for ROS interfaces[0m
[1.052s] [ 21%] [34m[1mGenerating C introspection for ROS interfaces[0m
[1.171s] [ 22%] [32mBuilding CXX object CMakeFiles/my_msgss__rosidl_typesupport_cpp.dir/rosidl_typesupport_cpp/my_msgss/msg/yolopoint__type_support.cpp.o[0m
[1.175s] [ 29%] [32mBuilding CXX object CMakeFiles/my_msgss__rosidl_typesupport_cpp.dir/rosidl_typesupport_cpp/my_msgss/msg/distpoint__type_support.cpp.o[0m
[1.175s] [ 29%] [32mBuilding CXX object CMakeFiles/my_msgss__rosidl_typesupport_cpp.dir/rosidl_typesupport_cpp/my_msgss/msg/points__type_support.cpp.o[0m
[1.175s] [ 29%] [32mBuilding CXX object CMakeFiles/my_msgss__rosidl_typesupport_cpp.dir/rosidl_typesupport_cpp/my_msgss/msg/point__type_support.cpp.o[0m
[1.175s] [ 29%] [32mBuilding CXX object CMakeFiles/my_msgss__rosidl_typesupport_cpp.dir/rosidl_typesupport_cpp/my_msgss/msg/yolopoints__type_support.cpp.o[0m
[1.175s] [ 29%] [32mBuilding CXX object CMakeFiles/my_msgss__rosidl_typesupport_cpp.dir/rosidl_typesupport_cpp/my_msgss/msg/distpoints__type_support.cpp.o[0m
[1.219s] [ 33%] [32mBuilding CXX object CMakeFiles/my_msgss__rosidl_typesupport_introspection_cpp.dir/rosidl_typesupport_introspection_cpp/my_msgss/msg/detail/point__type_support.cpp.o[0m
[1.219s] [ 33%] [32mBuilding CXX object CMakeFiles/my_msgss__rosidl_typesupport_introspection_cpp.dir/rosidl_typesupport_introspection_cpp/my_msgss/msg/detail/distpoint__type_support.cpp.o[0m
[1.219s] [ 33%] [32mBuilding CXX object CMakeFiles/my_msgss__rosidl_typesupport_introspection_cpp.dir/rosidl_typesupport_introspection_cpp/my_msgss/msg/detail/distpoints__type_support.cpp.o[0m
[1.219s] [ 35%] [32mBuilding CXX object CMakeFiles/my_msgss__rosidl_typesupport_introspection_cpp.dir/rosidl_typesupport_introspection_cpp/my_msgss/msg/detail/yolopoint__type_support.cpp.o[0m
[1.222s] [ 36%] [32mBuilding CXX object CMakeFiles/my_msgss__rosidl_typesupport_introspection_cpp.dir/rosidl_typesupport_introspection_cpp/my_msgss/msg/detail/yolopoints__type_support.cpp.o[0m
[1.231s] [ 38%] [32mBuilding CXX object CMakeFiles/my_msgss__rosidl_typesupport_introspection_cpp.dir/rosidl_typesupport_introspection_cpp/my_msgss/msg/detail/points__type_support.cpp.o[0m
[1.344s] [ 39%] [32mBuilding CXX object CMakeFiles/my_msgss__rosidl_typesupport_c.dir/rosidl_typesupport_c/my_msgss/msg/yolopoint__type_support.cpp.o[0m
[1.389s] [ 40%] [32mBuilding CXX object CMakeFiles/my_msgss__rosidl_typesupport_c.dir/rosidl_typesupport_c/my_msgss/msg/yolopoints__type_support.cpp.o[0m
[1.427s] [ 42%] [32mBuilding CXX object CMakeFiles/my_msgss__rosidl_typesupport_c.dir/rosidl_typesupport_c/my_msgss/msg/distpoint__type_support.cpp.o[0m
[1.464s] [ 43%] [32mBuilding CXX object CMakeFiles/my_msgss__rosidl_typesupport_c.dir/rosidl_typesupport_c/my_msgss/msg/distpoints__type_support.cpp.o[0m
[1.465s] [ 45%] [32mBuilding CXX object CMakeFiles/my_msgss__rosidl_typesupport_fastrtps_cpp.dir/rosidl_typesupport_fastrtps_cpp/my_msgss/msg/detail/dds_fastrtps/yolopoint__type_support.cpp.o[0m
[1.480s] [ 46%] [32mBuilding CXX object CMakeFiles/my_msgss__rosidl_typesupport_c.dir/rosidl_typesupport_c/my_msgss/msg/point__type_support.cpp.o[0m
[1.503s] [ 47%] [32mBuilding CXX object CMakeFiles/my_msgss__rosidl_typesupport_fastrtps_cpp.dir/rosidl_typesupport_fastrtps_cpp/my_msgss/msg/detail/dds_fastrtps/yolopoints__type_support.cpp.o[0m
[1.518s] [ 49%] [32mBuilding CXX object CMakeFiles/my_msgss__rosidl_typesupport_c.dir/rosidl_typesupport_c/my_msgss/msg/points__type_support.cpp.o[0m
[1.527s] [ 50%] [32mBuilding CXX object CMakeFiles/my_msgss__rosidl_typesupport_fastrtps_cpp.dir/rosidl_typesupport_fastrtps_cpp/my_msgss/msg/detail/dds_fastrtps/distpoint__type_support.cpp.o[0m
[1.544s] [ 52%] [32mBuilding CXX object CMakeFiles/my_msgss__rosidl_typesupport_fastrtps_cpp.dir/rosidl_typesupport_fastrtps_cpp/my_msgss/msg/detail/dds_fastrtps/distpoints__type_support.cpp.o[0m
[1.549s] [ 53%] [32mBuilding CXX object CMakeFiles/my_msgss__rosidl_typesupport_fastrtps_cpp.dir/rosidl_typesupport_fastrtps_cpp/my_msgss/msg/detail/dds_fastrtps/point__type_support.cpp.o[0m
[1.557s] [ 54%] [32mBuilding CXX object CMakeFiles/my_msgss__rosidl_typesupport_fastrtps_cpp.dir/rosidl_typesupport_fastrtps_cpp/my_msgss/msg/detail/dds_fastrtps/points__type_support.cpp.o[0m
[1.564s] [ 57%] [32m[1mLinking CXX shared library libmy_msgss__rosidl_typesupport_c.so[0m
[1.564s] [ 57%] [32m[1mLinking CXX shared library libmy_msgss__rosidl_typesupport_cpp.so[0m
[1.625s] [ 57%] Built target my_msgss__rosidl_typesupport_cpp
[1.652s] [ 57%] Built target my_msgss__rosidl_typesupport_c
[1.675s] [ 61%] [32mBuilding C object CMakeFiles/my_msgss__rosidl_typesupport_introspection_c.dir/rosidl_typesupport_introspection_c/my_msgss/msg/detail/yolopoints__type_support.c.o[0m
[1.675s] [ 61%] [32mBuilding C object CMakeFiles/my_msgss__rosidl_typesupport_introspection_c.dir/rosidl_typesupport_introspection_c/my_msgss/msg/detail/distpoint__type_support.c.o[0m
[1.676s] [ 61%] [32mBuilding C object CMakeFiles/my_msgss__rosidl_typesupport_introspection_c.dir/rosidl_typesupport_introspection_c/my_msgss/msg/detail/yolopoint__type_support.c.o[0m
[1.690s] [ 63%] [32mBuilding C object CMakeFiles/my_msgss__rosidl_typesupport_introspection_c.dir/rosidl_typesupport_introspection_c/my_msgss/msg/detail/distpoints__type_support.c.o[0m
[1.697s] [ 64%] [32mBuilding CXX object CMakeFiles/my_msgss__rosidl_typesupport_fastrtps_c.dir/rosidl_typesupport_fastrtps_c/my_msgss/msg/detail/yolopoint__type_support_c.cpp.o[0m
[1.699s] [ 66%] [32mBuilding C object CMakeFiles/my_msgss__rosidl_typesupport_introspection_c.dir/rosidl_typesupport_introspection_c/my_msgss/msg/detail/point__type_support.c.o[0m
[1.730s] [ 69%] [32mBuilding CXX object CMakeFiles/my_msgss__rosidl_typesupport_fastrtps_c.dir/rosidl_typesupport_fastrtps_c/my_msgss/msg/detail/distpoint__type_support_c.cpp.o[0m
[1.731s] [ 69%] [32mBuilding CXX object CMakeFiles/my_msgss__rosidl_typesupport_fastrtps_c.dir/rosidl_typesupport_fastrtps_c/my_msgss/msg/detail/yolopoints__type_support_c.cpp.o[0m
[1.731s] [ 70%] [32mBuilding C object CMakeFiles/my_msgss__rosidl_typesupport_introspection_c.dir/rosidl_typesupport_introspection_c/my_msgss/msg/detail/points__type_support.c.o[0m
[1.735s] [ 71%] [32mBuilding CXX object CMakeFiles/my_msgss__rosidl_typesupport_fastrtps_c.dir/rosidl_typesupport_fastrtps_c/my_msgss/msg/detail/distpoints__type_support_c.cpp.o[0m
[1.742s] [ 73%] [32mBuilding CXX object CMakeFiles/my_msgss__rosidl_typesupport_fastrtps_c.dir/rosidl_typesupport_fastrtps_c/my_msgss/msg/detail/point__type_support_c.cpp.o[0m
[1.749s] [ 74%] [32mBuilding CXX object CMakeFiles/my_msgss__rosidl_typesupport_fastrtps_c.dir/rosidl_typesupport_fastrtps_c/my_msgss/msg/detail/points__type_support_c.cpp.o[0m
[1.776s] [ 76%] [32m[1mLinking C shared library libmy_msgss__rosidl_typesupport_introspection_c.so[0m
[1.814s] [ 76%] Built target my_msgss__rosidl_typesupport_introspection_c
[1.834s] [ 77%] [32m[1mLinking CXX shared library libmy_msgss__rosidl_typesupport_introspection_cpp.so[0m
[2.017s] [ 77%] Built target my_msgss__rosidl_typesupport_introspection_cpp
[2.114s] [ 78%] [32m[1mLinking CXX shared library libmy_msgss__rosidl_typesupport_fastrtps_cpp.so[0m
[2.135s] [ 80%] [32m[1mLinking CXX shared library libmy_msgss__rosidl_typesupport_fastrtps_c.so[0m
[2.169s] [ 80%] Built target my_msgss__rosidl_typesupport_fastrtps_cpp
[2.186s] [ 80%] Built target my_msgss__rosidl_typesupport_fastrtps_c
[2.196s] [ 80%] Built target my_msgss
[2.210s] [ 81%] [34m[1mGenerating Python code for ROS interfaces[0m
[2.586s] [ 81%] Built target my_msgss__py
[2.598s] [ 85%] [32mBuilding C object CMakeFiles/my_msgss__rosidl_generator_py.dir/rosidl_generator_py/my_msgss/msg/_yolopoints_s.c.o[0m
[2.598s] [ 85%] [32mBuilding C object CMakeFiles/my_msgss__rosidl_generator_py.dir/rosidl_generator_py/my_msgss/msg/_distpoint_s.c.o[0m
[2.598s] [ 85%] [32mBuilding C object CMakeFiles/my_msgss__rosidl_generator_py.dir/rosidl_generator_py/my_msgss/msg/_yolopoint_s.c.o[0m
[2.598s] [ 87%] [32mBuilding C object CMakeFiles/my_msgss__rosidl_generator_py.dir/rosidl_generator_py/my_msgss/msg/_points_s.c.o[0m
[2.600s] [ 90%] [32mBuilding C object CMakeFiles/my_msgss__rosidl_generator_py.dir/rosidl_generator_py/my_msgss/msg/_distpoints_s.c.o[0m
[2.600s] [ 90%] [32mBuilding C object CMakeFiles/my_msgss__rosidl_generator_py.dir/rosidl_generator_py/my_msgss/msg/_point_s.c.o[0m
[2.680s] [ 91%] [32m[1mLinking C shared library rosidl_generator_py/my_msgss/libmy_msgss__rosidl_generator_py.so[0m
[2.704s] [ 91%] Built target my_msgss__rosidl_generator_py
[2.716s] [ 95%] [32mBuilding C object CMakeFiles/my_msgss__rosidl_typesupport_fastrtps_c__pyext.dir/rosidl_generator_py/my_msgss/_my_msgss_s.ep.rosidl_typesupport_fastrtps_c.c.o[0m
[2.716s] [ 95%] [32mBuilding C object CMakeFiles/my_msgss__rosidl_typesupport_introspection_c__pyext.dir/rosidl_generator_py/my_msgss/_my_msgss_s.ep.rosidl_typesupport_introspection_c.c.o[0m
[2.716s] [ 95%] [32mBuilding C object CMakeFiles/my_msgss__rosidl_typesupport_c__pyext.dir/rosidl_generator_py/my_msgss/_my_msgss_s.ep.rosidl_typesupport_c.c.o[0m
[2.777s] [100%] [32m[1mLinking C shared library rosidl_generator_py/my_msgss/my_msgss_s__rosidl_typesupport_c.cpython-310-x86_64-linux-gnu.so[0m
[2.777s] [100%] [32m[1mLinking C shared library rosidl_generator_py/my_msgss/my_msgss_s__rosidl_typesupport_fastrtps_c.cpython-310-x86_64-linux-gnu.so[0m
[2.777s] [100%] [32m[1mLinking C shared library rosidl_generator_py/my_msgss/my_msgss_s__rosidl_typesupport_introspection_c.cpython-310-x86_64-linux-gnu.so[0m
[2.797s] [100%] Built target my_msgss__rosidl_typesupport_introspection_c__pyext
[2.797s] [100%] Built target my_msgss__rosidl_typesupport_c__pyext
[2.797s] [100%] Built target my_msgss__rosidl_typesupport_fastrtps_c__pyext
[2.804s] Invoked command in '/home/mechax/zyb/radar_station/src/my_msgss/build/my_msgss' returned '0': CMAKE_PREFIX_PATH=${CMAKE_PREFIX_PATH}:/opt/ros/humble /usr/bin/cmake --build /home/mechax/zyb/radar_station/src/my_msgss/build/my_msgss -- -j16 -l16
[2.878s] Invoking command in '/home/mechax/zyb/radar_station/src/my_msgss/build/my_msgss': CMAKE_PREFIX_PATH=${CMAKE_PREFIX_PATH}:/opt/ros/humble /usr/bin/cmake --install /home/mechax/zyb/radar_station/src/my_msgss/build/my_msgss
[2.882s] -- Install configuration: ""
[2.882s] -- Installing: /home/mechax/zyb/radar_station/src/my_msgss/install/my_msgss/share/ament_index/resource_index/rosidl_interfaces/my_msgss
[2.883s] -- Installing: /home/mechax/zyb/radar_station/src/my_msgss/install/my_msgss/include/my_msgss/my_msgss
[2.883s] -- Installing: /home/mechax/zyb/radar_station/src/my_msgss/install/my_msgss/include/my_msgss/my_msgss/msg
[2.883s] -- Installing: /home/mechax/zyb/radar_station/src/my_msgss/install/my_msgss/include/my_msgss/my_msgss/msg/yolopoints.h
[2.883s] -- Installing: /home/mechax/zyb/radar_station/src/my_msgss/install/my_msgss/include/my_msgss/my_msgss/msg/distpoint.h
[2.883s] -- Installing: /home/mechax/zyb/radar_station/src/my_msgss/install/my_msgss/include/my_msgss/my_msgss/msg/detail
[2.883s] -- Installing: /home/mechax/zyb/radar_station/src/my_msgss/install/my_msgss/include/my_msgss/my_msgss/msg/detail/distpoints__struct.h
[2.883s] -- Installing: /home/mechax/zyb/radar_station/src/my_msgss/install/my_msgss/include/my_msgss/my_msgss/msg/detail/point__functions.c
[2.883s] -- Installing: /home/mechax/zyb/radar_station/src/my_msgss/install/my_msgss/include/my_msgss/my_msgss/msg/detail/points__functions.c
[2.883s] -- Installing: /home/mechax/zyb/radar_station/src/my_msgss/install/my_msgss/include/my_msgss/my_msgss/msg/detail/distpoint__type_support.h
[2.883s] -- Installing: /home/mechax/zyb/radar_station/src/my_msgss/install/my_msgss/include/my_msgss/my_msgss/msg/detail/points__struct.h
[2.883s] -- Installing: /home/mechax/zyb/radar_station/src/my_msgss/install/my_msgss/include/my_msgss/my_msgss/msg/detail/point__struct.h
[2.883s] -- Installing: /home/mechax/zyb/radar_station/src/my_msgss/install/my_msgss/include/my_msgss/my_msgss/msg/detail/distpoint__functions.c
[2.884s] -- Installing: /home/mechax/zyb/radar_station/src/my_msgss/install/my_msgss/include/my_msgss/my_msgss/msg/detail/yolopoint__struct.h
[2.884s] -- Installing: /home/mechax/zyb/radar_station/src/my_msgss/install/my_msgss/include/my_msgss/my_msgss/msg/detail/points__type_support.h
[2.884s] -- Installing: /home/mechax/zyb/radar_station/src/my_msgss/install/my_msgss/include/my_msgss/my_msgss/msg/detail/distpoint__struct.h
[2.884s] -- Installing: /home/mechax/zyb/radar_station/src/my_msgss/install/my_msgss/include/my_msgss/my_msgss/msg/detail/yolopoints__functions.c
[2.884s] -- Installing: /home/mechax/zyb/radar_station/src/my_msgss/install/my_msgss/include/my_msgss/my_msgss/msg/detail/yolopoints__struct.h
[2.884s] -- Installing: /home/mechax/zyb/radar_station/src/my_msgss/install/my_msgss/include/my_msgss/my_msgss/msg/detail/yolopoint__functions.c
[2.884s] -- Installing: /home/mechax/zyb/radar_station/src/my_msgss/install/my_msgss/include/my_msgss/my_msgss/msg/detail/distpoints__functions.h
[2.884s] -- Installing: /home/mechax/zyb/radar_station/src/my_msgss/install/my_msgss/include/my_msgss/my_msgss/msg/detail/yolopoints__type_support.h
[2.884s] -- Installing: /home/mechax/zyb/radar_station/src/my_msgss/install/my_msgss/include/my_msgss/my_msgss/msg/detail/yolopoints__functions.h
[2.884s] -- Installing: /home/mechax/zyb/radar_station/src/my_msgss/install/my_msgss/include/my_msgss/my_msgss/msg/detail/distpoints__functions.c
[2.884s] -- Installing: /home/mechax/zyb/radar_station/src/my_msgss/install/my_msgss/include/my_msgss/my_msgss/msg/detail/yolopoint__type_support.h
[2.884s] -- Installing: /home/mechax/zyb/radar_station/src/my_msgss/install/my_msgss/include/my_msgss/my_msgss/msg/detail/yolopoint__functions.h
[2.885s] -- Installing: /home/mechax/zyb/radar_station/src/my_msgss/install/my_msgss/include/my_msgss/my_msgss/msg/detail/points__functions.h
[2.885s] -- Installing: /home/mechax/zyb/radar_station/src/my_msgss/install/my_msgss/include/my_msgss/my_msgss/msg/detail/point__type_support.h
[2.885s] -- Installing: /home/mechax/zyb/radar_station/src/my_msgss/install/my_msgss/include/my_msgss/my_msgss/msg/detail/distpoints__type_support.h
[2.885s] -- Installing: /home/mechax/zyb/radar_station/src/my_msgss/install/my_msgss/include/my_msgss/my_msgss/msg/detail/point__functions.h
[2.885s] -- Installing: /home/mechax/zyb/radar_station/src/my_msgss/install/my_msgss/include/my_msgss/my_msgss/msg/detail/distpoint__functions.h
[2.885s] -- Installing: /home/mechax/zyb/radar_station/src/my_msgss/install/my_msgss/include/my_msgss/my_msgss/msg/rosidl_generator_c__visibility_control.h
[2.885s] -- Installing: /home/mechax/zyb/radar_station/src/my_msgss/install/my_msgss/include/my_msgss/my_msgss/msg/distpoints.h
[2.885s] -- Installing: /home/mechax/zyb/radar_station/src/my_msgss/install/my_msgss/include/my_msgss/my_msgss/msg/yolopoint.h
[2.885s] -- Installing: /home/mechax/zyb/radar_station/src/my_msgss/install/my_msgss/include/my_msgss/my_msgss/msg/point.h
[2.885s] -- Installing: /home/mechax/zyb/radar_station/src/my_msgss/install/my_msgss/include/my_msgss/my_msgss/msg/points.h
[2.885s] -- Installing: /home/mechax/zyb/radar_station/src/my_msgss/install/my_msgss/share/my_msgss/environment/library_path.sh
[2.885s] -- Installing: /home/mechax/zyb/radar_station/src/my_msgss/install/my_msgss/share/my_msgss/environment/library_path.dsv
[2.886s] -- Installing: /home/mechax/zyb/radar_station/src/my_msgss/install/my_msgss/lib/libmy_msgss__rosidl_generator_c.so
[2.886s] -- Set runtime path of "/home/mechax/zyb/radar_station/src/my_msgss/install/my_msgss/lib/libmy_msgss__rosidl_generator_c.so" to ""
[2.886s] -- Up-to-date: /home/mechax/zyb/radar_station/src/my_msgss/install/my_msgss/include/my_msgss/my_msgss
[2.886s] -- Up-to-date: /home/mechax/zyb/radar_station/src/my_msgss/install/my_msgss/include/my_msgss/my_msgss/msg
[2.886s] -- Up-to-date: /home/mechax/zyb/radar_station/src/my_msgss/install/my_msgss/include/my_msgss/my_msgss/msg/detail
[2.886s] -- Installing: /home/mechax/zyb/radar_station/src/my_msgss/install/my_msgss/include/my_msgss/my_msgss/msg/detail/distpoints__rosidl_typesupport_fastrtps_c.h
[2.886s] -- Installing: /home/mechax/zyb/radar_station/src/my_msgss/install/my_msgss/include/my_msgss/my_msgss/msg/detail/yolopoint__rosidl_typesupport_fastrtps_c.h
[2.886s] -- Installing: /home/mechax/zyb/radar_station/src/my_msgss/install/my_msgss/include/my_msgss/my_msgss/msg/detail/point__rosidl_typesupport_fastrtps_c.h
[2.886s] -- Installing: /home/mechax/zyb/radar_station/src/my_msgss/install/my_msgss/include/my_msgss/my_msgss/msg/detail/yolopoints__rosidl_typesupport_fastrtps_c.h
[2.886s] -- Installing: /home/mechax/zyb/radar_station/src/my_msgss/install/my_msgss/include/my_msgss/my_msgss/msg/detail/points__rosidl_typesupport_fastrtps_c.h
[2.886s] -- Installing: /home/mechax/zyb/radar_station/src/my_msgss/install/my_msgss/include/my_msgss/my_msgss/msg/detail/distpoint__rosidl_typesupport_fastrtps_c.h
[2.886s] -- Installing: /home/mechax/zyb/radar_station/src/my_msgss/install/my_msgss/include/my_msgss/my_msgss/msg/rosidl_typesupport_fastrtps_c__visibility_control.h
[2.887s] -- Installing: /home/mechax/zyb/radar_station/src/my_msgss/install/my_msgss/lib/libmy_msgss__rosidl_typesupport_fastrtps_c.so
[2.887s] -- Set runtime path of "/home/mechax/zyb/radar_station/src/my_msgss/install/my_msgss/lib/libmy_msgss__rosidl_typesupport_fastrtps_c.so" to ""
[2.887s] -- Up-to-date: /home/mechax/zyb/radar_station/src/my_msgss/install/my_msgss/include/my_msgss/my_msgss
[2.887s] -- Up-to-date: /home/mechax/zyb/radar_station/src/my_msgss/install/my_msgss/include/my_msgss/my_msgss/msg
[2.887s] -- Installing: /home/mechax/zyb/radar_station/src/my_msgss/install/my_msgss/include/my_msgss/my_msgss/msg/rosidl_typesupport_introspection_c__visibility_control.h
[2.887s] -- Up-to-date: /home/mechax/zyb/radar_station/src/my_msgss/install/my_msgss/include/my_msgss/my_msgss/msg/detail
[2.887s] -- Installing: /home/mechax/zyb/radar_station/src/my_msgss/install/my_msgss/include/my_msgss/my_msgss/msg/detail/distpoints__rosidl_typesupport_introspection_c.h
[2.887s] -- Installing: /home/mechax/zyb/radar_station/src/my_msgss/install/my_msgss/include/my_msgss/my_msgss/msg/detail/points__type_support.c
[2.887s] -- Installing: /home/mechax/zyb/radar_station/src/my_msgss/install/my_msgss/include/my_msgss/my_msgss/msg/detail/points__rosidl_typesupport_introspection_c.h
[2.887s] -- Installing: /home/mechax/zyb/radar_station/src/my_msgss/install/my_msgss/include/my_msgss/my_msgss/msg/detail/distpoint__rosidl_typesupport_introspection_c.h
[2.887s] -- Installing: /home/mechax/zyb/radar_station/src/my_msgss/install/my_msgss/include/my_msgss/my_msgss/msg/detail/point__rosidl_typesupport_introspection_c.h
[2.887s] -- Installing: /home/mechax/zyb/radar_station/src/my_msgss/install/my_msgss/include/my_msgss/my_msgss/msg/detail/distpoint__type_support.c
[2.887s] -- Installing: /home/mechax/zyb/radar_station/src/my_msgss/install/my_msgss/include/my_msgss/my_msgss/msg/detail/yolopoints__type_support.c
[2.888s] -- Installing: /home/mechax/zyb/radar_station/src/my_msgss/install/my_msgss/include/my_msgss/my_msgss/msg/detail/yolopoint__type_support.c
[2.888s] -- Installing: /home/mechax/zyb/radar_station/src/my_msgss/install/my_msgss/include/my_msgss/my_msgss/msg/detail/yolopoints__rosidl_typesupport_introspection_c.h
[2.888s] -- Installing: /home/mechax/zyb/radar_station/src/my_msgss/install/my_msgss/include/my_msgss/my_msgss/msg/detail/distpoints__type_support.c
[2.888s] -- Installing: /home/mechax/zyb/radar_station/src/my_msgss/install/my_msgss/include/my_msgss/my_msgss/msg/detail/point__type_support.c
[2.888s] -- Installing: /home/mechax/zyb/radar_station/src/my_msgss/install/my_msgss/include/my_msgss/my_msgss/msg/detail/yolopoint__rosidl_typesupport_introspection_c.h
[2.888s] -- Installing: /home/mechax/zyb/radar_station/src/my_msgss/install/my_msgss/lib/libmy_msgss__rosidl_typesupport_introspection_c.so
[2.888s] -- Set runtime path of "/home/mechax/zyb/radar_station/src/my_msgss/install/my_msgss/lib/libmy_msgss__rosidl_typesupport_introspection_c.so" to ""
[2.888s] -- Installing: /home/mechax/zyb/radar_station/src/my_msgss/install/my_msgss/lib/libmy_msgss__rosidl_typesupport_c.so
[2.888s] -- Set runtime path of "/home/mechax/zyb/radar_station/src/my_msgss/install/my_msgss/lib/libmy_msgss__rosidl_typesupport_c.so" to ""
[2.888s] -- Up-to-date: /home/mechax/zyb/radar_station/src/my_msgss/install/my_msgss/include/my_msgss/my_msgss
[2.888s] -- Up-to-date: /home/mechax/zyb/radar_station/src/my_msgss/install/my_msgss/include/my_msgss/my_msgss/msg
[2.888s] -- Installing: /home/mechax/zyb/radar_station/src/my_msgss/install/my_msgss/include/my_msgss/my_msgss/msg/distpoints.hpp
[2.889s] -- Up-to-date: /home/mechax/zyb/radar_station/src/my_msgss/install/my_msgss/include/my_msgss/my_msgss/msg/detail
[2.889s] -- Installing: /home/mechax/zyb/radar_station/src/my_msgss/install/my_msgss/include/my_msgss/my_msgss/msg/detail/point__traits.hpp
[2.889s] -- Installing: /home/mechax/zyb/radar_station/src/my_msgss/install/my_msgss/include/my_msgss/my_msgss/msg/detail/point__struct.hpp
[2.889s] -- Installing: /home/mechax/zyb/radar_station/src/my_msgss/install/my_msgss/include/my_msgss/my_msgss/msg/detail/distpoint__traits.hpp
[2.889s] -- Installing: /home/mechax/zyb/radar_station/src/my_msgss/install/my_msgss/include/my_msgss/my_msgss/msg/detail/points__struct.hpp
[2.889s] -- Installing: /home/mechax/zyb/radar_station/src/my_msgss/install/my_msgss/include/my_msgss/my_msgss/msg/detail/distpoints__builder.hpp
[2.889s] -- Installing: /home/mechax/zyb/radar_station/src/my_msgss/install/my_msgss/include/my_msgss/my_msgss/msg/detail/yolopoints__traits.hpp
[2.889s] -- Installing: /home/mechax/zyb/radar_station/src/my_msgss/install/my_msgss/include/my_msgss/my_msgss/msg/detail/distpoint__builder.hpp
[2.889s] -- Installing: /home/mechax/zyb/radar_station/src/my_msgss/install/my_msgss/include/my_msgss/my_msgss/msg/detail/distpoints__traits.hpp
[2.889s] -- Installing: /home/mechax/zyb/radar_station/src/my_msgss/install/my_msgss/include/my_msgss/my_msgss/msg/detail/points__builder.hpp
[2.889s] -- Installing: /home/mechax/zyb/radar_station/src/my_msgss/install/my_msgss/include/my_msgss/my_msgss/msg/detail/yolopoint__traits.hpp
[2.889s] -- Installing: /home/mechax/zyb/radar_station/src/my_msgss/install/my_msgss/include/my_msgss/my_msgss/msg/detail/points__traits.hpp
[2.889s] -- Installing: /home/mechax/zyb/radar_station/src/my_msgss/install/my_msgss/include/my_msgss/my_msgss/msg/detail/yolopoint__builder.hpp
[2.889s] -- Installing: /home/mechax/zyb/radar_station/src/my_msgss/install/my_msgss/include/my_msgss/my_msgss/msg/detail/yolopoints__struct.hpp
[2.890s] -- Installing: /home/mechax/zyb/radar_station/src/my_msgss/install/my_msgss/include/my_msgss/my_msgss/msg/detail/distpoints__struct.hpp
[2.890s] -- Installing: /home/mechax/zyb/radar_station/src/my_msgss/install/my_msgss/include/my_msgss/my_msgss/msg/detail/yolopoints__builder.hpp
[2.890s] -- Installing: /home/mechax/zyb/radar_station/src/my_msgss/install/my_msgss/include/my_msgss/my_msgss/msg/detail/yolopoint__struct.hpp
[2.890s] -- Installing: /home/mechax/zyb/radar_station/src/my_msgss/install/my_msgss/include/my_msgss/my_msgss/msg/detail/point__builder.hpp
[2.890s] -- Installing: /home/mechax/zyb/radar_station/src/my_msgss/install/my_msgss/include/my_msgss/my_msgss/msg/detail/distpoint__struct.hpp
[2.890s] -- Installing: /home/mechax/zyb/radar_station/src/my_msgss/install/my_msgss/include/my_msgss/my_msgss/msg/distpoint.hpp
[2.890s] -- Installing: /home/mechax/zyb/radar_station/src/my_msgss/install/my_msgss/include/my_msgss/my_msgss/msg/yolopoint.hpp
[2.890s] -- Installing: /home/mechax/zyb/radar_station/src/my_msgss/install/my_msgss/include/my_msgss/my_msgss/msg/yolopoints.hpp
[2.890s] -- Installing: /home/mechax/zyb/radar_station/src/my_msgss/install/my_msgss/include/my_msgss/my_msgss/msg/point.hpp
[2.890s] -- Installing: /home/mechax/zyb/radar_station/src/my_msgss/install/my_msgss/include/my_msgss/my_msgss/msg/points.hpp
[2.890s] -- Up-to-date: /home/mechax/zyb/radar_station/src/my_msgss/install/my_msgss/include/my_msgss/my_msgss
[2.890s] -- Up-to-date: /home/mechax/zyb/radar_station/src/my_msgss/install/my_msgss/include/my_msgss/my_msgss/msg
[2.890s] -- Up-to-date: /home/mechax/zyb/radar_station/src/my_msgss/install/my_msgss/include/my_msgss/my_msgss/msg/detail
[2.890s] -- Installing: /home/mechax/zyb/radar_station/src/my_msgss/install/my_msgss/include/my_msgss/my_msgss/msg/detail/point__rosidl_typesupport_fastrtps_cpp.hpp
[2.890s] -- Installing: /home/mechax/zyb/radar_station/src/my_msgss/install/my_msgss/include/my_msgss/my_msgss/msg/detail/yolopoints__rosidl_typesupport_fastrtps_cpp.hpp
[2.891s] -- Installing: /home/mechax/zyb/radar_station/src/my_msgss/install/my_msgss/include/my_msgss/my_msgss/msg/detail/distpoint__rosidl_typesupport_fastrtps_cpp.hpp
[2.891s] -- Installing: /home/mechax/zyb/radar_station/src/my_msgss/install/my_msgss/include/my_msgss/my_msgss/msg/detail/points__rosidl_typesupport_fastrtps_cpp.hpp
[2.891s] -- Installing: /home/mechax/zyb/radar_station/src/my_msgss/install/my_msgss/include/my_msgss/my_msgss/msg/detail/distpoints__rosidl_typesupport_fastrtps_cpp.hpp
[2.891s] -- Installing: /home/mechax/zyb/radar_station/src/my_msgss/install/my_msgss/include/my_msgss/my_msgss/msg/detail/yolopoint__rosidl_typesupport_fastrtps_cpp.hpp
[2.891s] -- Installing: /home/mechax/zyb/radar_station/src/my_msgss/install/my_msgss/include/my_msgss/my_msgss/msg/detail/dds_fastrtps
[2.891s] -- Installing: /home/mechax/zyb/radar_station/src/my_msgss/install/my_msgss/include/my_msgss/my_msgss/msg/rosidl_typesupport_fastrtps_cpp__visibility_control.h
[2.891s] -- Installing: /home/mechax/zyb/radar_station/src/my_msgss/install/my_msgss/lib/libmy_msgss__rosidl_typesupport_fastrtps_cpp.so
[2.891s] -- Set runtime path of "/home/mechax/zyb/radar_station/src/my_msgss/install/my_msgss/lib/libmy_msgss__rosidl_typesupport_fastrtps_cpp.so" to ""
[2.891s] -- Up-to-date: /home/mechax/zyb/radar_station/src/my_msgss/install/my_msgss/include/my_msgss/my_msgss
[2.891s] -- Up-to-date: /home/mechax/zyb/radar_station/src/my_msgss/install/my_msgss/include/my_msgss/my_msgss/msg
[2.891s] -- Up-to-date: /home/mechax/zyb/radar_station/src/my_msgss/install/my_msgss/include/my_msgss/my_msgss/msg/detail
[2.891s] -- Installing: /home/mechax/zyb/radar_station/src/my_msgss/install/my_msgss/include/my_msgss/my_msgss/msg/detail/distpoints__rosidl_typesupport_introspection_cpp.hpp
[2.891s] -- Installing: /home/mechax/zyb/radar_station/src/my_msgss/install/my_msgss/include/my_msgss/my_msgss/msg/detail/distpoint__type_support.cpp
[2.891s] -- Installing: /home/mechax/zyb/radar_station/src/my_msgss/install/my_msgss/include/my_msgss/my_msgss/msg/detail/yolopoints__type_support.cpp
[2.891s] -- Installing: /home/mechax/zyb/radar_station/src/my_msgss/install/my_msgss/include/my_msgss/my_msgss/msg/detail/distpoint__rosidl_typesupport_introspection_cpp.hpp
[2.891s] -- Installing: /home/mechax/zyb/radar_station/src/my_msgss/install/my_msgss/include/my_msgss/my_msgss/msg/detail/yolopoint__type_support.cpp
[2.891s] -- Installing: /home/mechax/zyb/radar_station/src/my_msgss/install/my_msgss/include/my_msgss/my_msgss/msg/detail/yolopoints__rosidl_typesupport_introspection_cpp.hpp
[2.892s] -- Installing: /home/mechax/zyb/radar_station/src/my_msgss/install/my_msgss/include/my_msgss/my_msgss/msg/detail/point__type_support.cpp
[2.892s] -- Installing: /home/mechax/zyb/radar_station/src/my_msgss/install/my_msgss/include/my_msgss/my_msgss/msg/detail/point__rosidl_typesupport_introspection_cpp.hpp
[2.892s] -- Installing: /home/mechax/zyb/radar_station/src/my_msgss/install/my_msgss/include/my_msgss/my_msgss/msg/detail/yolopoint__rosidl_typesupport_introspection_cpp.hpp
[2.892s] -- Installing: /home/mechax/zyb/radar_station/src/my_msgss/install/my_msgss/include/my_msgss/my_msgss/msg/detail/points__rosidl_typesupport_introspection_cpp.hpp
[2.892s] -- Installing: /home/mechax/zyb/radar_station/src/my_msgss/install/my_msgss/include/my_msgss/my_msgss/msg/detail/points__type_support.cpp
[2.892s] -- Installing: /home/mechax/zyb/radar_station/src/my_msgss/install/my_msgss/include/my_msgss/my_msgss/msg/detail/distpoints__type_support.cpp
[2.892s] -- Installing: /home/mechax/zyb/radar_station/src/my_msgss/install/my_msgss/lib/libmy_msgss__rosidl_typesupport_introspection_cpp.so
[2.892s] -- Set runtime path of "/home/mechax/zyb/radar_station/src/my_msgss/install/my_msgss/lib/libmy_msgss__rosidl_typesupport_introspection_cpp.so" to ""
[2.892s] -- Installing: /home/mechax/zyb/radar_station/src/my_msgss/install/my_msgss/lib/libmy_msgss__rosidl_typesupport_cpp.so
[2.892s] -- Set runtime path of "/home/mechax/zyb/radar_station/src/my_msgss/install/my_msgss/lib/libmy_msgss__rosidl_typesupport_cpp.so" to ""
[2.892s] -- Installing: /home/mechax/zyb/radar_station/src/my_msgss/install/my_msgss/share/my_msgss/environment/pythonpath.sh
[2.892s] -- Installing: /home/mechax/zyb/radar_station/src/my_msgss/install/my_msgss/share/my_msgss/environment/pythonpath.dsv
[2.892s] -- Installing: /home/mechax/zyb/radar_station/src/my_msgss/install/my_msgss/local/lib/python3.10/dist-packages/my_msgss-0.0.0-py3.10.egg-info
[2.892s] -- Installing: /home/mechax/zyb/radar_station/src/my_msgss/install/my_msgss/local/lib/python3.10/dist-packages/my_msgss-0.0.0-py3.10.egg-info/SOURCES.txt
[2.892s] -- Installing: /home/mechax/zyb/radar_station/src/my_msgss/install/my_msgss/local/lib/python3.10/dist-packages/my_msgss-0.0.0-py3.10.egg-info/top_level.txt
[2.892s] -- Installing: /home/mechax/zyb/radar_station/src/my_msgss/install/my_msgss/local/lib/python3.10/dist-packages/my_msgss-0.0.0-py3.10.egg-info/PKG-INFO
[2.892s] -- Installing: /home/mechax/zyb/radar_station/src/my_msgss/install/my_msgss/local/lib/python3.10/dist-packages/my_msgss-0.0.0-py3.10.egg-info/dependency_links.txt
[2.893s] -- Installing: /home/mechax/zyb/radar_station/src/my_msgss/install/my_msgss/local/lib/python3.10/dist-packages/my_msgss
[2.893s] -- Installing: /home/mechax/zyb/radar_station/src/my_msgss/install/my_msgss/local/lib/python3.10/dist-packages/my_msgss/msg
[2.893s] -- Installing: /home/mechax/zyb/radar_station/src/my_msgss/install/my_msgss/local/lib/python3.10/dist-packages/my_msgss/msg/_yolopoints.py
[2.893s] -- Installing: /home/mechax/zyb/radar_station/src/my_msgss/install/my_msgss/local/lib/python3.10/dist-packages/my_msgss/msg/_yolopoint_s.c
[2.893s] -- Installing: /home/mechax/zyb/radar_station/src/my_msgss/install/my_msgss/local/lib/python3.10/dist-packages/my_msgss/msg/_distpoints.py
[2.893s] -- Installing: /home/mechax/zyb/radar_station/src/my_msgss/install/my_msgss/local/lib/python3.10/dist-packages/my_msgss/msg/_point_s.c
[2.893s] -- Installing: /home/mechax/zyb/radar_station/src/my_msgss/install/my_msgss/local/lib/python3.10/dist-packages/my_msgss/msg/_yolopoint.py
[2.893s] -- Installing: /home/mechax/zyb/radar_station/src/my_msgss/install/my_msgss/local/lib/python3.10/dist-packages/my_msgss/msg/_distpoint.py
[2.893s] -- Installing: /home/mechax/zyb/radar_station/src/my_msgss/install/my_msgss/local/lib/python3.10/dist-packages/my_msgss/msg/_yolopoints_s.c
[2.893s] -- Installing: /home/mechax/zyb/radar_station/src/my_msgss/install/my_msgss/local/lib/python3.10/dist-packages/my_msgss/msg/_point.py
[2.893s] -- Installing: /home/mechax/zyb/radar_station/src/my_msgss/install/my_msgss/local/lib/python3.10/dist-packages/my_msgss/msg/_points.py
[2.893s] -- Installing: /home/mechax/zyb/radar_station/src/my_msgss/install/my_msgss/local/lib/python3.10/dist-packages/my_msgss/msg/_points_s.c
[2.893s] -- Installing: /home/mechax/zyb/radar_station/src/my_msgss/install/my_msgss/local/lib/python3.10/dist-packages/my_msgss/msg/_distpoint_s.c
[2.893s] -- Installing: /home/mechax/zyb/radar_station/src/my_msgss/install/my_msgss/local/lib/python3.10/dist-packages/my_msgss/msg/__init__.py
[2.893s] -- Installing: /home/mechax/zyb/radar_station/src/my_msgss/install/my_msgss/local/lib/python3.10/dist-packages/my_msgss/msg/_distpoints_s.c
[2.893s] -- Installing: /home/mechax/zyb/radar_station/src/my_msgss/install/my_msgss/local/lib/python3.10/dist-packages/my_msgss/_my_msgss_s.ep.rosidl_typesupport_c.c
[2.894s] -- Installing: /home/mechax/zyb/radar_station/src/my_msgss/install/my_msgss/local/lib/python3.10/dist-packages/my_msgss/my_msgss_s__rosidl_typesupport_fastrtps_c.cpython-310-x86_64-linux-gnu.so
[2.894s] -- Installing: /home/mechax/zyb/radar_station/src/my_msgss/install/my_msgss/local/lib/python3.10/dist-packages/my_msgss/_my_msgss_s.ep.rosidl_typesupport_introspection_c.c
[2.894s] -- Installing: /home/mechax/zyb/radar_station/src/my_msgss/install/my_msgss/local/lib/python3.10/dist-packages/my_msgss/_my_msgss_s.ep.rosidl_typesupport_fastrtps_c.c
[2.894s] -- Installing: /home/mechax/zyb/radar_station/src/my_msgss/install/my_msgss/local/lib/python3.10/dist-packages/my_msgss/my_msgss_s__rosidl_typesupport_c.cpython-310-x86_64-linux-gnu.so
[2.894s] -- Installing: /home/mechax/zyb/radar_station/src/my_msgss/install/my_msgss/local/lib/python3.10/dist-packages/my_msgss/libmy_msgss__rosidl_generator_py.so
[2.894s] -- Installing: /home/mechax/zyb/radar_station/src/my_msgss/install/my_msgss/local/lib/python3.10/dist-packages/my_msgss/my_msgss_s__rosidl_typesupport_introspection_c.cpython-310-x86_64-linux-gnu.so
[2.894s] -- Installing: /home/mechax/zyb/radar_station/src/my_msgss/install/my_msgss/local/lib/python3.10/dist-packages/my_msgss/__init__.py
[2.912s] Listing '/home/mechax/zyb/radar_station/src/my_msgss/install/my_msgss/local/lib/python3.10/dist-packages/my_msgss'...
[2.912s] Compiling '/home/mechax/zyb/radar_station/src/my_msgss/install/my_msgss/local/lib/python3.10/dist-packages/my_msgss/__init__.py'...
[2.912s] Listing '/home/mechax/zyb/radar_station/src/my_msgss/install/my_msgss/local/lib/python3.10/dist-packages/my_msgss/msg'...
[2.912s] Compiling '/home/mechax/zyb/radar_station/src/my_msgss/install/my_msgss/local/lib/python3.10/dist-packages/my_msgss/msg/__init__.py'...
[2.912s] Compiling '/home/mechax/zyb/radar_station/src/my_msgss/install/my_msgss/local/lib/python3.10/dist-packages/my_msgss/msg/_distpoint.py'...
[2.912s] Compiling '/home/mechax/zyb/radar_station/src/my_msgss/install/my_msgss/local/lib/python3.10/dist-packages/my_msgss/msg/_distpoints.py'...
[2.913s] Compiling '/home/mechax/zyb/radar_station/src/my_msgss/install/my_msgss/local/lib/python3.10/dist-packages/my_msgss/msg/_point.py'...
[2.913s] Compiling '/home/mechax/zyb/radar_station/src/my_msgss/install/my_msgss/local/lib/python3.10/dist-packages/my_msgss/msg/_points.py'...
[2.913s] Compiling '/home/mechax/zyb/radar_station/src/my_msgss/install/my_msgss/local/lib/python3.10/dist-packages/my_msgss/msg/_yolopoint.py'...
[2.913s] Compiling '/home/mechax/zyb/radar_station/src/my_msgss/install/my_msgss/local/lib/python3.10/dist-packages/my_msgss/msg/_yolopoints.py'...
[2.915s] -- Installing: /home/mechax/zyb/radar_station/src/my_msgss/install/my_msgss/local/lib/python3.10/dist-packages/my_msgss/my_msgss_s__rosidl_typesupport_fastrtps_c.cpython-310-x86_64-linux-gnu.so
[2.915s] -- Set runtime path of "/home/mechax/zyb/radar_station/src/my_msgss/install/my_msgss/local/lib/python3.10/dist-packages/my_msgss/my_msgss_s__rosidl_typesupport_fastrtps_c.cpython-310-x86_64-linux-gnu.so" to ""
[2.915s] -- Installing: /home/mechax/zyb/radar_station/src/my_msgss/install/my_msgss/local/lib/python3.10/dist-packages/my_msgss/my_msgss_s__rosidl_typesupport_introspection_c.cpython-310-x86_64-linux-gnu.so
[2.915s] -- Set runtime path of "/home/mechax/zyb/radar_station/src/my_msgss/install/my_msgss/local/lib/python3.10/dist-packages/my_msgss/my_msgss_s__rosidl_typesupport_introspection_c.cpython-310-x86_64-linux-gnu.so" to ""
[2.915s] -- Installing: /home/mechax/zyb/radar_station/src/my_msgss/install/my_msgss/local/lib/python3.10/dist-packages/my_msgss/my_msgss_s__rosidl_typesupport_c.cpython-310-x86_64-linux-gnu.so
[2.915s] -- Set runtime path of "/home/mechax/zyb/radar_station/src/my_msgss/install/my_msgss/local/lib/python3.10/dist-packages/my_msgss/my_msgss_s__rosidl_typesupport_c.cpython-310-x86_64-linux-gnu.so" to ""
[2.915s] -- Installing: /home/mechax/zyb/radar_station/src/my_msgss/install/my_msgss/lib/libmy_msgss__rosidl_generator_py.so
[2.915s] -- Set runtime path of "/home/mechax/zyb/radar_station/src/my_msgss/install/my_msgss/lib/libmy_msgss__rosidl_generator_py.so" to ""
[2.915s] -- Installing: /home/mechax/zyb/radar_station/src/my_msgss/install/my_msgss/share/my_msgss/msg/Yolopoint.idl
[2.915s] -- Installing: /home/mechax/zyb/radar_station/src/my_msgss/install/my_msgss/share/my_msgss/msg/Yolopoints.idl
[2.916s] -- Installing: /home/mechax/zyb/radar_station/src/my_msgss/install/my_msgss/share/my_msgss/msg/Distpoint.idl
[2.916s] -- Installing: /home/mechax/zyb/radar_station/src/my_msgss/install/my_msgss/share/my_msgss/msg/Distpoints.idl
[2.916s] -- Installing: /home/mechax/zyb/radar_station/src/my_msgss/install/my_msgss/share/my_msgss/msg/Point.idl
[2.916s] -- Installing: /home/mechax/zyb/radar_station/src/my_msgss/install/my_msgss/share/my_msgss/msg/Points.idl
[2.916s] -- Installing: /home/mechax/zyb/radar_station/src/my_msgss/install/my_msgss/share/my_msgss/msg/Yolopoint.msg
[2.916s] -- Installing: /home/mechax/zyb/radar_station/src/my_msgss/install/my_msgss/share/my_msgss/msg/Yolopoints.msg
[2.916s] -- Installing: /home/mechax/zyb/radar_station/src/my_msgss/install/my_msgss/share/my_msgss/msg/Distpoint.msg
[2.916s] -- Installing: /home/mechax/zyb/radar_station/src/my_msgss/install/my_msgss/share/my_msgss/msg/Distpoints.msg
[2.916s] -- Installing: /home/mechax/zyb/radar_station/src/my_msgss/install/my_msgss/share/my_msgss/msg/Point.msg
[2.916s] -- Installing: /home/mechax/zyb/radar_station/src/my_msgss/install/my_msgss/share/my_msgss/msg/Points.msg
[2.916s] -- Installing: /home/mechax/zyb/radar_station/src/my_msgss/install/my_msgss/share/ament_index/resource_index/package_run_dependencies/my_msgss
[2.916s] -- Installing: /home/mechax/zyb/radar_station/src/my_msgss/install/my_msgss/share/ament_index/resource_index/parent_prefix_path/my_msgss
[2.916s] -- Installing: /home/mechax/zyb/radar_station/src/my_msgss/install/my_msgss/share/my_msgss/environment/ament_prefix_path.sh
[2.916s] -- Installing: /home/mechax/zyb/radar_station/src/my_msgss/install/my_msgss/share/my_msgss/environment/ament_prefix_path.dsv
[2.917s] -- Installing: /home/mechax/zyb/radar_station/src/my_msgss/install/my_msgss/share/my_msgss/environment/path.sh
[2.917s] -- Installing: /home/mechax/zyb/radar_station/src/my_msgss/install/my_msgss/share/my_msgss/environment/path.dsv
[2.917s] -- Installing: /home/mechax/zyb/radar_station/src/my_msgss/install/my_msgss/share/my_msgss/local_setup.bash
[2.917s] -- Installing: /home/mechax/zyb/radar_station/src/my_msgss/install/my_msgss/share/my_msgss/local_setup.sh
[2.917s] -- Installing: /home/mechax/zyb/radar_station/src/my_msgss/install/my_msgss/share/my_msgss/local_setup.zsh
[2.917s] -- Installing: /home/mechax/zyb/radar_station/src/my_msgss/install/my_msgss/share/my_msgss/local_setup.dsv
[2.917s] -- Installing: /home/mechax/zyb/radar_station/src/my_msgss/install/my_msgss/share/my_msgss/package.dsv
[2.917s] -- Installing: /home/mechax/zyb/radar_station/src/my_msgss/install/my_msgss/share/ament_index/resource_index/packages/my_msgss
[2.917s] -- Installing: /home/mechax/zyb/radar_station/src/my_msgss/install/my_msgss/share/my_msgss/cmake/export_my_msgss__rosidl_generator_cExport.cmake
[2.917s] -- Installing: /home/mechax/zyb/radar_station/src/my_msgss/install/my_msgss/share/my_msgss/cmake/export_my_msgss__rosidl_generator_cExport-noconfig.cmake
[2.917s] -- Installing: /home/mechax/zyb/radar_station/src/my_msgss/install/my_msgss/share/my_msgss/cmake/export_my_msgss__rosidl_typesupport_fastrtps_cExport.cmake
[2.917s] -- Installing: /home/mechax/zyb/radar_station/src/my_msgss/install/my_msgss/share/my_msgss/cmake/export_my_msgss__rosidl_typesupport_fastrtps_cExport-noconfig.cmake
[2.917s] -- Installing: /home/mechax/zyb/radar_station/src/my_msgss/install/my_msgss/share/my_msgss/cmake/my_msgss__rosidl_typesupport_introspection_cExport.cmake
[2.918s] -- Installing: /home/mechax/zyb/radar_station/src/my_msgss/install/my_msgss/share/my_msgss/cmake/my_msgss__rosidl_typesupport_introspection_cExport-noconfig.cmake
[2.918s] -- Installing: /home/mechax/zyb/radar_station/src/my_msgss/install/my_msgss/share/my_msgss/cmake/my_msgss__rosidl_typesupport_cExport.cmake
[2.918s] -- Installing: /home/mechax/zyb/radar_station/src/my_msgss/install/my_msgss/share/my_msgss/cmake/my_msgss__rosidl_typesupport_cExport-noconfig.cmake
[2.918s] -- Installing: /home/mechax/zyb/radar_station/src/my_msgss/install/my_msgss/share/my_msgss/cmake/export_my_msgss__rosidl_generator_cppExport.cmake
[2.918s] -- Installing: /home/mechax/zyb/radar_station/src/my_msgss/install/my_msgss/share/my_msgss/cmake/export_my_msgss__rosidl_typesupport_fastrtps_cppExport.cmake
[2.918s] -- Installing: /home/mechax/zyb/radar_station/src/my_msgss/install/my_msgss/share/my_msgss/cmake/export_my_msgss__rosidl_typesupport_fastrtps_cppExport-noconfig.cmake
[2.918s] -- Installing: /home/mechax/zyb/radar_station/src/my_msgss/install/my_msgss/share/my_msgss/cmake/my_msgss__rosidl_typesupport_introspection_cppExport.cmake
[2.918s] -- Installing: /home/mechax/zyb/radar_station/src/my_msgss/install/my_msgss/share/my_msgss/cmake/my_msgss__rosidl_typesupport_introspection_cppExport-noconfig.cmake
[2.918s] -- Installing: /home/mechax/zyb/radar_station/src/my_msgss/install/my_msgss/share/my_msgss/cmake/my_msgss__rosidl_typesupport_cppExport.cmake
[2.918s] -- Installing: /home/mechax/zyb/radar_station/src/my_msgss/install/my_msgss/share/my_msgss/cmake/my_msgss__rosidl_typesupport_cppExport-noconfig.cmake
[2.918s] -- Installing: /home/mechax/zyb/radar_station/src/my_msgss/install/my_msgss/share/my_msgss/cmake/export_my_msgss__rosidl_generator_pyExport.cmake
[2.918s] -- Installing: /home/mechax/zyb/radar_station/src/my_msgss/install/my_msgss/share/my_msgss/cmake/export_my_msgss__rosidl_generator_pyExport-noconfig.cmake
[2.918s] -- Installing: /home/mechax/zyb/radar_station/src/my_msgss/install/my_msgss/share/my_msgss/cmake/rosidl_cmake-extras.cmake
[2.918s] -- Installing: /home/mechax/zyb/radar_station/src/my_msgss/install/my_msgss/share/my_msgss/cmake/ament_cmake_export_include_directories-extras.cmake
[2.918s] -- Installing: /home/mechax/zyb/radar_station/src/my_msgss/install/my_msgss/share/my_msgss/cmake/ament_cmake_export_libraries-extras.cmake
[2.918s] -- Installing: /home/mechax/zyb/radar_station/src/my_msgss/install/my_msgss/share/my_msgss/cmake/ament_cmake_export_targets-extras.cmake
[2.919s] -- Installing: /home/mechax/zyb/radar_station/src/my_msgss/install/my_msgss/share/my_msgss/cmake/rosidl_cmake_export_typesupport_targets-extras.cmake
[2.919s] -- Installing: /home/mechax/zyb/radar_station/src/my_msgss/install/my_msgss/share/my_msgss/cmake/ament_cmake_export_dependencies-extras.cmake
[2.919s] -- Installing: /home/mechax/zyb/radar_station/src/my_msgss/install/my_msgss/share/my_msgss/cmake/rosidl_cmake_export_typesupport_libraries-extras.cmake
[2.919s] -- Installing: /home/mechax/zyb/radar_station/src/my_msgss/install/my_msgss/share/my_msgss/cmake/my_msgssConfig.cmake
[2.919s] -- Installing: /home/mechax/zyb/radar_station/src/my_msgss/install/my_msgss/share/my_msgss/cmake/my_msgssConfig-version.cmake
[2.919s] -- Installing: /home/mechax/zyb/radar_station/src/my_msgss/install/my_msgss/share/my_msgss/package.xml
[2.920s] Invoked command in '/home/mechax/zyb/radar_station/src/my_msgss/build/my_msgss' returned '0': CMAKE_PREFIX_PATH=${CMAKE_PREFIX_PATH}:/opt/ros/humble /usr/bin/cmake --install /home/mechax/zyb/radar_station/src/my_msgss/build/my_msgss
