[ 12%] [34m[1mAutomatic MOC and UIC for target Qt5_displayer[0m
[ 12%] Built target Qt5_displayer_autogen
[ 25%] [32mBuilding CXX object CMakeFiles/Qt5_displayer.dir/src/qtnode.cpp.o[0m
[01m[K/home/mechax/zyb/radar_station/src/Qt5_displayer/src/qtnode.cpp:[m[K In member function ‘[01m[Kvirtual void qtNode::run()[m[K’:
[01m[K/home/mechax/zyb/radar_station/src/Qt5_displayer/src/qtnode.cpp:76:58:[m[K [01;31m[Kerror: [m[Kexpected unqualified-id before ‘[01m[K&[m[K’ token
   76 | } catch (const rclcpp::exceptions::NodeAlreadyExistsError[01;31m[K&[m[K e) {
      |                                                          [01;31m[K^[m[K
[01m[K/home/mechax/zyb/radar_station/src/Qt5_displayer/src/qtnode.cpp:76:58:[m[K [01;31m[Kerror: [m[Kexpected ‘[01m[K)[m[K’ before ‘[01m[K&[m[K’ token
   76 | } catch [34m[K([m[Kconst rclcpp::exceptions::NodeAlreadyExistsError[01;31m[K&[m[K e) {
      |         [34m[K~[m[K                                                [01;31m[K^[m[K
      |                                                          [32m[K)[m[K
[01m[K/home/mechax/zyb/radar_station/src/Qt5_displayer/src/qtnode.cpp:76:58:[m[K [01;31m[Kerror: [m[Kexpected ‘[01m[K{[m[K’ before ‘[01m[K&[m[K’ token
[01m[K/home/mechax/zyb/radar_station/src/Qt5_displayer/src/qtnode.cpp:76:60:[m[K [01;31m[Kerror: [m[K‘[01m[Ke[m[K’ was not declared in this scope
   76 | } catch (const rclcpp::exceptions::NodeAlreadyExistsError& [01;31m[Ke[m[K) {
      |                                                            [01;31m[K^[m[K
[01m[K/home/mechax/zyb/radar_station/src/Qt5_displayer/src/qtnode.cpp:78:3:[m[K [01;31m[Kerror: [m[Kexpected primary-expression before ‘[01m[Kcatch[m[K’
   78 | } [01;31m[Kcatch[m[K (const std::exception& e) {
      |   [01;31m[K^~~~~[m[K
gmake[2]: *** [CMakeFiles/Qt5_displayer.dir/build.make:118: CMakeFiles/Qt5_displayer.dir/src/qtnode.cpp.o] Error 1
gmake[1]: *** [CMakeFiles/Makefile2:138: CMakeFiles/Qt5_displayer.dir/all] Error 2
gmake: *** [Makefile:146: all] Error 2
