[0.080s] Invoking command in '/home/mechax/zyb/radar_station/build/my_msgss': CMAKE_PREFIX_PATH=${CMAKE_PREFIX_PATH}:/opt/ros/humble /usr/bin/cmake --build /home/mechax/zyb/radar_station/build/my_msgss -- -j16 -l16
[0.094s] -- Found ament_cmake: 1.3.6 (/opt/ros/humble/share/ament_cmake/cmake)
[0.183s] -- Found rosidl_default_generators: 1.2.0 (/opt/ros/humble/share/rosidl_default_generators/cmake)
[0.184s] -- Using all available rosidl_typesupport_c: rosidl_typesupport_fastrtps_c;rosidl_typesupport_introspection_c
[0.185s] -- Found rosidl_adapter: 3.1.5 (/opt/ros/humble/share/rosidl_adapter/cmake)
[0.202s] -- Using all available rosidl_typesupport_cpp: rosidl_typesupport_fastrtps_cpp;rosidl_typesupport_introspection_cpp
[0.365s] -- Found ament_cmake_ros: 0.10.0 (/opt/ros/humble/share/ament_cmake_ros/cmake)
[0.473s] -- Using all available rosidl_typesupport_c: rosidl_typesupport_fastrtps_c;rosidl_typesupport_introspection_c
[0.606s] -- Using all available rosidl_typesupport_cpp: rosidl_typesupport_fastrtps_cpp;rosidl_typesupport_introspection_cpp
[0.619s] -- Found python_cmake_module: 0.10.0 (/opt/ros/humble/share/python_cmake_module/cmake)
[0.631s] -- Using PYTHON_EXECUTABLE: /usr/bin/python3
[0.632s] -- Using PYTHON_INCLUDE_DIRS: /usr/include/python3.10
[0.632s] -- Using PYTHON_LIBRARIES: /usr/lib/x86_64-linux-gnu/libpython3.10.so
[0.638s] -- Found ament_lint_auto: 0.12.9 (/opt/ros/humble/share/ament_lint_auto/cmake)
[0.658s] -- Added test 'cppcheck' to perform static code analysis on C / C++ code
[0.658s] -- Configured cppcheck include dirs: 
[0.658s] -- Configured cppcheck exclude dirs and/or files: 
[0.660s] -- Added test 'flake8' to check Python code syntax and style conventions
[0.664s] -- Added test 'lint_cmake' to check CMake code style
[0.666s] -- Added test 'pep257' to check Python code against some of the docstring style conventions in PEP 257
[0.681s] -- Added test 'uncrustify' to check C / C++ code style
[0.681s] -- Configured uncrustify additional arguments: 
[0.684s] -- Added test 'xmllint' to check XML markup files
[0.685s] -- Configuring done
[0.703s] -- Generating done
[0.704s] -- Build files have been written to: /home/mechax/zyb/radar_station/build/my_msgss
[0.720s] [  1%] [34m[1mGenerating C code for ROS interfaces[0m
[0.725s] [  2%] [34m[1mGenerating C++ code for ROS interfaces[0m
[0.731s] [  2%] Built target ament_cmake_python_copy_my_msgss
[0.855s] running egg_info
[0.855s] writing my_msgss.egg-info/PKG-INFO
[0.856s] writing dependency_links to my_msgss.egg-info/dependency_links.txt
[0.856s] writing top-level names to my_msgss.egg-info/top_level.txt
[0.857s] reading manifest file 'my_msgss.egg-info/SOURCES.txt'
[0.857s] writing manifest file 'my_msgss.egg-info/SOURCES.txt'
[0.877s] [  2%] Built target ament_cmake_python_build_my_msgss_egg
[0.995s] [  2%] Built target my_msgss__cpp
[1.006s] [  4%] [34m[1mGenerating C++ type support dispatch for ROS interfaces[0m
[1.006s] [  5%] [34m[1mGenerating C++ type support for eProsima Fast-RTPS[0m
[1.007s] [  7%] [34m[1mGenerating C++ introspection for ROS interfaces[0m
[1.017s] [35m[1mConsolidate compiler generated dependencies of target my_msgss__rosidl_generator_c[0m
[1.026s] [  8%] [32mBuilding C object CMakeFiles/my_msgss__rosidl_generator_c.dir/rosidl_generator_c/my_msgss/msg/detail/yolopoint__functions.c.o[0m
[1.031s] [ 14%] [32mBuilding C object CMakeFiles/my_msgss__rosidl_generator_c.dir/rosidl_generator_c/my_msgss/msg/detail/yolopoints__functions.c.o[0m
[1.031s] [ 14%] [32mBuilding C object CMakeFiles/my_msgss__rosidl_generator_c.dir/rosidl_generator_c/my_msgss/msg/detail/points__functions.c.o[0m
[1.031s] [ 14%] [32mBuilding C object CMakeFiles/my_msgss__rosidl_generator_c.dir/rosidl_generator_c/my_msgss/msg/detail/distpoint__functions.c.o[0m
[1.031s] [ 14%] [32mBuilding C object CMakeFiles/my_msgss__rosidl_generator_c.dir/rosidl_generator_c/my_msgss/msg/detail/distpoints__functions.c.o[0m
[1.031s] [ 15%] [32mBuilding C object CMakeFiles/my_msgss__rosidl_generator_c.dir/rosidl_generator_c/my_msgss/msg/detail/point__functions.c.o[0m
[1.079s] [ 16%] [32m[1mLinking C shared library libmy_msgss__rosidl_generator_c.so[0m
[1.101s] [ 16%] Built target my_msgss__rosidl_generator_c
[1.107s] [ 18%] [34m[1mGenerating C type support for eProsima Fast-RTPS[0m
[1.111s] [ 21%] [34m[1mGenerating C introspection for ROS interfaces[0m
[1.111s] [ 21%] [34m[1mGenerating C type support dispatch for ROS interfaces[0m
[1.202s] [35m[1mConsolidate compiler generated dependencies of target my_msgss__rosidl_typesupport_cpp[0m
[1.221s] [ 29%] [32mBuilding CXX object CMakeFiles/my_msgss__rosidl_typesupport_cpp.dir/rosidl_typesupport_cpp/my_msgss/msg/yolopoints__type_support.cpp.o[0m
[1.221s] [ 29%] [32mBuilding CXX object CMakeFiles/my_msgss__rosidl_typesupport_cpp.dir/rosidl_typesupport_cpp/my_msgss/msg/points__type_support.cpp.o[0m
[1.221s] [ 29%] [32mBuilding CXX object CMakeFiles/my_msgss__rosidl_typesupport_cpp.dir/rosidl_typesupport_cpp/my_msgss/msg/distpoint__type_support.cpp.o[0m
[1.221s] [ 29%] [32mBuilding CXX object CMakeFiles/my_msgss__rosidl_typesupport_cpp.dir/rosidl_typesupport_cpp/my_msgss/msg/yolopoint__type_support.cpp.o[0m
[1.221s] [ 29%] [32mBuilding CXX object CMakeFiles/my_msgss__rosidl_typesupport_cpp.dir/rosidl_typesupport_cpp/my_msgss/msg/distpoints__type_support.cpp.o[0m
[1.221s] [ 29%] [32mBuilding CXX object CMakeFiles/my_msgss__rosidl_typesupport_cpp.dir/rosidl_typesupport_cpp/my_msgss/msg/point__type_support.cpp.o[0m
[1.268s] [35m[1mConsolidate compiler generated dependencies of target my_msgss__rosidl_typesupport_introspection_cpp[0m
[1.287s] [ 30%] [32mBuilding CXX object CMakeFiles/my_msgss__rosidl_typesupport_introspection_cpp.dir/rosidl_typesupport_introspection_cpp/my_msgss/msg/detail/yolopoints__type_support.cpp.o[0m
[1.289s] [ 32%] [32mBuilding CXX object CMakeFiles/my_msgss__rosidl_typesupport_introspection_cpp.dir/rosidl_typesupport_introspection_cpp/my_msgss/msg/detail/distpoint__type_support.cpp.o[0m
[1.293s] [ 33%] [32mBuilding CXX object CMakeFiles/my_msgss__rosidl_typesupport_introspection_cpp.dir/rosidl_typesupport_introspection_cpp/my_msgss/msg/detail/distpoints__type_support.cpp.o[0m
[1.293s] [ 35%] [32mBuilding CXX object CMakeFiles/my_msgss__rosidl_typesupport_introspection_cpp.dir/rosidl_typesupport_introspection_cpp/my_msgss/msg/detail/point__type_support.cpp.o[0m
[1.295s] [ 36%] [32mBuilding CXX object CMakeFiles/my_msgss__rosidl_typesupport_introspection_cpp.dir/rosidl_typesupport_introspection_cpp/my_msgss/msg/detail/yolopoint__type_support.cpp.o[0m
[1.308s] [ 38%] [32mBuilding CXX object CMakeFiles/my_msgss__rosidl_typesupport_introspection_cpp.dir/rosidl_typesupport_introspection_cpp/my_msgss/msg/detail/points__type_support.cpp.o[0m
[1.599s] [35m[1mConsolidate compiler generated dependencies of target my_msgss__rosidl_typesupport_fastrtps_c[0m
[1.622s] [35m[1mConsolidate compiler generated dependencies of target my_msgss__rosidl_typesupport_c[0m
[1.626s] [ 39%] [32mBuilding CXX object CMakeFiles/my_msgss__rosidl_typesupport_fastrtps_c.dir/rosidl_typesupport_fastrtps_c/my_msgss/msg/detail/yolopoint__type_support_c.cpp.o[0m
[1.640s] [ 40%] [32mBuilding CXX object CMakeFiles/my_msgss__rosidl_typesupport_c.dir/rosidl_typesupport_c/my_msgss/msg/yolopoint__type_support.cpp.o[0m
[1.674s] [ 42%] [32mBuilding CXX object CMakeFiles/my_msgss__rosidl_typesupport_fastrtps_c.dir/rosidl_typesupport_fastrtps_c/my_msgss/msg/detail/yolopoints__type_support_c.cpp.o[0m
[1.681s] [ 43%] [32mBuilding CXX object CMakeFiles/my_msgss__rosidl_typesupport_c.dir/rosidl_typesupport_c/my_msgss/msg/yolopoints__type_support.cpp.o[0m
[1.684s] [ 45%] [32mBuilding CXX object CMakeFiles/my_msgss__rosidl_typesupport_c.dir/rosidl_typesupport_c/my_msgss/msg/distpoints__type_support.cpp.o[0m
[1.694s] [ 46%] [32mBuilding CXX object CMakeFiles/my_msgss__rosidl_typesupport_fastrtps_c.dir/rosidl_typesupport_fastrtps_c/my_msgss/msg/detail/distpoint__type_support_c.cpp.o[0m
[1.701s] [ 47%] [32mBuilding CXX object CMakeFiles/my_msgss__rosidl_typesupport_c.dir/rosidl_typesupport_c/my_msgss/msg/distpoint__type_support.cpp.o[0m
[1.705s] [ 50%] [32m[1mLinking CXX shared library libmy_msgss__rosidl_typesupport_cpp.so[0m
[1.705s] [ 50%] [32mBuilding CXX object CMakeFiles/my_msgss__rosidl_typesupport_fastrtps_c.dir/rosidl_typesupport_fastrtps_c/my_msgss/msg/detail/distpoints__type_support_c.cpp.o[0m
[1.749s] [ 52%] [32mBuilding CXX object CMakeFiles/my_msgss__rosidl_typesupport_c.dir/rosidl_typesupport_c/my_msgss/msg/point__type_support.cpp.o[0m
[1.766s] [ 53%] [32mBuilding CXX object CMakeFiles/my_msgss__rosidl_typesupport_c.dir/rosidl_typesupport_c/my_msgss/msg/points__type_support.cpp.o[0m
[1.771s] [35m[1mConsolidate compiler generated dependencies of target my_msgss__rosidl_typesupport_fastrtps_cpp[0m
[1.814s] [ 54%] [32mBuilding CXX object CMakeFiles/my_msgss__rosidl_typesupport_fastrtps_c.dir/rosidl_typesupport_fastrtps_c/my_msgss/msg/detail/points__type_support_c.cpp.o[0m
[1.815s] [ 56%] [32mBuilding CXX object CMakeFiles/my_msgss__rosidl_typesupport_fastrtps_c.dir/rosidl_typesupport_fastrtps_c/my_msgss/msg/detail/point__type_support_c.cpp.o[0m
[1.819s] [ 57%] [32mBuilding CXX object CMakeFiles/my_msgss__rosidl_typesupport_fastrtps_cpp.dir/rosidl_typesupport_fastrtps_cpp/my_msgss/msg/detail/dds_fastrtps/yolopoint__type_support.cpp.o[0m
[1.821s] [ 59%] [32m[1mLinking CXX shared library libmy_msgss__rosidl_typesupport_c.so[0m
[1.843s] [35m[1mConsolidate compiler generated dependencies of target my_msgss__rosidl_typesupport_introspection_c[0m
[1.844s] [ 59%] Built target my_msgss__rosidl_typesupport_cpp
[1.861s] [ 60%] [32mBuilding CXX object CMakeFiles/my_msgss__rosidl_typesupport_fastrtps_cpp.dir/rosidl_typesupport_fastrtps_cpp/my_msgss/msg/detail/dds_fastrtps/yolopoints__type_support.cpp.o[0m
[1.905s] [ 61%] [32mBuilding C object CMakeFiles/my_msgss__rosidl_typesupport_introspection_c.dir/rosidl_typesupport_introspection_c/my_msgss/msg/detail/yolopoint__type_support.c.o[0m
[1.909s] [ 63%] [32mBuilding C object CMakeFiles/my_msgss__rosidl_typesupport_introspection_c.dir/rosidl_typesupport_introspection_c/my_msgss/msg/detail/yolopoints__type_support.c.o[0m
[1.927s] [ 63%] Built target my_msgss__rosidl_typesupport_c
[1.931s] [ 64%] [32mBuilding CXX object CMakeFiles/my_msgss__rosidl_typesupport_fastrtps_cpp.dir/rosidl_typesupport_fastrtps_cpp/my_msgss/msg/detail/dds_fastrtps/distpoint__type_support.cpp.o[0m
[1.946s] [ 66%] [32mBuilding CXX object CMakeFiles/my_msgss__rosidl_typesupport_fastrtps_cpp.dir/rosidl_typesupport_fastrtps_cpp/my_msgss/msg/detail/dds_fastrtps/distpoints__type_support.cpp.o[0m
[1.947s] [ 67%] [32mBuilding C object CMakeFiles/my_msgss__rosidl_typesupport_introspection_c.dir/rosidl_typesupport_introspection_c/my_msgss/msg/detail/distpoint__type_support.c.o[0m
[1.982s] [ 69%] [32mBuilding C object CMakeFiles/my_msgss__rosidl_typesupport_introspection_c.dir/rosidl_typesupport_introspection_c/my_msgss/msg/detail/distpoints__type_support.c.o[0m
[1.999s] [ 70%] [32mBuilding C object CMakeFiles/my_msgss__rosidl_typesupport_introspection_c.dir/rosidl_typesupport_introspection_c/my_msgss/msg/detail/point__type_support.c.o[0m
[2.018s] [ 73%] [32mBuilding CXX object CMakeFiles/my_msgss__rosidl_typesupport_fastrtps_cpp.dir/rosidl_typesupport_fastrtps_cpp/my_msgss/msg/detail/dds_fastrtps/point__type_support.cpp.o[0m
[2.019s] [ 73%] [32mBuilding C object CMakeFiles/my_msgss__rosidl_typesupport_introspection_c.dir/rosidl_typesupport_introspection_c/my_msgss/msg/detail/points__type_support.c.o[0m
[2.046s] [ 74%] [32mBuilding CXX object CMakeFiles/my_msgss__rosidl_typesupport_fastrtps_cpp.dir/rosidl_typesupport_fastrtps_cpp/my_msgss/msg/detail/dds_fastrtps/points__type_support.cpp.o[0m
[2.087s] [ 76%] [32m[1mLinking C shared library libmy_msgss__rosidl_typesupport_introspection_c.so[0m
[2.140s] [ 77%] [32m[1mLinking CXX shared library libmy_msgss__rosidl_typesupport_introspection_cpp.so[0m
[2.161s] [ 77%] Built target my_msgss__rosidl_typesupport_introspection_c
[2.296s] [ 77%] Built target my_msgss__rosidl_typesupport_introspection_cpp
[2.321s] [ 78%] [32m[1mLinking CXX shared library libmy_msgss__rosidl_typesupport_fastrtps_c.so[0m
[2.403s] [ 78%] Built target my_msgss__rosidl_typesupport_fastrtps_c
[2.512s] [ 80%] [32m[1mLinking CXX shared library libmy_msgss__rosidl_typesupport_fastrtps_cpp.so[0m
[2.558s] [ 80%] Built target my_msgss__rosidl_typesupport_fastrtps_cpp
[2.570s] [ 80%] Built target my_msgss
[2.582s] [ 81%] [34m[1mGenerating Python code for ROS interfaces[0m
[2.948s] [ 81%] Built target my_msgss__py
[2.955s] [35m[1mConsolidate compiler generated dependencies of target my_msgss__rosidl_generator_py[0m
[2.966s] [ 84%] [32mBuilding C object CMakeFiles/my_msgss__rosidl_generator_py.dir/rosidl_generator_py/my_msgss/msg/_yolopoint_s.c.o[0m
[2.966s] [ 84%] [32mBuilding C object CMakeFiles/my_msgss__rosidl_generator_py.dir/rosidl_generator_py/my_msgss/msg/_yolopoints_s.c.o[0m
[2.967s] [ 85%] [32mBuilding C object CMakeFiles/my_msgss__rosidl_generator_py.dir/rosidl_generator_py/my_msgss/msg/_distpoints_s.c.o[0m
[2.968s] [ 87%] [32mBuilding C object CMakeFiles/my_msgss__rosidl_generator_py.dir/rosidl_generator_py/my_msgss/msg/_distpoint_s.c.o[0m
[2.970s] [ 88%] [32mBuilding C object CMakeFiles/my_msgss__rosidl_generator_py.dir/rosidl_generator_py/my_msgss/msg/_point_s.c.o[0m
[2.970s] [ 90%] [32mBuilding C object CMakeFiles/my_msgss__rosidl_generator_py.dir/rosidl_generator_py/my_msgss/msg/_points_s.c.o[0m
[3.061s] [ 91%] [32m[1mLinking C shared library rosidl_generator_py/my_msgss/libmy_msgss__rosidl_generator_py.so[0m
[3.085s] [ 91%] Built target my_msgss__rosidl_generator_py
[3.092s] [35m[1mConsolidate compiler generated dependencies of target my_msgss__rosidl_typesupport_c__pyext[0m
[3.092s] [35m[1mConsolidate compiler generated dependencies of target my_msgss__rosidl_typesupport_fastrtps_c__pyext[0m
[3.092s] [35m[1mConsolidate compiler generated dependencies of target my_msgss__rosidl_typesupport_introspection_c__pyext[0m
[3.100s] [ 94%] [32mBuilding C object CMakeFiles/my_msgss__rosidl_typesupport_fastrtps_c__pyext.dir/rosidl_generator_py/my_msgss/_my_msgss_s.ep.rosidl_typesupport_fastrtps_c.c.o[0m
[3.100s] [ 94%] [32mBuilding C object CMakeFiles/my_msgss__rosidl_typesupport_c__pyext.dir/rosidl_generator_py/my_msgss/_my_msgss_s.ep.rosidl_typesupport_c.c.o[0m
[3.101s] [ 95%] [32mBuilding C object CMakeFiles/my_msgss__rosidl_typesupport_introspection_c__pyext.dir/rosidl_generator_py/my_msgss/_my_msgss_s.ep.rosidl_typesupport_introspection_c.c.o[0m
[3.158s] [ 97%] [32m[1mLinking C shared library rosidl_generator_py/my_msgss/my_msgss_s__rosidl_typesupport_c.cpython-310-x86_64-linux-gnu.so[0m
[3.161s] [ 98%] [32m[1mLinking C shared library rosidl_generator_py/my_msgss/my_msgss_s__rosidl_typesupport_fastrtps_c.cpython-310-x86_64-linux-gnu.so[0m
[3.182s] [ 98%] Built target my_msgss__rosidl_typesupport_fastrtps_c__pyext
[3.184s] [ 98%] Built target my_msgss__rosidl_typesupport_c__pyext
[3.184s] [100%] [32m[1mLinking C shared library rosidl_generator_py/my_msgss/my_msgss_s__rosidl_typesupport_introspection_c.cpython-310-x86_64-linux-gnu.so[0m
[3.205s] [100%] Built target my_msgss__rosidl_typesupport_introspection_c__pyext
[3.213s] Invoked command in '/home/mechax/zyb/radar_station/build/my_msgss' returned '0': CMAKE_PREFIX_PATH=${CMAKE_PREFIX_PATH}:/opt/ros/humble /usr/bin/cmake --build /home/mechax/zyb/radar_station/build/my_msgss -- -j16 -l16
[3.281s] Invoking command in '/home/mechax/zyb/radar_station/build/my_msgss': CMAKE_PREFIX_PATH=${CMAKE_PREFIX_PATH}:/opt/ros/humble /usr/bin/cmake --install /home/mechax/zyb/radar_station/build/my_msgss
[3.286s] -- Install configuration: ""
[3.286s] -- Up-to-date: /home/mechax/zyb/radar_station/install/my_msgss/share/ament_index/resource_index/rosidl_interfaces/my_msgss
[3.286s] -- Up-to-date: /home/mechax/zyb/radar_station/install/my_msgss/include/my_msgss/my_msgss
[3.286s] -- Up-to-date: /home/mechax/zyb/radar_station/install/my_msgss/include/my_msgss/my_msgss/msg
[3.286s] -- Installing: /home/mechax/zyb/radar_station/install/my_msgss/include/my_msgss/my_msgss/msg/yolopoints.h
[3.287s] -- Installing: /home/mechax/zyb/radar_station/install/my_msgss/include/my_msgss/my_msgss/msg/distpoint.h
[3.287s] -- Up-to-date: /home/mechax/zyb/radar_station/install/my_msgss/include/my_msgss/my_msgss/msg/detail
[3.287s] -- Installing: /home/mechax/zyb/radar_station/install/my_msgss/include/my_msgss/my_msgss/msg/detail/distpoints__struct.h
[3.287s] -- Installing: /home/mechax/zyb/radar_station/install/my_msgss/include/my_msgss/my_msgss/msg/detail/point__functions.c
[3.287s] -- Installing: /home/mechax/zyb/radar_station/install/my_msgss/include/my_msgss/my_msgss/msg/detail/points__functions.c
[3.287s] -- Installing: /home/mechax/zyb/radar_station/install/my_msgss/include/my_msgss/my_msgss/msg/detail/distpoint__type_support.h
[3.287s] -- Installing: /home/mechax/zyb/radar_station/install/my_msgss/include/my_msgss/my_msgss/msg/detail/points__struct.h
[3.287s] -- Installing: /home/mechax/zyb/radar_station/install/my_msgss/include/my_msgss/my_msgss/msg/detail/point__struct.h
[3.287s] -- Installing: /home/mechax/zyb/radar_station/install/my_msgss/include/my_msgss/my_msgss/msg/detail/distpoint__functions.c
[3.287s] -- Installing: /home/mechax/zyb/radar_station/install/my_msgss/include/my_msgss/my_msgss/msg/detail/yolopoint__struct.h
[3.288s] -- Installing: /home/mechax/zyb/radar_station/install/my_msgss/include/my_msgss/my_msgss/msg/detail/points__type_support.h
[3.288s] -- Installing: /home/mechax/zyb/radar_station/install/my_msgss/include/my_msgss/my_msgss/msg/detail/distpoint__struct.h
[3.288s] -- Installing: /home/mechax/zyb/radar_station/install/my_msgss/include/my_msgss/my_msgss/msg/detail/yolopoints__functions.c
[3.288s] -- Installing: /home/mechax/zyb/radar_station/install/my_msgss/include/my_msgss/my_msgss/msg/detail/yolopoints__struct.h
[3.288s] -- Installing: /home/mechax/zyb/radar_station/install/my_msgss/include/my_msgss/my_msgss/msg/detail/yolopoint__functions.c
[3.288s] -- Installing: /home/mechax/zyb/radar_station/install/my_msgss/include/my_msgss/my_msgss/msg/detail/distpoints__functions.h
[3.288s] -- Installing: /home/mechax/zyb/radar_station/install/my_msgss/include/my_msgss/my_msgss/msg/detail/yolopoints__type_support.h
[3.288s] -- Installing: /home/mechax/zyb/radar_station/install/my_msgss/include/my_msgss/my_msgss/msg/detail/yolopoints__functions.h
[3.288s] -- Installing: /home/mechax/zyb/radar_station/install/my_msgss/include/my_msgss/my_msgss/msg/detail/distpoints__functions.c
[3.288s] -- Installing: /home/mechax/zyb/radar_station/install/my_msgss/include/my_msgss/my_msgss/msg/detail/yolopoint__type_support.h
[3.288s] -- Installing: /home/mechax/zyb/radar_station/install/my_msgss/include/my_msgss/my_msgss/msg/detail/yolopoint__functions.h
[3.288s] -- Installing: /home/mechax/zyb/radar_station/install/my_msgss/include/my_msgss/my_msgss/msg/detail/points__functions.h
[3.289s] -- Installing: /home/mechax/zyb/radar_station/install/my_msgss/include/my_msgss/my_msgss/msg/detail/point__type_support.h
[3.289s] -- Installing: /home/mechax/zyb/radar_station/install/my_msgss/include/my_msgss/my_msgss/msg/detail/distpoints__type_support.h
[3.289s] -- Installing: /home/mechax/zyb/radar_station/install/my_msgss/include/my_msgss/my_msgss/msg/detail/point__functions.h
[3.289s] -- Installing: /home/mechax/zyb/radar_station/install/my_msgss/include/my_msgss/my_msgss/msg/detail/distpoint__functions.h
[3.289s] -- Up-to-date: /home/mechax/zyb/radar_station/install/my_msgss/include/my_msgss/my_msgss/msg/rosidl_generator_c__visibility_control.h
[3.289s] -- Installing: /home/mechax/zyb/radar_station/install/my_msgss/include/my_msgss/my_msgss/msg/distpoints.h
[3.289s] -- Installing: /home/mechax/zyb/radar_station/install/my_msgss/include/my_msgss/my_msgss/msg/yolopoint.h
[3.289s] -- Installing: /home/mechax/zyb/radar_station/install/my_msgss/include/my_msgss/my_msgss/msg/point.h
[3.289s] -- Installing: /home/mechax/zyb/radar_station/install/my_msgss/include/my_msgss/my_msgss/msg/points.h
[3.289s] -- Up-to-date: /home/mechax/zyb/radar_station/install/my_msgss/share/my_msgss/environment/library_path.sh
[3.289s] -- Installing: /home/mechax/zyb/radar_station/install/my_msgss/share/my_msgss/environment/library_path.dsv
[3.289s] -- Installing: /home/mechax/zyb/radar_station/install/my_msgss/lib/libmy_msgss__rosidl_generator_c.so
[3.290s] -- Set runtime path of "/home/mechax/zyb/radar_station/install/my_msgss/lib/libmy_msgss__rosidl_generator_c.so" to ""
[3.290s] -- Up-to-date: /home/mechax/zyb/radar_station/install/my_msgss/include/my_msgss/my_msgss
[3.290s] -- Up-to-date: /home/mechax/zyb/radar_station/install/my_msgss/include/my_msgss/my_msgss/msg
[3.290s] -- Up-to-date: /home/mechax/zyb/radar_station/install/my_msgss/include/my_msgss/my_msgss/msg/detail
[3.290s] -- Installing: /home/mechax/zyb/radar_station/install/my_msgss/include/my_msgss/my_msgss/msg/detail/distpoints__rosidl_typesupport_fastrtps_c.h
[3.290s] -- Installing: /home/mechax/zyb/radar_station/install/my_msgss/include/my_msgss/my_msgss/msg/detail/yolopoint__rosidl_typesupport_fastrtps_c.h
[3.290s] -- Installing: /home/mechax/zyb/radar_station/install/my_msgss/include/my_msgss/my_msgss/msg/detail/point__rosidl_typesupport_fastrtps_c.h
[3.290s] -- Installing: /home/mechax/zyb/radar_station/install/my_msgss/include/my_msgss/my_msgss/msg/detail/yolopoints__rosidl_typesupport_fastrtps_c.h
[3.290s] -- Installing: /home/mechax/zyb/radar_station/install/my_msgss/include/my_msgss/my_msgss/msg/detail/points__rosidl_typesupport_fastrtps_c.h
[3.290s] -- Installing: /home/mechax/zyb/radar_station/install/my_msgss/include/my_msgss/my_msgss/msg/detail/distpoint__rosidl_typesupport_fastrtps_c.h
[3.290s] -- Up-to-date: /home/mechax/zyb/radar_station/install/my_msgss/include/my_msgss/my_msgss/msg/rosidl_typesupport_fastrtps_c__visibility_control.h
[3.290s] -- Installing: /home/mechax/zyb/radar_station/install/my_msgss/lib/libmy_msgss__rosidl_typesupport_fastrtps_c.so
[3.291s] -- Set runtime path of "/home/mechax/zyb/radar_station/install/my_msgss/lib/libmy_msgss__rosidl_typesupport_fastrtps_c.so" to ""
[3.291s] -- Up-to-date: /home/mechax/zyb/radar_station/install/my_msgss/include/my_msgss/my_msgss
[3.291s] -- Up-to-date: /home/mechax/zyb/radar_station/install/my_msgss/include/my_msgss/my_msgss/msg
[3.291s] -- Up-to-date: /home/mechax/zyb/radar_station/install/my_msgss/include/my_msgss/my_msgss/msg/rosidl_typesupport_introspection_c__visibility_control.h
[3.291s] -- Up-to-date: /home/mechax/zyb/radar_station/install/my_msgss/include/my_msgss/my_msgss/msg/detail
[3.291s] -- Installing: /home/mechax/zyb/radar_station/install/my_msgss/include/my_msgss/my_msgss/msg/detail/distpoints__rosidl_typesupport_introspection_c.h
[3.291s] -- Installing: /home/mechax/zyb/radar_station/install/my_msgss/include/my_msgss/my_msgss/msg/detail/points__type_support.c
[3.291s] -- Installing: /home/mechax/zyb/radar_station/install/my_msgss/include/my_msgss/my_msgss/msg/detail/points__rosidl_typesupport_introspection_c.h
[3.291s] -- Installing: /home/mechax/zyb/radar_station/install/my_msgss/include/my_msgss/my_msgss/msg/detail/distpoint__rosidl_typesupport_introspection_c.h
[3.291s] -- Installing: /home/mechax/zyb/radar_station/install/my_msgss/include/my_msgss/my_msgss/msg/detail/point__rosidl_typesupport_introspection_c.h
[3.291s] -- Installing: /home/mechax/zyb/radar_station/install/my_msgss/include/my_msgss/my_msgss/msg/detail/distpoint__type_support.c
[3.292s] -- Installing: /home/mechax/zyb/radar_station/install/my_msgss/include/my_msgss/my_msgss/msg/detail/yolopoints__type_support.c
[3.292s] -- Installing: /home/mechax/zyb/radar_station/install/my_msgss/include/my_msgss/my_msgss/msg/detail/yolopoint__type_support.c
[3.292s] -- Installing: /home/mechax/zyb/radar_station/install/my_msgss/include/my_msgss/my_msgss/msg/detail/yolopoints__rosidl_typesupport_introspection_c.h
[3.292s] -- Installing: /home/mechax/zyb/radar_station/install/my_msgss/include/my_msgss/my_msgss/msg/detail/distpoints__type_support.c
[3.292s] -- Installing: /home/mechax/zyb/radar_station/install/my_msgss/include/my_msgss/my_msgss/msg/detail/point__type_support.c
[3.292s] -- Installing: /home/mechax/zyb/radar_station/install/my_msgss/include/my_msgss/my_msgss/msg/detail/yolopoint__rosidl_typesupport_introspection_c.h
[3.292s] -- Installing: /home/mechax/zyb/radar_station/install/my_msgss/lib/libmy_msgss__rosidl_typesupport_introspection_c.so
[3.292s] -- Set runtime path of "/home/mechax/zyb/radar_station/install/my_msgss/lib/libmy_msgss__rosidl_typesupport_introspection_c.so" to ""
[3.292s] -- Installing: /home/mechax/zyb/radar_station/install/my_msgss/lib/libmy_msgss__rosidl_typesupport_c.so
[3.292s] -- Set runtime path of "/home/mechax/zyb/radar_station/install/my_msgss/lib/libmy_msgss__rosidl_typesupport_c.so" to ""
[3.292s] -- Up-to-date: /home/mechax/zyb/radar_station/install/my_msgss/include/my_msgss/my_msgss
[3.292s] -- Up-to-date: /home/mechax/zyb/radar_station/install/my_msgss/include/my_msgss/my_msgss/msg
[3.292s] -- Installing: /home/mechax/zyb/radar_station/install/my_msgss/include/my_msgss/my_msgss/msg/distpoints.hpp
[3.293s] -- Up-to-date: /home/mechax/zyb/radar_station/install/my_msgss/include/my_msgss/my_msgss/msg/detail
[3.293s] -- Installing: /home/mechax/zyb/radar_station/install/my_msgss/include/my_msgss/my_msgss/msg/detail/point__traits.hpp
[3.293s] -- Installing: /home/mechax/zyb/radar_station/install/my_msgss/include/my_msgss/my_msgss/msg/detail/point__struct.hpp
[3.293s] -- Installing: /home/mechax/zyb/radar_station/install/my_msgss/include/my_msgss/my_msgss/msg/detail/distpoint__traits.hpp
[3.293s] -- Installing: /home/mechax/zyb/radar_station/install/my_msgss/include/my_msgss/my_msgss/msg/detail/points__struct.hpp
[3.293s] -- Installing: /home/mechax/zyb/radar_station/install/my_msgss/include/my_msgss/my_msgss/msg/detail/distpoints__builder.hpp
[3.293s] -- Installing: /home/mechax/zyb/radar_station/install/my_msgss/include/my_msgss/my_msgss/msg/detail/yolopoints__traits.hpp
[3.293s] -- Installing: /home/mechax/zyb/radar_station/install/my_msgss/include/my_msgss/my_msgss/msg/detail/distpoint__builder.hpp
[3.293s] -- Installing: /home/mechax/zyb/radar_station/install/my_msgss/include/my_msgss/my_msgss/msg/detail/distpoints__traits.hpp
[3.293s] -- Installing: /home/mechax/zyb/radar_station/install/my_msgss/include/my_msgss/my_msgss/msg/detail/points__builder.hpp
[3.293s] -- Installing: /home/mechax/zyb/radar_station/install/my_msgss/include/my_msgss/my_msgss/msg/detail/yolopoint__traits.hpp
[3.294s] -- Installing: /home/mechax/zyb/radar_station/install/my_msgss/include/my_msgss/my_msgss/msg/detail/points__traits.hpp
[3.294s] -- Installing: /home/mechax/zyb/radar_station/install/my_msgss/include/my_msgss/my_msgss/msg/detail/yolopoint__builder.hpp
[3.294s] -- Installing: /home/mechax/zyb/radar_station/install/my_msgss/include/my_msgss/my_msgss/msg/detail/yolopoints__struct.hpp
[3.294s] -- Installing: /home/mechax/zyb/radar_station/install/my_msgss/include/my_msgss/my_msgss/msg/detail/distpoints__struct.hpp
[3.294s] -- Installing: /home/mechax/zyb/radar_station/install/my_msgss/include/my_msgss/my_msgss/msg/detail/yolopoints__builder.hpp
[3.294s] -- Installing: /home/mechax/zyb/radar_station/install/my_msgss/include/my_msgss/my_msgss/msg/detail/yolopoint__struct.hpp
[3.294s] -- Installing: /home/mechax/zyb/radar_station/install/my_msgss/include/my_msgss/my_msgss/msg/detail/point__builder.hpp
[3.294s] -- Installing: /home/mechax/zyb/radar_station/install/my_msgss/include/my_msgss/my_msgss/msg/detail/distpoint__struct.hpp
[3.294s] -- Installing: /home/mechax/zyb/radar_station/install/my_msgss/include/my_msgss/my_msgss/msg/distpoint.hpp
[3.294s] -- Installing: /home/mechax/zyb/radar_station/install/my_msgss/include/my_msgss/my_msgss/msg/yolopoint.hpp
[3.294s] -- Installing: /home/mechax/zyb/radar_station/install/my_msgss/include/my_msgss/my_msgss/msg/yolopoints.hpp
[3.294s] -- Installing: /home/mechax/zyb/radar_station/install/my_msgss/include/my_msgss/my_msgss/msg/point.hpp
[3.294s] -- Installing: /home/mechax/zyb/radar_station/install/my_msgss/include/my_msgss/my_msgss/msg/points.hpp
[3.294s] -- Up-to-date: /home/mechax/zyb/radar_station/install/my_msgss/include/my_msgss/my_msgss
[3.294s] -- Up-to-date: /home/mechax/zyb/radar_station/install/my_msgss/include/my_msgss/my_msgss/msg
[3.295s] -- Up-to-date: /home/mechax/zyb/radar_station/install/my_msgss/include/my_msgss/my_msgss/msg/detail
[3.295s] -- Installing: /home/mechax/zyb/radar_station/install/my_msgss/include/my_msgss/my_msgss/msg/detail/point__rosidl_typesupport_fastrtps_cpp.hpp
[3.295s] -- Installing: /home/mechax/zyb/radar_station/install/my_msgss/include/my_msgss/my_msgss/msg/detail/yolopoints__rosidl_typesupport_fastrtps_cpp.hpp
[3.295s] -- Installing: /home/mechax/zyb/radar_station/install/my_msgss/include/my_msgss/my_msgss/msg/detail/distpoint__rosidl_typesupport_fastrtps_cpp.hpp
[3.295s] -- Installing: /home/mechax/zyb/radar_station/install/my_msgss/include/my_msgss/my_msgss/msg/detail/points__rosidl_typesupport_fastrtps_cpp.hpp
[3.295s] -- Installing: /home/mechax/zyb/radar_station/install/my_msgss/include/my_msgss/my_msgss/msg/detail/distpoints__rosidl_typesupport_fastrtps_cpp.hpp
[3.295s] -- Installing: /home/mechax/zyb/radar_station/install/my_msgss/include/my_msgss/my_msgss/msg/detail/yolopoint__rosidl_typesupport_fastrtps_cpp.hpp
[3.295s] -- Up-to-date: /home/mechax/zyb/radar_station/install/my_msgss/include/my_msgss/my_msgss/msg/detail/dds_fastrtps
[3.295s] -- Up-to-date: /home/mechax/zyb/radar_station/install/my_msgss/include/my_msgss/my_msgss/msg/rosidl_typesupport_fastrtps_cpp__visibility_control.h
[3.295s] -- Installing: /home/mechax/zyb/radar_station/install/my_msgss/lib/libmy_msgss__rosidl_typesupport_fastrtps_cpp.so
[3.295s] -- Set runtime path of "/home/mechax/zyb/radar_station/install/my_msgss/lib/libmy_msgss__rosidl_typesupport_fastrtps_cpp.so" to ""
[3.295s] -- Up-to-date: /home/mechax/zyb/radar_station/install/my_msgss/include/my_msgss/my_msgss
[3.295s] -- Up-to-date: /home/mechax/zyb/radar_station/install/my_msgss/include/my_msgss/my_msgss/msg
[3.295s] -- Up-to-date: /home/mechax/zyb/radar_station/install/my_msgss/include/my_msgss/my_msgss/msg/detail
[3.295s] -- Installing: /home/mechax/zyb/radar_station/install/my_msgss/include/my_msgss/my_msgss/msg/detail/distpoints__rosidl_typesupport_introspection_cpp.hpp
[3.296s] -- Installing: /home/mechax/zyb/radar_station/install/my_msgss/include/my_msgss/my_msgss/msg/detail/distpoint__type_support.cpp
[3.296s] -- Installing: /home/mechax/zyb/radar_station/install/my_msgss/include/my_msgss/my_msgss/msg/detail/yolopoints__type_support.cpp
[3.296s] -- Installing: /home/mechax/zyb/radar_station/install/my_msgss/include/my_msgss/my_msgss/msg/detail/distpoint__rosidl_typesupport_introspection_cpp.hpp
[3.296s] -- Installing: /home/mechax/zyb/radar_station/install/my_msgss/include/my_msgss/my_msgss/msg/detail/yolopoint__type_support.cpp
[3.296s] -- Installing: /home/mechax/zyb/radar_station/install/my_msgss/include/my_msgss/my_msgss/msg/detail/yolopoints__rosidl_typesupport_introspection_cpp.hpp
[3.296s] -- Installing: /home/mechax/zyb/radar_station/install/my_msgss/include/my_msgss/my_msgss/msg/detail/point__type_support.cpp
[3.296s] -- Installing: /home/mechax/zyb/radar_station/install/my_msgss/include/my_msgss/my_msgss/msg/detail/point__rosidl_typesupport_introspection_cpp.hpp
[3.296s] -- Installing: /home/mechax/zyb/radar_station/install/my_msgss/include/my_msgss/my_msgss/msg/detail/yolopoint__rosidl_typesupport_introspection_cpp.hpp
[3.296s] -- Installing: /home/mechax/zyb/radar_station/install/my_msgss/include/my_msgss/my_msgss/msg/detail/points__rosidl_typesupport_introspection_cpp.hpp
[3.296s] -- Installing: /home/mechax/zyb/radar_station/install/my_msgss/include/my_msgss/my_msgss/msg/detail/points__type_support.cpp
[3.296s] -- Installing: /home/mechax/zyb/radar_station/install/my_msgss/include/my_msgss/my_msgss/msg/detail/distpoints__type_support.cpp
[3.296s] -- Installing: /home/mechax/zyb/radar_station/install/my_msgss/lib/libmy_msgss__rosidl_typesupport_introspection_cpp.so
[3.296s] -- Set runtime path of "/home/mechax/zyb/radar_station/install/my_msgss/lib/libmy_msgss__rosidl_typesupport_introspection_cpp.so" to ""
[3.296s] -- Installing: /home/mechax/zyb/radar_station/install/my_msgss/lib/libmy_msgss__rosidl_typesupport_cpp.so
[3.296s] -- Set runtime path of "/home/mechax/zyb/radar_station/install/my_msgss/lib/libmy_msgss__rosidl_typesupport_cpp.so" to ""
[3.297s] -- Up-to-date: /home/mechax/zyb/radar_station/install/my_msgss/share/my_msgss/environment/pythonpath.sh
[3.297s] -- Installing: /home/mechax/zyb/radar_station/install/my_msgss/share/my_msgss/environment/pythonpath.dsv
[3.297s] -- Up-to-date: /home/mechax/zyb/radar_station/install/my_msgss/local/lib/python3.10/dist-packages/my_msgss-0.0.0-py3.10.egg-info
[3.297s] -- Installing: /home/mechax/zyb/radar_station/install/my_msgss/local/lib/python3.10/dist-packages/my_msgss-0.0.0-py3.10.egg-info/SOURCES.txt
[3.297s] -- Installing: /home/mechax/zyb/radar_station/install/my_msgss/local/lib/python3.10/dist-packages/my_msgss-0.0.0-py3.10.egg-info/top_level.txt
[3.297s] -- Installing: /home/mechax/zyb/radar_station/install/my_msgss/local/lib/python3.10/dist-packages/my_msgss-0.0.0-py3.10.egg-info/PKG-INFO
[3.297s] -- Installing: /home/mechax/zyb/radar_station/install/my_msgss/local/lib/python3.10/dist-packages/my_msgss-0.0.0-py3.10.egg-info/dependency_links.txt
[3.297s] -- Up-to-date: /home/mechax/zyb/radar_station/install/my_msgss/local/lib/python3.10/dist-packages/my_msgss
[3.297s] -- Up-to-date: /home/mechax/zyb/radar_station/install/my_msgss/local/lib/python3.10/dist-packages/my_msgss/msg
[3.297s] -- Installing: /home/mechax/zyb/radar_station/install/my_msgss/local/lib/python3.10/dist-packages/my_msgss/msg/_yolopoints.py
[3.297s] -- Installing: /home/mechax/zyb/radar_station/install/my_msgss/local/lib/python3.10/dist-packages/my_msgss/msg/_yolopoint_s.c
[3.297s] -- Installing: /home/mechax/zyb/radar_station/install/my_msgss/local/lib/python3.10/dist-packages/my_msgss/msg/_distpoints.py
[3.297s] -- Installing: /home/mechax/zyb/radar_station/install/my_msgss/local/lib/python3.10/dist-packages/my_msgss/msg/_point_s.c
[3.297s] -- Installing: /home/mechax/zyb/radar_station/install/my_msgss/local/lib/python3.10/dist-packages/my_msgss/msg/_yolopoint.py
[3.297s] -- Installing: /home/mechax/zyb/radar_station/install/my_msgss/local/lib/python3.10/dist-packages/my_msgss/msg/_distpoint.py
[3.298s] -- Installing: /home/mechax/zyb/radar_station/install/my_msgss/local/lib/python3.10/dist-packages/my_msgss/msg/_yolopoints_s.c
[3.298s] -- Installing: /home/mechax/zyb/radar_station/install/my_msgss/local/lib/python3.10/dist-packages/my_msgss/msg/_point.py
[3.298s] -- Installing: /home/mechax/zyb/radar_station/install/my_msgss/local/lib/python3.10/dist-packages/my_msgss/msg/_points.py
[3.298s] -- Installing: /home/mechax/zyb/radar_station/install/my_msgss/local/lib/python3.10/dist-packages/my_msgss/msg/_points_s.c
[3.298s] -- Installing: /home/mechax/zyb/radar_station/install/my_msgss/local/lib/python3.10/dist-packages/my_msgss/msg/_distpoint_s.c
[3.298s] -- Installing: /home/mechax/zyb/radar_station/install/my_msgss/local/lib/python3.10/dist-packages/my_msgss/msg/__init__.py
[3.298s] -- Installing: /home/mechax/zyb/radar_station/install/my_msgss/local/lib/python3.10/dist-packages/my_msgss/msg/_distpoints_s.c
[3.298s] -- Installing: /home/mechax/zyb/radar_station/install/my_msgss/local/lib/python3.10/dist-packages/my_msgss/_my_msgss_s.ep.rosidl_typesupport_c.c
[3.298s] -- Installing: /home/mechax/zyb/radar_station/install/my_msgss/local/lib/python3.10/dist-packages/my_msgss/my_msgss_s__rosidl_typesupport_fastrtps_c.cpython-310-x86_64-linux-gnu.so
[3.298s] -- Installing: /home/mechax/zyb/radar_station/install/my_msgss/local/lib/python3.10/dist-packages/my_msgss/_my_msgss_s.ep.rosidl_typesupport_introspection_c.c
[3.298s] -- Installing: /home/mechax/zyb/radar_station/install/my_msgss/local/lib/python3.10/dist-packages/my_msgss/_my_msgss_s.ep.rosidl_typesupport_fastrtps_c.c
[3.298s] -- Installing: /home/mechax/zyb/radar_station/install/my_msgss/local/lib/python3.10/dist-packages/my_msgss/my_msgss_s__rosidl_typesupport_c.cpython-310-x86_64-linux-gnu.so
[3.298s] -- Installing: /home/mechax/zyb/radar_station/install/my_msgss/local/lib/python3.10/dist-packages/my_msgss/libmy_msgss__rosidl_generator_py.so
[3.299s] -- Installing: /home/mechax/zyb/radar_station/install/my_msgss/local/lib/python3.10/dist-packages/my_msgss/my_msgss_s__rosidl_typesupport_introspection_c.cpython-310-x86_64-linux-gnu.so
[3.299s] -- Installing: /home/mechax/zyb/radar_station/install/my_msgss/local/lib/python3.10/dist-packages/my_msgss/__init__.py
[3.317s] Listing '/home/mechax/zyb/radar_station/install/my_msgss/local/lib/python3.10/dist-packages/my_msgss'...
[3.318s] Compiling '/home/mechax/zyb/radar_station/install/my_msgss/local/lib/python3.10/dist-packages/my_msgss/__init__.py'...
[3.318s] Listing '/home/mechax/zyb/radar_station/install/my_msgss/local/lib/python3.10/dist-packages/my_msgss/msg'...
[3.318s] Compiling '/home/mechax/zyb/radar_station/install/my_msgss/local/lib/python3.10/dist-packages/my_msgss/msg/__init__.py'...
[3.318s] Compiling '/home/mechax/zyb/radar_station/install/my_msgss/local/lib/python3.10/dist-packages/my_msgss/msg/_distpoint.py'...
[3.318s] Compiling '/home/mechax/zyb/radar_station/install/my_msgss/local/lib/python3.10/dist-packages/my_msgss/msg/_distpoints.py'...
[3.318s] Compiling '/home/mechax/zyb/radar_station/install/my_msgss/local/lib/python3.10/dist-packages/my_msgss/msg/_point.py'...
[3.318s] Compiling '/home/mechax/zyb/radar_station/install/my_msgss/local/lib/python3.10/dist-packages/my_msgss/msg/_points.py'...
[3.318s] Compiling '/home/mechax/zyb/radar_station/install/my_msgss/local/lib/python3.10/dist-packages/my_msgss/msg/_yolopoint.py'...
[3.318s] Compiling '/home/mechax/zyb/radar_station/install/my_msgss/local/lib/python3.10/dist-packages/my_msgss/msg/_yolopoints.py'...
[3.320s] -- Installing: /home/mechax/zyb/radar_station/install/my_msgss/local/lib/python3.10/dist-packages/my_msgss/my_msgss_s__rosidl_typesupport_fastrtps_c.cpython-310-x86_64-linux-gnu.so
[3.321s] -- Set runtime path of "/home/mechax/zyb/radar_station/install/my_msgss/local/lib/python3.10/dist-packages/my_msgss/my_msgss_s__rosidl_typesupport_fastrtps_c.cpython-310-x86_64-linux-gnu.so" to ""
[3.321s] -- Installing: /home/mechax/zyb/radar_station/install/my_msgss/local/lib/python3.10/dist-packages/my_msgss/my_msgss_s__rosidl_typesupport_introspection_c.cpython-310-x86_64-linux-gnu.so
[3.321s] -- Set runtime path of "/home/mechax/zyb/radar_station/install/my_msgss/local/lib/python3.10/dist-packages/my_msgss/my_msgss_s__rosidl_typesupport_introspection_c.cpython-310-x86_64-linux-gnu.so" to ""
[3.321s] -- Installing: /home/mechax/zyb/radar_station/install/my_msgss/local/lib/python3.10/dist-packages/my_msgss/my_msgss_s__rosidl_typesupport_c.cpython-310-x86_64-linux-gnu.so
[3.321s] -- Set runtime path of "/home/mechax/zyb/radar_station/install/my_msgss/local/lib/python3.10/dist-packages/my_msgss/my_msgss_s__rosidl_typesupport_c.cpython-310-x86_64-linux-gnu.so" to ""
[3.321s] -- Installing: /home/mechax/zyb/radar_station/install/my_msgss/lib/libmy_msgss__rosidl_generator_py.so
[3.321s] -- Set runtime path of "/home/mechax/zyb/radar_station/install/my_msgss/lib/libmy_msgss__rosidl_generator_py.so" to ""
[3.321s] -- Up-to-date: /home/mechax/zyb/radar_station/install/my_msgss/share/my_msgss/msg/Yolopoint.idl
[3.321s] -- Up-to-date: /home/mechax/zyb/radar_station/install/my_msgss/share/my_msgss/msg/Yolopoints.idl
[3.321s] -- Installing: /home/mechax/zyb/radar_station/install/my_msgss/share/my_msgss/msg/Distpoint.idl
[3.322s] -- Up-to-date: /home/mechax/zyb/radar_station/install/my_msgss/share/my_msgss/msg/Distpoints.idl
[3.322s] -- Up-to-date: /home/mechax/zyb/radar_station/install/my_msgss/share/my_msgss/msg/Point.idl
[3.322s] -- Up-to-date: /home/mechax/zyb/radar_station/install/my_msgss/share/my_msgss/msg/Points.idl
[3.322s] -- Up-to-date: /home/mechax/zyb/radar_station/install/my_msgss/share/my_msgss/msg/Yolopoint.msg
[3.322s] -- Up-to-date: /home/mechax/zyb/radar_station/install/my_msgss/share/my_msgss/msg/Yolopoints.msg
[3.322s] -- Installing: /home/mechax/zyb/radar_station/install/my_msgss/share/my_msgss/msg/Distpoint.msg
[3.322s] -- Up-to-date: /home/mechax/zyb/radar_station/install/my_msgss/share/my_msgss/msg/Distpoints.msg
[3.322s] -- Up-to-date: /home/mechax/zyb/radar_station/install/my_msgss/share/my_msgss/msg/Point.msg
[3.322s] -- Up-to-date: /home/mechax/zyb/radar_station/install/my_msgss/share/my_msgss/msg/Points.msg
[3.322s] -- Up-to-date: /home/mechax/zyb/radar_station/install/my_msgss/share/ament_index/resource_index/package_run_dependencies/my_msgss
[3.323s] -- Up-to-date: /home/mechax/zyb/radar_station/install/my_msgss/share/ament_index/resource_index/parent_prefix_path/my_msgss
[3.323s] -- Up-to-date: /home/mechax/zyb/radar_station/install/my_msgss/share/my_msgss/environment/ament_prefix_path.sh
[3.323s] -- Installing: /home/mechax/zyb/radar_station/install/my_msgss/share/my_msgss/environment/ament_prefix_path.dsv
[3.323s] -- Up-to-date: /home/mechax/zyb/radar_station/install/my_msgss/share/my_msgss/environment/path.sh
[3.323s] -- Installing: /home/mechax/zyb/radar_station/install/my_msgss/share/my_msgss/environment/path.dsv
[3.323s] -- Up-to-date: /home/mechax/zyb/radar_station/install/my_msgss/share/my_msgss/local_setup.bash
[3.323s] -- Up-to-date: /home/mechax/zyb/radar_station/install/my_msgss/share/my_msgss/local_setup.sh
[3.323s] -- Up-to-date: /home/mechax/zyb/radar_station/install/my_msgss/share/my_msgss/local_setup.zsh
[3.323s] -- Installing: /home/mechax/zyb/radar_station/install/my_msgss/share/my_msgss/local_setup.dsv
[3.323s] -- Installing: /home/mechax/zyb/radar_station/install/my_msgss/share/my_msgss/package.dsv
[3.323s] -- Up-to-date: /home/mechax/zyb/radar_station/install/my_msgss/share/ament_index/resource_index/packages/my_msgss
[3.323s] -- Up-to-date: /home/mechax/zyb/radar_station/install/my_msgss/share/my_msgss/cmake/export_my_msgss__rosidl_generator_cExport.cmake
[3.323s] -- Up-to-date: /home/mechax/zyb/radar_station/install/my_msgss/share/my_msgss/cmake/export_my_msgss__rosidl_generator_cExport-noconfig.cmake
[3.323s] -- Up-to-date: /home/mechax/zyb/radar_station/install/my_msgss/share/my_msgss/cmake/export_my_msgss__rosidl_typesupport_fastrtps_cExport.cmake
[3.324s] -- Up-to-date: /home/mechax/zyb/radar_station/install/my_msgss/share/my_msgss/cmake/export_my_msgss__rosidl_typesupport_fastrtps_cExport-noconfig.cmake
[3.324s] -- Up-to-date: /home/mechax/zyb/radar_station/install/my_msgss/share/my_msgss/cmake/my_msgss__rosidl_typesupport_introspection_cExport.cmake
[3.324s] -- Up-to-date: /home/mechax/zyb/radar_station/install/my_msgss/share/my_msgss/cmake/my_msgss__rosidl_typesupport_introspection_cExport-noconfig.cmake
[3.325s] -- Up-to-date: /home/mechax/zyb/radar_station/install/my_msgss/share/my_msgss/cmake/my_msgss__rosidl_typesupport_cExport.cmake
[3.325s] -- Up-to-date: /home/mechax/zyb/radar_station/install/my_msgss/share/my_msgss/cmake/my_msgss__rosidl_typesupport_cExport-noconfig.cmake
[3.325s] -- Up-to-date: /home/mechax/zyb/radar_station/install/my_msgss/share/my_msgss/cmake/export_my_msgss__rosidl_generator_cppExport.cmake
[3.325s] -- Up-to-date: /home/mechax/zyb/radar_station/install/my_msgss/share/my_msgss/cmake/export_my_msgss__rosidl_typesupport_fastrtps_cppExport.cmake
[3.325s] -- Up-to-date: /home/mechax/zyb/radar_station/install/my_msgss/share/my_msgss/cmake/export_my_msgss__rosidl_typesupport_fastrtps_cppExport-noconfig.cmake
[3.325s] -- Up-to-date: /home/mechax/zyb/radar_station/install/my_msgss/share/my_msgss/cmake/my_msgss__rosidl_typesupport_introspection_cppExport.cmake
[3.325s] -- Up-to-date: /home/mechax/zyb/radar_station/install/my_msgss/share/my_msgss/cmake/my_msgss__rosidl_typesupport_introspection_cppExport-noconfig.cmake
[3.326s] -- Up-to-date: /home/mechax/zyb/radar_station/install/my_msgss/share/my_msgss/cmake/my_msgss__rosidl_typesupport_cppExport.cmake
[3.326s] -- Up-to-date: /home/mechax/zyb/radar_station/install/my_msgss/share/my_msgss/cmake/my_msgss__rosidl_typesupport_cppExport-noconfig.cmake
[3.326s] -- Up-to-date: /home/mechax/zyb/radar_station/install/my_msgss/share/my_msgss/cmake/export_my_msgss__rosidl_generator_pyExport.cmake
[3.326s] -- Up-to-date: /home/mechax/zyb/radar_station/install/my_msgss/share/my_msgss/cmake/export_my_msgss__rosidl_generator_pyExport-noconfig.cmake
[3.326s] -- Up-to-date: /home/mechax/zyb/radar_station/install/my_msgss/share/my_msgss/cmake/rosidl_cmake-extras.cmake
[3.326s] -- Up-to-date: /home/mechax/zyb/radar_station/install/my_msgss/share/my_msgss/cmake/ament_cmake_export_include_directories-extras.cmake
[3.326s] -- Up-to-date: /home/mechax/zyb/radar_station/install/my_msgss/share/my_msgss/cmake/ament_cmake_export_libraries-extras.cmake
[3.326s] -- Up-to-date: /home/mechax/zyb/radar_station/install/my_msgss/share/my_msgss/cmake/ament_cmake_export_targets-extras.cmake
[3.326s] -- Up-to-date: /home/mechax/zyb/radar_station/install/my_msgss/share/my_msgss/cmake/rosidl_cmake_export_typesupport_targets-extras.cmake
[3.326s] -- Up-to-date: /home/mechax/zyb/radar_station/install/my_msgss/share/my_msgss/cmake/ament_cmake_export_dependencies-extras.cmake
[3.326s] -- Up-to-date: /home/mechax/zyb/radar_station/install/my_msgss/share/my_msgss/cmake/rosidl_cmake_export_typesupport_libraries-extras.cmake
[3.326s] -- Up-to-date: /home/mechax/zyb/radar_station/install/my_msgss/share/my_msgss/cmake/my_msgssConfig.cmake
[3.326s] -- Up-to-date: /home/mechax/zyb/radar_station/install/my_msgss/share/my_msgss/cmake/my_msgssConfig-version.cmake
[3.326s] -- Up-to-date: /home/mechax/zyb/radar_station/install/my_msgss/share/my_msgss/package.xml
[3.326s] Invoked command in '/home/mechax/zyb/radar_station/build/my_msgss' returned '0': CMAKE_PREFIX_PATH=${CMAKE_PREFIX_PATH}:/opt/ros/humble /usr/bin/cmake --install /home/mechax/zyb/radar_station/build/my_msgss
