[0.122s] Invoking command in '/home/mechax/zyb/radar_station/build/Qt5_displayer': CMAKE_PREFIX_PATH=${CMAKE_PREFIX_PATH}:/opt/ros/humble /usr/bin/cmake --build /home/mechax/zyb/radar_station/build/Qt5_displayer -- -j16 -l16
[0.151s] [ 12%] [34m[1mAutomatic MOC and UIC for target Qt5_displayer[0m
[0.177s] [ 12%] Built target Qt5_displayer_autogen
[0.202s] [ 25%] [32mBuilding CXX object CMakeFiles/Qt5_displayer.dir/src/qtnode.cpp.o[0m
[6.023s] [ 37%] [32m[1mLinking CXX executable Qt5_displayer[0m
[6.481s] /usr/bin/ld: warning: libopencv_imgcodecs.so.4.5d, needed by /opt/ros/humble/lib/libcv_bridge.so, may conflict with libopencv_imgcodecs.so.408
[6.481s] /usr/bin/ld: warning: libopencv_imgproc.so.4.5d, needed by /opt/ros/humble/lib/libcv_bridge.so, may conflict with libopencv_imgproc.so.408
[6.481s] /usr/bin/ld: warning: libopencv_core.so.4.5d, needed by /opt/ros/humble/lib/libcv_bridge.so, may conflict with libopencv_core.so.408
[6.828s] [100%] Built target Qt5_displayer
[6.836s] Invoked command in '/home/mechax/zyb/radar_station/build/Qt5_displayer' returned '0': CMAKE_PREFIX_PATH=${CMAKE_PREFIX_PATH}:/opt/ros/humble /usr/bin/cmake --build /home/mechax/zyb/radar_station/build/Qt5_displayer -- -j16 -l16
[6.856s] Invoking command in '/home/mechax/zyb/radar_station/build/Qt5_displayer': CMAKE_PREFIX_PATH=${CMAKE_PREFIX_PATH}:/opt/ros/humble /usr/bin/cmake --install /home/mechax/zyb/radar_station/build/Qt5_displayer
[6.861s] -- Install configuration: ""
[6.861s] -- Installing: /home/mechax/zyb/radar_station/install/Qt5_displayer/lib/Qt5_displayer/Qt5_displayer
[6.863s] -- Set runtime path of "/home/mechax/zyb/radar_station/install/Qt5_displayer/lib/Qt5_displayer/Qt5_displayer" to ""
[6.863s] -- Up-to-date: /home/mechax/zyb/radar_station/install/Qt5_displayer/share/Qt5_displayer/launch
[6.863s] -- Up-to-date: /home/mechax/zyb/radar_station/install/Qt5_displayer/share/Qt5_displayer/launch/qt5_display_launch.py
[6.863s] -- Up-to-date: /home/mechax/zyb/radar_station/install/Qt5_displayer/share/ament_index/resource_index/package_run_dependencies/Qt5_displayer
[6.863s] -- Up-to-date: /home/mechax/zyb/radar_station/install/Qt5_displayer/share/ament_index/resource_index/parent_prefix_path/Qt5_displayer
[6.863s] -- Up-to-date: /home/mechax/zyb/radar_station/install/Qt5_displayer/share/Qt5_displayer/environment/ament_prefix_path.sh
[6.863s] -- Up-to-date: /home/mechax/zyb/radar_station/install/Qt5_displayer/share/Qt5_displayer/environment/ament_prefix_path.dsv
[6.863s] -- Up-to-date: /home/mechax/zyb/radar_station/install/Qt5_displayer/share/Qt5_displayer/environment/path.sh
[6.863s] -- Up-to-date: /home/mechax/zyb/radar_station/install/Qt5_displayer/share/Qt5_displayer/environment/path.dsv
[6.864s] -- Up-to-date: /home/mechax/zyb/radar_station/install/Qt5_displayer/share/Qt5_displayer/local_setup.bash
[6.864s] -- Up-to-date: /home/mechax/zyb/radar_station/install/Qt5_displayer/share/Qt5_displayer/local_setup.sh
[6.864s] -- Up-to-date: /home/mechax/zyb/radar_station/install/Qt5_displayer/share/Qt5_displayer/local_setup.zsh
[6.864s] -- Up-to-date: /home/mechax/zyb/radar_station/install/Qt5_displayer/share/Qt5_displayer/local_setup.dsv
[6.864s] -- Installing: /home/mechax/zyb/radar_station/install/Qt5_displayer/share/Qt5_displayer/package.dsv
[6.864s] -- Up-to-date: /home/mechax/zyb/radar_station/install/Qt5_displayer/share/ament_index/resource_index/packages/Qt5_displayer
[6.864s] -- Up-to-date: /home/mechax/zyb/radar_station/install/Qt5_displayer/share/Qt5_displayer/cmake/Qt5_displayerConfig.cmake
[6.864s] -- Up-to-date: /home/mechax/zyb/radar_station/install/Qt5_displayer/share/Qt5_displayer/cmake/Qt5_displayerConfig-version.cmake
[6.864s] -- Up-to-date: /home/mechax/zyb/radar_station/install/Qt5_displayer/share/Qt5_displayer/package.xml
[6.864s] Invoked command in '/home/mechax/zyb/radar_station/build/Qt5_displayer' returned '0': CMAKE_PREFIX_PATH=${CMAKE_PREFIX_PATH}:/opt/ros/humble /usr/bin/cmake --install /home/mechax/zyb/radar_station/build/Qt5_displayer
