[0.143s] Invoking command in '/home/mechax/AAAmy_ws/1.18/radar_station/build/Yolo_Handle': CMAKE_PREFIX_PATH=${CMAKE_PREFIX_PATH}:/opt/ros/humble /usr/bin/cmake --build /home/mechax/AAAmy_ws/1.18/radar_station/build/Yolo_Handle -- -j16 -l16
[0.170s] Invoked command in '/home/mechax/AAAmy_ws/1.18/radar_station/build/Yolo_Handle' returned '0': CMAKE_PREFIX_PATH=${CMAKE_PREFIX_PATH}:/opt/ros/humble /usr/bin/cmake --build /home/mechax/AAAmy_ws/1.18/radar_station/build/Yolo_Handle -- -j16 -l16
[0.206s] Invoking command in '/home/mechax/AAAmy_ws/1.18/radar_station/build/Yolo_Handle': CMAKE_PREFIX_PATH=${CMAKE_PREFIX_PATH}:/opt/ros/humble /usr/bin/cmake --install /home/mechax/AAAmy_ws/1.18/radar_station/build/Yolo_Handle
[0.218s] -- Install configuration: ""
[0.218s] -- Execute custom install script
[0.218s] -- Up-to-date symlink: /home/mechax/AAAmy_ws/1.18/radar_station/install/Yolo_Handle/share/ament_index/resource_index/package_run_dependencies/Yolo_Handle
[0.219s] -- Up-to-date symlink: /home/mechax/AAAmy_ws/1.18/radar_station/install/Yolo_Handle/share/ament_index/resource_index/parent_prefix_path/Yolo_Handle
[0.219s] -- Up-to-date symlink: /home/mechax/AAAmy_ws/1.18/radar_station/install/Yolo_Handle/share/Yolo_Handle/environment/ament_prefix_path.sh
[0.219s] -- Up-to-date symlink: /home/mechax/AAAmy_ws/1.18/radar_station/install/Yolo_Handle/share/Yolo_Handle/environment/ament_prefix_path.dsv
[0.219s] -- Up-to-date symlink: /home/mechax/AAAmy_ws/1.18/radar_station/install/Yolo_Handle/share/Yolo_Handle/environment/path.sh
[0.219s] -- Up-to-date symlink: /home/mechax/AAAmy_ws/1.18/radar_station/install/Yolo_Handle/share/Yolo_Handle/environment/path.dsv
[0.219s] -- Up-to-date symlink: /home/mechax/AAAmy_ws/1.18/radar_station/install/Yolo_Handle/share/Yolo_Handle/local_setup.bash
[0.219s] -- Up-to-date symlink: /home/mechax/AAAmy_ws/1.18/radar_station/install/Yolo_Handle/share/Yolo_Handle/local_setup.sh
[0.219s] -- Up-to-date symlink: /home/mechax/AAAmy_ws/1.18/radar_station/install/Yolo_Handle/share/Yolo_Handle/local_setup.zsh
[0.219s] -- Up-to-date symlink: /home/mechax/AAAmy_ws/1.18/radar_station/install/Yolo_Handle/share/Yolo_Handle/local_setup.dsv
[0.220s] -- Symlinking: /home/mechax/AAAmy_ws/1.18/radar_station/install/Yolo_Handle/share/Yolo_Handle/package.dsv
[0.234s] -- Up-to-date symlink: /home/mechax/AAAmy_ws/1.18/radar_station/install/Yolo_Handle/share/ament_index/resource_index/packages/Yolo_Handle
[0.234s] -- Up-to-date symlink: /home/mechax/AAAmy_ws/1.18/radar_station/install/Yolo_Handle/share/Yolo_Handle/cmake/Yolo_HandleConfig.cmake
[0.234s] -- Up-to-date symlink: /home/mechax/AAAmy_ws/1.18/radar_station/install/Yolo_Handle/share/Yolo_Handle/cmake/Yolo_HandleConfig-version.cmake
[0.234s] -- Up-to-date symlink: /home/mechax/AAAmy_ws/1.18/radar_station/install/Yolo_Handle/share/Yolo_Handle/package.xml
[0.237s] Invoked command in '/home/mechax/AAAmy_ws/1.18/radar_station/build/Yolo_Handle' returned '0': CMAKE_PREFIX_PATH=${CMAKE_PREFIX_PATH}:/opt/ros/humble /usr/bin/cmake --install /home/mechax/AAAmy_ws/1.18/radar_station/build/Yolo_Handle
