[0.036s] Invoking command in '/home/mechax/zyb/radar_station/build/get_depth': AMENT_PREFIX_PATH=/home/mechax/zyb/radar_station/install/my_msgss:${AMENT_PREFIX_PATH} CMAKE_PREFIX_PATH=/home/mechax/zyb/radar_station/install/my_msgss:/home/mechax/ws_livox/install/livox_ros2_driver:/home/mechax/ws_livox/install/livox_sdk_vendor:/home/mechax/ws_livox/install/livox_interfaces:/opt/ros/humble LD_LIBRARY_PATH=/home/mechax/zyb/radar_station/install/my_msgss/lib:${LD_LIBRARY_PATH} PYTHONPATH=/home/mechax/zyb/radar_station/install/my_msgss/local/lib/python3.10/dist-packages:${PYTHONPATH} /usr/bin/cmake --build /home/mechax/zyb/radar_station/build/get_depth -- -j16 -l16
[0.054s] -- Found ament_cmake: 1.3.6 (/opt/ros/humble/share/ament_cmake/cmake)
[0.149s] -- Found rclcpp: 16.0.7 (/opt/ros/humble/share/rclcpp/cmake)
[0.167s] -- Found rosidl_generator_c: 3.1.5 (/opt/ros/humble/share/rosidl_generator_c/cmake)
[0.168s] -- Found rosidl_adapter: 3.1.5 (/opt/ros/humble/share/rosidl_adapter/cmake)
[0.172s] -- Found rosidl_generator_cpp: 3.1.5 (/opt/ros/humble/share/rosidl_generator_cpp/cmake)
[0.178s] -- Using all available rosidl_typesupport_c: rosidl_typesupport_fastrtps_c;rosidl_typesupport_introspection_c
[0.186s] -- Using all available rosidl_typesupport_cpp: rosidl_typesupport_fastrtps_cpp;rosidl_typesupport_introspection_cpp
[0.220s] -- Found rmw_implementation_cmake: 6.1.1 (/opt/ros/humble/share/rmw_implementation_cmake/cmake)
[0.222s] -- Found rmw_fastrtps_cpp: 6.2.5 (/opt/ros/humble/share/rmw_fastrtps_cpp/cmake)
[0.292s] -- Using RMW implementation 'rmw_fastrtps_cpp' as default
[0.380s] -- Found rclpy: 3.3.11 (/opt/ros/humble/share/rclpy/cmake)
[0.380s] -- Found cv_bridge: 3.2.1 (/opt/ros/humble/share/cv_bridge/cmake)
[0.463s] -- Eigen found (include: /usr/include/eigen3, version: 3.4.0)
[0.481s] -- FLANN found (include: /usr/include, lib: /usr/lib/x86_64-linux-gnu/libflann_cpp.so)
[0.650s] -- OpenNI found (version: 1.5.4.0, include: /usr/include/ni, lib: /usr/lib/libOpenNI.so;libusb::libusb)
[0.653s] -- OpenNI2 found (version: 2.2.0.33, include: /usr/include/openni2, lib: /usr/lib/x86_64-linux-gnu/libOpenNI2.so;libusb::libusb)
[0.654s] [0m** WARNING ** io features related to pcap will be disabled[0m
[0.739s] -- Eigen found (include: /usr/include/eigen3, version: 3.4.0)
[0.743s] -- OpenNI found (version: 1.5.4.0, include: /usr/include/ni, lib: /usr/lib/libOpenNI.so;libusb::libusb)
[0.746s] -- OpenNI2 found (version: 2.2.0.33, include: /usr/include/openni2, lib: /usr/lib/x86_64-linux-gnu/libOpenNI2.so;libusb::libusb)
[0.825s] -- Found Qhull version 8.0.2
[0.909s] -- OpenNI found (version: 1.5.4.0, include: /usr/include/ni, lib: /usr/lib/libOpenNI.so;libusb::libusb)
[0.989s] -- looking for PCL_COMMON
[0.990s] -- looking for PCL_KDTREE
[0.990s] -- looking for PCL_OCTREE
[0.990s] -- looking for PCL_SEARCH
[0.990s] -- looking for PCL_SAMPLE_CONSENSUS
[0.990s] -- looking for PCL_FILTERS
[0.991s] -- looking for PCL_2D
[0.991s] -- looking for PCL_GEOMETRY
[0.991s] -- looking for PCL_IO
[0.991s] -- looking for PCL_FEATURES
[0.991s] -- looking for PCL_ML
[0.991s] -- looking for PCL_SEGMENTATION
[0.992s] -- looking for PCL_VISUALIZATION
[0.992s] -- looking for PCL_SURFACE
[0.992s] -- looking for PCL_REGISTRATION
[0.992s] -- looking for PCL_KEYPOINTS
[0.993s] -- looking for PCL_TRACKING
[0.993s] -- looking for PCL_RECOGNITION
[0.993s] -- looking for PCL_STEREO
[0.993s] -- looking for PCL_APPS
[0.994s] -- looking for PCL_IN_HAND_SCANNER
[0.994s] -- looking for PCL_MODELER
[0.994s] -- looking for PCL_POINT_CLOUD_EDITOR
[0.994s] -- looking for PCL_OUTOFCORE
[0.994s] -- looking for PCL_PEOPLE
[0.996s] -- Found my_msgss: 0.0.0 (/home/mechax/zyb/radar_station/install/my_msgss/share/my_msgss/cmake)
[1.004s] -- Found pcl_conversions: 2.4.0 (/opt/ros/humble/share/pcl_conversions/cmake)
[1.154s] -- Configuring done
[1.171s] -- Generating done
[1.173s] -- Build files have been written to: /home/mechax/zyb/radar_station/build/get_depth
[1.193s] [35m[1mConsolidate compiler generated dependencies of target get_depth_node[0m
[1.211s] [ 50%] [32m[1mLinking CXX executable get_depth_node[0m
[3.233s] [100%] Built target get_depth_node
[3.240s] Invoked command in '/home/mechax/zyb/radar_station/build/get_depth' returned '0': AMENT_PREFIX_PATH=/home/mechax/zyb/radar_station/install/my_msgss:${AMENT_PREFIX_PATH} CMAKE_PREFIX_PATH=/home/mechax/zyb/radar_station/install/my_msgss:/home/mechax/ws_livox/install/livox_ros2_driver:/home/mechax/ws_livox/install/livox_sdk_vendor:/home/mechax/ws_livox/install/livox_interfaces:/opt/ros/humble LD_LIBRARY_PATH=/home/mechax/zyb/radar_station/install/my_msgss/lib:${LD_LIBRARY_PATH} PYTHONPATH=/home/mechax/zyb/radar_station/install/my_msgss/local/lib/python3.10/dist-packages:${PYTHONPATH} /usr/bin/cmake --build /home/mechax/zyb/radar_station/build/get_depth -- -j16 -l16
[3.255s] Invoking command in '/home/mechax/zyb/radar_station/build/get_depth': AMENT_PREFIX_PATH=/home/mechax/zyb/radar_station/install/my_msgss:${AMENT_PREFIX_PATH} CMAKE_PREFIX_PATH=/home/mechax/zyb/radar_station/install/my_msgss:/home/mechax/ws_livox/install/livox_ros2_driver:/home/mechax/ws_livox/install/livox_sdk_vendor:/home/mechax/ws_livox/install/livox_interfaces:/opt/ros/humble LD_LIBRARY_PATH=/home/mechax/zyb/radar_station/install/my_msgss/lib:${LD_LIBRARY_PATH} PYTHONPATH=/home/mechax/zyb/radar_station/install/my_msgss/local/lib/python3.10/dist-packages:${PYTHONPATH} /usr/bin/cmake --install /home/mechax/zyb/radar_station/build/get_depth
[3.259s] -- Install configuration: ""
[3.259s] -- Up-to-date: /home/mechax/zyb/radar_station/install/get_depth/share/ament_index/resource_index/package_run_dependencies/get_depth
[3.259s] -- Installing: /home/mechax/zyb/radar_station/install/get_depth/share/ament_index/resource_index/parent_prefix_path/get_depth
[3.259s] -- Up-to-date: /home/mechax/zyb/radar_station/install/get_depth/share/get_depth/environment/ament_prefix_path.sh
[3.260s] -- Installing: /home/mechax/zyb/radar_station/install/get_depth/share/get_depth/environment/ament_prefix_path.dsv
[3.260s] -- Up-to-date: /home/mechax/zyb/radar_station/install/get_depth/share/get_depth/environment/path.sh
[3.260s] -- Installing: /home/mechax/zyb/radar_station/install/get_depth/share/get_depth/environment/path.dsv
[3.260s] -- Up-to-date: /home/mechax/zyb/radar_station/install/get_depth/share/get_depth/local_setup.bash
[3.260s] -- Up-to-date: /home/mechax/zyb/radar_station/install/get_depth/share/get_depth/local_setup.sh
[3.260s] -- Up-to-date: /home/mechax/zyb/radar_station/install/get_depth/share/get_depth/local_setup.zsh
[3.260s] -- Installing: /home/mechax/zyb/radar_station/install/get_depth/share/get_depth/local_setup.dsv
[3.260s] -- Installing: /home/mechax/zyb/radar_station/install/get_depth/share/get_depth/package.dsv
[3.261s] -- Up-to-date: /home/mechax/zyb/radar_station/install/get_depth/share/ament_index/resource_index/packages/get_depth
[3.261s] -- Up-to-date: /home/mechax/zyb/radar_station/install/get_depth/share/get_depth/cmake/get_depthConfig.cmake
[3.261s] -- Up-to-date: /home/mechax/zyb/radar_station/install/get_depth/share/get_depth/cmake/get_depthConfig-version.cmake
[3.261s] -- Up-to-date: /home/mechax/zyb/radar_station/install/get_depth/share/get_depth/package.xml
[3.261s] Invoked command in '/home/mechax/zyb/radar_station/build/get_depth' returned '0': AMENT_PREFIX_PATH=/home/mechax/zyb/radar_station/install/my_msgss:${AMENT_PREFIX_PATH} CMAKE_PREFIX_PATH=/home/mechax/zyb/radar_station/install/my_msgss:/home/mechax/ws_livox/install/livox_ros2_driver:/home/mechax/ws_livox/install/livox_sdk_vendor:/home/mechax/ws_livox/install/livox_interfaces:/opt/ros/humble LD_LIBRARY_PATH=/home/mechax/zyb/radar_station/install/my_msgss/lib:${LD_LIBRARY_PATH} PYTHONPATH=/home/mechax/zyb/radar_station/install/my_msgss/local/lib/python3.10/dist-packages:${PYTHONPATH} /usr/bin/cmake --install /home/mechax/zyb/radar_station/build/get_depth
