[0.077s] Invoking command in '/home/mechax/zyb/radar_station/build/Yolo_Handle': CMAKE_PREFIX_PATH=${CMAKE_PREFIX_PATH}:/opt/ros/humble /usr/bin/cmake /home/mechax/zyb/radar_station/src/Yolo_Handle -DCMAKE_INSTALL_PREFIX=/home/mechax/zyb/radar_station/install/Yolo_Handle
[0.112s] -- The C compiler identification is GNU 11.4.0
[0.147s] -- The CXX compiler identification is GNU 11.4.0
[0.153s] -- Detecting C compiler ABI info
[0.198s] -- Detecting C compiler ABI info - done
[0.202s] -- Check for working C compiler: /usr/bin/cc - skipped
[0.202s] -- Detecting C compile features
[0.202s] -- Detecting C compile features - done
[0.204s] -- Detecting CXX compiler ABI info
[0.259s] -- Detecting CXX compiler ABI info - done
[0.263s] -- Check for working CXX compiler: /usr/bin/c++ - skipped
[0.263s] -- Detecting CXX compile features
[0.263s] -- Detecting CXX compile features - done
[0.265s] -- Found ament_cmake: 1.3.6 (/opt/ros/humble/share/ament_cmake/cmake)
[0.384s] -- Found Python3: /usr/bin/python3.10 (found version "3.10.12") found components: Interpreter 
[0.441s] -- Found ament_lint_auto: 0.12.9 (/opt/ros/humble/share/ament_lint_auto/cmake)
[0.475s] WARNING: Package name "Yolo_Handle" does not follow the naming conventions. It should start with a lower case letter and only contain lower case letters, digits, underscores, and dashes.
[0.491s] -- Added test 'cppcheck' to perform static code analysis on C / C++ code
[0.491s] -- Configured cppcheck include dirs: 
[0.491s] -- Configured cppcheck exclude dirs and/or files: 
[0.491s] -- Added test 'lint_cmake' to check CMake code style
[0.492s] -- Added test 'uncrustify' to check C / C++ code style
[0.492s] -- Configured uncrustify additional arguments: 
[0.492s] -- Added test 'xmllint' to check XML markup files
[0.493s] -- Configuring done
[0.495s] -- Generating done
[0.495s] -- Build files have been written to: /home/mechax/zyb/radar_station/build/Yolo_Handle
[0.498s] Invoked command in '/home/mechax/zyb/radar_station/build/Yolo_Handle' returned '0': CMAKE_PREFIX_PATH=${CMAKE_PREFIX_PATH}:/opt/ros/humble /usr/bin/cmake /home/mechax/zyb/radar_station/src/Yolo_Handle -DCMAKE_INSTALL_PREFIX=/home/mechax/zyb/radar_station/install/Yolo_Handle
[0.500s] Invoking command in '/home/mechax/zyb/radar_station/build/Yolo_Handle': CMAKE_PREFIX_PATH=${CMAKE_PREFIX_PATH}:/opt/ros/humble /usr/bin/cmake --build /home/mechax/zyb/radar_station/build/Yolo_Handle -- -j16 -l16
[0.522s] Invoked command in '/home/mechax/zyb/radar_station/build/Yolo_Handle' returned '0': CMAKE_PREFIX_PATH=${CMAKE_PREFIX_PATH}:/opt/ros/humble /usr/bin/cmake --build /home/mechax/zyb/radar_station/build/Yolo_Handle -- -j16 -l16
[0.543s] Invoking command in '/home/mechax/zyb/radar_station/build/Yolo_Handle': CMAKE_PREFIX_PATH=${CMAKE_PREFIX_PATH}:/opt/ros/humble /usr/bin/cmake --install /home/mechax/zyb/radar_station/build/Yolo_Handle
[0.548s] -- Install configuration: ""
[0.548s] -- Installing: /home/mechax/zyb/radar_station/install/Yolo_Handle/share/ament_index/resource_index/package_run_dependencies/Yolo_Handle
[0.548s] -- Installing: /home/mechax/zyb/radar_station/install/Yolo_Handle/share/ament_index/resource_index/parent_prefix_path/Yolo_Handle
[0.549s] -- Installing: /home/mechax/zyb/radar_station/install/Yolo_Handle/share/Yolo_Handle/environment/ament_prefix_path.sh
[0.549s] -- Installing: /home/mechax/zyb/radar_station/install/Yolo_Handle/share/Yolo_Handle/environment/ament_prefix_path.dsv
[0.549s] -- Installing: /home/mechax/zyb/radar_station/install/Yolo_Handle/share/Yolo_Handle/environment/path.sh
[0.549s] -- Installing: /home/mechax/zyb/radar_station/install/Yolo_Handle/share/Yolo_Handle/environment/path.dsv
[0.549s] -- Installing: /home/mechax/zyb/radar_station/install/Yolo_Handle/share/Yolo_Handle/local_setup.bash
[0.549s] -- Installing: /home/mechax/zyb/radar_station/install/Yolo_Handle/share/Yolo_Handle/local_setup.sh
[0.549s] -- Installing: /home/mechax/zyb/radar_station/install/Yolo_Handle/share/Yolo_Handle/local_setup.zsh
[0.549s] -- Installing: /home/mechax/zyb/radar_station/install/Yolo_Handle/share/Yolo_Handle/local_setup.dsv
[0.549s] -- Installing: /home/mechax/zyb/radar_station/install/Yolo_Handle/share/Yolo_Handle/package.dsv
[0.549s] -- Installing: /home/mechax/zyb/radar_station/install/Yolo_Handle/share/ament_index/resource_index/packages/Yolo_Handle
[0.549s] -- Installing: /home/mechax/zyb/radar_station/install/Yolo_Handle/share/Yolo_Handle/cmake/Yolo_HandleConfig.cmake
[0.549s] -- Installing: /home/mechax/zyb/radar_station/install/Yolo_Handle/share/Yolo_Handle/cmake/Yolo_HandleConfig-version.cmake
[0.549s] -- Installing: /home/mechax/zyb/radar_station/install/Yolo_Handle/share/Yolo_Handle/package.xml
[0.550s] Invoked command in '/home/mechax/zyb/radar_station/build/Yolo_Handle' returned '0': CMAKE_PREFIX_PATH=${CMAKE_PREFIX_PATH}:/opt/ros/humble /usr/bin/cmake --install /home/mechax/zyb/radar_station/build/Yolo_Handle
