[0.037s] Invoking command in '/home/mechax/zyb/radar_station/src/Img_Handle/build/Img_Handle': CMAKE_PREFIX_PATH=${CMAKE_PREFIX_PATH}:/opt/ros/humble /usr/bin/cmake --build /home/mechax/zyb/radar_station/src/Img_Handle/build/Img_Handle -- -j16 -l16
[0.061s] [35m[1mConsolidate compiler generated dependencies of target Img_Sub[0m
[0.068s] [ 50%] Built target Img_Pub
[0.072s] [100%] Built target Img_Sub
[0.079s] Invoked command in '/home/mechax/zyb/radar_station/src/Img_Handle/build/Img_Handle' returned '0': CMAKE_PREFIX_PATH=${CMAKE_PREFIX_PATH}:/opt/ros/humble /usr/bin/cmake --build /home/mechax/zyb/radar_station/src/Img_Handle/build/Img_Handle -- -j16 -l16
[0.097s] Invoking command in '/home/mechax/zyb/radar_station/src/Img_Handle/build/Img_Handle': CMAKE_PREFIX_PATH=${CMAKE_PREFIX_PATH}:/opt/ros/humble /usr/bin/cmake --install /home/mechax/zyb/radar_station/src/Img_Handle/build/Img_Handle
[0.101s] -- Install configuration: ""
[0.101s] -- Up-to-date: /home/mechax/zyb/radar_station/src/Img_Handle/install/Img_Handle/lib/Img_Handle/Img_Pub
[0.101s] -- Up-to-date: /home/mechax/zyb/radar_station/src/Img_Handle/install/Img_Handle/lib/Img_Handle/Img_Sub
[0.101s] -- Up-to-date: /home/mechax/zyb/radar_station/src/Img_Handle/install/Img_Handle/share/ament_index/resource_index/package_run_dependencies/Img_Handle
[0.101s] -- Up-to-date: /home/mechax/zyb/radar_station/src/Img_Handle/install/Img_Handle/share/ament_index/resource_index/parent_prefix_path/Img_Handle
[0.101s] -- Up-to-date: /home/mechax/zyb/radar_station/src/Img_Handle/install/Img_Handle/share/Img_Handle/environment/ament_prefix_path.sh
[0.101s] -- Up-to-date: /home/mechax/zyb/radar_station/src/Img_Handle/install/Img_Handle/share/Img_Handle/environment/ament_prefix_path.dsv
[0.101s] -- Up-to-date: /home/mechax/zyb/radar_station/src/Img_Handle/install/Img_Handle/share/Img_Handle/environment/path.sh
[0.101s] -- Up-to-date: /home/mechax/zyb/radar_station/src/Img_Handle/install/Img_Handle/share/Img_Handle/environment/path.dsv
[0.101s] -- Up-to-date: /home/mechax/zyb/radar_station/src/Img_Handle/install/Img_Handle/share/Img_Handle/local_setup.bash
[0.101s] -- Up-to-date: /home/mechax/zyb/radar_station/src/Img_Handle/install/Img_Handle/share/Img_Handle/local_setup.sh
[0.101s] -- Up-to-date: /home/mechax/zyb/radar_station/src/Img_Handle/install/Img_Handle/share/Img_Handle/local_setup.zsh
[0.101s] -- Up-to-date: /home/mechax/zyb/radar_station/src/Img_Handle/install/Img_Handle/share/Img_Handle/local_setup.dsv
[0.101s] -- Installing: /home/mechax/zyb/radar_station/src/Img_Handle/install/Img_Handle/share/Img_Handle/package.dsv
[0.101s] -- Up-to-date: /home/mechax/zyb/radar_station/src/Img_Handle/install/Img_Handle/share/ament_index/resource_index/packages/Img_Handle
[0.101s] -- Up-to-date: /home/mechax/zyb/radar_station/src/Img_Handle/install/Img_Handle/share/Img_Handle/cmake/Img_HandleConfig.cmake
[0.101s] -- Up-to-date: /home/mechax/zyb/radar_station/src/Img_Handle/install/Img_Handle/share/Img_Handle/cmake/Img_HandleConfig-version.cmake
[0.101s] -- Up-to-date: /home/mechax/zyb/radar_station/src/Img_Handle/install/Img_Handle/share/Img_Handle/package.xml
[0.102s] Invoked command in '/home/mechax/zyb/radar_station/src/Img_Handle/build/Img_Handle' returned '0': CMAKE_PREFIX_PATH=${CMAKE_PREFIX_PATH}:/opt/ros/humble /usr/bin/cmake --install /home/mechax/zyb/radar_station/src/Img_Handle/build/Img_Handle
