[35m[1mConsolidate compiler generated dependencies of target main[0m
[35m[1mConsolidate compiler generated dependencies of target Img_Pub[0m
[35m[1mConsolidate compiler generated dependencies of target Img_Sub[0m
[ 37%] Built target main
[ 62%] Built target Img_Pub
[ 75%] [32mBuilding CXX object CMakeFiles/Img_Sub.dir/src/img_sub.cpp.o[0m
[01m[K/home/mechax/zyb/radar_station/src/Img_Handle/src/img_sub.cpp:[m[K In member function ‘[01m[Kvoid Img_Sub::yolo_armor_identify()[m[K’:
[01m[K/home/mechax/zyb/radar_station/src/Img_Handle/src/img_sub.cpp:107:22:[m[K [01;35m[Kwarning: [m[Kcomparison of integer expressions of different signedness: ‘[01m[Kint[m[K’ and ‘[01m[Kstd::vector<Detection>::size_type[m[K’ {aka ‘[01m[Klong unsigned int[m[K’} [[01;35m[K]8;;https://gcc.gnu.org/onlinedocs/gcc/Warning-Options.html#index-Wsign-compare-Wsign-compare]8;;[m[K]
  107 |     for(int i = 0; [01;35m[Ki < this->robot_output.size()[m[K; i++)
      |                    [01;35m[K~~^~~~~~~~~~~~~~~~~~~~~~~~~~~[m[K
[01m[K/home/mechax/zyb/radar_station/src/Img_Handle/src/img_sub.cpp:[m[K In member function ‘[01m[Kvoid Img_Sub::draw_img()[m[K’:
[01m[K/home/mechax/zyb/radar_station/src/Img_Handle/src/img_sub.cpp:162:20:[m[K [01;35m[Kwarning: [m[Kcomparison of integer expressions of different signedness: ‘[01m[Kint[m[K’ and ‘[01m[Kstd::vector<my_msgss::msg::Yolopoint_<std::allocator<void> >, std::allocator<my_msgss::msg::Yolopoint_<std::allocator<void> > > >::size_type[m[K’ {aka ‘[01m[Klong unsigned int[m[K’} [[01;35m[K]8;;https://gcc.gnu.org/onlinedocs/gcc/Warning-Options.html#index-Wsign-compare-Wsign-compare]8;;[m[K]
  162 |     for(int i =0 ;[01;35m[Ki<this->robot_boxes.size()[m[K;i++)
      |                   [01;35m[K~^~~~~~~~~~~~~~~~~~~~~~~~~[m[K
[ 87%] [32m[1mLinking CXX executable Img_Sub[0m
/usr/bin/ld: warning: libopencv_imgcodecs.so.4.5d, needed by /opt/ros/humble/lib/libcv_bridge.so, may conflict with libopencv_imgcodecs.so.408
/usr/bin/ld: warning: libopencv_imgproc.so.4.5d, needed by /opt/ros/humble/lib/libcv_bridge.so, may conflict with libopencv_imgproc.so.408
/usr/bin/ld: warning: libopencv_core.so.4.5d, needed by /opt/ros/humble/lib/libcv_bridge.so, may conflict with libopencv_core.so.408
[100%] Built target Img_Sub
-- Install configuration: ""
-- Up-to-date: /home/mechax/zyb/radar_station/install/Img_Handle/lib/Img_Handle/Img_Pub
-- Installing: /home/mechax/zyb/radar_station/install/Img_Handle/lib/Img_Handle/Img_Sub
-- Set runtime path of "/home/mechax/zyb/radar_station/install/Img_Handle/lib/Img_Handle/Img_Sub" to ""
-- Up-to-date: /home/mechax/zyb/radar_station/install/Img_Handle/lib/Img_Handle/main
-- Up-to-date: /home/mechax/zyb/radar_station/install/Img_Handle/share/ament_index/resource_index/package_run_dependencies/Img_Handle
-- Up-to-date: /home/mechax/zyb/radar_station/install/Img_Handle/share/ament_index/resource_index/parent_prefix_path/Img_Handle
-- Up-to-date: /home/mechax/zyb/radar_station/install/Img_Handle/share/Img_Handle/environment/ament_prefix_path.sh
-- Up-to-date: /home/mechax/zyb/radar_station/install/Img_Handle/share/Img_Handle/environment/ament_prefix_path.dsv
-- Up-to-date: /home/mechax/zyb/radar_station/install/Img_Handle/share/Img_Handle/environment/path.sh
-- Up-to-date: /home/mechax/zyb/radar_station/install/Img_Handle/share/Img_Handle/environment/path.dsv
-- Up-to-date: /home/mechax/zyb/radar_station/install/Img_Handle/share/Img_Handle/local_setup.bash
-- Up-to-date: /home/mechax/zyb/radar_station/install/Img_Handle/share/Img_Handle/local_setup.sh
-- Up-to-date: /home/mechax/zyb/radar_station/install/Img_Handle/share/Img_Handle/local_setup.zsh
-- Up-to-date: /home/mechax/zyb/radar_station/install/Img_Handle/share/Img_Handle/local_setup.dsv
-- Installing: /home/mechax/zyb/radar_station/install/Img_Handle/share/Img_Handle/package.dsv
-- Up-to-date: /home/mechax/zyb/radar_station/install/Img_Handle/share/ament_index/resource_index/packages/Img_Handle
-- Up-to-date: /home/mechax/zyb/radar_station/install/Img_Handle/share/Img_Handle/cmake/Img_HandleConfig.cmake
-- Up-to-date: /home/mechax/zyb/radar_station/install/Img_Handle/share/Img_Handle/cmake/Img_HandleConfig-version.cmake
-- Up-to-date: /home/mechax/zyb/radar_station/install/Img_Handle/share/Img_Handle/package.xml
