[ 12%] [34m[1mAutomatic MOC and UIC for target Qt5_displayer[0m
[ 12%] Built target Qt5_displayer_autogen
[35m[1mConsolidate compiler generated dependencies of target Qt5_displayer[0m
[ 25%] [32mBuilding CXX object CMakeFiles/Qt5_displayer.dir/src/main.cpp.o[0m
[ 37%] [32mBuilding CXX object CMakeFiles/Qt5_displayer.dir/src/radarstation.cpp.o[0m
[ 50%] [32mBuilding CXX object CMakeFiles/Qt5_displayer.dir/Qt5_displayer_autogen/mocs_compilation.cpp.o[0m
[ 62%] [32mBuilding CXX object CMakeFiles/Qt5_displayer.dir/src/qtnode.cpp.o[0m
In file included from [01m[K/home/mechax/zyb/radar_station/src/Qt5_displayer/src/qtnode.cpp:1[m[K:
[01m[K/home/mechax/zyb/radar_station/src/Qt5_displayer/include/qtnode.hpp:1:10:[m[K [01;31m[Kfatal error: [m[KQThead: No such file or directory
    1 | #include [01;31m[K<QThead>[m[K
      |          [01;31m[K^~~~~~~~[m[K
compilation terminated.
gmake[2]: *** [CMakeFiles/Qt5_displayer.dir/build.make:118: CMakeFiles/Qt5_displayer.dir/src/qtnode.cpp.o] Error 1
gmake[2]: *** Waiting for unfinished jobs....
In file included from [01m[K/home/mechax/zyb/radar_station/src/Qt5_displayer/include/radarstation.h:8[m[K,
                 from [01m[K/home/mechax/zyb/radar_station/src/Qt5_displayer/src/radarstation.cpp:1[m[K:
[01m[K/home/mechax/zyb/radar_station/src/Qt5_displayer/include/qtnode.hpp:1:10:[m[K [01;31m[Kfatal error: [m[KQThead: No such file or directory
    1 | #include [01;31m[K<QThead>[m[K
      |          [01;31m[K^~~~~~~~[m[K
compilation terminated.
In file included from [01m[K/home/mechax/zyb/radar_station/build/Qt5_displayer/Qt5_displayer_autogen/6YEA5652QU/../../../../src/Qt5_displayer/include/radarstation.h:8[m[K,
                 from [01m[K/home/mechax/zyb/radar_station/build/Qt5_displayer/Qt5_displayer_autogen/6YEA5652QU/moc_radarstation.cpp:10[m[K,
                 from [01m[K/home/mechax/zyb/radar_station/build/Qt5_displayer/Qt5_displayer_autogen/mocs_compilation.cpp:3[m[K:
[01m[K/home/mechax/zyb/radar_station/build/Qt5_displayer/Qt5_displayer_autogen/6YEA5652QU/../../../../src/Qt5_displayer/include/qtnode.hpp:1:10:[m[K [01;31m[Kfatal error: [m[KQThead: No such file or directory
    1 | #include [01;31m[K<QThead>[m[K
      |          [01;31m[K^~~~~~~~[m[K
compilation terminated.
gmake[2]: *** [CMakeFiles/Qt5_displayer.dir/build.make:132: CMakeFiles/Qt5_displayer.dir/src/radarstation.cpp.o] Error 1
gmake[2]: *** [CMakeFiles/Qt5_displayer.dir/build.make:76: CMakeFiles/Qt5_displayer.dir/Qt5_displayer_autogen/mocs_compilation.cpp.o] Error 1
In file included from [01m[K/home/mechax/zyb/radar_station/src/Qt5_displayer/include/radarstation.h:8[m[K,
                 from [01m[K/home/mechax/zyb/radar_station/src/Qt5_displayer/src/main.cpp:1[m[K:
[01m[K/home/mechax/zyb/radar_station/src/Qt5_displayer/include/qtnode.hpp:1:10:[m[K [01;31m[Kfatal error: [m[KQThead: No such file or directory
    1 | #include [01;31m[K<QThead>[m[K
      |          [01;31m[K^~~~~~~~[m[K
compilation terminated.
gmake[2]: *** [CMakeFiles/Qt5_displayer.dir/build.make:90: CMakeFiles/Qt5_displayer.dir/src/main.cpp.o] Error 1
gmake[1]: *** [CMakeFiles/Makefile2:138: CMakeFiles/Qt5_displayer.dir/all] Error 2
gmake: *** [Makefile:146: all] Error 2
