[0.119s] Invoking command in '/home/mechax/zyb/radar_station/build/Qt5_displayer': CMAKE_PREFIX_PATH=${CMAKE_PREFIX_PATH}:/opt/ros/humble /usr/bin/cmake --build /home/mechax/zyb/radar_station/build/Qt5_displayer -- -j16 -l16
[0.149s] [ 12%] [34m[1mAutomatic MOC and UIC for target Qt5_displayer[0m
[0.436s] [ 12%] Built target Qt5_displayer_autogen
[0.443s] [35m[1mConsolidate compiler generated dependencies of target Qt5_displayer[0m
[0.453s] [ 25%] [32mBuilding CXX object CMakeFiles/Qt5_displayer.dir/src/main.cpp.o[0m
[0.453s] [ 37%] [32mBuilding CXX object CMakeFiles/Qt5_displayer.dir/src/radarstation.cpp.o[0m
[0.455s] [ 50%] [32mBuilding CXX object CMakeFiles/Qt5_displayer.dir/Qt5_displayer_autogen/mocs_compilation.cpp.o[0m
[0.457s] [ 62%] [32mBuilding CXX object CMakeFiles/Qt5_displayer.dir/src/qtnode.cpp.o[0m
[0.466s] In file included from [01m[K/home/mechax/zyb/radar_station/src/Qt5_displayer/src/qtnode.cpp:1[m[K:
[0.466s] [01m[K/home/mechax/zyb/radar_station/src/Qt5_displayer/include/qtnode.hpp:1:10:[m[K [01;31m[Kfatal error: [m[KQThead: No such file or directory
[0.466s]     1 | #include [01;31m[K<QThead>[m[K
[0.466s]       |          [01;31m[K^~~~~~~~[m[K
[0.466s] compilation terminated.
[0.466s] gmake[2]: *** [CMakeFiles/Qt5_displayer.dir/build.make:118: CMakeFiles/Qt5_displayer.dir/src/qtnode.cpp.o] Error 1
[0.466s] gmake[2]: *** Waiting for unfinished jobs....
[0.557s] In file included from [01m[K/home/mechax/zyb/radar_station/src/Qt5_displayer/include/radarstation.h:8[m[K,
[0.557s]                  from [01m[K/home/mechax/zyb/radar_station/src/Qt5_displayer/src/radarstation.cpp:1[m[K:
[0.558s] [01m[K/home/mechax/zyb/radar_station/src/Qt5_displayer/include/qtnode.hpp:1:10:[m[K [01;31m[Kfatal error: [m[KQThead: No such file or directory
[0.558s]     1 | #include [01;31m[K<QThead>[m[K
[0.558s]       |          [01;31m[K^~~~~~~~[m[K
[0.558s] compilation terminated.
[0.559s] In file included from [01m[K/home/mechax/zyb/radar_station/build/Qt5_displayer/Qt5_displayer_autogen/6YEA5652QU/../../../../src/Qt5_displayer/include/radarstation.h:8[m[K,
[0.559s]                  from [01m[K/home/mechax/zyb/radar_station/build/Qt5_displayer/Qt5_displayer_autogen/6YEA5652QU/moc_radarstation.cpp:10[m[K,
[0.559s]                  from [01m[K/home/mechax/zyb/radar_station/build/Qt5_displayer/Qt5_displayer_autogen/mocs_compilation.cpp:3[m[K:
[0.559s] [01m[K/home/mechax/zyb/radar_station/build/Qt5_displayer/Qt5_displayer_autogen/6YEA5652QU/../../../../src/Qt5_displayer/include/qtnode.hpp:1:10:[m[K [01;31m[Kfatal error: [m[KQThead: No such file or directory
[0.559s]     1 | #include [01;31m[K<QThead>[m[K
[0.559s]       |          [01;31m[K^~~~~~~~[m[K
[0.559s] compilation terminated.
[0.559s] gmake[2]: *** [CMakeFiles/Qt5_displayer.dir/build.make:132: CMakeFiles/Qt5_displayer.dir/src/radarstation.cpp.o] Error 1
[0.560s] gmake[2]: *** [CMakeFiles/Qt5_displayer.dir/build.make:76: CMakeFiles/Qt5_displayer.dir/Qt5_displayer_autogen/mocs_compilation.cpp.o] Error 1
[0.591s] In file included from [01m[K/home/mechax/zyb/radar_station/src/Qt5_displayer/include/radarstation.h:8[m[K,
[0.591s]                  from [01m[K/home/mechax/zyb/radar_station/src/Qt5_displayer/src/main.cpp:1[m[K:
[0.591s] [01m[K/home/mechax/zyb/radar_station/src/Qt5_displayer/include/qtnode.hpp:1:10:[m[K [01;31m[Kfatal error: [m[KQThead: No such file or directory
[0.591s]     1 | #include [01;31m[K<QThead>[m[K
[0.591s]       |          [01;31m[K^~~~~~~~[m[K
[0.591s] compilation terminated.
[0.593s] gmake[2]: *** [CMakeFiles/Qt5_displayer.dir/build.make:90: CMakeFiles/Qt5_displayer.dir/src/main.cpp.o] Error 1
[0.593s] gmake[1]: *** [CMakeFiles/Makefile2:138: CMakeFiles/Qt5_displayer.dir/all] Error 2
[0.593s] gmake: *** [Makefile:146: all] Error 2
[0.606s] Invoked command in '/home/mechax/zyb/radar_station/build/Qt5_displayer' returned '2': CMAKE_PREFIX_PATH=${CMAKE_PREFIX_PATH}:/opt/ros/humble /usr/bin/cmake --build /home/mechax/zyb/radar_station/build/Qt5_displayer -- -j16 -l16
