[0.080s] Invoking command in '/home/mechax/AAAmy_ws/1.18/radar_station/build/mindvision_camera': CMAKE_PREFIX_PATH=${CMAKE_PREFIX_PATH}:/opt/ros/humble /usr/bin/cmake --build /home/mechax/AAAmy_ws/1.18/radar_station/build/mindvision_camera -- -j16 -l16
[0.117s] [ 50%] Built target mindvision_camera_node
[0.123s] [100%] Built target mindvision_camera
[0.140s] Invoked command in '/home/mechax/AAAmy_ws/1.18/radar_station/build/mindvision_camera' returned '0': CMAKE_PREFIX_PATH=${CMAKE_PREFIX_PATH}:/opt/ros/humble /usr/bin/cmake --build /home/mechax/AAAmy_ws/1.18/radar_station/build/mindvision_camera -- -j16 -l16
[0.220s] Invoking command in '/home/mechax/AAAmy_ws/1.18/radar_station/build/mindvision_camera': CMAKE_PREFIX_PATH=${CMAKE_PREFIX_PATH}:/opt/ros/humble /usr/bin/cmake --install /home/mechax/AAAmy_ws/1.18/radar_station/build/mindvision_camera
[0.227s] -- Install configuration: ""
[0.228s] -- Execute custom install script
[0.228s] -- Up-to-date symlink: /home/mechax/AAAmy_ws/1.18/radar_station/install/mindvision_camera/lib/mindvision_camera/mindvision_camera_node
[0.229s] -- Up-to-date symlink: /home/mechax/AAAmy_ws/1.18/radar_station/install/mindvision_camera/share/mindvision_camera/environment/library_path.sh
[0.229s] -- Up-to-date symlink: /home/mechax/AAAmy_ws/1.18/radar_station/install/mindvision_camera/share/mindvision_camera/environment/library_path.dsv
[0.229s] -- Up-to-date symlink: /home/mechax/AAAmy_ws/1.18/radar_station/install/mindvision_camera/lib/libmindvision_camera.so
[0.230s] -- Up-to-date symlink: /home/mechax/AAAmy_ws/1.18/radar_station/install/mindvision_camera/share/mindvision_camera/config/camera_info.yaml
[0.230s] -- Up-to-date symlink: /home/mechax/AAAmy_ws/1.18/radar_station/install/mindvision_camera/share/mindvision_camera/config/camera_params.yaml
[0.230s] -- Up-to-date symlink: /home/mechax/AAAmy_ws/1.18/radar_station/install/mindvision_camera/share/mindvision_camera/launch/mv_launch.py
[0.230s] -- Up-to-date symlink: /home/mechax/AAAmy_ws/1.18/radar_station/install/mindvision_camera/share/ament_index/resource_index/package_run_dependencies/mindvision_camera
[0.231s] -- Up-to-date symlink: /home/mechax/AAAmy_ws/1.18/radar_station/install/mindvision_camera/share/ament_index/resource_index/parent_prefix_path/mindvision_camera
[0.231s] -- Up-to-date symlink: /home/mechax/AAAmy_ws/1.18/radar_station/install/mindvision_camera/share/mindvision_camera/environment/ament_prefix_path.sh
[0.231s] -- Up-to-date symlink: /home/mechax/AAAmy_ws/1.18/radar_station/install/mindvision_camera/share/mindvision_camera/environment/ament_prefix_path.dsv
[0.231s] -- Up-to-date symlink: /home/mechax/AAAmy_ws/1.18/radar_station/install/mindvision_camera/share/mindvision_camera/environment/path.sh
[0.231s] -- Up-to-date symlink: /home/mechax/AAAmy_ws/1.18/radar_station/install/mindvision_camera/share/mindvision_camera/environment/path.dsv
[0.231s] -- Up-to-date symlink: /home/mechax/AAAmy_ws/1.18/radar_station/install/mindvision_camera/share/mindvision_camera/local_setup.bash
[0.231s] -- Up-to-date symlink: /home/mechax/AAAmy_ws/1.18/radar_station/install/mindvision_camera/share/mindvision_camera/local_setup.sh
[0.232s] -- Up-to-date symlink: /home/mechax/AAAmy_ws/1.18/radar_station/install/mindvision_camera/share/mindvision_camera/local_setup.zsh
[0.232s] -- Up-to-date symlink: /home/mechax/AAAmy_ws/1.18/radar_station/install/mindvision_camera/share/mindvision_camera/local_setup.dsv
[0.232s] -- Symlinking: /home/mechax/AAAmy_ws/1.18/radar_station/install/mindvision_camera/share/mindvision_camera/package.dsv
[0.242s] -- Up-to-date symlink: /home/mechax/AAAmy_ws/1.18/radar_station/install/mindvision_camera/share/ament_index/resource_index/packages/mindvision_camera
[0.243s] -- Up-to-date symlink: /home/mechax/AAAmy_ws/1.18/radar_station/install/mindvision_camera/share/ament_index/resource_index/rclcpp_components/mindvision_camera
[0.243s] -- Up-to-date symlink: /home/mechax/AAAmy_ws/1.18/radar_station/install/mindvision_camera/share/mindvision_camera/cmake/ament_cmake_export_dependencies-extras.cmake
[0.243s] -- Up-to-date symlink: /home/mechax/AAAmy_ws/1.18/radar_station/install/mindvision_camera/share/mindvision_camera/cmake/ament_cmake_export_libraries-extras.cmake
[0.243s] -- Up-to-date symlink: /home/mechax/AAAmy_ws/1.18/radar_station/install/mindvision_camera/share/mindvision_camera/cmake/mindvision_cameraConfig.cmake
[0.244s] -- Up-to-date symlink: /home/mechax/AAAmy_ws/1.18/radar_station/install/mindvision_camera/share/mindvision_camera/cmake/mindvision_cameraConfig-version.cmake
[0.244s] -- Up-to-date symlink: /home/mechax/AAAmy_ws/1.18/radar_station/install/mindvision_camera/share/mindvision_camera/package.xml
[0.303s] Invoked command in '/home/mechax/AAAmy_ws/1.18/radar_station/build/mindvision_camera' returned '0': CMAKE_PREFIX_PATH=${CMAKE_PREFIX_PATH}:/opt/ros/humble /usr/bin/cmake --install /home/mechax/AAAmy_ws/1.18/radar_station/build/mindvision_camera
