[0.039s] Invoking command in '/home/mechax/zyb/radar_station/src/Get_Camera_Img/build/Get_Camera_Img': CMAKE_PREFIX_PATH=${CMAKE_PREFIX_PATH}:/opt/ros/humble /usr/bin/cmake --build /home/mechax/zyb/radar_station/src/Get_Camera_Img/build/Get_Camera_Img -- -j16 -l16
[0.055s] -- Found ament_cmake: 1.3.6 (/opt/ros/humble/share/ament_cmake/cmake)
[0.138s] -- Found rclcpp: 16.0.7 (/opt/ros/humble/share/rclcpp/cmake)
[0.155s] -- Found rosidl_generator_c: 3.1.5 (/opt/ros/humble/share/rosidl_generator_c/cmake)
[0.156s] -- Found rosidl_adapter: 3.1.5 (/opt/ros/humble/share/rosidl_adapter/cmake)
[0.159s] -- Found rosidl_generator_cpp: 3.1.5 (/opt/ros/humble/share/rosidl_generator_cpp/cmake)
[0.165s] -- Using all available rosidl_typesupport_c: rosidl_typesupport_fastrtps_c;rosidl_typesupport_introspection_c
[0.174s] -- Using all available rosidl_typesupport_cpp: rosidl_typesupport_fastrtps_cpp;rosidl_typesupport_introspection_cpp
[0.205s] -- Found rmw_implementation_cmake: 6.1.1 (/opt/ros/humble/share/rmw_implementation_cmake/cmake)
[0.206s] -- Found rmw_fastrtps_cpp: 6.2.5 (/opt/ros/humble/share/rmw_fastrtps_cpp/cmake)
[0.273s] -- Using RMW implementation 'rmw_fastrtps_cpp' as default
[0.360s] -- Found sensor_msgs: 4.2.3 (/opt/ros/humble/share/sensor_msgs/cmake)
[0.432s] -- Found cv_bridge: 3.2.1 (/opt/ros/humble/share/cv_bridge/cmake)
[0.436s] -- Found ament_lint_auto: 0.12.9 (/opt/ros/humble/share/ament_lint_auto/cmake)
[0.468s] WARNING: Package name "Get_Camera_Img" does not follow the naming conventions. It should start with a lower case letter and only contain lower case letters, digits, underscores, and dashes.
[0.486s] -- Added test 'cppcheck' to perform static code analysis on C / C++ code
[0.486s] -- Configured cppcheck include dirs: /home/mechax/zyb/radar_station/src/Get_Camera_Img/include
[0.486s] -- Configured cppcheck exclude dirs and/or files: 
[0.488s] -- Added test 'flake8' to check Python code syntax and style conventions
[0.490s] -- Added test 'lint_cmake' to check CMake code style
[0.491s] -- Added test 'pep257' to check Python code against some of the docstring style conventions in PEP 257
[0.500s] -- Added test 'uncrustify' to check C / C++ code style
[0.500s] -- Configured uncrustify additional arguments: 
[0.502s] -- Added test 'xmllint' to check XML markup files
[0.502s] -- Configuring done
[0.509s] -- Generating done
[0.509s] -- Build files have been written to: /home/mechax/zyb/radar_station/src/Get_Camera_Img/build/Get_Camera_Img
[0.528s] [35m[1mConsolidate compiler generated dependencies of target Get_Img[0m
[0.541s] [ 33%] [32m[1mLinking CXX executable Get_Img[0m
[0.714s] /usr/bin/ld: warning: libopencv_imgproc.so.4.5d, needed by /opt/ros/humble/lib/libcv_bridge.so, may conflict with libopencv_imgproc.so.408
[0.714s] /usr/bin/ld: warning: libopencv_core.so.4.5d, needed by /opt/ros/humble/lib/libcv_bridge.so, may conflict with libopencv_core.so.408
[1.098s] [100%] Built target Get_Img
[1.106s] Invoked command in '/home/mechax/zyb/radar_station/src/Get_Camera_Img/build/Get_Camera_Img' returned '0': CMAKE_PREFIX_PATH=${CMAKE_PREFIX_PATH}:/opt/ros/humble /usr/bin/cmake --build /home/mechax/zyb/radar_station/src/Get_Camera_Img/build/Get_Camera_Img -- -j16 -l16
[1.126s] Invoking command in '/home/mechax/zyb/radar_station/src/Get_Camera_Img/build/Get_Camera_Img': CMAKE_PREFIX_PATH=${CMAKE_PREFIX_PATH}:/opt/ros/humble /usr/bin/cmake --install /home/mechax/zyb/radar_station/src/Get_Camera_Img/build/Get_Camera_Img
[1.130s] -- Install configuration: ""
[1.130s] -- Installing: /home/mechax/zyb/radar_station/src/Get_Camera_Img/install/Get_Camera_Img/lib/Get_Camera_Img/Get_Img
[1.134s] -- Set runtime path of "/home/mechax/zyb/radar_station/src/Get_Camera_Img/install/Get_Camera_Img/lib/Get_Camera_Img/Get_Img" to ""
[1.134s] -- Up-to-date: /home/mechax/zyb/radar_station/src/Get_Camera_Img/install/Get_Camera_Img/share/ament_index/resource_index/package_run_dependencies/Get_Camera_Img
[1.134s] -- Installing: /home/mechax/zyb/radar_station/src/Get_Camera_Img/install/Get_Camera_Img/share/ament_index/resource_index/parent_prefix_path/Get_Camera_Img
[1.134s] -- Up-to-date: /home/mechax/zyb/radar_station/src/Get_Camera_Img/install/Get_Camera_Img/share/Get_Camera_Img/environment/ament_prefix_path.sh
[1.134s] -- Installing: /home/mechax/zyb/radar_station/src/Get_Camera_Img/install/Get_Camera_Img/share/Get_Camera_Img/environment/ament_prefix_path.dsv
[1.135s] -- Up-to-date: /home/mechax/zyb/radar_station/src/Get_Camera_Img/install/Get_Camera_Img/share/Get_Camera_Img/environment/path.sh
[1.135s] -- Installing: /home/mechax/zyb/radar_station/src/Get_Camera_Img/install/Get_Camera_Img/share/Get_Camera_Img/environment/path.dsv
[1.135s] -- Up-to-date: /home/mechax/zyb/radar_station/src/Get_Camera_Img/install/Get_Camera_Img/share/Get_Camera_Img/local_setup.bash
[1.135s] -- Up-to-date: /home/mechax/zyb/radar_station/src/Get_Camera_Img/install/Get_Camera_Img/share/Get_Camera_Img/local_setup.sh
[1.135s] -- Up-to-date: /home/mechax/zyb/radar_station/src/Get_Camera_Img/install/Get_Camera_Img/share/Get_Camera_Img/local_setup.zsh
[1.135s] -- Installing: /home/mechax/zyb/radar_station/src/Get_Camera_Img/install/Get_Camera_Img/share/Get_Camera_Img/local_setup.dsv
[1.135s] -- Installing: /home/mechax/zyb/radar_station/src/Get_Camera_Img/install/Get_Camera_Img/share/Get_Camera_Img/package.dsv
[1.135s] -- Up-to-date: /home/mechax/zyb/radar_station/src/Get_Camera_Img/install/Get_Camera_Img/share/ament_index/resource_index/packages/Get_Camera_Img
[1.135s] -- Up-to-date: /home/mechax/zyb/radar_station/src/Get_Camera_Img/install/Get_Camera_Img/share/Get_Camera_Img/cmake/Get_Camera_ImgConfig.cmake
[1.135s] -- Up-to-date: /home/mechax/zyb/radar_station/src/Get_Camera_Img/install/Get_Camera_Img/share/Get_Camera_Img/cmake/Get_Camera_ImgConfig-version.cmake
[1.135s] -- Up-to-date: /home/mechax/zyb/radar_station/src/Get_Camera_Img/install/Get_Camera_Img/share/Get_Camera_Img/package.xml
[1.136s] Invoked command in '/home/mechax/zyb/radar_station/src/Get_Camera_Img/build/Get_Camera_Img' returned '0': CMAKE_PREFIX_PATH=${CMAKE_PREFIX_PATH}:/opt/ros/humble /usr/bin/cmake --install /home/mechax/zyb/radar_station/src/Get_Camera_Img/build/Get_Camera_Img
