[0.128s] Invoking command in '/home/mechax/zyb/radar_station/build/Qt5_displayer': CMAKE_PREFIX_PATH=${CMAKE_PREFIX_PATH}:/opt/ros/humble /usr/bin/cmake --build /home/mechax/zyb/radar_station/build/Qt5_displayer -- -j16 -l16
[0.156s] [ 12%] [34m[1mAutomatic MOC and UIC for target Qt5_displayer[0m
[0.477s] [ 12%] Built target Qt5_displayer_autogen
[0.489s] [35m[1mConsolidate compiler generated dependencies of target Qt5_displayer[0m
[0.508s] [ 25%] [32mBuilding CXX object CMakeFiles/Qt5_displayer.dir/Qt5_displayer_autogen/mocs_compilation.cpp.o[0m
[0.508s] [ 37%] [32mBuilding CXX object CMakeFiles/Qt5_displayer.dir/src/main.cpp.o[0m
[0.509s] [ 50%] [32mBuilding CXX object CMakeFiles/Qt5_displayer.dir/src/pnpwidget.cpp.o[0m
[0.514s] [ 62%] [32mBuilding CXX object CMakeFiles/Qt5_displayer.dir/src/radarstation.cpp.o[0m
[1.736s] In file included from [01m[K/home/mechax/zyb/radar_station/src/Qt5_displayer/src/pnpwidget.cpp:1[m[K:
[1.736s] [01m[K/home/mechax/zyb/radar_station/src/Qt5_displayer/include/pnpwidget.h:43:5:[m[K [01;31m[Kerror: [m[K‘[01m[Kvector[m[K’ does not name a type; did you mean ‘[01m[KQVector[m[K’?
[1.736s]    43 |     [01;31m[Kvector[m[K<Point3d> far_objectPoints;
[1.736s]       |     [01;31m[K^~~~~~[m[K
[1.737s]       |     [32m[KQVector[m[K
[1.737s] [01m[K/home/mechax/zyb/radar_station/src/Qt5_displayer/include/pnpwidget.h:44:29:[m[K [01;31m[Kerror: [m[K‘[01m[KMat[m[K’ has not been declared
[1.737s]    44 |     cv::Mat far_CamMatrix_ =[01;31m[KMat[m[K::zeros(3, 3, CV_64FC1);
[1.737s]       |                             [01;31m[K^~~[m[K
[1.737s] [01m[K/home/mechax/zyb/radar_station/src/Qt5_displayer/include/pnpwidget.h:45:30:[m[K [01;31m[Kerror: [m[K‘[01m[KMat[m[K’ has not been declared
[1.737s]    45 |     cv::Mat far_distCoeffs_ =[01;31m[KMat[m[K::zeros(5, 1, CV_64FC1);
[1.737s]       |                              [01;31m[K^~~[m[K
[1.737s] [01m[K/home/mechax/zyb/radar_station/src/Qt5_displayer/include/pnpwidget.h:46:26:[m[K [01;31m[Kerror: [m[K‘[01m[KMat[m[K’ has not been declared
[1.737s]    46 |     cv::Mat far_Rjacob = [01;31m[KMat[m[K::zeros(3, 1, CV_64FC1);
[1.737s]       |                          [01;31m[K^~~[m[K
[1.737s] [01m[K/home/mechax/zyb/radar_station/src/Qt5_displayer/include/pnpwidget.h:47:21:[m[K [01;31m[Kerror: [m[K‘[01m[KMat[m[K’ has not been declared
[1.737s]    47 |     cv::Mat far_R = [01;31m[KMat[m[K::zeros(3, 3, CV_64FC1);
[1.737s]       |                     [01;31m[K^~~[m[K
[1.737s] [01m[K/home/mechax/zyb/radar_station/src/Qt5_displayer/include/pnpwidget.h:48:21:[m[K [01;31m[Kerror: [m[K‘[01m[KMat[m[K’ has not been declared
[1.737s]    48 |     cv::Mat far_T = [01;31m[KMat[m[K::zeros(3, 1, CV_64FC1);
[1.738s]       |                     [01;31m[K^~~[m[K
[1.943s] In file included from [01m[K/home/mechax/zyb/radar_station/build/Qt5_displayer/Qt5_displayer_autogen/6YEA5652QU/moc_pnpwidget.cpp:10[m[K,
[1.943s]                  from [01m[K/home/mechax/zyb/radar_station/build/Qt5_displayer/Qt5_displayer_autogen/mocs_compilation.cpp:2[m[K:
[1.943s] [01m[K/home/mechax/zyb/radar_station/build/Qt5_displayer/Qt5_displayer_autogen/6YEA5652QU/../../../../src/Qt5_displayer/include/pnpwidget.h:43:5:[m[K [01;31m[Kerror: [m[K‘[01m[Kvector[m[K’ does not name a type; did you mean ‘[01m[KQVector[m[K’?
[1.943s]    43 |     [01;31m[Kvector[m[K<Point3d> far_objectPoints;
[1.943s]       |     [01;31m[K^~~~~~[m[K
[1.943s]       |     [32m[KQVector[m[K
[1.943s] [01m[K/home/mechax/zyb/radar_station/build/Qt5_displayer/Qt5_displayer_autogen/6YEA5652QU/../../../../src/Qt5_displayer/include/pnpwidget.h:44:29:[m[K [01;31m[Kerror: [m[K‘[01m[KMat[m[K’ has not been declared
[1.943s]    44 |     cv::Mat far_CamMatrix_ =[01;31m[KMat[m[K::zeros(3, 3, CV_64FC1);
[1.943s]       |                             [01;31m[K^~~[m[K
[1.943s] [01m[K/home/mechax/zyb/radar_station/build/Qt5_displayer/Qt5_displayer_autogen/6YEA5652QU/../../../../src/Qt5_displayer/include/pnpwidget.h:45:30:[m[K [01;31m[Kerror: [m[K‘[01m[KMat[m[K’ has not been declared
[1.943s]    45 |     cv::Mat far_distCoeffs_ =[01;31m[KMat[m[K::zeros(5, 1, CV_64FC1);
[1.944s]       |                              [01;31m[K^~~[m[K
[1.944s] [01m[K/home/mechax/zyb/radar_station/build/Qt5_displayer/Qt5_displayer_autogen/6YEA5652QU/../../../../src/Qt5_displayer/include/pnpwidget.h:46:26:[m[K [01;31m[Kerror: [m[K‘[01m[KMat[m[K’ has not been declared
[1.944s]    46 |     cv::Mat far_Rjacob = [01;31m[KMat[m[K::zeros(3, 1, CV_64FC1);
[1.944s]       |                          [01;31m[K^~~[m[K
[1.944s] [01m[K/home/mechax/zyb/radar_station/build/Qt5_displayer/Qt5_displayer_autogen/6YEA5652QU/../../../../src/Qt5_displayer/include/pnpwidget.h:47:21:[m[K [01;31m[Kerror: [m[K‘[01m[KMat[m[K’ has not been declared
[1.944s]    47 |     cv::Mat far_R = [01;31m[KMat[m[K::zeros(3, 3, CV_64FC1);
[1.944s]       |                     [01;31m[K^~~[m[K
[1.944s] [01m[K/home/mechax/zyb/radar_station/build/Qt5_displayer/Qt5_displayer_autogen/6YEA5652QU/../../../../src/Qt5_displayer/include/pnpwidget.h:48:21:[m[K [01;31m[Kerror: [m[K‘[01m[KMat[m[K’ has not been declared
[1.944s]    48 |     cv::Mat far_T = [01;31m[KMat[m[K::zeros(3, 1, CV_64FC1);
[1.944s]       |                     [01;31m[K^~~[m[K
[2.021s] In file included from [01m[K/home/mechax/zyb/radar_station/src/Qt5_displayer/include/radarstation.h:7[m[K,
[2.022s]                  from [01m[K/home/mechax/zyb/radar_station/src/Qt5_displayer/src/main.cpp:1[m[K:
[2.022s] [01m[K/home/mechax/zyb/radar_station/src/Qt5_displayer/include/pnpwidget.h:43:5:[m[K [01;31m[Kerror: [m[K‘[01m[Kvector[m[K’ does not name a type; did you mean ‘[01m[KQVector[m[K’?
[2.022s]    43 |     [01;31m[Kvector[m[K<Point3d> far_objectPoints;
[2.022s]       |     [01;31m[K^~~~~~[m[K
[2.022s]       |     [32m[KQVector[m[K
[2.022s] [01m[K/home/mechax/zyb/radar_station/src/Qt5_displayer/include/pnpwidget.h:44:29:[m[K [01;31m[Kerror: [m[K‘[01m[KMat[m[K’ has not been declared
[2.022s]    44 |     cv::Mat far_CamMatrix_ =[01;31m[KMat[m[K::zeros(3, 3, CV_64FC1);
[2.022s]       |                             [01;31m[K^~~[m[K
[2.022s] [01m[K/home/mechax/zyb/radar_station/src/Qt5_displayer/include/pnpwidget.h:45:30:[m[K [01;31m[Kerror: [m[K‘[01m[KMat[m[K’ has not been declared
[2.022s]    45 |     cv::Mat far_distCoeffs_ =[01;31m[KMat[m[K::zeros(5, 1, CV_64FC1);
[2.022s]       |                              [01;31m[K^~~[m[K
[2.022s] [01m[K/home/mechax/zyb/radar_station/src/Qt5_displayer/include/pnpwidget.h:46:26:[m[K [01;31m[Kerror: [m[K‘[01m[KMat[m[K’ has not been declared
[2.022s]    46 |     cv::Mat far_Rjacob = [01;31m[KMat[m[K::zeros(3, 1, CV_64FC1);
[2.022s]       |                          [01;31m[K^~~[m[K
[2.022s] [01m[K/home/mechax/zyb/radar_station/src/Qt5_displayer/include/pnpwidget.h:47:21:[m[K [01;31m[Kerror: [m[K‘[01m[KMat[m[K’ has not been declared
[2.023s]    47 |     cv::Mat far_R = [01;31m[KMat[m[K::zeros(3, 3, CV_64FC1);
[2.023s]       |                     [01;31m[K^~~[m[K
[2.023s] [01m[K/home/mechax/zyb/radar_station/src/Qt5_displayer/include/pnpwidget.h:48:21:[m[K [01;31m[Kerror: [m[K‘[01m[KMat[m[K’ has not been declared
[2.023s]    48 |     cv::Mat far_T = [01;31m[KMat[m[K::zeros(3, 1, CV_64FC1);
[2.023s]       |                     [01;31m[K^~~[m[K
[2.040s] [01m[K/home/mechax/zyb/radar_station/src/Qt5_displayer/src/pnpwidget.cpp:[m[K In member function ‘[01m[Kvoid pnpWidget::parameter_init()[m[K’:
[2.040s] [01m[K/home/mechax/zyb/radar_station/src/Qt5_displayer/src/pnpwidget.cpp:54:5:[m[K [01;31m[Kerror: [m[K‘[01m[KPoint3d[m[K’ was not declared in this scope; did you mean ‘[01m[Kcv::Point3d[m[K’?
[2.040s]    54 |     [01;31m[KPoint3d[m[K objectpoint_one;
[2.040s]       |     [01;31m[K^~~~~~~[m[K
[2.040s]       |     [32m[Kcv::Point3d[m[K
[2.041s] In file included from [01m[K/usr/local/include/opencv4/opencv2/core.hpp:57[m[K,
[2.041s]                  from [01m[K/usr/local/include/opencv4/opencv2/opencv.hpp:52[m[K,
[2.041s]                  from [01m[K/home/mechax/zyb/radar_station/src/Qt5_displayer/include/pnpwidget.h:7[m[K,
[2.041s]                  from [01m[K/home/mechax/zyb/radar_station/src/Qt5_displayer/src/pnpwidget.cpp:1[m[K:
[2.041s] [01m[K/usr/local/include/opencv4/opencv2/core/types.hpp:291:25:[m[K [01;36m[Knote: [m[K‘[01m[Kcv::Point3d[m[K’ declared here
[2.041s]   291 | typedef Point3_<double> [01;36m[KPoint3d[m[K;
[2.041s]       |                         [01;36m[K^~~~~~~[m[K
[2.047s] [01m[K/home/mechax/zyb/radar_station/src/Qt5_displayer/src/pnpwidget.cpp:55:5:[m[K [01;31m[Kerror: [m[K‘[01m[Kobjectpoint_one[m[K’ was not declared in this scope
[2.047s]    55 |     [01;31m[Kobjectpoint_one[m[K.x = 2350.0;
[2.047s]       |     [01;31m[K^~~~~~~~~~~~~~~[m[K
[2.054s] [01m[K/home/mechax/zyb/radar_station/src/Qt5_displayer/src/pnpwidget.cpp:58:5:[m[K [01;31m[Kerror: [m[K‘[01m[Kfar_objectPoints[m[K’ was not declared in this scope
[2.054s]    58 |     [01;31m[Kfar_objectPoints[m[K.push_back(objectpoint_one);
[2.054s]       |     [01;31m[K^~~~~~~~~~~~~~~~[m[K
[2.054s] [01m[K/home/mechax/zyb/radar_station/src/Qt5_displayer/src/pnpwidget.cpp:59:12:[m[K [01;31m[Kerror: [m[Kexpected ‘[01m[K;[m[K’ before ‘[01m[Kobjectpoint_two[m[K’
[2.054s]    59 |     Point3d[01;31m[K [m[K[32m[Kobjectpoint_two[m[K;
[2.054s]       |            [01;31m[K^[m[K[32m[K~~~~~~~~~~~~~~~[m[K
[2.054s]       |            [32m[K;[m[K
[2.060s] [01m[K/home/mechax/zyb/radar_station/src/Qt5_displayer/src/pnpwidget.cpp:60:5:[m[K [01;31m[Kerror: [m[K‘[01m[Kobjectpoint_two[m[K’ was not declared in this scope
[2.060s]    60 |     [01;31m[Kobjectpoint_two[m[K.x = 2350.0;
[2.060s]       |     [01;31m[K^~~~~~~~~~~~~~~[m[K
[2.060s] [01m[K/home/mechax/zyb/radar_station/src/Qt5_displayer/src/pnpwidget.cpp:64:12:[m[K [01;31m[Kerror: [m[Kexpected ‘[01m[K;[m[K’ before ‘[01m[Kobjectpoint_three[m[K’
[2.060s]    64 |     Point3d[01;31m[K [m[K[32m[Kobjectpoint_three[m[K;
[2.060s]       |            [01;31m[K^[m[K[32m[K~~~~~~~~~~~~~~~~~[m[K
[2.060s]       |            [32m[K;[m[K
[2.067s] [01m[K/home/mechax/zyb/radar_station/src/Qt5_displayer/src/pnpwidget.cpp:65:5:[m[K [01;31m[Kerror: [m[K‘[01m[Kobjectpoint_three[m[K’ was not declared in this scope
[2.067s]    65 |     [01;31m[Kobjectpoint_three[m[K.x = 4750.0;
[2.067s]       |     [01;31m[K^~~~~~~~~~~~~~~~~[m[K
[2.067s] [01m[K/home/mechax/zyb/radar_station/src/Qt5_displayer/src/pnpwidget.cpp:69:12:[m[K [01;31m[Kerror: [m[Kexpected ‘[01m[K;[m[K’ before ‘[01m[Kobjectpoint_four[m[K’
[2.067s]    69 |     Point3d[01;31m[K [m[K[32m[Kobjectpoint_four[m[K;
[2.067s]       |            [01;31m[K^[m[K[32m[K~~~~~~~~~~~~~~~~[m[K
[2.067s]       |            [32m[K;[m[K
[2.073s] [01m[K/home/mechax/zyb/radar_station/src/Qt5_displayer/src/pnpwidget.cpp:70:5:[m[K [01;31m[Kerror: [m[K‘[01m[Kobjectpoint_four[m[K’ was not declared in this scope
[2.074s]    70 |     [01;31m[Kobjectpoint_four[m[K.x = 4750.0;
[2.074s]       |     [01;31m[K^~~~~~~~~~~~~~~~[m[K
[2.078s] [01m[K/home/mechax/zyb/radar_station/src/Qt5_displayer/src/pnpwidget.cpp:[m[K In member function ‘[01m[Kvoid pnpWidget::beginPnp()[m[K’:
[2.078s] [01m[K/home/mechax/zyb/radar_station/src/Qt5_displayer/src/pnpwidget.cpp:207:9:[m[K [01;31m[Kerror: [m[K‘[01m[Kvector[m[K’ was not declared in this scope
[2.078s]   207 |         [01;31m[Kvector[m[K<Point2d> image_points;
[2.078s]       |         [01;31m[K^~~~~~[m[K
[2.078s] [01m[K/home/mechax/zyb/radar_station/src/Qt5_displayer/src/pnpwidget.cpp:207:9:[m[K [01;36m[Knote: [m[Ksuggested alternatives:
[2.078s] In file included from [01m[K/usr/include/c++/11/vector:67[m[K,
[2.078s]                  from [01m[K/usr/include/c++/11/functional:62[m[K,
[2.078s]                  from [01m[K/usr/include/c++/11/pstl/glue_algorithm_defs.h:13[m[K,
[2.078s]                  from [01m[K/usr/include/c++/11/algorithm:74[m[K,
[2.078s]                  from [01m[K/usr/include/x86_64-linux-gnu/qt5/QtCore/qglobal.h:142[m[K,
[2.079s]                  from [01m[K/usr/include/x86_64-linux-gnu/qt5/QtGui/qtguiglobal.h:43[m[K,
[2.079s]                  from [01m[K/usr/include/x86_64-linux-gnu/qt5/QtWidgets/qtwidgetsglobal.h:43[m[K,
[2.079s]                  from [01m[K/usr/include/x86_64-linux-gnu/qt5/QtWidgets/qwidget.h:43[m[K,
[2.079s]                  from [01m[K/usr/include/x86_64-linux-gnu/qt5/QtWidgets/QWidget:1[m[K,
[2.079s]                  from [01m[K/home/mechax/zyb/radar_station/src/Qt5_displayer/include/pnpwidget.h:4[m[K,
[2.079s]                  from [01m[K/home/mechax/zyb/radar_station/src/Qt5_displayer/src/pnpwidget.cpp:1[m[K:
[2.079s] [01m[K/usr/include/c++/11/bits/stl_vector.h:389:11:[m[K [01;36m[Knote: [m[K  ‘[01m[Kstd::vector[m[K’
[2.079s]   389 |     class [01;36m[Kvector[m[K : protected _Vector_base<_Tp, _Alloc>
[2.079s]       |           [01;36m[K^~~~~~[m[K
[2.079s] In file included from [01m[K/usr/include/c++/11/functional:62[m[K,
[2.079s]                  from [01m[K/usr/include/c++/11/pstl/glue_algorithm_defs.h:13[m[K,
[2.079s]                  from [01m[K/usr/include/c++/11/algorithm:74[m[K,
[2.080s]                  from [01m[K/usr/include/x86_64-linux-gnu/qt5/QtCore/qglobal.h:142[m[K,
[2.080s]                  from [01m[K/usr/include/x86_64-linux-gnu/qt5/QtGui/qtguiglobal.h:43[m[K,
[2.080s]                  from [01m[K/usr/include/x86_64-linux-gnu/qt5/QtWidgets/qtwidgetsglobal.h:43[m[K,
[2.080s]                  from [01m[K/usr/include/x86_64-linux-gnu/qt5/QtWidgets/qwidget.h:43[m[K,
[2.080s]                  from [01m[K/usr/include/x86_64-linux-gnu/qt5/QtWidgets/QWidget:1[m[K,
[2.080s]                  from [01m[K/home/mechax/zyb/radar_station/src/Qt5_displayer/include/pnpwidget.h:4[m[K,
[2.080s]                  from [01m[K/home/mechax/zyb/radar_station/src/Qt5_displayer/src/pnpwidget.cpp:1[m[K:
[2.080s] [01m[K/usr/include/c++/11/vector:86:13:[m[K [01;36m[Knote: [m[K  ‘[01m[Kstd::pmr::vector[m[K’
[2.080s]    86 |       using [01;36m[Kvector[m[K = std::vector<_Tp, polymorphic_allocator<_Tp>>;
[2.080s]       |             [01;36m[K^~~~~~[m[K
[2.080s] [01m[K/home/mechax/zyb/radar_station/src/Qt5_displayer/src/pnpwidget.cpp:207:16:[m[K [01;31m[Kerror: [m[K‘[01m[KPoint2d[m[K’ was not declared in this scope; did you mean ‘[01m[Kcv::Point2d[m[K’?
[2.081s]   207 |         vector<[01;31m[KPoint2d[m[K> image_points;
[2.081s]       |                [01;31m[K^~~~~~~[m[K
[2.081s]       |                [32m[Kcv::Point2d[m[K
[2.081s] In file included from [01m[K/usr/local/include/opencv4/opencv2/core.hpp:57[m[K,
[2.081s]                  from [01m[K/usr/local/include/opencv4/opencv2/opencv.hpp:52[m[K,
[2.081s]                  from [01m[K/home/mechax/zyb/radar_station/src/Qt5_displayer/include/pnpwidget.h:7[m[K,
[2.081s]                  from [01m[K/home/mechax/zyb/radar_station/src/Qt5_displayer/src/pnpwidget.cpp:1[m[K:
[2.081s] [01m[K/usr/local/include/opencv4/opencv2/core/types.hpp:208:24:[m[K [01;36m[Knote: [m[K‘[01m[Kcv::Point2d[m[K’ declared here
[2.081s]   208 | typedef Point_<double> [01;36m[KPoint2d[m[K;
[2.081s]       |                        [01;36m[K^~~~~~~[m[K
[2.087s] [01m[K/home/mechax/zyb/radar_station/src/Qt5_displayer/src/pnpwidget.cpp:207:25:[m[K [01;31m[Kerror: [m[K‘[01m[Kimage_points[m[K’ was not declared in this scope
[2.087s]   207 |         vector<Point2d> [01;31m[Kimage_points[m[K;
[2.087s]       |                         [01;31m[K^~~~~~~~~~~~[m[K
[2.087s] [01m[K/home/mechax/zyb/radar_station/src/Qt5_displayer/src/pnpwidget.cpp:208:16:[m[K [01;31m[Kerror: [m[Kexpected ‘[01m[K;[m[K’ before ‘[01m[Kp1[m[K’
[2.087s]   208 |         Point2d[01;31m[K [m[K[32m[Kp1[m[K(points[0].x(),points[0].y());
[2.087s]       |                [01;31m[K^[m[K[32m[K~~[m[K
[2.087s]       |                [32m[K;[m[K
[2.087s] [01m[K/home/mechax/zyb/radar_station/src/Qt5_displayer/src/pnpwidget.cpp:209:16:[m[K [01;31m[Kerror: [m[Kexpected ‘[01m[K;[m[K’ before ‘[01m[Kp2[m[K’
[2.087s]   209 |         Point2d[01;31m[K [m[K[32m[Kp2[m[K(points[1].x(),points[1].y());
[2.087s]       |                [01;31m[K^[m[K[32m[K~~[m[K
[2.088s]       |                [32m[K;[m[K
[2.088s] [01m[K/home/mechax/zyb/radar_station/src/Qt5_displayer/src/pnpwidget.cpp:210:16:[m[K [01;31m[Kerror: [m[Kexpected ‘[01m[K;[m[K’ before ‘[01m[Kp3[m[K’
[2.088s]   210 |         Point2d[01;31m[K [m[K[32m[Kp3[m[K(points[2].x(),points[2].y());
[2.088s]       |                [01;31m[K^[m[K[32m[K~~[m[K
[2.088s]       |                [32m[K;[m[K
[2.088s] [01m[K/home/mechax/zyb/radar_station/src/Qt5_displayer/src/pnpwidget.cpp:211:16:[m[K [01;31m[Kerror: [m[Kexpected ‘[01m[K;[m[K’ before ‘[01m[Kp4[m[K’
[2.088s]   211 |         Point2d[01;31m[K [m[K[32m[Kp4[m[K(points[3].x(),points[3].y());
[2.088s]       |                [01;31m[K^[m[K[32m[K~~[m[K
[2.088s]       |                [32m[K;[m[K
[2.091s] [01m[K/home/mechax/zyb/radar_station/src/Qt5_displayer/src/pnpwidget.cpp:212:32:[m[K [01;31m[Kerror: [m[K‘[01m[Kp1[m[K’ was not declared in this scope; did you mean ‘[01m[Ky1[m[K’?
[2.091s]   212 |         image_points.push_back([01;31m[Kp1[m[K);
[2.091s]       |                                [01;31m[K^~[m[K
[2.091s]       |                                [32m[Ky1[m[K
[2.095s] [01m[K/home/mechax/zyb/radar_station/src/Qt5_displayer/src/pnpwidget.cpp:213:32:[m[K [01;31m[Kerror: [m[K‘[01m[Kp2[m[K’ was not declared in this scope
[2.095s]   213 |         image_points.push_back([01;31m[Kp2[m[K);
[2.095s]       |                                [01;31m[K^~[m[K
[2.101s] [01m[K/home/mechax/zyb/radar_station/src/Qt5_displayer/src/pnpwidget.cpp:214:32:[m[K [01;31m[Kerror: [m[K‘[01m[Kp3[m[K’ was not declared in this scope
[2.101s]   214 |         image_points.push_back([01;31m[Kp3[m[K);
[2.101s]       |                                [01;31m[K^~[m[K
[2.104s] [01m[K/home/mechax/zyb/radar_station/src/Qt5_displayer/src/pnpwidget.cpp:215:32:[m[K [01;31m[Kerror: [m[K‘[01m[Kp4[m[K’ was not declared in this scope
[2.104s]   215 |         image_points.push_back([01;31m[Kp4[m[K);
[2.105s]       |                                [01;31m[K^~[m[K
[2.111s] [01m[K/home/mechax/zyb/radar_station/src/Qt5_displayer/src/pnpwidget.cpp:216:18:[m[K [01;31m[Kerror: [m[K‘[01m[Kfar_objectPoints[m[K’ was not declared in this scope
[2.111s]   216 |         solvePnP([01;31m[Kfar_objectPoints[m[K,image_points,far_CamMatrix_,far_distCoeffs_,far_R,far_T);
[2.111s]       |                  [01;31m[K^~~~~~~~~~~~~~~~[m[K
[2.457s] gmake[2]: *** [CMakeFiles/Qt5_displayer.dir/build.make:104: CMakeFiles/Qt5_displayer.dir/src/pnpwidget.cpp.o] Error 1
[2.458s] gmake[2]: *** Waiting for unfinished jobs....
[2.669s] In file included from [01m[K/home/mechax/zyb/radar_station/src/Qt5_displayer/include/radarstation.h:7[m[K,
[2.669s]                  from [01m[K/home/mechax/zyb/radar_station/src/Qt5_displayer/src/radarstation.cpp:1[m[K:
[2.670s] [01m[K/home/mechax/zyb/radar_station/src/Qt5_displayer/include/pnpwidget.h:43:5:[m[K [01;31m[Kerror: [m[K‘[01m[Kvector[m[K’ does not name a type; did you mean ‘[01m[KQVector[m[K’?
[2.670s]    43 |     [01;31m[Kvector[m[K<Point3d> far_objectPoints;
[2.670s]       |     [01;31m[K^~~~~~[m[K
[2.670s]       |     [32m[KQVector[m[K
[2.670s] [01m[K/home/mechax/zyb/radar_station/src/Qt5_displayer/include/pnpwidget.h:44:29:[m[K [01;31m[Kerror: [m[K‘[01m[KMat[m[K’ has not been declared
[2.670s]    44 |     cv::Mat far_CamMatrix_ =[01;31m[KMat[m[K::zeros(3, 3, CV_64FC1);
[2.670s]       |                             [01;31m[K^~~[m[K
[2.670s] [01m[K/home/mechax/zyb/radar_station/src/Qt5_displayer/include/pnpwidget.h:45:30:[m[K [01;31m[Kerror: [m[K‘[01m[KMat[m[K’ has not been declared
[2.670s]    45 |     cv::Mat far_distCoeffs_ =[01;31m[KMat[m[K::zeros(5, 1, CV_64FC1);
[2.670s]       |                              [01;31m[K^~~[m[K
[2.670s] [01m[K/home/mechax/zyb/radar_station/src/Qt5_displayer/include/pnpwidget.h:46:26:[m[K [01;31m[Kerror: [m[K‘[01m[KMat[m[K’ has not been declared
[2.670s]    46 |     cv::Mat far_Rjacob = [01;31m[KMat[m[K::zeros(3, 1, CV_64FC1);
[2.670s]       |                          [01;31m[K^~~[m[K
[2.670s] [01m[K/home/mechax/zyb/radar_station/src/Qt5_displayer/include/pnpwidget.h:47:21:[m[K [01;31m[Kerror: [m[K‘[01m[KMat[m[K’ has not been declared
[2.670s]    47 |     cv::Mat far_R = [01;31m[KMat[m[K::zeros(3, 3, CV_64FC1);
[2.670s]       |                     [01;31m[K^~~[m[K
[2.671s] [01m[K/home/mechax/zyb/radar_station/src/Qt5_displayer/include/pnpwidget.h:48:21:[m[K [01;31m[Kerror: [m[K‘[01m[KMat[m[K’ has not been declared
[2.671s]    48 |     cv::Mat far_T = [01;31m[KMat[m[K::zeros(3, 1, CV_64FC1);
[2.671s]       |                     [01;31m[K^~~[m[K
[4.076s] gmake[2]: *** [CMakeFiles/Qt5_displayer.dir/build.make:76: CMakeFiles/Qt5_displayer.dir/Qt5_displayer_autogen/mocs_compilation.cpp.o] Error 1
[4.097s] gmake[2]: *** [CMakeFiles/Qt5_displayer.dir/build.make:90: CMakeFiles/Qt5_displayer.dir/src/main.cpp.o] Error 1
[4.172s] [01m[K/home/mechax/zyb/radar_station/src/Qt5_displayer/src/radarstation.cpp:[m[K In member function ‘[01m[Kvoid radarStation::init()[m[K’:
[4.172s] [01m[K/home/mechax/zyb/radar_station/src/Qt5_displayer/src/radarstation.cpp:44:17:[m[K [01;31m[Kerror: [m[K‘[01m[Kclass Ui::radarStation[m[K’ has no member named ‘[01m[KpnpWidget[m[K’; did you mean ‘[01m[KmapWidget[m[K’?
[4.172s]    44 |     connect(ui->[01;31m[KpnpWidget[m[K,SIGNAL(pnpFinished()),this,SLOT(publishPnpResult()));
[4.172s]       |                 [01;31m[K^~~~~~~~~[m[K
[4.172s]       |                 [32m[KmapWidget[m[K
[4.779s] gmake[2]: *** [CMakeFiles/Qt5_displayer.dir/build.make:132: CMakeFiles/Qt5_displayer.dir/src/radarstation.cpp.o] Error 1
[4.780s] gmake[1]: *** [CMakeFiles/Makefile2:138: CMakeFiles/Qt5_displayer.dir/all] Error 2
[4.780s] gmake: *** [Makefile:146: all] Error 2
[4.782s] Invoked command in '/home/mechax/zyb/radar_station/build/Qt5_displayer' returned '2': CMAKE_PREFIX_PATH=${CMAKE_PREFIX_PATH}:/opt/ros/humble /usr/bin/cmake --build /home/mechax/zyb/radar_station/build/Qt5_displayer -- -j16 -l16
