[0.085s] Invoking command in '/home/mechax/AAAmy_ws/1.18/radar_station/build/Img_Handle': AMENT_PREFIX_PATH=/home/mechax/AAAmy_ws/1.18/radar_station/install/my_msgss:${AMENT_PREFIX_PATH} CMAKE_PREFIX_PATH=/home/mechax/AAAmy_ws/1.18/radar_station/install/my_msgss:/home/mechax/ws_livox/install/livox_ros2_driver:/home/mechax/ws_livox/install/livox_sdk_vendor:/home/mechax/ws_livox/install/livox_interfaces:/opt/ros/humble LD_LIBRARY_PATH=/home/mechax/AAAmy_ws/1.18/radar_station/install/my_msgss/lib:${LD_LIBRARY_PATH} PYTHONPATH=/home/mechax/AAAmy_ws/1.18/radar_station/install/my_msgss/local/lib/python3.10/dist-packages:${PYTHONPATH} /usr/bin/cmake /home/mechax/AAAmy_ws/1.18/radar_station/src/Img_Handle -DAMENT_CMAKE_SYMLINK_INSTALL=1 -DCMAKE_INSTALL_PREFIX=/home/mechax/AAAmy_ws/1.18/radar_station/install/Img_Handle
[0.093s] -- Found ament_cmake: 1.3.6 (/opt/ros/humble/share/ament_cmake/cmake)
[0.203s] -- Override CMake install command with custom implementation using symlinks instead of copying resources
[0.210s] -- Found rclcpp: 16.0.7 (/opt/ros/humble/share/rclcpp/cmake)
[0.230s] -- Found rosidl_generator_c: 3.1.5 (/opt/ros/humble/share/rosidl_generator_c/cmake)
[0.231s] -- Found rosidl_adapter: 3.1.5 (/opt/ros/humble/share/rosidl_adapter/cmake)
[0.235s] -- Found rosidl_generator_cpp: 3.1.5 (/opt/ros/humble/share/rosidl_generator_cpp/cmake)
[0.241s] -- Using all available rosidl_typesupport_c: rosidl_typesupport_fastrtps_c;rosidl_typesupport_introspection_c
[0.258s] -- Using all available rosidl_typesupport_cpp: rosidl_typesupport_fastrtps_cpp;rosidl_typesupport_introspection_cpp
[0.297s] -- Found rmw_implementation_cmake: 6.1.1 (/opt/ros/humble/share/rmw_implementation_cmake/cmake)
[0.297s] -- Found rmw_fastrtps_cpp: 6.2.5 (/opt/ros/humble/share/rmw_fastrtps_cpp/cmake)
[0.372s] -- Using RMW implementation 'rmw_fastrtps_cpp' as default
[0.464s] -- Found sensor_msgs: 4.2.3 (/opt/ros/humble/share/sensor_msgs/cmake)
[0.563s] -- Found cv_bridge: 3.2.1 (/opt/ros/humble/share/cv_bridge/cmake)
[0.566s] -- Found my_msgss: 0.0.0 (/home/mechax/AAAmy_ws/1.18/radar_station/install/my_msgss/share/my_msgss/cmake)
[0.611s] WARNING: Package name "Img_Handle" does not follow the naming conventions. It should start with a lower case letter and only contain lower case letters, digits, underscores, and dashes.
[0.619s] -- Configuring done
[0.634s] -- Generating done
[0.635s] -- Build files have been written to: /home/mechax/AAAmy_ws/1.18/radar_station/build/Img_Handle
[0.645s] Invoked command in '/home/mechax/AAAmy_ws/1.18/radar_station/build/Img_Handle' returned '0': AMENT_PREFIX_PATH=/home/mechax/AAAmy_ws/1.18/radar_station/install/my_msgss:${AMENT_PREFIX_PATH} CMAKE_PREFIX_PATH=/home/mechax/AAAmy_ws/1.18/radar_station/install/my_msgss:/home/mechax/ws_livox/install/livox_ros2_driver:/home/mechax/ws_livox/install/livox_sdk_vendor:/home/mechax/ws_livox/install/livox_interfaces:/opt/ros/humble LD_LIBRARY_PATH=/home/mechax/AAAmy_ws/1.18/radar_station/install/my_msgss/lib:${LD_LIBRARY_PATH} PYTHONPATH=/home/mechax/AAAmy_ws/1.18/radar_station/install/my_msgss/local/lib/python3.10/dist-packages:${PYTHONPATH} /usr/bin/cmake /home/mechax/AAAmy_ws/1.18/radar_station/src/Img_Handle -DAMENT_CMAKE_SYMLINK_INSTALL=1 -DCMAKE_INSTALL_PREFIX=/home/mechax/AAAmy_ws/1.18/radar_station/install/Img_Handle
[0.647s] Invoking command in '/home/mechax/AAAmy_ws/1.18/radar_station/build/Img_Handle': AMENT_PREFIX_PATH=/home/mechax/AAAmy_ws/1.18/radar_station/install/my_msgss:${AMENT_PREFIX_PATH} CMAKE_PREFIX_PATH=/home/mechax/AAAmy_ws/1.18/radar_station/install/my_msgss:/home/mechax/ws_livox/install/livox_ros2_driver:/home/mechax/ws_livox/install/livox_sdk_vendor:/home/mechax/ws_livox/install/livox_interfaces:/opt/ros/humble LD_LIBRARY_PATH=/home/mechax/AAAmy_ws/1.18/radar_station/install/my_msgss/lib:${LD_LIBRARY_PATH} PYTHONPATH=/home/mechax/AAAmy_ws/1.18/radar_station/install/my_msgss/local/lib/python3.10/dist-packages:${PYTHONPATH} /usr/bin/cmake --build /home/mechax/AAAmy_ws/1.18/radar_station/build/Img_Handle -- -j16 -l16
[0.675s] [35m[1mConsolidate compiler generated dependencies of target Img_Pub[0m
[0.676s] [35m[1mConsolidate compiler generated dependencies of target Img_Sub[0m
[0.677s] [35m[1mConsolidate compiler generated dependencies of target main[0m
[0.687s] [ 25%] Built target Img_Pub
[0.687s] [ 62%] Built target main
[0.693s] [100%] Built target Img_Sub
[0.709s] Invoked command in '/home/mechax/AAAmy_ws/1.18/radar_station/build/Img_Handle' returned '0': AMENT_PREFIX_PATH=/home/mechax/AAAmy_ws/1.18/radar_station/install/my_msgss:${AMENT_PREFIX_PATH} CMAKE_PREFIX_PATH=/home/mechax/AAAmy_ws/1.18/radar_station/install/my_msgss:/home/mechax/ws_livox/install/livox_ros2_driver:/home/mechax/ws_livox/install/livox_sdk_vendor:/home/mechax/ws_livox/install/livox_interfaces:/opt/ros/humble LD_LIBRARY_PATH=/home/mechax/AAAmy_ws/1.18/radar_station/install/my_msgss/lib:${LD_LIBRARY_PATH} PYTHONPATH=/home/mechax/AAAmy_ws/1.18/radar_station/install/my_msgss/local/lib/python3.10/dist-packages:${PYTHONPATH} /usr/bin/cmake --build /home/mechax/AAAmy_ws/1.18/radar_station/build/Img_Handle -- -j16 -l16
[0.770s] Invoking command in '/home/mechax/AAAmy_ws/1.18/radar_station/build/Img_Handle': AMENT_PREFIX_PATH=/home/mechax/AAAmy_ws/1.18/radar_station/install/my_msgss:${AMENT_PREFIX_PATH} CMAKE_PREFIX_PATH=/home/mechax/AAAmy_ws/1.18/radar_station/install/my_msgss:/home/mechax/ws_livox/install/livox_ros2_driver:/home/mechax/ws_livox/install/livox_sdk_vendor:/home/mechax/ws_livox/install/livox_interfaces:/opt/ros/humble LD_LIBRARY_PATH=/home/mechax/AAAmy_ws/1.18/radar_station/install/my_msgss/lib:${LD_LIBRARY_PATH} PYTHONPATH=/home/mechax/AAAmy_ws/1.18/radar_station/install/my_msgss/local/lib/python3.10/dist-packages:${PYTHONPATH} /usr/bin/cmake --install /home/mechax/AAAmy_ws/1.18/radar_station/build/Img_Handle
[0.774s] -- Install configuration: ""
[0.774s] -- Execute custom install script
[0.774s] -- Up-to-date symlink: /home/mechax/AAAmy_ws/1.18/radar_station/install/Img_Handle/lib/Img_Handle/Img_Pub
[0.775s] -- Up-to-date symlink: /home/mechax/AAAmy_ws/1.18/radar_station/install/Img_Handle/lib/Img_Handle/Img_Sub
[0.775s] -- Up-to-date symlink: /home/mechax/AAAmy_ws/1.18/radar_station/install/Img_Handle/lib/Img_Handle/main
[0.775s] -- Up-to-date symlink: /home/mechax/AAAmy_ws/1.18/radar_station/install/Img_Handle/share/Img_Handle/launch/img_handle_launch.py
[0.775s] -- Up-to-date symlink: /home/mechax/AAAmy_ws/1.18/radar_station/install/Img_Handle/share/ament_index/resource_index/package_run_dependencies/Img_Handle
[0.776s] -- Up-to-date symlink: /home/mechax/AAAmy_ws/1.18/radar_station/install/Img_Handle/share/ament_index/resource_index/parent_prefix_path/Img_Handle
[0.776s] -- Up-to-date symlink: /home/mechax/AAAmy_ws/1.18/radar_station/install/Img_Handle/share/Img_Handle/environment/ament_prefix_path.sh
[0.776s] -- Up-to-date symlink: /home/mechax/AAAmy_ws/1.18/radar_station/install/Img_Handle/share/Img_Handle/environment/ament_prefix_path.dsv
[0.777s] -- Up-to-date symlink: /home/mechax/AAAmy_ws/1.18/radar_station/install/Img_Handle/share/Img_Handle/environment/path.sh
[0.777s] -- Up-to-date symlink: /home/mechax/AAAmy_ws/1.18/radar_station/install/Img_Handle/share/Img_Handle/environment/path.dsv
[0.777s] -- Up-to-date symlink: /home/mechax/AAAmy_ws/1.18/radar_station/install/Img_Handle/share/Img_Handle/local_setup.bash
[0.777s] -- Up-to-date symlink: /home/mechax/AAAmy_ws/1.18/radar_station/install/Img_Handle/share/Img_Handle/local_setup.sh
[0.777s] -- Up-to-date symlink: /home/mechax/AAAmy_ws/1.18/radar_station/install/Img_Handle/share/Img_Handle/local_setup.zsh
[0.777s] -- Up-to-date symlink: /home/mechax/AAAmy_ws/1.18/radar_station/install/Img_Handle/share/Img_Handle/local_setup.dsv
[0.778s] -- Symlinking: /home/mechax/AAAmy_ws/1.18/radar_station/install/Img_Handle/share/Img_Handle/package.dsv
[0.782s] -- Up-to-date symlink: /home/mechax/AAAmy_ws/1.18/radar_station/install/Img_Handle/share/ament_index/resource_index/packages/Img_Handle
[0.782s] -- Up-to-date symlink: /home/mechax/AAAmy_ws/1.18/radar_station/install/Img_Handle/share/Img_Handle/cmake/Img_HandleConfig.cmake
[0.782s] -- Up-to-date symlink: /home/mechax/AAAmy_ws/1.18/radar_station/install/Img_Handle/share/Img_Handle/cmake/Img_HandleConfig-version.cmake
[0.782s] -- Up-to-date symlink: /home/mechax/AAAmy_ws/1.18/radar_station/install/Img_Handle/share/Img_Handle/package.xml
[0.814s] Invoked command in '/home/mechax/AAAmy_ws/1.18/radar_station/build/Img_Handle' returned '0': AMENT_PREFIX_PATH=/home/mechax/AAAmy_ws/1.18/radar_station/install/my_msgss:${AMENT_PREFIX_PATH} CMAKE_PREFIX_PATH=/home/mechax/AAAmy_ws/1.18/radar_station/install/my_msgss:/home/mechax/ws_livox/install/livox_ros2_driver:/home/mechax/ws_livox/install/livox_sdk_vendor:/home/mechax/ws_livox/install/livox_interfaces:/opt/ros/humble LD_LIBRARY_PATH=/home/mechax/AAAmy_ws/1.18/radar_station/install/my_msgss/lib:${LD_LIBRARY_PATH} PYTHONPATH=/home/mechax/AAAmy_ws/1.18/radar_station/install/my_msgss/local/lib/python3.10/dist-packages:${PYTHONPATH} /usr/bin/cmake --install /home/mechax/AAAmy_ws/1.18/radar_station/build/Img_Handle
