[0.037s] Invoking command in '/home/mechax/zyb/radar_station/src/Get_Camera_Img/build/Get_Camera_Img': CMAKE_PREFIX_PATH=${CMAKE_PREFIX_PATH}:/opt/ros/humble /usr/bin/cmake --build /home/mechax/zyb/radar_station/src/Get_Camera_Img/build/Get_Camera_Img -- -j16 -l16
[0.055s] -- Found ament_cmake: 1.3.6 (/opt/ros/humble/share/ament_cmake/cmake)
[0.143s] -- Found rclcpp: 16.0.7 (/opt/ros/humble/share/rclcpp/cmake)
[0.161s] -- Found rosidl_generator_c: 3.1.5 (/opt/ros/humble/share/rosidl_generator_c/cmake)
[0.162s] -- Found rosidl_adapter: 3.1.5 (/opt/ros/humble/share/rosidl_adapter/cmake)
[0.166s] -- Found rosidl_generator_cpp: 3.1.5 (/opt/ros/humble/share/rosidl_generator_cpp/cmake)
[0.172s] -- Using all available rosidl_typesupport_c: rosidl_typesupport_fastrtps_c;rosidl_typesupport_introspection_c
[0.181s] -- Using all available rosidl_typesupport_cpp: rosidl_typesupport_fastrtps_cpp;rosidl_typesupport_introspection_cpp
[0.216s] -- Found rmw_implementation_cmake: 6.1.1 (/opt/ros/humble/share/rmw_implementation_cmake/cmake)
[0.217s] -- Found rmw_fastrtps_cpp: 6.2.5 (/opt/ros/humble/share/rmw_fastrtps_cpp/cmake)
[0.289s] -- Using RMW implementation 'rmw_fastrtps_cpp' as default
[0.385s] -- Found sensor_msgs: 4.2.3 (/opt/ros/humble/share/sensor_msgs/cmake)
[0.461s] -- Found cv_bridge: 3.2.1 (/opt/ros/humble/share/cv_bridge/cmake)
[0.465s] -- Found ament_lint_auto: 0.12.9 (/opt/ros/humble/share/ament_lint_auto/cmake)
[0.495s] WARNING: Package name "Get_Camera_Img" does not follow the naming conventions. It should start with a lower case letter and only contain lower case letters, digits, underscores, and dashes.
[0.513s] -- Added test 'cppcheck' to perform static code analysis on C / C++ code
[0.513s] -- Configured cppcheck include dirs: /home/mechax/zyb/radar_station/src/Get_Camera_Img/include
[0.513s] -- Configured cppcheck exclude dirs and/or files: 
[0.514s] -- Added test 'flake8' to check Python code syntax and style conventions
[0.516s] -- Added test 'lint_cmake' to check CMake code style
[0.517s] -- Added test 'pep257' to check Python code against some of the docstring style conventions in PEP 257
[0.526s] -- Added test 'uncrustify' to check C / C++ code style
[0.526s] -- Configured uncrustify additional arguments: 
[0.527s] -- Added test 'xmllint' to check XML markup files
[0.528s] -- Configuring done
[0.534s] -- Generating done
[0.535s] -- Build files have been written to: /home/mechax/zyb/radar_station/src/Get_Camera_Img/build/Get_Camera_Img
[0.553s] [35m[1mConsolidate compiler generated dependencies of target Get_Img[0m
[0.566s] [100%] Built target Get_Img
[0.573s] Invoked command in '/home/mechax/zyb/radar_station/src/Get_Camera_Img/build/Get_Camera_Img' returned '0': CMAKE_PREFIX_PATH=${CMAKE_PREFIX_PATH}:/opt/ros/humble /usr/bin/cmake --build /home/mechax/zyb/radar_station/src/Get_Camera_Img/build/Get_Camera_Img -- -j16 -l16
[0.593s] Invoking command in '/home/mechax/zyb/radar_station/src/Get_Camera_Img/build/Get_Camera_Img': CMAKE_PREFIX_PATH=${CMAKE_PREFIX_PATH}:/opt/ros/humble /usr/bin/cmake --install /home/mechax/zyb/radar_station/src/Get_Camera_Img/build/Get_Camera_Img
[0.598s] -- Install configuration: ""
[0.598s] -- Up-to-date: /home/mechax/zyb/radar_station/src/Get_Camera_Img/install/Get_Camera_Img/share/ament_index/resource_index/package_run_dependencies/Get_Camera_Img
[0.598s] -- Installing: /home/mechax/zyb/radar_station/src/Get_Camera_Img/install/Get_Camera_Img/share/ament_index/resource_index/parent_prefix_path/Get_Camera_Img
[0.598s] -- Up-to-date: /home/mechax/zyb/radar_station/src/Get_Camera_Img/install/Get_Camera_Img/share/Get_Camera_Img/environment/ament_prefix_path.sh
[0.598s] -- Installing: /home/mechax/zyb/radar_station/src/Get_Camera_Img/install/Get_Camera_Img/share/Get_Camera_Img/environment/ament_prefix_path.dsv
[0.598s] -- Up-to-date: /home/mechax/zyb/radar_station/src/Get_Camera_Img/install/Get_Camera_Img/share/Get_Camera_Img/environment/path.sh
[0.598s] -- Installing: /home/mechax/zyb/radar_station/src/Get_Camera_Img/install/Get_Camera_Img/share/Get_Camera_Img/environment/path.dsv
[0.598s] -- Up-to-date: /home/mechax/zyb/radar_station/src/Get_Camera_Img/install/Get_Camera_Img/share/Get_Camera_Img/local_setup.bash
[0.598s] -- Up-to-date: /home/mechax/zyb/radar_station/src/Get_Camera_Img/install/Get_Camera_Img/share/Get_Camera_Img/local_setup.sh
[0.599s] -- Up-to-date: /home/mechax/zyb/radar_station/src/Get_Camera_Img/install/Get_Camera_Img/share/Get_Camera_Img/local_setup.zsh
[0.599s] -- Installing: /home/mechax/zyb/radar_station/src/Get_Camera_Img/install/Get_Camera_Img/share/Get_Camera_Img/local_setup.dsv
[0.599s] -- Installing: /home/mechax/zyb/radar_station/src/Get_Camera_Img/install/Get_Camera_Img/share/Get_Camera_Img/package.dsv
[0.599s] -- Up-to-date: /home/mechax/zyb/radar_station/src/Get_Camera_Img/install/Get_Camera_Img/share/ament_index/resource_index/packages/Get_Camera_Img
[0.599s] -- Up-to-date: /home/mechax/zyb/radar_station/src/Get_Camera_Img/install/Get_Camera_Img/share/Get_Camera_Img/cmake/Get_Camera_ImgConfig.cmake
[0.599s] -- Up-to-date: /home/mechax/zyb/radar_station/src/Get_Camera_Img/install/Get_Camera_Img/share/Get_Camera_Img/cmake/Get_Camera_ImgConfig-version.cmake
[0.599s] -- Up-to-date: /home/mechax/zyb/radar_station/src/Get_Camera_Img/install/Get_Camera_Img/share/Get_Camera_Img/package.xml
[0.600s] Invoked command in '/home/mechax/zyb/radar_station/src/Get_Camera_Img/build/Get_Camera_Img' returned '0': CMAKE_PREFIX_PATH=${CMAKE_PREFIX_PATH}:/opt/ros/humble /usr/bin/cmake --install /home/mechax/zyb/radar_station/src/Get_Camera_Img/build/Get_Camera_Img
