[0.153s] Invoking command in '/home/mechax/zyb/radar_station/build/my_msgss': CMAKE_PREFIX_PATH=${CMAKE_PREFIX_PATH}:/opt/ros/humble /usr/bin/cmake /home/mechax/zyb/radar_station/src/my_msgss -DCMAKE_INSTALL_PREFIX=/home/mechax/zyb/radar_station/install/my_msgss
[0.188s] -- The C compiler identification is GNU 11.4.0
[0.227s] -- The CXX compiler identification is GNU 11.4.0
[0.232s] -- Detecting C compiler ABI info
[0.281s] -- Detecting C compiler ABI info - done
[0.289s] -- Check for working C compiler: /usr/bin/cc - skipped
[0.289s] -- Detecting C compile features
[0.289s] -- Detecting C compile features - done
[0.293s] -- Detecting CXX compiler ABI info
[0.355s] -- Detecting CXX compiler ABI info - done
[0.360s] -- Check for working CXX compiler: /usr/bin/c++ - skipped
[0.360s] -- Detecting CXX compile features
[0.360s] -- Detecting CXX compile features - done
[0.362s] -- Found ament_cmake: 1.3.6 (/opt/ros/humble/share/ament_cmake/cmake)
[0.483s] -- Found Python3: /usr/bin/python3.10 (found version "3.10.12") found components: Interpreter 
[0.551s] -- Found rosidl_default_generators: 1.2.0 (/opt/ros/humble/share/rosidl_default_generators/cmake)
[0.555s] -- Using all available rosidl_typesupport_c: rosidl_typesupport_fastrtps_c;rosidl_typesupport_introspection_c
[0.562s] -- Found rosidl_adapter: 3.1.5 (/opt/ros/humble/share/rosidl_adapter/cmake)
[0.594s] -- Using all available rosidl_typesupport_cpp: rosidl_typesupport_fastrtps_cpp;rosidl_typesupport_introspection_cpp
[0.790s] -- Found ament_cmake_ros: 0.10.0 (/opt/ros/humble/share/ament_cmake_ros/cmake)
[0.920s] -- Using all available rosidl_typesupport_c: rosidl_typesupport_fastrtps_c;rosidl_typesupport_introspection_c
[1.078s] -- Using all available rosidl_typesupport_cpp: rosidl_typesupport_fastrtps_cpp;rosidl_typesupport_introspection_cpp
[1.094s] -- Found PythonInterp: /usr/bin/python3 (found suitable version "3.10.12", minimum required is "3.6") 
[1.095s] -- Found python_cmake_module: 0.10.0 (/opt/ros/humble/share/python_cmake_module/cmake)
[1.114s] -- Found PythonLibs: /usr/lib/x86_64-linux-gnu/libpython3.10.so (found suitable version "3.10.12", minimum required is "3.5") 
[1.114s] -- Using PYTHON_EXECUTABLE: /usr/bin/python3
[1.114s] -- Using PYTHON_INCLUDE_DIRS: /usr/include/python3.10
[1.114s] -- Using PYTHON_LIBRARIES: /usr/lib/x86_64-linux-gnu/libpython3.10.so
[1.128s] -- Found PythonExtra: .so  
[1.152s] -- Found ament_lint_auto: 0.12.9 (/opt/ros/humble/share/ament_lint_auto/cmake)
[1.163s] -- Added test 'flake8' to check Python code syntax and style conventions
[1.164s] -- Added test 'lint_cmake' to check CMake code style
[1.164s] -- Added test 'pep257' to check Python code against some of the docstring style conventions in PEP 257
[1.165s] -- Added test 'xmllint' to check XML markup files
[1.166s] -- Configuring done
[1.186s] -- Generating done
[1.187s] -- Build files have been written to: /home/mechax/zyb/radar_station/build/my_msgss
[1.192s] Invoked command in '/home/mechax/zyb/radar_station/build/my_msgss' returned '0': CMAKE_PREFIX_PATH=${CMAKE_PREFIX_PATH}:/opt/ros/humble /usr/bin/cmake /home/mechax/zyb/radar_station/src/my_msgss -DCMAKE_INSTALL_PREFIX=/home/mechax/zyb/radar_station/install/my_msgss
[1.193s] Invoking command in '/home/mechax/zyb/radar_station/build/my_msgss': CMAKE_PREFIX_PATH=${CMAKE_PREFIX_PATH}:/opt/ros/humble /usr/bin/cmake --build /home/mechax/zyb/radar_station/build/my_msgss -- -j16 -l16
[1.219s] [  1%] [34m[1mGenerating C code for ROS interfaces[0m
[1.229s] [  2%] [34m[1mGenerating C++ code for ROS interfaces[0m
[1.236s] [  2%] Built target ament_cmake_python_copy_my_msgss
[1.420s] running egg_info
[1.420s] creating my_msgss.egg-info
[1.420s] writing my_msgss.egg-info/PKG-INFO
[1.420s] writing dependency_links to my_msgss.egg-info/dependency_links.txt
[1.420s] writing top-level names to my_msgss.egg-info/top_level.txt
[1.421s] writing manifest file 'my_msgss.egg-info/SOURCES.txt'
[1.422s] reading manifest file 'my_msgss.egg-info/SOURCES.txt'
[1.422s] writing manifest file 'my_msgss.egg-info/SOURCES.txt'
[1.451s] [  2%] Built target ament_cmake_python_build_my_msgss_egg
[1.772s] [  4%] [32mBuilding C object CMakeFiles/my_msgss__rosidl_generator_c.dir/rosidl_generator_c/my_msgss/msg/detail/yolopoint__functions.c.o[0m
[1.776s] [ 11%] [32mBuilding C object CMakeFiles/my_msgss__rosidl_generator_c.dir/rosidl_generator_c/my_msgss/msg/detail/point__functions.c.o[0m
[1.776s] [ 11%] [32mBuilding C object CMakeFiles/my_msgss__rosidl_generator_c.dir/rosidl_generator_c/my_msgss/msg/detail/distpoints__functions.c.o[0m
[1.776s] [ 11%] [32mBuilding C object CMakeFiles/my_msgss__rosidl_generator_c.dir/rosidl_generator_c/my_msgss/msg/detail/distpoint__functions.c.o[0m
[1.776s] [ 11%] [32mBuilding C object CMakeFiles/my_msgss__rosidl_generator_c.dir/rosidl_generator_c/my_msgss/msg/detail/points__functions.c.o[0m
[1.776s] [ 11%] [32mBuilding C object CMakeFiles/my_msgss__rosidl_generator_c.dir/rosidl_generator_c/my_msgss/msg/detail/yolopoints__functions.c.o[0m
[1.835s] [ 11%] Built target my_msgss__cpp
[1.836s] [ 12%] [32m[1mLinking C shared library libmy_msgss__rosidl_generator_c.so[0m
[1.845s] [ 14%] [34m[1mGenerating C++ type support for eProsima Fast-RTPS[0m
[1.845s] [ 15%] [34m[1mGenerating C++ introspection for ROS interfaces[0m
[1.850s] [ 16%] [34m[1mGenerating C++ type support dispatch for ROS interfaces[0m
[1.882s] [ 16%] Built target my_msgss__rosidl_generator_c
[1.893s] [ 18%] [34m[1mGenerating C type support dispatch for ROS interfaces[0m
[1.896s] [ 21%] [34m[1mGenerating C type support for eProsima Fast-RTPS[0m
[1.896s] [ 21%] [34m[1mGenerating C introspection for ROS interfaces[0m
[2.191s] [ 23%] [32mBuilding CXX object CMakeFiles/my_msgss__rosidl_typesupport_introspection_cpp.dir/rosidl_typesupport_introspection_cpp/my_msgss/msg/detail/yolopoint__type_support.cpp.o[0m
[2.191s] [ 23%] [32mBuilding CXX object CMakeFiles/my_msgss__rosidl_typesupport_introspection_cpp.dir/rosidl_typesupport_introspection_cpp/my_msgss/msg/detail/yolopoints__type_support.cpp.o[0m
[2.207s] [ 25%] [32mBuilding CXX object CMakeFiles/my_msgss__rosidl_typesupport_introspection_cpp.dir/rosidl_typesupport_introspection_cpp/my_msgss/msg/detail/distpoint__type_support.cpp.o[0m
[2.214s] [ 26%] [32mBuilding CXX object CMakeFiles/my_msgss__rosidl_typesupport_introspection_cpp.dir/rosidl_typesupport_introspection_cpp/my_msgss/msg/detail/point__type_support.cpp.o[0m
[2.217s] [ 28%] [32mBuilding CXX object CMakeFiles/my_msgss__rosidl_typesupport_introspection_cpp.dir/rosidl_typesupport_introspection_cpp/my_msgss/msg/detail/distpoints__type_support.cpp.o[0m
[2.228s] [ 29%] [32mBuilding CXX object CMakeFiles/my_msgss__rosidl_typesupport_introspection_cpp.dir/rosidl_typesupport_introspection_cpp/my_msgss/msg/detail/points__type_support.cpp.o[0m
[2.410s] [ 30%] [32mBuilding CXX object CMakeFiles/my_msgss__rosidl_typesupport_c.dir/rosidl_typesupport_c/my_msgss/msg/yolopoint__type_support.cpp.o[0m
[2.423s] [ 32%] [32mBuilding CXX object CMakeFiles/my_msgss__rosidl_typesupport_c.dir/rosidl_typesupport_c/my_msgss/msg/yolopoints__type_support.cpp.o[0m
[2.427s] [ 33%] [32mBuilding CXX object CMakeFiles/my_msgss__rosidl_typesupport_c.dir/rosidl_typesupport_c/my_msgss/msg/distpoint__type_support.cpp.o[0m
[2.448s] [ 35%] [32mBuilding CXX object CMakeFiles/my_msgss__rosidl_typesupport_c.dir/rosidl_typesupport_c/my_msgss/msg/point__type_support.cpp.o[0m
[2.455s] [ 36%] [32mBuilding CXX object CMakeFiles/my_msgss__rosidl_typesupport_c.dir/rosidl_typesupport_c/my_msgss/msg/distpoints__type_support.cpp.o[0m
[2.551s] [ 38%] [32mBuilding CXX object CMakeFiles/my_msgss__rosidl_typesupport_cpp.dir/rosidl_typesupport_cpp/my_msgss/msg/yolopoint__type_support.cpp.o[0m
[2.571s] [ 39%] [32mBuilding CXX object CMakeFiles/my_msgss__rosidl_typesupport_c.dir/rosidl_typesupport_c/my_msgss/msg/points__type_support.cpp.o[0m
[2.594s] [ 40%] [32mBuilding CXX object CMakeFiles/my_msgss__rosidl_typesupport_cpp.dir/rosidl_typesupport_cpp/my_msgss/msg/yolopoints__type_support.cpp.o[0m
[2.654s] [ 42%] [32mBuilding CXX object CMakeFiles/my_msgss__rosidl_typesupport_cpp.dir/rosidl_typesupport_cpp/my_msgss/msg/distpoint__type_support.cpp.o[0m
[2.683s] [ 43%] [32mBuilding CXX object CMakeFiles/my_msgss__rosidl_typesupport_cpp.dir/rosidl_typesupport_cpp/my_msgss/msg/distpoints__type_support.cpp.o[0m
[2.705s] [ 45%] [32m[1mLinking CXX shared library libmy_msgss__rosidl_typesupport_c.so[0m
[2.717s] [ 46%] [32mBuilding CXX object CMakeFiles/my_msgss__rosidl_typesupport_cpp.dir/rosidl_typesupport_cpp/my_msgss/msg/point__type_support.cpp.o[0m
[2.848s] [ 47%] [32mBuilding C object CMakeFiles/my_msgss__rosidl_typesupport_introspection_c.dir/rosidl_typesupport_introspection_c/my_msgss/msg/detail/yolopoint__type_support.c.o[0m
[2.872s] [ 49%] Built target my_msgss__rosidl_typesupport_c
[2.882s] [ 49%] [32mBuilding CXX object CMakeFiles/my_msgss__rosidl_typesupport_cpp.dir/rosidl_typesupport_cpp/my_msgss/msg/points__type_support.cpp.o[0m
[2.901s] [ 50%] [32mBuilding C object CMakeFiles/my_msgss__rosidl_typesupport_introspection_c.dir/rosidl_typesupport_introspection_c/my_msgss/msg/detail/yolopoints__type_support.c.o[0m
[2.938s] [ 53%] [32mBuilding CXX object CMakeFiles/my_msgss__rosidl_typesupport_fastrtps_cpp.dir/rosidl_typesupport_fastrtps_cpp/my_msgss/msg/detail/dds_fastrtps/yolopoint__type_support.cpp.o[0m
[2.939s] [ 53%] [32mBuilding C object CMakeFiles/my_msgss__rosidl_typesupport_introspection_c.dir/rosidl_typesupport_introspection_c/my_msgss/msg/detail/distpoint__type_support.c.o[0m
[2.939s] [ 54%] [32mBuilding C object CMakeFiles/my_msgss__rosidl_typesupport_introspection_c.dir/rosidl_typesupport_introspection_c/my_msgss/msg/detail/distpoints__type_support.c.o[0m
[2.978s] [ 56%] [32mBuilding CXX object CMakeFiles/my_msgss__rosidl_typesupport_fastrtps_cpp.dir/rosidl_typesupport_fastrtps_cpp/my_msgss/msg/detail/dds_fastrtps/yolopoints__type_support.cpp.o[0m
[2.993s] [ 57%] [32mBuilding C object CMakeFiles/my_msgss__rosidl_typesupport_introspection_c.dir/rosidl_typesupport_introspection_c/my_msgss/msg/detail/point__type_support.c.o[0m
[3.009s] [ 59%] [32mBuilding CXX object CMakeFiles/my_msgss__rosidl_typesupport_fastrtps_cpp.dir/rosidl_typesupport_fastrtps_cpp/my_msgss/msg/detail/dds_fastrtps/distpoint__type_support.cpp.o[0m
[3.038s] [ 60%] [32mBuilding CXX object CMakeFiles/my_msgss__rosidl_typesupport_fastrtps_cpp.dir/rosidl_typesupport_fastrtps_cpp/my_msgss/msg/detail/dds_fastrtps/distpoints__type_support.cpp.o[0m
[3.052s] [ 61%] [32mBuilding C object CMakeFiles/my_msgss__rosidl_typesupport_introspection_c.dir/rosidl_typesupport_introspection_c/my_msgss/msg/detail/points__type_support.c.o[0m
[3.085s] [ 63%] [32mBuilding CXX object CMakeFiles/my_msgss__rosidl_typesupport_fastrtps_cpp.dir/rosidl_typesupport_fastrtps_cpp/my_msgss/msg/detail/dds_fastrtps/point__type_support.cpp.o[0m
[3.115s] [ 64%] [32mBuilding CXX object CMakeFiles/my_msgss__rosidl_typesupport_fastrtps_cpp.dir/rosidl_typesupport_fastrtps_cpp/my_msgss/msg/detail/dds_fastrtps/points__type_support.cpp.o[0m
[3.115s] [ 66%] [32mBuilding CXX object CMakeFiles/my_msgss__rosidl_typesupport_fastrtps_c.dir/rosidl_typesupport_fastrtps_c/my_msgss/msg/detail/yolopoint__type_support_c.cpp.o[0m
[3.122s] [ 67%] [32mBuilding CXX object CMakeFiles/my_msgss__rosidl_typesupport_fastrtps_c.dir/rosidl_typesupport_fastrtps_c/my_msgss/msg/detail/yolopoints__type_support_c.cpp.o[0m
[3.163s] [ 69%] [32mBuilding CXX object CMakeFiles/my_msgss__rosidl_typesupport_fastrtps_c.dir/rosidl_typesupport_fastrtps_c/my_msgss/msg/detail/distpoint__type_support_c.cpp.o[0m
[3.183s] [ 70%] [32m[1mLinking CXX shared library libmy_msgss__rosidl_typesupport_introspection_cpp.so[0m
[3.217s] [ 71%] [32m[1mLinking C shared library libmy_msgss__rosidl_typesupport_introspection_c.so[0m
[3.218s] [ 73%] [32mBuilding CXX object CMakeFiles/my_msgss__rosidl_typesupport_fastrtps_c.dir/rosidl_typesupport_fastrtps_c/my_msgss/msg/detail/distpoints__type_support_c.cpp.o[0m
[3.399s] [ 74%] [32mBuilding CXX object CMakeFiles/my_msgss__rosidl_typesupport_fastrtps_c.dir/rosidl_typesupport_fastrtps_c/my_msgss/msg/detail/point__type_support_c.cpp.o[0m
[3.399s] [ 74%] Built target my_msgss__rosidl_typesupport_introspection_c
[3.433s] [ 74%] Built target my_msgss__rosidl_typesupport_introspection_cpp
[3.449s] [ 76%] [32mBuilding CXX object CMakeFiles/my_msgss__rosidl_typesupport_fastrtps_c.dir/rosidl_typesupport_fastrtps_c/my_msgss/msg/detail/points__type_support_c.cpp.o[0m
[3.637s] [ 77%] [32m[1mLinking CXX shared library libmy_msgss__rosidl_typesupport_cpp.so[0m
[3.801s] [ 77%] Built target my_msgss__rosidl_typesupport_cpp
[4.006s] [ 78%] [32m[1mLinking CXX shared library libmy_msgss__rosidl_typesupport_fastrtps_cpp.so[0m
[4.020s] [ 80%] [32m[1mLinking CXX shared library libmy_msgss__rosidl_typesupport_fastrtps_c.so[0m
[4.186s] [ 80%] Built target my_msgss__rosidl_typesupport_fastrtps_cpp
[4.190s] [ 80%] Built target my_msgss__rosidl_typesupport_fastrtps_c
[4.222s] [ 80%] Built target my_msgss
[4.256s] [ 81%] [34m[1mGenerating Python code for ROS interfaces[0m
[5.118s] [ 81%] Built target my_msgss__py
[5.146s] [ 83%] [32mBuilding C object CMakeFiles/my_msgss__rosidl_generator_py.dir/rosidl_generator_py/my_msgss/msg/_points_s.c.o[0m
[5.147s] [ 90%] [32mBuilding C object CMakeFiles/my_msgss__rosidl_generator_py.dir/rosidl_generator_py/my_msgss/msg/_point_s.c.o[0m
[5.147s] [ 90%] [32mBuilding C object CMakeFiles/my_msgss__rosidl_generator_py.dir/rosidl_generator_py/my_msgss/msg/_yolopoint_s.c.o[0m
[5.148s] [ 90%] [32mBuilding C object CMakeFiles/my_msgss__rosidl_generator_py.dir/rosidl_generator_py/my_msgss/msg/_distpoints_s.c.o[0m
[5.148s] [ 90%] [32mBuilding C object CMakeFiles/my_msgss__rosidl_generator_py.dir/rosidl_generator_py/my_msgss/msg/_distpoint_s.c.o[0m
[5.148s] [ 90%] [32mBuilding C object CMakeFiles/my_msgss__rosidl_generator_py.dir/rosidl_generator_py/my_msgss/msg/_yolopoints_s.c.o[0m
[5.288s] [ 91%] [32m[1mLinking C shared library rosidl_generator_py/my_msgss/libmy_msgss__rosidl_generator_py.so[0m
[5.323s] [ 91%] Built target my_msgss__rosidl_generator_py
[5.344s] [ 92%] [32mBuilding C object CMakeFiles/my_msgss__rosidl_typesupport_fastrtps_c__pyext.dir/rosidl_generator_py/my_msgss/_my_msgss_s.ep.rosidl_typesupport_fastrtps_c.c.o[0m
[5.350s] [ 94%] [32mBuilding C object CMakeFiles/my_msgss__rosidl_typesupport_c__pyext.dir/rosidl_generator_py/my_msgss/_my_msgss_s.ep.rosidl_typesupport_c.c.o[0m
[5.353s] [ 95%] [32mBuilding C object CMakeFiles/my_msgss__rosidl_typesupport_introspection_c__pyext.dir/rosidl_generator_py/my_msgss/_my_msgss_s.ep.rosidl_typesupport_introspection_c.c.o[0m
[5.435s] [ 97%] [32m[1mLinking C shared library rosidl_generator_py/my_msgss/my_msgss_s__rosidl_typesupport_c.cpython-310-x86_64-linux-gnu.so[0m
[5.469s] [ 97%] Built target my_msgss__rosidl_typesupport_c__pyext
[5.488s] [ 98%] [32m[1mLinking C shared library rosidl_generator_py/my_msgss/my_msgss_s__rosidl_typesupport_fastrtps_c.cpython-310-x86_64-linux-gnu.so[0m
[5.501s] [100%] [32m[1mLinking C shared library rosidl_generator_py/my_msgss/my_msgss_s__rosidl_typesupport_introspection_c.cpython-310-x86_64-linux-gnu.so[0m
[5.519s] [100%] Built target my_msgss__rosidl_typesupport_fastrtps_c__pyext
[5.540s] [100%] Built target my_msgss__rosidl_typesupport_introspection_c__pyext
[5.552s] Invoked command in '/home/mechax/zyb/radar_station/build/my_msgss' returned '0': CMAKE_PREFIX_PATH=${CMAKE_PREFIX_PATH}:/opt/ros/humble /usr/bin/cmake --build /home/mechax/zyb/radar_station/build/my_msgss -- -j16 -l16
[5.703s] Invoking command in '/home/mechax/zyb/radar_station/build/my_msgss': CMAKE_PREFIX_PATH=${CMAKE_PREFIX_PATH}:/opt/ros/humble /usr/bin/cmake --install /home/mechax/zyb/radar_station/build/my_msgss
[5.716s] -- Install configuration: ""
[5.716s] -- Installing: /home/mechax/zyb/radar_station/install/my_msgss/share/ament_index/resource_index/rosidl_interfaces/my_msgss
[5.716s] -- Installing: /home/mechax/zyb/radar_station/install/my_msgss/include/my_msgss/my_msgss
[5.716s] -- Installing: /home/mechax/zyb/radar_station/install/my_msgss/include/my_msgss/my_msgss/msg
[5.716s] -- Installing: /home/mechax/zyb/radar_station/install/my_msgss/include/my_msgss/my_msgss/msg/yolopoints.h
[5.716s] -- Installing: /home/mechax/zyb/radar_station/install/my_msgss/include/my_msgss/my_msgss/msg/distpoint.h
[5.716s] -- Installing: /home/mechax/zyb/radar_station/install/my_msgss/include/my_msgss/my_msgss/msg/detail
[5.717s] -- Installing: /home/mechax/zyb/radar_station/install/my_msgss/include/my_msgss/my_msgss/msg/detail/distpoints__struct.h
[5.717s] -- Installing: /home/mechax/zyb/radar_station/install/my_msgss/include/my_msgss/my_msgss/msg/detail/point__functions.c
[5.717s] -- Installing: /home/mechax/zyb/radar_station/install/my_msgss/include/my_msgss/my_msgss/msg/detail/points__functions.c
[5.717s] -- Installing: /home/mechax/zyb/radar_station/install/my_msgss/include/my_msgss/my_msgss/msg/detail/distpoint__type_support.h
[5.717s] -- Installing: /home/mechax/zyb/radar_station/install/my_msgss/include/my_msgss/my_msgss/msg/detail/points__struct.h
[5.717s] -- Installing: /home/mechax/zyb/radar_station/install/my_msgss/include/my_msgss/my_msgss/msg/detail/point__struct.h
[5.717s] -- Installing: /home/mechax/zyb/radar_station/install/my_msgss/include/my_msgss/my_msgss/msg/detail/distpoint__functions.c
[5.717s] -- Installing: /home/mechax/zyb/radar_station/install/my_msgss/include/my_msgss/my_msgss/msg/detail/yolopoint__struct.h
[5.717s] -- Installing: /home/mechax/zyb/radar_station/install/my_msgss/include/my_msgss/my_msgss/msg/detail/points__type_support.h
[5.717s] -- Installing: /home/mechax/zyb/radar_station/install/my_msgss/include/my_msgss/my_msgss/msg/detail/distpoint__struct.h
[5.717s] -- Installing: /home/mechax/zyb/radar_station/install/my_msgss/include/my_msgss/my_msgss/msg/detail/yolopoints__functions.c
[5.718s] -- Installing: /home/mechax/zyb/radar_station/install/my_msgss/include/my_msgss/my_msgss/msg/detail/yolopoints__struct.h
[5.718s] -- Installing: /home/mechax/zyb/radar_station/install/my_msgss/include/my_msgss/my_msgss/msg/detail/yolopoint__functions.c
[5.718s] -- Installing: /home/mechax/zyb/radar_station/install/my_msgss/include/my_msgss/my_msgss/msg/detail/distpoints__functions.h
[5.718s] -- Installing: /home/mechax/zyb/radar_station/install/my_msgss/include/my_msgss/my_msgss/msg/detail/yolopoints__type_support.h
[5.718s] -- Installing: /home/mechax/zyb/radar_station/install/my_msgss/include/my_msgss/my_msgss/msg/detail/yolopoints__functions.h
[5.718s] -- Installing: /home/mechax/zyb/radar_station/install/my_msgss/include/my_msgss/my_msgss/msg/detail/distpoints__functions.c
[5.718s] -- Installing: /home/mechax/zyb/radar_station/install/my_msgss/include/my_msgss/my_msgss/msg/detail/yolopoint__type_support.h
[5.718s] -- Installing: /home/mechax/zyb/radar_station/install/my_msgss/include/my_msgss/my_msgss/msg/detail/yolopoint__functions.h
[5.718s] -- Installing: /home/mechax/zyb/radar_station/install/my_msgss/include/my_msgss/my_msgss/msg/detail/points__functions.h
[5.718s] -- Installing: /home/mechax/zyb/radar_station/install/my_msgss/include/my_msgss/my_msgss/msg/detail/point__type_support.h
[5.718s] -- Installing: /home/mechax/zyb/radar_station/install/my_msgss/include/my_msgss/my_msgss/msg/detail/distpoints__type_support.h
[5.718s] -- Installing: /home/mechax/zyb/radar_station/install/my_msgss/include/my_msgss/my_msgss/msg/detail/point__functions.h
[5.719s] -- Installing: /home/mechax/zyb/radar_station/install/my_msgss/include/my_msgss/my_msgss/msg/detail/distpoint__functions.h
[5.719s] -- Installing: /home/mechax/zyb/radar_station/install/my_msgss/include/my_msgss/my_msgss/msg/rosidl_generator_c__visibility_control.h
[5.719s] -- Installing: /home/mechax/zyb/radar_station/install/my_msgss/include/my_msgss/my_msgss/msg/distpoints.h
[5.719s] -- Installing: /home/mechax/zyb/radar_station/install/my_msgss/include/my_msgss/my_msgss/msg/yolopoint.h
[5.719s] -- Installing: /home/mechax/zyb/radar_station/install/my_msgss/include/my_msgss/my_msgss/msg/point.h
[5.719s] -- Installing: /home/mechax/zyb/radar_station/install/my_msgss/include/my_msgss/my_msgss/msg/points.h
[5.719s] -- Installing: /home/mechax/zyb/radar_station/install/my_msgss/share/my_msgss/environment/library_path.sh
[5.719s] -- Installing: /home/mechax/zyb/radar_station/install/my_msgss/share/my_msgss/environment/library_path.dsv
[5.719s] -- Installing: /home/mechax/zyb/radar_station/install/my_msgss/lib/libmy_msgss__rosidl_generator_c.so
[5.720s] -- Set runtime path of "/home/mechax/zyb/radar_station/install/my_msgss/lib/libmy_msgss__rosidl_generator_c.so" to ""
[5.720s] -- Up-to-date: /home/mechax/zyb/radar_station/install/my_msgss/include/my_msgss/my_msgss
[5.720s] -- Up-to-date: /home/mechax/zyb/radar_station/install/my_msgss/include/my_msgss/my_msgss/msg
[5.720s] -- Up-to-date: /home/mechax/zyb/radar_station/install/my_msgss/include/my_msgss/my_msgss/msg/detail
[5.720s] -- Installing: /home/mechax/zyb/radar_station/install/my_msgss/include/my_msgss/my_msgss/msg/detail/distpoints__rosidl_typesupport_fastrtps_c.h
[5.720s] -- Installing: /home/mechax/zyb/radar_station/install/my_msgss/include/my_msgss/my_msgss/msg/detail/yolopoint__rosidl_typesupport_fastrtps_c.h
[5.720s] -- Installing: /home/mechax/zyb/radar_station/install/my_msgss/include/my_msgss/my_msgss/msg/detail/point__rosidl_typesupport_fastrtps_c.h
[5.720s] -- Installing: /home/mechax/zyb/radar_station/install/my_msgss/include/my_msgss/my_msgss/msg/detail/yolopoints__rosidl_typesupport_fastrtps_c.h
[5.720s] -- Installing: /home/mechax/zyb/radar_station/install/my_msgss/include/my_msgss/my_msgss/msg/detail/points__rosidl_typesupport_fastrtps_c.h
[5.721s] -- Installing: /home/mechax/zyb/radar_station/install/my_msgss/include/my_msgss/my_msgss/msg/detail/distpoint__rosidl_typesupport_fastrtps_c.h
[5.721s] -- Installing: /home/mechax/zyb/radar_station/install/my_msgss/include/my_msgss/my_msgss/msg/rosidl_typesupport_fastrtps_c__visibility_control.h
[5.721s] -- Installing: /home/mechax/zyb/radar_station/install/my_msgss/lib/libmy_msgss__rosidl_typesupport_fastrtps_c.so
[5.721s] -- Set runtime path of "/home/mechax/zyb/radar_station/install/my_msgss/lib/libmy_msgss__rosidl_typesupport_fastrtps_c.so" to ""
[5.721s] -- Up-to-date: /home/mechax/zyb/radar_station/install/my_msgss/include/my_msgss/my_msgss
[5.721s] -- Up-to-date: /home/mechax/zyb/radar_station/install/my_msgss/include/my_msgss/my_msgss/msg
[5.721s] -- Installing: /home/mechax/zyb/radar_station/install/my_msgss/include/my_msgss/my_msgss/msg/rosidl_typesupport_introspection_c__visibility_control.h
[5.721s] -- Up-to-date: /home/mechax/zyb/radar_station/install/my_msgss/include/my_msgss/my_msgss/msg/detail
[5.721s] -- Installing: /home/mechax/zyb/radar_station/install/my_msgss/include/my_msgss/my_msgss/msg/detail/distpoints__rosidl_typesupport_introspection_c.h
[5.721s] -- Installing: /home/mechax/zyb/radar_station/install/my_msgss/include/my_msgss/my_msgss/msg/detail/points__type_support.c
[5.722s] -- Installing: /home/mechax/zyb/radar_station/install/my_msgss/include/my_msgss/my_msgss/msg/detail/points__rosidl_typesupport_introspection_c.h
[5.722s] -- Installing: /home/mechax/zyb/radar_station/install/my_msgss/include/my_msgss/my_msgss/msg/detail/distpoint__rosidl_typesupport_introspection_c.h
[5.722s] -- Installing: /home/mechax/zyb/radar_station/install/my_msgss/include/my_msgss/my_msgss/msg/detail/point__rosidl_typesupport_introspection_c.h
[5.722s] -- Installing: /home/mechax/zyb/radar_station/install/my_msgss/include/my_msgss/my_msgss/msg/detail/distpoint__type_support.c
[5.722s] -- Installing: /home/mechax/zyb/radar_station/install/my_msgss/include/my_msgss/my_msgss/msg/detail/yolopoints__type_support.c
[5.722s] -- Installing: /home/mechax/zyb/radar_station/install/my_msgss/include/my_msgss/my_msgss/msg/detail/yolopoint__type_support.c
[5.722s] -- Installing: /home/mechax/zyb/radar_station/install/my_msgss/include/my_msgss/my_msgss/msg/detail/yolopoints__rosidl_typesupport_introspection_c.h
[5.722s] -- Installing: /home/mechax/zyb/radar_station/install/my_msgss/include/my_msgss/my_msgss/msg/detail/distpoints__type_support.c
[5.722s] -- Installing: /home/mechax/zyb/radar_station/install/my_msgss/include/my_msgss/my_msgss/msg/detail/point__type_support.c
[5.723s] -- Installing: /home/mechax/zyb/radar_station/install/my_msgss/include/my_msgss/my_msgss/msg/detail/yolopoint__rosidl_typesupport_introspection_c.h
[5.723s] -- Installing: /home/mechax/zyb/radar_station/install/my_msgss/lib/libmy_msgss__rosidl_typesupport_introspection_c.so
[5.723s] -- Set runtime path of "/home/mechax/zyb/radar_station/install/my_msgss/lib/libmy_msgss__rosidl_typesupport_introspection_c.so" to ""
[5.723s] -- Installing: /home/mechax/zyb/radar_station/install/my_msgss/lib/libmy_msgss__rosidl_typesupport_c.so
[5.723s] -- Set runtime path of "/home/mechax/zyb/radar_station/install/my_msgss/lib/libmy_msgss__rosidl_typesupport_c.so" to ""
[5.723s] -- Up-to-date: /home/mechax/zyb/radar_station/install/my_msgss/include/my_msgss/my_msgss
[5.723s] -- Up-to-date: /home/mechax/zyb/radar_station/install/my_msgss/include/my_msgss/my_msgss/msg
[5.723s] -- Installing: /home/mechax/zyb/radar_station/install/my_msgss/include/my_msgss/my_msgss/msg/distpoints.hpp
[5.723s] -- Up-to-date: /home/mechax/zyb/radar_station/install/my_msgss/include/my_msgss/my_msgss/msg/detail
[5.723s] -- Installing: /home/mechax/zyb/radar_station/install/my_msgss/include/my_msgss/my_msgss/msg/detail/point__traits.hpp
[5.724s] -- Installing: /home/mechax/zyb/radar_station/install/my_msgss/include/my_msgss/my_msgss/msg/detail/point__struct.hpp
[5.724s] -- Installing: /home/mechax/zyb/radar_station/install/my_msgss/include/my_msgss/my_msgss/msg/detail/distpoint__traits.hpp
[5.724s] -- Installing: /home/mechax/zyb/radar_station/install/my_msgss/include/my_msgss/my_msgss/msg/detail/points__struct.hpp
[5.724s] -- Installing: /home/mechax/zyb/radar_station/install/my_msgss/include/my_msgss/my_msgss/msg/detail/distpoints__builder.hpp
[5.724s] -- Installing: /home/mechax/zyb/radar_station/install/my_msgss/include/my_msgss/my_msgss/msg/detail/yolopoints__traits.hpp
[5.724s] -- Installing: /home/mechax/zyb/radar_station/install/my_msgss/include/my_msgss/my_msgss/msg/detail/distpoint__builder.hpp
[5.724s] -- Installing: /home/mechax/zyb/radar_station/install/my_msgss/include/my_msgss/my_msgss/msg/detail/distpoints__traits.hpp
[5.724s] -- Installing: /home/mechax/zyb/radar_station/install/my_msgss/include/my_msgss/my_msgss/msg/detail/points__builder.hpp
[5.724s] -- Installing: /home/mechax/zyb/radar_station/install/my_msgss/include/my_msgss/my_msgss/msg/detail/yolopoint__traits.hpp
[5.724s] -- Installing: /home/mechax/zyb/radar_station/install/my_msgss/include/my_msgss/my_msgss/msg/detail/points__traits.hpp
[5.724s] -- Installing: /home/mechax/zyb/radar_station/install/my_msgss/include/my_msgss/my_msgss/msg/detail/yolopoint__builder.hpp
[5.725s] -- Installing: /home/mechax/zyb/radar_station/install/my_msgss/include/my_msgss/my_msgss/msg/detail/yolopoints__struct.hpp
[5.725s] -- Installing: /home/mechax/zyb/radar_station/install/my_msgss/include/my_msgss/my_msgss/msg/detail/distpoints__struct.hpp
[5.725s] -- Installing: /home/mechax/zyb/radar_station/install/my_msgss/include/my_msgss/my_msgss/msg/detail/yolopoints__builder.hpp
[5.725s] -- Installing: /home/mechax/zyb/radar_station/install/my_msgss/include/my_msgss/my_msgss/msg/detail/yolopoint__struct.hpp
[5.725s] -- Installing: /home/mechax/zyb/radar_station/install/my_msgss/include/my_msgss/my_msgss/msg/detail/point__builder.hpp
[5.726s] -- Installing: /home/mechax/zyb/radar_station/install/my_msgss/include/my_msgss/my_msgss/msg/detail/distpoint__struct.hpp
[5.726s] -- Installing: /home/mechax/zyb/radar_station/install/my_msgss/include/my_msgss/my_msgss/msg/distpoint.hpp
[5.726s] -- Installing: /home/mechax/zyb/radar_station/install/my_msgss/include/my_msgss/my_msgss/msg/yolopoint.hpp
[5.726s] -- Installing: /home/mechax/zyb/radar_station/install/my_msgss/include/my_msgss/my_msgss/msg/yolopoints.hpp
[5.726s] -- Installing: /home/mechax/zyb/radar_station/install/my_msgss/include/my_msgss/my_msgss/msg/point.hpp
[5.726s] -- Installing: /home/mechax/zyb/radar_station/install/my_msgss/include/my_msgss/my_msgss/msg/points.hpp
[5.727s] -- Up-to-date: /home/mechax/zyb/radar_station/install/my_msgss/include/my_msgss/my_msgss
[5.727s] -- Up-to-date: /home/mechax/zyb/radar_station/install/my_msgss/include/my_msgss/my_msgss/msg
[5.727s] -- Up-to-date: /home/mechax/zyb/radar_station/install/my_msgss/include/my_msgss/my_msgss/msg/detail
[5.727s] -- Installing: /home/mechax/zyb/radar_station/install/my_msgss/include/my_msgss/my_msgss/msg/detail/point__rosidl_typesupport_fastrtps_cpp.hpp
[5.727s] -- Installing: /home/mechax/zyb/radar_station/install/my_msgss/include/my_msgss/my_msgss/msg/detail/yolopoints__rosidl_typesupport_fastrtps_cpp.hpp
[5.727s] -- Installing: /home/mechax/zyb/radar_station/install/my_msgss/include/my_msgss/my_msgss/msg/detail/distpoint__rosidl_typesupport_fastrtps_cpp.hpp
[5.727s] -- Installing: /home/mechax/zyb/radar_station/install/my_msgss/include/my_msgss/my_msgss/msg/detail/points__rosidl_typesupport_fastrtps_cpp.hpp
[5.727s] -- Installing: /home/mechax/zyb/radar_station/install/my_msgss/include/my_msgss/my_msgss/msg/detail/distpoints__rosidl_typesupport_fastrtps_cpp.hpp
[5.728s] -- Installing: /home/mechax/zyb/radar_station/install/my_msgss/include/my_msgss/my_msgss/msg/detail/yolopoint__rosidl_typesupport_fastrtps_cpp.hpp
[5.728s] -- Installing: /home/mechax/zyb/radar_station/install/my_msgss/include/my_msgss/my_msgss/msg/detail/dds_fastrtps
[5.728s] -- Installing: /home/mechax/zyb/radar_station/install/my_msgss/include/my_msgss/my_msgss/msg/rosidl_typesupport_fastrtps_cpp__visibility_control.h
[5.728s] -- Installing: /home/mechax/zyb/radar_station/install/my_msgss/lib/libmy_msgss__rosidl_typesupport_fastrtps_cpp.so
[5.728s] -- Set runtime path of "/home/mechax/zyb/radar_station/install/my_msgss/lib/libmy_msgss__rosidl_typesupport_fastrtps_cpp.so" to ""
[5.728s] -- Up-to-date: /home/mechax/zyb/radar_station/install/my_msgss/include/my_msgss/my_msgss
[5.728s] -- Up-to-date: /home/mechax/zyb/radar_station/install/my_msgss/include/my_msgss/my_msgss/msg
[5.728s] -- Up-to-date: /home/mechax/zyb/radar_station/install/my_msgss/include/my_msgss/my_msgss/msg/detail
[5.728s] -- Installing: /home/mechax/zyb/radar_station/install/my_msgss/include/my_msgss/my_msgss/msg/detail/distpoints__rosidl_typesupport_introspection_cpp.hpp
[5.728s] -- Installing: /home/mechax/zyb/radar_station/install/my_msgss/include/my_msgss/my_msgss/msg/detail/distpoint__type_support.cpp
[5.729s] -- Installing: /home/mechax/zyb/radar_station/install/my_msgss/include/my_msgss/my_msgss/msg/detail/yolopoints__type_support.cpp
[5.729s] -- Installing: /home/mechax/zyb/radar_station/install/my_msgss/include/my_msgss/my_msgss/msg/detail/distpoint__rosidl_typesupport_introspection_cpp.hpp
[5.729s] -- Installing: /home/mechax/zyb/radar_station/install/my_msgss/include/my_msgss/my_msgss/msg/detail/yolopoint__type_support.cpp
[5.729s] -- Installing: /home/mechax/zyb/radar_station/install/my_msgss/include/my_msgss/my_msgss/msg/detail/yolopoints__rosidl_typesupport_introspection_cpp.hpp
[5.729s] -- Installing: /home/mechax/zyb/radar_station/install/my_msgss/include/my_msgss/my_msgss/msg/detail/point__type_support.cpp
[5.729s] -- Installing: /home/mechax/zyb/radar_station/install/my_msgss/include/my_msgss/my_msgss/msg/detail/point__rosidl_typesupport_introspection_cpp.hpp
[5.729s] -- Installing: /home/mechax/zyb/radar_station/install/my_msgss/include/my_msgss/my_msgss/msg/detail/yolopoint__rosidl_typesupport_introspection_cpp.hpp
[5.729s] -- Installing: /home/mechax/zyb/radar_station/install/my_msgss/include/my_msgss/my_msgss/msg/detail/points__rosidl_typesupport_introspection_cpp.hpp
[5.729s] -- Installing: /home/mechax/zyb/radar_station/install/my_msgss/include/my_msgss/my_msgss/msg/detail/points__type_support.cpp
[5.729s] -- Installing: /home/mechax/zyb/radar_station/install/my_msgss/include/my_msgss/my_msgss/msg/detail/distpoints__type_support.cpp
[5.730s] -- Installing: /home/mechax/zyb/radar_station/install/my_msgss/lib/libmy_msgss__rosidl_typesupport_introspection_cpp.so
[5.730s] -- Set runtime path of "/home/mechax/zyb/radar_station/install/my_msgss/lib/libmy_msgss__rosidl_typesupport_introspection_cpp.so" to ""
[5.731s] -- Installing: /home/mechax/zyb/radar_station/install/my_msgss/lib/libmy_msgss__rosidl_typesupport_cpp.so
[5.731s] -- Set runtime path of "/home/mechax/zyb/radar_station/install/my_msgss/lib/libmy_msgss__rosidl_typesupport_cpp.so" to ""
[5.731s] -- Installing: /home/mechax/zyb/radar_station/install/my_msgss/share/my_msgss/environment/pythonpath.sh
[5.731s] -- Installing: /home/mechax/zyb/radar_station/install/my_msgss/share/my_msgss/environment/pythonpath.dsv
[5.731s] -- Installing: /home/mechax/zyb/radar_station/install/my_msgss/local/lib/python3.10/dist-packages/my_msgss-0.0.0-py3.10.egg-info
[5.731s] -- Installing: /home/mechax/zyb/radar_station/install/my_msgss/local/lib/python3.10/dist-packages/my_msgss-0.0.0-py3.10.egg-info/SOURCES.txt
[5.731s] -- Installing: /home/mechax/zyb/radar_station/install/my_msgss/local/lib/python3.10/dist-packages/my_msgss-0.0.0-py3.10.egg-info/top_level.txt
[5.731s] -- Installing: /home/mechax/zyb/radar_station/install/my_msgss/local/lib/python3.10/dist-packages/my_msgss-0.0.0-py3.10.egg-info/PKG-INFO
[5.731s] -- Installing: /home/mechax/zyb/radar_station/install/my_msgss/local/lib/python3.10/dist-packages/my_msgss-0.0.0-py3.10.egg-info/dependency_links.txt
[5.731s] -- Installing: /home/mechax/zyb/radar_station/install/my_msgss/local/lib/python3.10/dist-packages/my_msgss
[5.732s] -- Installing: /home/mechax/zyb/radar_station/install/my_msgss/local/lib/python3.10/dist-packages/my_msgss/msg
[5.732s] -- Installing: /home/mechax/zyb/radar_station/install/my_msgss/local/lib/python3.10/dist-packages/my_msgss/msg/_yolopoints.py
[5.732s] -- Installing: /home/mechax/zyb/radar_station/install/my_msgss/local/lib/python3.10/dist-packages/my_msgss/msg/_yolopoint_s.c
[5.732s] -- Installing: /home/mechax/zyb/radar_station/install/my_msgss/local/lib/python3.10/dist-packages/my_msgss/msg/_distpoints.py
[5.732s] -- Installing: /home/mechax/zyb/radar_station/install/my_msgss/local/lib/python3.10/dist-packages/my_msgss/msg/_point_s.c
[5.732s] -- Installing: /home/mechax/zyb/radar_station/install/my_msgss/local/lib/python3.10/dist-packages/my_msgss/msg/_yolopoint.py
[5.732s] -- Installing: /home/mechax/zyb/radar_station/install/my_msgss/local/lib/python3.10/dist-packages/my_msgss/msg/_distpoint.py
[5.732s] -- Installing: /home/mechax/zyb/radar_station/install/my_msgss/local/lib/python3.10/dist-packages/my_msgss/msg/_yolopoints_s.c
[5.732s] -- Installing: /home/mechax/zyb/radar_station/install/my_msgss/local/lib/python3.10/dist-packages/my_msgss/msg/_point.py
[5.732s] -- Installing: /home/mechax/zyb/radar_station/install/my_msgss/local/lib/python3.10/dist-packages/my_msgss/msg/_points.py
[5.732s] -- Installing: /home/mechax/zyb/radar_station/install/my_msgss/local/lib/python3.10/dist-packages/my_msgss/msg/_points_s.c
[5.732s] -- Installing: /home/mechax/zyb/radar_station/install/my_msgss/local/lib/python3.10/dist-packages/my_msgss/msg/_distpoint_s.c
[5.733s] -- Installing: /home/mechax/zyb/radar_station/install/my_msgss/local/lib/python3.10/dist-packages/my_msgss/msg/__init__.py
[5.733s] -- Installing: /home/mechax/zyb/radar_station/install/my_msgss/local/lib/python3.10/dist-packages/my_msgss/msg/_distpoints_s.c
[5.733s] -- Installing: /home/mechax/zyb/radar_station/install/my_msgss/local/lib/python3.10/dist-packages/my_msgss/_my_msgss_s.ep.rosidl_typesupport_c.c
[5.733s] -- Installing: /home/mechax/zyb/radar_station/install/my_msgss/local/lib/python3.10/dist-packages/my_msgss/my_msgss_s__rosidl_typesupport_fastrtps_c.cpython-310-x86_64-linux-gnu.so
[5.733s] -- Installing: /home/mechax/zyb/radar_station/install/my_msgss/local/lib/python3.10/dist-packages/my_msgss/_my_msgss_s.ep.rosidl_typesupport_introspection_c.c
[5.733s] -- Installing: /home/mechax/zyb/radar_station/install/my_msgss/local/lib/python3.10/dist-packages/my_msgss/_my_msgss_s.ep.rosidl_typesupport_fastrtps_c.c
[5.733s] -- Installing: /home/mechax/zyb/radar_station/install/my_msgss/local/lib/python3.10/dist-packages/my_msgss/my_msgss_s__rosidl_typesupport_c.cpython-310-x86_64-linux-gnu.so
[5.733s] -- Installing: /home/mechax/zyb/radar_station/install/my_msgss/local/lib/python3.10/dist-packages/my_msgss/libmy_msgss__rosidl_generator_py.so
[5.733s] -- Installing: /home/mechax/zyb/radar_station/install/my_msgss/local/lib/python3.10/dist-packages/my_msgss/my_msgss_s__rosidl_typesupport_introspection_c.cpython-310-x86_64-linux-gnu.so
[5.734s] -- Installing: /home/mechax/zyb/radar_station/install/my_msgss/local/lib/python3.10/dist-packages/my_msgss/__init__.py
[5.787s] Listing '/home/mechax/zyb/radar_station/install/my_msgss/local/lib/python3.10/dist-packages/my_msgss'...
[5.787s] Compiling '/home/mechax/zyb/radar_station/install/my_msgss/local/lib/python3.10/dist-packages/my_msgss/__init__.py'...
[5.787s] Listing '/home/mechax/zyb/radar_station/install/my_msgss/local/lib/python3.10/dist-packages/my_msgss/msg'...
[5.787s] Compiling '/home/mechax/zyb/radar_station/install/my_msgss/local/lib/python3.10/dist-packages/my_msgss/msg/__init__.py'...
[5.787s] Compiling '/home/mechax/zyb/radar_station/install/my_msgss/local/lib/python3.10/dist-packages/my_msgss/msg/_distpoint.py'...
[5.787s] Compiling '/home/mechax/zyb/radar_station/install/my_msgss/local/lib/python3.10/dist-packages/my_msgss/msg/_distpoints.py'...
[5.787s] Compiling '/home/mechax/zyb/radar_station/install/my_msgss/local/lib/python3.10/dist-packages/my_msgss/msg/_point.py'...
[5.787s] Compiling '/home/mechax/zyb/radar_station/install/my_msgss/local/lib/python3.10/dist-packages/my_msgss/msg/_points.py'...
[5.787s] Compiling '/home/mechax/zyb/radar_station/install/my_msgss/local/lib/python3.10/dist-packages/my_msgss/msg/_yolopoint.py'...
[5.787s] Compiling '/home/mechax/zyb/radar_station/install/my_msgss/local/lib/python3.10/dist-packages/my_msgss/msg/_yolopoints.py'...
[5.800s] -- Installing: /home/mechax/zyb/radar_station/install/my_msgss/local/lib/python3.10/dist-packages/my_msgss/my_msgss_s__rosidl_typesupport_fastrtps_c.cpython-310-x86_64-linux-gnu.so
[5.800s] -- Set runtime path of "/home/mechax/zyb/radar_station/install/my_msgss/local/lib/python3.10/dist-packages/my_msgss/my_msgss_s__rosidl_typesupport_fastrtps_c.cpython-310-x86_64-linux-gnu.so" to ""
[5.800s] -- Installing: /home/mechax/zyb/radar_station/install/my_msgss/local/lib/python3.10/dist-packages/my_msgss/my_msgss_s__rosidl_typesupport_introspection_c.cpython-310-x86_64-linux-gnu.so
[5.800s] -- Set runtime path of "/home/mechax/zyb/radar_station/install/my_msgss/local/lib/python3.10/dist-packages/my_msgss/my_msgss_s__rosidl_typesupport_introspection_c.cpython-310-x86_64-linux-gnu.so" to ""
[5.800s] -- Installing: /home/mechax/zyb/radar_station/install/my_msgss/local/lib/python3.10/dist-packages/my_msgss/my_msgss_s__rosidl_typesupport_c.cpython-310-x86_64-linux-gnu.so
[5.800s] -- Set runtime path of "/home/mechax/zyb/radar_station/install/my_msgss/local/lib/python3.10/dist-packages/my_msgss/my_msgss_s__rosidl_typesupport_c.cpython-310-x86_64-linux-gnu.so" to ""
[5.801s] -- Installing: /home/mechax/zyb/radar_station/install/my_msgss/lib/libmy_msgss__rosidl_generator_py.so
[5.801s] -- Set runtime path of "/home/mechax/zyb/radar_station/install/my_msgss/lib/libmy_msgss__rosidl_generator_py.so" to ""
[5.801s] -- Installing: /home/mechax/zyb/radar_station/install/my_msgss/share/my_msgss/msg/Yolopoint.idl
[5.801s] -- Installing: /home/mechax/zyb/radar_station/install/my_msgss/share/my_msgss/msg/Yolopoints.idl
[5.801s] -- Installing: /home/mechax/zyb/radar_station/install/my_msgss/share/my_msgss/msg/Distpoint.idl
[5.801s] -- Installing: /home/mechax/zyb/radar_station/install/my_msgss/share/my_msgss/msg/Distpoints.idl
[5.802s] -- Installing: /home/mechax/zyb/radar_station/install/my_msgss/share/my_msgss/msg/Point.idl
[5.802s] -- Installing: /home/mechax/zyb/radar_station/install/my_msgss/share/my_msgss/msg/Points.idl
[5.802s] -- Installing: /home/mechax/zyb/radar_station/install/my_msgss/share/my_msgss/msg/Yolopoint.msg
[5.802s] -- Installing: /home/mechax/zyb/radar_station/install/my_msgss/share/my_msgss/msg/Yolopoints.msg
[5.802s] -- Installing: /home/mechax/zyb/radar_station/install/my_msgss/share/my_msgss/msg/Distpoint.msg
[5.802s] -- Installing: /home/mechax/zyb/radar_station/install/my_msgss/share/my_msgss/msg/Distpoints.msg
[5.802s] -- Installing: /home/mechax/zyb/radar_station/install/my_msgss/share/my_msgss/msg/Point.msg
[5.803s] -- Installing: /home/mechax/zyb/radar_station/install/my_msgss/share/my_msgss/msg/Points.msg
[5.803s] -- Installing: /home/mechax/zyb/radar_station/install/my_msgss/share/my_msgss/launch
[5.803s] -- Installing: /home/mechax/zyb/radar_station/install/my_msgss/share/my_msgss/launch/radar_station_launch.py
[5.803s] -- Installing: /home/mechax/zyb/radar_station/install/my_msgss/share/ament_index/resource_index/package_run_dependencies/my_msgss
[5.803s] -- Installing: /home/mechax/zyb/radar_station/install/my_msgss/share/ament_index/resource_index/parent_prefix_path/my_msgss
[5.803s] -- Installing: /home/mechax/zyb/radar_station/install/my_msgss/share/my_msgss/environment/ament_prefix_path.sh
[5.803s] -- Installing: /home/mechax/zyb/radar_station/install/my_msgss/share/my_msgss/environment/ament_prefix_path.dsv
[5.803s] -- Installing: /home/mechax/zyb/radar_station/install/my_msgss/share/my_msgss/environment/path.sh
[5.803s] -- Installing: /home/mechax/zyb/radar_station/install/my_msgss/share/my_msgss/environment/path.dsv
[5.803s] -- Installing: /home/mechax/zyb/radar_station/install/my_msgss/share/my_msgss/local_setup.bash
[5.803s] -- Installing: /home/mechax/zyb/radar_station/install/my_msgss/share/my_msgss/local_setup.sh
[5.804s] -- Installing: /home/mechax/zyb/radar_station/install/my_msgss/share/my_msgss/local_setup.zsh
[5.804s] -- Installing: /home/mechax/zyb/radar_station/install/my_msgss/share/my_msgss/local_setup.dsv
[5.804s] -- Installing: /home/mechax/zyb/radar_station/install/my_msgss/share/my_msgss/package.dsv
[5.804s] -- Installing: /home/mechax/zyb/radar_station/install/my_msgss/share/ament_index/resource_index/packages/my_msgss
[5.804s] -- Installing: /home/mechax/zyb/radar_station/install/my_msgss/share/my_msgss/cmake/export_my_msgss__rosidl_generator_cExport.cmake
[5.804s] -- Installing: /home/mechax/zyb/radar_station/install/my_msgss/share/my_msgss/cmake/export_my_msgss__rosidl_generator_cExport-noconfig.cmake
[5.804s] -- Installing: /home/mechax/zyb/radar_station/install/my_msgss/share/my_msgss/cmake/export_my_msgss__rosidl_typesupport_fastrtps_cExport.cmake
[5.804s] -- Installing: /home/mechax/zyb/radar_station/install/my_msgss/share/my_msgss/cmake/export_my_msgss__rosidl_typesupport_fastrtps_cExport-noconfig.cmake
[5.805s] -- Installing: /home/mechax/zyb/radar_station/install/my_msgss/share/my_msgss/cmake/my_msgss__rosidl_typesupport_introspection_cExport.cmake
[5.805s] -- Installing: /home/mechax/zyb/radar_station/install/my_msgss/share/my_msgss/cmake/my_msgss__rosidl_typesupport_introspection_cExport-noconfig.cmake
[5.805s] -- Installing: /home/mechax/zyb/radar_station/install/my_msgss/share/my_msgss/cmake/my_msgss__rosidl_typesupport_cExport.cmake
[5.805s] -- Installing: /home/mechax/zyb/radar_station/install/my_msgss/share/my_msgss/cmake/my_msgss__rosidl_typesupport_cExport-noconfig.cmake
[5.805s] -- Installing: /home/mechax/zyb/radar_station/install/my_msgss/share/my_msgss/cmake/export_my_msgss__rosidl_generator_cppExport.cmake
[5.805s] -- Installing: /home/mechax/zyb/radar_station/install/my_msgss/share/my_msgss/cmake/export_my_msgss__rosidl_typesupport_fastrtps_cppExport.cmake
[5.805s] -- Installing: /home/mechax/zyb/radar_station/install/my_msgss/share/my_msgss/cmake/export_my_msgss__rosidl_typesupport_fastrtps_cppExport-noconfig.cmake
[5.805s] -- Installing: /home/mechax/zyb/radar_station/install/my_msgss/share/my_msgss/cmake/my_msgss__rosidl_typesupport_introspection_cppExport.cmake
[5.806s] -- Installing: /home/mechax/zyb/radar_station/install/my_msgss/share/my_msgss/cmake/my_msgss__rosidl_typesupport_introspection_cppExport-noconfig.cmake
[5.806s] -- Installing: /home/mechax/zyb/radar_station/install/my_msgss/share/my_msgss/cmake/my_msgss__rosidl_typesupport_cppExport.cmake
[5.806s] -- Installing: /home/mechax/zyb/radar_station/install/my_msgss/share/my_msgss/cmake/my_msgss__rosidl_typesupport_cppExport-noconfig.cmake
[5.806s] -- Installing: /home/mechax/zyb/radar_station/install/my_msgss/share/my_msgss/cmake/export_my_msgss__rosidl_generator_pyExport.cmake
[5.806s] -- Installing: /home/mechax/zyb/radar_station/install/my_msgss/share/my_msgss/cmake/export_my_msgss__rosidl_generator_pyExport-noconfig.cmake
[5.806s] -- Installing: /home/mechax/zyb/radar_station/install/my_msgss/share/my_msgss/cmake/rosidl_cmake-extras.cmake
[5.806s] -- Installing: /home/mechax/zyb/radar_station/install/my_msgss/share/my_msgss/cmake/ament_cmake_export_include_directories-extras.cmake
[5.806s] -- Installing: /home/mechax/zyb/radar_station/install/my_msgss/share/my_msgss/cmake/ament_cmake_export_libraries-extras.cmake
[5.807s] -- Installing: /home/mechax/zyb/radar_station/install/my_msgss/share/my_msgss/cmake/ament_cmake_export_targets-extras.cmake
[5.807s] -- Installing: /home/mechax/zyb/radar_station/install/my_msgss/share/my_msgss/cmake/rosidl_cmake_export_typesupport_targets-extras.cmake
[5.807s] -- Installing: /home/mechax/zyb/radar_station/install/my_msgss/share/my_msgss/cmake/ament_cmake_export_dependencies-extras.cmake
[5.807s] -- Installing: /home/mechax/zyb/radar_station/install/my_msgss/share/my_msgss/cmake/rosidl_cmake_export_typesupport_libraries-extras.cmake
[5.807s] -- Installing: /home/mechax/zyb/radar_station/install/my_msgss/share/my_msgss/cmake/my_msgssConfig.cmake
[5.807s] -- Installing: /home/mechax/zyb/radar_station/install/my_msgss/share/my_msgss/cmake/my_msgssConfig-version.cmake
[5.807s] -- Installing: /home/mechax/zyb/radar_station/install/my_msgss/share/my_msgss/package.xml
[5.811s] Invoked command in '/home/mechax/zyb/radar_station/build/my_msgss' returned '0': CMAKE_PREFIX_PATH=${CMAKE_PREFIX_PATH}:/opt/ros/humble /usr/bin/cmake --install /home/mechax/zyb/radar_station/build/my_msgss
