[0.062s] Invoking command in '/home/mechax/AAAmy_ws/1.18/radar_station/build/Yolo_Handle': CMAKE_PREFIX_PATH=${CMAKE_PREFIX_PATH}:/opt/ros/humble /usr/bin/cmake /home/mechax/AAAmy_ws/1.18/radar_station/src/Yolo_Handle -DCMAKE_INSTALL_PREFIX=/home/mechax/AAAmy_ws/1.18/radar_station/install/Yolo_Handle
[0.069s] -- Found ament_cmake: 1.3.6 (/opt/ros/humble/share/ament_cmake/cmake)
[0.152s] -- Override CMake install command with custom implementation using symlinks instead of copying resources
[0.156s] -- Found ament_lint_auto: 0.12.9 (/opt/ros/humble/share/ament_lint_auto/cmake)
[0.187s] WARNING: Package name "Yolo_Handle" does not follow the naming conventions. It should start with a lower case letter and only contain lower case letters, digits, underscores, and dashes.
[0.196s] -- Added test 'cppcheck' to perform static code analysis on C / C++ code
[0.197s] -- Configured cppcheck include dirs: 
[0.197s] -- Configured cppcheck exclude dirs and/or files: 
[0.197s] -- Added test 'lint_cmake' to check CMake code style
[0.197s] -- Added test 'uncrustify' to check C / C++ code style
[0.197s] -- Configured uncrustify additional arguments: 
[0.197s] -- Added test 'xmllint' to check XML markup files
[0.198s] -- Configuring done
[0.199s] -- Generating done
[0.199s] -- Build files have been written to: /home/mechax/AAAmy_ws/1.18/radar_station/build/Yolo_Handle
[0.203s] Invoked command in '/home/mechax/AAAmy_ws/1.18/radar_station/build/Yolo_Handle' returned '0': CMAKE_PREFIX_PATH=${CMAKE_PREFIX_PATH}:/opt/ros/humble /usr/bin/cmake /home/mechax/AAAmy_ws/1.18/radar_station/src/Yolo_Handle -DCMAKE_INSTALL_PREFIX=/home/mechax/AAAmy_ws/1.18/radar_station/install/Yolo_Handle
[0.204s] Invoking command in '/home/mechax/AAAmy_ws/1.18/radar_station/build/Yolo_Handle': CMAKE_PREFIX_PATH=${CMAKE_PREFIX_PATH}:/opt/ros/humble /usr/bin/cmake --build /home/mechax/AAAmy_ws/1.18/radar_station/build/Yolo_Handle -- -j16 -l16
[0.226s] Invoked command in '/home/mechax/AAAmy_ws/1.18/radar_station/build/Yolo_Handle' returned '0': CMAKE_PREFIX_PATH=${CMAKE_PREFIX_PATH}:/opt/ros/humble /usr/bin/cmake --build /home/mechax/AAAmy_ws/1.18/radar_station/build/Yolo_Handle -- -j16 -l16
[0.242s] Invoking command in '/home/mechax/AAAmy_ws/1.18/radar_station/build/Yolo_Handle': CMAKE_PREFIX_PATH=${CMAKE_PREFIX_PATH}:/opt/ros/humble /usr/bin/cmake --install /home/mechax/AAAmy_ws/1.18/radar_station/build/Yolo_Handle
[0.246s] -- Install configuration: ""
[0.246s] -- Execute custom install script
[0.246s] -- Up-to-date symlink: /home/mechax/AAAmy_ws/1.18/radar_station/install/Yolo_Handle/share/ament_index/resource_index/package_run_dependencies/Yolo_Handle
[0.247s] -- Up-to-date symlink: /home/mechax/AAAmy_ws/1.18/radar_station/install/Yolo_Handle/share/ament_index/resource_index/parent_prefix_path/Yolo_Handle
[0.247s] -- Up-to-date symlink: /home/mechax/AAAmy_ws/1.18/radar_station/install/Yolo_Handle/share/Yolo_Handle/environment/ament_prefix_path.sh
[0.247s] -- Up-to-date symlink: /home/mechax/AAAmy_ws/1.18/radar_station/install/Yolo_Handle/share/Yolo_Handle/environment/ament_prefix_path.dsv
[0.247s] -- Up-to-date symlink: /home/mechax/AAAmy_ws/1.18/radar_station/install/Yolo_Handle/share/Yolo_Handle/environment/path.sh
[0.247s] -- Up-to-date symlink: /home/mechax/AAAmy_ws/1.18/radar_station/install/Yolo_Handle/share/Yolo_Handle/environment/path.dsv
[0.247s] -- Up-to-date symlink: /home/mechax/AAAmy_ws/1.18/radar_station/install/Yolo_Handle/share/Yolo_Handle/local_setup.bash
[0.247s] -- Up-to-date symlink: /home/mechax/AAAmy_ws/1.18/radar_station/install/Yolo_Handle/share/Yolo_Handle/local_setup.sh
[0.247s] -- Up-to-date symlink: /home/mechax/AAAmy_ws/1.18/radar_station/install/Yolo_Handle/share/Yolo_Handle/local_setup.zsh
[0.247s] -- Up-to-date symlink: /home/mechax/AAAmy_ws/1.18/radar_station/install/Yolo_Handle/share/Yolo_Handle/local_setup.dsv
[0.247s] -- Symlinking: /home/mechax/AAAmy_ws/1.18/radar_station/install/Yolo_Handle/share/Yolo_Handle/package.dsv
[0.252s] -- Up-to-date symlink: /home/mechax/AAAmy_ws/1.18/radar_station/install/Yolo_Handle/share/ament_index/resource_index/packages/Yolo_Handle
[0.253s] -- Up-to-date symlink: /home/mechax/AAAmy_ws/1.18/radar_station/install/Yolo_Handle/share/Yolo_Handle/cmake/Yolo_HandleConfig.cmake
[0.253s] -- Up-to-date symlink: /home/mechax/AAAmy_ws/1.18/radar_station/install/Yolo_Handle/share/Yolo_Handle/cmake/Yolo_HandleConfig-version.cmake
[0.253s] -- Up-to-date symlink: /home/mechax/AAAmy_ws/1.18/radar_station/install/Yolo_Handle/share/Yolo_Handle/package.xml
[0.254s] Invoked command in '/home/mechax/AAAmy_ws/1.18/radar_station/build/Yolo_Handle' returned '0': CMAKE_PREFIX_PATH=${CMAKE_PREFIX_PATH}:/opt/ros/humble /usr/bin/cmake --install /home/mechax/AAAmy_ws/1.18/radar_station/build/Yolo_Handle
