In file included from [01m[K/home/mechax/zyb/radar_station/build/Qt5_displayer/Qt5_displayer_autogen/mocs_compilation.cpp:3[m[K:
[01m[K/home/mechax/zyb/radar_station/build/Qt5_displayer/Qt5_displayer_autogen/6YEA5652QU/moc_qtnode.cpp:100:50:[m[K [01;31m[Kerror: [m[K‘[01m[KstaticMetaObject[m[K’ is not a member of ‘[01m[Krclcpp::Node[m[K’
  100 |     QMetaObject::SuperData::link<::rclcpp::Node::[01;31m[KstaticMetaObject[m[K>(),
      |                                                  [01;31m[K^~~~~~~~~~~~~~~~[m[K
[01m[K/home/mechax/zyb/radar_station/build/Qt5_displayer/Qt5_displayer_autogen/6YEA5652QU/moc_qtnode.cpp:100:67:[m[K [01;31m[Kerror: [m[Kno matching function for call to ‘[01m[KQMetaObject::SuperData::link<<expression error> >()[m[K’
  100 |     [01;31m[KQMetaObject::SuperData::link<::rclcpp::Node::staticMetaObject>()[m[K,
      |     [01;31m[K~~~~~~~~~~~~~~~~~~~~~~~~~~~~~~~~~~~~~~~~~~~~~~~~~~~~~~~~~~~~~~^~[m[K
In file included from [01m[K/usr/include/x86_64-linux-gnu/qt5/QtGui/qwindowdefs.h:44[m[K,
                 from [01m[K/usr/include/x86_64-linux-gnu/qt5/QtWidgets/qwidget.h:44[m[K,
                 from [01m[K/usr/include/x86_64-linux-gnu/qt5/QtWidgets/QWidget:1[m[K,
                 from [01m[K/home/mechax/zyb/radar_station/build/Qt5_displayer/Qt5_displayer_autogen/6YEA5652QU/../../../../src/Qt5_displayer/include/pnpwidget.h:4[m[K,
                 from [01m[K/home/mechax/zyb/radar_station/build/Qt5_displayer/Qt5_displayer_autogen/6YEA5652QU/moc_pnpwidget.cpp:10[m[K,
                 from [01m[K/home/mechax/zyb/radar_station/build/Qt5_displayer/Qt5_displayer_autogen/mocs_compilation.cpp:2[m[K:
[01m[K/usr/include/x86_64-linux-gnu/qt5/QtCore/qobjectdefs.h:599:69:[m[K [01;36m[Knote: [m[Kcandidate: ‘[01m[Ktemplate<const QMetaObject& MO> static constexpr QMetaObject::SuperData QMetaObject::SuperData::link()[m[K’
  599 |         template <const QMetaObject &MO> static constexpr SuperData [01;36m[Klink[m[K()
      |                                                                     [01;36m[K^~~~[m[K
[01m[K/usr/include/x86_64-linux-gnu/qt5/QtCore/qobjectdefs.h:599:69:[m[K [01;36m[Knote: [m[K  template argument deduction/substitution failed:
In file included from [01m[K/home/mechax/zyb/radar_station/build/Qt5_displayer/Qt5_displayer_autogen/mocs_compilation.cpp:3[m[K:
[01m[K/home/mechax/zyb/radar_station/build/Qt5_displayer/Qt5_displayer_autogen/6YEA5652QU/moc_qtnode.cpp:100:67:[m[K [01;31m[Kerror: [m[Ktemplate argument 1 is invalid
  100 |     [01;31m[KQMetaObject::SuperData::link<::rclcpp::Node::staticMetaObject>()[m[K,
      |     [01;31m[K~~~~~~~~~~~~~~~~~~~~~~~~~~~~~~~~~~~~~~~~~~~~~~~~~~~~~~~~~~~~~~^~[m[K
[01m[K/home/mechax/zyb/radar_station/build/Qt5_displayer/Qt5_displayer_autogen/6YEA5652QU/moc_qtnode.cpp:[m[K In member function ‘[01m[Kvirtual void* qtNode::qt_metacast(const char*)[m[K’:
[01m[K/home/mechax/zyb/radar_station/build/Qt5_displayer/Qt5_displayer_autogen/6YEA5652QU/moc_qtnode.cpp:121:28:[m[K [01;31m[Kerror: [m[K‘[01m[Kqt_metacast[m[K’ is not a member of ‘[01m[Krclcpp::Node[m[K’
  121 |     return ::rclcpp::Node::[01;31m[Kqt_metacast[m[K(_clname);
      |                            [01;31m[K^~~~~~~~~~~[m[K
[01m[K/home/mechax/zyb/radar_station/build/Qt5_displayer/Qt5_displayer_autogen/6YEA5652QU/moc_qtnode.cpp:[m[K In member function ‘[01m[Kvirtual int qtNode::qt_metacall(QMetaObject::Call, int, void**)[m[K’:
[01m[K/home/mechax/zyb/radar_station/build/Qt5_displayer/Qt5_displayer_autogen/6YEA5652QU/moc_qtnode.cpp:126:27:[m[K [01;31m[Kerror: [m[K‘[01m[Kqt_metacall[m[K’ is not a member of ‘[01m[Krclcpp::Node[m[K’
  126 |     _id = ::rclcpp::Node::[01;31m[Kqt_metacall[m[K(_c, _id, _a);
      |                           [01;31m[K^~~~~~~~~~~[m[K
In file included from [01m[K/home/mechax/zyb/radar_station/build/Qt5_displayer/Qt5_displayer_autogen/6YEA5652QU/../../../../src/Qt5_displayer/include/radarstation.h:8[m[K,
                 from [01m[K/home/mechax/zyb/radar_station/build/Qt5_displayer/Qt5_displayer_autogen/6YEA5652QU/moc_radarstation.cpp:10[m[K,
                 from [01m[K/home/mechax/zyb/radar_station/build/Qt5_displayer/Qt5_displayer_autogen/mocs_compilation.cpp:4[m[K:
[01m[K/home/mechax/zyb/radar_station/build/Qt5_displayer/Qt5_displayer_autogen/6YEA5652QU/../../../../src/Qt5_displayer/include/qtnode.h:[m[K At global scope:
[01m[K/home/mechax/zyb/radar_station/build/Qt5_displayer/Qt5_displayer_autogen/6YEA5652QU/../../../../src/Qt5_displayer/include/qtnode.h:12:7:[m[K [01;31m[Kerror: [m[Kredefinition of ‘[01m[Kclass qtNode[m[K’
   12 | class [01;31m[KqtNode[m[K : public::rclcpp::Node, public QThread
      |       [01;31m[K^~~~~~[m[K
In file included from [01m[K/home/mechax/zyb/radar_station/build/Qt5_displayer/Qt5_displayer_autogen/6YEA5652QU/moc_qtnode.cpp:10[m[K,
                 from [01m[K/home/mechax/zyb/radar_station/build/Qt5_displayer/Qt5_displayer_autogen/mocs_compilation.cpp:3[m[K:
[01m[K/home/mechax/zyb/radar_station/build/Qt5_displayer/Qt5_displayer_autogen/6YEA5652QU/../../../../src/Qt5_displayer/include/qtnode.h:12:7:[m[K [01;36m[Knote: [m[Kprevious definition of ‘[01m[Kclass qtNode[m[K’
   12 | class [01;36m[KqtNode[m[K : public::rclcpp::Node, public QThread
      |       [01;36m[K^~~~~~[m[K
gmake[2]: *** [CMakeFiles/Qt5_displayer.dir/build.make:76: CMakeFiles/Qt5_displayer.dir/Qt5_displayer_autogen/mocs_compilation.cpp.o] Error 1
gmake[2]: *** Waiting for unfinished jobs....
gmake[1]: *** [CMakeFiles/Makefile2:138: CMakeFiles/Qt5_displayer.dir/all] Error 2
gmake: *** [Makefile:146: all] Error 2
