[35m[1mConsolidate compiler generated dependencies of target Game_Map[0m
[ 50%] [32mBuilding CXX object CMakeFiles/Game_Map.dir/src/game_map.cpp.o[0m
[01m[K/home/mechax/zyb/radar_station/src/Game_Map/src/game_map.cpp:[m[K In function ‘[01m[Kint main(int, char**)[m[K’:
[01m[K/home/mechax/zyb/radar_station/src/Game_Map/src/game_map.cpp:3:14:[m[K [01;35m[Kwarning: [m[Kunused parameter ‘[01m[Kargc[m[K’ [[01;35m[K]8;;https://gcc.gnu.org/onlinedocs/gcc/Warning-Options.html#index-Wunused-parameter-Wunused-parameter]8;;[m[K]
    3 | int main([01;35m[Kint argc[m[K, char* argv[])
      |          [01;35m[K~~~~^~~~[m[K
[01m[K/home/mechax/zyb/radar_station/src/Game_Map/src/game_map.cpp:3:26:[m[K [01;35m[Kwarning: [m[Kunused parameter ‘[01m[Kargv[m[K’ [[01;35m[K]8;;https://gcc.gnu.org/onlinedocs/gcc/Warning-Options.html#index-Wunused-parameter-Wunused-parameter]8;;[m[K]
    3 | int main(int argc, [01;35m[Kchar* argv[][m[K)
      |                    [01;35m[K~~~~~~^~~~~~[m[K
[100%] [32m[1mLinking CXX executable Game_Map[0m
[100%] Built target Game_Map
-- Install configuration: ""
-- Installing: /home/mechax/zyb/radar_station/install/Game_Map/share/ament_index/resource_index/package_run_dependencies/Game_Map
-- Installing: /home/mechax/zyb/radar_station/install/Game_Map/share/ament_index/resource_index/parent_prefix_path/Game_Map
-- Installing: /home/mechax/zyb/radar_station/install/Game_Map/share/Game_Map/environment/ament_prefix_path.sh
-- Installing: /home/mechax/zyb/radar_station/install/Game_Map/share/Game_Map/environment/ament_prefix_path.dsv
-- Installing: /home/mechax/zyb/radar_station/install/Game_Map/share/Game_Map/environment/path.sh
-- Installing: /home/mechax/zyb/radar_station/install/Game_Map/share/Game_Map/environment/path.dsv
-- Installing: /home/mechax/zyb/radar_station/install/Game_Map/share/Game_Map/local_setup.bash
-- Installing: /home/mechax/zyb/radar_station/install/Game_Map/share/Game_Map/local_setup.sh
-- Installing: /home/mechax/zyb/radar_station/install/Game_Map/share/Game_Map/local_setup.zsh
-- Installing: /home/mechax/zyb/radar_station/install/Game_Map/share/Game_Map/local_setup.dsv
-- Installing: /home/mechax/zyb/radar_station/install/Game_Map/share/Game_Map/package.dsv
-- Installing: /home/mechax/zyb/radar_station/install/Game_Map/share/ament_index/resource_index/packages/Game_Map
-- Installing: /home/mechax/zyb/radar_station/install/Game_Map/share/Game_Map/cmake/Game_MapConfig.cmake
-- Installing: /home/mechax/zyb/radar_station/install/Game_Map/share/Game_Map/cmake/Game_MapConfig-version.cmake
-- Installing: /home/mechax/zyb/radar_station/install/Game_Map/share/Game_Map/package.xml
