[0.030s] Invoking command in '/home/mechax/zyb/radar_station/src/Img_Handle/build/Img_Handle': CMAKE_PREFIX_PATH=${CMAKE_PREFIX_PATH}:/opt/ros/humble /usr/bin/cmake --build /home/mechax/zyb/radar_station/src/Img_Handle/build/Img_Handle -- -j16 -l16
[0.045s] -- Found ament_cmake: 1.3.6 (/opt/ros/humble/share/ament_cmake/cmake)
[0.136s] -- Found rclcpp: 16.0.7 (/opt/ros/humble/share/rclcpp/cmake)
[0.152s] -- Found rosidl_generator_c: 3.1.5 (/opt/ros/humble/share/rosidl_generator_c/cmake)
[0.153s] -- Found rosidl_adapter: 3.1.5 (/opt/ros/humble/share/rosidl_adapter/cmake)
[0.156s] -- Found rosidl_generator_cpp: 3.1.5 (/opt/ros/humble/share/rosidl_generator_cpp/cmake)
[0.163s] -- Using all available rosidl_typesupport_c: rosidl_typesupport_fastrtps_c;rosidl_typesupport_introspection_c
[0.171s] -- Using all available rosidl_typesupport_cpp: rosidl_typesupport_fastrtps_cpp;rosidl_typesupport_introspection_cpp
[0.203s] -- Found rmw_implementation_cmake: 6.1.1 (/opt/ros/humble/share/rmw_implementation_cmake/cmake)
[0.204s] -- Found rmw_fastrtps_cpp: 6.2.5 (/opt/ros/humble/share/rmw_fastrtps_cpp/cmake)
[0.270s] -- Using RMW implementation 'rmw_fastrtps_cpp' as default
[0.358s] -- Found sensor_msgs: 4.2.3 (/opt/ros/humble/share/sensor_msgs/cmake)
[0.430s] -- Found cv_bridge: 3.2.1 (/opt/ros/humble/share/cv_bridge/cmake)
[0.438s] [31mCMake Error at CMakeLists.txt:14 (find_package):
[0.439s]   By not providing "FindMy_Customize_Msg.cmake" in CMAKE_MODULE_PATH this
[0.439s]   project has asked CMake to find a package configuration file provided by
[0.439s]   "My_Customize_Msg", but CMake did not find one.
[0.439s] 
[0.439s]   Could not find a package configuration file provided by "My_Customize_Msg"
[0.439s]   with any of the following names:
[0.439s] 
[0.439s]     My_Customize_MsgConfig.cmake
[0.439s]     my_customize_msg-config.cmake
[0.439s] 
[0.439s]   Add the installation prefix of "My_Customize_Msg" to CMAKE_PREFIX_PATH or
[0.439s]   set "My_Customize_Msg_DIR" to a directory containing one of the above
[0.439s]   files.  If "My_Customize_Msg" provides a separate development package or
[0.439s]   SDK, be sure it has been installed.
[0.439s] 
[0.440s] [0m
[0.440s] -- Configuring incomplete, errors occurred!
[0.440s] See also "/home/mechax/zyb/radar_station/src/Img_Handle/build/Img_Handle/CMakeFiles/CMakeOutput.log".
[0.445s] gmake: *** [Makefile:379: cmake_check_build_system] Error 1
[0.447s] Invoked command in '/home/mechax/zyb/radar_station/src/Img_Handle/build/Img_Handle' returned '2': CMAKE_PREFIX_PATH=${CMAKE_PREFIX_PATH}:/opt/ros/humble /usr/bin/cmake --build /home/mechax/zyb/radar_station/src/Img_Handle/build/Img_Handle -- -j16 -l16
