[0.118s] Invoking command in '/home/mechax/zyb/radar_station/build/Qt5_displayer': CMAKE_PREFIX_PATH=${CMAKE_PREFIX_PATH}:/opt/ros/humble /usr/bin/cmake /home/mechax/zyb/radar_station/src/Qt5_displayer -DCMAKE_INSTALL_PREFIX=/home/mechax/zyb/radar_station/install/Qt5_displayer
[0.150s] -- The C compiler identification is GNU 11.4.0
[0.191s] -- The CXX compiler identification is GNU 11.4.0
[0.195s] -- Detecting C compiler ABI info
[0.237s] -- Detecting C compiler ABI info - done
[0.242s] -- Check for working C compiler: /usr/bin/cc - skipped
[0.242s] -- Detecting C compile features
[0.242s] -- Detecting C compile features - done
[0.244s] -- Detecting CXX compiler ABI info
[0.299s] -- Detecting CXX compiler ABI info - done
[0.305s] -- Check for working CXX compiler: /usr/bin/c++ - skipped
[0.305s] -- Detecting CXX compile features
[0.306s] -- Detecting CXX compile features - done
[0.307s] -- Found ament_cmake: 1.3.6 (/opt/ros/humble/share/ament_cmake/cmake)
[0.425s] -- Found Python3: /usr/bin/python3.10 (found version "3.10.12") found components: Interpreter 
[0.483s] -- Found rclcpp: 16.0.7 (/opt/ros/humble/share/rclcpp/cmake)
[0.510s] -- Found rosidl_generator_c: 3.1.5 (/opt/ros/humble/share/rosidl_generator_c/cmake)
[0.513s] -- Found rosidl_adapter: 3.1.5 (/opt/ros/humble/share/rosidl_adapter/cmake)
[0.518s] -- Found rosidl_generator_cpp: 3.1.5 (/opt/ros/humble/share/rosidl_generator_cpp/cmake)
[0.526s] -- Using all available rosidl_typesupport_c: rosidl_typesupport_fastrtps_c;rosidl_typesupport_introspection_c
[0.538s] -- Using all available rosidl_typesupport_cpp: rosidl_typesupport_fastrtps_cpp;rosidl_typesupport_introspection_cpp
[0.582s] -- Found rmw_implementation_cmake: 6.1.1 (/opt/ros/humble/share/rmw_implementation_cmake/cmake)
[0.583s] -- Found rmw_fastrtps_cpp: 6.2.5 (/opt/ros/humble/share/rmw_fastrtps_cpp/cmake)
[0.642s] -- Found OpenSSL: /usr/lib/x86_64-linux-gnu/libcrypto.so (found version "3.0.2")  
[0.659s] -- Found FastRTPS: /opt/ros/humble/include  
[0.692s] -- Using RMW implementation 'rmw_fastrtps_cpp' as default
[0.698s] -- Looking for pthread.h
[0.743s] -- Looking for pthread.h - found
[0.743s] -- Performing Test CMAKE_HAVE_LIBC_PTHREAD
[0.790s] -- Performing Test CMAKE_HAVE_LIBC_PTHREAD - Success
[0.791s] -- Found Threads: TRUE  
[0.892s] -- Found sensor_msgs: 4.2.3 (/opt/ros/humble/share/sensor_msgs/cmake)
[0.974s] -- Found OpenCV: /usr/local (found version "4.8.0") 
[0.975s] -- Found cv_bridge: 3.2.1 (/opt/ros/humble/share/cv_bridge/cmake)
[0.989s] -- Found ament_lint_auto: 0.12.9 (/opt/ros/humble/share/ament_lint_auto/cmake)
[1.025s] WARNING: Package name "Qt5_displayer" does not follow the naming conventions. It should start with a lower case letter and only contain lower case letters, digits, underscores, and dashes.
[1.041s] -- Added test 'cppcheck' to perform static code analysis on C / C++ code
[1.041s] -- Configured cppcheck include dirs: /home/mechax/zyb/radar_station/src/Qt5_displayer/include
[1.041s] -- Configured cppcheck exclude dirs and/or files: 
[1.042s] -- Added test 'flake8' to check Python code syntax and style conventions
[1.042s] -- Added test 'lint_cmake' to check CMake code style
[1.042s] -- Added test 'pep257' to check Python code against some of the docstring style conventions in PEP 257
[1.043s] -- Added test 'uncrustify' to check C / C++ code style
[1.043s] -- Configured uncrustify additional arguments: 
[1.043s] -- Added test 'xmllint' to check XML markup files
[1.044s] -- Configuring done
[1.062s] -- Generating done
[1.063s] -- Build files have been written to: /home/mechax/zyb/radar_station/build/Qt5_displayer
[1.071s] Invoked command in '/home/mechax/zyb/radar_station/build/Qt5_displayer' returned '0': CMAKE_PREFIX_PATH=${CMAKE_PREFIX_PATH}:/opt/ros/humble /usr/bin/cmake /home/mechax/zyb/radar_station/src/Qt5_displayer -DCMAKE_INSTALL_PREFIX=/home/mechax/zyb/radar_station/install/Qt5_displayer
[1.073s] Invoking command in '/home/mechax/zyb/radar_station/build/Qt5_displayer': CMAKE_PREFIX_PATH=${CMAKE_PREFIX_PATH}:/opt/ros/humble /usr/bin/cmake --build /home/mechax/zyb/radar_station/build/Qt5_displayer -- -j16 -l16
[1.108s] [ 12%] [34m[1mAutomatic MOC and UIC for target Qt5_displayer[0m
[1.669s] [ 12%] Built target Qt5_displayer_autogen
[1.688s] [ 25%] [32mBuilding CXX object CMakeFiles/Qt5_displayer.dir/Qt5_displayer_autogen/mocs_compilation.cpp.o[0m
[1.693s] [ 87%] [32mBuilding CXX object CMakeFiles/Qt5_displayer.dir/src/qtnode.cpp.o[0m
[1.694s] [ 87%] [32mBuilding CXX object CMakeFiles/Qt5_displayer.dir/src/radarstation.cpp.o[0m
[1.694s] [ 87%] [32mBuilding CXX object CMakeFiles/Qt5_displayer.dir/src/smallmap.cpp.o[0m
[1.694s] [ 87%] [32mBuilding CXX object CMakeFiles/Qt5_displayer.dir/src/main.cpp.o[0m
[1.694s] [ 87%] [32mBuilding CXX object CMakeFiles/Qt5_displayer.dir/src/pnpwidget.cpp.o[0m
[3.637s] [01m[K/home/mechax/zyb/radar_station/src/Qt5_displayer/src/smallmap.cpp:[m[K In member function ‘[01m[Kvirtual void smallMap::wheelEvent(QWheelEvent*)[m[K’:
[3.637s] [01m[K/home/mechax/zyb/radar_station/src/Qt5_displayer/src/smallmap.cpp:91:32:[m[K [01;35m[Kwarning: [m[K‘[01m[KQPoint QWheelEvent::pos() const[m[K’ is deprecated: Use position() [[01;35m[K]8;;https://gcc.gnu.org/onlinedocs/gcc/Warning-Options.html#index-Wdeprecated-declarations-Wdeprecated-declarations]8;;[m[K]
[3.637s]    91 |     changeScaleValue([01;35m[Kevent->pos()[m[K,event->delta());
[3.637s]       |                      [01;35m[K~~~~~~~~~~^~[m[K
[3.637s] In file included from [01m[K/usr/include/x86_64-linux-gnu/qt5/QtGui/QMouseEvent:1[m[K,
[3.638s]                  from [01m[K/home/mechax/zyb/radar_station/src/Qt5_displayer/src/smallmap.cpp:3[m[K:
[3.638s] [01m[K/usr/include/x86_64-linux-gnu/qt5/QtGui/qevent.h:225:19:[m[K [01;36m[Knote: [m[Kdeclared here
[3.638s]   225 |     inline QPoint [01;36m[Kpos[m[K() const { return p.toPoint(); }
[3.638s]       |                   [01;36m[K^~~[m[K
[3.638s] [01m[K/home/mechax/zyb/radar_station/src/Qt5_displayer/src/smallmap.cpp:91:47:[m[K [01;35m[Kwarning: [m[K‘[01m[Kint QWheelEvent::delta() const[m[K’ is deprecated: Use angleDelta() [[01;35m[K]8;;https://gcc.gnu.org/onlinedocs/gcc/Warning-Options.html#index-Wdeprecated-declarations-Wdeprecated-declarations]8;;[m[K]
[3.638s]    91 |     changeScaleValue(event->pos(),[01;35m[Kevent->delta()[m[K);
[3.638s]       |                                   [01;35m[K~~~~~~~~~~~~^~[m[K
[3.638s] In file included from [01m[K/usr/include/x86_64-linux-gnu/qt5/QtGui/QMouseEvent:1[m[K,
[3.638s]                  from [01m[K/home/mechax/zyb/radar_station/src/Qt5_displayer/src/smallmap.cpp:3[m[K:
[3.638s] [01m[K/usr/include/x86_64-linux-gnu/qt5/QtGui/qevent.h:219:16:[m[K [01;36m[Knote: [m[Kdeclared here
[3.638s]   219 |     inline int [01;36m[Kdelta[m[K() const  { return qt4D; }
[3.638s]       |                [01;36m[K^~~~~[m[K
[14.051s] [100%] [32m[1mLinking CXX executable Qt5_displayer[0m
[14.793s] /usr/bin/ld: warning: libopencv_imgcodecs.so.4.5d, needed by /opt/ros/humble/lib/libcv_bridge.so, may conflict with libopencv_imgcodecs.so.408
[14.793s] /usr/bin/ld: warning: libopencv_imgproc.so.4.5d, needed by /opt/ros/humble/lib/libcv_bridge.so, may conflict with libopencv_imgproc.so.408
[14.793s] /usr/bin/ld: warning: libopencv_core.so.4.5d, needed by /opt/ros/humble/lib/libcv_bridge.so, may conflict with libopencv_core.so.408
[15.264s] [100%] Built target Qt5_displayer
[15.276s] Invoked command in '/home/mechax/zyb/radar_station/build/Qt5_displayer' returned '0': CMAKE_PREFIX_PATH=${CMAKE_PREFIX_PATH}:/opt/ros/humble /usr/bin/cmake --build /home/mechax/zyb/radar_station/build/Qt5_displayer -- -j16 -l16
[15.301s] Invoking command in '/home/mechax/zyb/radar_station/build/Qt5_displayer': CMAKE_PREFIX_PATH=${CMAKE_PREFIX_PATH}:/opt/ros/humble /usr/bin/cmake --install /home/mechax/zyb/radar_station/build/Qt5_displayer
[15.306s] -- Install configuration: ""
[15.306s] -- Installing: /home/mechax/zyb/radar_station/install/Qt5_displayer/lib/Qt5_displayer/Qt5_displayer
[15.308s] -- Set runtime path of "/home/mechax/zyb/radar_station/install/Qt5_displayer/lib/Qt5_displayer/Qt5_displayer" to ""
[15.309s] -- Installing: /home/mechax/zyb/radar_station/install/Qt5_displayer/share/Qt5_displayer/launch
[15.309s] -- Installing: /home/mechax/zyb/radar_station/install/Qt5_displayer/share/Qt5_displayer/launch/qt5_display_launch.py
[15.309s] -- Installing: /home/mechax/zyb/radar_station/install/Qt5_displayer/share/ament_index/resource_index/package_run_dependencies/Qt5_displayer
[15.309s] -- Installing: /home/mechax/zyb/radar_station/install/Qt5_displayer/share/ament_index/resource_index/parent_prefix_path/Qt5_displayer
[15.309s] -- Installing: /home/mechax/zyb/radar_station/install/Qt5_displayer/share/Qt5_displayer/environment/ament_prefix_path.sh
[15.309s] -- Installing: /home/mechax/zyb/radar_station/install/Qt5_displayer/share/Qt5_displayer/environment/ament_prefix_path.dsv
[15.309s] -- Installing: /home/mechax/zyb/radar_station/install/Qt5_displayer/share/Qt5_displayer/environment/path.sh
[15.309s] -- Installing: /home/mechax/zyb/radar_station/install/Qt5_displayer/share/Qt5_displayer/environment/path.dsv
[15.309s] -- Installing: /home/mechax/zyb/radar_station/install/Qt5_displayer/share/Qt5_displayer/local_setup.bash
[15.309s] -- Installing: /home/mechax/zyb/radar_station/install/Qt5_displayer/share/Qt5_displayer/local_setup.sh
[15.309s] -- Installing: /home/mechax/zyb/radar_station/install/Qt5_displayer/share/Qt5_displayer/local_setup.zsh
[15.309s] -- Installing: /home/mechax/zyb/radar_station/install/Qt5_displayer/share/Qt5_displayer/local_setup.dsv
[15.310s] -- Installing: /home/mechax/zyb/radar_station/install/Qt5_displayer/share/Qt5_displayer/package.dsv
[15.310s] -- Installing: /home/mechax/zyb/radar_station/install/Qt5_displayer/share/ament_index/resource_index/packages/Qt5_displayer
[15.310s] -- Installing: /home/mechax/zyb/radar_station/install/Qt5_displayer/share/Qt5_displayer/cmake/Qt5_displayerConfig.cmake
[15.310s] -- Installing: /home/mechax/zyb/radar_station/install/Qt5_displayer/share/Qt5_displayer/cmake/Qt5_displayerConfig-version.cmake
[15.310s] -- Installing: /home/mechax/zyb/radar_station/install/Qt5_displayer/share/Qt5_displayer/package.xml
[15.311s] Invoked command in '/home/mechax/zyb/radar_station/build/Qt5_displayer' returned '0': CMAKE_PREFIX_PATH=${CMAKE_PREFIX_PATH}:/opt/ros/humble /usr/bin/cmake --install /home/mechax/zyb/radar_station/build/Qt5_displayer
