[0.102s] Invoking command in '/home/mechax/zyb/radar_station/build/Qt5_displayer': CMAKE_PREFIX_PATH=${CMAKE_PREFIX_PATH}:/opt/ros/humble /usr/bin/cmake /home/mechax/zyb/radar_station/src/Qt5_displayer -DCMAKE_INSTALL_PREFIX=/home/mechax/zyb/radar_station/install/Qt5_displayer
[0.168s] -- The C compiler identification is GNU 11.4.0
[0.209s] -- The CXX compiler identification is GNU 11.4.0
[0.217s] -- Detecting C compiler ABI info
[0.264s] -- Detecting C compiler ABI info - done
[0.269s] -- Check for working C compiler: /usr/bin/cc - skipped
[0.269s] -- Detecting C compile features
[0.269s] -- Detecting C compile features - done
[0.272s] -- Detecting CXX compiler ABI info
[0.328s] -- Detecting CXX compiler ABI info - done
[0.334s] -- Check for working CXX compiler: /usr/bin/c++ - skipped
[0.334s] -- Detecting CXX compile features
[0.335s] -- Detecting CXX compile features - done
[0.338s] -- Found ament_cmake: 1.3.6 (/opt/ros/humble/share/ament_cmake/cmake)
[0.459s] -- Found Python3: /usr/bin/python3.10 (found version "3.10.12") found components: Interpreter 
[0.529s] -- Found rclcpp: 16.0.7 (/opt/ros/humble/share/rclcpp/cmake)
[0.561s] -- Found rosidl_generator_c: 3.1.5 (/opt/ros/humble/share/rosidl_generator_c/cmake)
[0.564s] -- Found rosidl_adapter: 3.1.5 (/opt/ros/humble/share/rosidl_adapter/cmake)
[0.571s] -- Found rosidl_generator_cpp: 3.1.5 (/opt/ros/humble/share/rosidl_generator_cpp/cmake)
[0.581s] -- Using all available rosidl_typesupport_c: rosidl_typesupport_fastrtps_c;rosidl_typesupport_introspection_c
[0.595s] -- Using all available rosidl_typesupport_cpp: rosidl_typesupport_fastrtps_cpp;rosidl_typesupport_introspection_cpp
[0.649s] -- Found rmw_implementation_cmake: 6.1.1 (/opt/ros/humble/share/rmw_implementation_cmake/cmake)
[0.651s] -- Found rmw_fastrtps_cpp: 6.2.5 (/opt/ros/humble/share/rmw_fastrtps_cpp/cmake)
[0.721s] -- Found OpenSSL: /usr/lib/x86_64-linux-gnu/libcrypto.so (found version "3.0.2")  
[0.742s] -- Found FastRTPS: /opt/ros/humble/include  
[0.773s] -- Using RMW implementation 'rmw_fastrtps_cpp' as default
[0.781s] -- Looking for pthread.h
[0.835s] -- Looking for pthread.h - found
[0.836s] -- Performing Test CMAKE_HAVE_LIBC_PTHREAD
[0.889s] -- Performing Test CMAKE_HAVE_LIBC_PTHREAD - Success
[0.891s] -- Found Threads: TRUE  
[1.015s] -- Found ament_lint_auto: 0.12.9 (/opt/ros/humble/share/ament_lint_auto/cmake)
[1.050s] WARNING: Package name "Qt5_displayer" does not follow the naming conventions. It should start with a lower case letter and only contain lower case letters, digits, underscores, and dashes.
[1.069s] -- Added test 'cppcheck' to perform static code analysis on C / C++ code
[1.069s] -- Configured cppcheck include dirs: 
[1.069s] -- Configured cppcheck exclude dirs and/or files: 
[1.070s] -- Added test 'lint_cmake' to check CMake code style
[1.071s] -- Added test 'uncrustify' to check C / C++ code style
[1.072s] -- Configured uncrustify additional arguments: 
[1.072s] -- Added test 'xmllint' to check XML markup files
[1.072s] -- Configuring done
[1.095s] -- Generating done
[1.097s] -- Build files have been written to: /home/mechax/zyb/radar_station/build/Qt5_displayer
[1.107s] Invoked command in '/home/mechax/zyb/radar_station/build/Qt5_displayer' returned '0': CMAKE_PREFIX_PATH=${CMAKE_PREFIX_PATH}:/opt/ros/humble /usr/bin/cmake /home/mechax/zyb/radar_station/src/Qt5_displayer -DCMAKE_INSTALL_PREFIX=/home/mechax/zyb/radar_station/install/Qt5_displayer
[1.108s] Invoking command in '/home/mechax/zyb/radar_station/build/Qt5_displayer': CMAKE_PREFIX_PATH=${CMAKE_PREFIX_PATH}:/opt/ros/humble /usr/bin/cmake --build /home/mechax/zyb/radar_station/build/Qt5_displayer -- -j16 -l16
[1.138s] [ 25%] [34m[1mAutomatic MOC and UIC for target Qt5_displayer[0m
[1.157s] [ 25%] Built target Qt5_displayer_autogen
[1.169s] [ 75%] [32mBuilding CXX object CMakeFiles/Qt5_displayer.dir/Qt5_displayer_autogen/mocs_compilation.cpp.o[0m
[1.169s] [ 75%] [32mBuilding CXX object CMakeFiles/Qt5_displayer.dir/src/main.cpp.o[0m
[1.655s] [100%] [32m[1mLinking CXX executable Qt5_displayer[0m
[1.997s] [100%] Built target Qt5_displayer
[2.004s] Invoked command in '/home/mechax/zyb/radar_station/build/Qt5_displayer' returned '0': CMAKE_PREFIX_PATH=${CMAKE_PREFIX_PATH}:/opt/ros/humble /usr/bin/cmake --build /home/mechax/zyb/radar_station/build/Qt5_displayer -- -j16 -l16
[2.021s] Invoking command in '/home/mechax/zyb/radar_station/build/Qt5_displayer': CMAKE_PREFIX_PATH=${CMAKE_PREFIX_PATH}:/opt/ros/humble /usr/bin/cmake --install /home/mechax/zyb/radar_station/build/Qt5_displayer
[2.026s] -- Install configuration: ""
[2.027s] -- Installing: /home/mechax/zyb/radar_station/install/Qt5_displayer/lib/Qt5_displayer/Qt5_displayer
[2.027s] -- Set runtime path of "/home/mechax/zyb/radar_station/install/Qt5_displayer/lib/Qt5_displayer/Qt5_displayer" to ""
[2.027s] -- Installing: /home/mechax/zyb/radar_station/install/Qt5_displayer/share/ament_index/resource_index/package_run_dependencies/Qt5_displayer
[2.027s] -- Installing: /home/mechax/zyb/radar_station/install/Qt5_displayer/share/ament_index/resource_index/parent_prefix_path/Qt5_displayer
[2.027s] -- Installing: /home/mechax/zyb/radar_station/install/Qt5_displayer/share/Qt5_displayer/environment/ament_prefix_path.sh
[2.028s] -- Installing: /home/mechax/zyb/radar_station/install/Qt5_displayer/share/Qt5_displayer/environment/ament_prefix_path.dsv
[2.028s] -- Installing: /home/mechax/zyb/radar_station/install/Qt5_displayer/share/Qt5_displayer/environment/path.sh
[2.028s] -- Installing: /home/mechax/zyb/radar_station/install/Qt5_displayer/share/Qt5_displayer/environment/path.dsv
[2.028s] -- Installing: /home/mechax/zyb/radar_station/install/Qt5_displayer/share/Qt5_displayer/local_setup.bash
[2.028s] -- Installing: /home/mechax/zyb/radar_station/install/Qt5_displayer/share/Qt5_displayer/local_setup.sh
[2.028s] -- Installing: /home/mechax/zyb/radar_station/install/Qt5_displayer/share/Qt5_displayer/local_setup.zsh
[2.028s] -- Installing: /home/mechax/zyb/radar_station/install/Qt5_displayer/share/Qt5_displayer/local_setup.dsv
[2.028s] -- Installing: /home/mechax/zyb/radar_station/install/Qt5_displayer/share/Qt5_displayer/package.dsv
[2.028s] -- Installing: /home/mechax/zyb/radar_station/install/Qt5_displayer/share/ament_index/resource_index/packages/Qt5_displayer
[2.028s] -- Installing: /home/mechax/zyb/radar_station/install/Qt5_displayer/share/Qt5_displayer/cmake/Qt5_displayerConfig.cmake
[2.028s] -- Installing: /home/mechax/zyb/radar_station/install/Qt5_displayer/share/Qt5_displayer/cmake/Qt5_displayerConfig-version.cmake
[2.028s] -- Installing: /home/mechax/zyb/radar_station/install/Qt5_displayer/share/Qt5_displayer/package.xml
[2.030s] Invoked command in '/home/mechax/zyb/radar_station/build/Qt5_displayer' returned '0': CMAKE_PREFIX_PATH=${CMAKE_PREFIX_PATH}:/opt/ros/humble /usr/bin/cmake --install /home/mechax/zyb/radar_station/build/Qt5_displayer
