[0.960s] DEBUG:colcon:Command line arguments: ['/usr/bin/colcon', 'build']
[0.960s] DEBUG:colcon:Parsed command line arguments: Namespace(log_base=None, log_level=None, verb_name='build', build_base='build', install_base='install', merge_install=False, symlink_install=False, test_result_base=None, continue_on_error=False, executor='parallel', parallel_workers=16, event_handlers=None, ignore_user_meta=False, metas=['./colcon.meta'], base_paths=['.'], packages_ignore=None, packages_ignore_regex=None, paths=None, packages_up_to=None, packages_up_to_regex=None, packages_above=None, packages_above_and_dependencies=None, packages_above_depth=None, packages_select_by_dep=None, packages_skip_by_dep=None, packages_skip_up_to=None, packages_select_build_failed=False, packages_skip_build_finished=False, packages_select_test_failures=False, packages_skip_test_passed=False, packages_select=None, packages_skip=None, packages_select_regex=None, packages_skip_regex=None, packages_start=None, packages_end=None, allow_overriding=[], cmake_args=None, cmake_target=None, cmake_target_skip_unavailable=False, cmake_clean_cache=False, cmake_clean_first=False, cmake_force_configure=False, ament_cmake_args=None, catkin_cmake_args=None, catkin_skip_building_tests=False, verb_parser=<colcon_defaults.argument_parser.defaults.DefaultArgumentsDecorator object at 0x7f036fa688e0>, verb_extension=<colcon_core.verb.build.BuildVerb object at 0x7f036fed3ca0>, main=<bound method BuildVerb.main of <colcon_core.verb.build.BuildVerb object at 0x7f036fed3ca0>>)
[1.003s] Level 1:colcon.colcon_core.package_discovery:discover_packages(colcon_meta) check parameters
[1.003s] Level 1:colcon.colcon_core.package_discovery:discover_packages(recursive) check parameters
[1.003s] Level 1:colcon.colcon_core.package_discovery:discover_packages(ignore) check parameters
[1.003s] Level 1:colcon.colcon_core.package_discovery:discover_packages(path) check parameters
[1.003s] Level 1:colcon.colcon_core.package_discovery:discover_packages(colcon_meta) discover
[1.003s] Level 1:colcon.colcon_core.package_discovery:discover_packages(recursive) discover
[1.003s] INFO:colcon.colcon_core.package_discovery:Crawling recursively for packages in '/home/mechax/AAAmy_ws/1.18/radar_station'
[1.004s] Level 1:colcon.colcon_core.package_identification:_identify(.) by extensions ['ignore', 'ignore_ament_install']
[1.004s] Level 1:colcon.colcon_core.package_identification:_identify(.) by extension 'ignore'
[1.004s] Level 1:colcon.colcon_core.package_identification:_identify(.) by extension 'ignore_ament_install'
[1.004s] Level 1:colcon.colcon_core.package_identification:_identify(.) by extensions ['colcon_pkg']
[1.004s] Level 1:colcon.colcon_core.package_identification:_identify(.) by extension 'colcon_pkg'
[1.004s] Level 1:colcon.colcon_core.package_identification:_identify(.) by extensions ['colcon_meta']
[1.004s] Level 1:colcon.colcon_core.package_identification:_identify(.) by extension 'colcon_meta'
[1.004s] Level 1:colcon.colcon_core.package_identification:_identify(.) by extensions ['ros']
[1.004s] Level 1:colcon.colcon_core.package_identification:_identify(.) by extension 'ros'
[1.018s] Level 1:colcon.colcon_core.package_identification:_identify(.) by extensions ['cmake', 'python']
[1.019s] Level 1:colcon.colcon_core.package_identification:_identify(.) by extension 'cmake'
[1.019s] Level 1:colcon.colcon_core.package_identification:_identify(.) by extension 'python'
[1.019s] Level 1:colcon.colcon_core.package_identification:_identify(.) by extensions ['python_setup_py']
[1.019s] Level 1:colcon.colcon_core.package_identification:_identify(.) by extension 'python_setup_py'
[1.019s] Level 1:colcon.colcon_core.package_identification:_identify(Camera) by extensions ['ignore', 'ignore_ament_install']
[1.019s] Level 1:colcon.colcon_core.package_identification:_identify(Camera) by extension 'ignore'
[1.019s] Level 1:colcon.colcon_core.package_identification:_identify(Camera) by extension 'ignore_ament_install'
[1.019s] Level 1:colcon.colcon_core.package_identification:_identify(Camera) by extensions ['colcon_pkg']
[1.020s] Level 1:colcon.colcon_core.package_identification:_identify(Camera) by extension 'colcon_pkg'
[1.020s] Level 1:colcon.colcon_core.package_identification:_identify(Camera) by extensions ['colcon_meta']
[1.020s] Level 1:colcon.colcon_core.package_identification:_identify(Camera) by extension 'colcon_meta'
[1.020s] Level 1:colcon.colcon_core.package_identification:_identify(Camera) by extensions ['ros']
[1.020s] Level 1:colcon.colcon_core.package_identification:_identify(Camera) by extension 'ros'
[1.020s] Level 1:colcon.colcon_core.package_identification:_identify(Camera) by extensions ['cmake', 'python']
[1.020s] Level 1:colcon.colcon_core.package_identification:_identify(Camera) by extension 'cmake'
[1.020s] Level 1:colcon.colcon_core.package_identification:_identify(Camera) by extension 'python'
[1.020s] Level 1:colcon.colcon_core.package_identification:_identify(Camera) by extensions ['python_setup_py']
[1.020s] Level 1:colcon.colcon_core.package_identification:_identify(Camera) by extension 'python_setup_py'
[1.020s] Level 1:colcon.colcon_core.package_identification:_identify(Camera/log) by extensions ['ignore', 'ignore_ament_install']
[1.020s] Level 1:colcon.colcon_core.package_identification:_identify(Camera/log) by extension 'ignore'
[1.020s] Level 1:colcon.colcon_core.package_identification:_identify(Camera/log) by extension 'ignore_ament_install'
[1.020s] Level 1:colcon.colcon_core.package_identification:_identify(Camera/log) by extensions ['colcon_pkg']
[1.020s] Level 1:colcon.colcon_core.package_identification:_identify(Camera/log) by extension 'colcon_pkg'
[1.020s] Level 1:colcon.colcon_core.package_identification:_identify(Camera/log) by extensions ['colcon_meta']
[1.020s] Level 1:colcon.colcon_core.package_identification:_identify(Camera/log) by extension 'colcon_meta'
[1.020s] Level 1:colcon.colcon_core.package_identification:_identify(Camera/log) by extensions ['ros']
[1.020s] Level 1:colcon.colcon_core.package_identification:_identify(Camera/log) by extension 'ros'
[1.020s] Level 1:colcon.colcon_core.package_identification:_identify(Camera/log) by extensions ['cmake', 'python']
[1.020s] Level 1:colcon.colcon_core.package_identification:_identify(Camera/log) by extension 'cmake'
[1.020s] Level 1:colcon.colcon_core.package_identification:_identify(Camera/log) by extension 'python'
[1.020s] Level 1:colcon.colcon_core.package_identification:_identify(Camera/log) by extensions ['python_setup_py']
[1.020s] Level 1:colcon.colcon_core.package_identification:_identify(Camera/log) by extension 'python_setup_py'
[1.020s] Level 1:colcon.colcon_core.package_identification:_identify(build) by extensions ['ignore', 'ignore_ament_install']
[1.020s] Level 1:colcon.colcon_core.package_identification:_identify(build) by extension 'ignore'
[1.021s] Level 1:colcon.colcon_core.package_identification:_identify(build) ignored
[1.021s] Level 1:colcon.colcon_core.package_identification:_identify(install) by extensions ['ignore', 'ignore_ament_install']
[1.021s] Level 1:colcon.colcon_core.package_identification:_identify(install) by extension 'ignore'
[1.021s] Level 1:colcon.colcon_core.package_identification:_identify(install) ignored
[1.021s] Level 1:colcon.colcon_core.package_identification:_identify(log) by extensions ['ignore', 'ignore_ament_install']
[1.021s] Level 1:colcon.colcon_core.package_identification:_identify(log) by extension 'ignore'
[1.021s] Level 1:colcon.colcon_core.package_identification:_identify(log) ignored
[1.021s] Level 1:colcon.colcon_core.package_identification:_identify(src) by extensions ['ignore', 'ignore_ament_install']
[1.021s] Level 1:colcon.colcon_core.package_identification:_identify(src) by extension 'ignore'
[1.021s] Level 1:colcon.colcon_core.package_identification:_identify(src) by extension 'ignore_ament_install'
[1.021s] Level 1:colcon.colcon_core.package_identification:_identify(src) by extensions ['colcon_pkg']
[1.021s] Level 1:colcon.colcon_core.package_identification:_identify(src) by extension 'colcon_pkg'
[1.021s] Level 1:colcon.colcon_core.package_identification:_identify(src) by extensions ['colcon_meta']
[1.021s] Level 1:colcon.colcon_core.package_identification:_identify(src) by extension 'colcon_meta'
[1.021s] Level 1:colcon.colcon_core.package_identification:_identify(src) by extensions ['ros']
[1.021s] Level 1:colcon.colcon_core.package_identification:_identify(src) by extension 'ros'
[1.022s] Level 1:colcon.colcon_core.package_identification:_identify(src) by extensions ['cmake', 'python']
[1.022s] Level 1:colcon.colcon_core.package_identification:_identify(src) by extension 'cmake'
[1.022s] Level 1:colcon.colcon_core.package_identification:_identify(src) by extension 'python'
[1.022s] Level 1:colcon.colcon_core.package_identification:_identify(src) by extensions ['python_setup_py']
[1.022s] Level 1:colcon.colcon_core.package_identification:_identify(src) by extension 'python_setup_py'
[1.022s] Level 1:colcon.colcon_core.package_identification:_identify(src/All_Topic) by extensions ['ignore', 'ignore_ament_install']
[1.022s] Level 1:colcon.colcon_core.package_identification:_identify(src/All_Topic) by extension 'ignore'
[1.022s] Level 1:colcon.colcon_core.package_identification:_identify(src/All_Topic) by extension 'ignore_ament_install'
[1.022s] Level 1:colcon.colcon_core.package_identification:_identify(src/All_Topic) by extensions ['colcon_pkg']
[1.022s] Level 1:colcon.colcon_core.package_identification:_identify(src/All_Topic) by extension 'colcon_pkg'
[1.022s] Level 1:colcon.colcon_core.package_identification:_identify(src/All_Topic) by extensions ['colcon_meta']
[1.022s] Level 1:colcon.colcon_core.package_identification:_identify(src/All_Topic) by extension 'colcon_meta'
[1.022s] Level 1:colcon.colcon_core.package_identification:_identify(src/All_Topic) by extensions ['ros']
[1.022s] Level 1:colcon.colcon_core.package_identification:_identify(src/All_Topic) by extension 'ros'
[1.022s] Level 1:colcon.colcon_core.package_identification:_identify(src/All_Topic) by extensions ['cmake', 'python']
[1.022s] Level 1:colcon.colcon_core.package_identification:_identify(src/All_Topic) by extension 'cmake'
[1.022s] Level 1:colcon.colcon_core.package_identification:_identify(src/All_Topic) by extension 'python'
[1.022s] Level 1:colcon.colcon_core.package_identification:_identify(src/All_Topic) by extensions ['python_setup_py']
[1.022s] Level 1:colcon.colcon_core.package_identification:_identify(src/All_Topic) by extension 'python_setup_py'
[1.022s] Level 1:colcon.colcon_core.package_identification:_identify(src/Game_Map) by extensions ['ignore', 'ignore_ament_install']
[1.022s] Level 1:colcon.colcon_core.package_identification:_identify(src/Game_Map) by extension 'ignore'
[1.022s] Level 1:colcon.colcon_core.package_identification:_identify(src/Game_Map) by extension 'ignore_ament_install'
[1.022s] Level 1:colcon.colcon_core.package_identification:_identify(src/Game_Map) by extensions ['colcon_pkg']
[1.022s] Level 1:colcon.colcon_core.package_identification:_identify(src/Game_Map) by extension 'colcon_pkg'
[1.022s] Level 1:colcon.colcon_core.package_identification:_identify(src/Game_Map) by extensions ['colcon_meta']
[1.022s] Level 1:colcon.colcon_core.package_identification:_identify(src/Game_Map) by extension 'colcon_meta'
[1.022s] Level 1:colcon.colcon_core.package_identification:_identify(src/Game_Map) by extensions ['ros']
[1.022s] Level 1:colcon.colcon_core.package_identification:_identify(src/Game_Map) by extension 'ros'
[1.026s] DEBUG:colcon.colcon_core.package_identification:Package 'src/Game_Map' with type 'ros.ament_cmake' and name 'Game_Map'
[1.026s] Level 1:colcon.colcon_core.package_identification:_identify(src/Img_Handle) by extensions ['ignore', 'ignore_ament_install']
[1.026s] Level 1:colcon.colcon_core.package_identification:_identify(src/Img_Handle) by extension 'ignore'
[1.027s] Level 1:colcon.colcon_core.package_identification:_identify(src/Img_Handle) by extension 'ignore_ament_install'
[1.027s] Level 1:colcon.colcon_core.package_identification:_identify(src/Img_Handle) by extensions ['colcon_pkg']
[1.027s] Level 1:colcon.colcon_core.package_identification:_identify(src/Img_Handle) by extension 'colcon_pkg'
[1.027s] Level 1:colcon.colcon_core.package_identification:_identify(src/Img_Handle) by extensions ['colcon_meta']
[1.027s] Level 1:colcon.colcon_core.package_identification:_identify(src/Img_Handle) by extension 'colcon_meta'
[1.027s] Level 1:colcon.colcon_core.package_identification:_identify(src/Img_Handle) by extensions ['ros']
[1.027s] Level 1:colcon.colcon_core.package_identification:_identify(src/Img_Handle) by extension 'ros'
[1.028s] DEBUG:colcon.colcon_core.package_identification:Package 'src/Img_Handle' with type 'ros.ament_cmake' and name 'Img_Handle'
[1.028s] Level 1:colcon.colcon_core.package_identification:_identify(src/Yolo_Handle) by extensions ['ignore', 'ignore_ament_install']
[1.028s] Level 1:colcon.colcon_core.package_identification:_identify(src/Yolo_Handle) by extension 'ignore'
[1.028s] Level 1:colcon.colcon_core.package_identification:_identify(src/Yolo_Handle) by extension 'ignore_ament_install'
[1.028s] Level 1:colcon.colcon_core.package_identification:_identify(src/Yolo_Handle) by extensions ['colcon_pkg']
[1.029s] Level 1:colcon.colcon_core.package_identification:_identify(src/Yolo_Handle) by extension 'colcon_pkg'
[1.029s] Level 1:colcon.colcon_core.package_identification:_identify(src/Yolo_Handle) by extensions ['colcon_meta']
[1.029s] Level 1:colcon.colcon_core.package_identification:_identify(src/Yolo_Handle) by extension 'colcon_meta'
[1.029s] Level 1:colcon.colcon_core.package_identification:_identify(src/Yolo_Handle) by extensions ['ros']
[1.029s] Level 1:colcon.colcon_core.package_identification:_identify(src/Yolo_Handle) by extension 'ros'
[1.029s] DEBUG:colcon.colcon_core.package_identification:Package 'src/Yolo_Handle' with type 'ros.ament_cmake' and name 'Yolo_Handle'
[1.029s] Level 1:colcon.colcon_core.package_identification:_identify(src/get_depth) by extensions ['ignore', 'ignore_ament_install']
[1.029s] Level 1:colcon.colcon_core.package_identification:_identify(src/get_depth) by extension 'ignore'
[1.029s] Level 1:colcon.colcon_core.package_identification:_identify(src/get_depth) by extension 'ignore_ament_install'
[1.030s] Level 1:colcon.colcon_core.package_identification:_identify(src/get_depth) by extensions ['colcon_pkg']
[1.030s] Level 1:colcon.colcon_core.package_identification:_identify(src/get_depth) by extension 'colcon_pkg'
[1.030s] Level 1:colcon.colcon_core.package_identification:_identify(src/get_depth) by extensions ['colcon_meta']
[1.030s] Level 1:colcon.colcon_core.package_identification:_identify(src/get_depth) by extension 'colcon_meta'
[1.030s] Level 1:colcon.colcon_core.package_identification:_identify(src/get_depth) by extensions ['ros']
[1.030s] Level 1:colcon.colcon_core.package_identification:_identify(src/get_depth) by extension 'ros'
[1.031s] DEBUG:colcon.colcon_core.package_identification:Package 'src/get_depth' with type 'ros.ament_cmake' and name 'get_depth'
[1.031s] Level 1:colcon.colcon_core.package_identification:_identify(src/map_test) by extensions ['ignore', 'ignore_ament_install']
[1.032s] Level 1:colcon.colcon_core.package_identification:_identify(src/map_test) by extension 'ignore'
[1.032s] Level 1:colcon.colcon_core.package_identification:_identify(src/map_test) by extension 'ignore_ament_install'
[1.032s] Level 1:colcon.colcon_core.package_identification:_identify(src/map_test) by extensions ['colcon_pkg']
[1.032s] Level 1:colcon.colcon_core.package_identification:_identify(src/map_test) by extension 'colcon_pkg'
[1.032s] Level 1:colcon.colcon_core.package_identification:_identify(src/map_test) by extensions ['colcon_meta']
[1.032s] Level 1:colcon.colcon_core.package_identification:_identify(src/map_test) by extension 'colcon_meta'
[1.033s] Level 1:colcon.colcon_core.package_identification:_identify(src/map_test) by extensions ['ros']
[1.033s] Level 1:colcon.colcon_core.package_identification:_identify(src/map_test) by extension 'ros'
[1.033s] DEBUG:colcon.colcon_core.package_identification:Package 'src/map_test' with type 'ros.ament_cmake' and name 'map_test'
[1.033s] Level 1:colcon.colcon_core.package_identification:_identify(src/my_msgss) by extensions ['ignore', 'ignore_ament_install']
[1.034s] Level 1:colcon.colcon_core.package_identification:_identify(src/my_msgss) by extension 'ignore'
[1.034s] Level 1:colcon.colcon_core.package_identification:_identify(src/my_msgss) by extension 'ignore_ament_install'
[1.034s] Level 1:colcon.colcon_core.package_identification:_identify(src/my_msgss) by extensions ['colcon_pkg']
[1.034s] Level 1:colcon.colcon_core.package_identification:_identify(src/my_msgss) by extension 'colcon_pkg'
[1.034s] Level 1:colcon.colcon_core.package_identification:_identify(src/my_msgss) by extensions ['colcon_meta']
[1.034s] Level 1:colcon.colcon_core.package_identification:_identify(src/my_msgss) by extension 'colcon_meta'
[1.034s] Level 1:colcon.colcon_core.package_identification:_identify(src/my_msgss) by extensions ['ros']
[1.034s] Level 1:colcon.colcon_core.package_identification:_identify(src/my_msgss) by extension 'ros'
[1.034s] DEBUG:colcon.colcon_core.package_identification:Package 'src/my_msgss' with type 'ros.ament_cmake' and name 'my_msgss'
[1.035s] Level 1:colcon.colcon_core.package_identification:_identify(src/ros2-mindvision-camera) by extensions ['ignore', 'ignore_ament_install']
[1.035s] Level 1:colcon.colcon_core.package_identification:_identify(src/ros2-mindvision-camera) by extension 'ignore'
[1.035s] Level 1:colcon.colcon_core.package_identification:_identify(src/ros2-mindvision-camera) by extension 'ignore_ament_install'
[1.035s] Level 1:colcon.colcon_core.package_identification:_identify(src/ros2-mindvision-camera) by extensions ['colcon_pkg']
[1.035s] Level 1:colcon.colcon_core.package_identification:_identify(src/ros2-mindvision-camera) by extension 'colcon_pkg'
[1.035s] Level 1:colcon.colcon_core.package_identification:_identify(src/ros2-mindvision-camera) by extensions ['colcon_meta']
[1.035s] Level 1:colcon.colcon_core.package_identification:_identify(src/ros2-mindvision-camera) by extension 'colcon_meta'
[1.035s] Level 1:colcon.colcon_core.package_identification:_identify(src/ros2-mindvision-camera) by extensions ['ros']
[1.035s] Level 1:colcon.colcon_core.package_identification:_identify(src/ros2-mindvision-camera) by extension 'ros'
[1.036s] DEBUG:colcon.colcon_core.package_identification:Package 'src/ros2-mindvision-camera' with type 'ros.ament_cmake' and name 'mindvision_camera'
[1.036s] Level 1:colcon.colcon_core.package_discovery:discover_packages(recursive) using defaults
[1.036s] Level 1:colcon.colcon_core.package_discovery:discover_packages(ignore) discover
[1.036s] Level 1:colcon.colcon_core.package_discovery:discover_packages(ignore) using defaults
[1.036s] Level 1:colcon.colcon_core.package_discovery:discover_packages(path) discover
[1.036s] Level 1:colcon.colcon_core.package_discovery:discover_packages(path) using defaults
[1.125s] Level 1:colcon.colcon_core.package_discovery:discover_packages(prefix_path) check parameters
[1.126s] Level 1:colcon.colcon_core.package_discovery:discover_packages(prefix_path) discover
[1.148s] DEBUG:colcon.colcon_installed_package_information.package_discovery:Found 3 installed packages in /home/mechax/ws_livox/install
[1.161s] DEBUG:colcon.colcon_installed_package_information.package_discovery:Found 341 installed packages in /opt/ros/humble
[1.164s] Level 1:colcon.colcon_core.package_discovery:discover_packages(prefix_path) using defaults
[1.261s] Level 5:colcon.colcon_core.verb:set package 'Yolo_Handle' build argument 'cmake_args' from command line to 'None'
[1.262s] Level 5:colcon.colcon_core.verb:set package 'Yolo_Handle' build argument 'cmake_target' from command line to 'None'
[1.262s] Level 5:colcon.colcon_core.verb:set package 'Yolo_Handle' build argument 'cmake_target_skip_unavailable' from command line to 'False'
[1.262s] Level 5:colcon.colcon_core.verb:set package 'Yolo_Handle' build argument 'cmake_clean_cache' from command line to 'False'
[1.262s] Level 5:colcon.colcon_core.verb:set package 'Yolo_Handle' build argument 'cmake_clean_first' from command line to 'False'
[1.262s] Level 5:colcon.colcon_core.verb:set package 'Yolo_Handle' build argument 'cmake_force_configure' from command line to 'False'
[1.262s] Level 5:colcon.colcon_core.verb:set package 'Yolo_Handle' build argument 'ament_cmake_args' from command line to 'None'
[1.262s] Level 5:colcon.colcon_core.verb:set package 'Yolo_Handle' build argument 'catkin_cmake_args' from command line to 'None'
[1.262s] Level 5:colcon.colcon_core.verb:set package 'Yolo_Handle' build argument 'catkin_skip_building_tests' from command line to 'False'
[1.262s] DEBUG:colcon.colcon_core.verb:Building package 'Yolo_Handle' with the following arguments: {'ament_cmake_args': None, 'build_base': '/home/mechax/AAAmy_ws/1.18/radar_station/build/Yolo_Handle', 'catkin_cmake_args': None, 'catkin_skip_building_tests': False, 'cmake_args': None, 'cmake_clean_cache': False, 'cmake_clean_first': False, 'cmake_force_configure': False, 'cmake_target': None, 'cmake_target_skip_unavailable': False, 'install_base': '/home/mechax/AAAmy_ws/1.18/radar_station/install/Yolo_Handle', 'merge_install': False, 'path': '/home/mechax/AAAmy_ws/1.18/radar_station/src/Yolo_Handle', 'symlink_install': False, 'test_result_base': None}
[1.273s] Level 5:colcon.colcon_core.verb:set package 'mindvision_camera' build argument 'cmake_args' from command line to 'None'
[1.273s] Level 5:colcon.colcon_core.verb:set package 'mindvision_camera' build argument 'cmake_target' from command line to 'None'
[1.274s] Level 5:colcon.colcon_core.verb:set package 'mindvision_camera' build argument 'cmake_target_skip_unavailable' from command line to 'False'
[1.274s] Level 5:colcon.colcon_core.verb:set package 'mindvision_camera' build argument 'cmake_clean_cache' from command line to 'False'
[1.274s] Level 5:colcon.colcon_core.verb:set package 'mindvision_camera' build argument 'cmake_clean_first' from command line to 'False'
[1.274s] Level 5:colcon.colcon_core.verb:set package 'mindvision_camera' build argument 'cmake_force_configure' from command line to 'False'
[1.274s] Level 5:colcon.colcon_core.verb:set package 'mindvision_camera' build argument 'ament_cmake_args' from command line to 'None'
[1.274s] Level 5:colcon.colcon_core.verb:set package 'mindvision_camera' build argument 'catkin_cmake_args' from command line to 'None'
[1.274s] Level 5:colcon.colcon_core.verb:set package 'mindvision_camera' build argument 'catkin_skip_building_tests' from command line to 'False'
[1.274s] DEBUG:colcon.colcon_core.verb:Building package 'mindvision_camera' with the following arguments: {'ament_cmake_args': None, 'build_base': '/home/mechax/AAAmy_ws/1.18/radar_station/build/mindvision_camera', 'catkin_cmake_args': None, 'catkin_skip_building_tests': False, 'cmake_args': None, 'cmake_clean_cache': False, 'cmake_clean_first': False, 'cmake_force_configure': False, 'cmake_target': None, 'cmake_target_skip_unavailable': False, 'install_base': '/home/mechax/AAAmy_ws/1.18/radar_station/install/mindvision_camera', 'merge_install': False, 'path': '/home/mechax/AAAmy_ws/1.18/radar_station/src/ros2-mindvision-camera', 'symlink_install': False, 'test_result_base': None}
[1.287s] Level 5:colcon.colcon_core.verb:set package 'my_msgss' build argument 'cmake_args' from command line to 'None'
[1.287s] Level 5:colcon.colcon_core.verb:set package 'my_msgss' build argument 'cmake_target' from command line to 'None'
[1.287s] Level 5:colcon.colcon_core.verb:set package 'my_msgss' build argument 'cmake_target_skip_unavailable' from command line to 'False'
[1.287s] Level 5:colcon.colcon_core.verb:set package 'my_msgss' build argument 'cmake_clean_cache' from command line to 'False'
[1.287s] Level 5:colcon.colcon_core.verb:set package 'my_msgss' build argument 'cmake_clean_first' from command line to 'False'
[1.287s] Level 5:colcon.colcon_core.verb:set package 'my_msgss' build argument 'cmake_force_configure' from command line to 'False'
[1.287s] Level 5:colcon.colcon_core.verb:set package 'my_msgss' build argument 'ament_cmake_args' from command line to 'None'
[1.287s] Level 5:colcon.colcon_core.verb:set package 'my_msgss' build argument 'catkin_cmake_args' from command line to 'None'
[1.287s] Level 5:colcon.colcon_core.verb:set package 'my_msgss' build argument 'catkin_skip_building_tests' from command line to 'False'
[1.287s] DEBUG:colcon.colcon_core.verb:Building package 'my_msgss' with the following arguments: {'ament_cmake_args': None, 'build_base': '/home/mechax/AAAmy_ws/1.18/radar_station/build/my_msgss', 'catkin_cmake_args': None, 'catkin_skip_building_tests': False, 'cmake_args': None, 'cmake_clean_cache': False, 'cmake_clean_first': False, 'cmake_force_configure': False, 'cmake_target': None, 'cmake_target_skip_unavailable': False, 'install_base': '/home/mechax/AAAmy_ws/1.18/radar_station/install/my_msgss', 'merge_install': False, 'path': '/home/mechax/AAAmy_ws/1.18/radar_station/src/my_msgss', 'symlink_install': False, 'test_result_base': None}
[1.300s] Level 5:colcon.colcon_core.verb:set package 'Game_Map' build argument 'cmake_args' from command line to 'None'
[1.300s] Level 5:colcon.colcon_core.verb:set package 'Game_Map' build argument 'cmake_target' from command line to 'None'
[1.300s] Level 5:colcon.colcon_core.verb:set package 'Game_Map' build argument 'cmake_target_skip_unavailable' from command line to 'False'
[1.301s] Level 5:colcon.colcon_core.verb:set package 'Game_Map' build argument 'cmake_clean_cache' from command line to 'False'
[1.301s] Level 5:colcon.colcon_core.verb:set package 'Game_Map' build argument 'cmake_clean_first' from command line to 'False'
[1.301s] Level 5:colcon.colcon_core.verb:set package 'Game_Map' build argument 'cmake_force_configure' from command line to 'False'
[1.301s] Level 5:colcon.colcon_core.verb:set package 'Game_Map' build argument 'ament_cmake_args' from command line to 'None'
[1.301s] Level 5:colcon.colcon_core.verb:set package 'Game_Map' build argument 'catkin_cmake_args' from command line to 'None'
[1.301s] Level 5:colcon.colcon_core.verb:set package 'Game_Map' build argument 'catkin_skip_building_tests' from command line to 'False'
[1.301s] DEBUG:colcon.colcon_core.verb:Building package 'Game_Map' with the following arguments: {'ament_cmake_args': None, 'build_base': '/home/mechax/AAAmy_ws/1.18/radar_station/build/Game_Map', 'catkin_cmake_args': None, 'catkin_skip_building_tests': False, 'cmake_args': None, 'cmake_clean_cache': False, 'cmake_clean_first': False, 'cmake_force_configure': False, 'cmake_target': None, 'cmake_target_skip_unavailable': False, 'install_base': '/home/mechax/AAAmy_ws/1.18/radar_station/install/Game_Map', 'merge_install': False, 'path': '/home/mechax/AAAmy_ws/1.18/radar_station/src/Game_Map', 'symlink_install': False, 'test_result_base': None}
[1.312s] Level 5:colcon.colcon_core.verb:set package 'Img_Handle' build argument 'cmake_args' from command line to 'None'
[1.312s] Level 5:colcon.colcon_core.verb:set package 'Img_Handle' build argument 'cmake_target' from command line to 'None'
[1.312s] Level 5:colcon.colcon_core.verb:set package 'Img_Handle' build argument 'cmake_target_skip_unavailable' from command line to 'False'
[1.312s] Level 5:colcon.colcon_core.verb:set package 'Img_Handle' build argument 'cmake_clean_cache' from command line to 'False'
[1.312s] Level 5:colcon.colcon_core.verb:set package 'Img_Handle' build argument 'cmake_clean_first' from command line to 'False'
[1.312s] Level 5:colcon.colcon_core.verb:set package 'Img_Handle' build argument 'cmake_force_configure' from command line to 'False'
[1.312s] Level 5:colcon.colcon_core.verb:set package 'Img_Handle' build argument 'ament_cmake_args' from command line to 'None'
[1.312s] Level 5:colcon.colcon_core.verb:set package 'Img_Handle' build argument 'catkin_cmake_args' from command line to 'None'
[1.312s] Level 5:colcon.colcon_core.verb:set package 'Img_Handle' build argument 'catkin_skip_building_tests' from command line to 'False'
[1.312s] DEBUG:colcon.colcon_core.verb:Building package 'Img_Handle' with the following arguments: {'ament_cmake_args': None, 'build_base': '/home/mechax/AAAmy_ws/1.18/radar_station/build/Img_Handle', 'catkin_cmake_args': None, 'catkin_skip_building_tests': False, 'cmake_args': None, 'cmake_clean_cache': False, 'cmake_clean_first': False, 'cmake_force_configure': False, 'cmake_target': None, 'cmake_target_skip_unavailable': False, 'install_base': '/home/mechax/AAAmy_ws/1.18/radar_station/install/Img_Handle', 'merge_install': False, 'path': '/home/mechax/AAAmy_ws/1.18/radar_station/src/Img_Handle', 'symlink_install': False, 'test_result_base': None}
[1.329s] Level 5:colcon.colcon_core.verb:set package 'get_depth' build argument 'cmake_args' from command line to 'None'
[1.329s] Level 5:colcon.colcon_core.verb:set package 'get_depth' build argument 'cmake_target' from command line to 'None'
[1.329s] Level 5:colcon.colcon_core.verb:set package 'get_depth' build argument 'cmake_target_skip_unavailable' from command line to 'False'
[1.329s] Level 5:colcon.colcon_core.verb:set package 'get_depth' build argument 'cmake_clean_cache' from command line to 'False'
[1.329s] Level 5:colcon.colcon_core.verb:set package 'get_depth' build argument 'cmake_clean_first' from command line to 'False'
[1.329s] Level 5:colcon.colcon_core.verb:set package 'get_depth' build argument 'cmake_force_configure' from command line to 'False'
[1.329s] Level 5:colcon.colcon_core.verb:set package 'get_depth' build argument 'ament_cmake_args' from command line to 'None'
[1.329s] Level 5:colcon.colcon_core.verb:set package 'get_depth' build argument 'catkin_cmake_args' from command line to 'None'
[1.329s] Level 5:colcon.colcon_core.verb:set package 'get_depth' build argument 'catkin_skip_building_tests' from command line to 'False'
[1.329s] DEBUG:colcon.colcon_core.verb:Building package 'get_depth' with the following arguments: {'ament_cmake_args': None, 'build_base': '/home/mechax/AAAmy_ws/1.18/radar_station/build/get_depth', 'catkin_cmake_args': None, 'catkin_skip_building_tests': False, 'cmake_args': None, 'cmake_clean_cache': False, 'cmake_clean_first': False, 'cmake_force_configure': False, 'cmake_target': None, 'cmake_target_skip_unavailable': False, 'install_base': '/home/mechax/AAAmy_ws/1.18/radar_station/install/get_depth', 'merge_install': False, 'path': '/home/mechax/AAAmy_ws/1.18/radar_station/src/get_depth', 'symlink_install': False, 'test_result_base': None}
[1.343s] Level 5:colcon.colcon_core.verb:set package 'map_test' build argument 'cmake_args' from command line to 'None'
[1.343s] Level 5:colcon.colcon_core.verb:set package 'map_test' build argument 'cmake_target' from command line to 'None'
[1.343s] Level 5:colcon.colcon_core.verb:set package 'map_test' build argument 'cmake_target_skip_unavailable' from command line to 'False'
[1.343s] Level 5:colcon.colcon_core.verb:set package 'map_test' build argument 'cmake_clean_cache' from command line to 'False'
[1.343s] Level 5:colcon.colcon_core.verb:set package 'map_test' build argument 'cmake_clean_first' from command line to 'False'
[1.343s] Level 5:colcon.colcon_core.verb:set package 'map_test' build argument 'cmake_force_configure' from command line to 'False'
[1.343s] Level 5:colcon.colcon_core.verb:set package 'map_test' build argument 'ament_cmake_args' from command line to 'None'
[1.343s] Level 5:colcon.colcon_core.verb:set package 'map_test' build argument 'catkin_cmake_args' from command line to 'None'
[1.343s] Level 5:colcon.colcon_core.verb:set package 'map_test' build argument 'catkin_skip_building_tests' from command line to 'False'
[1.343s] DEBUG:colcon.colcon_core.verb:Building package 'map_test' with the following arguments: {'ament_cmake_args': None, 'build_base': '/home/mechax/AAAmy_ws/1.18/radar_station/build/map_test', 'catkin_cmake_args': None, 'catkin_skip_building_tests': False, 'cmake_args': None, 'cmake_clean_cache': False, 'cmake_clean_first': False, 'cmake_force_configure': False, 'cmake_target': None, 'cmake_target_skip_unavailable': False, 'install_base': '/home/mechax/AAAmy_ws/1.18/radar_station/install/map_test', 'merge_install': False, 'path': '/home/mechax/AAAmy_ws/1.18/radar_station/src/map_test', 'symlink_install': False, 'test_result_base': None}
[1.354s] INFO:colcon.colcon_core.executor:Executing jobs using 'parallel' executor
[1.365s] DEBUG:colcon.colcon_parallel_executor.executor.parallel:run_until_complete
[1.366s] INFO:colcon.colcon_ros.task.ament_cmake.build:Building ROS package in '/home/mechax/AAAmy_ws/1.18/radar_station/src/my_msgss' with build type 'ament_cmake'
[1.366s] INFO:colcon.colcon_cmake.task.cmake.build:Building CMake package in '/home/mechax/AAAmy_ws/1.18/radar_station/src/my_msgss'
[1.380s] INFO:colcon.colcon_core.plugin_system:Skipping extension 'colcon_core.shell.bat': Not used on non-Windows systems
[1.381s] INFO:colcon.colcon_core.shell:Skip shell extension 'powershell' for command environment: Not usable outside of PowerShell
[1.381s] DEBUG:colcon.colcon_core.shell:Skip shell extension 'dsv' for command environment
[1.424s] INFO:colcon.colcon_ros.task.ament_cmake.build:Building ROS package in '/home/mechax/AAAmy_ws/1.18/radar_station/src/Yolo_Handle' with build type 'ament_cmake'
[1.425s] INFO:colcon.colcon_cmake.task.cmake.build:Building CMake package in '/home/mechax/AAAmy_ws/1.18/radar_station/src/Yolo_Handle'
[1.438s] INFO:colcon.colcon_core.shell:Skip shell extension 'powershell' for command environment: Not usable outside of PowerShell
[1.438s] DEBUG:colcon.colcon_core.shell:Skip shell extension 'dsv' for command environment
[1.487s] INFO:colcon.colcon_ros.task.ament_cmake.build:Building ROS package in '/home/mechax/AAAmy_ws/1.18/radar_station/src/ros2-mindvision-camera' with build type 'ament_cmake'
[1.489s] INFO:colcon.colcon_cmake.task.cmake.build:Building CMake package in '/home/mechax/AAAmy_ws/1.18/radar_station/src/ros2-mindvision-camera'
[1.500s] INFO:colcon.colcon_core.shell:Skip shell extension 'powershell' for command environment: Not usable outside of PowerShell
[1.500s] DEBUG:colcon.colcon_core.shell:Skip shell extension 'dsv' for command environment
[1.575s] DEBUG:colcon.colcon_core.event_handler.log_command:Invoking command in '/home/mechax/AAAmy_ws/1.18/radar_station/build/my_msgss': CMAKE_PREFIX_PATH=${CMAKE_PREFIX_PATH}:/opt/ros/humble /usr/bin/cmake --build /home/mechax/AAAmy_ws/1.18/radar_station/build/my_msgss -- -j16 -l16
[1.579s] DEBUG:colcon.colcon_core.event_handler.log_command:Invoking command in '/home/mechax/AAAmy_ws/1.18/radar_station/build/Yolo_Handle': CMAKE_PREFIX_PATH=${CMAKE_PREFIX_PATH}:/opt/ros/humble /usr/bin/cmake --build /home/mechax/AAAmy_ws/1.18/radar_station/build/Yolo_Handle -- -j16 -l16
[1.588s] DEBUG:colcon.colcon_core.event_handler.log_command:Invoking command in '/home/mechax/AAAmy_ws/1.18/radar_station/build/mindvision_camera': CMAKE_PREFIX_PATH=${CMAKE_PREFIX_PATH}:/opt/ros/humble /usr/bin/cmake --build /home/mechax/AAAmy_ws/1.18/radar_station/build/mindvision_camera -- -j16 -l16
[1.645s] DEBUG:colcon.colcon_core.event_handler.log_command:Invoked command in '/home/mechax/AAAmy_ws/1.18/radar_station/build/Yolo_Handle' returned '0': CMAKE_PREFIX_PATH=${CMAKE_PREFIX_PATH}:/opt/ros/humble /usr/bin/cmake --build /home/mechax/AAAmy_ws/1.18/radar_station/build/Yolo_Handle -- -j16 -l16
[1.718s] DEBUG:colcon.colcon_core.event_handler.log_command:Invoking command in '/home/mechax/AAAmy_ws/1.18/radar_station/build/Yolo_Handle': CMAKE_PREFIX_PATH=${CMAKE_PREFIX_PATH}:/opt/ros/humble /usr/bin/cmake --install /home/mechax/AAAmy_ws/1.18/radar_station/build/Yolo_Handle
[1.722s] DEBUG:colcon.colcon_core.event_handler.log_command:Invoked command in '/home/mechax/AAAmy_ws/1.18/radar_station/build/mindvision_camera' returned '0': CMAKE_PREFIX_PATH=${CMAKE_PREFIX_PATH}:/opt/ros/humble /usr/bin/cmake --build /home/mechax/AAAmy_ws/1.18/radar_station/build/mindvision_camera -- -j16 -l16
[1.747s] Level 1:colcon.colcon_core.environment:create_environment_scripts_only(Yolo_Handle)
[1.748s] DEBUG:colcon.colcon_core.event_handler.log_command:Invoked command in '/home/mechax/AAAmy_ws/1.18/radar_station/build/Yolo_Handle' returned '0': CMAKE_PREFIX_PATH=${CMAKE_PREFIX_PATH}:/opt/ros/humble /usr/bin/cmake --install /home/mechax/AAAmy_ws/1.18/radar_station/build/Yolo_Handle
[1.770s] Level 1:colcon.colcon_core.environment:checking '/home/mechax/AAAmy_ws/1.18/radar_station/install/Yolo_Handle' for CMake module files
[1.771s] Level 1:colcon.colcon_core.environment:checking '/home/mechax/AAAmy_ws/1.18/radar_station/install/Yolo_Handle' for CMake config files
[1.771s] Level 1:colcon.colcon_core.shell:create_environment_hook('Yolo_Handle', 'cmake_prefix_path')
[1.787s] INFO:colcon.colcon_core.shell:Creating environment hook '/home/mechax/AAAmy_ws/1.18/radar_station/install/Yolo_Handle/share/Yolo_Handle/hook/cmake_prefix_path.ps1'
[1.788s] INFO:colcon.colcon_core.shell:Creating environment descriptor '/home/mechax/AAAmy_ws/1.18/radar_station/install/Yolo_Handle/share/Yolo_Handle/hook/cmake_prefix_path.dsv'
[1.789s] INFO:colcon.colcon_core.shell:Creating environment hook '/home/mechax/AAAmy_ws/1.18/radar_station/install/Yolo_Handle/share/Yolo_Handle/hook/cmake_prefix_path.sh'
[1.790s] Level 1:colcon.colcon_core.environment:checking '/home/mechax/AAAmy_ws/1.18/radar_station/install/Yolo_Handle/bin'
[1.791s] Level 1:colcon.colcon_core.environment:checking '/home/mechax/AAAmy_ws/1.18/radar_station/install/Yolo_Handle/lib/pkgconfig/Yolo_Handle.pc'
[1.791s] Level 1:colcon.colcon_core.environment:checking '/home/mechax/AAAmy_ws/1.18/radar_station/install/Yolo_Handle/lib/python3.10/site-packages'
[1.791s] Level 1:colcon.colcon_core.environment:checking '/home/mechax/AAAmy_ws/1.18/radar_station/install/Yolo_Handle/bin'
[1.808s] INFO:colcon.colcon_core.shell:Creating package script '/home/mechax/AAAmy_ws/1.18/radar_station/install/Yolo_Handle/share/Yolo_Handle/package.ps1'
[1.808s] INFO:colcon.colcon_core.shell:Creating package descriptor '/home/mechax/AAAmy_ws/1.18/radar_station/install/Yolo_Handle/share/Yolo_Handle/package.dsv'
[1.809s] INFO:colcon.colcon_core.shell:Creating package script '/home/mechax/AAAmy_ws/1.18/radar_station/install/Yolo_Handle/share/Yolo_Handle/package.sh'
[1.809s] INFO:colcon.colcon_core.shell:Creating package script '/home/mechax/AAAmy_ws/1.18/radar_station/install/Yolo_Handle/share/Yolo_Handle/package.bash'
[1.810s] INFO:colcon.colcon_core.shell:Creating package script '/home/mechax/AAAmy_ws/1.18/radar_station/install/Yolo_Handle/share/Yolo_Handle/package.zsh'
[1.810s] Level 1:colcon.colcon_core.environment:create_file_with_runtime_dependencies(/home/mechax/AAAmy_ws/1.18/radar_station/install/Yolo_Handle/share/colcon-core/packages/Yolo_Handle)
[1.814s] DEBUG:colcon.colcon_core.event_handler.log_command:Invoking command in '/home/mechax/AAAmy_ws/1.18/radar_station/build/mindvision_camera': CMAKE_PREFIX_PATH=${CMAKE_PREFIX_PATH}:/opt/ros/humble /usr/bin/cmake --install /home/mechax/AAAmy_ws/1.18/radar_station/build/mindvision_camera
[1.860s] Level 1:colcon.colcon_core.environment:create_environment_scripts_only(Yolo_Handle)
[1.881s] Level 1:colcon.colcon_core.environment:checking '/home/mechax/AAAmy_ws/1.18/radar_station/install/Yolo_Handle' for CMake module files
[1.882s] Level 1:colcon.colcon_core.environment:checking '/home/mechax/AAAmy_ws/1.18/radar_station/install/Yolo_Handle' for CMake config files
[1.882s] Level 1:colcon.colcon_core.shell:create_environment_hook('Yolo_Handle', 'cmake_prefix_path')
[1.901s] INFO:colcon.colcon_core.shell:Creating environment hook '/home/mechax/AAAmy_ws/1.18/radar_station/install/Yolo_Handle/share/Yolo_Handle/hook/cmake_prefix_path.ps1'
[1.902s] INFO:colcon.colcon_core.shell:Creating environment descriptor '/home/mechax/AAAmy_ws/1.18/radar_station/install/Yolo_Handle/share/Yolo_Handle/hook/cmake_prefix_path.dsv'
[1.902s] INFO:colcon.colcon_core.shell:Creating environment hook '/home/mechax/AAAmy_ws/1.18/radar_station/install/Yolo_Handle/share/Yolo_Handle/hook/cmake_prefix_path.sh'
[1.903s] Level 1:colcon.colcon_core.environment:checking '/home/mechax/AAAmy_ws/1.18/radar_station/install/Yolo_Handle/bin'
[1.903s] Level 1:colcon.colcon_core.environment:checking '/home/mechax/AAAmy_ws/1.18/radar_station/install/Yolo_Handle/lib/pkgconfig/Yolo_Handle.pc'
[1.903s] Level 1:colcon.colcon_core.environment:checking '/home/mechax/AAAmy_ws/1.18/radar_station/install/Yolo_Handle/lib/python3.10/site-packages'
[1.904s] Level 1:colcon.colcon_core.environment:checking '/home/mechax/AAAmy_ws/1.18/radar_station/install/Yolo_Handle/bin'
[1.924s] INFO:colcon.colcon_core.shell:Creating package script '/home/mechax/AAAmy_ws/1.18/radar_station/install/Yolo_Handle/share/Yolo_Handle/package.ps1'
[1.925s] INFO:colcon.colcon_core.shell:Creating package descriptor '/home/mechax/AAAmy_ws/1.18/radar_station/install/Yolo_Handle/share/Yolo_Handle/package.dsv'
[1.925s] INFO:colcon.colcon_core.shell:Creating package script '/home/mechax/AAAmy_ws/1.18/radar_station/install/Yolo_Handle/share/Yolo_Handle/package.sh'
[1.926s] INFO:colcon.colcon_core.shell:Creating package script '/home/mechax/AAAmy_ws/1.18/radar_station/install/Yolo_Handle/share/Yolo_Handle/package.bash'
[1.926s] INFO:colcon.colcon_core.shell:Creating package script '/home/mechax/AAAmy_ws/1.18/radar_station/install/Yolo_Handle/share/Yolo_Handle/package.zsh'
[1.927s] Level 1:colcon.colcon_core.environment:create_file_with_runtime_dependencies(/home/mechax/AAAmy_ws/1.18/radar_station/install/Yolo_Handle/share/colcon-core/packages/Yolo_Handle)
[1.928s] Level 1:colcon.colcon_core.environment:create_environment_scripts_only(mindvision_camera)
[1.929s] DEBUG:colcon.colcon_core.event_handler.log_command:Invoked command in '/home/mechax/AAAmy_ws/1.18/radar_station/build/mindvision_camera' returned '0': CMAKE_PREFIX_PATH=${CMAKE_PREFIX_PATH}:/opt/ros/humble /usr/bin/cmake --install /home/mechax/AAAmy_ws/1.18/radar_station/build/mindvision_camera
[1.955s] Level 1:colcon.colcon_core.environment:checking '/home/mechax/AAAmy_ws/1.18/radar_station/install/mindvision_camera' for CMake module files
[1.956s] Level 1:colcon.colcon_core.environment:checking '/home/mechax/AAAmy_ws/1.18/radar_station/install/mindvision_camera' for CMake config files
[1.957s] Level 1:colcon.colcon_core.shell:create_environment_hook('mindvision_camera', 'cmake_prefix_path')
[1.980s] INFO:colcon.colcon_core.shell:Creating environment hook '/home/mechax/AAAmy_ws/1.18/radar_station/install/mindvision_camera/share/mindvision_camera/hook/cmake_prefix_path.ps1'
[1.981s] INFO:colcon.colcon_core.shell:Creating environment descriptor '/home/mechax/AAAmy_ws/1.18/radar_station/install/mindvision_camera/share/mindvision_camera/hook/cmake_prefix_path.dsv'
[1.982s] INFO:colcon.colcon_core.shell:Creating environment hook '/home/mechax/AAAmy_ws/1.18/radar_station/install/mindvision_camera/share/mindvision_camera/hook/cmake_prefix_path.sh'
[1.984s] Level 1:colcon.colcon_core.environment:checking '/home/mechax/AAAmy_ws/1.18/radar_station/install/mindvision_camera/lib'
[1.985s] Level 1:colcon.colcon_core.shell:create_environment_hook('mindvision_camera', 'ld_library_path_lib')
[2.008s] INFO:colcon.colcon_core.shell:Creating environment hook '/home/mechax/AAAmy_ws/1.18/radar_station/install/mindvision_camera/share/mindvision_camera/hook/ld_library_path_lib.ps1'
[2.009s] INFO:colcon.colcon_core.shell:Creating environment descriptor '/home/mechax/AAAmy_ws/1.18/radar_station/install/mindvision_camera/share/mindvision_camera/hook/ld_library_path_lib.dsv'
[2.010s] INFO:colcon.colcon_core.shell:Creating environment hook '/home/mechax/AAAmy_ws/1.18/radar_station/install/mindvision_camera/share/mindvision_camera/hook/ld_library_path_lib.sh'
[2.011s] Level 1:colcon.colcon_core.environment:checking '/home/mechax/AAAmy_ws/1.18/radar_station/install/mindvision_camera/bin'
[2.011s] Level 1:colcon.colcon_core.environment:checking '/home/mechax/AAAmy_ws/1.18/radar_station/install/mindvision_camera/lib/pkgconfig/mindvision_camera.pc'
[2.012s] Level 1:colcon.colcon_core.environment:checking '/home/mechax/AAAmy_ws/1.18/radar_station/install/mindvision_camera/lib/python3.10/site-packages'
[2.012s] Level 1:colcon.colcon_core.environment:checking '/home/mechax/AAAmy_ws/1.18/radar_station/install/mindvision_camera/bin'
[2.035s] INFO:colcon.colcon_core.shell:Creating package script '/home/mechax/AAAmy_ws/1.18/radar_station/install/mindvision_camera/share/mindvision_camera/package.ps1'
[2.036s] INFO:colcon.colcon_core.shell:Creating package descriptor '/home/mechax/AAAmy_ws/1.18/radar_station/install/mindvision_camera/share/mindvision_camera/package.dsv'
[2.037s] INFO:colcon.colcon_core.shell:Creating package script '/home/mechax/AAAmy_ws/1.18/radar_station/install/mindvision_camera/share/mindvision_camera/package.sh'
[2.037s] INFO:colcon.colcon_core.shell:Creating package script '/home/mechax/AAAmy_ws/1.18/radar_station/install/mindvision_camera/share/mindvision_camera/package.bash'
[2.038s] INFO:colcon.colcon_core.shell:Creating package script '/home/mechax/AAAmy_ws/1.18/radar_station/install/mindvision_camera/share/mindvision_camera/package.zsh'
[2.038s] Level 1:colcon.colcon_core.environment:create_file_with_runtime_dependencies(/home/mechax/AAAmy_ws/1.18/radar_station/install/mindvision_camera/share/colcon-core/packages/mindvision_camera)
[2.043s] DEBUG:colcon.colcon_core.event_handler.log_command:Invoked command in '/home/mechax/AAAmy_ws/1.18/radar_station/build/my_msgss' returned '0': CMAKE_PREFIX_PATH=${CMAKE_PREFIX_PATH}:/opt/ros/humble /usr/bin/cmake --build /home/mechax/AAAmy_ws/1.18/radar_station/build/my_msgss -- -j16 -l16
[2.093s] Level 1:colcon.colcon_core.environment:create_environment_scripts_only(mindvision_camera)
[2.107s] Level 1:colcon.colcon_core.environment:checking '/home/mechax/AAAmy_ws/1.18/radar_station/install/mindvision_camera' for CMake module files
[2.108s] Level 1:colcon.colcon_core.environment:checking '/home/mechax/AAAmy_ws/1.18/radar_station/install/mindvision_camera' for CMake config files
[2.108s] Level 1:colcon.colcon_core.shell:create_environment_hook('mindvision_camera', 'cmake_prefix_path')
[2.123s] INFO:colcon.colcon_core.shell:Creating environment hook '/home/mechax/AAAmy_ws/1.18/radar_station/install/mindvision_camera/share/mindvision_camera/hook/cmake_prefix_path.ps1'
[2.125s] INFO:colcon.colcon_core.shell:Creating environment descriptor '/home/mechax/AAAmy_ws/1.18/radar_station/install/mindvision_camera/share/mindvision_camera/hook/cmake_prefix_path.dsv'
[2.125s] INFO:colcon.colcon_core.shell:Creating environment hook '/home/mechax/AAAmy_ws/1.18/radar_station/install/mindvision_camera/share/mindvision_camera/hook/cmake_prefix_path.sh'
[2.127s] Level 1:colcon.colcon_core.environment:checking '/home/mechax/AAAmy_ws/1.18/radar_station/install/mindvision_camera/lib'
[2.127s] Level 1:colcon.colcon_core.shell:create_environment_hook('mindvision_camera', 'ld_library_path_lib')
[2.148s] INFO:colcon.colcon_core.shell:Creating environment hook '/home/mechax/AAAmy_ws/1.18/radar_station/install/mindvision_camera/share/mindvision_camera/hook/ld_library_path_lib.ps1'
[2.149s] INFO:colcon.colcon_core.shell:Creating environment descriptor '/home/mechax/AAAmy_ws/1.18/radar_station/install/mindvision_camera/share/mindvision_camera/hook/ld_library_path_lib.dsv'
[2.151s] INFO:colcon.colcon_core.shell:Creating environment hook '/home/mechax/AAAmy_ws/1.18/radar_station/install/mindvision_camera/share/mindvision_camera/hook/ld_library_path_lib.sh'
[2.151s] Level 1:colcon.colcon_core.environment:checking '/home/mechax/AAAmy_ws/1.18/radar_station/install/mindvision_camera/bin'
[2.152s] Level 1:colcon.colcon_core.environment:checking '/home/mechax/AAAmy_ws/1.18/radar_station/install/mindvision_camera/lib/pkgconfig/mindvision_camera.pc'
[2.152s] Level 1:colcon.colcon_core.environment:checking '/home/mechax/AAAmy_ws/1.18/radar_station/install/mindvision_camera/lib/python3.10/site-packages'
[2.152s] Level 1:colcon.colcon_core.environment:checking '/home/mechax/AAAmy_ws/1.18/radar_station/install/mindvision_camera/bin'
[2.173s] INFO:colcon.colcon_core.shell:Creating package script '/home/mechax/AAAmy_ws/1.18/radar_station/install/mindvision_camera/share/mindvision_camera/package.ps1'
[2.175s] INFO:colcon.colcon_core.shell:Creating package descriptor '/home/mechax/AAAmy_ws/1.18/radar_station/install/mindvision_camera/share/mindvision_camera/package.dsv'
[2.176s] INFO:colcon.colcon_core.shell:Creating package script '/home/mechax/AAAmy_ws/1.18/radar_station/install/mindvision_camera/share/mindvision_camera/package.sh'
[2.177s] INFO:colcon.colcon_core.shell:Creating package script '/home/mechax/AAAmy_ws/1.18/radar_station/install/mindvision_camera/share/mindvision_camera/package.bash'
[2.177s] INFO:colcon.colcon_core.shell:Creating package script '/home/mechax/AAAmy_ws/1.18/radar_station/install/mindvision_camera/share/mindvision_camera/package.zsh'
[2.177s] Level 1:colcon.colcon_core.environment:create_file_with_runtime_dependencies(/home/mechax/AAAmy_ws/1.18/radar_station/install/mindvision_camera/share/colcon-core/packages/mindvision_camera)
[2.255s] DEBUG:colcon.colcon_core.event_handler.log_command:Invoking command in '/home/mechax/AAAmy_ws/1.18/radar_station/build/my_msgss': CMAKE_PREFIX_PATH=${CMAKE_PREFIX_PATH}:/opt/ros/humble /usr/bin/cmake --install /home/mechax/AAAmy_ws/1.18/radar_station/build/my_msgss
[2.347s] Level 1:colcon.colcon_core.environment:create_environment_scripts_only(my_msgss)
[2.349s] DEBUG:colcon.colcon_core.event_handler.log_command:Invoked command in '/home/mechax/AAAmy_ws/1.18/radar_station/build/my_msgss' returned '0': CMAKE_PREFIX_PATH=${CMAKE_PREFIX_PATH}:/opt/ros/humble /usr/bin/cmake --install /home/mechax/AAAmy_ws/1.18/radar_station/build/my_msgss
[2.360s] Level 1:colcon.colcon_core.environment:checking '/home/mechax/AAAmy_ws/1.18/radar_station/install/my_msgss' for CMake module files
[2.361s] Level 1:colcon.colcon_core.environment:checking '/home/mechax/AAAmy_ws/1.18/radar_station/install/my_msgss' for CMake config files
[2.361s] Level 1:colcon.colcon_core.shell:create_environment_hook('my_msgss', 'cmake_prefix_path')
[2.374s] INFO:colcon.colcon_core.shell:Creating environment hook '/home/mechax/AAAmy_ws/1.18/radar_station/install/my_msgss/share/my_msgss/hook/cmake_prefix_path.ps1'
[2.375s] INFO:colcon.colcon_core.shell:Creating environment descriptor '/home/mechax/AAAmy_ws/1.18/radar_station/install/my_msgss/share/my_msgss/hook/cmake_prefix_path.dsv'
[2.375s] INFO:colcon.colcon_core.shell:Creating environment hook '/home/mechax/AAAmy_ws/1.18/radar_station/install/my_msgss/share/my_msgss/hook/cmake_prefix_path.sh'
[2.375s] Level 1:colcon.colcon_core.environment:checking '/home/mechax/AAAmy_ws/1.18/radar_station/install/my_msgss/lib'
[2.375s] Level 1:colcon.colcon_core.shell:create_environment_hook('my_msgss', 'ld_library_path_lib')
[2.388s] INFO:colcon.colcon_core.shell:Creating environment hook '/home/mechax/AAAmy_ws/1.18/radar_station/install/my_msgss/share/my_msgss/hook/ld_library_path_lib.ps1'
[2.388s] INFO:colcon.colcon_core.shell:Creating environment descriptor '/home/mechax/AAAmy_ws/1.18/radar_station/install/my_msgss/share/my_msgss/hook/ld_library_path_lib.dsv'
[2.389s] INFO:colcon.colcon_core.shell:Creating environment hook '/home/mechax/AAAmy_ws/1.18/radar_station/install/my_msgss/share/my_msgss/hook/ld_library_path_lib.sh'
[2.389s] Level 1:colcon.colcon_core.environment:checking '/home/mechax/AAAmy_ws/1.18/radar_station/install/my_msgss/bin'
[2.389s] Level 1:colcon.colcon_core.environment:checking '/home/mechax/AAAmy_ws/1.18/radar_station/install/my_msgss/lib/pkgconfig/my_msgss.pc'
[2.389s] Level 1:colcon.colcon_core.environment:checking '/home/mechax/AAAmy_ws/1.18/radar_station/install/my_msgss/lib/python3.10/site-packages'
[2.390s] Level 1:colcon.colcon_core.environment:checking '/home/mechax/AAAmy_ws/1.18/radar_station/install/my_msgss/bin'
[2.405s] INFO:colcon.colcon_core.shell:Creating package script '/home/mechax/AAAmy_ws/1.18/radar_station/install/my_msgss/share/my_msgss/package.ps1'
[2.406s] INFO:colcon.colcon_core.shell:Creating package descriptor '/home/mechax/AAAmy_ws/1.18/radar_station/install/my_msgss/share/my_msgss/package.dsv'
[2.407s] INFO:colcon.colcon_core.shell:Creating package script '/home/mechax/AAAmy_ws/1.18/radar_station/install/my_msgss/share/my_msgss/package.sh'
[2.408s] INFO:colcon.colcon_core.shell:Creating package script '/home/mechax/AAAmy_ws/1.18/radar_station/install/my_msgss/share/my_msgss/package.bash'
[2.409s] INFO:colcon.colcon_core.shell:Creating package script '/home/mechax/AAAmy_ws/1.18/radar_station/install/my_msgss/share/my_msgss/package.zsh'
[2.409s] Level 1:colcon.colcon_core.environment:create_file_with_runtime_dependencies(/home/mechax/AAAmy_ws/1.18/radar_station/install/my_msgss/share/colcon-core/packages/my_msgss)
[2.643s] Level 1:colcon.colcon_core.environment:create_environment_scripts_only(my_msgss)
[2.656s] Level 1:colcon.colcon_core.environment:checking '/home/mechax/AAAmy_ws/1.18/radar_station/install/my_msgss' for CMake module files
[2.656s] Level 1:colcon.colcon_core.environment:checking '/home/mechax/AAAmy_ws/1.18/radar_station/install/my_msgss' for CMake config files
[2.656s] Level 1:colcon.colcon_core.shell:create_environment_hook('my_msgss', 'cmake_prefix_path')
[2.669s] INFO:colcon.colcon_core.shell:Creating environment hook '/home/mechax/AAAmy_ws/1.18/radar_station/install/my_msgss/share/my_msgss/hook/cmake_prefix_path.ps1'
[2.670s] INFO:colcon.colcon_core.shell:Creating environment descriptor '/home/mechax/AAAmy_ws/1.18/radar_station/install/my_msgss/share/my_msgss/hook/cmake_prefix_path.dsv'
[2.670s] INFO:colcon.colcon_core.shell:Creating environment hook '/home/mechax/AAAmy_ws/1.18/radar_station/install/my_msgss/share/my_msgss/hook/cmake_prefix_path.sh'
[2.670s] Level 1:colcon.colcon_core.environment:checking '/home/mechax/AAAmy_ws/1.18/radar_station/install/my_msgss/lib'
[2.671s] Level 1:colcon.colcon_core.shell:create_environment_hook('my_msgss', 'ld_library_path_lib')
[2.683s] INFO:colcon.colcon_core.shell:Creating environment hook '/home/mechax/AAAmy_ws/1.18/radar_station/install/my_msgss/share/my_msgss/hook/ld_library_path_lib.ps1'
[2.685s] INFO:colcon.colcon_core.shell:Creating environment descriptor '/home/mechax/AAAmy_ws/1.18/radar_station/install/my_msgss/share/my_msgss/hook/ld_library_path_lib.dsv'
[2.685s] INFO:colcon.colcon_core.shell:Creating environment hook '/home/mechax/AAAmy_ws/1.18/radar_station/install/my_msgss/share/my_msgss/hook/ld_library_path_lib.sh'
[2.686s] Level 1:colcon.colcon_core.environment:checking '/home/mechax/AAAmy_ws/1.18/radar_station/install/my_msgss/bin'
[2.686s] Level 1:colcon.colcon_core.environment:checking '/home/mechax/AAAmy_ws/1.18/radar_station/install/my_msgss/lib/pkgconfig/my_msgss.pc'
[2.686s] Level 1:colcon.colcon_core.environment:checking '/home/mechax/AAAmy_ws/1.18/radar_station/install/my_msgss/lib/python3.10/site-packages'
[2.686s] Level 1:colcon.colcon_core.environment:checking '/home/mechax/AAAmy_ws/1.18/radar_station/install/my_msgss/bin'
[2.703s] INFO:colcon.colcon_core.shell:Creating package script '/home/mechax/AAAmy_ws/1.18/radar_station/install/my_msgss/share/my_msgss/package.ps1'
[2.704s] INFO:colcon.colcon_core.shell:Creating package descriptor '/home/mechax/AAAmy_ws/1.18/radar_station/install/my_msgss/share/my_msgss/package.dsv'
[2.705s] INFO:colcon.colcon_core.shell:Creating package script '/home/mechax/AAAmy_ws/1.18/radar_station/install/my_msgss/share/my_msgss/package.sh'
[2.705s] INFO:colcon.colcon_core.shell:Creating package script '/home/mechax/AAAmy_ws/1.18/radar_station/install/my_msgss/share/my_msgss/package.bash'
[2.706s] INFO:colcon.colcon_core.shell:Creating package script '/home/mechax/AAAmy_ws/1.18/radar_station/install/my_msgss/share/my_msgss/package.zsh'
[2.706s] Level 1:colcon.colcon_core.environment:create_file_with_runtime_dependencies(/home/mechax/AAAmy_ws/1.18/radar_station/install/my_msgss/share/colcon-core/packages/my_msgss)
[2.706s] INFO:colcon.colcon_ros.task.ament_cmake.build:Building ROS package in '/home/mechax/AAAmy_ws/1.18/radar_station/src/Game_Map' with build type 'ament_cmake'
[2.707s] INFO:colcon.colcon_cmake.task.cmake.build:Building CMake package in '/home/mechax/AAAmy_ws/1.18/radar_station/src/Game_Map'
[2.721s] INFO:colcon.colcon_core.shell:Skip shell extension 'powershell' for command environment: Not usable outside of PowerShell
[2.721s] DEBUG:colcon.colcon_core.shell:Skip shell extension 'dsv' for command environment
[2.768s] INFO:colcon.colcon_ros.task.ament_cmake.build:Building ROS package in '/home/mechax/AAAmy_ws/1.18/radar_station/src/Img_Handle' with build type 'ament_cmake'
[2.769s] INFO:colcon.colcon_cmake.task.cmake.build:Building CMake package in '/home/mechax/AAAmy_ws/1.18/radar_station/src/Img_Handle'
[2.791s] INFO:colcon.colcon_core.shell:Skip shell extension 'powershell' for command environment: Not usable outside of PowerShell
[2.792s] DEBUG:colcon.colcon_core.shell:Skip shell extension 'dsv' for command environment
[2.842s] INFO:colcon.colcon_ros.task.ament_cmake.build:Building ROS package in '/home/mechax/AAAmy_ws/1.18/radar_station/src/get_depth' with build type 'ament_cmake'
[2.842s] INFO:colcon.colcon_cmake.task.cmake.build:Building CMake package in '/home/mechax/AAAmy_ws/1.18/radar_station/src/get_depth'
[2.858s] INFO:colcon.colcon_core.shell:Skip shell extension 'powershell' for command environment: Not usable outside of PowerShell
[2.858s] DEBUG:colcon.colcon_core.shell:Skip shell extension 'dsv' for command environment
[2.909s] INFO:colcon.colcon_ros.task.ament_cmake.build:Building ROS package in '/home/mechax/AAAmy_ws/1.18/radar_station/src/map_test' with build type 'ament_cmake'
[2.909s] INFO:colcon.colcon_cmake.task.cmake.build:Building CMake package in '/home/mechax/AAAmy_ws/1.18/radar_station/src/map_test'
[2.933s] INFO:colcon.colcon_core.shell:Skip shell extension 'powershell' for command environment: Not usable outside of PowerShell
[2.933s] DEBUG:colcon.colcon_core.shell:Skip shell extension 'dsv' for command environment
[2.993s] DEBUG:colcon.colcon_core.event_handler.log_command:Invoking command in '/home/mechax/AAAmy_ws/1.18/radar_station/build/Game_Map': AMENT_PREFIX_PATH=/home/mechax/AAAmy_ws/1.18/radar_station/install/my_msgss:${AMENT_PREFIX_PATH} CMAKE_PREFIX_PATH=/home/mechax/AAAmy_ws/1.18/radar_station/install/my_msgss:/home/mechax/ws_livox/install/livox_ros2_driver:/home/mechax/ws_livox/install/livox_sdk_vendor:/home/mechax/ws_livox/install/livox_interfaces:/opt/ros/humble LD_LIBRARY_PATH=/home/mechax/AAAmy_ws/1.18/radar_station/install/my_msgss/lib:${LD_LIBRARY_PATH} PYTHONPATH=/home/mechax/AAAmy_ws/1.18/radar_station/install/my_msgss/local/lib/python3.10/dist-packages:${PYTHONPATH} /usr/bin/cmake --build /home/mechax/AAAmy_ws/1.18/radar_station/build/Game_Map -- -j16 -l16
[2.999s] DEBUG:colcon.colcon_core.event_handler.log_command:Invoking command in '/home/mechax/AAAmy_ws/1.18/radar_station/build/Img_Handle': AMENT_PREFIX_PATH=/home/mechax/AAAmy_ws/1.18/radar_station/install/my_msgss:${AMENT_PREFIX_PATH} CMAKE_PREFIX_PATH=/home/mechax/AAAmy_ws/1.18/radar_station/install/my_msgss:/home/mechax/ws_livox/install/livox_ros2_driver:/home/mechax/ws_livox/install/livox_sdk_vendor:/home/mechax/ws_livox/install/livox_interfaces:/opt/ros/humble LD_LIBRARY_PATH=/home/mechax/AAAmy_ws/1.18/radar_station/install/my_msgss/lib:${LD_LIBRARY_PATH} PYTHONPATH=/home/mechax/AAAmy_ws/1.18/radar_station/install/my_msgss/local/lib/python3.10/dist-packages:${PYTHONPATH} /usr/bin/cmake --build /home/mechax/AAAmy_ws/1.18/radar_station/build/Img_Handle -- -j16 -l16
[3.006s] DEBUG:colcon.colcon_core.event_handler.log_command:Invoking command in '/home/mechax/AAAmy_ws/1.18/radar_station/build/get_depth': AMENT_PREFIX_PATH=/home/mechax/AAAmy_ws/1.18/radar_station/install/my_msgss:${AMENT_PREFIX_PATH} CMAKE_PREFIX_PATH=/home/mechax/AAAmy_ws/1.18/radar_station/install/my_msgss:/home/mechax/ws_livox/install/livox_ros2_driver:/home/mechax/ws_livox/install/livox_sdk_vendor:/home/mechax/ws_livox/install/livox_interfaces:/opt/ros/humble LD_LIBRARY_PATH=/home/mechax/AAAmy_ws/1.18/radar_station/install/my_msgss/lib:${LD_LIBRARY_PATH} PYTHONPATH=/home/mechax/AAAmy_ws/1.18/radar_station/install/my_msgss/local/lib/python3.10/dist-packages:${PYTHONPATH} /usr/bin/cmake --build /home/mechax/AAAmy_ws/1.18/radar_station/build/get_depth -- -j16 -l16
[3.015s] DEBUG:colcon.colcon_core.event_handler.log_command:Invoking command in '/home/mechax/AAAmy_ws/1.18/radar_station/build/map_test': AMENT_PREFIX_PATH=/home/mechax/AAAmy_ws/1.18/radar_station/install/my_msgss:${AMENT_PREFIX_PATH} CMAKE_PREFIX_PATH=/home/mechax/AAAmy_ws/1.18/radar_station/install/my_msgss:/home/mechax/ws_livox/install/livox_ros2_driver:/home/mechax/ws_livox/install/livox_sdk_vendor:/home/mechax/ws_livox/install/livox_interfaces:/opt/ros/humble LD_LIBRARY_PATH=/home/mechax/AAAmy_ws/1.18/radar_station/install/my_msgss/lib:${LD_LIBRARY_PATH} PYTHONPATH=/home/mechax/AAAmy_ws/1.18/radar_station/install/my_msgss/local/lib/python3.10/dist-packages:${PYTHONPATH} /usr/bin/cmake --build /home/mechax/AAAmy_ws/1.18/radar_station/build/map_test -- -j16 -l16
[3.115s] DEBUG:colcon.colcon_core.event_handler.log_command:Invoked command in '/home/mechax/AAAmy_ws/1.18/radar_station/build/Game_Map' returned '0': AMENT_PREFIX_PATH=/home/mechax/AAAmy_ws/1.18/radar_station/install/my_msgss:${AMENT_PREFIX_PATH} CMAKE_PREFIX_PATH=/home/mechax/AAAmy_ws/1.18/radar_station/install/my_msgss:/home/mechax/ws_livox/install/livox_ros2_driver:/home/mechax/ws_livox/install/livox_sdk_vendor:/home/mechax/ws_livox/install/livox_interfaces:/opt/ros/humble LD_LIBRARY_PATH=/home/mechax/AAAmy_ws/1.18/radar_station/install/my_msgss/lib:${LD_LIBRARY_PATH} PYTHONPATH=/home/mechax/AAAmy_ws/1.18/radar_station/install/my_msgss/local/lib/python3.10/dist-packages:${PYTHONPATH} /usr/bin/cmake --build /home/mechax/AAAmy_ws/1.18/radar_station/build/Game_Map -- -j16 -l16
[3.126s] DEBUG:colcon.colcon_core.event_handler.log_command:Invoked command in '/home/mechax/AAAmy_ws/1.18/radar_station/build/Img_Handle' returned '0': AMENT_PREFIX_PATH=/home/mechax/AAAmy_ws/1.18/radar_station/install/my_msgss:${AMENT_PREFIX_PATH} CMAKE_PREFIX_PATH=/home/mechax/AAAmy_ws/1.18/radar_station/install/my_msgss:/home/mechax/ws_livox/install/livox_ros2_driver:/home/mechax/ws_livox/install/livox_sdk_vendor:/home/mechax/ws_livox/install/livox_interfaces:/opt/ros/humble LD_LIBRARY_PATH=/home/mechax/AAAmy_ws/1.18/radar_station/install/my_msgss/lib:${LD_LIBRARY_PATH} PYTHONPATH=/home/mechax/AAAmy_ws/1.18/radar_station/install/my_msgss/local/lib/python3.10/dist-packages:${PYTHONPATH} /usr/bin/cmake --build /home/mechax/AAAmy_ws/1.18/radar_station/build/Img_Handle -- -j16 -l16
[3.148s] DEBUG:colcon.colcon_core.event_handler.log_command:Invoked command in '/home/mechax/AAAmy_ws/1.18/radar_station/build/get_depth' returned '0': AMENT_PREFIX_PATH=/home/mechax/AAAmy_ws/1.18/radar_station/install/my_msgss:${AMENT_PREFIX_PATH} CMAKE_PREFIX_PATH=/home/mechax/AAAmy_ws/1.18/radar_station/install/my_msgss:/home/mechax/ws_livox/install/livox_ros2_driver:/home/mechax/ws_livox/install/livox_sdk_vendor:/home/mechax/ws_livox/install/livox_interfaces:/opt/ros/humble LD_LIBRARY_PATH=/home/mechax/AAAmy_ws/1.18/radar_station/install/my_msgss/lib:${LD_LIBRARY_PATH} PYTHONPATH=/home/mechax/AAAmy_ws/1.18/radar_station/install/my_msgss/local/lib/python3.10/dist-packages:${PYTHONPATH} /usr/bin/cmake --build /home/mechax/AAAmy_ws/1.18/radar_station/build/get_depth -- -j16 -l16
[3.162s] DEBUG:colcon.colcon_core.event_handler.log_command:Invoking command in '/home/mechax/AAAmy_ws/1.18/radar_station/build/Game_Map': AMENT_PREFIX_PATH=/home/mechax/AAAmy_ws/1.18/radar_station/install/my_msgss:${AMENT_PREFIX_PATH} CMAKE_PREFIX_PATH=/home/mechax/AAAmy_ws/1.18/radar_station/install/my_msgss:/home/mechax/ws_livox/install/livox_ros2_driver:/home/mechax/ws_livox/install/livox_sdk_vendor:/home/mechax/ws_livox/install/livox_interfaces:/opt/ros/humble LD_LIBRARY_PATH=/home/mechax/AAAmy_ws/1.18/radar_station/install/my_msgss/lib:${LD_LIBRARY_PATH} PYTHONPATH=/home/mechax/AAAmy_ws/1.18/radar_station/install/my_msgss/local/lib/python3.10/dist-packages:${PYTHONPATH} /usr/bin/cmake --install /home/mechax/AAAmy_ws/1.18/radar_station/build/Game_Map
[3.174s] DEBUG:colcon.colcon_core.event_handler.log_command:Invoking command in '/home/mechax/AAAmy_ws/1.18/radar_station/build/Img_Handle': AMENT_PREFIX_PATH=/home/mechax/AAAmy_ws/1.18/radar_station/install/my_msgss:${AMENT_PREFIX_PATH} CMAKE_PREFIX_PATH=/home/mechax/AAAmy_ws/1.18/radar_station/install/my_msgss:/home/mechax/ws_livox/install/livox_ros2_driver:/home/mechax/ws_livox/install/livox_sdk_vendor:/home/mechax/ws_livox/install/livox_interfaces:/opt/ros/humble LD_LIBRARY_PATH=/home/mechax/AAAmy_ws/1.18/radar_station/install/my_msgss/lib:${LD_LIBRARY_PATH} PYTHONPATH=/home/mechax/AAAmy_ws/1.18/radar_station/install/my_msgss/local/lib/python3.10/dist-packages:${PYTHONPATH} /usr/bin/cmake --install /home/mechax/AAAmy_ws/1.18/radar_station/build/Img_Handle
[3.206s] Level 1:colcon.colcon_core.environment:create_environment_scripts_only(Game_Map)
[3.211s] DEBUG:colcon.colcon_core.event_handler.log_command:Invoked command in '/home/mechax/AAAmy_ws/1.18/radar_station/build/Game_Map' returned '0': AMENT_PREFIX_PATH=/home/mechax/AAAmy_ws/1.18/radar_station/install/my_msgss:${AMENT_PREFIX_PATH} CMAKE_PREFIX_PATH=/home/mechax/AAAmy_ws/1.18/radar_station/install/my_msgss:/home/mechax/ws_livox/install/livox_ros2_driver:/home/mechax/ws_livox/install/livox_sdk_vendor:/home/mechax/ws_livox/install/livox_interfaces:/opt/ros/humble LD_LIBRARY_PATH=/home/mechax/AAAmy_ws/1.18/radar_station/install/my_msgss/lib:${LD_LIBRARY_PATH} PYTHONPATH=/home/mechax/AAAmy_ws/1.18/radar_station/install/my_msgss/local/lib/python3.10/dist-packages:${PYTHONPATH} /usr/bin/cmake --install /home/mechax/AAAmy_ws/1.18/radar_station/build/Game_Map
[3.231s] Level 1:colcon.colcon_core.environment:checking '/home/mechax/AAAmy_ws/1.18/radar_station/install/Game_Map' for CMake module files
[3.231s] Level 1:colcon.colcon_core.environment:checking '/home/mechax/AAAmy_ws/1.18/radar_station/install/Game_Map' for CMake config files
[3.232s] Level 1:colcon.colcon_core.shell:create_environment_hook('Game_Map', 'cmake_prefix_path')
[3.243s] INFO:colcon.colcon_core.shell:Creating environment hook '/home/mechax/AAAmy_ws/1.18/radar_station/install/Game_Map/share/Game_Map/hook/cmake_prefix_path.ps1'
[3.244s] INFO:colcon.colcon_core.shell:Creating environment descriptor '/home/mechax/AAAmy_ws/1.18/radar_station/install/Game_Map/share/Game_Map/hook/cmake_prefix_path.dsv'
[3.245s] INFO:colcon.colcon_core.shell:Creating environment hook '/home/mechax/AAAmy_ws/1.18/radar_station/install/Game_Map/share/Game_Map/hook/cmake_prefix_path.sh'
[3.245s] Level 1:colcon.colcon_core.environment:checking '/home/mechax/AAAmy_ws/1.18/radar_station/install/Game_Map/lib'
[3.245s] Level 1:colcon.colcon_core.environment:checking '/home/mechax/AAAmy_ws/1.18/radar_station/install/Game_Map/bin'
[3.245s] Level 1:colcon.colcon_core.environment:checking '/home/mechax/AAAmy_ws/1.18/radar_station/install/Game_Map/lib/pkgconfig/Game_Map.pc'
[3.245s] Level 1:colcon.colcon_core.environment:checking '/home/mechax/AAAmy_ws/1.18/radar_station/install/Game_Map/lib/python3.10/site-packages'
[3.246s] Level 1:colcon.colcon_core.environment:checking '/home/mechax/AAAmy_ws/1.18/radar_station/install/Game_Map/bin'
[3.259s] INFO:colcon.colcon_core.shell:Creating package script '/home/mechax/AAAmy_ws/1.18/radar_station/install/Game_Map/share/Game_Map/package.ps1'
[3.260s] INFO:colcon.colcon_core.shell:Creating package descriptor '/home/mechax/AAAmy_ws/1.18/radar_station/install/Game_Map/share/Game_Map/package.dsv'
[3.261s] INFO:colcon.colcon_core.shell:Creating package script '/home/mechax/AAAmy_ws/1.18/radar_station/install/Game_Map/share/Game_Map/package.sh'
[3.261s] INFO:colcon.colcon_core.shell:Creating package script '/home/mechax/AAAmy_ws/1.18/radar_station/install/Game_Map/share/Game_Map/package.bash'
[3.262s] INFO:colcon.colcon_core.shell:Creating package script '/home/mechax/AAAmy_ws/1.18/radar_station/install/Game_Map/share/Game_Map/package.zsh'
[3.262s] Level 1:colcon.colcon_core.environment:create_file_with_runtime_dependencies(/home/mechax/AAAmy_ws/1.18/radar_station/install/Game_Map/share/colcon-core/packages/Game_Map)
[3.266s] DEBUG:colcon.colcon_core.event_handler.log_command:Invoking command in '/home/mechax/AAAmy_ws/1.18/radar_station/build/get_depth': AMENT_PREFIX_PATH=/home/mechax/AAAmy_ws/1.18/radar_station/install/my_msgss:${AMENT_PREFIX_PATH} CMAKE_PREFIX_PATH=/home/mechax/AAAmy_ws/1.18/radar_station/install/my_msgss:/home/mechax/ws_livox/install/livox_ros2_driver:/home/mechax/ws_livox/install/livox_sdk_vendor:/home/mechax/ws_livox/install/livox_interfaces:/opt/ros/humble LD_LIBRARY_PATH=/home/mechax/AAAmy_ws/1.18/radar_station/install/my_msgss/lib:${LD_LIBRARY_PATH} PYTHONPATH=/home/mechax/AAAmy_ws/1.18/radar_station/install/my_msgss/local/lib/python3.10/dist-packages:${PYTHONPATH} /usr/bin/cmake --install /home/mechax/AAAmy_ws/1.18/radar_station/build/get_depth
[3.267s] Level 1:colcon.colcon_core.environment:create_environment_scripts_only(Img_Handle)
[3.268s] DEBUG:colcon.colcon_core.event_handler.log_command:Invoked command in '/home/mechax/AAAmy_ws/1.18/radar_station/build/Img_Handle' returned '0': AMENT_PREFIX_PATH=/home/mechax/AAAmy_ws/1.18/radar_station/install/my_msgss:${AMENT_PREFIX_PATH} CMAKE_PREFIX_PATH=/home/mechax/AAAmy_ws/1.18/radar_station/install/my_msgss:/home/mechax/ws_livox/install/livox_ros2_driver:/home/mechax/ws_livox/install/livox_sdk_vendor:/home/mechax/ws_livox/install/livox_interfaces:/opt/ros/humble LD_LIBRARY_PATH=/home/mechax/AAAmy_ws/1.18/radar_station/install/my_msgss/lib:${LD_LIBRARY_PATH} PYTHONPATH=/home/mechax/AAAmy_ws/1.18/radar_station/install/my_msgss/local/lib/python3.10/dist-packages:${PYTHONPATH} /usr/bin/cmake --install /home/mechax/AAAmy_ws/1.18/radar_station/build/Img_Handle
[3.297s] Level 1:colcon.colcon_core.environment:checking '/home/mechax/AAAmy_ws/1.18/radar_station/install/Img_Handle' for CMake module files
[3.298s] Level 1:colcon.colcon_core.environment:checking '/home/mechax/AAAmy_ws/1.18/radar_station/install/Img_Handle' for CMake config files
[3.299s] Level 1:colcon.colcon_core.shell:create_environment_hook('Img_Handle', 'cmake_prefix_path')
[3.317s] INFO:colcon.colcon_core.shell:Creating environment hook '/home/mechax/AAAmy_ws/1.18/radar_station/install/Img_Handle/share/Img_Handle/hook/cmake_prefix_path.ps1'
[3.318s] INFO:colcon.colcon_core.shell:Creating environment descriptor '/home/mechax/AAAmy_ws/1.18/radar_station/install/Img_Handle/share/Img_Handle/hook/cmake_prefix_path.dsv'
[3.319s] INFO:colcon.colcon_core.shell:Creating environment hook '/home/mechax/AAAmy_ws/1.18/radar_station/install/Img_Handle/share/Img_Handle/hook/cmake_prefix_path.sh'
[3.320s] Level 1:colcon.colcon_core.environment:checking '/home/mechax/AAAmy_ws/1.18/radar_station/install/Img_Handle/lib'
[3.320s] Level 1:colcon.colcon_core.environment:checking '/home/mechax/AAAmy_ws/1.18/radar_station/install/Img_Handle/bin'
[3.320s] Level 1:colcon.colcon_core.environment:checking '/home/mechax/AAAmy_ws/1.18/radar_station/install/Img_Handle/lib/pkgconfig/Img_Handle.pc'
[3.320s] Level 1:colcon.colcon_core.environment:checking '/home/mechax/AAAmy_ws/1.18/radar_station/install/Img_Handle/lib/python3.10/site-packages'
[3.321s] Level 1:colcon.colcon_core.environment:checking '/home/mechax/AAAmy_ws/1.18/radar_station/install/Img_Handle/bin'
[3.340s] INFO:colcon.colcon_core.shell:Creating package script '/home/mechax/AAAmy_ws/1.18/radar_station/install/Img_Handle/share/Img_Handle/package.ps1'
[3.341s] INFO:colcon.colcon_core.shell:Creating package descriptor '/home/mechax/AAAmy_ws/1.18/radar_station/install/Img_Handle/share/Img_Handle/package.dsv'
[3.342s] INFO:colcon.colcon_core.shell:Creating package script '/home/mechax/AAAmy_ws/1.18/radar_station/install/Img_Handle/share/Img_Handle/package.sh'
[3.342s] INFO:colcon.colcon_core.shell:Creating package script '/home/mechax/AAAmy_ws/1.18/radar_station/install/Img_Handle/share/Img_Handle/package.bash'
[3.342s] INFO:colcon.colcon_core.shell:Creating package script '/home/mechax/AAAmy_ws/1.18/radar_station/install/Img_Handle/share/Img_Handle/package.zsh'
[3.343s] Level 1:colcon.colcon_core.environment:create_file_with_runtime_dependencies(/home/mechax/AAAmy_ws/1.18/radar_station/install/Img_Handle/share/colcon-core/packages/Img_Handle)
[3.366s] Level 1:colcon.colcon_core.environment:create_environment_scripts_only(Game_Map)
[3.380s] Level 1:colcon.colcon_core.environment:checking '/home/mechax/AAAmy_ws/1.18/radar_station/install/Game_Map' for CMake module files
[3.380s] Level 1:colcon.colcon_core.environment:checking '/home/mechax/AAAmy_ws/1.18/radar_station/install/Game_Map' for CMake config files
[3.381s] Level 1:colcon.colcon_core.shell:create_environment_hook('Game_Map', 'cmake_prefix_path')
[3.395s] INFO:colcon.colcon_core.shell:Creating environment hook '/home/mechax/AAAmy_ws/1.18/radar_station/install/Game_Map/share/Game_Map/hook/cmake_prefix_path.ps1'
[3.395s] INFO:colcon.colcon_core.shell:Creating environment descriptor '/home/mechax/AAAmy_ws/1.18/radar_station/install/Game_Map/share/Game_Map/hook/cmake_prefix_path.dsv'
[3.396s] INFO:colcon.colcon_core.shell:Creating environment hook '/home/mechax/AAAmy_ws/1.18/radar_station/install/Game_Map/share/Game_Map/hook/cmake_prefix_path.sh'
[3.396s] Level 1:colcon.colcon_core.environment:checking '/home/mechax/AAAmy_ws/1.18/radar_station/install/Game_Map/lib'
[3.396s] Level 1:colcon.colcon_core.environment:checking '/home/mechax/AAAmy_ws/1.18/radar_station/install/Game_Map/bin'
[3.396s] Level 1:colcon.colcon_core.environment:checking '/home/mechax/AAAmy_ws/1.18/radar_station/install/Game_Map/lib/pkgconfig/Game_Map.pc'
[3.397s] Level 1:colcon.colcon_core.environment:checking '/home/mechax/AAAmy_ws/1.18/radar_station/install/Game_Map/lib/python3.10/site-packages'
[3.397s] Level 1:colcon.colcon_core.environment:checking '/home/mechax/AAAmy_ws/1.18/radar_station/install/Game_Map/bin'
[3.409s] INFO:colcon.colcon_core.shell:Creating package script '/home/mechax/AAAmy_ws/1.18/radar_station/install/Game_Map/share/Game_Map/package.ps1'
[3.410s] INFO:colcon.colcon_core.shell:Creating package descriptor '/home/mechax/AAAmy_ws/1.18/radar_station/install/Game_Map/share/Game_Map/package.dsv'
[3.411s] INFO:colcon.colcon_core.shell:Creating package script '/home/mechax/AAAmy_ws/1.18/radar_station/install/Game_Map/share/Game_Map/package.sh'
[3.412s] INFO:colcon.colcon_core.shell:Creating package script '/home/mechax/AAAmy_ws/1.18/radar_station/install/Game_Map/share/Game_Map/package.bash'
[3.412s] INFO:colcon.colcon_core.shell:Creating package script '/home/mechax/AAAmy_ws/1.18/radar_station/install/Game_Map/share/Game_Map/package.zsh'
[3.413s] Level 1:colcon.colcon_core.environment:create_file_with_runtime_dependencies(/home/mechax/AAAmy_ws/1.18/radar_station/install/Game_Map/share/colcon-core/packages/Game_Map)
[3.414s] Level 1:colcon.colcon_core.environment:create_environment_scripts_only(get_depth)
[3.415s] DEBUG:colcon.colcon_core.event_handler.log_command:Invoked command in '/home/mechax/AAAmy_ws/1.18/radar_station/build/get_depth' returned '0': AMENT_PREFIX_PATH=/home/mechax/AAAmy_ws/1.18/radar_station/install/my_msgss:${AMENT_PREFIX_PATH} CMAKE_PREFIX_PATH=/home/mechax/AAAmy_ws/1.18/radar_station/install/my_msgss:/home/mechax/ws_livox/install/livox_ros2_driver:/home/mechax/ws_livox/install/livox_sdk_vendor:/home/mechax/ws_livox/install/livox_interfaces:/opt/ros/humble LD_LIBRARY_PATH=/home/mechax/AAAmy_ws/1.18/radar_station/install/my_msgss/lib:${LD_LIBRARY_PATH} PYTHONPATH=/home/mechax/AAAmy_ws/1.18/radar_station/install/my_msgss/local/lib/python3.10/dist-packages:${PYTHONPATH} /usr/bin/cmake --install /home/mechax/AAAmy_ws/1.18/radar_station/build/get_depth
[3.431s] Level 1:colcon.colcon_core.environment:checking '/home/mechax/AAAmy_ws/1.18/radar_station/install/get_depth' for CMake module files
[3.432s] Level 1:colcon.colcon_core.environment:checking '/home/mechax/AAAmy_ws/1.18/radar_station/install/get_depth' for CMake config files
[3.433s] Level 1:colcon.colcon_core.shell:create_environment_hook('get_depth', 'cmake_prefix_path')
[3.447s] INFO:colcon.colcon_core.shell:Creating environment hook '/home/mechax/AAAmy_ws/1.18/radar_station/install/get_depth/share/get_depth/hook/cmake_prefix_path.ps1'
[3.447s] INFO:colcon.colcon_core.shell:Creating environment descriptor '/home/mechax/AAAmy_ws/1.18/radar_station/install/get_depth/share/get_depth/hook/cmake_prefix_path.dsv'
[3.448s] INFO:colcon.colcon_core.shell:Creating environment hook '/home/mechax/AAAmy_ws/1.18/radar_station/install/get_depth/share/get_depth/hook/cmake_prefix_path.sh'
[3.449s] Level 1:colcon.colcon_core.environment:checking '/home/mechax/AAAmy_ws/1.18/radar_station/install/get_depth/lib'
[3.449s] Level 1:colcon.colcon_core.environment:checking '/home/mechax/AAAmy_ws/1.18/radar_station/install/get_depth/bin'
[3.449s] Level 1:colcon.colcon_core.environment:checking '/home/mechax/AAAmy_ws/1.18/radar_station/install/get_depth/lib/pkgconfig/get_depth.pc'
[3.449s] Level 1:colcon.colcon_core.environment:checking '/home/mechax/AAAmy_ws/1.18/radar_station/install/get_depth/lib/python3.10/site-packages'
[3.449s] Level 1:colcon.colcon_core.environment:checking '/home/mechax/AAAmy_ws/1.18/radar_station/install/get_depth/bin'
[3.462s] INFO:colcon.colcon_core.shell:Creating package script '/home/mechax/AAAmy_ws/1.18/radar_station/install/get_depth/share/get_depth/package.ps1'
[3.463s] INFO:colcon.colcon_core.shell:Creating package descriptor '/home/mechax/AAAmy_ws/1.18/radar_station/install/get_depth/share/get_depth/package.dsv'
[3.464s] INFO:colcon.colcon_core.shell:Creating package script '/home/mechax/AAAmy_ws/1.18/radar_station/install/get_depth/share/get_depth/package.sh'
[3.464s] INFO:colcon.colcon_core.shell:Creating package script '/home/mechax/AAAmy_ws/1.18/radar_station/install/get_depth/share/get_depth/package.bash'
[3.465s] INFO:colcon.colcon_core.shell:Creating package script '/home/mechax/AAAmy_ws/1.18/radar_station/install/get_depth/share/get_depth/package.zsh'
[3.465s] Level 1:colcon.colcon_core.environment:create_file_with_runtime_dependencies(/home/mechax/AAAmy_ws/1.18/radar_station/install/get_depth/share/colcon-core/packages/get_depth)
[3.484s] Level 1:colcon.colcon_core.environment:create_environment_scripts_only(Img_Handle)
[3.498s] Level 1:colcon.colcon_core.environment:checking '/home/mechax/AAAmy_ws/1.18/radar_station/install/Img_Handle' for CMake module files
[3.500s] Level 1:colcon.colcon_core.environment:checking '/home/mechax/AAAmy_ws/1.18/radar_station/install/Img_Handle' for CMake config files
[3.500s] Level 1:colcon.colcon_core.shell:create_environment_hook('Img_Handle', 'cmake_prefix_path')
[3.515s] INFO:colcon.colcon_core.shell:Creating environment hook '/home/mechax/AAAmy_ws/1.18/radar_station/install/Img_Handle/share/Img_Handle/hook/cmake_prefix_path.ps1'
[3.516s] INFO:colcon.colcon_core.shell:Creating environment descriptor '/home/mechax/AAAmy_ws/1.18/radar_station/install/Img_Handle/share/Img_Handle/hook/cmake_prefix_path.dsv'
[3.516s] INFO:colcon.colcon_core.shell:Creating environment hook '/home/mechax/AAAmy_ws/1.18/radar_station/install/Img_Handle/share/Img_Handle/hook/cmake_prefix_path.sh'
[3.517s] Level 1:colcon.colcon_core.environment:checking '/home/mechax/AAAmy_ws/1.18/radar_station/install/Img_Handle/lib'
[3.517s] Level 1:colcon.colcon_core.environment:checking '/home/mechax/AAAmy_ws/1.18/radar_station/install/Img_Handle/bin'
[3.517s] Level 1:colcon.colcon_core.environment:checking '/home/mechax/AAAmy_ws/1.18/radar_station/install/Img_Handle/lib/pkgconfig/Img_Handle.pc'
[3.517s] Level 1:colcon.colcon_core.environment:checking '/home/mechax/AAAmy_ws/1.18/radar_station/install/Img_Handle/lib/python3.10/site-packages'
[3.518s] Level 1:colcon.colcon_core.environment:checking '/home/mechax/AAAmy_ws/1.18/radar_station/install/Img_Handle/bin'
[3.529s] INFO:colcon.colcon_core.shell:Creating package script '/home/mechax/AAAmy_ws/1.18/radar_station/install/Img_Handle/share/Img_Handle/package.ps1'
[3.529s] INFO:colcon.colcon_core.shell:Creating package descriptor '/home/mechax/AAAmy_ws/1.18/radar_station/install/Img_Handle/share/Img_Handle/package.dsv'
[3.530s] INFO:colcon.colcon_core.shell:Creating package script '/home/mechax/AAAmy_ws/1.18/radar_station/install/Img_Handle/share/Img_Handle/package.sh'
[3.530s] INFO:colcon.colcon_core.shell:Creating package script '/home/mechax/AAAmy_ws/1.18/radar_station/install/Img_Handle/share/Img_Handle/package.bash'
[3.530s] INFO:colcon.colcon_core.shell:Creating package script '/home/mechax/AAAmy_ws/1.18/radar_station/install/Img_Handle/share/Img_Handle/package.zsh'
[3.531s] Level 1:colcon.colcon_core.environment:create_file_with_runtime_dependencies(/home/mechax/AAAmy_ws/1.18/radar_station/install/Img_Handle/share/colcon-core/packages/Img_Handle)
[3.547s] Level 1:colcon.colcon_core.environment:create_environment_scripts_only(get_depth)
[3.562s] Level 1:colcon.colcon_core.environment:checking '/home/mechax/AAAmy_ws/1.18/radar_station/install/get_depth' for CMake module files
[3.564s] Level 1:colcon.colcon_core.environment:checking '/home/mechax/AAAmy_ws/1.18/radar_station/install/get_depth' for CMake config files
[3.564s] Level 1:colcon.colcon_core.shell:create_environment_hook('get_depth', 'cmake_prefix_path')
[3.580s] INFO:colcon.colcon_core.shell:Creating environment hook '/home/mechax/AAAmy_ws/1.18/radar_station/install/get_depth/share/get_depth/hook/cmake_prefix_path.ps1'
[3.581s] INFO:colcon.colcon_core.shell:Creating environment descriptor '/home/mechax/AAAmy_ws/1.18/radar_station/install/get_depth/share/get_depth/hook/cmake_prefix_path.dsv'
[3.581s] INFO:colcon.colcon_core.shell:Creating environment hook '/home/mechax/AAAmy_ws/1.18/radar_station/install/get_depth/share/get_depth/hook/cmake_prefix_path.sh'
[3.583s] Level 1:colcon.colcon_core.environment:checking '/home/mechax/AAAmy_ws/1.18/radar_station/install/get_depth/lib'
[3.583s] Level 1:colcon.colcon_core.environment:checking '/home/mechax/AAAmy_ws/1.18/radar_station/install/get_depth/bin'
[3.583s] Level 1:colcon.colcon_core.environment:checking '/home/mechax/AAAmy_ws/1.18/radar_station/install/get_depth/lib/pkgconfig/get_depth.pc'
[3.583s] Level 1:colcon.colcon_core.environment:checking '/home/mechax/AAAmy_ws/1.18/radar_station/install/get_depth/lib/python3.10/site-packages'
[3.584s] Level 1:colcon.colcon_core.environment:checking '/home/mechax/AAAmy_ws/1.18/radar_station/install/get_depth/bin'
[3.599s] INFO:colcon.colcon_core.shell:Creating package script '/home/mechax/AAAmy_ws/1.18/radar_station/install/get_depth/share/get_depth/package.ps1'
[3.600s] INFO:colcon.colcon_core.shell:Creating package descriptor '/home/mechax/AAAmy_ws/1.18/radar_station/install/get_depth/share/get_depth/package.dsv'
[3.601s] INFO:colcon.colcon_core.shell:Creating package script '/home/mechax/AAAmy_ws/1.18/radar_station/install/get_depth/share/get_depth/package.sh'
[3.601s] INFO:colcon.colcon_core.shell:Creating package script '/home/mechax/AAAmy_ws/1.18/radar_station/install/get_depth/share/get_depth/package.bash'
[3.601s] INFO:colcon.colcon_core.shell:Creating package script '/home/mechax/AAAmy_ws/1.18/radar_station/install/get_depth/share/get_depth/package.zsh'
[3.601s] Level 1:colcon.colcon_core.environment:create_file_with_runtime_dependencies(/home/mechax/AAAmy_ws/1.18/radar_station/install/get_depth/share/colcon-core/packages/get_depth)
[9.149s] DEBUG:colcon.colcon_core.event_handler.log_command:Invoked command in '/home/mechax/AAAmy_ws/1.18/radar_station/build/map_test' returned '2': AMENT_PREFIX_PATH=/home/mechax/AAAmy_ws/1.18/radar_station/install/my_msgss:${AMENT_PREFIX_PATH} CMAKE_PREFIX_PATH=/home/mechax/AAAmy_ws/1.18/radar_station/install/my_msgss:/home/mechax/ws_livox/install/livox_ros2_driver:/home/mechax/ws_livox/install/livox_sdk_vendor:/home/mechax/ws_livox/install/livox_interfaces:/opt/ros/humble LD_LIBRARY_PATH=/home/mechax/AAAmy_ws/1.18/radar_station/install/my_msgss/lib:${LD_LIBRARY_PATH} PYTHONPATH=/home/mechax/AAAmy_ws/1.18/radar_station/install/my_msgss/local/lib/python3.10/dist-packages:${PYTHONPATH} /usr/bin/cmake --build /home/mechax/AAAmy_ws/1.18/radar_station/build/map_test -- -j16 -l16
[9.169s] Level 1:colcon.colcon_core.environment:create_environment_scripts_only(map_test)
[9.174s] Level 1:colcon.colcon_core.environment:checking '/home/mechax/AAAmy_ws/1.18/radar_station/install/map_test' for CMake module files
[9.175s] Level 1:colcon.colcon_core.environment:checking '/home/mechax/AAAmy_ws/1.18/radar_station/install/map_test' for CMake config files
[9.175s] Level 1:colcon.colcon_core.shell:create_environment_hook('map_test', 'cmake_prefix_path')
[9.180s] INFO:colcon.colcon_core.shell:Creating environment hook '/home/mechax/AAAmy_ws/1.18/radar_station/install/map_test/share/map_test/hook/cmake_prefix_path.ps1'
[9.181s] INFO:colcon.colcon_core.shell:Creating environment descriptor '/home/mechax/AAAmy_ws/1.18/radar_station/install/map_test/share/map_test/hook/cmake_prefix_path.dsv'
[9.181s] INFO:colcon.colcon_core.shell:Creating environment hook '/home/mechax/AAAmy_ws/1.18/radar_station/install/map_test/share/map_test/hook/cmake_prefix_path.sh'
[9.181s] Level 1:colcon.colcon_core.environment:checking '/home/mechax/AAAmy_ws/1.18/radar_station/install/map_test/lib'
[9.181s] Level 1:colcon.colcon_core.environment:checking '/home/mechax/AAAmy_ws/1.18/radar_station/install/map_test/bin'
[9.181s] Level 1:colcon.colcon_core.environment:checking '/home/mechax/AAAmy_ws/1.18/radar_station/install/map_test/lib/pkgconfig/map_test.pc'
[9.181s] Level 1:colcon.colcon_core.environment:checking '/home/mechax/AAAmy_ws/1.18/radar_station/install/map_test/lib/python3.10/site-packages'
[9.181s] Level 1:colcon.colcon_core.environment:checking '/home/mechax/AAAmy_ws/1.18/radar_station/install/map_test/bin'
[9.187s] INFO:colcon.colcon_core.shell:Creating package script '/home/mechax/AAAmy_ws/1.18/radar_station/install/map_test/share/map_test/package.ps1'
[9.187s] INFO:colcon.colcon_core.shell:Creating package descriptor '/home/mechax/AAAmy_ws/1.18/radar_station/install/map_test/share/map_test/package.dsv'
[9.188s] INFO:colcon.colcon_core.shell:Creating package script '/home/mechax/AAAmy_ws/1.18/radar_station/install/map_test/share/map_test/package.sh'
[9.188s] INFO:colcon.colcon_core.shell:Creating package script '/home/mechax/AAAmy_ws/1.18/radar_station/install/map_test/share/map_test/package.bash'
[9.188s] INFO:colcon.colcon_core.shell:Creating package script '/home/mechax/AAAmy_ws/1.18/radar_station/install/map_test/share/map_test/package.zsh'
[9.188s] Level 1:colcon.colcon_core.environment:create_file_with_runtime_dependencies(/home/mechax/AAAmy_ws/1.18/radar_station/install/map_test/share/colcon-core/packages/map_test)
[9.199s] DEBUG:colcon.colcon_parallel_executor.executor.parallel:closing loop
[9.199s] DEBUG:colcon.colcon_parallel_executor.executor.parallel:loop closed
[9.199s] DEBUG:colcon.colcon_parallel_executor.executor.parallel:run_until_complete finished with '2'
[9.199s] DEBUG:colcon.colcon_core.event_reactor:joining thread
[9.212s] INFO:colcon.colcon_core.plugin_system:Skipping extension 'colcon_notification.desktop_notification.terminal_notifier': Not used on non-Darwin systems
[9.212s] INFO:colcon.colcon_core.plugin_system:Skipping extension 'colcon_notification.desktop_notification.win32': Not used on non-Windows systems
[9.212s] INFO:colcon.colcon_notification.desktop_notification:Sending desktop notification using 'notify2'
[9.225s] DEBUG:colcon.colcon_core.event_reactor:joined thread
[9.232s] INFO:colcon.colcon_core.shell:Creating prefix script '/home/mechax/AAAmy_ws/1.18/radar_station/install/local_setup.ps1'
[9.233s] INFO:colcon.colcon_core.shell:Creating prefix util module '/home/mechax/AAAmy_ws/1.18/radar_station/install/_local_setup_util_ps1.py'
[9.234s] INFO:colcon.colcon_core.shell:Creating prefix chain script '/home/mechax/AAAmy_ws/1.18/radar_station/install/setup.ps1'
[9.241s] INFO:colcon.colcon_core.shell:Creating prefix script '/home/mechax/AAAmy_ws/1.18/radar_station/install/local_setup.sh'
[9.241s] INFO:colcon.colcon_core.shell:Creating prefix util module '/home/mechax/AAAmy_ws/1.18/radar_station/install/_local_setup_util_sh.py'
[9.241s] INFO:colcon.colcon_core.shell:Creating prefix chain script '/home/mechax/AAAmy_ws/1.18/radar_station/install/setup.sh'
[9.248s] INFO:colcon.colcon_core.shell:Creating prefix script '/home/mechax/AAAmy_ws/1.18/radar_station/install/local_setup.bash'
[9.248s] INFO:colcon.colcon_core.shell:Creating prefix chain script '/home/mechax/AAAmy_ws/1.18/radar_station/install/setup.bash'
[9.255s] INFO:colcon.colcon_core.shell:Creating prefix script '/home/mechax/AAAmy_ws/1.18/radar_station/install/local_setup.zsh'
[9.255s] INFO:colcon.colcon_core.shell:Creating prefix chain script '/home/mechax/AAAmy_ws/1.18/radar_station/install/setup.zsh'
