[0.059s] Invoking command in '/home/mechax/AAAmy_ws/1.18/radar_station/build/get_depth': AMENT_PREFIX_PATH=/home/mechax/AAAmy_ws/1.18/radar_station/install/my_msgss:${AMENT_PREFIX_PATH} CMAKE_PREFIX_PATH=/home/mechax/AAAmy_ws/1.18/radar_station/install/my_msgss:/home/mechax/ws_livox/install/livox_ros2_driver:/home/mechax/ws_livox/install/livox_sdk_vendor:/home/mechax/ws_livox/install/livox_interfaces:/opt/ros/humble LD_LIBRARY_PATH=/home/mechax/AAAmy_ws/1.18/radar_station/install/my_msgss/lib:${LD_LIBRARY_PATH} PYTHONPATH=/home/mechax/AAAmy_ws/1.18/radar_station/install/my_msgss/local/lib/python3.10/dist-packages:${PYTHONPATH} /usr/bin/cmake --build /home/mechax/AAAmy_ws/1.18/radar_station/build/get_depth -- -j16 -l16
[0.099s] [100%] Built target get_depth_node
[0.107s] Invoked command in '/home/mechax/AAAmy_ws/1.18/radar_station/build/get_depth' returned '0': AMENT_PREFIX_PATH=/home/mechax/AAAmy_ws/1.18/radar_station/install/my_msgss:${AMENT_PREFIX_PATH} CMAKE_PREFIX_PATH=/home/mechax/AAAmy_ws/1.18/radar_station/install/my_msgss:/home/mechax/ws_livox/install/livox_ros2_driver:/home/mechax/ws_livox/install/livox_sdk_vendor:/home/mechax/ws_livox/install/livox_interfaces:/opt/ros/humble LD_LIBRARY_PATH=/home/mechax/AAAmy_ws/1.18/radar_station/install/my_msgss/lib:${LD_LIBRARY_PATH} PYTHONPATH=/home/mechax/AAAmy_ws/1.18/radar_station/install/my_msgss/local/lib/python3.10/dist-packages:${PYTHONPATH} /usr/bin/cmake --build /home/mechax/AAAmy_ws/1.18/radar_station/build/get_depth -- -j16 -l16
[0.123s] Invoking command in '/home/mechax/AAAmy_ws/1.18/radar_station/build/get_depth': AMENT_PREFIX_PATH=/home/mechax/AAAmy_ws/1.18/radar_station/install/my_msgss:${AMENT_PREFIX_PATH} CMAKE_PREFIX_PATH=/home/mechax/AAAmy_ws/1.18/radar_station/install/my_msgss:/home/mechax/ws_livox/install/livox_ros2_driver:/home/mechax/ws_livox/install/livox_sdk_vendor:/home/mechax/ws_livox/install/livox_interfaces:/opt/ros/humble LD_LIBRARY_PATH=/home/mechax/AAAmy_ws/1.18/radar_station/install/my_msgss/lib:${LD_LIBRARY_PATH} PYTHONPATH=/home/mechax/AAAmy_ws/1.18/radar_station/install/my_msgss/local/lib/python3.10/dist-packages:${PYTHONPATH} /usr/bin/cmake --install /home/mechax/AAAmy_ws/1.18/radar_station/build/get_depth
[0.131s] -- Install configuration: ""
[0.131s] -- Execute custom install script
[0.131s] -- Up-to-date symlink: /home/mechax/AAAmy_ws/1.18/radar_station/install/get_depth/lib/get_depth/get_depth_node
[0.131s] -- Up-to-date symlink: /home/mechax/AAAmy_ws/1.18/radar_station/install/get_depth/share/get_depth//launch/get_depth_launch.py
[0.132s] -- Up-to-date symlink: /home/mechax/AAAmy_ws/1.18/radar_station/install/get_depth/share/ament_index/resource_index/package_run_dependencies/get_depth
[0.132s] -- Up-to-date symlink: /home/mechax/AAAmy_ws/1.18/radar_station/install/get_depth/share/ament_index/resource_index/parent_prefix_path/get_depth
[0.132s] -- Up-to-date symlink: /home/mechax/AAAmy_ws/1.18/radar_station/install/get_depth/share/get_depth/environment/ament_prefix_path.sh
[0.132s] -- Up-to-date symlink: /home/mechax/AAAmy_ws/1.18/radar_station/install/get_depth/share/get_depth/environment/ament_prefix_path.dsv
[0.133s] -- Up-to-date symlink: /home/mechax/AAAmy_ws/1.18/radar_station/install/get_depth/share/get_depth/environment/path.sh
[0.133s] -- Up-to-date symlink: /home/mechax/AAAmy_ws/1.18/radar_station/install/get_depth/share/get_depth/environment/path.dsv
[0.133s] -- Up-to-date symlink: /home/mechax/AAAmy_ws/1.18/radar_station/install/get_depth/share/get_depth/local_setup.bash
[0.134s] -- Up-to-date symlink: /home/mechax/AAAmy_ws/1.18/radar_station/install/get_depth/share/get_depth/local_setup.sh
[0.134s] -- Up-to-date symlink: /home/mechax/AAAmy_ws/1.18/radar_station/install/get_depth/share/get_depth/local_setup.zsh
[0.134s] -- Up-to-date symlink: /home/mechax/AAAmy_ws/1.18/radar_station/install/get_depth/share/get_depth/local_setup.dsv
[0.134s] -- Symlinking: /home/mechax/AAAmy_ws/1.18/radar_station/install/get_depth/share/get_depth/package.dsv
[0.135s] -- Up-to-date symlink: /home/mechax/AAAmy_ws/1.18/radar_station/install/get_depth/share/ament_index/resource_index/packages/get_depth
[0.135s] -- Up-to-date symlink: /home/mechax/AAAmy_ws/1.18/radar_station/install/get_depth/share/get_depth/cmake/get_depthConfig.cmake
[0.135s] -- Up-to-date symlink: /home/mechax/AAAmy_ws/1.18/radar_station/install/get_depth/share/get_depth/cmake/get_depthConfig-version.cmake
[0.136s] -- Up-to-date symlink: /home/mechax/AAAmy_ws/1.18/radar_station/install/get_depth/share/get_depth/package.xml
[0.160s] Invoked command in '/home/mechax/AAAmy_ws/1.18/radar_station/build/get_depth' returned '0': AMENT_PREFIX_PATH=/home/mechax/AAAmy_ws/1.18/radar_station/install/my_msgss:${AMENT_PREFIX_PATH} CMAKE_PREFIX_PATH=/home/mechax/AAAmy_ws/1.18/radar_station/install/my_msgss:/home/mechax/ws_livox/install/livox_ros2_driver:/home/mechax/ws_livox/install/livox_sdk_vendor:/home/mechax/ws_livox/install/livox_interfaces:/opt/ros/humble LD_LIBRARY_PATH=/home/mechax/AAAmy_ws/1.18/radar_station/install/my_msgss/lib:${LD_LIBRARY_PATH} PYTHONPATH=/home/mechax/AAAmy_ws/1.18/radar_station/install/my_msgss/local/lib/python3.10/dist-packages:${PYTHONPATH} /usr/bin/cmake --install /home/mechax/AAAmy_ws/1.18/radar_station/build/get_depth
