[0.051s] Invoking command in '/home/mechax/zyb/radar_station/build/mindvision_camera': CMAKE_PREFIX_PATH=${CMAKE_PREFIX_PATH}:/opt/ros/humble /usr/bin/cmake /home/mechax/zyb/radar_station/src/ros2-mindvision-camera -DCMAKE_INSTALL_PREFIX=/home/mechax/zyb/radar_station/install/mindvision_camera
[0.081s] -- The C compiler identification is GNU 11.4.0
[0.119s] -- The CXX compiler identification is GNU 11.4.0
[0.123s] -- Detecting C compiler ABI info
[0.166s] -- Detecting C compiler ABI info - done
[0.170s] -- Check for working C compiler: /usr/bin/cc - skipped
[0.171s] -- Detecting C compile features
[0.171s] -- Detecting C compile features - done
[0.172s] -- Detecting CXX compiler ABI info
[0.225s] -- Detecting CXX compiler ABI info - done
[0.230s] -- Check for working CXX compiler: /usr/bin/c++ - skipped
[0.230s] -- Detecting CXX compile features
[0.231s] -- Detecting CXX compile features - done
[0.232s] -- Found ament_cmake_auto: 1.3.6 (/opt/ros/humble/share/ament_cmake_auto/cmake)
[0.348s] -- Found Python3: /usr/bin/python3.10 (found version "3.10.12") found components: Interpreter 
[0.491s] -- Found rosidl_generator_c: 3.1.5 (/opt/ros/humble/share/rosidl_generator_c/cmake)
[0.494s] -- Found rosidl_adapter: 3.1.5 (/opt/ros/humble/share/rosidl_adapter/cmake)
[0.500s] -- Found rosidl_generator_cpp: 3.1.5 (/opt/ros/humble/share/rosidl_generator_cpp/cmake)
[0.508s] -- Using all available rosidl_typesupport_c: rosidl_typesupport_fastrtps_c;rosidl_typesupport_introspection_c
[0.521s] -- Using all available rosidl_typesupport_cpp: rosidl_typesupport_fastrtps_cpp;rosidl_typesupport_introspection_cpp
[0.564s] -- Found rmw_implementation_cmake: 6.1.1 (/opt/ros/humble/share/rmw_implementation_cmake/cmake)
[0.565s] -- Found rmw_fastrtps_cpp: 6.2.5 (/opt/ros/humble/share/rmw_fastrtps_cpp/cmake)
[0.632s] -- Found OpenSSL: /usr/lib/x86_64-linux-gnu/libcrypto.so (found version "3.0.2")  
[0.651s] -- Found FastRTPS: /opt/ros/humble/include  
[0.682s] -- Using RMW implementation 'rmw_fastrtps_cpp' as default
[0.688s] -- Looking for pthread.h
[0.735s] -- Looking for pthread.h - found
[0.735s] -- Performing Test CMAKE_HAVE_LIBC_PTHREAD
[0.778s] -- Performing Test CMAKE_HAVE_LIBC_PTHREAD - Success
[0.779s] -- Found Threads: TRUE  
[1.056s] -- Found ament_lint_auto: 0.12.9 (/opt/ros/humble/share/ament_lint_auto/cmake)
[1.070s] -- Added test 'cppcheck' to perform static code analysis on C / C++ code
[1.070s] -- Configured cppcheck include dirs: /home/mechax/zyb/radar_station/src/ros2-mindvision-camera/mvsdk/include
[1.071s] -- Configured cppcheck exclude dirs and/or files: 
[1.071s] -- Added test 'flake8' to check Python code syntax and style conventions
[1.071s] -- Added test 'lint_cmake' to check CMake code style
[1.072s] -- Added test 'pep257' to check Python code against some of the docstring style conventions in PEP 257
[1.072s] -- Added test 'xmllint' to check XML markup files
[1.073s] -- Configuring done
[1.087s] -- Generating done
[1.088s] -- Build files have been written to: /home/mechax/zyb/radar_station/build/mindvision_camera
[1.108s] Invoked command in '/home/mechax/zyb/radar_station/build/mindvision_camera' returned '0': CMAKE_PREFIX_PATH=${CMAKE_PREFIX_PATH}:/opt/ros/humble /usr/bin/cmake /home/mechax/zyb/radar_station/src/ros2-mindvision-camera -DCMAKE_INSTALL_PREFIX=/home/mechax/zyb/radar_station/install/mindvision_camera
[1.111s] Invoking command in '/home/mechax/zyb/radar_station/build/mindvision_camera': CMAKE_PREFIX_PATH=${CMAKE_PREFIX_PATH}:/opt/ros/humble /usr/bin/cmake --build /home/mechax/zyb/radar_station/build/mindvision_camera -- -j16 -l16
[1.172s] [ 25%] [32mBuilding CXX object CMakeFiles/mindvision_camera.dir/src/mv_camera_node.cpp.o[0m
[1.176s] [ 50%] [32mBuilding CXX object CMakeFiles/mindvision_camera_node.dir/rclcpp_components/node_main_mindvision_camera_node.cpp.o[0m
[4.733s] [ 75%] [32m[1mLinking CXX executable mindvision_camera_node[0m
[4.855s] [ 75%] Built target mindvision_camera_node
[5.979s] [100%] [32m[1mLinking CXX shared library libmindvision_camera.so[0m
[6.119s] [100%] Built target mindvision_camera
[6.129s] Invoked command in '/home/mechax/zyb/radar_station/build/mindvision_camera' returned '0': CMAKE_PREFIX_PATH=${CMAKE_PREFIX_PATH}:/opt/ros/humble /usr/bin/cmake --build /home/mechax/zyb/radar_station/build/mindvision_camera -- -j16 -l16
[6.166s] Invoking command in '/home/mechax/zyb/radar_station/build/mindvision_camera': CMAKE_PREFIX_PATH=${CMAKE_PREFIX_PATH}:/opt/ros/humble /usr/bin/cmake --install /home/mechax/zyb/radar_station/build/mindvision_camera
[6.176s] -- Install configuration: ""
[6.176s] -- Installing: /home/mechax/zyb/radar_station/install/mindvision_camera/lib/mindvision_camera/mindvision_camera_node
[6.177s] -- Set runtime path of "/home/mechax/zyb/radar_station/install/mindvision_camera/lib/mindvision_camera/mindvision_camera_node" to ""
[6.177s] -- Installing: /home/mechax/zyb/radar_station/install/mindvision_camera/share/mindvision_camera/environment/library_path.sh
[6.177s] -- Installing: /home/mechax/zyb/radar_station/install/mindvision_camera/share/mindvision_camera/environment/library_path.dsv
[6.177s] -- Installing: /home/mechax/zyb/radar_station/install/mindvision_camera/lib/libmindvision_camera.so
[6.178s] -- Set runtime path of "/home/mechax/zyb/radar_station/install/mindvision_camera/lib/libmindvision_camera.so" to ""
[6.178s] -- Installing: /home/mechax/zyb/radar_station/install/mindvision_camera/share/mindvision_camera/config
[6.178s] -- Installing: /home/mechax/zyb/radar_station/install/mindvision_camera/share/mindvision_camera/config/camera_params.yaml
[6.178s] -- Installing: /home/mechax/zyb/radar_station/install/mindvision_camera/share/mindvision_camera/config/camera_info.yaml
[6.178s] -- Installing: /home/mechax/zyb/radar_station/install/mindvision_camera/share/mindvision_camera/launch
[6.179s] -- Installing: /home/mechax/zyb/radar_station/install/mindvision_camera/share/mindvision_camera/launch/mv_launch.py
[6.179s] -- Installing: /home/mechax/zyb/radar_station/install/mindvision_camera/share/ament_index/resource_index/package_run_dependencies/mindvision_camera
[6.179s] -- Installing: /home/mechax/zyb/radar_station/install/mindvision_camera/share/ament_index/resource_index/parent_prefix_path/mindvision_camera
[6.179s] -- Installing: /home/mechax/zyb/radar_station/install/mindvision_camera/share/mindvision_camera/environment/ament_prefix_path.sh
[6.179s] -- Installing: /home/mechax/zyb/radar_station/install/mindvision_camera/share/mindvision_camera/environment/ament_prefix_path.dsv
[6.179s] -- Installing: /home/mechax/zyb/radar_station/install/mindvision_camera/share/mindvision_camera/environment/path.sh
[6.180s] -- Installing: /home/mechax/zyb/radar_station/install/mindvision_camera/share/mindvision_camera/environment/path.dsv
[6.180s] -- Installing: /home/mechax/zyb/radar_station/install/mindvision_camera/share/mindvision_camera/local_setup.bash
[6.180s] -- Installing: /home/mechax/zyb/radar_station/install/mindvision_camera/share/mindvision_camera/local_setup.sh
[6.180s] -- Installing: /home/mechax/zyb/radar_station/install/mindvision_camera/share/mindvision_camera/local_setup.zsh
[6.180s] -- Installing: /home/mechax/zyb/radar_station/install/mindvision_camera/share/mindvision_camera/local_setup.dsv
[6.180s] -- Installing: /home/mechax/zyb/radar_station/install/mindvision_camera/share/mindvision_camera/package.dsv
[6.180s] -- Installing: /home/mechax/zyb/radar_station/install/mindvision_camera/share/ament_index/resource_index/packages/mindvision_camera
[6.180s] -- Installing: /home/mechax/zyb/radar_station/install/mindvision_camera/share/ament_index/resource_index/rclcpp_components/mindvision_camera
[6.180s] -- Installing: /home/mechax/zyb/radar_station/install/mindvision_camera/share/mindvision_camera/cmake/ament_cmake_export_dependencies-extras.cmake
[6.181s] -- Installing: /home/mechax/zyb/radar_station/install/mindvision_camera/share/mindvision_camera/cmake/ament_cmake_export_libraries-extras.cmake
[6.181s] -- Installing: /home/mechax/zyb/radar_station/install/mindvision_camera/share/mindvision_camera/cmake/mindvision_cameraConfig.cmake
[6.181s] -- Installing: /home/mechax/zyb/radar_station/install/mindvision_camera/share/mindvision_camera/cmake/mindvision_cameraConfig-version.cmake
[6.181s] -- Installing: /home/mechax/zyb/radar_station/install/mindvision_camera/share/mindvision_camera/package.xml
[6.184s] Invoked command in '/home/mechax/zyb/radar_station/build/mindvision_camera' returned '0': CMAKE_PREFIX_PATH=${CMAKE_PREFIX_PATH}:/opt/ros/humble /usr/bin/cmake --install /home/mechax/zyb/radar_station/build/mindvision_camera
