[0.125s] Invoking command in '/home/mechax/zyb/radar_station/build/Qt5_displayer': CMAKE_PREFIX_PATH=${CMAKE_PREFIX_PATH}:/opt/ros/humble /usr/bin/cmake --build /home/mechax/zyb/radar_station/build/Qt5_displayer -- -j16 -l16
[0.156s] [ 12%] [34m[1mAutomatic MOC and UIC for target Qt5_displayer[0m
[0.176s] [ 12%] Built target Qt5_displayer_autogen
[0.189s] [35m[1mConsolidate compiler generated dependencies of target Qt5_displayer[0m
[0.210s] [ 25%] [32mBuilding CXX object CMakeFiles/Qt5_displayer.dir/src/radarstation.cpp.o[0m
[2.686s] [01m[K/home/mechax/zyb/radar_station/src/Qt5_displayer/src/radarstation.cpp:[m[K In member function ‘[01m[Kvoid radarStation::farImageUpdate()[m[K’:
[2.686s] [01m[K/home/mechax/zyb/radar_station/src/Qt5_displayer/src/radarstation.cpp:117:15:[m[K [01;31m[Kerror: [m[Kinvalid use of incomplete type ‘[01m[Kclass Ui::pnpWidget[m[K’
[2.686s]   117 |         pnp.ui[01;31m[K->[m[KcameraImage->setPixmap(QPixmap::fromImage(qtnode.far_qimage));
[2.686s]       |               [01;31m[K^~[m[K
[2.687s] In file included from [01m[K/home/mechax/zyb/radar_station/src/Qt5_displayer/include/radarstation.h:7[m[K,
[2.687s]                  from [01m[K/home/mechax/zyb/radar_station/src/Qt5_displayer/src/radarstation.cpp:1[m[K:
[2.687s] [01m[K/home/mechax/zyb/radar_station/src/Qt5_displayer/include/pnpwidget.h:8:7:[m[K [01;36m[Knote: [m[Kforward declaration of ‘[01m[Kclass Ui::pnpWidget[m[K’
[2.687s]     8 | class [01;36m[KpnpWidget[m[K;
[2.687s]       |       [01;36m[K^~~~~~~~~[m[K
[2.687s] [01m[K/home/mechax/zyb/radar_station/src/Qt5_displayer/src/radarstation.cpp:118:15:[m[K [01;31m[Kerror: [m[Kinvalid use of incomplete type ‘[01m[Kclass Ui::pnpWidget[m[K’
[2.687s]   118 |         pnp.ui[01;31m[K->[m[KcameraImage->update();
[2.687s]       |               [01;31m[K^~[m[K
[2.687s] In file included from [01m[K/home/mechax/zyb/radar_station/src/Qt5_displayer/include/radarstation.h:7[m[K,
[2.687s]                  from [01m[K/home/mechax/zyb/radar_station/src/Qt5_displayer/src/radarstation.cpp:1[m[K:
[2.687s] [01m[K/home/mechax/zyb/radar_station/src/Qt5_displayer/include/pnpwidget.h:8:7:[m[K [01;36m[Knote: [m[Kforward declaration of ‘[01m[Kclass Ui::pnpWidget[m[K’
[2.687s]     8 | class [01;36m[KpnpWidget[m[K;
[2.687s]       |       [01;36m[K^~~~~~~~~[m[K
[3.223s] gmake[2]: *** [CMakeFiles/Qt5_displayer.dir/build.make:132: CMakeFiles/Qt5_displayer.dir/src/radarstation.cpp.o] Error 1
[3.223s] gmake[1]: *** [CMakeFiles/Makefile2:138: CMakeFiles/Qt5_displayer.dir/all] Error 2
[3.223s] gmake: *** [Makefile:146: all] Error 2
[3.225s] Invoked command in '/home/mechax/zyb/radar_station/build/Qt5_displayer' returned '2': CMAKE_PREFIX_PATH=${CMAKE_PREFIX_PATH}:/opt/ros/humble /usr/bin/cmake --build /home/mechax/zyb/radar_station/build/Qt5_displayer -- -j16 -l16
