[0.042s] Invoking command in '/home/mechax/zyb/radar_station/build/get_depth': CMAKE_PREFIX_PATH=/home/mechax/zyb/radar_station/install/my_msgss:/home/mechax/zyb/radar_station/install/get_depth:/home/mechax/zyb/radar_station/install/Img_Handle:/home/mechax/zyb/radar_station/install/Game_Map:/home/mechax/zyb/radar_station/install/Yolo_Handle:/home/mechax/zyb/radar_station/install/Get_Camera_Img:/home/mechax/ws_livox/install/livox_ros2_driver:/home/mechax/ws_livox/install/livox_sdk_vendor:/home/mechax/ws_livox/install/livox_interfaces:/opt/ros/humble /usr/bin/cmake --build /home/mechax/zyb/radar_station/build/get_depth -- -j16 -l16
[0.061s] -- Found ament_cmake: 1.3.6 (/opt/ros/humble/share/ament_cmake/cmake)
[0.156s] -- Found rclcpp: 16.0.7 (/opt/ros/humble/share/rclcpp/cmake)
[0.174s] -- Found rosidl_generator_c: 3.1.5 (/opt/ros/humble/share/rosidl_generator_c/cmake)
[0.175s] -- Found rosidl_adapter: 3.1.5 (/opt/ros/humble/share/rosidl_adapter/cmake)
[0.179s] -- Found rosidl_generator_cpp: 3.1.5 (/opt/ros/humble/share/rosidl_generator_cpp/cmake)
[0.185s] -- Using all available rosidl_typesupport_c: rosidl_typesupport_fastrtps_c;rosidl_typesupport_introspection_c
[0.195s] -- Using all available rosidl_typesupport_cpp: rosidl_typesupport_fastrtps_cpp;rosidl_typesupport_introspection_cpp
[0.230s] -- Found rmw_implementation_cmake: 6.1.1 (/opt/ros/humble/share/rmw_implementation_cmake/cmake)
[0.230s] -- Found rmw_fastrtps_cpp: 6.2.5 (/opt/ros/humble/share/rmw_fastrtps_cpp/cmake)
[0.301s] -- Using RMW implementation 'rmw_fastrtps_cpp' as default
[0.392s] -- Found rclpy: 3.3.11 (/opt/ros/humble/share/rclpy/cmake)
[0.393s] -- Found cv_bridge: 3.2.1 (/opt/ros/humble/share/cv_bridge/cmake)
[0.478s] -- Eigen found (include: /usr/include/eigen3, version: 3.4.0)
[0.497s] -- FLANN found (include: /usr/include, lib: /usr/lib/x86_64-linux-gnu/libflann_cpp.so)
[0.669s] -- OpenNI found (version: 1.5.4.0, include: /usr/include/ni, lib: /usr/lib/libOpenNI.so;libusb::libusb)
[0.672s] -- OpenNI2 found (version: 2.2.0.33, include: /usr/include/openni2, lib: /usr/lib/x86_64-linux-gnu/libOpenNI2.so;libusb::libusb)
[0.672s] [0m** WARNING ** io features related to pcap will be disabled[0m
[0.767s] -- Eigen found (include: /usr/include/eigen3, version: 3.4.0)
[0.770s] -- OpenNI found (version: 1.5.4.0, include: /usr/include/ni, lib: /usr/lib/libOpenNI.so;libusb::libusb)
[0.774s] -- OpenNI2 found (version: 2.2.0.33, include: /usr/include/openni2, lib: /usr/lib/x86_64-linux-gnu/libOpenNI2.so;libusb::libusb)
[0.859s] -- Found Qhull version 8.0.2
[0.946s] -- OpenNI found (version: 1.5.4.0, include: /usr/include/ni, lib: /usr/lib/libOpenNI.so;libusb::libusb)
[1.028s] -- looking for PCL_COMMON
[1.028s] -- looking for PCL_KDTREE
[1.028s] -- looking for PCL_OCTREE
[1.028s] -- looking for PCL_SEARCH
[1.029s] -- looking for PCL_SAMPLE_CONSENSUS
[1.029s] -- looking for PCL_FILTERS
[1.029s] -- looking for PCL_2D
[1.029s] -- looking for PCL_GEOMETRY
[1.029s] -- looking for PCL_IO
[1.029s] -- looking for PCL_FEATURES
[1.030s] -- looking for PCL_ML
[1.030s] -- looking for PCL_SEGMENTATION
[1.030s] -- looking for PCL_VISUALIZATION
[1.030s] -- looking for PCL_SURFACE
[1.030s] -- looking for PCL_REGISTRATION
[1.031s] -- looking for PCL_KEYPOINTS
[1.031s] -- looking for PCL_TRACKING
[1.031s] -- looking for PCL_RECOGNITION
[1.031s] -- looking for PCL_STEREO
[1.032s] -- looking for PCL_APPS
[1.032s] -- looking for PCL_IN_HAND_SCANNER
[1.032s] -- looking for PCL_MODELER
[1.032s] -- looking for PCL_POINT_CLOUD_EDITOR
[1.032s] -- looking for PCL_OUTOFCORE
[1.033s] -- looking for PCL_PEOPLE
[1.035s] -- Found my_msgss: 0.0.0 (/home/mechax/zyb/radar_station/install/my_msgss/share/my_msgss/cmake)
[1.042s] -- Found pcl_conversions: 2.4.0 (/opt/ros/humble/share/pcl_conversions/cmake)
[1.192s] -- Configuring done
[1.211s] -- Generating done
[1.213s] -- Build files have been written to: /home/mechax/zyb/radar_station/build/get_depth
[1.235s] [35m[1mConsolidate compiler generated dependencies of target get_depth_node[0m
[1.252s] [100%] Built target get_depth_node
[1.260s] Invoked command in '/home/mechax/zyb/radar_station/build/get_depth' returned '0': CMAKE_PREFIX_PATH=/home/mechax/zyb/radar_station/install/my_msgss:/home/mechax/zyb/radar_station/install/get_depth:/home/mechax/zyb/radar_station/install/Img_Handle:/home/mechax/zyb/radar_station/install/Game_Map:/home/mechax/zyb/radar_station/install/Yolo_Handle:/home/mechax/zyb/radar_station/install/Get_Camera_Img:/home/mechax/ws_livox/install/livox_ros2_driver:/home/mechax/ws_livox/install/livox_sdk_vendor:/home/mechax/ws_livox/install/livox_interfaces:/opt/ros/humble /usr/bin/cmake --build /home/mechax/zyb/radar_station/build/get_depth -- -j16 -l16
[1.276s] Invoking command in '/home/mechax/zyb/radar_station/build/get_depth': CMAKE_PREFIX_PATH=/home/mechax/zyb/radar_station/install/my_msgss:/home/mechax/zyb/radar_station/install/get_depth:/home/mechax/zyb/radar_station/install/Img_Handle:/home/mechax/zyb/radar_station/install/Game_Map:/home/mechax/zyb/radar_station/install/Yolo_Handle:/home/mechax/zyb/radar_station/install/Get_Camera_Img:/home/mechax/ws_livox/install/livox_ros2_driver:/home/mechax/ws_livox/install/livox_sdk_vendor:/home/mechax/ws_livox/install/livox_interfaces:/opt/ros/humble /usr/bin/cmake --install /home/mechax/zyb/radar_station/build/get_depth
[1.281s] -- Install configuration: ""
[1.281s] -- Up-to-date: /home/mechax/zyb/radar_station/install/get_depth/share/get_depth
[1.281s] -- Up-to-date: /home/mechax/zyb/radar_station/install/get_depth/share/ament_index/resource_index/package_run_dependencies/get_depth
[1.281s] -- Installing: /home/mechax/zyb/radar_station/install/get_depth/share/ament_index/resource_index/parent_prefix_path/get_depth
[1.281s] -- Up-to-date: /home/mechax/zyb/radar_station/install/get_depth/share/get_depth/environment/ament_prefix_path.sh
[1.281s] -- Installing: /home/mechax/zyb/radar_station/install/get_depth/share/get_depth/environment/ament_prefix_path.dsv
[1.281s] -- Up-to-date: /home/mechax/zyb/radar_station/install/get_depth/share/get_depth/environment/path.sh
[1.282s] -- Installing: /home/mechax/zyb/radar_station/install/get_depth/share/get_depth/environment/path.dsv
[1.282s] -- Up-to-date: /home/mechax/zyb/radar_station/install/get_depth/share/get_depth/local_setup.bash
[1.282s] -- Up-to-date: /home/mechax/zyb/radar_station/install/get_depth/share/get_depth/local_setup.sh
[1.282s] -- Up-to-date: /home/mechax/zyb/radar_station/install/get_depth/share/get_depth/local_setup.zsh
[1.282s] -- Installing: /home/mechax/zyb/radar_station/install/get_depth/share/get_depth/local_setup.dsv
[1.282s] -- Installing: /home/mechax/zyb/radar_station/install/get_depth/share/get_depth/package.dsv
[1.282s] -- Up-to-date: /home/mechax/zyb/radar_station/install/get_depth/share/ament_index/resource_index/packages/get_depth
[1.282s] -- Up-to-date: /home/mechax/zyb/radar_station/install/get_depth/share/get_depth/cmake/get_depthConfig.cmake
[1.282s] -- Up-to-date: /home/mechax/zyb/radar_station/install/get_depth/share/get_depth/cmake/get_depthConfig-version.cmake
[1.282s] -- Up-to-date: /home/mechax/zyb/radar_station/install/get_depth/share/get_depth/package.xml
[1.283s] Invoked command in '/home/mechax/zyb/radar_station/build/get_depth' returned '0': CMAKE_PREFIX_PATH=/home/mechax/zyb/radar_station/install/my_msgss:/home/mechax/zyb/radar_station/install/get_depth:/home/mechax/zyb/radar_station/install/Img_Handle:/home/mechax/zyb/radar_station/install/Game_Map:/home/mechax/zyb/radar_station/install/Yolo_Handle:/home/mechax/zyb/radar_station/install/Get_Camera_Img:/home/mechax/ws_livox/install/livox_ros2_driver:/home/mechax/ws_livox/install/livox_sdk_vendor:/home/mechax/ws_livox/install/livox_interfaces:/opt/ros/humble /usr/bin/cmake --install /home/mechax/zyb/radar_station/build/get_depth
