[0.260s] Invoking command in '/home/mechax/zyb/radar_station/build/Img_Handle': CMAKE_PREFIX_PATH=/home/mechax/zyb/radar_station/install/my_msgss:/home/mechax/zyb/radar_station/install/map_test:/home/mechax/zyb/radar_station/install/get_depth:/home/mechax/zyb/radar_station/install/Img_Handle:/home/mechax/zyb/radar_station/install/Game_Map:/home/mechax/zyb/radar_station/install/mindvision_camera:/home/mechax/zyb/radar_station/install/Yolo_Handle:/home/mechax/zyb/radar_station/install/Qt5_displayer:/home/mechax/ws_livox/install/livox_ros2_driver:/home/mechax/ws_livox/install/livox_sdk_vendor:/home/mechax/ws_livox/install/livox_interfaces:/opt/ros/humble /usr/bin/cmake --build /home/mechax/zyb/radar_station/build/Img_Handle -- -j16 -l16
[0.324s] [ 37%] Built target main
[0.325s] [ 62%] Built target Img_Pub
[0.325s] [100%] Built target Img_Sub
[0.341s] Invoked command in '/home/mechax/zyb/radar_station/build/Img_Handle' returned '0': CMAKE_PREFIX_PATH=/home/mechax/zyb/radar_station/install/my_msgss:/home/mechax/zyb/radar_station/install/map_test:/home/mechax/zyb/radar_station/install/get_depth:/home/mechax/zyb/radar_station/install/Img_Handle:/home/mechax/zyb/radar_station/install/Game_Map:/home/mechax/zyb/radar_station/install/mindvision_camera:/home/mechax/zyb/radar_station/install/Yolo_Handle:/home/mechax/zyb/radar_station/install/Qt5_displayer:/home/mechax/ws_livox/install/livox_ros2_driver:/home/mechax/ws_livox/install/livox_sdk_vendor:/home/mechax/ws_livox/install/livox_interfaces:/opt/ros/humble /usr/bin/cmake --build /home/mechax/zyb/radar_station/build/Img_Handle -- -j16 -l16
[0.382s] Invoking command in '/home/mechax/zyb/radar_station/build/Img_Handle': CMAKE_PREFIX_PATH=/home/mechax/zyb/radar_station/install/my_msgss:/home/mechax/zyb/radar_station/install/map_test:/home/mechax/zyb/radar_station/install/get_depth:/home/mechax/zyb/radar_station/install/Img_Handle:/home/mechax/zyb/radar_station/install/Game_Map:/home/mechax/zyb/radar_station/install/mindvision_camera:/home/mechax/zyb/radar_station/install/Yolo_Handle:/home/mechax/zyb/radar_station/install/Qt5_displayer:/home/mechax/ws_livox/install/livox_ros2_driver:/home/mechax/ws_livox/install/livox_sdk_vendor:/home/mechax/ws_livox/install/livox_interfaces:/opt/ros/humble /usr/bin/cmake --install /home/mechax/zyb/radar_station/build/Img_Handle
[0.391s] -- Install configuration: ""
[0.391s] -- Up-to-date: /home/mechax/zyb/radar_station/install/Img_Handle/lib/Img_Handle/Img_Pub
[0.391s] -- Up-to-date: /home/mechax/zyb/radar_station/install/Img_Handle/lib/Img_Handle/Img_Sub
[0.392s] -- Up-to-date: /home/mechax/zyb/radar_station/install/Img_Handle/lib/Img_Handle/main
[0.393s] -- Up-to-date: /home/mechax/zyb/radar_station/install/Img_Handle/share/Img_Handle/launch
[0.393s] -- Up-to-date: /home/mechax/zyb/radar_station/install/Img_Handle/share/Img_Handle/launch/img_handle_launch.py
[0.393s] -- Up-to-date: /home/mechax/zyb/radar_station/install/Img_Handle/share/ament_index/resource_index/package_run_dependencies/Img_Handle
[0.394s] -- Up-to-date: /home/mechax/zyb/radar_station/install/Img_Handle/share/ament_index/resource_index/parent_prefix_path/Img_Handle
[0.394s] -- Up-to-date: /home/mechax/zyb/radar_station/install/Img_Handle/share/Img_Handle/environment/ament_prefix_path.sh
[0.394s] -- Up-to-date: /home/mechax/zyb/radar_station/install/Img_Handle/share/Img_Handle/environment/ament_prefix_path.dsv
[0.394s] -- Up-to-date: /home/mechax/zyb/radar_station/install/Img_Handle/share/Img_Handle/environment/path.sh
[0.394s] -- Up-to-date: /home/mechax/zyb/radar_station/install/Img_Handle/share/Img_Handle/environment/path.dsv
[0.395s] -- Up-to-date: /home/mechax/zyb/radar_station/install/Img_Handle/share/Img_Handle/local_setup.bash
[0.395s] -- Up-to-date: /home/mechax/zyb/radar_station/install/Img_Handle/share/Img_Handle/local_setup.sh
[0.395s] -- Up-to-date: /home/mechax/zyb/radar_station/install/Img_Handle/share/Img_Handle/local_setup.zsh
[0.395s] -- Up-to-date: /home/mechax/zyb/radar_station/install/Img_Handle/share/Img_Handle/local_setup.dsv
[0.396s] -- Installing: /home/mechax/zyb/radar_station/install/Img_Handle/share/Img_Handle/package.dsv
[0.396s] -- Up-to-date: /home/mechax/zyb/radar_station/install/Img_Handle/share/ament_index/resource_index/packages/Img_Handle
[0.396s] -- Up-to-date: /home/mechax/zyb/radar_station/install/Img_Handle/share/Img_Handle/cmake/Img_HandleConfig.cmake
[0.397s] -- Up-to-date: /home/mechax/zyb/radar_station/install/Img_Handle/share/Img_Handle/cmake/Img_HandleConfig-version.cmake
[0.397s] -- Up-to-date: /home/mechax/zyb/radar_station/install/Img_Handle/share/Img_Handle/package.xml
[0.458s] Invoked command in '/home/mechax/zyb/radar_station/build/Img_Handle' returned '0': CMAKE_PREFIX_PATH=/home/mechax/zyb/radar_station/install/my_msgss:/home/mechax/zyb/radar_station/install/map_test:/home/mechax/zyb/radar_station/install/get_depth:/home/mechax/zyb/radar_station/install/Img_Handle:/home/mechax/zyb/radar_station/install/Game_Map:/home/mechax/zyb/radar_station/install/mindvision_camera:/home/mechax/zyb/radar_station/install/Yolo_Handle:/home/mechax/zyb/radar_station/install/Qt5_displayer:/home/mechax/ws_livox/install/livox_ros2_driver:/home/mechax/ws_livox/install/livox_sdk_vendor:/home/mechax/ws_livox/install/livox_interfaces:/opt/ros/humble /usr/bin/cmake --install /home/mechax/zyb/radar_station/build/Img_Handle
