[0.095s] Invoking command in '/home/mechax/zyb/radar_station/build/Img_Handle': AMENT_PREFIX_PATH=/home/mechax/AAAmy_ws/1.18/radar_station/install/my_msgss:${AMENT_PREFIX_PATH} CMAKE_PREFIX_PATH=/home/mechax/zyb/radar_station/install/my_msgss:/home/mechax/ws_livox/install/livox_ros2_driver:/home/mechax/ws_livox/install/livox_sdk_vendor:/home/mechax/ws_livox/install/livox_interfaces:/opt/ros/humble LD_LIBRARY_PATH=/home/mechax/AAAmy_ws/1.18/radar_station/install/my_msgss/lib:/home/mechax/zyb/radar_station/install/my_msgss/lib:${LD_LIBRARY_PATH} PYTHONPATH=/home/mechax/AAAmy_ws/1.18/radar_station/install/my_msgss/local/lib/python3.10/dist-packages:${PYTHONPATH} /usr/bin/cmake --build /home/mechax/zyb/radar_station/build/Img_Handle -- -j16 -l16
[0.101s] [0mCMake Error: The current CMakeCache.txt directory /home/mechax/zyb/radar_station/build/Img_Handle/CMakeCache.txt is different than the directory /home/mechax/AAAmy_ws/1.18/radar_station/build/Img_Handle where CMakeCache.txt was created. This may result in binaries being created in the wrong place. If you are not sure, reedit the CMakeCache.txt[0m
[0.136s] [ 25%] Built target Img_Pub
[0.137s] [ 62%] Built target main
[0.139s] [100%] Built target Img_Sub
[0.152s] Invoked command in '/home/mechax/zyb/radar_station/build/Img_Handle' returned '0': AMENT_PREFIX_PATH=/home/mechax/AAAmy_ws/1.18/radar_station/install/my_msgss:${AMENT_PREFIX_PATH} CMAKE_PREFIX_PATH=/home/mechax/zyb/radar_station/install/my_msgss:/home/mechax/ws_livox/install/livox_ros2_driver:/home/mechax/ws_livox/install/livox_sdk_vendor:/home/mechax/ws_livox/install/livox_interfaces:/opt/ros/humble LD_LIBRARY_PATH=/home/mechax/AAAmy_ws/1.18/radar_station/install/my_msgss/lib:/home/mechax/zyb/radar_station/install/my_msgss/lib:${LD_LIBRARY_PATH} PYTHONPATH=/home/mechax/AAAmy_ws/1.18/radar_station/install/my_msgss/local/lib/python3.10/dist-packages:${PYTHONPATH} /usr/bin/cmake --build /home/mechax/zyb/radar_station/build/Img_Handle -- -j16 -l16
[0.175s] Invoking command in '/home/mechax/zyb/radar_station/build/Img_Handle': AMENT_PREFIX_PATH=/home/mechax/AAAmy_ws/1.18/radar_station/install/my_msgss:${AMENT_PREFIX_PATH} CMAKE_PREFIX_PATH=/home/mechax/zyb/radar_station/install/my_msgss:/home/mechax/ws_livox/install/livox_ros2_driver:/home/mechax/ws_livox/install/livox_sdk_vendor:/home/mechax/ws_livox/install/livox_interfaces:/opt/ros/humble LD_LIBRARY_PATH=/home/mechax/AAAmy_ws/1.18/radar_station/install/my_msgss/lib:/home/mechax/zyb/radar_station/install/my_msgss/lib:${LD_LIBRARY_PATH} PYTHONPATH=/home/mechax/AAAmy_ws/1.18/radar_station/install/my_msgss/local/lib/python3.10/dist-packages:${PYTHONPATH} /usr/bin/cmake --install /home/mechax/zyb/radar_station/build/Img_Handle
[0.180s] -- Install configuration: ""
[0.180s] -- Execute custom install script
[0.181s] -- Up-to-date symlink: /home/mechax/AAAmy_ws/1.18/radar_station/install/Img_Handle/lib/Img_Handle/Img_Pub
[0.181s] -- Up-to-date symlink: /home/mechax/AAAmy_ws/1.18/radar_station/install/Img_Handle/lib/Img_Handle/Img_Sub
[0.181s] -- Up-to-date symlink: /home/mechax/AAAmy_ws/1.18/radar_station/install/Img_Handle/lib/Img_Handle/main
[0.182s] -- Up-to-date symlink: /home/mechax/AAAmy_ws/1.18/radar_station/install/Img_Handle/share/Img_Handle/launch/img_handle_launch.py
[0.182s] -- Up-to-date symlink: /home/mechax/AAAmy_ws/1.18/radar_station/install/Img_Handle/share/ament_index/resource_index/package_run_dependencies/Img_Handle
[0.182s] -- Up-to-date symlink: /home/mechax/AAAmy_ws/1.18/radar_station/install/Img_Handle/share/ament_index/resource_index/parent_prefix_path/Img_Handle
[0.182s] -- Up-to-date symlink: /home/mechax/AAAmy_ws/1.18/radar_station/install/Img_Handle/share/Img_Handle/environment/ament_prefix_path.sh
[0.183s] -- Up-to-date symlink: /home/mechax/AAAmy_ws/1.18/radar_station/install/Img_Handle/share/Img_Handle/environment/ament_prefix_path.dsv
[0.183s] -- Up-to-date symlink: /home/mechax/AAAmy_ws/1.18/radar_station/install/Img_Handle/share/Img_Handle/environment/path.sh
[0.183s] -- Up-to-date symlink: /home/mechax/AAAmy_ws/1.18/radar_station/install/Img_Handle/share/Img_Handle/environment/path.dsv
[0.184s] -- Up-to-date symlink: /home/mechax/AAAmy_ws/1.18/radar_station/install/Img_Handle/share/Img_Handle/local_setup.bash
[0.184s] -- Up-to-date symlink: /home/mechax/AAAmy_ws/1.18/radar_station/install/Img_Handle/share/Img_Handle/local_setup.sh
[0.184s] -- Up-to-date symlink: /home/mechax/AAAmy_ws/1.18/radar_station/install/Img_Handle/share/Img_Handle/local_setup.zsh
[0.184s] -- Up-to-date symlink: /home/mechax/AAAmy_ws/1.18/radar_station/install/Img_Handle/share/Img_Handle/local_setup.dsv
[0.184s] -- Symlinking: /home/mechax/AAAmy_ws/1.18/radar_station/install/Img_Handle/share/Img_Handle/package.dsv
[0.192s] -- Up-to-date symlink: /home/mechax/AAAmy_ws/1.18/radar_station/install/Img_Handle/share/ament_index/resource_index/packages/Img_Handle
[0.192s] -- Up-to-date symlink: /home/mechax/AAAmy_ws/1.18/radar_station/install/Img_Handle/share/Img_Handle/cmake/Img_HandleConfig.cmake
[0.192s] -- Up-to-date symlink: /home/mechax/AAAmy_ws/1.18/radar_station/install/Img_Handle/share/Img_Handle/cmake/Img_HandleConfig-version.cmake
[0.192s] -- Up-to-date symlink: /home/mechax/AAAmy_ws/1.18/radar_station/install/Img_Handle/share/Img_Handle/package.xml
[0.241s] Invoked command in '/home/mechax/zyb/radar_station/build/Img_Handle' returned '0': AMENT_PREFIX_PATH=/home/mechax/AAAmy_ws/1.18/radar_station/install/my_msgss:${AMENT_PREFIX_PATH} CMAKE_PREFIX_PATH=/home/mechax/zyb/radar_station/install/my_msgss:/home/mechax/ws_livox/install/livox_ros2_driver:/home/mechax/ws_livox/install/livox_sdk_vendor:/home/mechax/ws_livox/install/livox_interfaces:/opt/ros/humble LD_LIBRARY_PATH=/home/mechax/AAAmy_ws/1.18/radar_station/install/my_msgss/lib:/home/mechax/zyb/radar_station/install/my_msgss/lib:${LD_LIBRARY_PATH} PYTHONPATH=/home/mechax/AAAmy_ws/1.18/radar_station/install/my_msgss/local/lib/python3.10/dist-packages:${PYTHONPATH} /usr/bin/cmake --install /home/mechax/zyb/radar_station/build/Img_Handle
