[0.455s] DEBUG:colcon:Command line arguments: ['/usr/bin/colcon', 'build']
[0.455s] DEBUG:colcon:Parsed command line arguments: Namespace(log_base=None, log_level=None, verb_name='build', build_base='build', install_base='install', merge_install=False, symlink_install=False, test_result_base=None, continue_on_error=False, executor='parallel', parallel_workers=16, event_handlers=None, ignore_user_meta=False, metas=['./colcon.meta'], base_paths=['.'], packages_ignore=None, packages_ignore_regex=None, paths=None, packages_up_to=None, packages_up_to_regex=None, packages_above=None, packages_above_and_dependencies=None, packages_above_depth=None, packages_select_by_dep=None, packages_skip_by_dep=None, packages_skip_up_to=None, packages_select_build_failed=False, packages_skip_build_finished=False, packages_select_test_failures=False, packages_skip_test_passed=False, packages_select=None, packages_skip=None, packages_select_regex=None, packages_skip_regex=None, packages_start=None, packages_end=None, allow_overriding=[], cmake_args=None, cmake_target=None, cmake_target_skip_unavailable=False, cmake_clean_cache=False, cmake_clean_first=False, cmake_force_configure=False, ament_cmake_args=None, catkin_cmake_args=None, catkin_skip_building_tests=False, verb_parser=<colcon_defaults.argument_parser.defaults.DefaultArgumentsDecorator object at 0x7fa1d6a80730>, verb_extension=<colcon_core.verb.build.BuildVerb object at 0x7fa1d6ed7a90>, main=<bound method BuildVerb.main of <colcon_core.verb.build.BuildVerb object at 0x7fa1d6ed7a90>>)
[0.476s] Level 1:colcon.colcon_core.package_discovery:discover_packages(colcon_meta) check parameters
[0.476s] Level 1:colcon.colcon_core.package_discovery:discover_packages(recursive) check parameters
[0.476s] Level 1:colcon.colcon_core.package_discovery:discover_packages(ignore) check parameters
[0.476s] Level 1:colcon.colcon_core.package_discovery:discover_packages(path) check parameters
[0.477s] Level 1:colcon.colcon_core.package_discovery:discover_packages(colcon_meta) discover
[0.477s] Level 1:colcon.colcon_core.package_discovery:discover_packages(recursive) discover
[0.477s] INFO:colcon.colcon_core.package_discovery:Crawling recursively for packages in '/home/mechax/zyb/radar_station'
[0.477s] Level 1:colcon.colcon_core.package_identification:_identify(.) by extensions ['ignore', 'ignore_ament_install']
[0.477s] Level 1:colcon.colcon_core.package_identification:_identify(.) by extension 'ignore'
[0.477s] Level 1:colcon.colcon_core.package_identification:_identify(.) by extension 'ignore_ament_install'
[0.477s] Level 1:colcon.colcon_core.package_identification:_identify(.) by extensions ['colcon_pkg']
[0.477s] Level 1:colcon.colcon_core.package_identification:_identify(.) by extension 'colcon_pkg'
[0.477s] Level 1:colcon.colcon_core.package_identification:_identify(.) by extensions ['colcon_meta']
[0.477s] Level 1:colcon.colcon_core.package_identification:_identify(.) by extension 'colcon_meta'
[0.477s] Level 1:colcon.colcon_core.package_identification:_identify(.) by extensions ['ros']
[0.477s] Level 1:colcon.colcon_core.package_identification:_identify(.) by extension 'ros'
[0.483s] Level 1:colcon.colcon_core.package_identification:_identify(.) by extensions ['cmake', 'python']
[0.483s] Level 1:colcon.colcon_core.package_identification:_identify(.) by extension 'cmake'
[0.483s] Level 1:colcon.colcon_core.package_identification:_identify(.) by extension 'python'
[0.483s] Level 1:colcon.colcon_core.package_identification:_identify(.) by extensions ['python_setup_py']
[0.483s] Level 1:colcon.colcon_core.package_identification:_identify(.) by extension 'python_setup_py'
[0.483s] Level 1:colcon.colcon_core.package_identification:_identify(build) by extensions ['ignore', 'ignore_ament_install']
[0.483s] Level 1:colcon.colcon_core.package_identification:_identify(build) by extension 'ignore'
[0.483s] Level 1:colcon.colcon_core.package_identification:_identify(build) ignored
[0.483s] Level 1:colcon.colcon_core.package_identification:_identify(install) by extensions ['ignore', 'ignore_ament_install']
[0.483s] Level 1:colcon.colcon_core.package_identification:_identify(install) by extension 'ignore'
[0.483s] Level 1:colcon.colcon_core.package_identification:_identify(install) ignored
[0.483s] Level 1:colcon.colcon_core.package_identification:_identify(log) by extensions ['ignore', 'ignore_ament_install']
[0.483s] Level 1:colcon.colcon_core.package_identification:_identify(log) by extension 'ignore'
[0.483s] Level 1:colcon.colcon_core.package_identification:_identify(log) ignored
[0.483s] Level 1:colcon.colcon_core.package_identification:_identify(src) by extensions ['ignore', 'ignore_ament_install']
[0.483s] Level 1:colcon.colcon_core.package_identification:_identify(src) by extension 'ignore'
[0.483s] Level 1:colcon.colcon_core.package_identification:_identify(src) by extension 'ignore_ament_install'
[0.483s] Level 1:colcon.colcon_core.package_identification:_identify(src) by extensions ['colcon_pkg']
[0.483s] Level 1:colcon.colcon_core.package_identification:_identify(src) by extension 'colcon_pkg'
[0.483s] Level 1:colcon.colcon_core.package_identification:_identify(src) by extensions ['colcon_meta']
[0.483s] Level 1:colcon.colcon_core.package_identification:_identify(src) by extension 'colcon_meta'
[0.483s] Level 1:colcon.colcon_core.package_identification:_identify(src) by extensions ['ros']
[0.483s] Level 1:colcon.colcon_core.package_identification:_identify(src) by extension 'ros'
[0.483s] Level 1:colcon.colcon_core.package_identification:_identify(src) by extensions ['cmake', 'python']
[0.483s] Level 1:colcon.colcon_core.package_identification:_identify(src) by extension 'cmake'
[0.483s] Level 1:colcon.colcon_core.package_identification:_identify(src) by extension 'python'
[0.483s] Level 1:colcon.colcon_core.package_identification:_identify(src) by extensions ['python_setup_py']
[0.483s] Level 1:colcon.colcon_core.package_identification:_identify(src) by extension 'python_setup_py'
[0.483s] Level 1:colcon.colcon_core.package_identification:_identify(src/All_Topic) by extensions ['ignore', 'ignore_ament_install']
[0.483s] Level 1:colcon.colcon_core.package_identification:_identify(src/All_Topic) by extension 'ignore'
[0.483s] Level 1:colcon.colcon_core.package_identification:_identify(src/All_Topic) by extension 'ignore_ament_install'
[0.483s] Level 1:colcon.colcon_core.package_identification:_identify(src/All_Topic) by extensions ['colcon_pkg']
[0.483s] Level 1:colcon.colcon_core.package_identification:_identify(src/All_Topic) by extension 'colcon_pkg'
[0.484s] Level 1:colcon.colcon_core.package_identification:_identify(src/All_Topic) by extensions ['colcon_meta']
[0.484s] Level 1:colcon.colcon_core.package_identification:_identify(src/All_Topic) by extension 'colcon_meta'
[0.484s] Level 1:colcon.colcon_core.package_identification:_identify(src/All_Topic) by extensions ['ros']
[0.484s] Level 1:colcon.colcon_core.package_identification:_identify(src/All_Topic) by extension 'ros'
[0.484s] Level 1:colcon.colcon_core.package_identification:_identify(src/All_Topic) by extensions ['cmake', 'python']
[0.484s] Level 1:colcon.colcon_core.package_identification:_identify(src/All_Topic) by extension 'cmake'
[0.484s] Level 1:colcon.colcon_core.package_identification:_identify(src/All_Topic) by extension 'python'
[0.484s] Level 1:colcon.colcon_core.package_identification:_identify(src/All_Topic) by extensions ['python_setup_py']
[0.484s] Level 1:colcon.colcon_core.package_identification:_identify(src/All_Topic) by extension 'python_setup_py'
[0.484s] Level 1:colcon.colcon_core.package_identification:_identify(src/Get_Camera_Img) by extensions ['ignore', 'ignore_ament_install']
[0.484s] Level 1:colcon.colcon_core.package_identification:_identify(src/Get_Camera_Img) by extension 'ignore'
[0.484s] Level 1:colcon.colcon_core.package_identification:_identify(src/Get_Camera_Img) by extension 'ignore_ament_install'
[0.484s] Level 1:colcon.colcon_core.package_identification:_identify(src/Get_Camera_Img) by extensions ['colcon_pkg']
[0.484s] Level 1:colcon.colcon_core.package_identification:_identify(src/Get_Camera_Img) by extension 'colcon_pkg'
[0.484s] Level 1:colcon.colcon_core.package_identification:_identify(src/Get_Camera_Img) by extensions ['colcon_meta']
[0.484s] Level 1:colcon.colcon_core.package_identification:_identify(src/Get_Camera_Img) by extension 'colcon_meta'
[0.484s] Level 1:colcon.colcon_core.package_identification:_identify(src/Get_Camera_Img) by extensions ['ros']
[0.484s] Level 1:colcon.colcon_core.package_identification:_identify(src/Get_Camera_Img) by extension 'ros'
[0.485s] DEBUG:colcon.colcon_core.package_identification:Package 'src/Get_Camera_Img' with type 'ros.ament_cmake' and name 'Get_Camera_Img'
[0.485s] Level 1:colcon.colcon_core.package_identification:_identify(src/Img_Handle) by extensions ['ignore', 'ignore_ament_install']
[0.485s] Level 1:colcon.colcon_core.package_identification:_identify(src/Img_Handle) by extension 'ignore'
[0.486s] Level 1:colcon.colcon_core.package_identification:_identify(src/Img_Handle) by extension 'ignore_ament_install'
[0.486s] Level 1:colcon.colcon_core.package_identification:_identify(src/Img_Handle) by extensions ['colcon_pkg']
[0.486s] Level 1:colcon.colcon_core.package_identification:_identify(src/Img_Handle) by extension 'colcon_pkg'
[0.486s] Level 1:colcon.colcon_core.package_identification:_identify(src/Img_Handle) by extensions ['colcon_meta']
[0.486s] Level 1:colcon.colcon_core.package_identification:_identify(src/Img_Handle) by extension 'colcon_meta'
[0.486s] Level 1:colcon.colcon_core.package_identification:_identify(src/Img_Handle) by extensions ['ros']
[0.486s] Level 1:colcon.colcon_core.package_identification:_identify(src/Img_Handle) by extension 'ros'
[0.486s] DEBUG:colcon.colcon_core.package_identification:Package 'src/Img_Handle' with type 'ros.ament_cmake' and name 'Img_Handle'
[0.486s] Level 1:colcon.colcon_core.package_identification:_identify(src/Yolo_Handle) by extensions ['ignore', 'ignore_ament_install']
[0.486s] Level 1:colcon.colcon_core.package_identification:_identify(src/Yolo_Handle) by extension 'ignore'
[0.486s] Level 1:colcon.colcon_core.package_identification:_identify(src/Yolo_Handle) by extension 'ignore_ament_install'
[0.486s] Level 1:colcon.colcon_core.package_identification:_identify(src/Yolo_Handle) by extensions ['colcon_pkg']
[0.486s] Level 1:colcon.colcon_core.package_identification:_identify(src/Yolo_Handle) by extension 'colcon_pkg'
[0.486s] Level 1:colcon.colcon_core.package_identification:_identify(src/Yolo_Handle) by extensions ['colcon_meta']
[0.486s] Level 1:colcon.colcon_core.package_identification:_identify(src/Yolo_Handle) by extension 'colcon_meta'
[0.486s] Level 1:colcon.colcon_core.package_identification:_identify(src/Yolo_Handle) by extensions ['ros']
[0.486s] Level 1:colcon.colcon_core.package_identification:_identify(src/Yolo_Handle) by extension 'ros'
[0.487s] DEBUG:colcon.colcon_core.package_identification:Package 'src/Yolo_Handle' with type 'ros.ament_cmake' and name 'Yolo_Handle'
[0.487s] Level 1:colcon.colcon_core.package_identification:_identify(src/build) by extensions ['ignore', 'ignore_ament_install']
[0.487s] Level 1:colcon.colcon_core.package_identification:_identify(src/build) by extension 'ignore'
[0.487s] Level 1:colcon.colcon_core.package_identification:_identify(src/build) ignored
[0.487s] Level 1:colcon.colcon_core.package_identification:_identify(src/install) by extensions ['ignore', 'ignore_ament_install']
[0.487s] Level 1:colcon.colcon_core.package_identification:_identify(src/install) by extension 'ignore'
[0.487s] Level 1:colcon.colcon_core.package_identification:_identify(src/install) ignored
[0.487s] Level 1:colcon.colcon_core.package_identification:_identify(src/log) by extensions ['ignore', 'ignore_ament_install']
[0.487s] Level 1:colcon.colcon_core.package_identification:_identify(src/log) by extension 'ignore'
[0.487s] Level 1:colcon.colcon_core.package_identification:_identify(src/log) ignored
[0.487s] Level 1:colcon.colcon_core.package_identification:_identify(src/my_msgss) by extensions ['ignore', 'ignore_ament_install']
[0.487s] Level 1:colcon.colcon_core.package_identification:_identify(src/my_msgss) by extension 'ignore'
[0.487s] Level 1:colcon.colcon_core.package_identification:_identify(src/my_msgss) by extension 'ignore_ament_install'
[0.487s] Level 1:colcon.colcon_core.package_identification:_identify(src/my_msgss) by extensions ['colcon_pkg']
[0.487s] Level 1:colcon.colcon_core.package_identification:_identify(src/my_msgss) by extension 'colcon_pkg'
[0.487s] Level 1:colcon.colcon_core.package_identification:_identify(src/my_msgss) by extensions ['colcon_meta']
[0.487s] Level 1:colcon.colcon_core.package_identification:_identify(src/my_msgss) by extension 'colcon_meta'
[0.487s] Level 1:colcon.colcon_core.package_identification:_identify(src/my_msgss) by extensions ['ros']
[0.487s] Level 1:colcon.colcon_core.package_identification:_identify(src/my_msgss) by extension 'ros'
[0.487s] DEBUG:colcon.colcon_core.package_identification:Package 'src/my_msgss' with type 'ros.ament_cmake' and name 'my_msgss'
[0.487s] Level 1:colcon.colcon_core.package_discovery:discover_packages(recursive) using defaults
[0.487s] Level 1:colcon.colcon_core.package_discovery:discover_packages(ignore) discover
[0.487s] Level 1:colcon.colcon_core.package_discovery:discover_packages(ignore) using defaults
[0.487s] Level 1:colcon.colcon_core.package_discovery:discover_packages(path) discover
[0.487s] Level 1:colcon.colcon_core.package_discovery:discover_packages(path) using defaults
[0.529s] Level 1:colcon.colcon_core.package_discovery:discover_packages(prefix_path) check parameters
[0.529s] Level 1:colcon.colcon_core.package_discovery:discover_packages(prefix_path) discover
[0.542s] DEBUG:colcon.colcon_installed_package_information.package_discovery:Found 3 installed packages in /home/mechax/ws_livox/install
[0.548s] DEBUG:colcon.colcon_installed_package_information.package_discovery:Found 340 installed packages in /opt/ros/humble
[0.549s] Level 1:colcon.colcon_core.package_discovery:discover_packages(prefix_path) using defaults
[0.594s] Level 5:colcon.colcon_core.verb:set package 'Get_Camera_Img' build argument 'cmake_args' from command line to 'None'
[0.594s] Level 5:colcon.colcon_core.verb:set package 'Get_Camera_Img' build argument 'cmake_target' from command line to 'None'
[0.594s] Level 5:colcon.colcon_core.verb:set package 'Get_Camera_Img' build argument 'cmake_target_skip_unavailable' from command line to 'False'
[0.594s] Level 5:colcon.colcon_core.verb:set package 'Get_Camera_Img' build argument 'cmake_clean_cache' from command line to 'False'
[0.594s] Level 5:colcon.colcon_core.verb:set package 'Get_Camera_Img' build argument 'cmake_clean_first' from command line to 'False'
[0.595s] Level 5:colcon.colcon_core.verb:set package 'Get_Camera_Img' build argument 'cmake_force_configure' from command line to 'False'
[0.595s] Level 5:colcon.colcon_core.verb:set package 'Get_Camera_Img' build argument 'ament_cmake_args' from command line to 'None'
[0.595s] Level 5:colcon.colcon_core.verb:set package 'Get_Camera_Img' build argument 'catkin_cmake_args' from command line to 'None'
[0.595s] Level 5:colcon.colcon_core.verb:set package 'Get_Camera_Img' build argument 'catkin_skip_building_tests' from command line to 'False'
[0.595s] DEBUG:colcon.colcon_core.verb:Building package 'Get_Camera_Img' with the following arguments: {'ament_cmake_args': None, 'build_base': '/home/mechax/zyb/radar_station/build/Get_Camera_Img', 'catkin_cmake_args': None, 'catkin_skip_building_tests': False, 'cmake_args': None, 'cmake_clean_cache': False, 'cmake_clean_first': False, 'cmake_force_configure': False, 'cmake_target': None, 'cmake_target_skip_unavailable': False, 'install_base': '/home/mechax/zyb/radar_station/install/Get_Camera_Img', 'merge_install': False, 'path': '/home/mechax/zyb/radar_station/src/Get_Camera_Img', 'symlink_install': False, 'test_result_base': None}
[0.600s] Level 5:colcon.colcon_core.verb:set package 'Yolo_Handle' build argument 'cmake_args' from command line to 'None'
[0.600s] Level 5:colcon.colcon_core.verb:set package 'Yolo_Handle' build argument 'cmake_target' from command line to 'None'
[0.600s] Level 5:colcon.colcon_core.verb:set package 'Yolo_Handle' build argument 'cmake_target_skip_unavailable' from command line to 'False'
[0.600s] Level 5:colcon.colcon_core.verb:set package 'Yolo_Handle' build argument 'cmake_clean_cache' from command line to 'False'
[0.600s] Level 5:colcon.colcon_core.verb:set package 'Yolo_Handle' build argument 'cmake_clean_first' from command line to 'False'
[0.600s] Level 5:colcon.colcon_core.verb:set package 'Yolo_Handle' build argument 'cmake_force_configure' from command line to 'False'
[0.600s] Level 5:colcon.colcon_core.verb:set package 'Yolo_Handle' build argument 'ament_cmake_args' from command line to 'None'
[0.600s] Level 5:colcon.colcon_core.verb:set package 'Yolo_Handle' build argument 'catkin_cmake_args' from command line to 'None'
[0.600s] Level 5:colcon.colcon_core.verb:set package 'Yolo_Handle' build argument 'catkin_skip_building_tests' from command line to 'False'
[0.600s] DEBUG:colcon.colcon_core.verb:Building package 'Yolo_Handle' with the following arguments: {'ament_cmake_args': None, 'build_base': '/home/mechax/zyb/radar_station/build/Yolo_Handle', 'catkin_cmake_args': None, 'catkin_skip_building_tests': False, 'cmake_args': None, 'cmake_clean_cache': False, 'cmake_clean_first': False, 'cmake_force_configure': False, 'cmake_target': None, 'cmake_target_skip_unavailable': False, 'install_base': '/home/mechax/zyb/radar_station/install/Yolo_Handle', 'merge_install': False, 'path': '/home/mechax/zyb/radar_station/src/Yolo_Handle', 'symlink_install': False, 'test_result_base': None}
[0.606s] Level 5:colcon.colcon_core.verb:set package 'my_msgss' build argument 'cmake_args' from command line to 'None'
[0.606s] Level 5:colcon.colcon_core.verb:set package 'my_msgss' build argument 'cmake_target' from command line to 'None'
[0.606s] Level 5:colcon.colcon_core.verb:set package 'my_msgss' build argument 'cmake_target_skip_unavailable' from command line to 'False'
[0.606s] Level 5:colcon.colcon_core.verb:set package 'my_msgss' build argument 'cmake_clean_cache' from command line to 'False'
[0.606s] Level 5:colcon.colcon_core.verb:set package 'my_msgss' build argument 'cmake_clean_first' from command line to 'False'
[0.606s] Level 5:colcon.colcon_core.verb:set package 'my_msgss' build argument 'cmake_force_configure' from command line to 'False'
[0.606s] Level 5:colcon.colcon_core.verb:set package 'my_msgss' build argument 'ament_cmake_args' from command line to 'None'
[0.606s] Level 5:colcon.colcon_core.verb:set package 'my_msgss' build argument 'catkin_cmake_args' from command line to 'None'
[0.606s] Level 5:colcon.colcon_core.verb:set package 'my_msgss' build argument 'catkin_skip_building_tests' from command line to 'False'
[0.606s] DEBUG:colcon.colcon_core.verb:Building package 'my_msgss' with the following arguments: {'ament_cmake_args': None, 'build_base': '/home/mechax/zyb/radar_station/build/my_msgss', 'catkin_cmake_args': None, 'catkin_skip_building_tests': False, 'cmake_args': None, 'cmake_clean_cache': False, 'cmake_clean_first': False, 'cmake_force_configure': False, 'cmake_target': None, 'cmake_target_skip_unavailable': False, 'install_base': '/home/mechax/zyb/radar_station/install/my_msgss', 'merge_install': False, 'path': '/home/mechax/zyb/radar_station/src/my_msgss', 'symlink_install': False, 'test_result_base': None}
[0.611s] Level 5:colcon.colcon_core.verb:set package 'Img_Handle' build argument 'cmake_args' from command line to 'None'
[0.611s] Level 5:colcon.colcon_core.verb:set package 'Img_Handle' build argument 'cmake_target' from command line to 'None'
[0.611s] Level 5:colcon.colcon_core.verb:set package 'Img_Handle' build argument 'cmake_target_skip_unavailable' from command line to 'False'
[0.611s] Level 5:colcon.colcon_core.verb:set package 'Img_Handle' build argument 'cmake_clean_cache' from command line to 'False'
[0.611s] Level 5:colcon.colcon_core.verb:set package 'Img_Handle' build argument 'cmake_clean_first' from command line to 'False'
[0.611s] Level 5:colcon.colcon_core.verb:set package 'Img_Handle' build argument 'cmake_force_configure' from command line to 'False'
[0.611s] Level 5:colcon.colcon_core.verb:set package 'Img_Handle' build argument 'ament_cmake_args' from command line to 'None'
[0.611s] Level 5:colcon.colcon_core.verb:set package 'Img_Handle' build argument 'catkin_cmake_args' from command line to 'None'
[0.612s] Level 5:colcon.colcon_core.verb:set package 'Img_Handle' build argument 'catkin_skip_building_tests' from command line to 'False'
[0.612s] DEBUG:colcon.colcon_core.verb:Building package 'Img_Handle' with the following arguments: {'ament_cmake_args': None, 'build_base': '/home/mechax/zyb/radar_station/build/Img_Handle', 'catkin_cmake_args': None, 'catkin_skip_building_tests': False, 'cmake_args': None, 'cmake_clean_cache': False, 'cmake_clean_first': False, 'cmake_force_configure': False, 'cmake_target': None, 'cmake_target_skip_unavailable': False, 'install_base': '/home/mechax/zyb/radar_station/install/Img_Handle', 'merge_install': False, 'path': '/home/mechax/zyb/radar_station/src/Img_Handle', 'symlink_install': False, 'test_result_base': None}
[0.617s] INFO:colcon.colcon_core.executor:Executing jobs using 'parallel' executor
[0.623s] DEBUG:colcon.colcon_parallel_executor.executor.parallel:run_until_complete
[0.624s] INFO:colcon.colcon_ros.task.ament_cmake.build:Building ROS package in '/home/mechax/zyb/radar_station/src/my_msgss' with build type 'ament_cmake'
[0.624s] INFO:colcon.colcon_cmake.task.cmake.build:Building CMake package in '/home/mechax/zyb/radar_station/src/my_msgss'
[0.631s] INFO:colcon.colcon_core.plugin_system:Skipping extension 'colcon_core.shell.bat': Not used on non-Windows systems
[0.631s] INFO:colcon.colcon_core.shell:Skip shell extension 'powershell' for command environment: Not usable outside of PowerShell
[0.631s] DEBUG:colcon.colcon_core.shell:Skip shell extension 'dsv' for command environment
[0.654s] INFO:colcon.colcon_ros.task.ament_cmake.build:Building ROS package in '/home/mechax/zyb/radar_station/src/Get_Camera_Img' with build type 'ament_cmake'
[0.654s] INFO:colcon.colcon_cmake.task.cmake.build:Building CMake package in '/home/mechax/zyb/radar_station/src/Get_Camera_Img'
[0.661s] INFO:colcon.colcon_core.shell:Skip shell extension 'powershell' for command environment: Not usable outside of PowerShell
[0.661s] DEBUG:colcon.colcon_core.shell:Skip shell extension 'dsv' for command environment
[0.680s] INFO:colcon.colcon_ros.task.ament_cmake.build:Building ROS package in '/home/mechax/zyb/radar_station/src/Yolo_Handle' with build type 'ament_cmake'
[0.680s] INFO:colcon.colcon_cmake.task.cmake.build:Building CMake package in '/home/mechax/zyb/radar_station/src/Yolo_Handle'
[0.687s] INFO:colcon.colcon_core.shell:Skip shell extension 'powershell' for command environment: Not usable outside of PowerShell
[0.687s] DEBUG:colcon.colcon_core.shell:Skip shell extension 'dsv' for command environment
[0.709s] DEBUG:colcon.colcon_core.event_handler.log_command:Invoking command in '/home/mechax/zyb/radar_station/build/my_msgss': CMAKE_PREFIX_PATH=${CMAKE_PREFIX_PATH}:/opt/ros/humble /usr/bin/cmake --build /home/mechax/zyb/radar_station/build/my_msgss -- -j16 -l16
[0.713s] DEBUG:colcon.colcon_core.event_handler.log_command:Invoking command in '/home/mechax/zyb/radar_station/build/Get_Camera_Img': CMAKE_PREFIX_PATH=${CMAKE_PREFIX_PATH}:/opt/ros/humble /usr/bin/cmake --build /home/mechax/zyb/radar_station/build/Get_Camera_Img -- -j16 -l16
[0.717s] DEBUG:colcon.colcon_core.event_handler.log_command:Invoking command in '/home/mechax/zyb/radar_station/build/Yolo_Handle': CMAKE_PREFIX_PATH=${CMAKE_PREFIX_PATH}:/opt/ros/humble /usr/bin/cmake --build /home/mechax/zyb/radar_station/build/Yolo_Handle -- -j16 -l16
[0.743s] DEBUG:colcon.colcon_core.event_handler.log_command:Invoked command in '/home/mechax/zyb/radar_station/build/Yolo_Handle' returned '0': CMAKE_PREFIX_PATH=${CMAKE_PREFIX_PATH}:/opt/ros/humble /usr/bin/cmake --build /home/mechax/zyb/radar_station/build/Yolo_Handle -- -j16 -l16
[0.770s] DEBUG:colcon.colcon_core.event_handler.log_command:Invoking command in '/home/mechax/zyb/radar_station/build/Yolo_Handle': CMAKE_PREFIX_PATH=${CMAKE_PREFIX_PATH}:/opt/ros/humble /usr/bin/cmake --install /home/mechax/zyb/radar_station/build/Yolo_Handle
[0.773s] DEBUG:colcon.colcon_core.event_handler.log_command:Invoked command in '/home/mechax/zyb/radar_station/build/Get_Camera_Img' returned '0': CMAKE_PREFIX_PATH=${CMAKE_PREFIX_PATH}:/opt/ros/humble /usr/bin/cmake --build /home/mechax/zyb/radar_station/build/Get_Camera_Img -- -j16 -l16
[0.777s] Level 1:colcon.colcon_core.environment:create_environment_scripts_only(Yolo_Handle)
[0.777s] DEBUG:colcon.colcon_core.event_handler.log_command:Invoked command in '/home/mechax/zyb/radar_station/build/Yolo_Handle' returned '0': CMAKE_PREFIX_PATH=${CMAKE_PREFIX_PATH}:/opt/ros/humble /usr/bin/cmake --install /home/mechax/zyb/radar_station/build/Yolo_Handle
[0.801s] Level 1:colcon.colcon_core.environment:checking '/home/mechax/zyb/radar_station/install/Yolo_Handle' for CMake module files
[0.801s] Level 1:colcon.colcon_core.environment:checking '/home/mechax/zyb/radar_station/install/Yolo_Handle' for CMake config files
[0.801s] Level 1:colcon.colcon_core.shell:create_environment_hook('Yolo_Handle', 'cmake_prefix_path')
[0.808s] INFO:colcon.colcon_core.shell:Creating environment hook '/home/mechax/zyb/radar_station/install/Yolo_Handle/share/Yolo_Handle/hook/cmake_prefix_path.ps1'
[0.808s] INFO:colcon.colcon_core.shell:Creating environment descriptor '/home/mechax/zyb/radar_station/install/Yolo_Handle/share/Yolo_Handle/hook/cmake_prefix_path.dsv'
[0.808s] INFO:colcon.colcon_core.shell:Creating environment hook '/home/mechax/zyb/radar_station/install/Yolo_Handle/share/Yolo_Handle/hook/cmake_prefix_path.sh'
[0.810s] Level 1:colcon.colcon_core.environment:checking '/home/mechax/zyb/radar_station/install/Yolo_Handle/bin'
[0.810s] Level 1:colcon.colcon_core.environment:checking '/home/mechax/zyb/radar_station/install/Yolo_Handle/lib/pkgconfig/Yolo_Handle.pc'
[0.810s] Level 1:colcon.colcon_core.environment:checking '/home/mechax/zyb/radar_station/install/Yolo_Handle/lib/python3.10/site-packages'
[0.810s] Level 1:colcon.colcon_core.environment:checking '/home/mechax/zyb/radar_station/install/Yolo_Handle/bin'
[0.826s] INFO:colcon.colcon_core.shell:Creating package script '/home/mechax/zyb/radar_station/install/Yolo_Handle/share/Yolo_Handle/package.ps1'
[0.826s] INFO:colcon.colcon_core.shell:Creating package descriptor '/home/mechax/zyb/radar_station/install/Yolo_Handle/share/Yolo_Handle/package.dsv'
[0.827s] INFO:colcon.colcon_core.shell:Creating package script '/home/mechax/zyb/radar_station/install/Yolo_Handle/share/Yolo_Handle/package.sh'
[0.827s] INFO:colcon.colcon_core.shell:Creating package script '/home/mechax/zyb/radar_station/install/Yolo_Handle/share/Yolo_Handle/package.bash'
[0.827s] INFO:colcon.colcon_core.shell:Creating package script '/home/mechax/zyb/radar_station/install/Yolo_Handle/share/Yolo_Handle/package.zsh'
[0.828s] Level 1:colcon.colcon_core.environment:create_file_with_runtime_dependencies(/home/mechax/zyb/radar_station/install/Yolo_Handle/share/colcon-core/packages/Yolo_Handle)
[0.830s] DEBUG:colcon.colcon_core.event_handler.log_command:Invoking command in '/home/mechax/zyb/radar_station/build/Get_Camera_Img': CMAKE_PREFIX_PATH=${CMAKE_PREFIX_PATH}:/opt/ros/humble /usr/bin/cmake --install /home/mechax/zyb/radar_station/build/Get_Camera_Img
[0.839s] Level 1:colcon.colcon_core.environment:create_environment_scripts_only(Get_Camera_Img)
[0.840s] DEBUG:colcon.colcon_core.event_handler.log_command:Invoked command in '/home/mechax/zyb/radar_station/build/Get_Camera_Img' returned '0': CMAKE_PREFIX_PATH=${CMAKE_PREFIX_PATH}:/opt/ros/humble /usr/bin/cmake --install /home/mechax/zyb/radar_station/build/Get_Camera_Img
[0.847s] Level 1:colcon.colcon_core.environment:checking '/home/mechax/zyb/radar_station/install/Get_Camera_Img' for CMake module files
[0.847s] Level 1:colcon.colcon_core.environment:checking '/home/mechax/zyb/radar_station/install/Get_Camera_Img' for CMake config files
[0.847s] Level 1:colcon.colcon_core.shell:create_environment_hook('Get_Camera_Img', 'cmake_prefix_path')
[0.853s] INFO:colcon.colcon_core.shell:Creating environment hook '/home/mechax/zyb/radar_station/install/Get_Camera_Img/share/Get_Camera_Img/hook/cmake_prefix_path.ps1'
[0.854s] INFO:colcon.colcon_core.shell:Creating environment descriptor '/home/mechax/zyb/radar_station/install/Get_Camera_Img/share/Get_Camera_Img/hook/cmake_prefix_path.dsv'
[0.854s] INFO:colcon.colcon_core.shell:Creating environment hook '/home/mechax/zyb/radar_station/install/Get_Camera_Img/share/Get_Camera_Img/hook/cmake_prefix_path.sh'
[0.854s] Level 1:colcon.colcon_core.environment:checking '/home/mechax/zyb/radar_station/install/Get_Camera_Img/lib'
[0.854s] Level 1:colcon.colcon_core.environment:checking '/home/mechax/zyb/radar_station/install/Get_Camera_Img/bin'
[0.854s] Level 1:colcon.colcon_core.environment:checking '/home/mechax/zyb/radar_station/install/Get_Camera_Img/lib/pkgconfig/Get_Camera_Img.pc'
[0.854s] Level 1:colcon.colcon_core.environment:checking '/home/mechax/zyb/radar_station/install/Get_Camera_Img/lib/python3.10/site-packages'
[0.854s] Level 1:colcon.colcon_core.environment:checking '/home/mechax/zyb/radar_station/install/Get_Camera_Img/bin'
[0.861s] INFO:colcon.colcon_core.shell:Creating package script '/home/mechax/zyb/radar_station/install/Get_Camera_Img/share/Get_Camera_Img/package.ps1'
[0.861s] INFO:colcon.colcon_core.shell:Creating package descriptor '/home/mechax/zyb/radar_station/install/Get_Camera_Img/share/Get_Camera_Img/package.dsv'
[0.861s] INFO:colcon.colcon_core.shell:Creating package script '/home/mechax/zyb/radar_station/install/Get_Camera_Img/share/Get_Camera_Img/package.sh'
[0.861s] INFO:colcon.colcon_core.shell:Creating package script '/home/mechax/zyb/radar_station/install/Get_Camera_Img/share/Get_Camera_Img/package.bash'
[0.862s] INFO:colcon.colcon_core.shell:Creating package script '/home/mechax/zyb/radar_station/install/Get_Camera_Img/share/Get_Camera_Img/package.zsh'
[0.862s] Level 1:colcon.colcon_core.environment:create_file_with_runtime_dependencies(/home/mechax/zyb/radar_station/install/Get_Camera_Img/share/colcon-core/packages/Get_Camera_Img)
[0.870s] Level 1:colcon.colcon_core.environment:create_environment_scripts_only(Yolo_Handle)
[0.876s] Level 1:colcon.colcon_core.environment:checking '/home/mechax/zyb/radar_station/install/Yolo_Handle' for CMake module files
[0.877s] Level 1:colcon.colcon_core.environment:checking '/home/mechax/zyb/radar_station/install/Yolo_Handle' for CMake config files
[0.877s] Level 1:colcon.colcon_core.shell:create_environment_hook('Yolo_Handle', 'cmake_prefix_path')
[0.883s] INFO:colcon.colcon_core.shell:Creating environment hook '/home/mechax/zyb/radar_station/install/Yolo_Handle/share/Yolo_Handle/hook/cmake_prefix_path.ps1'
[0.884s] INFO:colcon.colcon_core.shell:Creating environment descriptor '/home/mechax/zyb/radar_station/install/Yolo_Handle/share/Yolo_Handle/hook/cmake_prefix_path.dsv'
[0.884s] INFO:colcon.colcon_core.shell:Creating environment hook '/home/mechax/zyb/radar_station/install/Yolo_Handle/share/Yolo_Handle/hook/cmake_prefix_path.sh'
[0.884s] Level 1:colcon.colcon_core.environment:checking '/home/mechax/zyb/radar_station/install/Yolo_Handle/bin'
[0.884s] Level 1:colcon.colcon_core.environment:checking '/home/mechax/zyb/radar_station/install/Yolo_Handle/lib/pkgconfig/Yolo_Handle.pc'
[0.884s] Level 1:colcon.colcon_core.environment:checking '/home/mechax/zyb/radar_station/install/Yolo_Handle/lib/python3.10/site-packages'
[0.884s] Level 1:colcon.colcon_core.environment:checking '/home/mechax/zyb/radar_station/install/Yolo_Handle/bin'
[0.892s] INFO:colcon.colcon_core.shell:Creating package script '/home/mechax/zyb/radar_station/install/Yolo_Handle/share/Yolo_Handle/package.ps1'
[0.893s] INFO:colcon.colcon_core.shell:Creating package descriptor '/home/mechax/zyb/radar_station/install/Yolo_Handle/share/Yolo_Handle/package.dsv'
[0.893s] INFO:colcon.colcon_core.shell:Creating package script '/home/mechax/zyb/radar_station/install/Yolo_Handle/share/Yolo_Handle/package.sh'
[0.894s] INFO:colcon.colcon_core.shell:Creating package script '/home/mechax/zyb/radar_station/install/Yolo_Handle/share/Yolo_Handle/package.bash'
[0.894s] INFO:colcon.colcon_core.shell:Creating package script '/home/mechax/zyb/radar_station/install/Yolo_Handle/share/Yolo_Handle/package.zsh'
[0.895s] Level 1:colcon.colcon_core.environment:create_file_with_runtime_dependencies(/home/mechax/zyb/radar_station/install/Yolo_Handle/share/colcon-core/packages/Yolo_Handle)
[0.903s] Level 1:colcon.colcon_core.environment:create_environment_scripts_only(Get_Camera_Img)
[0.910s] Level 1:colcon.colcon_core.environment:checking '/home/mechax/zyb/radar_station/install/Get_Camera_Img' for CMake module files
[0.910s] Level 1:colcon.colcon_core.environment:checking '/home/mechax/zyb/radar_station/install/Get_Camera_Img' for CMake config files
[0.910s] Level 1:colcon.colcon_core.shell:create_environment_hook('Get_Camera_Img', 'cmake_prefix_path')
[0.918s] INFO:colcon.colcon_core.shell:Creating environment hook '/home/mechax/zyb/radar_station/install/Get_Camera_Img/share/Get_Camera_Img/hook/cmake_prefix_path.ps1'
[0.918s] INFO:colcon.colcon_core.shell:Creating environment descriptor '/home/mechax/zyb/radar_station/install/Get_Camera_Img/share/Get_Camera_Img/hook/cmake_prefix_path.dsv'
[0.918s] INFO:colcon.colcon_core.shell:Creating environment hook '/home/mechax/zyb/radar_station/install/Get_Camera_Img/share/Get_Camera_Img/hook/cmake_prefix_path.sh'
[0.919s] Level 1:colcon.colcon_core.environment:checking '/home/mechax/zyb/radar_station/install/Get_Camera_Img/lib'
[0.919s] Level 1:colcon.colcon_core.environment:checking '/home/mechax/zyb/radar_station/install/Get_Camera_Img/bin'
[0.919s] Level 1:colcon.colcon_core.environment:checking '/home/mechax/zyb/radar_station/install/Get_Camera_Img/lib/pkgconfig/Get_Camera_Img.pc'
[0.919s] Level 1:colcon.colcon_core.environment:checking '/home/mechax/zyb/radar_station/install/Get_Camera_Img/lib/python3.10/site-packages'
[0.919s] Level 1:colcon.colcon_core.environment:checking '/home/mechax/zyb/radar_station/install/Get_Camera_Img/bin'
[0.926s] INFO:colcon.colcon_core.shell:Creating package script '/home/mechax/zyb/radar_station/install/Get_Camera_Img/share/Get_Camera_Img/package.ps1'
[0.926s] INFO:colcon.colcon_core.shell:Creating package descriptor '/home/mechax/zyb/radar_station/install/Get_Camera_Img/share/Get_Camera_Img/package.dsv'
[0.926s] INFO:colcon.colcon_core.shell:Creating package script '/home/mechax/zyb/radar_station/install/Get_Camera_Img/share/Get_Camera_Img/package.sh'
[0.927s] INFO:colcon.colcon_core.shell:Creating package script '/home/mechax/zyb/radar_station/install/Get_Camera_Img/share/Get_Camera_Img/package.bash'
[0.927s] INFO:colcon.colcon_core.shell:Creating package script '/home/mechax/zyb/radar_station/install/Get_Camera_Img/share/Get_Camera_Img/package.zsh'
[0.927s] Level 1:colcon.colcon_core.environment:create_file_with_runtime_dependencies(/home/mechax/zyb/radar_station/install/Get_Camera_Img/share/colcon-core/packages/Get_Camera_Img)
[0.929s] DEBUG:colcon.colcon_core.event_handler.log_command:Invoked command in '/home/mechax/zyb/radar_station/build/my_msgss' returned '0': CMAKE_PREFIX_PATH=${CMAKE_PREFIX_PATH}:/opt/ros/humble /usr/bin/cmake --build /home/mechax/zyb/radar_station/build/my_msgss -- -j16 -l16
[0.970s] DEBUG:colcon.colcon_core.event_handler.log_command:Invoking command in '/home/mechax/zyb/radar_station/build/my_msgss': CMAKE_PREFIX_PATH=${CMAKE_PREFIX_PATH}:/opt/ros/humble /usr/bin/cmake --install /home/mechax/zyb/radar_station/build/my_msgss
[1.003s] Level 1:colcon.colcon_core.environment:create_environment_scripts_only(my_msgss)
[1.003s] DEBUG:colcon.colcon_core.event_handler.log_command:Invoked command in '/home/mechax/zyb/radar_station/build/my_msgss' returned '0': CMAKE_PREFIX_PATH=${CMAKE_PREFIX_PATH}:/opt/ros/humble /usr/bin/cmake --install /home/mechax/zyb/radar_station/build/my_msgss
[1.011s] Level 1:colcon.colcon_core.environment:checking '/home/mechax/zyb/radar_station/install/my_msgss' for CMake module files
[1.011s] Level 1:colcon.colcon_core.environment:checking '/home/mechax/zyb/radar_station/install/my_msgss' for CMake config files
[1.012s] Level 1:colcon.colcon_core.shell:create_environment_hook('my_msgss', 'cmake_prefix_path')
[1.018s] INFO:colcon.colcon_core.shell:Creating environment hook '/home/mechax/zyb/radar_station/install/my_msgss/share/my_msgss/hook/cmake_prefix_path.ps1'
[1.018s] INFO:colcon.colcon_core.shell:Creating environment descriptor '/home/mechax/zyb/radar_station/install/my_msgss/share/my_msgss/hook/cmake_prefix_path.dsv'
[1.018s] INFO:colcon.colcon_core.shell:Creating environment hook '/home/mechax/zyb/radar_station/install/my_msgss/share/my_msgss/hook/cmake_prefix_path.sh'
[1.018s] Level 1:colcon.colcon_core.environment:checking '/home/mechax/zyb/radar_station/install/my_msgss/lib'
[1.018s] Level 1:colcon.colcon_core.shell:create_environment_hook('my_msgss', 'ld_library_path_lib')
[1.024s] INFO:colcon.colcon_core.shell:Creating environment hook '/home/mechax/zyb/radar_station/install/my_msgss/share/my_msgss/hook/ld_library_path_lib.ps1'
[1.025s] INFO:colcon.colcon_core.shell:Creating environment descriptor '/home/mechax/zyb/radar_station/install/my_msgss/share/my_msgss/hook/ld_library_path_lib.dsv'
[1.025s] INFO:colcon.colcon_core.shell:Creating environment hook '/home/mechax/zyb/radar_station/install/my_msgss/share/my_msgss/hook/ld_library_path_lib.sh'
[1.025s] Level 1:colcon.colcon_core.environment:checking '/home/mechax/zyb/radar_station/install/my_msgss/bin'
[1.025s] Level 1:colcon.colcon_core.environment:checking '/home/mechax/zyb/radar_station/install/my_msgss/lib/pkgconfig/my_msgss.pc'
[1.026s] Level 1:colcon.colcon_core.environment:checking '/home/mechax/zyb/radar_station/install/my_msgss/lib/python3.10/site-packages'
[1.026s] Level 1:colcon.colcon_core.environment:checking '/home/mechax/zyb/radar_station/install/my_msgss/bin'
[1.032s] INFO:colcon.colcon_core.shell:Creating package script '/home/mechax/zyb/radar_station/install/my_msgss/share/my_msgss/package.ps1'
[1.032s] INFO:colcon.colcon_core.shell:Creating package descriptor '/home/mechax/zyb/radar_station/install/my_msgss/share/my_msgss/package.dsv'
[1.033s] INFO:colcon.colcon_core.shell:Creating package script '/home/mechax/zyb/radar_station/install/my_msgss/share/my_msgss/package.sh'
[1.033s] INFO:colcon.colcon_core.shell:Creating package script '/home/mechax/zyb/radar_station/install/my_msgss/share/my_msgss/package.bash'
[1.033s] INFO:colcon.colcon_core.shell:Creating package script '/home/mechax/zyb/radar_station/install/my_msgss/share/my_msgss/package.zsh'
[1.033s] Level 1:colcon.colcon_core.environment:create_file_with_runtime_dependencies(/home/mechax/zyb/radar_station/install/my_msgss/share/colcon-core/packages/my_msgss)
[1.079s] Level 1:colcon.colcon_core.environment:create_environment_scripts_only(my_msgss)
[1.085s] Level 1:colcon.colcon_core.environment:checking '/home/mechax/zyb/radar_station/install/my_msgss' for CMake module files
[1.085s] Level 1:colcon.colcon_core.environment:checking '/home/mechax/zyb/radar_station/install/my_msgss' for CMake config files
[1.086s] Level 1:colcon.colcon_core.shell:create_environment_hook('my_msgss', 'cmake_prefix_path')
[1.092s] INFO:colcon.colcon_core.shell:Creating environment hook '/home/mechax/zyb/radar_station/install/my_msgss/share/my_msgss/hook/cmake_prefix_path.ps1'
[1.092s] INFO:colcon.colcon_core.shell:Creating environment descriptor '/home/mechax/zyb/radar_station/install/my_msgss/share/my_msgss/hook/cmake_prefix_path.dsv'
[1.092s] INFO:colcon.colcon_core.shell:Creating environment hook '/home/mechax/zyb/radar_station/install/my_msgss/share/my_msgss/hook/cmake_prefix_path.sh'
[1.092s] Level 1:colcon.colcon_core.environment:checking '/home/mechax/zyb/radar_station/install/my_msgss/lib'
[1.092s] Level 1:colcon.colcon_core.shell:create_environment_hook('my_msgss', 'ld_library_path_lib')
[1.099s] INFO:colcon.colcon_core.shell:Creating environment hook '/home/mechax/zyb/radar_station/install/my_msgss/share/my_msgss/hook/ld_library_path_lib.ps1'
[1.100s] INFO:colcon.colcon_core.shell:Creating environment descriptor '/home/mechax/zyb/radar_station/install/my_msgss/share/my_msgss/hook/ld_library_path_lib.dsv'
[1.100s] INFO:colcon.colcon_core.shell:Creating environment hook '/home/mechax/zyb/radar_station/install/my_msgss/share/my_msgss/hook/ld_library_path_lib.sh'
[1.100s] Level 1:colcon.colcon_core.environment:checking '/home/mechax/zyb/radar_station/install/my_msgss/bin'
[1.100s] Level 1:colcon.colcon_core.environment:checking '/home/mechax/zyb/radar_station/install/my_msgss/lib/pkgconfig/my_msgss.pc'
[1.100s] Level 1:colcon.colcon_core.environment:checking '/home/mechax/zyb/radar_station/install/my_msgss/lib/python3.10/site-packages'
[1.100s] Level 1:colcon.colcon_core.environment:checking '/home/mechax/zyb/radar_station/install/my_msgss/bin'
[1.106s] INFO:colcon.colcon_core.shell:Creating package script '/home/mechax/zyb/radar_station/install/my_msgss/share/my_msgss/package.ps1'
[1.106s] INFO:colcon.colcon_core.shell:Creating package descriptor '/home/mechax/zyb/radar_station/install/my_msgss/share/my_msgss/package.dsv'
[1.107s] INFO:colcon.colcon_core.shell:Creating package script '/home/mechax/zyb/radar_station/install/my_msgss/share/my_msgss/package.sh'
[1.107s] INFO:colcon.colcon_core.shell:Creating package script '/home/mechax/zyb/radar_station/install/my_msgss/share/my_msgss/package.bash'
[1.107s] INFO:colcon.colcon_core.shell:Creating package script '/home/mechax/zyb/radar_station/install/my_msgss/share/my_msgss/package.zsh'
[1.107s] Level 1:colcon.colcon_core.environment:create_file_with_runtime_dependencies(/home/mechax/zyb/radar_station/install/my_msgss/share/colcon-core/packages/my_msgss)
[1.107s] INFO:colcon.colcon_ros.task.ament_cmake.build:Building ROS package in '/home/mechax/zyb/radar_station/src/Img_Handle' with build type 'ament_cmake'
[1.107s] INFO:colcon.colcon_cmake.task.cmake.build:Building CMake package in '/home/mechax/zyb/radar_station/src/Img_Handle'
[1.115s] INFO:colcon.colcon_core.shell:Skip shell extension 'powershell' for command environment: Not usable outside of PowerShell
[1.115s] DEBUG:colcon.colcon_core.shell:Skip shell extension 'dsv' for command environment
[1.140s] DEBUG:colcon.colcon_core.event_handler.log_command:Invoking command in '/home/mechax/zyb/radar_station/build/Img_Handle': AMENT_PREFIX_PATH=/home/mechax/zyb/radar_station/install/my_msgss:${AMENT_PREFIX_PATH} CMAKE_PREFIX_PATH=/home/mechax/zyb/radar_station/install/my_msgss:/home/mechax/ws_livox/install/livox_ros2_driver:/home/mechax/ws_livox/install/livox_sdk_vendor:/home/mechax/ws_livox/install/livox_interfaces:/opt/ros/humble LD_LIBRARY_PATH=/home/mechax/zyb/radar_station/install/my_msgss/lib:${LD_LIBRARY_PATH} PYTHONPATH=/home/mechax/zyb/radar_station/install/my_msgss/local/lib/python3.10/dist-packages:${PYTHONPATH} /usr/bin/cmake --build /home/mechax/zyb/radar_station/build/Img_Handle -- -j16 -l16
[7.182s] DEBUG:colcon.colcon_core.event_handler.log_command:Invoked command in '/home/mechax/zyb/radar_station/build/Img_Handle' returned '0': AMENT_PREFIX_PATH=/home/mechax/zyb/radar_station/install/my_msgss:${AMENT_PREFIX_PATH} CMAKE_PREFIX_PATH=/home/mechax/zyb/radar_station/install/my_msgss:/home/mechax/ws_livox/install/livox_ros2_driver:/home/mechax/ws_livox/install/livox_sdk_vendor:/home/mechax/ws_livox/install/livox_interfaces:/opt/ros/humble LD_LIBRARY_PATH=/home/mechax/zyb/radar_station/install/my_msgss/lib:${LD_LIBRARY_PATH} PYTHONPATH=/home/mechax/zyb/radar_station/install/my_msgss/local/lib/python3.10/dist-packages:${PYTHONPATH} /usr/bin/cmake --build /home/mechax/zyb/radar_station/build/Img_Handle -- -j16 -l16
[7.199s] DEBUG:colcon.colcon_core.event_handler.log_command:Invoking command in '/home/mechax/zyb/radar_station/build/Img_Handle': AMENT_PREFIX_PATH=/home/mechax/zyb/radar_station/install/my_msgss:${AMENT_PREFIX_PATH} CMAKE_PREFIX_PATH=/home/mechax/zyb/radar_station/install/my_msgss:/home/mechax/ws_livox/install/livox_ros2_driver:/home/mechax/ws_livox/install/livox_sdk_vendor:/home/mechax/ws_livox/install/livox_interfaces:/opt/ros/humble LD_LIBRARY_PATH=/home/mechax/zyb/radar_station/install/my_msgss/lib:${LD_LIBRARY_PATH} PYTHONPATH=/home/mechax/zyb/radar_station/install/my_msgss/local/lib/python3.10/dist-packages:${PYTHONPATH} /usr/bin/cmake --install /home/mechax/zyb/radar_station/build/Img_Handle
[7.207s] Level 1:colcon.colcon_core.environment:create_environment_scripts_only(Img_Handle)
[7.208s] DEBUG:colcon.colcon_core.event_handler.log_command:Invoked command in '/home/mechax/zyb/radar_station/build/Img_Handle' returned '0': AMENT_PREFIX_PATH=/home/mechax/zyb/radar_station/install/my_msgss:${AMENT_PREFIX_PATH} CMAKE_PREFIX_PATH=/home/mechax/zyb/radar_station/install/my_msgss:/home/mechax/ws_livox/install/livox_ros2_driver:/home/mechax/ws_livox/install/livox_sdk_vendor:/home/mechax/ws_livox/install/livox_interfaces:/opt/ros/humble LD_LIBRARY_PATH=/home/mechax/zyb/radar_station/install/my_msgss/lib:${LD_LIBRARY_PATH} PYTHONPATH=/home/mechax/zyb/radar_station/install/my_msgss/local/lib/python3.10/dist-packages:${PYTHONPATH} /usr/bin/cmake --install /home/mechax/zyb/radar_station/build/Img_Handle
[7.214s] Level 1:colcon.colcon_core.environment:checking '/home/mechax/zyb/radar_station/install/Img_Handle' for CMake module files
[7.214s] Level 1:colcon.colcon_core.environment:checking '/home/mechax/zyb/radar_station/install/Img_Handle' for CMake config files
[7.214s] Level 1:colcon.colcon_core.shell:create_environment_hook('Img_Handle', 'cmake_prefix_path')
[7.220s] INFO:colcon.colcon_core.shell:Creating environment hook '/home/mechax/zyb/radar_station/install/Img_Handle/share/Img_Handle/hook/cmake_prefix_path.ps1'
[7.220s] INFO:colcon.colcon_core.shell:Creating environment descriptor '/home/mechax/zyb/radar_station/install/Img_Handle/share/Img_Handle/hook/cmake_prefix_path.dsv'
[7.220s] INFO:colcon.colcon_core.shell:Creating environment hook '/home/mechax/zyb/radar_station/install/Img_Handle/share/Img_Handle/hook/cmake_prefix_path.sh'
[7.221s] Level 1:colcon.colcon_core.environment:checking '/home/mechax/zyb/radar_station/install/Img_Handle/lib'
[7.221s] Level 1:colcon.colcon_core.environment:checking '/home/mechax/zyb/radar_station/install/Img_Handle/bin'
[7.221s] Level 1:colcon.colcon_core.environment:checking '/home/mechax/zyb/radar_station/install/Img_Handle/lib/pkgconfig/Img_Handle.pc'
[7.221s] Level 1:colcon.colcon_core.environment:checking '/home/mechax/zyb/radar_station/install/Img_Handle/lib/python3.10/site-packages'
[7.221s] Level 1:colcon.colcon_core.environment:checking '/home/mechax/zyb/radar_station/install/Img_Handle/bin'
[7.227s] INFO:colcon.colcon_core.shell:Creating package script '/home/mechax/zyb/radar_station/install/Img_Handle/share/Img_Handle/package.ps1'
[7.227s] INFO:colcon.colcon_core.shell:Creating package descriptor '/home/mechax/zyb/radar_station/install/Img_Handle/share/Img_Handle/package.dsv'
[7.228s] INFO:colcon.colcon_core.shell:Creating package script '/home/mechax/zyb/radar_station/install/Img_Handle/share/Img_Handle/package.sh'
[7.228s] INFO:colcon.colcon_core.shell:Creating package script '/home/mechax/zyb/radar_station/install/Img_Handle/share/Img_Handle/package.bash'
[7.228s] INFO:colcon.colcon_core.shell:Creating package script '/home/mechax/zyb/radar_station/install/Img_Handle/share/Img_Handle/package.zsh'
[7.228s] Level 1:colcon.colcon_core.environment:create_file_with_runtime_dependencies(/home/mechax/zyb/radar_station/install/Img_Handle/share/colcon-core/packages/Img_Handle)
[7.251s] Level 1:colcon.colcon_core.environment:create_environment_scripts_only(Img_Handle)
[7.257s] Level 1:colcon.colcon_core.environment:checking '/home/mechax/zyb/radar_station/install/Img_Handle' for CMake module files
[7.258s] Level 1:colcon.colcon_core.environment:checking '/home/mechax/zyb/radar_station/install/Img_Handle' for CMake config files
[7.258s] Level 1:colcon.colcon_core.shell:create_environment_hook('Img_Handle', 'cmake_prefix_path')
[7.265s] INFO:colcon.colcon_core.shell:Creating environment hook '/home/mechax/zyb/radar_station/install/Img_Handle/share/Img_Handle/hook/cmake_prefix_path.ps1'
[7.265s] INFO:colcon.colcon_core.shell:Creating environment descriptor '/home/mechax/zyb/radar_station/install/Img_Handle/share/Img_Handle/hook/cmake_prefix_path.dsv'
[7.265s] INFO:colcon.colcon_core.shell:Creating environment hook '/home/mechax/zyb/radar_station/install/Img_Handle/share/Img_Handle/hook/cmake_prefix_path.sh'
[7.265s] Level 1:colcon.colcon_core.environment:checking '/home/mechax/zyb/radar_station/install/Img_Handle/lib'
[7.265s] Level 1:colcon.colcon_core.environment:checking '/home/mechax/zyb/radar_station/install/Img_Handle/bin'
[7.265s] Level 1:colcon.colcon_core.environment:checking '/home/mechax/zyb/radar_station/install/Img_Handle/lib/pkgconfig/Img_Handle.pc'
[7.266s] Level 1:colcon.colcon_core.environment:checking '/home/mechax/zyb/radar_station/install/Img_Handle/lib/python3.10/site-packages'
[7.266s] Level 1:colcon.colcon_core.environment:checking '/home/mechax/zyb/radar_station/install/Img_Handle/bin'
[7.272s] INFO:colcon.colcon_core.shell:Creating package script '/home/mechax/zyb/radar_station/install/Img_Handle/share/Img_Handle/package.ps1'
[7.272s] INFO:colcon.colcon_core.shell:Creating package descriptor '/home/mechax/zyb/radar_station/install/Img_Handle/share/Img_Handle/package.dsv'
[7.272s] INFO:colcon.colcon_core.shell:Creating package script '/home/mechax/zyb/radar_station/install/Img_Handle/share/Img_Handle/package.sh'
[7.272s] INFO:colcon.colcon_core.shell:Creating package script '/home/mechax/zyb/radar_station/install/Img_Handle/share/Img_Handle/package.bash'
[7.272s] INFO:colcon.colcon_core.shell:Creating package script '/home/mechax/zyb/radar_station/install/Img_Handle/share/Img_Handle/package.zsh'
[7.273s] Level 1:colcon.colcon_core.environment:create_file_with_runtime_dependencies(/home/mechax/zyb/radar_station/install/Img_Handle/share/colcon-core/packages/Img_Handle)
[7.273s] DEBUG:colcon.colcon_parallel_executor.executor.parallel:closing loop
[7.273s] DEBUG:colcon.colcon_parallel_executor.executor.parallel:loop closed
[7.273s] DEBUG:colcon.colcon_parallel_executor.executor.parallel:run_until_complete finished with '0'
[7.273s] DEBUG:colcon.colcon_core.event_reactor:joining thread
[7.285s] INFO:colcon.colcon_core.plugin_system:Skipping extension 'colcon_notification.desktop_notification.terminal_notifier': Not used on non-Darwin systems
[7.285s] INFO:colcon.colcon_core.plugin_system:Skipping extension 'colcon_notification.desktop_notification.win32': Not used on non-Windows systems
[7.285s] INFO:colcon.colcon_notification.desktop_notification:Sending desktop notification using 'notify2'
[7.296s] DEBUG:colcon.colcon_core.event_reactor:joined thread
[7.311s] INFO:colcon.colcon_core.shell:Creating prefix script '/home/mechax/zyb/radar_station/install/local_setup.ps1'
[7.312s] INFO:colcon.colcon_core.shell:Creating prefix util module '/home/mechax/zyb/radar_station/install/_local_setup_util_ps1.py'
[7.313s] INFO:colcon.colcon_core.shell:Creating prefix chain script '/home/mechax/zyb/radar_station/install/setup.ps1'
[7.322s] INFO:colcon.colcon_core.shell:Creating prefix script '/home/mechax/zyb/radar_station/install/local_setup.sh'
[7.322s] INFO:colcon.colcon_core.shell:Creating prefix util module '/home/mechax/zyb/radar_station/install/_local_setup_util_sh.py'
[7.322s] INFO:colcon.colcon_core.shell:Creating prefix chain script '/home/mechax/zyb/radar_station/install/setup.sh'
[7.330s] INFO:colcon.colcon_core.shell:Creating prefix script '/home/mechax/zyb/radar_station/install/local_setup.bash'
[7.330s] INFO:colcon.colcon_core.shell:Creating prefix chain script '/home/mechax/zyb/radar_station/install/setup.bash'
[7.336s] INFO:colcon.colcon_core.shell:Creating prefix script '/home/mechax/zyb/radar_station/install/local_setup.zsh'
[7.336s] INFO:colcon.colcon_core.shell:Creating prefix chain script '/home/mechax/zyb/radar_station/install/setup.zsh'
