[ 37%] Built target main
[100%] Built target Img_Pub
[100%] Built target Img_Sub
-- Install configuration: ""
-- Execute custom install script
-- Up-to-date symlink: /home/mechax/AAAmy_ws/1.18/radar_station/install/Img_Handle/lib/Img_Handle/Img_Pub
-- Up-to-date symlink: /home/mechax/AAAmy_ws/1.18/radar_station/install/Img_Handle/lib/Img_Handle/Img_Sub
-- Up-to-date symlink: /home/mechax/AAAmy_ws/1.18/radar_station/install/Img_Handle/lib/Img_Handle/main
-- Up-to-date symlink: /home/mechax/AAAmy_ws/1.18/radar_station/install/Img_Handle/share/Img_Handle/launch/img_handle_launch.py
-- Up-to-date symlink: /home/mechax/AAAmy_ws/1.18/radar_station/install/Img_Handle/share/ament_index/resource_index/package_run_dependencies/Img_Handle
-- Up-to-date symlink: /home/mechax/AAAmy_ws/1.18/radar_station/install/Img_Handle/share/ament_index/resource_index/parent_prefix_path/Img_Handle
-- Up-to-date symlink: /home/mechax/AAAmy_ws/1.18/radar_station/install/Img_Handle/share/Img_Handle/environment/ament_prefix_path.sh
-- Up-to-date symlink: /home/mechax/AAAmy_ws/1.18/radar_station/install/Img_Handle/share/Img_Handle/environment/ament_prefix_path.dsv
-- Up-to-date symlink: /home/mechax/AAAmy_ws/1.18/radar_station/install/Img_Handle/share/Img_Handle/environment/path.sh
-- Up-to-date symlink: /home/mechax/AAAmy_ws/1.18/radar_station/install/Img_Handle/share/Img_Handle/environment/path.dsv
-- Up-to-date symlink: /home/mechax/AAAmy_ws/1.18/radar_station/install/Img_Handle/share/Img_Handle/local_setup.bash
-- Up-to-date symlink: /home/mechax/AAAmy_ws/1.18/radar_station/install/Img_Handle/share/Img_Handle/local_setup.sh
-- Up-to-date symlink: /home/mechax/AAAmy_ws/1.18/radar_station/install/Img_Handle/share/Img_Handle/local_setup.zsh
-- Up-to-date symlink: /home/mechax/AAAmy_ws/1.18/radar_station/install/Img_Handle/share/Img_Handle/local_setup.dsv
-- Symlinking: /home/mechax/AAAmy_ws/1.18/radar_station/install/Img_Handle/share/Img_Handle/package.dsv
-- Up-to-date symlink: /home/mechax/AAAmy_ws/1.18/radar_station/install/Img_Handle/share/ament_index/resource_index/packages/Img_Handle
-- Up-to-date symlink: /home/mechax/AAAmy_ws/1.18/radar_station/install/Img_Handle/share/Img_Handle/cmake/Img_HandleConfig.cmake
-- Up-to-date symlink: /home/mechax/AAAmy_ws/1.18/radar_station/install/Img_Handle/share/Img_Handle/cmake/Img_HandleConfig-version.cmake
-- Up-to-date symlink: /home/mechax/AAAmy_ws/1.18/radar_station/install/Img_Handle/share/Img_Handle/package.xml
