[0.031s] Invoking command in '/home/mechax/zyb/radar_station/src/Img_Handle/build/Img_Handle': CMAKE_PREFIX_PATH=${CMAKE_PREFIX_PATH}:/opt/ros/humble /usr/bin/cmake --build /home/mechax/zyb/radar_station/src/Img_Handle/build/Img_Handle -- -j16 -l16
[0.049s] -- Found ament_cmake: 1.3.6 (/opt/ros/humble/share/ament_cmake/cmake)
[0.137s] -- Found rclcpp: 16.0.7 (/opt/ros/humble/share/rclcpp/cmake)
[0.154s] -- Found rosidl_generator_c: 3.1.5 (/opt/ros/humble/share/rosidl_generator_c/cmake)
[0.155s] -- Found rosidl_adapter: 3.1.5 (/opt/ros/humble/share/rosidl_adapter/cmake)
[0.159s] -- Found rosidl_generator_cpp: 3.1.5 (/opt/ros/humble/share/rosidl_generator_cpp/cmake)
[0.165s] -- Using all available rosidl_typesupport_c: rosidl_typesupport_fastrtps_c;rosidl_typesupport_introspection_c
[0.173s] -- Using all available rosidl_typesupport_cpp: rosidl_typesupport_fastrtps_cpp;rosidl_typesupport_introspection_cpp
[0.206s] -- Found rmw_implementation_cmake: 6.1.1 (/opt/ros/humble/share/rmw_implementation_cmake/cmake)
[0.206s] -- Found rmw_fastrtps_cpp: 6.2.5 (/opt/ros/humble/share/rmw_fastrtps_cpp/cmake)
[0.274s] -- Using RMW implementation 'rmw_fastrtps_cpp' as default
[0.363s] -- Found sensor_msgs: 4.2.3 (/opt/ros/humble/share/sensor_msgs/cmake)
[0.437s] -- Found cv_bridge: 3.2.1 (/opt/ros/humble/share/cv_bridge/cmake)
[0.446s] [31mCMake Error at CMakeLists.txt:14 (find_package):
[0.446s]   By not providing "Findmy_msgss.cmake" in CMAKE_MODULE_PATH this project has
[0.446s]   asked CMake to find a package configuration file provided by "my_msgss",
[0.446s]   but CMake did not find one.
[0.446s] 
[0.446s]   Could not find a package configuration file provided by "my_msgss" with any
[0.446s]   of the following names:
[0.446s] 
[0.446s]     my_msgssConfig.cmake
[0.446s]     my_msgss-config.cmake
[0.447s] 
[0.447s]   Add the installation prefix of "my_msgss" to CMAKE_PREFIX_PATH or set
[0.447s]   "my_msgss_DIR" to a directory containing one of the above files.  If
[0.447s]   "my_msgss" provides a separate development package or SDK, be sure it has
[0.447s]   been installed.
[0.447s] 
[0.447s] [0m
[0.447s] -- Configuring incomplete, errors occurred!
[0.447s] See also "/home/mechax/zyb/radar_station/src/Img_Handle/build/Img_Handle/CMakeFiles/CMakeOutput.log".
[0.454s] gmake: *** [Makefile:379: cmake_check_build_system] Error 1
[0.456s] Invoked command in '/home/mechax/zyb/radar_station/src/Img_Handle/build/Img_Handle' returned '2': CMAKE_PREFIX_PATH=${CMAKE_PREFIX_PATH}:/opt/ros/humble /usr/bin/cmake --build /home/mechax/zyb/radar_station/src/Img_Handle/build/Img_Handle -- -j16 -l16
