WARNING: Package name "Qt5_displayer" does not follow the naming conventions. It should start with a lower case letter and only contain lower case letters, digits, underscores, and dashes.
[01m[K/home/mechax/zyb/radar_station/src/Qt5_displayer/src/smallmap.cpp:[m[K In member function ‘[01m[Kvirtual void smallMap::wheelEvent(QWheelEvent*)[m[K’:
[01m[K/home/mechax/zyb/radar_station/src/Qt5_displayer/src/smallmap.cpp:91:32:[m[K [01;35m[Kwarning: [m[K‘[01m[KQPoint QWheelEvent::pos() const[m[K’ is deprecated: Use position() [[01;35m[K]8;;https://gcc.gnu.org/onlinedocs/gcc/Warning-Options.html#index-Wdeprecated-declarations-Wdeprecated-declarations]8;;[m[K]
   91 |     changeScaleValue([01;35m[Kevent->pos()[m[K,event->delta());
      |                      [01;35m[K~~~~~~~~~~^~[m[K
In file included from [01m[K/usr/include/x86_64-linux-gnu/qt5/QtGui/QMouseEvent:1[m[K,
                 from [01m[K/home/mechax/zyb/radar_station/src/Qt5_displayer/src/smallmap.cpp:3[m[K:
[01m[K/usr/include/x86_64-linux-gnu/qt5/QtGui/qevent.h:225:19:[m[K [01;36m[Knote: [m[Kdeclared here
  225 |     inline QPoint [01;36m[Kpos[m[K() const { return p.toPoint(); }
      |                   [01;36m[K^~~[m[K
[01m[K/home/mechax/zyb/radar_station/src/Qt5_displayer/src/smallmap.cpp:91:47:[m[K [01;35m[Kwarning: [m[K‘[01m[Kint QWheelEvent::delta() const[m[K’ is deprecated: Use angleDelta() [[01;35m[K]8;;https://gcc.gnu.org/onlinedocs/gcc/Warning-Options.html#index-Wdeprecated-declarations-Wdeprecated-declarations]8;;[m[K]
   91 |     changeScaleValue(event->pos(),[01;35m[Kevent->delta()[m[K);
      |                                   [01;35m[K~~~~~~~~~~~~^~[m[K
In file included from [01m[K/usr/include/x86_64-linux-gnu/qt5/QtGui/QMouseEvent:1[m[K,
                 from [01m[K/home/mechax/zyb/radar_station/src/Qt5_displayer/src/smallmap.cpp:3[m[K:
[01m[K/usr/include/x86_64-linux-gnu/qt5/QtGui/qevent.h:219:16:[m[K [01;36m[Knote: [m[Kdeclared here
  219 |     inline int [01;36m[Kdelta[m[K() const  { return qt4D; }
      |                [01;36m[K^~~~~[m[K
/usr/bin/ld: warning: libopencv_imgcodecs.so.4.5d, needed by /opt/ros/humble/lib/libcv_bridge.so, may conflict with libopencv_imgcodecs.so.408
/usr/bin/ld: warning: libopencv_imgproc.so.4.5d, needed by /opt/ros/humble/lib/libcv_bridge.so, may conflict with libopencv_imgproc.so.408
/usr/bin/ld: warning: libopencv_core.so.4.5d, needed by /opt/ros/humble/lib/libcv_bridge.so, may conflict with libopencv_core.so.408
/usr/bin/ld: CMakeFiles/Qt5_displayer.dir/src/qtnode.cpp.o: in function `qtNode::qtNode()':
qtnode.cpp:(.text+0x287): undefined reference to `vtable for qtNode'
/usr/bin/ld: qtnode.cpp:(.text+0x29c): undefined reference to `vtable for qtNode'
/usr/bin/ld: CMakeFiles/Qt5_displayer.dir/src/qtnode.cpp.o: in function `qtNode::~qtNode()':
qtnode.cpp:(.text+0x893): undefined reference to `vtable for qtNode'
/usr/bin/ld: qtnode.cpp:(.text+0x8a5): undefined reference to `vtable for qtNode'
/usr/bin/ld: CMakeFiles/Qt5_displayer.dir/src/qtnode.cpp.o: in function `qtNode::farImageCallback(sensor_msgs::msg::Image_<std::allocator<void> >)':
qtnode.cpp:(.text+0xc07): undefined reference to `qtNode::updateFarImage()'
/usr/bin/ld: CMakeFiles/Qt5_displayer.dir/src/qtnode.cpp.o: in function `qtNode::depthImageCallback(sensor_msgs::msg::Image_<std::allocator<void> >)':
qtnode.cpp:(.text+0x115d): undefined reference to `qtNode::updateDepthImage()'
collect2: error: ld returned 1 exit status
gmake[2]: *** [CMakeFiles/Qt5_displayer.dir/build.make:274: Qt5_displayer] Error 1
gmake[1]: *** [CMakeFiles/Makefile2:138: CMakeFiles/Qt5_displayer.dir/all] Error 2
gmake: *** [Makefile:146: all] Error 2
