[0.031s] Invoking command in '/home/mechax/zyb/radar_station/src/Img_Handle/build/Img_Handle': CMAKE_PREFIX_PATH=${CMAKE_PREFIX_PATH}:/opt/ros/humble /usr/bin/cmake --build /home/mechax/zyb/radar_station/src/Img_Handle/build/Img_Handle -- -j16 -l16
[0.056s] [35m[1mConsolidate compiler generated dependencies of target Img_Sub[0m
[0.064s] [ 50%] Built target Img_Pub
[0.064s] [ 62%] Built target main
[0.068s] [ 75%] [32mBuilding CXX object CMakeFiles/Img_Sub.dir/src/img_sub.cpp.o[0m
[1.837s] [01m[K/home/mechax/zyb/radar_station/src/Img_Handle/src/img_sub.cpp:[m[K In constructor ‘[01m[KImg_Sub::Img_Sub()[m[K’:
[1.837s] [01m[K/home/mechax/zyb/radar_station/src/Img_Handle/src/img_sub.cpp:3:36:[m[K [01;31m[Kerror: [m[Kno matching function for call to ‘[01m[KInference::Inference()[m[K’
[1.837s]     3 | Img_Sub::Img_Sub() : Node("img_sub"[01;31m[K)[m[K
[1.837s]       |                                    [01;31m[K^[m[K
[1.837s] In file included from [01m[K/home/mechax/zyb/radar_station/src/Img_Handle/include/img_sub.hpp:7[m[K,
[1.837s]                  from [01m[K/home/mechax/zyb/radar_station/src/Img_Handle/src/img_sub.cpp:1[m[K:
[1.837s] [01m[K/home/mechax/zyb/radar_station/src/Img_Handle/include/inference.h:27:5:[m[K [01;36m[Knote: [m[Kcandidate: ‘[01m[KInference::Inference(const string&, const Size&, const string&, const bool&)[m[K’
[1.837s]    27 |     [01;36m[KInference[m[K(const std::string &onnxModelPath, const cv::Size &modelInputShape = {640, 640}, const std::string &classesTxtFile = "", const bool &runWithCuda = true);
[1.837s]       |     [01;36m[K^~~~~~~~~[m[K
[1.837s] [01m[K/home/mechax/zyb/radar_station/src/Img_Handle/include/inference.h:27:5:[m[K [01;36m[Knote: [m[K  candidate expects 4 arguments, 0 provided
[1.837s] [01m[K/home/mechax/zyb/radar_station/src/Img_Handle/include/inference.h:24:7:[m[K [01;36m[Knote: [m[Kcandidate: ‘[01m[KInference::Inference(const Inference&)[m[K’
[1.837s]    24 | class [01;36m[KInference[m[K
[1.837s]       |       [01;36m[K^~~~~~~~~[m[K
[1.838s] [01m[K/home/mechax/zyb/radar_station/src/Img_Handle/include/inference.h:24:7:[m[K [01;36m[Knote: [m[K  candidate expects 1 argument, 0 provided
[1.838s] [01m[K/home/mechax/zyb/radar_station/src/Img_Handle/include/inference.h:24:7:[m[K [01;36m[Knote: [m[Kcandidate: ‘[01m[KInference::Inference(Inference&&)[m[K’
[1.838s] [01m[K/home/mechax/zyb/radar_station/src/Img_Handle/include/inference.h:24:7:[m[K [01;36m[Knote: [m[K  candidate expects 1 argument, 0 provided
[1.838s] [01m[K/home/mechax/zyb/radar_station/src/Img_Handle/src/img_sub.cpp:3:36:[m[K [01;31m[Kerror: [m[Kno matching function for call to ‘[01m[KInference::Inference()[m[K’
[1.838s]     3 | Img_Sub::Img_Sub() : Node("img_sub"[01;31m[K)[m[K
[1.838s]       |                                    [01;31m[K^[m[K
[1.838s] In file included from [01m[K/home/mechax/zyb/radar_station/src/Img_Handle/include/img_sub.hpp:7[m[K,
[1.838s]                  from [01m[K/home/mechax/zyb/radar_station/src/Img_Handle/src/img_sub.cpp:1[m[K:
[1.838s] [01m[K/home/mechax/zyb/radar_station/src/Img_Handle/include/inference.h:27:5:[m[K [01;36m[Knote: [m[Kcandidate: ‘[01m[KInference::Inference(const string&, const Size&, const string&, const bool&)[m[K’
[1.838s]    27 |     [01;36m[KInference[m[K(const std::string &onnxModelPath, const cv::Size &modelInputShape = {640, 640}, const std::string &classesTxtFile = "", const bool &runWithCuda = true);
[1.838s]       |     [01;36m[K^~~~~~~~~[m[K
[1.838s] [01m[K/home/mechax/zyb/radar_station/src/Img_Handle/include/inference.h:27:5:[m[K [01;36m[Knote: [m[K  candidate expects 4 arguments, 0 provided
[1.838s] [01m[K/home/mechax/zyb/radar_station/src/Img_Handle/include/inference.h:24:7:[m[K [01;36m[Knote: [m[Kcandidate: ‘[01m[KInference::Inference(const Inference&)[m[K’
[1.838s]    24 | class [01;36m[KInference[m[K
[1.838s]       |       [01;36m[K^~~~~~~~~[m[K
[1.838s] [01m[K/home/mechax/zyb/radar_station/src/Img_Handle/include/inference.h:24:7:[m[K [01;36m[Knote: [m[K  candidate expects 1 argument, 0 provided
[1.838s] [01m[K/home/mechax/zyb/radar_station/src/Img_Handle/include/inference.h:24:7:[m[K [01;36m[Knote: [m[Kcandidate: ‘[01m[KInference::Inference(Inference&&)[m[K’
[1.838s] [01m[K/home/mechax/zyb/radar_station/src/Img_Handle/include/inference.h:24:7:[m[K [01;36m[Knote: [m[K  candidate expects 1 argument, 0 provided
[3.433s] gmake[2]: *** [CMakeFiles/Img_Sub.dir/build.make:76: CMakeFiles/Img_Sub.dir/src/img_sub.cpp.o] Error 1
[3.433s] gmake[1]: *** [CMakeFiles/Makefile2:167: CMakeFiles/Img_Sub.dir/all] Error 2
[3.434s] gmake: *** [Makefile:146: all] Error 2
[3.435s] Invoked command in '/home/mechax/zyb/radar_station/src/Img_Handle/build/Img_Handle' returned '2': CMAKE_PREFIX_PATH=${CMAKE_PREFIX_PATH}:/opt/ros/humble /usr/bin/cmake --build /home/mechax/zyb/radar_station/src/Img_Handle/build/Img_Handle -- -j16 -l16
