[0.158s] Invoking command in '/home/mechax/zyb/radar_station/build/my_msgss': CMAKE_PREFIX_PATH=${CMAKE_PREFIX_PATH}:/opt/ros/humble /usr/bin/cmake /home/mechax/zyb/radar_station/src/my_msgss -DCMAKE_INSTALL_PREFIX=/home/mechax/zyb/radar_station/install/my_msgss
[0.192s] -- The C compiler identification is GNU 11.4.0
[0.229s] -- The CXX compiler identification is GNU 11.4.0
[0.235s] -- Detecting C compiler ABI info
[0.280s] -- Detecting C compiler ABI info - done
[0.284s] -- Check for working C compiler: /usr/bin/cc - skipped
[0.284s] -- Detecting C compile features
[0.285s] -- Detecting C compile features - done
[0.286s] -- Detecting CXX compiler ABI info
[0.340s] -- Detecting CXX compiler ABI info - done
[0.348s] -- Check for working CXX compiler: /usr/bin/c++ - skipped
[0.349s] -- Detecting CXX compile features
[0.349s] -- Detecting CXX compile features - done
[0.350s] -- Found ament_cmake: 1.3.6 (/opt/ros/humble/share/ament_cmake/cmake)
[0.466s] -- Found Python3: /usr/bin/python3.10 (found version "3.10.12") found components: Interpreter 
[0.530s] -- Found rosidl_default_generators: 1.2.0 (/opt/ros/humble/share/rosidl_default_generators/cmake)
[0.532s] -- Using all available rosidl_typesupport_c: rosidl_typesupport_fastrtps_c;rosidl_typesupport_introspection_c
[0.536s] -- Found rosidl_adapter: 3.1.5 (/opt/ros/humble/share/rosidl_adapter/cmake)
[0.564s] -- Using all available rosidl_typesupport_cpp: rosidl_typesupport_fastrtps_cpp;rosidl_typesupport_introspection_cpp
[0.755s] -- Found ament_cmake_ros: 0.10.0 (/opt/ros/humble/share/ament_cmake_ros/cmake)
[0.879s] -- Using all available rosidl_typesupport_c: rosidl_typesupport_fastrtps_c;rosidl_typesupport_introspection_c
[1.034s] -- Using all available rosidl_typesupport_cpp: rosidl_typesupport_fastrtps_cpp;rosidl_typesupport_introspection_cpp
[1.049s] -- Found PythonInterp: /usr/bin/python3 (found suitable version "3.10.12", minimum required is "3.6") 
[1.050s] -- Found python_cmake_module: 0.10.0 (/opt/ros/humble/share/python_cmake_module/cmake)
[1.068s] -- Found PythonLibs: /usr/lib/x86_64-linux-gnu/libpython3.10.so (found suitable version "3.10.12", minimum required is "3.5") 
[1.068s] -- Using PYTHON_EXECUTABLE: /usr/bin/python3
[1.068s] -- Using PYTHON_INCLUDE_DIRS: /usr/include/python3.10
[1.068s] -- Using PYTHON_LIBRARIES: /usr/lib/x86_64-linux-gnu/libpython3.10.so
[1.082s] -- Found PythonExtra: .so  
[1.111s] -- Found ament_lint_auto: 0.12.9 (/opt/ros/humble/share/ament_lint_auto/cmake)
[1.126s] -- Added test 'flake8' to check Python code syntax and style conventions
[1.127s] -- Added test 'lint_cmake' to check CMake code style
[1.127s] -- Added test 'pep257' to check Python code against some of the docstring style conventions in PEP 257
[1.128s] -- Added test 'xmllint' to check XML markup files
[1.129s] -- Configuring done
[1.148s] -- Generating done
[1.150s] -- Build files have been written to: /home/mechax/zyb/radar_station/build/my_msgss
[1.154s] Invoked command in '/home/mechax/zyb/radar_station/build/my_msgss' returned '0': CMAKE_PREFIX_PATH=${CMAKE_PREFIX_PATH}:/opt/ros/humble /usr/bin/cmake /home/mechax/zyb/radar_station/src/my_msgss -DCMAKE_INSTALL_PREFIX=/home/mechax/zyb/radar_station/install/my_msgss
[1.155s] Invoking command in '/home/mechax/zyb/radar_station/build/my_msgss': CMAKE_PREFIX_PATH=${CMAKE_PREFIX_PATH}:/opt/ros/humble /usr/bin/cmake --build /home/mechax/zyb/radar_station/build/my_msgss -- -j16 -l16
[1.187s] [  1%] [34m[1mGenerating C code for ROS interfaces[0m
[1.202s] [  1%] Built target ament_cmake_python_copy_my_msgss
[1.203s] [  2%] [34m[1mGenerating C++ code for ROS interfaces[0m
[1.394s] running egg_info
[1.394s] creating my_msgss.egg-info
[1.395s] writing my_msgss.egg-info/PKG-INFO
[1.396s] writing dependency_links to my_msgss.egg-info/dependency_links.txt
[1.396s] writing top-level names to my_msgss.egg-info/top_level.txt
[1.396s] writing manifest file 'my_msgss.egg-info/SOURCES.txt'
[1.399s] reading manifest file 'my_msgss.egg-info/SOURCES.txt'
[1.400s] writing manifest file 'my_msgss.egg-info/SOURCES.txt'
[1.487s] [  2%] Built target ament_cmake_python_build_my_msgss_egg
[1.707s] [  2%] Built target my_msgss__cpp
[1.721s] [  7%] [34m[1mGenerating C++ introspection for ROS interfaces[0m
[1.722s] [  7%] [34m[1mGenerating C++ type support for eProsima Fast-RTPS[0m
[1.722s] [  7%] [34m[1mGenerating C++ type support dispatch for ROS interfaces[0m
[1.906s] [ 11%] [32mBuilding C object CMakeFiles/my_msgss__rosidl_generator_c.dir/rosidl_generator_c/my_msgss/msg/detail/yolopoints__functions.c.o[0m
[1.906s] [ 11%] [32mBuilding C object CMakeFiles/my_msgss__rosidl_generator_c.dir/rosidl_generator_c/my_msgss/msg/detail/distpoint__functions.c.o[0m
[1.906s] [ 11%] [32mBuilding C object CMakeFiles/my_msgss__rosidl_generator_c.dir/rosidl_generator_c/my_msgss/msg/detail/distpoints__functions.c.o[0m
[1.908s] [ 12%] [32mBuilding C object CMakeFiles/my_msgss__rosidl_generator_c.dir/rosidl_generator_c/my_msgss/msg/detail/yolopoint__functions.c.o[0m
[1.922s] [ 14%] [32mBuilding C object CMakeFiles/my_msgss__rosidl_generator_c.dir/rosidl_generator_c/my_msgss/msg/detail/point__functions.c.o[0m
[1.936s] [ 15%] [32mBuilding C object CMakeFiles/my_msgss__rosidl_generator_c.dir/rosidl_generator_c/my_msgss/msg/detail/points__functions.c.o[0m
[2.007s] [ 16%] [32m[1mLinking C shared library libmy_msgss__rosidl_generator_c.so[0m
[2.062s] [ 22%] [32mBuilding CXX object CMakeFiles/my_msgss__rosidl_typesupport_cpp.dir/rosidl_typesupport_cpp/my_msgss/msg/yolopoints__type_support.cpp.o[0m
[2.063s] [ 22%] [32mBuilding CXX object CMakeFiles/my_msgss__rosidl_typesupport_cpp.dir/rosidl_typesupport_cpp/my_msgss/msg/distpoint__type_support.cpp.o[0m
[2.063s] [ 22%] [32mBuilding CXX object CMakeFiles/my_msgss__rosidl_typesupport_cpp.dir/rosidl_typesupport_cpp/my_msgss/msg/yolopoint__type_support.cpp.o[0m
[2.066s] [ 22%] [32mBuilding CXX object CMakeFiles/my_msgss__rosidl_typesupport_cpp.dir/rosidl_typesupport_cpp/my_msgss/msg/distpoints__type_support.cpp.o[0m
[2.066s] [ 23%] [32mBuilding CXX object CMakeFiles/my_msgss__rosidl_typesupport_cpp.dir/rosidl_typesupport_cpp/my_msgss/msg/point__type_support.cpp.o[0m
[2.076s] [ 25%] [32mBuilding CXX object CMakeFiles/my_msgss__rosidl_typesupport_cpp.dir/rosidl_typesupport_cpp/my_msgss/msg/points__type_support.cpp.o[0m
[2.083s] [ 25%] Built target my_msgss__rosidl_generator_c
[2.100s] [ 26%] [34m[1mGenerating C type support dispatch for ROS interfaces[0m
[2.136s] [ 28%] [34m[1mGenerating C type support for eProsima Fast-RTPS[0m
[2.165s] [ 29%] [34m[1mGenerating C introspection for ROS interfaces[0m
[2.441s] [ 30%] [32mBuilding CXX object CMakeFiles/my_msgss__rosidl_typesupport_introspection_cpp.dir/rosidl_typesupport_introspection_cpp/my_msgss/msg/detail/points__type_support.cpp.o[0m
[2.442s] [ 32%] [32mBuilding CXX object CMakeFiles/my_msgss__rosidl_typesupport_introspection_cpp.dir/rosidl_typesupport_introspection_cpp/my_msgss/msg/detail/yolopoints__type_support.cpp.o[0m
[2.463s] [ 33%] [32mBuilding CXX object CMakeFiles/my_msgss__rosidl_typesupport_introspection_cpp.dir/rosidl_typesupport_introspection_cpp/my_msgss/msg/detail/distpoints__type_support.cpp.o[0m
[2.465s] [ 35%] [32mBuilding CXX object CMakeFiles/my_msgss__rosidl_typesupport_introspection_cpp.dir/rosidl_typesupport_introspection_cpp/my_msgss/msg/detail/point__type_support.cpp.o[0m
[2.466s] [ 36%] [32mBuilding CXX object CMakeFiles/my_msgss__rosidl_typesupport_introspection_cpp.dir/rosidl_typesupport_introspection_cpp/my_msgss/msg/detail/yolopoint__type_support.cpp.o[0m
[2.468s] [ 38%] [32mBuilding CXX object CMakeFiles/my_msgss__rosidl_typesupport_introspection_cpp.dir/rosidl_typesupport_introspection_cpp/my_msgss/msg/detail/distpoint__type_support.cpp.o[0m
[2.652s] [ 39%] [32m[1mLinking CXX shared library libmy_msgss__rosidl_typesupport_cpp.so[0m
[2.738s] [ 40%] [32mBuilding CXX object CMakeFiles/my_msgss__rosidl_typesupport_c.dir/rosidl_typesupport_c/my_msgss/msg/yolopoint__type_support.cpp.o[0m
[2.761s] [ 42%] [32mBuilding CXX object CMakeFiles/my_msgss__rosidl_typesupport_fastrtps_cpp.dir/rosidl_typesupport_fastrtps_cpp/my_msgss/msg/detail/dds_fastrtps/yolopoint__type_support.cpp.o[0m
[2.772s] [ 43%] [32mBuilding CXX object CMakeFiles/my_msgss__rosidl_typesupport_c.dir/rosidl_typesupport_c/my_msgss/msg/distpoint__type_support.cpp.o[0m
[2.772s] [ 45%] [32mBuilding CXX object CMakeFiles/my_msgss__rosidl_typesupport_c.dir/rosidl_typesupport_c/my_msgss/msg/yolopoints__type_support.cpp.o[0m
[2.772s] [ 46%] [32mBuilding CXX object CMakeFiles/my_msgss__rosidl_typesupport_fastrtps_cpp.dir/rosidl_typesupport_fastrtps_cpp/my_msgss/msg/detail/dds_fastrtps/yolopoints__type_support.cpp.o[0m
[2.773s] [ 47%] [32mBuilding CXX object CMakeFiles/my_msgss__rosidl_typesupport_c.dir/rosidl_typesupport_c/my_msgss/msg/distpoints__type_support.cpp.o[0m
[2.787s] [ 47%] Built target my_msgss__rosidl_typesupport_cpp
[2.818s] [ 49%] [32mBuilding CXX object CMakeFiles/my_msgss__rosidl_typesupport_fastrtps_cpp.dir/rosidl_typesupport_fastrtps_cpp/my_msgss/msg/detail/dds_fastrtps/distpoint__type_support.cpp.o[0m
[2.855s] [ 50%] [32mBuilding CXX object CMakeFiles/my_msgss__rosidl_typesupport_c.dir/rosidl_typesupport_c/my_msgss/msg/point__type_support.cpp.o[0m
[2.879s] [ 52%] [32mBuilding CXX object CMakeFiles/my_msgss__rosidl_typesupport_c.dir/rosidl_typesupport_c/my_msgss/msg/points__type_support.cpp.o[0m
[2.893s] [ 53%] [32mBuilding CXX object CMakeFiles/my_msgss__rosidl_typesupport_fastrtps_cpp.dir/rosidl_typesupport_fastrtps_cpp/my_msgss/msg/detail/dds_fastrtps/distpoints__type_support.cpp.o[0m
[2.950s] [ 54%] [32mBuilding CXX object CMakeFiles/my_msgss__rosidl_typesupport_fastrtps_cpp.dir/rosidl_typesupport_fastrtps_cpp/my_msgss/msg/detail/dds_fastrtps/point__type_support.cpp.o[0m
[2.955s] [ 56%] [32mBuilding CXX object CMakeFiles/my_msgss__rosidl_typesupport_fastrtps_cpp.dir/rosidl_typesupport_fastrtps_cpp/my_msgss/msg/detail/dds_fastrtps/points__type_support.cpp.o[0m
[3.004s] [ 57%] [32m[1mLinking CXX shared library libmy_msgss__rosidl_typesupport_c.so[0m
[3.083s] [ 57%] Built target my_msgss__rosidl_typesupport_c
[3.275s] [ 59%] [32mBuilding CXX object CMakeFiles/my_msgss__rosidl_typesupport_fastrtps_c.dir/rosidl_typesupport_fastrtps_c/my_msgss/msg/detail/distpoints__type_support_c.cpp.o[0m
[3.283s] [ 61%] [32mBuilding C object CMakeFiles/my_msgss__rosidl_typesupport_introspection_c.dir/rosidl_typesupport_introspection_c/my_msgss/msg/detail/yolopoints__type_support.c.o[0m
[3.283s] [ 61%] [32mBuilding CXX object CMakeFiles/my_msgss__rosidl_typesupport_fastrtps_c.dir/rosidl_typesupport_fastrtps_c/my_msgss/msg/detail/yolopoints__type_support_c.cpp.o[0m
[3.292s] [ 66%] [32mBuilding CXX object CMakeFiles/my_msgss__rosidl_typesupport_fastrtps_c.dir/rosidl_typesupport_fastrtps_c/my_msgss/msg/detail/distpoint__type_support_c.cpp.o[0m
[3.292s] [ 66%] [32mBuilding C object CMakeFiles/my_msgss__rosidl_typesupport_introspection_c.dir/rosidl_typesupport_introspection_c/my_msgss/msg/detail/yolopoint__type_support.c.o[0m
[3.293s] [ 66%] [32mBuilding CXX object CMakeFiles/my_msgss__rosidl_typesupport_fastrtps_c.dir/rosidl_typesupport_fastrtps_c/my_msgss/msg/detail/point__type_support_c.cpp.o[0m
[3.297s] [ 67%] [32mBuilding C object CMakeFiles/my_msgss__rosidl_typesupport_introspection_c.dir/rosidl_typesupport_introspection_c/my_msgss/msg/detail/distpoints__type_support.c.o[0m
[3.333s] [ 69%] [32mBuilding C object CMakeFiles/my_msgss__rosidl_typesupport_introspection_c.dir/rosidl_typesupport_introspection_c/my_msgss/msg/detail/distpoint__type_support.c.o[0m
[3.351s] [ 70%] [32mBuilding CXX object CMakeFiles/my_msgss__rosidl_typesupport_fastrtps_c.dir/rosidl_typesupport_fastrtps_c/my_msgss/msg/detail/yolopoint__type_support_c.cpp.o[0m
[3.364s] [ 71%] [32mBuilding C object CMakeFiles/my_msgss__rosidl_typesupport_introspection_c.dir/rosidl_typesupport_introspection_c/my_msgss/msg/detail/point__type_support.c.o[0m
[3.410s] [ 73%] [32mBuilding CXX object CMakeFiles/my_msgss__rosidl_typesupport_fastrtps_c.dir/rosidl_typesupport_fastrtps_c/my_msgss/msg/detail/points__type_support_c.cpp.o[0m
[3.437s] [ 74%] [32mBuilding C object CMakeFiles/my_msgss__rosidl_typesupport_introspection_c.dir/rosidl_typesupport_introspection_c/my_msgss/msg/detail/points__type_support.c.o[0m
[3.480s] [ 76%] [32m[1mLinking C shared library libmy_msgss__rosidl_typesupport_introspection_c.so[0m
[3.551s] [ 76%] Built target my_msgss__rosidl_typesupport_introspection_c
[3.660s] [ 77%] [32m[1mLinking CXX shared library libmy_msgss__rosidl_typesupport_introspection_cpp.so[0m
[3.801s] [ 78%] [32m[1mLinking CXX shared library libmy_msgss__rosidl_typesupport_fastrtps_cpp.so[0m
[3.814s] [ 78%] Built target my_msgss__rosidl_typesupport_introspection_cpp
[3.976s] [ 78%] Built target my_msgss__rosidl_typesupport_fastrtps_cpp
[3.986s] [ 80%] [32m[1mLinking CXX shared library libmy_msgss__rosidl_typesupport_fastrtps_c.so[0m
[4.104s] [ 80%] Built target my_msgss__rosidl_typesupport_fastrtps_c
[4.131s] [ 80%] Built target my_msgss
[4.156s] [ 81%] [34m[1mGenerating Python code for ROS interfaces[0m
[4.965s] [ 81%] Built target my_msgss__py
[4.981s] [ 83%] [32mBuilding C object CMakeFiles/my_msgss__rosidl_generator_py.dir/rosidl_generator_py/my_msgss/msg/_point_s.c.o[0m
[4.984s] [ 88%] [32mBuilding C object CMakeFiles/my_msgss__rosidl_generator_py.dir/rosidl_generator_py/my_msgss/msg/_yolopoints_s.c.o[0m
[4.984s] [ 88%] [32mBuilding C object CMakeFiles/my_msgss__rosidl_generator_py.dir/rosidl_generator_py/my_msgss/msg/_yolopoint_s.c.o[0m
[4.984s] [ 88%] [32mBuilding C object CMakeFiles/my_msgss__rosidl_generator_py.dir/rosidl_generator_py/my_msgss/msg/_distpoints_s.c.o[0m
[4.984s] [ 88%] [32mBuilding C object CMakeFiles/my_msgss__rosidl_generator_py.dir/rosidl_generator_py/my_msgss/msg/_distpoint_s.c.o[0m
[4.984s] [ 90%] [32mBuilding C object CMakeFiles/my_msgss__rosidl_generator_py.dir/rosidl_generator_py/my_msgss/msg/_points_s.c.o[0m
[5.102s] [ 91%] [32m[1mLinking C shared library rosidl_generator_py/my_msgss/libmy_msgss__rosidl_generator_py.so[0m
[5.133s] [ 91%] Built target my_msgss__rosidl_generator_py
[5.149s] [ 92%] [32mBuilding C object CMakeFiles/my_msgss__rosidl_typesupport_c__pyext.dir/rosidl_generator_py/my_msgss/_my_msgss_s.ep.rosidl_typesupport_c.c.o[0m
[5.159s] [ 95%] [32mBuilding C object CMakeFiles/my_msgss__rosidl_typesupport_introspection_c__pyext.dir/rosidl_generator_py/my_msgss/_my_msgss_s.ep.rosidl_typesupport_introspection_c.c.o[0m
[5.159s] [ 95%] [32mBuilding C object CMakeFiles/my_msgss__rosidl_typesupport_fastrtps_c__pyext.dir/rosidl_generator_py/my_msgss/_my_msgss_s.ep.rosidl_typesupport_fastrtps_c.c.o[0m
[5.216s] [ 97%] [32m[1mLinking C shared library rosidl_generator_py/my_msgss/my_msgss_s__rosidl_typesupport_c.cpython-310-x86_64-linux-gnu.so[0m
[5.245s] [ 97%] Built target my_msgss__rosidl_typesupport_c__pyext
[5.271s] [ 98%] [32m[1mLinking C shared library rosidl_generator_py/my_msgss/my_msgss_s__rosidl_typesupport_introspection_c.cpython-310-x86_64-linux-gnu.so[0m
[5.284s] [100%] [32m[1mLinking C shared library rosidl_generator_py/my_msgss/my_msgss_s__rosidl_typesupport_fastrtps_c.cpython-310-x86_64-linux-gnu.so[0m
[5.294s] [100%] Built target my_msgss__rosidl_typesupport_introspection_c__pyext
[5.313s] [100%] Built target my_msgss__rosidl_typesupport_fastrtps_c__pyext
[5.326s] Invoked command in '/home/mechax/zyb/radar_station/build/my_msgss' returned '0': CMAKE_PREFIX_PATH=${CMAKE_PREFIX_PATH}:/opt/ros/humble /usr/bin/cmake --build /home/mechax/zyb/radar_station/build/my_msgss -- -j16 -l16
[5.411s] Invoking command in '/home/mechax/zyb/radar_station/build/my_msgss': CMAKE_PREFIX_PATH=${CMAKE_PREFIX_PATH}:/opt/ros/humble /usr/bin/cmake --install /home/mechax/zyb/radar_station/build/my_msgss
[5.417s] -- Install configuration: ""
[5.417s] -- Installing: /home/mechax/zyb/radar_station/install/my_msgss/share/ament_index/resource_index/rosidl_interfaces/my_msgss
[5.418s] -- Installing: /home/mechax/zyb/radar_station/install/my_msgss/include/my_msgss/my_msgss
[5.418s] -- Installing: /home/mechax/zyb/radar_station/install/my_msgss/include/my_msgss/my_msgss/msg
[5.418s] -- Installing: /home/mechax/zyb/radar_station/install/my_msgss/include/my_msgss/my_msgss/msg/yolopoints.h
[5.418s] -- Installing: /home/mechax/zyb/radar_station/install/my_msgss/include/my_msgss/my_msgss/msg/distpoint.h
[5.418s] -- Installing: /home/mechax/zyb/radar_station/install/my_msgss/include/my_msgss/my_msgss/msg/detail
[5.418s] -- Installing: /home/mechax/zyb/radar_station/install/my_msgss/include/my_msgss/my_msgss/msg/detail/distpoints__struct.h
[5.418s] -- Installing: /home/mechax/zyb/radar_station/install/my_msgss/include/my_msgss/my_msgss/msg/detail/point__functions.c
[5.418s] -- Installing: /home/mechax/zyb/radar_station/install/my_msgss/include/my_msgss/my_msgss/msg/detail/points__functions.c
[5.418s] -- Installing: /home/mechax/zyb/radar_station/install/my_msgss/include/my_msgss/my_msgss/msg/detail/distpoint__type_support.h
[5.418s] -- Installing: /home/mechax/zyb/radar_station/install/my_msgss/include/my_msgss/my_msgss/msg/detail/points__struct.h
[5.418s] -- Installing: /home/mechax/zyb/radar_station/install/my_msgss/include/my_msgss/my_msgss/msg/detail/point__struct.h
[5.419s] -- Installing: /home/mechax/zyb/radar_station/install/my_msgss/include/my_msgss/my_msgss/msg/detail/distpoint__functions.c
[5.419s] -- Installing: /home/mechax/zyb/radar_station/install/my_msgss/include/my_msgss/my_msgss/msg/detail/yolopoint__struct.h
[5.419s] -- Installing: /home/mechax/zyb/radar_station/install/my_msgss/include/my_msgss/my_msgss/msg/detail/points__type_support.h
[5.419s] -- Installing: /home/mechax/zyb/radar_station/install/my_msgss/include/my_msgss/my_msgss/msg/detail/distpoint__struct.h
[5.419s] -- Installing: /home/mechax/zyb/radar_station/install/my_msgss/include/my_msgss/my_msgss/msg/detail/yolopoints__functions.c
[5.419s] -- Installing: /home/mechax/zyb/radar_station/install/my_msgss/include/my_msgss/my_msgss/msg/detail/yolopoints__struct.h
[5.419s] -- Installing: /home/mechax/zyb/radar_station/install/my_msgss/include/my_msgss/my_msgss/msg/detail/yolopoint__functions.c
[5.419s] -- Installing: /home/mechax/zyb/radar_station/install/my_msgss/include/my_msgss/my_msgss/msg/detail/distpoints__functions.h
[5.419s] -- Installing: /home/mechax/zyb/radar_station/install/my_msgss/include/my_msgss/my_msgss/msg/detail/yolopoints__type_support.h
[5.419s] -- Installing: /home/mechax/zyb/radar_station/install/my_msgss/include/my_msgss/my_msgss/msg/detail/yolopoints__functions.h
[5.419s] -- Installing: /home/mechax/zyb/radar_station/install/my_msgss/include/my_msgss/my_msgss/msg/detail/distpoints__functions.c
[5.419s] -- Installing: /home/mechax/zyb/radar_station/install/my_msgss/include/my_msgss/my_msgss/msg/detail/yolopoint__type_support.h
[5.420s] -- Installing: /home/mechax/zyb/radar_station/install/my_msgss/include/my_msgss/my_msgss/msg/detail/yolopoint__functions.h
[5.420s] -- Installing: /home/mechax/zyb/radar_station/install/my_msgss/include/my_msgss/my_msgss/msg/detail/points__functions.h
[5.420s] -- Installing: /home/mechax/zyb/radar_station/install/my_msgss/include/my_msgss/my_msgss/msg/detail/point__type_support.h
[5.420s] -- Installing: /home/mechax/zyb/radar_station/install/my_msgss/include/my_msgss/my_msgss/msg/detail/distpoints__type_support.h
[5.420s] -- Installing: /home/mechax/zyb/radar_station/install/my_msgss/include/my_msgss/my_msgss/msg/detail/point__functions.h
[5.420s] -- Installing: /home/mechax/zyb/radar_station/install/my_msgss/include/my_msgss/my_msgss/msg/detail/distpoint__functions.h
[5.420s] -- Installing: /home/mechax/zyb/radar_station/install/my_msgss/include/my_msgss/my_msgss/msg/rosidl_generator_c__visibility_control.h
[5.420s] -- Installing: /home/mechax/zyb/radar_station/install/my_msgss/include/my_msgss/my_msgss/msg/distpoints.h
[5.420s] -- Installing: /home/mechax/zyb/radar_station/install/my_msgss/include/my_msgss/my_msgss/msg/yolopoint.h
[5.420s] -- Installing: /home/mechax/zyb/radar_station/install/my_msgss/include/my_msgss/my_msgss/msg/point.h
[5.421s] -- Installing: /home/mechax/zyb/radar_station/install/my_msgss/include/my_msgss/my_msgss/msg/points.h
[5.421s] -- Installing: /home/mechax/zyb/radar_station/install/my_msgss/share/my_msgss/environment/library_path.sh
[5.421s] -- Installing: /home/mechax/zyb/radar_station/install/my_msgss/share/my_msgss/environment/library_path.dsv
[5.421s] -- Installing: /home/mechax/zyb/radar_station/install/my_msgss/lib/libmy_msgss__rosidl_generator_c.so
[5.421s] -- Set runtime path of "/home/mechax/zyb/radar_station/install/my_msgss/lib/libmy_msgss__rosidl_generator_c.so" to ""
[5.421s] -- Up-to-date: /home/mechax/zyb/radar_station/install/my_msgss/include/my_msgss/my_msgss
[5.421s] -- Up-to-date: /home/mechax/zyb/radar_station/install/my_msgss/include/my_msgss/my_msgss/msg
[5.421s] -- Up-to-date: /home/mechax/zyb/radar_station/install/my_msgss/include/my_msgss/my_msgss/msg/detail
[5.421s] -- Installing: /home/mechax/zyb/radar_station/install/my_msgss/include/my_msgss/my_msgss/msg/detail/distpoints__rosidl_typesupport_fastrtps_c.h
[5.421s] -- Installing: /home/mechax/zyb/radar_station/install/my_msgss/include/my_msgss/my_msgss/msg/detail/yolopoint__rosidl_typesupport_fastrtps_c.h
[5.421s] -- Installing: /home/mechax/zyb/radar_station/install/my_msgss/include/my_msgss/my_msgss/msg/detail/point__rosidl_typesupport_fastrtps_c.h
[5.422s] -- Installing: /home/mechax/zyb/radar_station/install/my_msgss/include/my_msgss/my_msgss/msg/detail/yolopoints__rosidl_typesupport_fastrtps_c.h
[5.422s] -- Installing: /home/mechax/zyb/radar_station/install/my_msgss/include/my_msgss/my_msgss/msg/detail/points__rosidl_typesupport_fastrtps_c.h
[5.422s] -- Installing: /home/mechax/zyb/radar_station/install/my_msgss/include/my_msgss/my_msgss/msg/detail/distpoint__rosidl_typesupport_fastrtps_c.h
[5.422s] -- Installing: /home/mechax/zyb/radar_station/install/my_msgss/include/my_msgss/my_msgss/msg/rosidl_typesupport_fastrtps_c__visibility_control.h
[5.422s] -- Installing: /home/mechax/zyb/radar_station/install/my_msgss/lib/libmy_msgss__rosidl_typesupport_fastrtps_c.so
[5.422s] -- Set runtime path of "/home/mechax/zyb/radar_station/install/my_msgss/lib/libmy_msgss__rosidl_typesupport_fastrtps_c.so" to ""
[5.422s] -- Up-to-date: /home/mechax/zyb/radar_station/install/my_msgss/include/my_msgss/my_msgss
[5.422s] -- Up-to-date: /home/mechax/zyb/radar_station/install/my_msgss/include/my_msgss/my_msgss/msg
[5.422s] -- Installing: /home/mechax/zyb/radar_station/install/my_msgss/include/my_msgss/my_msgss/msg/rosidl_typesupport_introspection_c__visibility_control.h
[5.422s] -- Up-to-date: /home/mechax/zyb/radar_station/install/my_msgss/include/my_msgss/my_msgss/msg/detail
[5.422s] -- Installing: /home/mechax/zyb/radar_station/install/my_msgss/include/my_msgss/my_msgss/msg/detail/distpoints__rosidl_typesupport_introspection_c.h
[5.423s] -- Installing: /home/mechax/zyb/radar_station/install/my_msgss/include/my_msgss/my_msgss/msg/detail/points__type_support.c
[5.423s] -- Installing: /home/mechax/zyb/radar_station/install/my_msgss/include/my_msgss/my_msgss/msg/detail/points__rosidl_typesupport_introspection_c.h
[5.423s] -- Installing: /home/mechax/zyb/radar_station/install/my_msgss/include/my_msgss/my_msgss/msg/detail/distpoint__rosidl_typesupport_introspection_c.h
[5.423s] -- Installing: /home/mechax/zyb/radar_station/install/my_msgss/include/my_msgss/my_msgss/msg/detail/point__rosidl_typesupport_introspection_c.h
[5.423s] -- Installing: /home/mechax/zyb/radar_station/install/my_msgss/include/my_msgss/my_msgss/msg/detail/distpoint__type_support.c
[5.423s] -- Installing: /home/mechax/zyb/radar_station/install/my_msgss/include/my_msgss/my_msgss/msg/detail/yolopoints__type_support.c
[5.423s] -- Installing: /home/mechax/zyb/radar_station/install/my_msgss/include/my_msgss/my_msgss/msg/detail/yolopoint__type_support.c
[5.423s] -- Installing: /home/mechax/zyb/radar_station/install/my_msgss/include/my_msgss/my_msgss/msg/detail/yolopoints__rosidl_typesupport_introspection_c.h
[5.424s] -- Installing: /home/mechax/zyb/radar_station/install/my_msgss/include/my_msgss/my_msgss/msg/detail/distpoints__type_support.c
[5.424s] -- Installing: /home/mechax/zyb/radar_station/install/my_msgss/include/my_msgss/my_msgss/msg/detail/point__type_support.c
[5.424s] -- Installing: /home/mechax/zyb/radar_station/install/my_msgss/include/my_msgss/my_msgss/msg/detail/yolopoint__rosidl_typesupport_introspection_c.h
[5.424s] -- Installing: /home/mechax/zyb/radar_station/install/my_msgss/lib/libmy_msgss__rosidl_typesupport_introspection_c.so
[5.424s] -- Set runtime path of "/home/mechax/zyb/radar_station/install/my_msgss/lib/libmy_msgss__rosidl_typesupport_introspection_c.so" to ""
[5.424s] -- Installing: /home/mechax/zyb/radar_station/install/my_msgss/lib/libmy_msgss__rosidl_typesupport_c.so
[5.424s] -- Set runtime path of "/home/mechax/zyb/radar_station/install/my_msgss/lib/libmy_msgss__rosidl_typesupport_c.so" to ""
[5.424s] -- Up-to-date: /home/mechax/zyb/radar_station/install/my_msgss/include/my_msgss/my_msgss
[5.424s] -- Up-to-date: /home/mechax/zyb/radar_station/install/my_msgss/include/my_msgss/my_msgss/msg
[5.424s] -- Installing: /home/mechax/zyb/radar_station/install/my_msgss/include/my_msgss/my_msgss/msg/distpoints.hpp
[5.424s] -- Up-to-date: /home/mechax/zyb/radar_station/install/my_msgss/include/my_msgss/my_msgss/msg/detail
[5.425s] -- Installing: /home/mechax/zyb/radar_station/install/my_msgss/include/my_msgss/my_msgss/msg/detail/point__traits.hpp
[5.425s] -- Installing: /home/mechax/zyb/radar_station/install/my_msgss/include/my_msgss/my_msgss/msg/detail/point__struct.hpp
[5.425s] -- Installing: /home/mechax/zyb/radar_station/install/my_msgss/include/my_msgss/my_msgss/msg/detail/distpoint__traits.hpp
[5.425s] -- Installing: /home/mechax/zyb/radar_station/install/my_msgss/include/my_msgss/my_msgss/msg/detail/points__struct.hpp
[5.425s] -- Installing: /home/mechax/zyb/radar_station/install/my_msgss/include/my_msgss/my_msgss/msg/detail/distpoints__builder.hpp
[5.425s] -- Installing: /home/mechax/zyb/radar_station/install/my_msgss/include/my_msgss/my_msgss/msg/detail/yolopoints__traits.hpp
[5.425s] -- Installing: /home/mechax/zyb/radar_station/install/my_msgss/include/my_msgss/my_msgss/msg/detail/distpoint__builder.hpp
[5.425s] -- Installing: /home/mechax/zyb/radar_station/install/my_msgss/include/my_msgss/my_msgss/msg/detail/distpoints__traits.hpp
[5.425s] -- Installing: /home/mechax/zyb/radar_station/install/my_msgss/include/my_msgss/my_msgss/msg/detail/points__builder.hpp
[5.425s] -- Installing: /home/mechax/zyb/radar_station/install/my_msgss/include/my_msgss/my_msgss/msg/detail/yolopoint__traits.hpp
[5.425s] -- Installing: /home/mechax/zyb/radar_station/install/my_msgss/include/my_msgss/my_msgss/msg/detail/points__traits.hpp
[5.425s] -- Installing: /home/mechax/zyb/radar_station/install/my_msgss/include/my_msgss/my_msgss/msg/detail/yolopoint__builder.hpp
[5.425s] -- Installing: /home/mechax/zyb/radar_station/install/my_msgss/include/my_msgss/my_msgss/msg/detail/yolopoints__struct.hpp
[5.426s] -- Installing: /home/mechax/zyb/radar_station/install/my_msgss/include/my_msgss/my_msgss/msg/detail/distpoints__struct.hpp
[5.426s] -- Installing: /home/mechax/zyb/radar_station/install/my_msgss/include/my_msgss/my_msgss/msg/detail/yolopoints__builder.hpp
[5.426s] -- Installing: /home/mechax/zyb/radar_station/install/my_msgss/include/my_msgss/my_msgss/msg/detail/yolopoint__struct.hpp
[5.426s] -- Installing: /home/mechax/zyb/radar_station/install/my_msgss/include/my_msgss/my_msgss/msg/detail/point__builder.hpp
[5.426s] -- Installing: /home/mechax/zyb/radar_station/install/my_msgss/include/my_msgss/my_msgss/msg/detail/distpoint__struct.hpp
[5.426s] -- Installing: /home/mechax/zyb/radar_station/install/my_msgss/include/my_msgss/my_msgss/msg/distpoint.hpp
[5.426s] -- Installing: /home/mechax/zyb/radar_station/install/my_msgss/include/my_msgss/my_msgss/msg/yolopoint.hpp
[5.426s] -- Installing: /home/mechax/zyb/radar_station/install/my_msgss/include/my_msgss/my_msgss/msg/yolopoints.hpp
[5.426s] -- Installing: /home/mechax/zyb/radar_station/install/my_msgss/include/my_msgss/my_msgss/msg/point.hpp
[5.427s] -- Installing: /home/mechax/zyb/radar_station/install/my_msgss/include/my_msgss/my_msgss/msg/points.hpp
[5.427s] -- Up-to-date: /home/mechax/zyb/radar_station/install/my_msgss/include/my_msgss/my_msgss
[5.427s] -- Up-to-date: /home/mechax/zyb/radar_station/install/my_msgss/include/my_msgss/my_msgss/msg
[5.427s] -- Up-to-date: /home/mechax/zyb/radar_station/install/my_msgss/include/my_msgss/my_msgss/msg/detail
[5.427s] -- Installing: /home/mechax/zyb/radar_station/install/my_msgss/include/my_msgss/my_msgss/msg/detail/point__rosidl_typesupport_fastrtps_cpp.hpp
[5.427s] -- Installing: /home/mechax/zyb/radar_station/install/my_msgss/include/my_msgss/my_msgss/msg/detail/yolopoints__rosidl_typesupport_fastrtps_cpp.hpp
[5.428s] -- Installing: /home/mechax/zyb/radar_station/install/my_msgss/include/my_msgss/my_msgss/msg/detail/distpoint__rosidl_typesupport_fastrtps_cpp.hpp
[5.428s] -- Installing: /home/mechax/zyb/radar_station/install/my_msgss/include/my_msgss/my_msgss/msg/detail/points__rosidl_typesupport_fastrtps_cpp.hpp
[5.428s] -- Installing: /home/mechax/zyb/radar_station/install/my_msgss/include/my_msgss/my_msgss/msg/detail/distpoints__rosidl_typesupport_fastrtps_cpp.hpp
[5.428s] -- Installing: /home/mechax/zyb/radar_station/install/my_msgss/include/my_msgss/my_msgss/msg/detail/yolopoint__rosidl_typesupport_fastrtps_cpp.hpp
[5.428s] -- Installing: /home/mechax/zyb/radar_station/install/my_msgss/include/my_msgss/my_msgss/msg/detail/dds_fastrtps
[5.428s] -- Installing: /home/mechax/zyb/radar_station/install/my_msgss/include/my_msgss/my_msgss/msg/rosidl_typesupport_fastrtps_cpp__visibility_control.h
[5.428s] -- Installing: /home/mechax/zyb/radar_station/install/my_msgss/lib/libmy_msgss__rosidl_typesupport_fastrtps_cpp.so
[5.428s] -- Set runtime path of "/home/mechax/zyb/radar_station/install/my_msgss/lib/libmy_msgss__rosidl_typesupport_fastrtps_cpp.so" to ""
[5.428s] -- Up-to-date: /home/mechax/zyb/radar_station/install/my_msgss/include/my_msgss/my_msgss
[5.428s] -- Up-to-date: /home/mechax/zyb/radar_station/install/my_msgss/include/my_msgss/my_msgss/msg
[5.429s] -- Up-to-date: /home/mechax/zyb/radar_station/install/my_msgss/include/my_msgss/my_msgss/msg/detail
[5.429s] -- Installing: /home/mechax/zyb/radar_station/install/my_msgss/include/my_msgss/my_msgss/msg/detail/distpoints__rosidl_typesupport_introspection_cpp.hpp
[5.429s] -- Installing: /home/mechax/zyb/radar_station/install/my_msgss/include/my_msgss/my_msgss/msg/detail/distpoint__type_support.cpp
[5.429s] -- Installing: /home/mechax/zyb/radar_station/install/my_msgss/include/my_msgss/my_msgss/msg/detail/yolopoints__type_support.cpp
[5.429s] -- Installing: /home/mechax/zyb/radar_station/install/my_msgss/include/my_msgss/my_msgss/msg/detail/distpoint__rosidl_typesupport_introspection_cpp.hpp
[5.429s] -- Installing: /home/mechax/zyb/radar_station/install/my_msgss/include/my_msgss/my_msgss/msg/detail/yolopoint__type_support.cpp
[5.429s] -- Installing: /home/mechax/zyb/radar_station/install/my_msgss/include/my_msgss/my_msgss/msg/detail/yolopoints__rosidl_typesupport_introspection_cpp.hpp
[5.429s] -- Installing: /home/mechax/zyb/radar_station/install/my_msgss/include/my_msgss/my_msgss/msg/detail/point__type_support.cpp
[5.429s] -- Installing: /home/mechax/zyb/radar_station/install/my_msgss/include/my_msgss/my_msgss/msg/detail/point__rosidl_typesupport_introspection_cpp.hpp
[5.429s] -- Installing: /home/mechax/zyb/radar_station/install/my_msgss/include/my_msgss/my_msgss/msg/detail/yolopoint__rosidl_typesupport_introspection_cpp.hpp
[5.430s] -- Installing: /home/mechax/zyb/radar_station/install/my_msgss/include/my_msgss/my_msgss/msg/detail/points__rosidl_typesupport_introspection_cpp.hpp
[5.430s] -- Installing: /home/mechax/zyb/radar_station/install/my_msgss/include/my_msgss/my_msgss/msg/detail/points__type_support.cpp
[5.430s] -- Installing: /home/mechax/zyb/radar_station/install/my_msgss/include/my_msgss/my_msgss/msg/detail/distpoints__type_support.cpp
[5.430s] -- Installing: /home/mechax/zyb/radar_station/install/my_msgss/lib/libmy_msgss__rosidl_typesupport_introspection_cpp.so
[5.430s] -- Set runtime path of "/home/mechax/zyb/radar_station/install/my_msgss/lib/libmy_msgss__rosidl_typesupport_introspection_cpp.so" to ""
[5.430s] -- Installing: /home/mechax/zyb/radar_station/install/my_msgss/lib/libmy_msgss__rosidl_typesupport_cpp.so
[5.430s] -- Set runtime path of "/home/mechax/zyb/radar_station/install/my_msgss/lib/libmy_msgss__rosidl_typesupport_cpp.so" to ""
[5.430s] -- Installing: /home/mechax/zyb/radar_station/install/my_msgss/share/my_msgss/environment/pythonpath.sh
[5.430s] -- Installing: /home/mechax/zyb/radar_station/install/my_msgss/share/my_msgss/environment/pythonpath.dsv
[5.430s] -- Installing: /home/mechax/zyb/radar_station/install/my_msgss/local/lib/python3.10/dist-packages/my_msgss-0.0.0-py3.10.egg-info
[5.430s] -- Installing: /home/mechax/zyb/radar_station/install/my_msgss/local/lib/python3.10/dist-packages/my_msgss-0.0.0-py3.10.egg-info/SOURCES.txt
[5.431s] -- Installing: /home/mechax/zyb/radar_station/install/my_msgss/local/lib/python3.10/dist-packages/my_msgss-0.0.0-py3.10.egg-info/top_level.txt
[5.431s] -- Installing: /home/mechax/zyb/radar_station/install/my_msgss/local/lib/python3.10/dist-packages/my_msgss-0.0.0-py3.10.egg-info/PKG-INFO
[5.431s] -- Installing: /home/mechax/zyb/radar_station/install/my_msgss/local/lib/python3.10/dist-packages/my_msgss-0.0.0-py3.10.egg-info/dependency_links.txt
[5.431s] -- Installing: /home/mechax/zyb/radar_station/install/my_msgss/local/lib/python3.10/dist-packages/my_msgss
[5.431s] -- Installing: /home/mechax/zyb/radar_station/install/my_msgss/local/lib/python3.10/dist-packages/my_msgss/msg
[5.431s] -- Installing: /home/mechax/zyb/radar_station/install/my_msgss/local/lib/python3.10/dist-packages/my_msgss/msg/_yolopoints.py
[5.431s] -- Installing: /home/mechax/zyb/radar_station/install/my_msgss/local/lib/python3.10/dist-packages/my_msgss/msg/_yolopoint_s.c
[5.431s] -- Installing: /home/mechax/zyb/radar_station/install/my_msgss/local/lib/python3.10/dist-packages/my_msgss/msg/_distpoints.py
[5.431s] -- Installing: /home/mechax/zyb/radar_station/install/my_msgss/local/lib/python3.10/dist-packages/my_msgss/msg/_point_s.c
[5.431s] -- Installing: /home/mechax/zyb/radar_station/install/my_msgss/local/lib/python3.10/dist-packages/my_msgss/msg/_yolopoint.py
[5.431s] -- Installing: /home/mechax/zyb/radar_station/install/my_msgss/local/lib/python3.10/dist-packages/my_msgss/msg/_distpoint.py
[5.431s] -- Installing: /home/mechax/zyb/radar_station/install/my_msgss/local/lib/python3.10/dist-packages/my_msgss/msg/_yolopoints_s.c
[5.431s] -- Installing: /home/mechax/zyb/radar_station/install/my_msgss/local/lib/python3.10/dist-packages/my_msgss/msg/_point.py
[5.431s] -- Installing: /home/mechax/zyb/radar_station/install/my_msgss/local/lib/python3.10/dist-packages/my_msgss/msg/_points.py
[5.431s] -- Installing: /home/mechax/zyb/radar_station/install/my_msgss/local/lib/python3.10/dist-packages/my_msgss/msg/_points_s.c
[5.432s] -- Installing: /home/mechax/zyb/radar_station/install/my_msgss/local/lib/python3.10/dist-packages/my_msgss/msg/_distpoint_s.c
[5.432s] -- Installing: /home/mechax/zyb/radar_station/install/my_msgss/local/lib/python3.10/dist-packages/my_msgss/msg/__init__.py
[5.432s] -- Installing: /home/mechax/zyb/radar_station/install/my_msgss/local/lib/python3.10/dist-packages/my_msgss/msg/_distpoints_s.c
[5.432s] -- Installing: /home/mechax/zyb/radar_station/install/my_msgss/local/lib/python3.10/dist-packages/my_msgss/_my_msgss_s.ep.rosidl_typesupport_c.c
[5.432s] -- Installing: /home/mechax/zyb/radar_station/install/my_msgss/local/lib/python3.10/dist-packages/my_msgss/my_msgss_s__rosidl_typesupport_fastrtps_c.cpython-310-x86_64-linux-gnu.so
[5.432s] -- Installing: /home/mechax/zyb/radar_station/install/my_msgss/local/lib/python3.10/dist-packages/my_msgss/_my_msgss_s.ep.rosidl_typesupport_introspection_c.c
[5.432s] -- Installing: /home/mechax/zyb/radar_station/install/my_msgss/local/lib/python3.10/dist-packages/my_msgss/_my_msgss_s.ep.rosidl_typesupport_fastrtps_c.c
[5.432s] -- Installing: /home/mechax/zyb/radar_station/install/my_msgss/local/lib/python3.10/dist-packages/my_msgss/my_msgss_s__rosidl_typesupport_c.cpython-310-x86_64-linux-gnu.so
[5.432s] -- Installing: /home/mechax/zyb/radar_station/install/my_msgss/local/lib/python3.10/dist-packages/my_msgss/libmy_msgss__rosidl_generator_py.so
[5.432s] -- Installing: /home/mechax/zyb/radar_station/install/my_msgss/local/lib/python3.10/dist-packages/my_msgss/my_msgss_s__rosidl_typesupport_introspection_c.cpython-310-x86_64-linux-gnu.so
[5.432s] -- Installing: /home/mechax/zyb/radar_station/install/my_msgss/local/lib/python3.10/dist-packages/my_msgss/__init__.py
[5.458s] Listing '/home/mechax/zyb/radar_station/install/my_msgss/local/lib/python3.10/dist-packages/my_msgss'...
[5.458s] Compiling '/home/mechax/zyb/radar_station/install/my_msgss/local/lib/python3.10/dist-packages/my_msgss/__init__.py'...
[5.458s] Listing '/home/mechax/zyb/radar_station/install/my_msgss/local/lib/python3.10/dist-packages/my_msgss/msg'...
[5.458s] Compiling '/home/mechax/zyb/radar_station/install/my_msgss/local/lib/python3.10/dist-packages/my_msgss/msg/__init__.py'...
[5.458s] Compiling '/home/mechax/zyb/radar_station/install/my_msgss/local/lib/python3.10/dist-packages/my_msgss/msg/_distpoint.py'...
[5.458s] Compiling '/home/mechax/zyb/radar_station/install/my_msgss/local/lib/python3.10/dist-packages/my_msgss/msg/_distpoints.py'...
[5.459s] Compiling '/home/mechax/zyb/radar_station/install/my_msgss/local/lib/python3.10/dist-packages/my_msgss/msg/_point.py'...
[5.459s] Compiling '/home/mechax/zyb/radar_station/install/my_msgss/local/lib/python3.10/dist-packages/my_msgss/msg/_points.py'...
[5.459s] Compiling '/home/mechax/zyb/radar_station/install/my_msgss/local/lib/python3.10/dist-packages/my_msgss/msg/_yolopoint.py'...
[5.459s] Compiling '/home/mechax/zyb/radar_station/install/my_msgss/local/lib/python3.10/dist-packages/my_msgss/msg/_yolopoints.py'...
[5.462s] -- Installing: /home/mechax/zyb/radar_station/install/my_msgss/local/lib/python3.10/dist-packages/my_msgss/my_msgss_s__rosidl_typesupport_fastrtps_c.cpython-310-x86_64-linux-gnu.so
[5.462s] -- Set runtime path of "/home/mechax/zyb/radar_station/install/my_msgss/local/lib/python3.10/dist-packages/my_msgss/my_msgss_s__rosidl_typesupport_fastrtps_c.cpython-310-x86_64-linux-gnu.so" to ""
[5.462s] -- Installing: /home/mechax/zyb/radar_station/install/my_msgss/local/lib/python3.10/dist-packages/my_msgss/my_msgss_s__rosidl_typesupport_introspection_c.cpython-310-x86_64-linux-gnu.so
[5.462s] -- Set runtime path of "/home/mechax/zyb/radar_station/install/my_msgss/local/lib/python3.10/dist-packages/my_msgss/my_msgss_s__rosidl_typesupport_introspection_c.cpython-310-x86_64-linux-gnu.so" to ""
[5.463s] -- Installing: /home/mechax/zyb/radar_station/install/my_msgss/local/lib/python3.10/dist-packages/my_msgss/my_msgss_s__rosidl_typesupport_c.cpython-310-x86_64-linux-gnu.so
[5.463s] -- Set runtime path of "/home/mechax/zyb/radar_station/install/my_msgss/local/lib/python3.10/dist-packages/my_msgss/my_msgss_s__rosidl_typesupport_c.cpython-310-x86_64-linux-gnu.so" to ""
[5.463s] -- Installing: /home/mechax/zyb/radar_station/install/my_msgss/lib/libmy_msgss__rosidl_generator_py.so
[5.463s] -- Set runtime path of "/home/mechax/zyb/radar_station/install/my_msgss/lib/libmy_msgss__rosidl_generator_py.so" to ""
[5.463s] -- Installing: /home/mechax/zyb/radar_station/install/my_msgss/share/my_msgss/msg/Yolopoint.idl
[5.463s] -- Installing: /home/mechax/zyb/radar_station/install/my_msgss/share/my_msgss/msg/Yolopoints.idl
[5.463s] -- Installing: /home/mechax/zyb/radar_station/install/my_msgss/share/my_msgss/msg/Distpoint.idl
[5.463s] -- Installing: /home/mechax/zyb/radar_station/install/my_msgss/share/my_msgss/msg/Distpoints.idl
[5.463s] -- Installing: /home/mechax/zyb/radar_station/install/my_msgss/share/my_msgss/msg/Point.idl
[5.463s] -- Installing: /home/mechax/zyb/radar_station/install/my_msgss/share/my_msgss/msg/Points.idl
[5.464s] -- Installing: /home/mechax/zyb/radar_station/install/my_msgss/share/my_msgss/msg/Yolopoint.msg
[5.464s] -- Installing: /home/mechax/zyb/radar_station/install/my_msgss/share/my_msgss/msg/Yolopoints.msg
[5.464s] -- Installing: /home/mechax/zyb/radar_station/install/my_msgss/share/my_msgss/msg/Distpoint.msg
[5.464s] -- Installing: /home/mechax/zyb/radar_station/install/my_msgss/share/my_msgss/msg/Distpoints.msg
[5.464s] -- Installing: /home/mechax/zyb/radar_station/install/my_msgss/share/my_msgss/msg/Point.msg
[5.464s] -- Installing: /home/mechax/zyb/radar_station/install/my_msgss/share/my_msgss/msg/Points.msg
[5.464s] -- Installing: /home/mechax/zyb/radar_station/install/my_msgss/share/my_msgss/launch
[5.464s] -- Installing: /home/mechax/zyb/radar_station/install/my_msgss/share/my_msgss/launch/radar_station_launch.py
[5.464s] -- Installing: /home/mechax/zyb/radar_station/install/my_msgss/share/ament_index/resource_index/package_run_dependencies/my_msgss
[5.464s] -- Installing: /home/mechax/zyb/radar_station/install/my_msgss/share/ament_index/resource_index/parent_prefix_path/my_msgss
[5.465s] -- Installing: /home/mechax/zyb/radar_station/install/my_msgss/share/my_msgss/environment/ament_prefix_path.sh
[5.465s] -- Installing: /home/mechax/zyb/radar_station/install/my_msgss/share/my_msgss/environment/ament_prefix_path.dsv
[5.465s] -- Installing: /home/mechax/zyb/radar_station/install/my_msgss/share/my_msgss/environment/path.sh
[5.465s] -- Installing: /home/mechax/zyb/radar_station/install/my_msgss/share/my_msgss/environment/path.dsv
[5.465s] -- Installing: /home/mechax/zyb/radar_station/install/my_msgss/share/my_msgss/local_setup.bash
[5.465s] -- Installing: /home/mechax/zyb/radar_station/install/my_msgss/share/my_msgss/local_setup.sh
[5.465s] -- Installing: /home/mechax/zyb/radar_station/install/my_msgss/share/my_msgss/local_setup.zsh
[5.465s] -- Installing: /home/mechax/zyb/radar_station/install/my_msgss/share/my_msgss/local_setup.dsv
[5.465s] -- Installing: /home/mechax/zyb/radar_station/install/my_msgss/share/my_msgss/package.dsv
[5.465s] -- Installing: /home/mechax/zyb/radar_station/install/my_msgss/share/ament_index/resource_index/packages/my_msgss
[5.465s] -- Installing: /home/mechax/zyb/radar_station/install/my_msgss/share/my_msgss/cmake/export_my_msgss__rosidl_generator_cExport.cmake
[5.465s] -- Installing: /home/mechax/zyb/radar_station/install/my_msgss/share/my_msgss/cmake/export_my_msgss__rosidl_generator_cExport-noconfig.cmake
[5.466s] -- Installing: /home/mechax/zyb/radar_station/install/my_msgss/share/my_msgss/cmake/export_my_msgss__rosidl_typesupport_fastrtps_cExport.cmake
[5.466s] -- Installing: /home/mechax/zyb/radar_station/install/my_msgss/share/my_msgss/cmake/export_my_msgss__rosidl_typesupport_fastrtps_cExport-noconfig.cmake
[5.466s] -- Installing: /home/mechax/zyb/radar_station/install/my_msgss/share/my_msgss/cmake/my_msgss__rosidl_typesupport_introspection_cExport.cmake
[5.466s] -- Installing: /home/mechax/zyb/radar_station/install/my_msgss/share/my_msgss/cmake/my_msgss__rosidl_typesupport_introspection_cExport-noconfig.cmake
[5.466s] -- Installing: /home/mechax/zyb/radar_station/install/my_msgss/share/my_msgss/cmake/my_msgss__rosidl_typesupport_cExport.cmake
[5.466s] -- Installing: /home/mechax/zyb/radar_station/install/my_msgss/share/my_msgss/cmake/my_msgss__rosidl_typesupport_cExport-noconfig.cmake
[5.466s] -- Installing: /home/mechax/zyb/radar_station/install/my_msgss/share/my_msgss/cmake/export_my_msgss__rosidl_generator_cppExport.cmake
[5.466s] -- Installing: /home/mechax/zyb/radar_station/install/my_msgss/share/my_msgss/cmake/export_my_msgss__rosidl_typesupport_fastrtps_cppExport.cmake
[5.466s] -- Installing: /home/mechax/zyb/radar_station/install/my_msgss/share/my_msgss/cmake/export_my_msgss__rosidl_typesupport_fastrtps_cppExport-noconfig.cmake
[5.466s] -- Installing: /home/mechax/zyb/radar_station/install/my_msgss/share/my_msgss/cmake/my_msgss__rosidl_typesupport_introspection_cppExport.cmake
[5.466s] -- Installing: /home/mechax/zyb/radar_station/install/my_msgss/share/my_msgss/cmake/my_msgss__rosidl_typesupport_introspection_cppExport-noconfig.cmake
[5.466s] -- Installing: /home/mechax/zyb/radar_station/install/my_msgss/share/my_msgss/cmake/my_msgss__rosidl_typesupport_cppExport.cmake
[5.467s] -- Installing: /home/mechax/zyb/radar_station/install/my_msgss/share/my_msgss/cmake/my_msgss__rosidl_typesupport_cppExport-noconfig.cmake
[5.467s] -- Installing: /home/mechax/zyb/radar_station/install/my_msgss/share/my_msgss/cmake/export_my_msgss__rosidl_generator_pyExport.cmake
[5.468s] -- Installing: /home/mechax/zyb/radar_station/install/my_msgss/share/my_msgss/cmake/export_my_msgss__rosidl_generator_pyExport-noconfig.cmake
[5.468s] -- Installing: /home/mechax/zyb/radar_station/install/my_msgss/share/my_msgss/cmake/rosidl_cmake-extras.cmake
[5.468s] -- Installing: /home/mechax/zyb/radar_station/install/my_msgss/share/my_msgss/cmake/ament_cmake_export_include_directories-extras.cmake
[5.468s] -- Installing: /home/mechax/zyb/radar_station/install/my_msgss/share/my_msgss/cmake/ament_cmake_export_libraries-extras.cmake
[5.468s] -- Installing: /home/mechax/zyb/radar_station/install/my_msgss/share/my_msgss/cmake/ament_cmake_export_targets-extras.cmake
[5.469s] -- Installing: /home/mechax/zyb/radar_station/install/my_msgss/share/my_msgss/cmake/rosidl_cmake_export_typesupport_targets-extras.cmake
[5.469s] -- Installing: /home/mechax/zyb/radar_station/install/my_msgss/share/my_msgss/cmake/ament_cmake_export_dependencies-extras.cmake
[5.469s] -- Installing: /home/mechax/zyb/radar_station/install/my_msgss/share/my_msgss/cmake/rosidl_cmake_export_typesupport_libraries-extras.cmake
[5.469s] -- Installing: /home/mechax/zyb/radar_station/install/my_msgss/share/my_msgss/cmake/my_msgssConfig.cmake
[5.469s] -- Installing: /home/mechax/zyb/radar_station/install/my_msgss/share/my_msgss/cmake/my_msgssConfig-version.cmake
[5.470s] -- Installing: /home/mechax/zyb/radar_station/install/my_msgss/share/my_msgss/package.xml
[5.470s] Invoked command in '/home/mechax/zyb/radar_station/build/my_msgss' returned '0': CMAKE_PREFIX_PATH=${CMAKE_PREFIX_PATH}:/opt/ros/humble /usr/bin/cmake --install /home/mechax/zyb/radar_station/build/my_msgss
