[0.130s] Invoking command in '/home/mechax/zyb/radar_station/build/Game_Map': CMAKE_PREFIX_PATH=/home/mechax/zyb/radar_station/install/my_msgss:/home/mechax/zyb/radar_station/install/Img_Handle:/home/mechax/zyb/radar_station/install/Game_Map:/home/mechax/zyb/radar_station/install/Yolo_Handle:/home/mechax/zyb/radar_station/install/Get_Camera_Img:/home/mechax/ws_livox/install/livox_ros2_driver:/home/mechax/ws_livox/install/livox_sdk_vendor:/home/mechax/ws_livox/install/livox_interfaces:/opt/ros/humble /usr/bin/cmake --build /home/mechax/zyb/radar_station/build/Game_Map -- -j16 -l16
[0.145s] -- Found ament_cmake: 1.3.6 (/opt/ros/humble/share/ament_cmake/cmake)
[0.250s] -- Found rclcpp: 16.0.7 (/opt/ros/humble/share/rclcpp/cmake)
[0.268s] -- Found rosidl_generator_c: 3.1.5 (/opt/ros/humble/share/rosidl_generator_c/cmake)
[0.270s] -- Found rosidl_adapter: 3.1.5 (/opt/ros/humble/share/rosidl_adapter/cmake)
[0.274s] -- Found rosidl_generator_cpp: 3.1.5 (/opt/ros/humble/share/rosidl_generator_cpp/cmake)
[0.281s] -- Using all available rosidl_typesupport_c: rosidl_typesupport_fastrtps_c;rosidl_typesupport_introspection_c
[0.291s] -- Using all available rosidl_typesupport_cpp: rosidl_typesupport_fastrtps_cpp;rosidl_typesupport_introspection_cpp
[0.326s] -- Found rmw_implementation_cmake: 6.1.1 (/opt/ros/humble/share/rmw_implementation_cmake/cmake)
[0.327s] -- Found rmw_fastrtps_cpp: 6.2.5 (/opt/ros/humble/share/rmw_fastrtps_cpp/cmake)
[0.403s] -- Using RMW implementation 'rmw_fastrtps_cpp' as default
[0.498s] -- Found sensor_msgs: 4.2.3 (/opt/ros/humble/share/sensor_msgs/cmake)
[0.575s] -- Found my_msgss: 0.0.0 (/home/mechax/zyb/radar_station/install/my_msgss/share/my_msgss/cmake)
[0.585s] -- Found ament_lint_auto: 0.12.9 (/opt/ros/humble/share/ament_lint_auto/cmake)
[0.618s] WARNING: Package name "Game_Map" does not follow the naming conventions. It should start with a lower case letter and only contain lower case letters, digits, underscores, and dashes.
[0.631s] -- Added test 'cppcheck' to perform static code analysis on C / C++ code
[0.631s] -- Configured cppcheck include dirs: /home/mechax/zyb/radar_station/src/Game_Map/include_directories;/home/mechax/zyb/radar_station/src/Game_Map/(;/home/mechax/zyb/radar_station/src/Game_Map/include;/home/mechax/zyb/radar_station/src/Game_Map/)
[0.631s] -- Configured cppcheck exclude dirs and/or files: 
[0.631s] -- Added test 'flake8' to check Python code syntax and style conventions
[0.632s] -- Added test 'lint_cmake' to check CMake code style
[0.632s] -- Added test 'pep257' to check Python code against some of the docstring style conventions in PEP 257
[0.634s] -- Added test 'uncrustify' to check C / C++ code style
[0.634s] -- Configured uncrustify additional arguments: 
[0.634s] -- Added test 'xmllint' to check XML markup files
[0.635s] -- Configuring done
[0.642s] -- Generating done
[0.643s] -- Build files have been written to: /home/mechax/zyb/radar_station/build/Game_Map
[0.662s] [35m[1mConsolidate compiler generated dependencies of target Game_Map[0m
[0.673s] [ 50%] [32m[1mLinking CXX executable Game_Map[0m
[0.901s] [100%] Built target Game_Map
[0.909s] Invoked command in '/home/mechax/zyb/radar_station/build/Game_Map' returned '0': CMAKE_PREFIX_PATH=/home/mechax/zyb/radar_station/install/my_msgss:/home/mechax/zyb/radar_station/install/Img_Handle:/home/mechax/zyb/radar_station/install/Game_Map:/home/mechax/zyb/radar_station/install/Yolo_Handle:/home/mechax/zyb/radar_station/install/Get_Camera_Img:/home/mechax/ws_livox/install/livox_ros2_driver:/home/mechax/ws_livox/install/livox_sdk_vendor:/home/mechax/ws_livox/install/livox_interfaces:/opt/ros/humble /usr/bin/cmake --build /home/mechax/zyb/radar_station/build/Game_Map -- -j16 -l16
[0.925s] Invoking command in '/home/mechax/zyb/radar_station/build/Game_Map': CMAKE_PREFIX_PATH=/home/mechax/zyb/radar_station/install/my_msgss:/home/mechax/zyb/radar_station/install/Img_Handle:/home/mechax/zyb/radar_station/install/Game_Map:/home/mechax/zyb/radar_station/install/Yolo_Handle:/home/mechax/zyb/radar_station/install/Get_Camera_Img:/home/mechax/ws_livox/install/livox_ros2_driver:/home/mechax/ws_livox/install/livox_sdk_vendor:/home/mechax/ws_livox/install/livox_interfaces:/opt/ros/humble /usr/bin/cmake --install /home/mechax/zyb/radar_station/build/Game_Map
[0.930s] -- Install configuration: ""
[0.931s] -- Installing: /home/mechax/zyb/radar_station/install/Game_Map/lib/Game_Map/Game_Map
[0.931s] -- Set runtime path of "/home/mechax/zyb/radar_station/install/Game_Map/lib/Game_Map/Game_Map" to ""
[0.931s] -- Up-to-date: /home/mechax/zyb/radar_station/install/Game_Map/share/ament_index/resource_index/package_run_dependencies/Game_Map
[0.931s] -- Installing: /home/mechax/zyb/radar_station/install/Game_Map/share/ament_index/resource_index/parent_prefix_path/Game_Map
[0.931s] -- Up-to-date: /home/mechax/zyb/radar_station/install/Game_Map/share/Game_Map/environment/ament_prefix_path.sh
[0.932s] -- Installing: /home/mechax/zyb/radar_station/install/Game_Map/share/Game_Map/environment/ament_prefix_path.dsv
[0.932s] -- Up-to-date: /home/mechax/zyb/radar_station/install/Game_Map/share/Game_Map/environment/path.sh
[0.932s] -- Installing: /home/mechax/zyb/radar_station/install/Game_Map/share/Game_Map/environment/path.dsv
[0.932s] -- Up-to-date: /home/mechax/zyb/radar_station/install/Game_Map/share/Game_Map/local_setup.bash
[0.932s] -- Up-to-date: /home/mechax/zyb/radar_station/install/Game_Map/share/Game_Map/local_setup.sh
[0.932s] -- Up-to-date: /home/mechax/zyb/radar_station/install/Game_Map/share/Game_Map/local_setup.zsh
[0.932s] -- Installing: /home/mechax/zyb/radar_station/install/Game_Map/share/Game_Map/local_setup.dsv
[0.932s] -- Installing: /home/mechax/zyb/radar_station/install/Game_Map/share/Game_Map/package.dsv
[0.932s] -- Up-to-date: /home/mechax/zyb/radar_station/install/Game_Map/share/ament_index/resource_index/packages/Game_Map
[0.932s] -- Up-to-date: /home/mechax/zyb/radar_station/install/Game_Map/share/Game_Map/cmake/Game_MapConfig.cmake
[0.932s] -- Up-to-date: /home/mechax/zyb/radar_station/install/Game_Map/share/Game_Map/cmake/Game_MapConfig-version.cmake
[0.933s] -- Up-to-date: /home/mechax/zyb/radar_station/install/Game_Map/share/Game_Map/package.xml
[0.933s] Invoked command in '/home/mechax/zyb/radar_station/build/Game_Map' returned '0': CMAKE_PREFIX_PATH=/home/mechax/zyb/radar_station/install/my_msgss:/home/mechax/zyb/radar_station/install/Img_Handle:/home/mechax/zyb/radar_station/install/Game_Map:/home/mechax/zyb/radar_station/install/Yolo_Handle:/home/mechax/zyb/radar_station/install/Get_Camera_Img:/home/mechax/ws_livox/install/livox_ros2_driver:/home/mechax/ws_livox/install/livox_sdk_vendor:/home/mechax/ws_livox/install/livox_interfaces:/opt/ros/humble /usr/bin/cmake --install /home/mechax/zyb/radar_station/build/Game_Map
