[0.181s] Invoking command in '/home/mechax/AAAmy_ws/1.18/radar_station/build/my_msgss': CMAKE_PREFIX_PATH=${CMAKE_PREFIX_PATH}:/opt/ros/humble /usr/bin/cmake --build /home/mechax/AAAmy_ws/1.18/radar_station/build/my_msgss -- -j16 -l16
[0.218s] [  1%] Built target my_msgss__cpp
[0.225s] [ 12%] Built target my_msgss__rosidl_generator_c
[0.227s] [ 12%] Built target ament_cmake_python_symlink_my_msgss
[0.238s] [ 23%] Built target my_msgss__rosidl_typesupport_cpp
[0.245s] [ 35%] Built target my_msgss__rosidl_typesupport_fastrtps_cpp
[0.245s] [ 46%] Built target my_msgss__rosidl_typesupport_introspection_cpp
[0.253s] [ 57%] Built target my_msgss__rosidl_typesupport_c
[0.258s] [ 69%] Built target my_msgss__rosidl_typesupport_fastrtps_c
[0.260s] [ 80%] Built target my_msgss__rosidl_typesupport_introspection_c
[0.280s] [ 80%] Built target my_msgss
[0.311s] [ 81%] Built target my_msgss__py
[0.332s] [ 91%] Built target my_msgss__rosidl_generator_py
[0.353s] [ 94%] Built target my_msgss__rosidl_typesupport_introspection_c__pyext
[0.353s] [ 97%] Built target my_msgss__rosidl_typesupport_fastrtps_c__pyext
[0.363s] [100%] Built target my_msgss__rosidl_typesupport_c__pyext
[0.450s] running egg_info
[0.450s] writing my_msgss.egg-info/PKG-INFO
[0.451s] writing dependency_links to my_msgss.egg-info/dependency_links.txt
[0.451s] writing top-level names to my_msgss.egg-info/top_level.txt
[0.453s] reading manifest file 'my_msgss.egg-info/SOURCES.txt'
[0.454s] writing manifest file 'my_msgss.egg-info/SOURCES.txt'
[0.500s] [100%] Built target ament_cmake_python_build_my_msgss_egg
