[0.138s] Invoking command in '/home/mechax/zyb/radar_station/build/Qt5_displayer': CMAKE_PREFIX_PATH=${CMAKE_PREFIX_PATH}:/opt/ros/humble /usr/bin/cmake --build /home/mechax/zyb/radar_station/build/Qt5_displayer -- -j16 -l16
[0.172s] [ 12%] [34m[1mAutomatic MOC and UIC for target Qt5_displayer[0m
[0.196s] [ 12%] Built target Qt5_displayer_autogen
[0.222s] [100%] Built target Qt5_displayer
[0.257s] Invoked command in '/home/mechax/zyb/radar_station/build/Qt5_displayer' returned '0': CMAKE_PREFIX_PATH=${CMAKE_PREFIX_PATH}:/opt/ros/humble /usr/bin/cmake --build /home/mechax/zyb/radar_station/build/Qt5_displayer -- -j16 -l16
[0.350s] Invoking command in '/home/mechax/zyb/radar_station/build/Qt5_displayer': CMAKE_PREFIX_PATH=${CMAKE_PREFIX_PATH}:/opt/ros/humble /usr/bin/cmake --install /home/mechax/zyb/radar_station/build/Qt5_displayer
[0.355s] -- Install configuration: ""
[0.356s] -- Up-to-date: /home/mechax/zyb/radar_station/install/Qt5_displayer/lib/Qt5_displayer/Qt5_displayer
[0.356s] -- Up-to-date: /home/mechax/zyb/radar_station/install/Qt5_displayer/share/Qt5_displayer/launch
[0.356s] -- Up-to-date: /home/mechax/zyb/radar_station/install/Qt5_displayer/share/Qt5_displayer/launch/qt5_display_launch.py
[0.356s] -- Up-to-date: /home/mechax/zyb/radar_station/install/Qt5_displayer/share/ament_index/resource_index/package_run_dependencies/Qt5_displayer
[0.356s] -- Up-to-date: /home/mechax/zyb/radar_station/install/Qt5_displayer/share/ament_index/resource_index/parent_prefix_path/Qt5_displayer
[0.357s] -- Up-to-date: /home/mechax/zyb/radar_station/install/Qt5_displayer/share/Qt5_displayer/environment/ament_prefix_path.sh
[0.357s] -- Up-to-date: /home/mechax/zyb/radar_station/install/Qt5_displayer/share/Qt5_displayer/environment/ament_prefix_path.dsv
[0.357s] -- Up-to-date: /home/mechax/zyb/radar_station/install/Qt5_displayer/share/Qt5_displayer/environment/path.sh
[0.357s] -- Up-to-date: /home/mechax/zyb/radar_station/install/Qt5_displayer/share/Qt5_displayer/environment/path.dsv
[0.358s] -- Up-to-date: /home/mechax/zyb/radar_station/install/Qt5_displayer/share/Qt5_displayer/local_setup.bash
[0.358s] -- Up-to-date: /home/mechax/zyb/radar_station/install/Qt5_displayer/share/Qt5_displayer/local_setup.sh
[0.358s] -- Up-to-date: /home/mechax/zyb/radar_station/install/Qt5_displayer/share/Qt5_displayer/local_setup.zsh
[0.358s] -- Up-to-date: /home/mechax/zyb/radar_station/install/Qt5_displayer/share/Qt5_displayer/local_setup.dsv
[0.358s] -- Installing: /home/mechax/zyb/radar_station/install/Qt5_displayer/share/Qt5_displayer/package.dsv
[0.358s] -- Up-to-date: /home/mechax/zyb/radar_station/install/Qt5_displayer/share/ament_index/resource_index/packages/Qt5_displayer
[0.359s] -- Up-to-date: /home/mechax/zyb/radar_station/install/Qt5_displayer/share/Qt5_displayer/cmake/Qt5_displayerConfig.cmake
[0.359s] -- Up-to-date: /home/mechax/zyb/radar_station/install/Qt5_displayer/share/Qt5_displayer/cmake/Qt5_displayerConfig-version.cmake
[0.359s] -- Up-to-date: /home/mechax/zyb/radar_station/install/Qt5_displayer/share/Qt5_displayer/package.xml
[0.406s] Invoked command in '/home/mechax/zyb/radar_station/build/Qt5_displayer' returned '0': CMAKE_PREFIX_PATH=${CMAKE_PREFIX_PATH}:/opt/ros/humble /usr/bin/cmake --install /home/mechax/zyb/radar_station/build/Qt5_displayer
