[0.049s] Invoking command in '/home/mechax/zyb/radar_station/build/mindvision_camera': CMAKE_PREFIX_PATH=${CMAKE_PREFIX_PATH}:/opt/ros/humble /usr/bin/cmake --build /home/mechax/zyb/radar_station/build/mindvision_camera -- -j16 -l16
[0.084s] [ 50%] Built target mindvision_camera
[0.089s] [100%] Built target mindvision_camera_node
[0.099s] Invoked command in '/home/mechax/zyb/radar_station/build/mindvision_camera' returned '0': CMAKE_PREFIX_PATH=${CMAKE_PREFIX_PATH}:/opt/ros/humble /usr/bin/cmake --build /home/mechax/zyb/radar_station/build/mindvision_camera -- -j16 -l16
[0.149s] Invoking command in '/home/mechax/zyb/radar_station/build/mindvision_camera': CMAKE_PREFIX_PATH=${CMAKE_PREFIX_PATH}:/opt/ros/humble /usr/bin/cmake --install /home/mechax/zyb/radar_station/build/mindvision_camera
[0.155s] -- Install configuration: ""
[0.156s] -- Up-to-date: /home/mechax/zyb/radar_station/install/mindvision_camera/lib/mindvision_camera/mindvision_camera_node
[0.156s] -- Up-to-date: /home/mechax/zyb/radar_station/install/mindvision_camera/share/mindvision_camera/environment/library_path.sh
[0.156s] -- Up-to-date: /home/mechax/zyb/radar_station/install/mindvision_camera/share/mindvision_camera/environment/library_path.dsv
[0.156s] -- Up-to-date: /home/mechax/zyb/radar_station/install/mindvision_camera/lib/libmindvision_camera.so
[0.156s] -- Up-to-date: /home/mechax/zyb/radar_station/install/mindvision_camera/share/mindvision_camera/config
[0.156s] -- Up-to-date: /home/mechax/zyb/radar_station/install/mindvision_camera/share/mindvision_camera/config/camera_params.yaml
[0.156s] -- Up-to-date: /home/mechax/zyb/radar_station/install/mindvision_camera/share/mindvision_camera/config/camera_info.yaml
[0.156s] -- Up-to-date: /home/mechax/zyb/radar_station/install/mindvision_camera/share/mindvision_camera/launch
[0.156s] -- Up-to-date: /home/mechax/zyb/radar_station/install/mindvision_camera/share/mindvision_camera/launch/mv_launch.py
[0.157s] -- Up-to-date: /home/mechax/zyb/radar_station/install/mindvision_camera/share/ament_index/resource_index/package_run_dependencies/mindvision_camera
[0.157s] -- Up-to-date: /home/mechax/zyb/radar_station/install/mindvision_camera/share/ament_index/resource_index/parent_prefix_path/mindvision_camera
[0.157s] -- Up-to-date: /home/mechax/zyb/radar_station/install/mindvision_camera/share/mindvision_camera/environment/ament_prefix_path.sh
[0.157s] -- Up-to-date: /home/mechax/zyb/radar_station/install/mindvision_camera/share/mindvision_camera/environment/ament_prefix_path.dsv
[0.158s] -- Up-to-date: /home/mechax/zyb/radar_station/install/mindvision_camera/share/mindvision_camera/environment/path.sh
[0.158s] -- Up-to-date: /home/mechax/zyb/radar_station/install/mindvision_camera/share/mindvision_camera/environment/path.dsv
[0.158s] -- Up-to-date: /home/mechax/zyb/radar_station/install/mindvision_camera/share/mindvision_camera/local_setup.bash
[0.159s] -- Up-to-date: /home/mechax/zyb/radar_station/install/mindvision_camera/share/mindvision_camera/local_setup.sh
[0.159s] -- Up-to-date: /home/mechax/zyb/radar_station/install/mindvision_camera/share/mindvision_camera/local_setup.zsh
[0.159s] -- Up-to-date: /home/mechax/zyb/radar_station/install/mindvision_camera/share/mindvision_camera/local_setup.dsv
[0.159s] -- Installing: /home/mechax/zyb/radar_station/install/mindvision_camera/share/mindvision_camera/package.dsv
[0.159s] -- Up-to-date: /home/mechax/zyb/radar_station/install/mindvision_camera/share/ament_index/resource_index/packages/mindvision_camera
[0.160s] -- Up-to-date: /home/mechax/zyb/radar_station/install/mindvision_camera/share/ament_index/resource_index/rclcpp_components/mindvision_camera
[0.160s] -- Up-to-date: /home/mechax/zyb/radar_station/install/mindvision_camera/share/mindvision_camera/cmake/ament_cmake_export_dependencies-extras.cmake
[0.160s] -- Up-to-date: /home/mechax/zyb/radar_station/install/mindvision_camera/share/mindvision_camera/cmake/ament_cmake_export_libraries-extras.cmake
[0.160s] -- Up-to-date: /home/mechax/zyb/radar_station/install/mindvision_camera/share/mindvision_camera/cmake/mindvision_cameraConfig.cmake
[0.160s] -- Up-to-date: /home/mechax/zyb/radar_station/install/mindvision_camera/share/mindvision_camera/cmake/mindvision_cameraConfig-version.cmake
[0.160s] -- Up-to-date: /home/mechax/zyb/radar_station/install/mindvision_camera/share/mindvision_camera/package.xml
[0.161s] Invoked command in '/home/mechax/zyb/radar_station/build/mindvision_camera' returned '0': CMAKE_PREFIX_PATH=${CMAKE_PREFIX_PATH}:/opt/ros/humble /usr/bin/cmake --install /home/mechax/zyb/radar_station/build/mindvision_camera
