[0.122s] Invoking command in '/home/mechax/zyb/radar_station/build/Qt5_displayer': CMAKE_PREFIX_PATH=${CMAKE_PREFIX_PATH}:/opt/ros/humble /usr/bin/cmake --build /home/mechax/zyb/radar_station/build/Qt5_displayer -- -j16 -l16
[0.154s] [ 12%] [34m[1mAutomatic MOC and UIC for target Qt5_displayer[0m
[0.185s] [ 12%] Built target Qt5_displayer_autogen
[0.195s] [35m[1mConsolidate compiler generated dependencies of target Qt5_displayer[0m
[0.214s] [ 25%] [32mBuilding CXX object CMakeFiles/Qt5_displayer.dir/Qt5_displayer_autogen/mocs_compilation.cpp.o[0m
[0.214s] [ 37%] [32mBuilding CXX object CMakeFiles/Qt5_displayer.dir/src/qtnode.cpp.o[0m
[2.647s] In file included from [01m[K/home/mechax/zyb/radar_station/build/Qt5_displayer/Qt5_displayer_autogen/6YEA5652QU/../../../../src/Qt5_displayer/include/radarstation.h:8[m[K,
[2.647s]                  from [01m[K/home/mechax/zyb/radar_station/build/Qt5_displayer/Qt5_displayer_autogen/6YEA5652QU/moc_radarstation.cpp:10[m[K,
[2.647s]                  from [01m[K/home/mechax/zyb/radar_station/build/Qt5_displayer/Qt5_displayer_autogen/mocs_compilation.cpp:4[m[K:
[2.647s] [01m[K/home/mechax/zyb/radar_station/build/Qt5_displayer/Qt5_displayer_autogen/6YEA5652QU/../../../../src/Qt5_displayer/include/qtnode.h:12:7:[m[K [01;31m[Kerror: [m[Kredefinition of ‘[01m[Kclass myqtNode[m[K’
[2.647s]    12 | class [01;31m[KmyqtNode[m[K : public QThread
[2.647s]       |       [01;31m[K^~~~~~~~[m[K
[2.647s] In file included from [01m[K/home/mechax/zyb/radar_station/build/Qt5_displayer/Qt5_displayer_autogen/6YEA5652QU/moc_qtnode.cpp:10[m[K,
[2.648s]                  from [01m[K/home/mechax/zyb/radar_station/build/Qt5_displayer/Qt5_displayer_autogen/mocs_compilation.cpp:3[m[K:
[2.648s] [01m[K/home/mechax/zyb/radar_station/build/Qt5_displayer/Qt5_displayer_autogen/6YEA5652QU/../../../../src/Qt5_displayer/include/qtnode.h:12:7:[m[K [01;36m[Knote: [m[Kprevious definition of ‘[01m[Kclass myqtNode[m[K’
[2.648s]    12 | class [01;36m[KmyqtNode[m[K : public QThread
[2.648s]       |       [01;36m[K^~~~~~~~[m[K
[3.211s] gmake[2]: *** [CMakeFiles/Qt5_displayer.dir/build.make:76: CMakeFiles/Qt5_displayer.dir/Qt5_displayer_autogen/mocs_compilation.cpp.o] Error 1
[3.211s] gmake[1]: *** [CMakeFiles/Makefile2:138: CMakeFiles/Qt5_displayer.dir/all] Error 2
[3.211s] gmake: *** [Makefile:146: all] Error 2
[3.213s] Invoked command in '/home/mechax/zyb/radar_station/build/Qt5_displayer' returned '2': CMAKE_PREFIX_PATH=${CMAKE_PREFIX_PATH}:/opt/ros/humble /usr/bin/cmake --build /home/mechax/zyb/radar_station/build/Qt5_displayer -- -j16 -l16
