[0.031s] Invoking command in '/home/mechax/zyb/radar_station/src/Img_Handle/build/Img_Handle': CMAKE_PREFIX_PATH=${CMAKE_PREFIX_PATH}:/opt/ros/humble /usr/bin/cmake /home/mechax/zyb/radar_station/src/Img_Handle -DCMAKE_INSTALL_PREFIX=/home/mechax/zyb/radar_station/src/Img_Handle/install/Img_Handle
[0.062s] -- The C compiler identification is GNU 11.4.0
[0.091s] -- The CXX compiler identification is GNU 11.4.0
[0.095s] -- Detecting C compiler ABI info
[0.135s] -- Detecting C compiler ABI info - done
[0.139s] -- Check for working C compiler: /usr/bin/cc - skipped
[0.139s] -- Detecting C compile features
[0.139s] -- Detecting C compile features - done
[0.141s] -- Detecting CXX compiler ABI info
[0.184s] -- Detecting CXX compiler ABI info - done
[0.188s] -- Check for working CXX compiler: /usr/bin/c++ - skipped
[0.188s] -- Detecting CXX compile features
[0.188s] -- Detecting CXX compile features - done
[0.190s] -- Found ament_cmake: 1.3.6 (/opt/ros/humble/share/ament_cmake/cmake)
[0.287s] -- Found Python3: /usr/bin/python3.10 (found version "3.10.12") found components: Interpreter 
[0.337s] -- Found rclcpp: 16.0.7 (/opt/ros/humble/share/rclcpp/cmake)
[0.361s] -- Found rosidl_generator_c: 3.1.5 (/opt/ros/humble/share/rosidl_generator_c/cmake)
[0.364s] -- Found rosidl_adapter: 3.1.5 (/opt/ros/humble/share/rosidl_adapter/cmake)
[0.369s] -- Found rosidl_generator_cpp: 3.1.5 (/opt/ros/humble/share/rosidl_generator_cpp/cmake)
[0.376s] -- Using all available rosidl_typesupport_c: rosidl_typesupport_fastrtps_c;rosidl_typesupport_introspection_c
[0.387s] -- Using all available rosidl_typesupport_cpp: rosidl_typesupport_fastrtps_cpp;rosidl_typesupport_introspection_cpp
[0.426s] -- Found rmw_implementation_cmake: 6.1.1 (/opt/ros/humble/share/rmw_implementation_cmake/cmake)
[0.427s] -- Found rmw_fastrtps_cpp: 6.2.5 (/opt/ros/humble/share/rmw_fastrtps_cpp/cmake)
[0.488s] -- Found OpenSSL: /usr/lib/x86_64-linux-gnu/libcrypto.so (found version "3.0.2")  
[0.505s] -- Found FastRTPS: /opt/ros/humble/include  
[0.532s] -- Using RMW implementation 'rmw_fastrtps_cpp' as default
[0.538s] -- Looking for pthread.h
[0.578s] -- Looking for pthread.h - found
[0.579s] -- Performing Test CMAKE_HAVE_LIBC_PTHREAD
[0.619s] -- Performing Test CMAKE_HAVE_LIBC_PTHREAD - Success
[0.620s] -- Found Threads: TRUE  
[0.710s] -- Found sensor_msgs: 4.2.3 (/opt/ros/humble/share/sensor_msgs/cmake)
[0.785s] -- Found OpenCV: /usr/local (found version "4.8.0") 
[0.785s] -- Found cv_bridge: 3.2.1 (/opt/ros/humble/share/cv_bridge/cmake)
[0.793s] [31mCMake Error at CMakeLists.txt:15 (find_package):
[0.793s]   By not providing "Findmy_msgss.cmake" in CMAKE_MODULE_PATH this project has
[0.793s]   asked CMake to find a package configuration file provided by "my_msgss",
[0.793s]   but CMake did not find one.
[0.793s] 
[0.793s]   Could not find a package configuration file provided by "my_msgss" with any
[0.793s]   of the following names:
[0.793s] 
[0.793s]     my_msgssConfig.cmake
[0.793s]     my_msgss-config.cmake
[0.793s] 
[0.793s]   Add the installation prefix of "my_msgss" to CMAKE_PREFIX_PATH or set
[0.793s]   "my_msgss_DIR" to a directory containing one of the above files.  If
[0.793s]   "my_msgss" provides a separate development package or SDK, be sure it has
[0.793s]   been installed.
[0.793s] 
[0.793s] [0m
[0.793s] -- Configuring incomplete, errors occurred!
[0.793s] See also "/home/mechax/zyb/radar_station/src/Img_Handle/build/Img_Handle/CMakeFiles/CMakeOutput.log".
[0.798s] Invoked command in '/home/mechax/zyb/radar_station/src/Img_Handle/build/Img_Handle' returned '1': CMAKE_PREFIX_PATH=${CMAKE_PREFIX_PATH}:/opt/ros/humble /usr/bin/cmake /home/mechax/zyb/radar_station/src/Img_Handle -DCMAKE_INSTALL_PREFIX=/home/mechax/zyb/radar_station/src/Img_Handle/install/Img_Handle
