[0.062s] Invoking command in '/home/mechax/zyb/radar_station/build/Img_Handle': AMENT_PREFIX_PATH=/home/mechax/zyb/radar_station/install/my_msgss:${AMENT_PREFIX_PATH} CMAKE_PREFIX_PATH=/home/mechax/zyb/radar_station/install/my_msgss:/home/mechax/ws_livox/install/livox_ros2_driver:/home/mechax/ws_livox/install/livox_sdk_vendor:/home/mechax/ws_livox/install/livox_interfaces:/opt/ros/humble LD_LIBRARY_PATH=/home/mechax/zyb/radar_station/install/my_msgss/lib:${LD_LIBRARY_PATH} PYTHONPATH=/home/mechax/zyb/radar_station/install/my_msgss/local/lib/python3.10/dist-packages:${PYTHONPATH} /usr/bin/cmake /home/mechax/zyb/radar_station/src/Img_Handle -DCMAKE_EXPORT_CONPILE_COMMANDS=ON -DCMAKE_INSTALL_PREFIX=/home/mechax/zyb/radar_station/install/Img_Handle
[0.068s] -- Found ament_cmake: 1.3.6 (/opt/ros/humble/share/ament_cmake/cmake)
[0.165s] -- Found rclcpp: 16.0.7 (/opt/ros/humble/share/rclcpp/cmake)
[0.186s] -- Found rosidl_generator_c: 3.1.5 (/opt/ros/humble/share/rosidl_generator_c/cmake)
[0.188s] -- Found rosidl_adapter: 3.1.5 (/opt/ros/humble/share/rosidl_adapter/cmake)
[0.193s] -- Found rosidl_generator_cpp: 3.1.5 (/opt/ros/humble/share/rosidl_generator_cpp/cmake)
[0.200s] -- Using all available rosidl_typesupport_c: rosidl_typesupport_fastrtps_c;rosidl_typesupport_introspection_c
[0.212s] -- Using all available rosidl_typesupport_cpp: rosidl_typesupport_fastrtps_cpp;rosidl_typesupport_introspection_cpp
[0.247s] -- Found rmw_implementation_cmake: 6.1.1 (/opt/ros/humble/share/rmw_implementation_cmake/cmake)
[0.247s] -- Found rmw_fastrtps_cpp: 6.2.5 (/opt/ros/humble/share/rmw_fastrtps_cpp/cmake)
[0.326s] -- Using RMW implementation 'rmw_fastrtps_cpp' as default
[0.419s] -- Found sensor_msgs: 4.2.3 (/opt/ros/humble/share/sensor_msgs/cmake)
[0.494s] -- Found cv_bridge: 3.2.1 (/opt/ros/humble/share/cv_bridge/cmake)
[0.497s] -- Found my_msgss: 0.0.0 (/home/mechax/zyb/radar_station/install/my_msgss/share/my_msgss/cmake)
[0.542s] WARNING: Package name "Img_Handle" does not follow the naming conventions. It should start with a lower case letter and only contain lower case letters, digits, underscores, and dashes.
[0.550s] -- Configuring done
[0.569s] -- Generating done
[0.572s] -- Build files have been written to: /home/mechax/zyb/radar_station/build/Img_Handle
[0.579s] Invoked command in '/home/mechax/zyb/radar_station/build/Img_Handle' returned '0': AMENT_PREFIX_PATH=/home/mechax/zyb/radar_station/install/my_msgss:${AMENT_PREFIX_PATH} CMAKE_PREFIX_PATH=/home/mechax/zyb/radar_station/install/my_msgss:/home/mechax/ws_livox/install/livox_ros2_driver:/home/mechax/ws_livox/install/livox_sdk_vendor:/home/mechax/ws_livox/install/livox_interfaces:/opt/ros/humble LD_LIBRARY_PATH=/home/mechax/zyb/radar_station/install/my_msgss/lib:${LD_LIBRARY_PATH} PYTHONPATH=/home/mechax/zyb/radar_station/install/my_msgss/local/lib/python3.10/dist-packages:${PYTHONPATH} /usr/bin/cmake /home/mechax/zyb/radar_station/src/Img_Handle -DCMAKE_EXPORT_CONPILE_COMMANDS=ON -DCMAKE_INSTALL_PREFIX=/home/mechax/zyb/radar_station/install/Img_Handle
[0.580s] Invoking command in '/home/mechax/zyb/radar_station/build/Img_Handle': AMENT_PREFIX_PATH=/home/mechax/zyb/radar_station/install/my_msgss:${AMENT_PREFIX_PATH} CMAKE_PREFIX_PATH=/home/mechax/zyb/radar_station/install/my_msgss:/home/mechax/ws_livox/install/livox_ros2_driver:/home/mechax/ws_livox/install/livox_sdk_vendor:/home/mechax/ws_livox/install/livox_interfaces:/opt/ros/humble LD_LIBRARY_PATH=/home/mechax/zyb/radar_station/install/my_msgss/lib:${LD_LIBRARY_PATH} PYTHONPATH=/home/mechax/zyb/radar_station/install/my_msgss/local/lib/python3.10/dist-packages:${PYTHONPATH} /usr/bin/cmake --build /home/mechax/zyb/radar_station/build/Img_Handle -- -j16 -l16
[0.612s] [35m[1mConsolidate compiler generated dependencies of target Img_Pub[0m
[0.616s] [35m[1mConsolidate compiler generated dependencies of target main[0m
[0.616s] [35m[1mConsolidate compiler generated dependencies of target Img_Sub[0m
[0.631s] [ 25%] Built target Img_Pub
[0.633s] [ 62%] Built target main
[0.641s] [100%] Built target Img_Sub
[0.649s] Invoked command in '/home/mechax/zyb/radar_station/build/Img_Handle' returned '0': AMENT_PREFIX_PATH=/home/mechax/zyb/radar_station/install/my_msgss:${AMENT_PREFIX_PATH} CMAKE_PREFIX_PATH=/home/mechax/zyb/radar_station/install/my_msgss:/home/mechax/ws_livox/install/livox_ros2_driver:/home/mechax/ws_livox/install/livox_sdk_vendor:/home/mechax/ws_livox/install/livox_interfaces:/opt/ros/humble LD_LIBRARY_PATH=/home/mechax/zyb/radar_station/install/my_msgss/lib:${LD_LIBRARY_PATH} PYTHONPATH=/home/mechax/zyb/radar_station/install/my_msgss/local/lib/python3.10/dist-packages:${PYTHONPATH} /usr/bin/cmake --build /home/mechax/zyb/radar_station/build/Img_Handle -- -j16 -l16
[0.674s] Invoking command in '/home/mechax/zyb/radar_station/build/Img_Handle': AMENT_PREFIX_PATH=/home/mechax/zyb/radar_station/install/my_msgss:${AMENT_PREFIX_PATH} CMAKE_PREFIX_PATH=/home/mechax/zyb/radar_station/install/my_msgss:/home/mechax/ws_livox/install/livox_ros2_driver:/home/mechax/ws_livox/install/livox_sdk_vendor:/home/mechax/ws_livox/install/livox_interfaces:/opt/ros/humble LD_LIBRARY_PATH=/home/mechax/zyb/radar_station/install/my_msgss/lib:${LD_LIBRARY_PATH} PYTHONPATH=/home/mechax/zyb/radar_station/install/my_msgss/local/lib/python3.10/dist-packages:${PYTHONPATH} /usr/bin/cmake --install /home/mechax/zyb/radar_station/build/Img_Handle
[0.682s] -- Install configuration: ""
[0.683s] -- Up-to-date: /home/mechax/zyb/radar_station/install/Img_Handle/lib/Img_Handle/Img_Pub
[0.683s] -- Up-to-date: /home/mechax/zyb/radar_station/install/Img_Handle/lib/Img_Handle/Img_Sub
[0.683s] -- Up-to-date: /home/mechax/zyb/radar_station/install/Img_Handle/lib/Img_Handle/main
[0.683s] -- Up-to-date: /home/mechax/zyb/radar_station/install/Img_Handle/share/ament_index/resource_index/package_run_dependencies/Img_Handle
[0.683s] -- Up-to-date: /home/mechax/zyb/radar_station/install/Img_Handle/share/ament_index/resource_index/parent_prefix_path/Img_Handle
[0.683s] -- Up-to-date: /home/mechax/zyb/radar_station/install/Img_Handle/share/Img_Handle/environment/ament_prefix_path.sh
[0.683s] -- Installing: /home/mechax/zyb/radar_station/install/Img_Handle/share/Img_Handle/environment/ament_prefix_path.dsv
[0.683s] -- Up-to-date: /home/mechax/zyb/radar_station/install/Img_Handle/share/Img_Handle/environment/path.sh
[0.683s] -- Installing: /home/mechax/zyb/radar_station/install/Img_Handle/share/Img_Handle/environment/path.dsv
[0.683s] -- Up-to-date: /home/mechax/zyb/radar_station/install/Img_Handle/share/Img_Handle/local_setup.bash
[0.684s] -- Up-to-date: /home/mechax/zyb/radar_station/install/Img_Handle/share/Img_Handle/local_setup.sh
[0.684s] -- Up-to-date: /home/mechax/zyb/radar_station/install/Img_Handle/share/Img_Handle/local_setup.zsh
[0.685s] -- Installing: /home/mechax/zyb/radar_station/install/Img_Handle/share/Img_Handle/local_setup.dsv
[0.685s] -- Installing: /home/mechax/zyb/radar_station/install/Img_Handle/share/Img_Handle/package.dsv
[0.685s] -- Up-to-date: /home/mechax/zyb/radar_station/install/Img_Handle/share/ament_index/resource_index/packages/Img_Handle
[0.685s] -- Up-to-date: /home/mechax/zyb/radar_station/install/Img_Handle/share/Img_Handle/cmake/Img_HandleConfig.cmake
[0.685s] -- Up-to-date: /home/mechax/zyb/radar_station/install/Img_Handle/share/Img_Handle/cmake/Img_HandleConfig-version.cmake
[0.686s] -- Up-to-date: /home/mechax/zyb/radar_station/install/Img_Handle/share/Img_Handle/package.xml
[0.686s] Invoked command in '/home/mechax/zyb/radar_station/build/Img_Handle' returned '0': AMENT_PREFIX_PATH=/home/mechax/zyb/radar_station/install/my_msgss:${AMENT_PREFIX_PATH} CMAKE_PREFIX_PATH=/home/mechax/zyb/radar_station/install/my_msgss:/home/mechax/ws_livox/install/livox_ros2_driver:/home/mechax/ws_livox/install/livox_sdk_vendor:/home/mechax/ws_livox/install/livox_interfaces:/opt/ros/humble LD_LIBRARY_PATH=/home/mechax/zyb/radar_station/install/my_msgss/lib:${LD_LIBRARY_PATH} PYTHONPATH=/home/mechax/zyb/radar_station/install/my_msgss/local/lib/python3.10/dist-packages:${PYTHONPATH} /usr/bin/cmake --install /home/mechax/zyb/radar_station/build/Img_Handle
