[0.120s] Invoking command in '/home/mechax/zyb/radar_station/build/Qt5_displayer': CMAKE_PREFIX_PATH=${CMAKE_PREFIX_PATH}:/opt/ros/humble /usr/bin/cmake --build /home/mechax/zyb/radar_station/build/Qt5_displayer -- -j16 -l16
[0.159s] [ 12%] [34m[1mAutomatic MOC and UIC for target Qt5_displayer[0m
[0.178s] [ 12%] Built target Qt5_displayer_autogen
[0.190s] [35m[1mConsolidate compiler generated dependencies of target Qt5_displayer[0m
[0.210s] [ 25%] [32mBuilding CXX object CMakeFiles/Qt5_displayer.dir/src/qtnode.cpp.o[0m
[6.175s] [ 37%] [32m[1mLinking CXX executable Qt5_displayer[0m
[6.203s] /usr/bin/ld: CMakeFiles/Qt5_displayer.dir/src/qtnode.cpp.o: in function `main':
[6.203s] qtnode.cpp:(.text+0x1265): multiple definition of `main'; CMakeFiles/Qt5_displayer.dir/src/main.cpp.o:main.cpp:(.text+0x0): first defined here
[6.628s] /usr/bin/ld: warning: libopencv_imgcodecs.so.4.5d, needed by /opt/ros/humble/lib/libcv_bridge.so, may conflict with libopencv_imgcodecs.so.408
[6.629s] /usr/bin/ld: warning: libopencv_imgproc.so.4.5d, needed by /opt/ros/humble/lib/libcv_bridge.so, may conflict with libopencv_imgproc.so.408
[6.629s] /usr/bin/ld: warning: libopencv_core.so.4.5d, needed by /opt/ros/humble/lib/libcv_bridge.so, may conflict with libopencv_core.so.408
[6.882s] /usr/bin/ld: CMakeFiles/Qt5_displayer.dir/src/qtnode.cpp.o: in function `qtNode::qtNode()':
[6.882s] qtnode.cpp:(.text+0x16d): undefined reference to `vtable for qtNode'
[6.882s] /usr/bin/ld: qtnode.cpp:(.text+0x182): undefined reference to `vtable for qtNode'
[6.882s] /usr/bin/ld: CMakeFiles/Qt5_displayer.dir/src/qtnode.cpp.o: in function `qtNode::~qtNode()':
[6.883s] qtnode.cpp:(.text+0x6df): undefined reference to `vtable for qtNode'
[6.883s] /usr/bin/ld: qtnode.cpp:(.text+0x6f1): undefined reference to `vtable for qtNode'
[6.883s] /usr/bin/ld: CMakeFiles/Qt5_displayer.dir/src/qtnode.cpp.o: in function `qtNode::farImageCallback(sensor_msgs::msg::Image_<std::allocator<void> >)':
[6.883s] qtnode.cpp:(.text+0xa19): undefined reference to `qtNode::updateFarImage()'
[6.883s] /usr/bin/ld: CMakeFiles/Qt5_displayer.dir/src/qtnode.cpp.o: in function `qtNode::depthImageCallback(sensor_msgs::msg::Image_<std::allocator<void> >)':
[6.883s] qtnode.cpp:(.text+0xf6f): undefined reference to `qtNode::updateDepthImage()'
[6.927s] collect2: error: ld returned 1 exit status
[6.928s] gmake[2]: *** [CMakeFiles/Qt5_displayer.dir/build.make:274: Qt5_displayer] Error 1
[6.928s] gmake[1]: *** [CMakeFiles/Makefile2:138: CMakeFiles/Qt5_displayer.dir/all] Error 2
[6.928s] gmake: *** [Makefile:146: all] Error 2
