[0.422s] DEBUG:colcon:Command line arguments: ['/usr/bin/colcon', 'build']
[0.422s] DEBUG:colcon:Parsed command line arguments: Namespace(log_base=None, log_level=None, verb_name='build', build_base='build', install_base='install', merge_install=False, symlink_install=False, test_result_base=None, continue_on_error=False, executor='parallel', parallel_workers=16, event_handlers=None, ignore_user_meta=False, metas=['./colcon.meta'], base_paths=['.'], packages_ignore=None, packages_ignore_regex=None, paths=None, packages_up_to=None, packages_up_to_regex=None, packages_above=None, packages_above_and_dependencies=None, packages_above_depth=None, packages_select_by_dep=None, packages_skip_by_dep=None, packages_skip_up_to=None, packages_select_build_failed=False, packages_skip_build_finished=False, packages_select_test_failures=False, packages_skip_test_passed=False, packages_select=None, packages_skip=None, packages_select_regex=None, packages_skip_regex=None, packages_start=None, packages_end=None, allow_overriding=[], cmake_args=None, cmake_target=None, cmake_target_skip_unavailable=False, cmake_clean_cache=False, cmake_clean_first=False, cmake_force_configure=False, ament_cmake_args=None, catkin_cmake_args=None, catkin_skip_building_tests=False, verb_parser=<colcon_defaults.argument_parser.defaults.DefaultArgumentsDecorator object at 0x7fd579783610>, verb_extension=<colcon_core.verb.build.BuildVerb object at 0x7fd579bc3c70>, main=<bound method BuildVerb.main of <colcon_core.verb.build.BuildVerb object at 0x7fd579bc3c70>>)
[0.443s] Level 1:colcon.colcon_core.package_discovery:discover_packages(colcon_meta) check parameters
[0.443s] Level 1:colcon.colcon_core.package_discovery:discover_packages(recursive) check parameters
[0.443s] Level 1:colcon.colcon_core.package_discovery:discover_packages(ignore) check parameters
[0.443s] Level 1:colcon.colcon_core.package_discovery:discover_packages(path) check parameters
[0.443s] Level 1:colcon.colcon_core.package_discovery:discover_packages(colcon_meta) discover
[0.443s] Level 1:colcon.colcon_core.package_discovery:discover_packages(recursive) discover
[0.443s] INFO:colcon.colcon_core.package_discovery:Crawling recursively for packages in '/home/mechax/zyb/radar_station'
[0.443s] Level 1:colcon.colcon_core.package_identification:_identify(.) by extensions ['ignore', 'ignore_ament_install']
[0.444s] Level 1:colcon.colcon_core.package_identification:_identify(.) by extension 'ignore'
[0.444s] Level 1:colcon.colcon_core.package_identification:_identify(.) by extension 'ignore_ament_install'
[0.444s] Level 1:colcon.colcon_core.package_identification:_identify(.) by extensions ['colcon_pkg']
[0.444s] Level 1:colcon.colcon_core.package_identification:_identify(.) by extension 'colcon_pkg'
[0.444s] Level 1:colcon.colcon_core.package_identification:_identify(.) by extensions ['colcon_meta']
[0.444s] Level 1:colcon.colcon_core.package_identification:_identify(.) by extension 'colcon_meta'
[0.444s] Level 1:colcon.colcon_core.package_identification:_identify(.) by extensions ['ros']
[0.444s] Level 1:colcon.colcon_core.package_identification:_identify(.) by extension 'ros'
[0.450s] Level 1:colcon.colcon_core.package_identification:_identify(.) by extensions ['cmake', 'python']
[0.450s] Level 1:colcon.colcon_core.package_identification:_identify(.) by extension 'cmake'
[0.450s] Level 1:colcon.colcon_core.package_identification:_identify(.) by extension 'python'
[0.450s] Level 1:colcon.colcon_core.package_identification:_identify(.) by extensions ['python_setup_py']
[0.450s] Level 1:colcon.colcon_core.package_identification:_identify(.) by extension 'python_setup_py'
[0.450s] Level 1:colcon.colcon_core.package_identification:_identify(Camera) by extensions ['ignore', 'ignore_ament_install']
[0.450s] Level 1:colcon.colcon_core.package_identification:_identify(Camera) by extension 'ignore'
[0.450s] Level 1:colcon.colcon_core.package_identification:_identify(Camera) by extension 'ignore_ament_install'
[0.450s] Level 1:colcon.colcon_core.package_identification:_identify(Camera) by extensions ['colcon_pkg']
[0.450s] Level 1:colcon.colcon_core.package_identification:_identify(Camera) by extension 'colcon_pkg'
[0.450s] Level 1:colcon.colcon_core.package_identification:_identify(Camera) by extensions ['colcon_meta']
[0.450s] Level 1:colcon.colcon_core.package_identification:_identify(Camera) by extension 'colcon_meta'
[0.450s] Level 1:colcon.colcon_core.package_identification:_identify(Camera) by extensions ['ros']
[0.450s] Level 1:colcon.colcon_core.package_identification:_identify(Camera) by extension 'ros'
[0.450s] Level 1:colcon.colcon_core.package_identification:_identify(Camera) by extensions ['cmake', 'python']
[0.450s] Level 1:colcon.colcon_core.package_identification:_identify(Camera) by extension 'cmake'
[0.450s] Level 1:colcon.colcon_core.package_identification:_identify(Camera) by extension 'python'
[0.450s] Level 1:colcon.colcon_core.package_identification:_identify(Camera) by extensions ['python_setup_py']
[0.450s] Level 1:colcon.colcon_core.package_identification:_identify(Camera) by extension 'python_setup_py'
[0.450s] Level 1:colcon.colcon_core.package_identification:_identify(Camera/log) by extensions ['ignore', 'ignore_ament_install']
[0.450s] Level 1:colcon.colcon_core.package_identification:_identify(Camera/log) by extension 'ignore'
[0.450s] Level 1:colcon.colcon_core.package_identification:_identify(Camera/log) by extension 'ignore_ament_install'
[0.450s] Level 1:colcon.colcon_core.package_identification:_identify(Camera/log) by extensions ['colcon_pkg']
[0.450s] Level 1:colcon.colcon_core.package_identification:_identify(Camera/log) by extension 'colcon_pkg'
[0.450s] Level 1:colcon.colcon_core.package_identification:_identify(Camera/log) by extensions ['colcon_meta']
[0.450s] Level 1:colcon.colcon_core.package_identification:_identify(Camera/log) by extension 'colcon_meta'
[0.450s] Level 1:colcon.colcon_core.package_identification:_identify(Camera/log) by extensions ['ros']
[0.450s] Level 1:colcon.colcon_core.package_identification:_identify(Camera/log) by extension 'ros'
[0.450s] Level 1:colcon.colcon_core.package_identification:_identify(Camera/log) by extensions ['cmake', 'python']
[0.450s] Level 1:colcon.colcon_core.package_identification:_identify(Camera/log) by extension 'cmake'
[0.450s] Level 1:colcon.colcon_core.package_identification:_identify(Camera/log) by extension 'python'
[0.450s] Level 1:colcon.colcon_core.package_identification:_identify(Camera/log) by extensions ['python_setup_py']
[0.450s] Level 1:colcon.colcon_core.package_identification:_identify(Camera/log) by extension 'python_setup_py'
[0.450s] Level 1:colcon.colcon_core.package_identification:_identify(build) by extensions ['ignore', 'ignore_ament_install']
[0.450s] Level 1:colcon.colcon_core.package_identification:_identify(build) by extension 'ignore'
[0.450s] Level 1:colcon.colcon_core.package_identification:_identify(build) ignored
[0.451s] Level 1:colcon.colcon_core.package_identification:_identify(install) by extensions ['ignore', 'ignore_ament_install']
[0.451s] Level 1:colcon.colcon_core.package_identification:_identify(install) by extension 'ignore'
[0.451s] Level 1:colcon.colcon_core.package_identification:_identify(install) ignored
[0.451s] Level 1:colcon.colcon_core.package_identification:_identify(log) by extensions ['ignore', 'ignore_ament_install']
[0.451s] Level 1:colcon.colcon_core.package_identification:_identify(log) by extension 'ignore'
[0.451s] Level 1:colcon.colcon_core.package_identification:_identify(log) ignored
[0.451s] Level 1:colcon.colcon_core.package_identification:_identify(src) by extensions ['ignore', 'ignore_ament_install']
[0.451s] Level 1:colcon.colcon_core.package_identification:_identify(src) by extension 'ignore'
[0.451s] Level 1:colcon.colcon_core.package_identification:_identify(src) by extension 'ignore_ament_install'
[0.451s] Level 1:colcon.colcon_core.package_identification:_identify(src) by extensions ['colcon_pkg']
[0.451s] Level 1:colcon.colcon_core.package_identification:_identify(src) by extension 'colcon_pkg'
[0.451s] Level 1:colcon.colcon_core.package_identification:_identify(src) by extensions ['colcon_meta']
[0.451s] Level 1:colcon.colcon_core.package_identification:_identify(src) by extension 'colcon_meta'
[0.451s] Level 1:colcon.colcon_core.package_identification:_identify(src) by extensions ['ros']
[0.451s] Level 1:colcon.colcon_core.package_identification:_identify(src) by extension 'ros'
[0.451s] Level 1:colcon.colcon_core.package_identification:_identify(src) by extensions ['cmake', 'python']
[0.451s] Level 1:colcon.colcon_core.package_identification:_identify(src) by extension 'cmake'
[0.451s] Level 1:colcon.colcon_core.package_identification:_identify(src) by extension 'python'
[0.451s] Level 1:colcon.colcon_core.package_identification:_identify(src) by extensions ['python_setup_py']
[0.451s] Level 1:colcon.colcon_core.package_identification:_identify(src) by extension 'python_setup_py'
[0.451s] Level 1:colcon.colcon_core.package_identification:_identify(src/All_Topic) by extensions ['ignore', 'ignore_ament_install']
[0.451s] Level 1:colcon.colcon_core.package_identification:_identify(src/All_Topic) by extension 'ignore'
[0.451s] Level 1:colcon.colcon_core.package_identification:_identify(src/All_Topic) by extension 'ignore_ament_install'
[0.451s] Level 1:colcon.colcon_core.package_identification:_identify(src/All_Topic) by extensions ['colcon_pkg']
[0.451s] Level 1:colcon.colcon_core.package_identification:_identify(src/All_Topic) by extension 'colcon_pkg'
[0.451s] Level 1:colcon.colcon_core.package_identification:_identify(src/All_Topic) by extensions ['colcon_meta']
[0.451s] Level 1:colcon.colcon_core.package_identification:_identify(src/All_Topic) by extension 'colcon_meta'
[0.451s] Level 1:colcon.colcon_core.package_identification:_identify(src/All_Topic) by extensions ['ros']
[0.451s] Level 1:colcon.colcon_core.package_identification:_identify(src/All_Topic) by extension 'ros'
[0.451s] Level 1:colcon.colcon_core.package_identification:_identify(src/All_Topic) by extensions ['cmake', 'python']
[0.451s] Level 1:colcon.colcon_core.package_identification:_identify(src/All_Topic) by extension 'cmake'
[0.451s] Level 1:colcon.colcon_core.package_identification:_identify(src/All_Topic) by extension 'python'
[0.451s] Level 1:colcon.colcon_core.package_identification:_identify(src/All_Topic) by extensions ['python_setup_py']
[0.451s] Level 1:colcon.colcon_core.package_identification:_identify(src/All_Topic) by extension 'python_setup_py'
[0.451s] Level 1:colcon.colcon_core.package_identification:_identify(src/Game_Map) by extensions ['ignore', 'ignore_ament_install']
[0.451s] Level 1:colcon.colcon_core.package_identification:_identify(src/Game_Map) by extension 'ignore'
[0.451s] Level 1:colcon.colcon_core.package_identification:_identify(src/Game_Map) by extension 'ignore_ament_install'
[0.451s] Level 1:colcon.colcon_core.package_identification:_identify(src/Game_Map) by extensions ['colcon_pkg']
[0.451s] Level 1:colcon.colcon_core.package_identification:_identify(src/Game_Map) by extension 'colcon_pkg'
[0.451s] Level 1:colcon.colcon_core.package_identification:_identify(src/Game_Map) by extensions ['colcon_meta']
[0.451s] Level 1:colcon.colcon_core.package_identification:_identify(src/Game_Map) by extension 'colcon_meta'
[0.451s] Level 1:colcon.colcon_core.package_identification:_identify(src/Game_Map) by extensions ['ros']
[0.451s] Level 1:colcon.colcon_core.package_identification:_identify(src/Game_Map) by extension 'ros'
[0.453s] DEBUG:colcon.colcon_core.package_identification:Package 'src/Game_Map' with type 'ros.ament_cmake' and name 'Game_Map'
[0.453s] Level 1:colcon.colcon_core.package_identification:_identify(src/Img_Handle) by extensions ['ignore', 'ignore_ament_install']
[0.453s] Level 1:colcon.colcon_core.package_identification:_identify(src/Img_Handle) by extension 'ignore'
[0.453s] Level 1:colcon.colcon_core.package_identification:_identify(src/Img_Handle) by extension 'ignore_ament_install'
[0.453s] Level 1:colcon.colcon_core.package_identification:_identify(src/Img_Handle) by extensions ['colcon_pkg']
[0.453s] Level 1:colcon.colcon_core.package_identification:_identify(src/Img_Handle) by extension 'colcon_pkg'
[0.453s] Level 1:colcon.colcon_core.package_identification:_identify(src/Img_Handle) by extensions ['colcon_meta']
[0.453s] Level 1:colcon.colcon_core.package_identification:_identify(src/Img_Handle) by extension 'colcon_meta'
[0.453s] Level 1:colcon.colcon_core.package_identification:_identify(src/Img_Handle) by extensions ['ros']
[0.453s] Level 1:colcon.colcon_core.package_identification:_identify(src/Img_Handle) by extension 'ros'
[0.454s] DEBUG:colcon.colcon_core.package_identification:Package 'src/Img_Handle' with type 'ros.ament_cmake' and name 'Img_Handle'
[0.454s] Level 1:colcon.colcon_core.package_identification:_identify(src/Qt5_displayer) by extensions ['ignore', 'ignore_ament_install']
[0.454s] Level 1:colcon.colcon_core.package_identification:_identify(src/Qt5_displayer) by extension 'ignore'
[0.454s] Level 1:colcon.colcon_core.package_identification:_identify(src/Qt5_displayer) by extension 'ignore_ament_install'
[0.454s] Level 1:colcon.colcon_core.package_identification:_identify(src/Qt5_displayer) by extensions ['colcon_pkg']
[0.454s] Level 1:colcon.colcon_core.package_identification:_identify(src/Qt5_displayer) by extension 'colcon_pkg'
[0.454s] Level 1:colcon.colcon_core.package_identification:_identify(src/Qt5_displayer) by extensions ['colcon_meta']
[0.454s] Level 1:colcon.colcon_core.package_identification:_identify(src/Qt5_displayer) by extension 'colcon_meta'
[0.454s] Level 1:colcon.colcon_core.package_identification:_identify(src/Qt5_displayer) by extensions ['ros']
[0.454s] Level 1:colcon.colcon_core.package_identification:_identify(src/Qt5_displayer) by extension 'ros'
[0.454s] DEBUG:colcon.colcon_core.package_identification:Package 'src/Qt5_displayer' with type 'ros.ament_cmake' and name 'Qt5_displayer'
[0.454s] Level 1:colcon.colcon_core.package_identification:_identify(src/Yolo_Handle) by extensions ['ignore', 'ignore_ament_install']
[0.454s] Level 1:colcon.colcon_core.package_identification:_identify(src/Yolo_Handle) by extension 'ignore'
[0.454s] Level 1:colcon.colcon_core.package_identification:_identify(src/Yolo_Handle) by extension 'ignore_ament_install'
[0.454s] Level 1:colcon.colcon_core.package_identification:_identify(src/Yolo_Handle) by extensions ['colcon_pkg']
[0.454s] Level 1:colcon.colcon_core.package_identification:_identify(src/Yolo_Handle) by extension 'colcon_pkg'
[0.454s] Level 1:colcon.colcon_core.package_identification:_identify(src/Yolo_Handle) by extensions ['colcon_meta']
[0.454s] Level 1:colcon.colcon_core.package_identification:_identify(src/Yolo_Handle) by extension 'colcon_meta'
[0.454s] Level 1:colcon.colcon_core.package_identification:_identify(src/Yolo_Handle) by extensions ['ros']
[0.454s] Level 1:colcon.colcon_core.package_identification:_identify(src/Yolo_Handle) by extension 'ros'
[0.455s] DEBUG:colcon.colcon_core.package_identification:Package 'src/Yolo_Handle' with type 'ros.ament_cmake' and name 'Yolo_Handle'
[0.455s] Level 1:colcon.colcon_core.package_identification:_identify(src/get_depth) by extensions ['ignore', 'ignore_ament_install']
[0.455s] Level 1:colcon.colcon_core.package_identification:_identify(src/get_depth) by extension 'ignore'
[0.455s] Level 1:colcon.colcon_core.package_identification:_identify(src/get_depth) by extension 'ignore_ament_install'
[0.455s] Level 1:colcon.colcon_core.package_identification:_identify(src/get_depth) by extensions ['colcon_pkg']
[0.455s] Level 1:colcon.colcon_core.package_identification:_identify(src/get_depth) by extension 'colcon_pkg'
[0.455s] Level 1:colcon.colcon_core.package_identification:_identify(src/get_depth) by extensions ['colcon_meta']
[0.455s] Level 1:colcon.colcon_core.package_identification:_identify(src/get_depth) by extension 'colcon_meta'
[0.455s] Level 1:colcon.colcon_core.package_identification:_identify(src/get_depth) by extensions ['ros']
[0.455s] Level 1:colcon.colcon_core.package_identification:_identify(src/get_depth) by extension 'ros'
[0.456s] DEBUG:colcon.colcon_core.package_identification:Package 'src/get_depth' with type 'ros.ament_cmake' and name 'get_depth'
[0.456s] Level 1:colcon.colcon_core.package_identification:_identify(src/map_test) by extensions ['ignore', 'ignore_ament_install']
[0.456s] Level 1:colcon.colcon_core.package_identification:_identify(src/map_test) by extension 'ignore'
[0.456s] Level 1:colcon.colcon_core.package_identification:_identify(src/map_test) by extension 'ignore_ament_install'
[0.456s] Level 1:colcon.colcon_core.package_identification:_identify(src/map_test) by extensions ['colcon_pkg']
[0.456s] Level 1:colcon.colcon_core.package_identification:_identify(src/map_test) by extension 'colcon_pkg'
[0.456s] Level 1:colcon.colcon_core.package_identification:_identify(src/map_test) by extensions ['colcon_meta']
[0.456s] Level 1:colcon.colcon_core.package_identification:_identify(src/map_test) by extension 'colcon_meta'
[0.456s] Level 1:colcon.colcon_core.package_identification:_identify(src/map_test) by extensions ['ros']
[0.456s] Level 1:colcon.colcon_core.package_identification:_identify(src/map_test) by extension 'ros'
[0.457s] DEBUG:colcon.colcon_core.package_identification:Package 'src/map_test' with type 'ros.ament_cmake' and name 'map_test'
[0.457s] Level 1:colcon.colcon_core.package_identification:_identify(src/my_msgss) by extensions ['ignore', 'ignore_ament_install']
[0.457s] Level 1:colcon.colcon_core.package_identification:_identify(src/my_msgss) by extension 'ignore'
[0.457s] Level 1:colcon.colcon_core.package_identification:_identify(src/my_msgss) by extension 'ignore_ament_install'
[0.457s] Level 1:colcon.colcon_core.package_identification:_identify(src/my_msgss) by extensions ['colcon_pkg']
[0.457s] Level 1:colcon.colcon_core.package_identification:_identify(src/my_msgss) by extension 'colcon_pkg'
[0.457s] Level 1:colcon.colcon_core.package_identification:_identify(src/my_msgss) by extensions ['colcon_meta']
[0.457s] Level 1:colcon.colcon_core.package_identification:_identify(src/my_msgss) by extension 'colcon_meta'
[0.457s] Level 1:colcon.colcon_core.package_identification:_identify(src/my_msgss) by extensions ['ros']
[0.457s] Level 1:colcon.colcon_core.package_identification:_identify(src/my_msgss) by extension 'ros'
[0.457s] DEBUG:colcon.colcon_core.package_identification:Package 'src/my_msgss' with type 'ros.ament_cmake' and name 'my_msgss'
[0.457s] Level 1:colcon.colcon_core.package_identification:_identify(src/ros2-mindvision-camera) by extensions ['ignore', 'ignore_ament_install']
[0.457s] Level 1:colcon.colcon_core.package_identification:_identify(src/ros2-mindvision-camera) by extension 'ignore'
[0.457s] Level 1:colcon.colcon_core.package_identification:_identify(src/ros2-mindvision-camera) by extension 'ignore_ament_install'
[0.457s] Level 1:colcon.colcon_core.package_identification:_identify(src/ros2-mindvision-camera) by extensions ['colcon_pkg']
[0.457s] Level 1:colcon.colcon_core.package_identification:_identify(src/ros2-mindvision-camera) by extension 'colcon_pkg'
[0.457s] Level 1:colcon.colcon_core.package_identification:_identify(src/ros2-mindvision-camera) by extensions ['colcon_meta']
[0.457s] Level 1:colcon.colcon_core.package_identification:_identify(src/ros2-mindvision-camera) by extension 'colcon_meta'
[0.457s] Level 1:colcon.colcon_core.package_identification:_identify(src/ros2-mindvision-camera) by extensions ['ros']
[0.457s] Level 1:colcon.colcon_core.package_identification:_identify(src/ros2-mindvision-camera) by extension 'ros'
[0.458s] DEBUG:colcon.colcon_core.package_identification:Package 'src/ros2-mindvision-camera' with type 'ros.ament_cmake' and name 'mindvision_camera'
[0.458s] Level 1:colcon.colcon_core.package_discovery:discover_packages(recursive) using defaults
[0.458s] Level 1:colcon.colcon_core.package_discovery:discover_packages(ignore) discover
[0.458s] Level 1:colcon.colcon_core.package_discovery:discover_packages(ignore) using defaults
[0.458s] Level 1:colcon.colcon_core.package_discovery:discover_packages(path) discover
[0.458s] Level 1:colcon.colcon_core.package_discovery:discover_packages(path) using defaults
[0.509s] Level 1:colcon.colcon_core.package_discovery:discover_packages(prefix_path) check parameters
[0.509s] Level 1:colcon.colcon_core.package_discovery:discover_packages(prefix_path) discover
[0.515s] WARNING:colcon.colcon_ros.prefix_path.ament:The path '/home/mechax/zyb/radar_station/install/Img_Handle' in the environment variable AMENT_PREFIX_PATH doesn't exist
[0.515s] WARNING:colcon.colcon_ros.prefix_path.catkin:The path '/home/mechax/zyb/radar_station/install/Img_Handle' in the environment variable CMAKE_PREFIX_PATH doesn't exist
[0.521s] DEBUG:colcon.colcon_installed_package_information.package_discovery:Found 7 installed packages in /home/mechax/zyb/radar_station/install
[0.528s] DEBUG:colcon.colcon_installed_package_information.package_discovery:Found 3 installed packages in /home/mechax/ws_livox/install
[0.535s] DEBUG:colcon.colcon_installed_package_information.package_discovery:Found 341 installed packages in /opt/ros/humble
[0.535s] Level 1:colcon.colcon_core.package_discovery:discover_packages(prefix_path) using defaults
[0.584s] Level 5:colcon.colcon_core.verb:set package 'Qt5_displayer' build argument 'cmake_args' from command line to 'None'
[0.584s] Level 5:colcon.colcon_core.verb:set package 'Qt5_displayer' build argument 'cmake_target' from command line to 'None'
[0.584s] Level 5:colcon.colcon_core.verb:set package 'Qt5_displayer' build argument 'cmake_target_skip_unavailable' from command line to 'False'
[0.584s] Level 5:colcon.colcon_core.verb:set package 'Qt5_displayer' build argument 'cmake_clean_cache' from command line to 'False'
[0.584s] Level 5:colcon.colcon_core.verb:set package 'Qt5_displayer' build argument 'cmake_clean_first' from command line to 'False'
[0.584s] Level 5:colcon.colcon_core.verb:set package 'Qt5_displayer' build argument 'cmake_force_configure' from command line to 'False'
[0.584s] Level 5:colcon.colcon_core.verb:set package 'Qt5_displayer' build argument 'ament_cmake_args' from command line to 'None'
[0.584s] Level 5:colcon.colcon_core.verb:set package 'Qt5_displayer' build argument 'catkin_cmake_args' from command line to 'None'
[0.584s] Level 5:colcon.colcon_core.verb:set package 'Qt5_displayer' build argument 'catkin_skip_building_tests' from command line to 'False'
[0.584s] DEBUG:colcon.colcon_core.verb:Building package 'Qt5_displayer' with the following arguments: {'ament_cmake_args': None, 'build_base': '/home/mechax/zyb/radar_station/build/Qt5_displayer', 'catkin_cmake_args': None, 'catkin_skip_building_tests': False, 'cmake_args': None, 'cmake_clean_cache': False, 'cmake_clean_first': False, 'cmake_force_configure': False, 'cmake_target': None, 'cmake_target_skip_unavailable': False, 'install_base': '/home/mechax/zyb/radar_station/install/Qt5_displayer', 'merge_install': False, 'path': '/home/mechax/zyb/radar_station/src/Qt5_displayer', 'symlink_install': False, 'test_result_base': None}
[0.590s] Level 5:colcon.colcon_core.verb:set package 'Yolo_Handle' build argument 'cmake_args' from command line to 'None'
[0.590s] Level 5:colcon.colcon_core.verb:set package 'Yolo_Handle' build argument 'cmake_target' from command line to 'None'
[0.590s] Level 5:colcon.colcon_core.verb:set package 'Yolo_Handle' build argument 'cmake_target_skip_unavailable' from command line to 'False'
[0.590s] Level 5:colcon.colcon_core.verb:set package 'Yolo_Handle' build argument 'cmake_clean_cache' from command line to 'False'
[0.590s] Level 5:colcon.colcon_core.verb:set package 'Yolo_Handle' build argument 'cmake_clean_first' from command line to 'False'
[0.590s] Level 5:colcon.colcon_core.verb:set package 'Yolo_Handle' build argument 'cmake_force_configure' from command line to 'False'
[0.590s] Level 5:colcon.colcon_core.verb:set package 'Yolo_Handle' build argument 'ament_cmake_args' from command line to 'None'
[0.590s] Level 5:colcon.colcon_core.verb:set package 'Yolo_Handle' build argument 'catkin_cmake_args' from command line to 'None'
[0.590s] Level 5:colcon.colcon_core.verb:set package 'Yolo_Handle' build argument 'catkin_skip_building_tests' from command line to 'False'
[0.590s] DEBUG:colcon.colcon_core.verb:Building package 'Yolo_Handle' with the following arguments: {'ament_cmake_args': None, 'build_base': '/home/mechax/zyb/radar_station/build/Yolo_Handle', 'catkin_cmake_args': None, 'catkin_skip_building_tests': False, 'cmake_args': None, 'cmake_clean_cache': False, 'cmake_clean_first': False, 'cmake_force_configure': False, 'cmake_target': None, 'cmake_target_skip_unavailable': False, 'install_base': '/home/mechax/zyb/radar_station/install/Yolo_Handle', 'merge_install': False, 'path': '/home/mechax/zyb/radar_station/src/Yolo_Handle', 'symlink_install': False, 'test_result_base': None}
[0.596s] Level 5:colcon.colcon_core.verb:set package 'mindvision_camera' build argument 'cmake_args' from command line to 'None'
[0.596s] Level 5:colcon.colcon_core.verb:set package 'mindvision_camera' build argument 'cmake_target' from command line to 'None'
[0.596s] Level 5:colcon.colcon_core.verb:set package 'mindvision_camera' build argument 'cmake_target_skip_unavailable' from command line to 'False'
[0.596s] Level 5:colcon.colcon_core.verb:set package 'mindvision_camera' build argument 'cmake_clean_cache' from command line to 'False'
[0.596s] Level 5:colcon.colcon_core.verb:set package 'mindvision_camera' build argument 'cmake_clean_first' from command line to 'False'
[0.596s] Level 5:colcon.colcon_core.verb:set package 'mindvision_camera' build argument 'cmake_force_configure' from command line to 'False'
[0.596s] Level 5:colcon.colcon_core.verb:set package 'mindvision_camera' build argument 'ament_cmake_args' from command line to 'None'
[0.596s] Level 5:colcon.colcon_core.verb:set package 'mindvision_camera' build argument 'catkin_cmake_args' from command line to 'None'
[0.596s] Level 5:colcon.colcon_core.verb:set package 'mindvision_camera' build argument 'catkin_skip_building_tests' from command line to 'False'
[0.596s] DEBUG:colcon.colcon_core.verb:Building package 'mindvision_camera' with the following arguments: {'ament_cmake_args': None, 'build_base': '/home/mechax/zyb/radar_station/build/mindvision_camera', 'catkin_cmake_args': None, 'catkin_skip_building_tests': False, 'cmake_args': None, 'cmake_clean_cache': False, 'cmake_clean_first': False, 'cmake_force_configure': False, 'cmake_target': None, 'cmake_target_skip_unavailable': False, 'install_base': '/home/mechax/zyb/radar_station/install/mindvision_camera', 'merge_install': False, 'path': '/home/mechax/zyb/radar_station/src/ros2-mindvision-camera', 'symlink_install': False, 'test_result_base': None}
[0.601s] Level 5:colcon.colcon_core.verb:set package 'my_msgss' build argument 'cmake_args' from command line to 'None'
[0.602s] Level 5:colcon.colcon_core.verb:set package 'my_msgss' build argument 'cmake_target' from command line to 'None'
[0.602s] Level 5:colcon.colcon_core.verb:set package 'my_msgss' build argument 'cmake_target_skip_unavailable' from command line to 'False'
[0.602s] Level 5:colcon.colcon_core.verb:set package 'my_msgss' build argument 'cmake_clean_cache' from command line to 'False'
[0.602s] Level 5:colcon.colcon_core.verb:set package 'my_msgss' build argument 'cmake_clean_first' from command line to 'False'
[0.602s] Level 5:colcon.colcon_core.verb:set package 'my_msgss' build argument 'cmake_force_configure' from command line to 'False'
[0.602s] Level 5:colcon.colcon_core.verb:set package 'my_msgss' build argument 'ament_cmake_args' from command line to 'None'
[0.602s] Level 5:colcon.colcon_core.verb:set package 'my_msgss' build argument 'catkin_cmake_args' from command line to 'None'
[0.602s] Level 5:colcon.colcon_core.verb:set package 'my_msgss' build argument 'catkin_skip_building_tests' from command line to 'False'
[0.602s] DEBUG:colcon.colcon_core.verb:Building package 'my_msgss' with the following arguments: {'ament_cmake_args': None, 'build_base': '/home/mechax/zyb/radar_station/build/my_msgss', 'catkin_cmake_args': None, 'catkin_skip_building_tests': False, 'cmake_args': None, 'cmake_clean_cache': False, 'cmake_clean_first': False, 'cmake_force_configure': False, 'cmake_target': None, 'cmake_target_skip_unavailable': False, 'install_base': '/home/mechax/zyb/radar_station/install/my_msgss', 'merge_install': False, 'path': '/home/mechax/zyb/radar_station/src/my_msgss', 'symlink_install': False, 'test_result_base': None}
[0.607s] Level 5:colcon.colcon_core.verb:set package 'Game_Map' build argument 'cmake_args' from command line to 'None'
[0.607s] Level 5:colcon.colcon_core.verb:set package 'Game_Map' build argument 'cmake_target' from command line to 'None'
[0.607s] Level 5:colcon.colcon_core.verb:set package 'Game_Map' build argument 'cmake_target_skip_unavailable' from command line to 'False'
[0.607s] Level 5:colcon.colcon_core.verb:set package 'Game_Map' build argument 'cmake_clean_cache' from command line to 'False'
[0.607s] Level 5:colcon.colcon_core.verb:set package 'Game_Map' build argument 'cmake_clean_first' from command line to 'False'
[0.607s] Level 5:colcon.colcon_core.verb:set package 'Game_Map' build argument 'cmake_force_configure' from command line to 'False'
[0.607s] Level 5:colcon.colcon_core.verb:set package 'Game_Map' build argument 'ament_cmake_args' from command line to 'None'
[0.607s] Level 5:colcon.colcon_core.verb:set package 'Game_Map' build argument 'catkin_cmake_args' from command line to 'None'
[0.607s] Level 5:colcon.colcon_core.verb:set package 'Game_Map' build argument 'catkin_skip_building_tests' from command line to 'False'
[0.607s] DEBUG:colcon.colcon_core.verb:Building package 'Game_Map' with the following arguments: {'ament_cmake_args': None, 'build_base': '/home/mechax/zyb/radar_station/build/Game_Map', 'catkin_cmake_args': None, 'catkin_skip_building_tests': False, 'cmake_args': None, 'cmake_clean_cache': False, 'cmake_clean_first': False, 'cmake_force_configure': False, 'cmake_target': None, 'cmake_target_skip_unavailable': False, 'install_base': '/home/mechax/zyb/radar_station/install/Game_Map', 'merge_install': False, 'path': '/home/mechax/zyb/radar_station/src/Game_Map', 'symlink_install': False, 'test_result_base': None}
[0.613s] Level 5:colcon.colcon_core.verb:set package 'Img_Handle' build argument 'cmake_args' from command line to 'None'
[0.613s] Level 5:colcon.colcon_core.verb:set package 'Img_Handle' build argument 'cmake_target' from command line to 'None'
[0.613s] Level 5:colcon.colcon_core.verb:set package 'Img_Handle' build argument 'cmake_target_skip_unavailable' from command line to 'False'
[0.613s] Level 5:colcon.colcon_core.verb:set package 'Img_Handle' build argument 'cmake_clean_cache' from command line to 'False'
[0.613s] Level 5:colcon.colcon_core.verb:set package 'Img_Handle' build argument 'cmake_clean_first' from command line to 'False'
[0.613s] Level 5:colcon.colcon_core.verb:set package 'Img_Handle' build argument 'cmake_force_configure' from command line to 'False'
[0.613s] Level 5:colcon.colcon_core.verb:set package 'Img_Handle' build argument 'ament_cmake_args' from command line to 'None'
[0.613s] Level 5:colcon.colcon_core.verb:set package 'Img_Handle' build argument 'catkin_cmake_args' from command line to 'None'
[0.613s] Level 5:colcon.colcon_core.verb:set package 'Img_Handle' build argument 'catkin_skip_building_tests' from command line to 'False'
[0.613s] DEBUG:colcon.colcon_core.verb:Building package 'Img_Handle' with the following arguments: {'ament_cmake_args': None, 'build_base': '/home/mechax/zyb/radar_station/build/Img_Handle', 'catkin_cmake_args': None, 'catkin_skip_building_tests': False, 'cmake_args': None, 'cmake_clean_cache': False, 'cmake_clean_first': False, 'cmake_force_configure': False, 'cmake_target': None, 'cmake_target_skip_unavailable': False, 'install_base': '/home/mechax/zyb/radar_station/install/Img_Handle', 'merge_install': False, 'path': '/home/mechax/zyb/radar_station/src/Img_Handle', 'symlink_install': False, 'test_result_base': None}
[0.619s] Level 5:colcon.colcon_core.verb:set package 'get_depth' build argument 'cmake_args' from command line to 'None'
[0.619s] Level 5:colcon.colcon_core.verb:set package 'get_depth' build argument 'cmake_target' from command line to 'None'
[0.619s] Level 5:colcon.colcon_core.verb:set package 'get_depth' build argument 'cmake_target_skip_unavailable' from command line to 'False'
[0.619s] Level 5:colcon.colcon_core.verb:set package 'get_depth' build argument 'cmake_clean_cache' from command line to 'False'
[0.619s] Level 5:colcon.colcon_core.verb:set package 'get_depth' build argument 'cmake_clean_first' from command line to 'False'
[0.619s] Level 5:colcon.colcon_core.verb:set package 'get_depth' build argument 'cmake_force_configure' from command line to 'False'
[0.619s] Level 5:colcon.colcon_core.verb:set package 'get_depth' build argument 'ament_cmake_args' from command line to 'None'
[0.619s] Level 5:colcon.colcon_core.verb:set package 'get_depth' build argument 'catkin_cmake_args' from command line to 'None'
[0.619s] Level 5:colcon.colcon_core.verb:set package 'get_depth' build argument 'catkin_skip_building_tests' from command line to 'False'
[0.619s] DEBUG:colcon.colcon_core.verb:Building package 'get_depth' with the following arguments: {'ament_cmake_args': None, 'build_base': '/home/mechax/zyb/radar_station/build/get_depth', 'catkin_cmake_args': None, 'catkin_skip_building_tests': False, 'cmake_args': None, 'cmake_clean_cache': False, 'cmake_clean_first': False, 'cmake_force_configure': False, 'cmake_target': None, 'cmake_target_skip_unavailable': False, 'install_base': '/home/mechax/zyb/radar_station/install/get_depth', 'merge_install': False, 'path': '/home/mechax/zyb/radar_station/src/get_depth', 'symlink_install': False, 'test_result_base': None}
[0.625s] Level 5:colcon.colcon_core.verb:set package 'map_test' build argument 'cmake_args' from command line to 'None'
[0.625s] Level 5:colcon.colcon_core.verb:set package 'map_test' build argument 'cmake_target' from command line to 'None'
[0.625s] Level 5:colcon.colcon_core.verb:set package 'map_test' build argument 'cmake_target_skip_unavailable' from command line to 'False'
[0.625s] Level 5:colcon.colcon_core.verb:set package 'map_test' build argument 'cmake_clean_cache' from command line to 'False'
[0.625s] Level 5:colcon.colcon_core.verb:set package 'map_test' build argument 'cmake_clean_first' from command line to 'False'
[0.625s] Level 5:colcon.colcon_core.verb:set package 'map_test' build argument 'cmake_force_configure' from command line to 'False'
[0.625s] Level 5:colcon.colcon_core.verb:set package 'map_test' build argument 'ament_cmake_args' from command line to 'None'
[0.625s] Level 5:colcon.colcon_core.verb:set package 'map_test' build argument 'catkin_cmake_args' from command line to 'None'
[0.625s] Level 5:colcon.colcon_core.verb:set package 'map_test' build argument 'catkin_skip_building_tests' from command line to 'False'
[0.625s] DEBUG:colcon.colcon_core.verb:Building package 'map_test' with the following arguments: {'ament_cmake_args': None, 'build_base': '/home/mechax/zyb/radar_station/build/map_test', 'catkin_cmake_args': None, 'catkin_skip_building_tests': False, 'cmake_args': None, 'cmake_clean_cache': False, 'cmake_clean_first': False, 'cmake_force_configure': False, 'cmake_target': None, 'cmake_target_skip_unavailable': False, 'install_base': '/home/mechax/zyb/radar_station/install/map_test', 'merge_install': False, 'path': '/home/mechax/zyb/radar_station/src/map_test', 'symlink_install': False, 'test_result_base': None}
[0.630s] INFO:colcon.colcon_core.executor:Executing jobs using 'parallel' executor
[0.636s] DEBUG:colcon.colcon_parallel_executor.executor.parallel:run_until_complete
[0.637s] INFO:colcon.colcon_ros.task.ament_cmake.build:Building ROS package in '/home/mechax/zyb/radar_station/src/my_msgss' with build type 'ament_cmake'
[0.637s] INFO:colcon.colcon_cmake.task.cmake.build:Building CMake package in '/home/mechax/zyb/radar_station/src/my_msgss'
[0.644s] INFO:colcon.colcon_core.plugin_system:Skipping extension 'colcon_core.shell.bat': Not used on non-Windows systems
[0.644s] INFO:colcon.colcon_core.shell:Skip shell extension 'powershell' for command environment: Not usable outside of PowerShell
[0.644s] DEBUG:colcon.colcon_core.shell:Skip shell extension 'dsv' for command environment
[0.671s] INFO:colcon.colcon_ros.task.ament_cmake.build:Building ROS package in '/home/mechax/zyb/radar_station/src/Qt5_displayer' with build type 'ament_cmake'
[0.671s] INFO:colcon.colcon_cmake.task.cmake.build:Building CMake package in '/home/mechax/zyb/radar_station/src/Qt5_displayer'
[0.678s] INFO:colcon.colcon_core.shell:Skip shell extension 'powershell' for command environment: Not usable outside of PowerShell
[0.678s] DEBUG:colcon.colcon_core.shell:Skip shell extension 'dsv' for command environment
[0.714s] INFO:colcon.colcon_ros.task.ament_cmake.build:Building ROS package in '/home/mechax/zyb/radar_station/src/Yolo_Handle' with build type 'ament_cmake'
[0.714s] INFO:colcon.colcon_cmake.task.cmake.build:Building CMake package in '/home/mechax/zyb/radar_station/src/Yolo_Handle'
[0.720s] INFO:colcon.colcon_core.shell:Skip shell extension 'powershell' for command environment: Not usable outside of PowerShell
[0.721s] DEBUG:colcon.colcon_core.shell:Skip shell extension 'dsv' for command environment
[0.750s] INFO:colcon.colcon_ros.task.ament_cmake.build:Building ROS package in '/home/mechax/zyb/radar_station/src/ros2-mindvision-camera' with build type 'ament_cmake'
[0.750s] INFO:colcon.colcon_cmake.task.cmake.build:Building CMake package in '/home/mechax/zyb/radar_station/src/ros2-mindvision-camera'
[0.756s] INFO:colcon.colcon_core.shell:Skip shell extension 'powershell' for command environment: Not usable outside of PowerShell
[0.756s] DEBUG:colcon.colcon_core.shell:Skip shell extension 'dsv' for command environment
[0.789s] DEBUG:colcon.colcon_core.event_handler.log_command:Invoking command in '/home/mechax/zyb/radar_station/build/my_msgss': CMAKE_PREFIX_PATH=${CMAKE_PREFIX_PATH}:/opt/ros/humble /usr/bin/cmake --build /home/mechax/zyb/radar_station/build/my_msgss -- -j16 -l16
[0.792s] DEBUG:colcon.colcon_core.event_handler.log_command:Invoking command in '/home/mechax/zyb/radar_station/build/Qt5_displayer': CMAKE_PREFIX_PATH=${CMAKE_PREFIX_PATH}:/opt/ros/humble /usr/bin/cmake --build /home/mechax/zyb/radar_station/build/Qt5_displayer -- -j16 -l16
[0.794s] DEBUG:colcon.colcon_core.event_handler.log_command:Invoking command in '/home/mechax/zyb/radar_station/build/Yolo_Handle': CMAKE_PREFIX_PATH=${CMAKE_PREFIX_PATH}:/opt/ros/humble /usr/bin/cmake --build /home/mechax/zyb/radar_station/build/Yolo_Handle -- -j16 -l16
[0.799s] DEBUG:colcon.colcon_core.event_handler.log_command:Invoking command in '/home/mechax/zyb/radar_station/build/mindvision_camera': CMAKE_PREFIX_PATH=${CMAKE_PREFIX_PATH}:/opt/ros/humble /usr/bin/cmake --build /home/mechax/zyb/radar_station/build/mindvision_camera -- -j16 -l16
[0.815s] DEBUG:colcon.colcon_core.event_handler.log_command:Invoked command in '/home/mechax/zyb/radar_station/build/Yolo_Handle' returned '0': CMAKE_PREFIX_PATH=${CMAKE_PREFIX_PATH}:/opt/ros/humble /usr/bin/cmake --build /home/mechax/zyb/radar_station/build/Yolo_Handle -- -j16 -l16
[0.847s] DEBUG:colcon.colcon_core.event_handler.log_command:Invoking command in '/home/mechax/zyb/radar_station/build/Yolo_Handle': CMAKE_PREFIX_PATH=${CMAKE_PREFIX_PATH}:/opt/ros/humble /usr/bin/cmake --install /home/mechax/zyb/radar_station/build/Yolo_Handle
[0.849s] DEBUG:colcon.colcon_core.event_handler.log_command:Invoked command in '/home/mechax/zyb/radar_station/build/mindvision_camera' returned '0': CMAKE_PREFIX_PATH=${CMAKE_PREFIX_PATH}:/opt/ros/humble /usr/bin/cmake --build /home/mechax/zyb/radar_station/build/mindvision_camera -- -j16 -l16
[0.854s] Level 1:colcon.colcon_core.environment:create_environment_scripts_only(Yolo_Handle)
[0.855s] DEBUG:colcon.colcon_core.event_handler.log_command:Invoked command in '/home/mechax/zyb/radar_station/build/Yolo_Handle' returned '0': CMAKE_PREFIX_PATH=${CMAKE_PREFIX_PATH}:/opt/ros/humble /usr/bin/cmake --install /home/mechax/zyb/radar_station/build/Yolo_Handle
[0.872s] Level 1:colcon.colcon_core.environment:checking '/home/mechax/zyb/radar_station/install/Yolo_Handle' for CMake module files
[0.872s] Level 1:colcon.colcon_core.environment:checking '/home/mechax/zyb/radar_station/install/Yolo_Handle' for CMake config files
[0.873s] Level 1:colcon.colcon_core.shell:create_environment_hook('Yolo_Handle', 'cmake_prefix_path')
[0.884s] INFO:colcon.colcon_core.shell:Creating environment hook '/home/mechax/zyb/radar_station/install/Yolo_Handle/share/Yolo_Handle/hook/cmake_prefix_path.ps1'
[0.885s] INFO:colcon.colcon_core.shell:Creating environment descriptor '/home/mechax/zyb/radar_station/install/Yolo_Handle/share/Yolo_Handle/hook/cmake_prefix_path.dsv'
[0.885s] INFO:colcon.colcon_core.shell:Creating environment hook '/home/mechax/zyb/radar_station/install/Yolo_Handle/share/Yolo_Handle/hook/cmake_prefix_path.sh'
[0.885s] Level 1:colcon.colcon_core.environment:checking '/home/mechax/zyb/radar_station/install/Yolo_Handle/bin'
[0.886s] Level 1:colcon.colcon_core.environment:checking '/home/mechax/zyb/radar_station/install/Yolo_Handle/lib/pkgconfig/Yolo_Handle.pc'
[0.886s] Level 1:colcon.colcon_core.environment:checking '/home/mechax/zyb/radar_station/install/Yolo_Handle/lib/python3.10/site-packages'
[0.886s] Level 1:colcon.colcon_core.environment:checking '/home/mechax/zyb/radar_station/install/Yolo_Handle/bin'
[0.893s] INFO:colcon.colcon_core.shell:Creating package script '/home/mechax/zyb/radar_station/install/Yolo_Handle/share/Yolo_Handle/package.ps1'
[0.893s] INFO:colcon.colcon_core.shell:Creating package descriptor '/home/mechax/zyb/radar_station/install/Yolo_Handle/share/Yolo_Handle/package.dsv'
[0.894s] INFO:colcon.colcon_core.shell:Creating package script '/home/mechax/zyb/radar_station/install/Yolo_Handle/share/Yolo_Handle/package.sh'
[0.894s] INFO:colcon.colcon_core.shell:Creating package script '/home/mechax/zyb/radar_station/install/Yolo_Handle/share/Yolo_Handle/package.bash'
[0.894s] INFO:colcon.colcon_core.shell:Creating package script '/home/mechax/zyb/radar_station/install/Yolo_Handle/share/Yolo_Handle/package.zsh'
[0.895s] Level 1:colcon.colcon_core.environment:create_file_with_runtime_dependencies(/home/mechax/zyb/radar_station/install/Yolo_Handle/share/colcon-core/packages/Yolo_Handle)
[0.897s] DEBUG:colcon.colcon_core.event_handler.log_command:Invoking command in '/home/mechax/zyb/radar_station/build/mindvision_camera': CMAKE_PREFIX_PATH=${CMAKE_PREFIX_PATH}:/opt/ros/humble /usr/bin/cmake --install /home/mechax/zyb/radar_station/build/mindvision_camera
[0.908s] Level 1:colcon.colcon_core.environment:create_environment_scripts_only(mindvision_camera)
[0.908s] DEBUG:colcon.colcon_core.event_handler.log_command:Invoked command in '/home/mechax/zyb/radar_station/build/mindvision_camera' returned '0': CMAKE_PREFIX_PATH=${CMAKE_PREFIX_PATH}:/opt/ros/humble /usr/bin/cmake --install /home/mechax/zyb/radar_station/build/mindvision_camera
[0.919s] Level 1:colcon.colcon_core.environment:checking '/home/mechax/zyb/radar_station/install/mindvision_camera' for CMake module files
[0.919s] Level 1:colcon.colcon_core.environment:checking '/home/mechax/zyb/radar_station/install/mindvision_camera' for CMake config files
[0.919s] Level 1:colcon.colcon_core.shell:create_environment_hook('mindvision_camera', 'cmake_prefix_path')
[0.925s] INFO:colcon.colcon_core.shell:Creating environment hook '/home/mechax/zyb/radar_station/install/mindvision_camera/share/mindvision_camera/hook/cmake_prefix_path.ps1'
[0.926s] INFO:colcon.colcon_core.shell:Creating environment descriptor '/home/mechax/zyb/radar_station/install/mindvision_camera/share/mindvision_camera/hook/cmake_prefix_path.dsv'
[0.926s] INFO:colcon.colcon_core.shell:Creating environment hook '/home/mechax/zyb/radar_station/install/mindvision_camera/share/mindvision_camera/hook/cmake_prefix_path.sh'
[0.926s] Level 1:colcon.colcon_core.environment:checking '/home/mechax/zyb/radar_station/install/mindvision_camera/lib'
[0.926s] Level 1:colcon.colcon_core.shell:create_environment_hook('mindvision_camera', 'ld_library_path_lib')
[0.932s] INFO:colcon.colcon_core.shell:Creating environment hook '/home/mechax/zyb/radar_station/install/mindvision_camera/share/mindvision_camera/hook/ld_library_path_lib.ps1'
[0.933s] INFO:colcon.colcon_core.shell:Creating environment descriptor '/home/mechax/zyb/radar_station/install/mindvision_camera/share/mindvision_camera/hook/ld_library_path_lib.dsv'
[0.933s] INFO:colcon.colcon_core.shell:Creating environment hook '/home/mechax/zyb/radar_station/install/mindvision_camera/share/mindvision_camera/hook/ld_library_path_lib.sh'
[0.933s] Level 1:colcon.colcon_core.environment:checking '/home/mechax/zyb/radar_station/install/mindvision_camera/bin'
[0.933s] Level 1:colcon.colcon_core.environment:checking '/home/mechax/zyb/radar_station/install/mindvision_camera/lib/pkgconfig/mindvision_camera.pc'
[0.933s] Level 1:colcon.colcon_core.environment:checking '/home/mechax/zyb/radar_station/install/mindvision_camera/lib/python3.10/site-packages'
[0.933s] Level 1:colcon.colcon_core.environment:checking '/home/mechax/zyb/radar_station/install/mindvision_camera/bin'
[0.940s] INFO:colcon.colcon_core.shell:Creating package script '/home/mechax/zyb/radar_station/install/mindvision_camera/share/mindvision_camera/package.ps1'
[0.940s] INFO:colcon.colcon_core.shell:Creating package descriptor '/home/mechax/zyb/radar_station/install/mindvision_camera/share/mindvision_camera/package.dsv'
[0.940s] INFO:colcon.colcon_core.shell:Creating package script '/home/mechax/zyb/radar_station/install/mindvision_camera/share/mindvision_camera/package.sh'
[0.941s] INFO:colcon.colcon_core.shell:Creating package script '/home/mechax/zyb/radar_station/install/mindvision_camera/share/mindvision_camera/package.bash'
[0.941s] INFO:colcon.colcon_core.shell:Creating package script '/home/mechax/zyb/radar_station/install/mindvision_camera/share/mindvision_camera/package.zsh'
[0.941s] Level 1:colcon.colcon_core.environment:create_file_with_runtime_dependencies(/home/mechax/zyb/radar_station/install/mindvision_camera/share/colcon-core/packages/mindvision_camera)
[0.949s] Level 1:colcon.colcon_core.environment:create_environment_scripts_only(Yolo_Handle)
[0.956s] Level 1:colcon.colcon_core.environment:checking '/home/mechax/zyb/radar_station/install/Yolo_Handle' for CMake module files
[0.957s] Level 1:colcon.colcon_core.environment:checking '/home/mechax/zyb/radar_station/install/Yolo_Handle' for CMake config files
[0.957s] Level 1:colcon.colcon_core.shell:create_environment_hook('Yolo_Handle', 'cmake_prefix_path')
[0.964s] INFO:colcon.colcon_core.shell:Creating environment hook '/home/mechax/zyb/radar_station/install/Yolo_Handle/share/Yolo_Handle/hook/cmake_prefix_path.ps1'
[0.964s] INFO:colcon.colcon_core.shell:Creating environment descriptor '/home/mechax/zyb/radar_station/install/Yolo_Handle/share/Yolo_Handle/hook/cmake_prefix_path.dsv'
[0.965s] INFO:colcon.colcon_core.shell:Creating environment hook '/home/mechax/zyb/radar_station/install/Yolo_Handle/share/Yolo_Handle/hook/cmake_prefix_path.sh'
[0.965s] Level 1:colcon.colcon_core.environment:checking '/home/mechax/zyb/radar_station/install/Yolo_Handle/bin'
[0.965s] Level 1:colcon.colcon_core.environment:checking '/home/mechax/zyb/radar_station/install/Yolo_Handle/lib/pkgconfig/Yolo_Handle.pc'
[0.965s] Level 1:colcon.colcon_core.environment:checking '/home/mechax/zyb/radar_station/install/Yolo_Handle/lib/python3.10/site-packages'
[0.965s] Level 1:colcon.colcon_core.environment:checking '/home/mechax/zyb/radar_station/install/Yolo_Handle/bin'
[0.973s] INFO:colcon.colcon_core.shell:Creating package script '/home/mechax/zyb/radar_station/install/Yolo_Handle/share/Yolo_Handle/package.ps1'
[0.974s] INFO:colcon.colcon_core.shell:Creating package descriptor '/home/mechax/zyb/radar_station/install/Yolo_Handle/share/Yolo_Handle/package.dsv'
[0.974s] INFO:colcon.colcon_core.shell:Creating package script '/home/mechax/zyb/radar_station/install/Yolo_Handle/share/Yolo_Handle/package.sh'
[0.974s] INFO:colcon.colcon_core.shell:Creating package script '/home/mechax/zyb/radar_station/install/Yolo_Handle/share/Yolo_Handle/package.bash'
[0.974s] INFO:colcon.colcon_core.shell:Creating package script '/home/mechax/zyb/radar_station/install/Yolo_Handle/share/Yolo_Handle/package.zsh'
[0.975s] Level 1:colcon.colcon_core.environment:create_file_with_runtime_dependencies(/home/mechax/zyb/radar_station/install/Yolo_Handle/share/colcon-core/packages/Yolo_Handle)
[0.984s] Level 1:colcon.colcon_core.environment:create_environment_scripts_only(mindvision_camera)
[0.991s] Level 1:colcon.colcon_core.environment:checking '/home/mechax/zyb/radar_station/install/mindvision_camera' for CMake module files
[0.991s] Level 1:colcon.colcon_core.environment:checking '/home/mechax/zyb/radar_station/install/mindvision_camera' for CMake config files
[0.991s] Level 1:colcon.colcon_core.shell:create_environment_hook('mindvision_camera', 'cmake_prefix_path')
[0.998s] INFO:colcon.colcon_core.shell:Creating environment hook '/home/mechax/zyb/radar_station/install/mindvision_camera/share/mindvision_camera/hook/cmake_prefix_path.ps1'
[0.999s] INFO:colcon.colcon_core.shell:Creating environment descriptor '/home/mechax/zyb/radar_station/install/mindvision_camera/share/mindvision_camera/hook/cmake_prefix_path.dsv'
[0.999s] INFO:colcon.colcon_core.shell:Creating environment hook '/home/mechax/zyb/radar_station/install/mindvision_camera/share/mindvision_camera/hook/cmake_prefix_path.sh'
[1.000s] Level 1:colcon.colcon_core.environment:checking '/home/mechax/zyb/radar_station/install/mindvision_camera/lib'
[1.000s] Level 1:colcon.colcon_core.shell:create_environment_hook('mindvision_camera', 'ld_library_path_lib')
[1.007s] INFO:colcon.colcon_core.shell:Creating environment hook '/home/mechax/zyb/radar_station/install/mindvision_camera/share/mindvision_camera/hook/ld_library_path_lib.ps1'
[1.007s] INFO:colcon.colcon_core.shell:Creating environment descriptor '/home/mechax/zyb/radar_station/install/mindvision_camera/share/mindvision_camera/hook/ld_library_path_lib.dsv'
[1.007s] INFO:colcon.colcon_core.shell:Creating environment hook '/home/mechax/zyb/radar_station/install/mindvision_camera/share/mindvision_camera/hook/ld_library_path_lib.sh'
[1.007s] Level 1:colcon.colcon_core.environment:checking '/home/mechax/zyb/radar_station/install/mindvision_camera/bin'
[1.007s] Level 1:colcon.colcon_core.environment:checking '/home/mechax/zyb/radar_station/install/mindvision_camera/lib/pkgconfig/mindvision_camera.pc'
[1.008s] Level 1:colcon.colcon_core.environment:checking '/home/mechax/zyb/radar_station/install/mindvision_camera/lib/python3.10/site-packages'
[1.008s] Level 1:colcon.colcon_core.environment:checking '/home/mechax/zyb/radar_station/install/mindvision_camera/bin'
[1.014s] INFO:colcon.colcon_core.shell:Creating package script '/home/mechax/zyb/radar_station/install/mindvision_camera/share/mindvision_camera/package.ps1'
[1.015s] INFO:colcon.colcon_core.shell:Creating package descriptor '/home/mechax/zyb/radar_station/install/mindvision_camera/share/mindvision_camera/package.dsv'
[1.015s] INFO:colcon.colcon_core.shell:Creating package script '/home/mechax/zyb/radar_station/install/mindvision_camera/share/mindvision_camera/package.sh'
[1.015s] INFO:colcon.colcon_core.shell:Creating package script '/home/mechax/zyb/radar_station/install/mindvision_camera/share/mindvision_camera/package.bash'
[1.016s] INFO:colcon.colcon_core.shell:Creating package script '/home/mechax/zyb/radar_station/install/mindvision_camera/share/mindvision_camera/package.zsh'
[1.016s] Level 1:colcon.colcon_core.environment:create_file_with_runtime_dependencies(/home/mechax/zyb/radar_station/install/mindvision_camera/share/colcon-core/packages/mindvision_camera)
[1.017s] DEBUG:colcon.colcon_core.event_handler.log_command:Invoked command in '/home/mechax/zyb/radar_station/build/my_msgss' returned '0': CMAKE_PREFIX_PATH=${CMAKE_PREFIX_PATH}:/opt/ros/humble /usr/bin/cmake --build /home/mechax/zyb/radar_station/build/my_msgss -- -j16 -l16
[1.102s] DEBUG:colcon.colcon_core.event_handler.log_command:Invoking command in '/home/mechax/zyb/radar_station/build/my_msgss': CMAKE_PREFIX_PATH=${CMAKE_PREFIX_PATH}:/opt/ros/humble /usr/bin/cmake --install /home/mechax/zyb/radar_station/build/my_msgss
[1.136s] Level 1:colcon.colcon_core.environment:create_environment_scripts_only(my_msgss)
[1.136s] DEBUG:colcon.colcon_core.event_handler.log_command:Invoked command in '/home/mechax/zyb/radar_station/build/my_msgss' returned '0': CMAKE_PREFIX_PATH=${CMAKE_PREFIX_PATH}:/opt/ros/humble /usr/bin/cmake --install /home/mechax/zyb/radar_station/build/my_msgss
[1.147s] Level 1:colcon.colcon_core.environment:checking '/home/mechax/zyb/radar_station/install/my_msgss' for CMake module files
[1.148s] Level 1:colcon.colcon_core.environment:checking '/home/mechax/zyb/radar_station/install/my_msgss' for CMake config files
[1.148s] Level 1:colcon.colcon_core.shell:create_environment_hook('my_msgss', 'cmake_prefix_path')
[1.155s] INFO:colcon.colcon_core.shell:Creating environment hook '/home/mechax/zyb/radar_station/install/my_msgss/share/my_msgss/hook/cmake_prefix_path.ps1'
[1.155s] INFO:colcon.colcon_core.shell:Creating environment descriptor '/home/mechax/zyb/radar_station/install/my_msgss/share/my_msgss/hook/cmake_prefix_path.dsv'
[1.155s] INFO:colcon.colcon_core.shell:Creating environment hook '/home/mechax/zyb/radar_station/install/my_msgss/share/my_msgss/hook/cmake_prefix_path.sh'
[1.155s] Level 1:colcon.colcon_core.environment:checking '/home/mechax/zyb/radar_station/install/my_msgss/lib'
[1.155s] Level 1:colcon.colcon_core.shell:create_environment_hook('my_msgss', 'ld_library_path_lib')
[1.162s] INFO:colcon.colcon_core.shell:Creating environment hook '/home/mechax/zyb/radar_station/install/my_msgss/share/my_msgss/hook/ld_library_path_lib.ps1'
[1.163s] INFO:colcon.colcon_core.shell:Creating environment descriptor '/home/mechax/zyb/radar_station/install/my_msgss/share/my_msgss/hook/ld_library_path_lib.dsv'
[1.163s] INFO:colcon.colcon_core.shell:Creating environment hook '/home/mechax/zyb/radar_station/install/my_msgss/share/my_msgss/hook/ld_library_path_lib.sh'
[1.163s] Level 1:colcon.colcon_core.environment:checking '/home/mechax/zyb/radar_station/install/my_msgss/bin'
[1.163s] Level 1:colcon.colcon_core.environment:checking '/home/mechax/zyb/radar_station/install/my_msgss/lib/pkgconfig/my_msgss.pc'
[1.164s] Level 1:colcon.colcon_core.environment:checking '/home/mechax/zyb/radar_station/install/my_msgss/lib/python3.10/site-packages'
[1.164s] Level 1:colcon.colcon_core.environment:checking '/home/mechax/zyb/radar_station/install/my_msgss/bin'
[1.170s] INFO:colcon.colcon_core.shell:Creating package script '/home/mechax/zyb/radar_station/install/my_msgss/share/my_msgss/package.ps1'
[1.171s] INFO:colcon.colcon_core.shell:Creating package descriptor '/home/mechax/zyb/radar_station/install/my_msgss/share/my_msgss/package.dsv'
[1.171s] INFO:colcon.colcon_core.shell:Creating package script '/home/mechax/zyb/radar_station/install/my_msgss/share/my_msgss/package.sh'
[1.171s] INFO:colcon.colcon_core.shell:Creating package script '/home/mechax/zyb/radar_station/install/my_msgss/share/my_msgss/package.bash'
[1.171s] INFO:colcon.colcon_core.shell:Creating package script '/home/mechax/zyb/radar_station/install/my_msgss/share/my_msgss/package.zsh'
[1.172s] Level 1:colcon.colcon_core.environment:create_file_with_runtime_dependencies(/home/mechax/zyb/radar_station/install/my_msgss/share/colcon-core/packages/my_msgss)
[1.256s] Level 1:colcon.colcon_core.environment:create_environment_scripts_only(my_msgss)
[1.263s] Level 1:colcon.colcon_core.environment:checking '/home/mechax/zyb/radar_station/install/my_msgss' for CMake module files
[1.264s] Level 1:colcon.colcon_core.environment:checking '/home/mechax/zyb/radar_station/install/my_msgss' for CMake config files
[1.264s] Level 1:colcon.colcon_core.shell:create_environment_hook('my_msgss', 'cmake_prefix_path')
[1.270s] INFO:colcon.colcon_core.shell:Creating environment hook '/home/mechax/zyb/radar_station/install/my_msgss/share/my_msgss/hook/cmake_prefix_path.ps1'
[1.270s] INFO:colcon.colcon_core.shell:Creating environment descriptor '/home/mechax/zyb/radar_station/install/my_msgss/share/my_msgss/hook/cmake_prefix_path.dsv'
[1.271s] INFO:colcon.colcon_core.shell:Creating environment hook '/home/mechax/zyb/radar_station/install/my_msgss/share/my_msgss/hook/cmake_prefix_path.sh'
[1.271s] Level 1:colcon.colcon_core.environment:checking '/home/mechax/zyb/radar_station/install/my_msgss/lib'
[1.271s] Level 1:colcon.colcon_core.shell:create_environment_hook('my_msgss', 'ld_library_path_lib')
[1.277s] INFO:colcon.colcon_core.shell:Creating environment hook '/home/mechax/zyb/radar_station/install/my_msgss/share/my_msgss/hook/ld_library_path_lib.ps1'
[1.277s] INFO:colcon.colcon_core.shell:Creating environment descriptor '/home/mechax/zyb/radar_station/install/my_msgss/share/my_msgss/hook/ld_library_path_lib.dsv'
[1.278s] INFO:colcon.colcon_core.shell:Creating environment hook '/home/mechax/zyb/radar_station/install/my_msgss/share/my_msgss/hook/ld_library_path_lib.sh'
[1.278s] Level 1:colcon.colcon_core.environment:checking '/home/mechax/zyb/radar_station/install/my_msgss/bin'
[1.278s] Level 1:colcon.colcon_core.environment:checking '/home/mechax/zyb/radar_station/install/my_msgss/lib/pkgconfig/my_msgss.pc'
[1.278s] Level 1:colcon.colcon_core.environment:checking '/home/mechax/zyb/radar_station/install/my_msgss/lib/python3.10/site-packages'
[1.278s] Level 1:colcon.colcon_core.environment:checking '/home/mechax/zyb/radar_station/install/my_msgss/bin'
[1.284s] INFO:colcon.colcon_core.shell:Creating package script '/home/mechax/zyb/radar_station/install/my_msgss/share/my_msgss/package.ps1'
[1.285s] INFO:colcon.colcon_core.shell:Creating package descriptor '/home/mechax/zyb/radar_station/install/my_msgss/share/my_msgss/package.dsv'
[1.285s] INFO:colcon.colcon_core.shell:Creating package script '/home/mechax/zyb/radar_station/install/my_msgss/share/my_msgss/package.sh'
[1.285s] INFO:colcon.colcon_core.shell:Creating package script '/home/mechax/zyb/radar_station/install/my_msgss/share/my_msgss/package.bash'
[1.285s] INFO:colcon.colcon_core.shell:Creating package script '/home/mechax/zyb/radar_station/install/my_msgss/share/my_msgss/package.zsh'
[1.285s] Level 1:colcon.colcon_core.environment:create_file_with_runtime_dependencies(/home/mechax/zyb/radar_station/install/my_msgss/share/colcon-core/packages/my_msgss)
[1.286s] INFO:colcon.colcon_ros.task.ament_cmake.build:Building ROS package in '/home/mechax/zyb/radar_station/src/Game_Map' with build type 'ament_cmake'
[1.286s] INFO:colcon.colcon_cmake.task.cmake.build:Building CMake package in '/home/mechax/zyb/radar_station/src/Game_Map'
[1.293s] INFO:colcon.colcon_core.shell:Skip shell extension 'powershell' for command environment: Not usable outside of PowerShell
[1.293s] DEBUG:colcon.colcon_core.shell:Skip shell extension 'dsv' for command environment
[1.321s] INFO:colcon.colcon_ros.task.ament_cmake.build:Building ROS package in '/home/mechax/zyb/radar_station/src/Img_Handle' with build type 'ament_cmake'
[1.321s] INFO:colcon.colcon_cmake.task.cmake.build:Building CMake package in '/home/mechax/zyb/radar_station/src/Img_Handle'
[1.328s] INFO:colcon.colcon_core.shell:Skip shell extension 'powershell' for command environment: Not usable outside of PowerShell
[1.328s] DEBUG:colcon.colcon_core.shell:Skip shell extension 'dsv' for command environment
[1.357s] INFO:colcon.colcon_ros.task.ament_cmake.build:Building ROS package in '/home/mechax/zyb/radar_station/src/get_depth' with build type 'ament_cmake'
[1.357s] INFO:colcon.colcon_cmake.task.cmake.build:Building CMake package in '/home/mechax/zyb/radar_station/src/get_depth'
[1.365s] INFO:colcon.colcon_core.shell:Skip shell extension 'powershell' for command environment: Not usable outside of PowerShell
[1.365s] DEBUG:colcon.colcon_core.shell:Skip shell extension 'dsv' for command environment
[1.393s] INFO:colcon.colcon_ros.task.ament_cmake.build:Building ROS package in '/home/mechax/zyb/radar_station/src/map_test' with build type 'ament_cmake'
[1.393s] INFO:colcon.colcon_cmake.task.cmake.build:Building CMake package in '/home/mechax/zyb/radar_station/src/map_test'
[1.405s] INFO:colcon.colcon_core.shell:Skip shell extension 'powershell' for command environment: Not usable outside of PowerShell
[1.405s] DEBUG:colcon.colcon_core.shell:Skip shell extension 'dsv' for command environment
[1.437s] DEBUG:colcon.colcon_core.event_handler.log_command:Invoking command in '/home/mechax/zyb/radar_station/build/Game_Map': CMAKE_PREFIX_PATH=/home/mechax/zyb/radar_station/install/my_msgss:/home/mechax/zyb/radar_station/install/map_test:/home/mechax/zyb/radar_station/install/get_depth:/home/mechax/zyb/radar_station/install/Img_Handle:/home/mechax/zyb/radar_station/install/Game_Map:/home/mechax/zyb/radar_station/install/mindvision_camera:/home/mechax/zyb/radar_station/install/Yolo_Handle:/home/mechax/zyb/radar_station/install/Qt5_displayer:/home/mechax/ws_livox/install/livox_ros2_driver:/home/mechax/ws_livox/install/livox_sdk_vendor:/home/mechax/ws_livox/install/livox_interfaces:/opt/ros/humble /usr/bin/cmake --build /home/mechax/zyb/radar_station/build/Game_Map -- -j16 -l16
[1.439s] DEBUG:colcon.colcon_core.event_handler.log_command:Invoking command in '/home/mechax/zyb/radar_station/build/Img_Handle': CMAKE_PREFIX_PATH=/home/mechax/zyb/radar_station/install/my_msgss:/home/mechax/zyb/radar_station/install/map_test:/home/mechax/zyb/radar_station/install/get_depth:/home/mechax/zyb/radar_station/install/Img_Handle:/home/mechax/zyb/radar_station/install/Game_Map:/home/mechax/zyb/radar_station/install/mindvision_camera:/home/mechax/zyb/radar_station/install/Yolo_Handle:/home/mechax/zyb/radar_station/install/Qt5_displayer:/home/mechax/ws_livox/install/livox_ros2_driver:/home/mechax/ws_livox/install/livox_sdk_vendor:/home/mechax/ws_livox/install/livox_interfaces:/opt/ros/humble /usr/bin/cmake --build /home/mechax/zyb/radar_station/build/Img_Handle -- -j16 -l16
[1.442s] DEBUG:colcon.colcon_core.event_handler.log_command:Invoking command in '/home/mechax/zyb/radar_station/build/get_depth': CMAKE_PREFIX_PATH=/home/mechax/zyb/radar_station/install/my_msgss:/home/mechax/zyb/radar_station/install/map_test:/home/mechax/zyb/radar_station/install/get_depth:/home/mechax/zyb/radar_station/install/Img_Handle:/home/mechax/zyb/radar_station/install/Game_Map:/home/mechax/zyb/radar_station/install/mindvision_camera:/home/mechax/zyb/radar_station/install/Yolo_Handle:/home/mechax/zyb/radar_station/install/Qt5_displayer:/home/mechax/ws_livox/install/livox_ros2_driver:/home/mechax/ws_livox/install/livox_sdk_vendor:/home/mechax/ws_livox/install/livox_interfaces:/opt/ros/humble /usr/bin/cmake --build /home/mechax/zyb/radar_station/build/get_depth -- -j16 -l16
[1.447s] DEBUG:colcon.colcon_core.event_handler.log_command:Invoking command in '/home/mechax/zyb/radar_station/build/map_test': CMAKE_PREFIX_PATH=/home/mechax/zyb/radar_station/install/my_msgss:/home/mechax/zyb/radar_station/install/map_test:/home/mechax/zyb/radar_station/install/get_depth:/home/mechax/zyb/radar_station/install/Img_Handle:/home/mechax/zyb/radar_station/install/Game_Map:/home/mechax/zyb/radar_station/install/mindvision_camera:/home/mechax/zyb/radar_station/install/Yolo_Handle:/home/mechax/zyb/radar_station/install/Qt5_displayer:/home/mechax/ws_livox/install/livox_ros2_driver:/home/mechax/ws_livox/install/livox_sdk_vendor:/home/mechax/ws_livox/install/livox_interfaces:/opt/ros/humble /usr/bin/cmake --build /home/mechax/zyb/radar_station/build/map_test -- -j16 -l16
[1.487s] DEBUG:colcon.colcon_core.event_handler.log_command:Invoked command in '/home/mechax/zyb/radar_station/build/Game_Map' returned '0': CMAKE_PREFIX_PATH=/home/mechax/zyb/radar_station/install/my_msgss:/home/mechax/zyb/radar_station/install/map_test:/home/mechax/zyb/radar_station/install/get_depth:/home/mechax/zyb/radar_station/install/Img_Handle:/home/mechax/zyb/radar_station/install/Game_Map:/home/mechax/zyb/radar_station/install/mindvision_camera:/home/mechax/zyb/radar_station/install/Yolo_Handle:/home/mechax/zyb/radar_station/install/Qt5_displayer:/home/mechax/ws_livox/install/livox_ros2_driver:/home/mechax/ws_livox/install/livox_sdk_vendor:/home/mechax/ws_livox/install/livox_interfaces:/opt/ros/humble /usr/bin/cmake --build /home/mechax/zyb/radar_station/build/Game_Map -- -j16 -l16
[1.496s] DEBUG:colcon.colcon_core.event_handler.log_command:Invoked command in '/home/mechax/zyb/radar_station/build/get_depth' returned '0': CMAKE_PREFIX_PATH=/home/mechax/zyb/radar_station/install/my_msgss:/home/mechax/zyb/radar_station/install/map_test:/home/mechax/zyb/radar_station/install/get_depth:/home/mechax/zyb/radar_station/install/Img_Handle:/home/mechax/zyb/radar_station/install/Game_Map:/home/mechax/zyb/radar_station/install/mindvision_camera:/home/mechax/zyb/radar_station/install/Yolo_Handle:/home/mechax/zyb/radar_station/install/Qt5_displayer:/home/mechax/ws_livox/install/livox_ros2_driver:/home/mechax/ws_livox/install/livox_sdk_vendor:/home/mechax/ws_livox/install/livox_interfaces:/opt/ros/humble /usr/bin/cmake --build /home/mechax/zyb/radar_station/build/get_depth -- -j16 -l16
[1.503s] DEBUG:colcon.colcon_core.event_handler.log_command:Invoking command in '/home/mechax/zyb/radar_station/build/Game_Map': CMAKE_PREFIX_PATH=/home/mechax/zyb/radar_station/install/my_msgss:/home/mechax/zyb/radar_station/install/map_test:/home/mechax/zyb/radar_station/install/get_depth:/home/mechax/zyb/radar_station/install/Img_Handle:/home/mechax/zyb/radar_station/install/Game_Map:/home/mechax/zyb/radar_station/install/mindvision_camera:/home/mechax/zyb/radar_station/install/Yolo_Handle:/home/mechax/zyb/radar_station/install/Qt5_displayer:/home/mechax/ws_livox/install/livox_ros2_driver:/home/mechax/ws_livox/install/livox_sdk_vendor:/home/mechax/ws_livox/install/livox_interfaces:/opt/ros/humble /usr/bin/cmake --install /home/mechax/zyb/radar_station/build/Game_Map
[1.510s] Level 1:colcon.colcon_core.environment:create_environment_scripts_only(Game_Map)
[1.511s] DEBUG:colcon.colcon_core.event_handler.log_command:Invoked command in '/home/mechax/zyb/radar_station/build/Game_Map' returned '0': CMAKE_PREFIX_PATH=/home/mechax/zyb/radar_station/install/my_msgss:/home/mechax/zyb/radar_station/install/map_test:/home/mechax/zyb/radar_station/install/get_depth:/home/mechax/zyb/radar_station/install/Img_Handle:/home/mechax/zyb/radar_station/install/Game_Map:/home/mechax/zyb/radar_station/install/mindvision_camera:/home/mechax/zyb/radar_station/install/Yolo_Handle:/home/mechax/zyb/radar_station/install/Qt5_displayer:/home/mechax/ws_livox/install/livox_ros2_driver:/home/mechax/ws_livox/install/livox_sdk_vendor:/home/mechax/ws_livox/install/livox_interfaces:/opt/ros/humble /usr/bin/cmake --install /home/mechax/zyb/radar_station/build/Game_Map
[1.526s] Level 1:colcon.colcon_core.environment:checking '/home/mechax/zyb/radar_station/install/Game_Map' for CMake module files
[1.527s] Level 1:colcon.colcon_core.environment:checking '/home/mechax/zyb/radar_station/install/Game_Map' for CMake config files
[1.527s] Level 1:colcon.colcon_core.shell:create_environment_hook('Game_Map', 'cmake_prefix_path')
[1.535s] INFO:colcon.colcon_core.shell:Creating environment hook '/home/mechax/zyb/radar_station/install/Game_Map/share/Game_Map/hook/cmake_prefix_path.ps1'
[1.536s] INFO:colcon.colcon_core.shell:Creating environment descriptor '/home/mechax/zyb/radar_station/install/Game_Map/share/Game_Map/hook/cmake_prefix_path.dsv'
[1.536s] INFO:colcon.colcon_core.shell:Creating environment hook '/home/mechax/zyb/radar_station/install/Game_Map/share/Game_Map/hook/cmake_prefix_path.sh'
[1.536s] Level 1:colcon.colcon_core.environment:checking '/home/mechax/zyb/radar_station/install/Game_Map/lib'
[1.536s] Level 1:colcon.colcon_core.environment:checking '/home/mechax/zyb/radar_station/install/Game_Map/bin'
[1.536s] Level 1:colcon.colcon_core.environment:checking '/home/mechax/zyb/radar_station/install/Game_Map/lib/pkgconfig/Game_Map.pc'
[1.536s] Level 1:colcon.colcon_core.environment:checking '/home/mechax/zyb/radar_station/install/Game_Map/lib/python3.10/site-packages'
[1.536s] Level 1:colcon.colcon_core.environment:checking '/home/mechax/zyb/radar_station/install/Game_Map/bin'
[1.544s] INFO:colcon.colcon_core.shell:Creating package script '/home/mechax/zyb/radar_station/install/Game_Map/share/Game_Map/package.ps1'
[1.544s] INFO:colcon.colcon_core.shell:Creating package descriptor '/home/mechax/zyb/radar_station/install/Game_Map/share/Game_Map/package.dsv'
[1.544s] INFO:colcon.colcon_core.shell:Creating package script '/home/mechax/zyb/radar_station/install/Game_Map/share/Game_Map/package.sh'
[1.544s] INFO:colcon.colcon_core.shell:Creating package script '/home/mechax/zyb/radar_station/install/Game_Map/share/Game_Map/package.bash'
[1.545s] INFO:colcon.colcon_core.shell:Creating package script '/home/mechax/zyb/radar_station/install/Game_Map/share/Game_Map/package.zsh'
[1.545s] Level 1:colcon.colcon_core.environment:create_file_with_runtime_dependencies(/home/mechax/zyb/radar_station/install/Game_Map/share/colcon-core/packages/Game_Map)
[1.547s] DEBUG:colcon.colcon_core.event_handler.log_command:Invoking command in '/home/mechax/zyb/radar_station/build/get_depth': CMAKE_PREFIX_PATH=/home/mechax/zyb/radar_station/install/my_msgss:/home/mechax/zyb/radar_station/install/map_test:/home/mechax/zyb/radar_station/install/get_depth:/home/mechax/zyb/radar_station/install/Img_Handle:/home/mechax/zyb/radar_station/install/Game_Map:/home/mechax/zyb/radar_station/install/mindvision_camera:/home/mechax/zyb/radar_station/install/Yolo_Handle:/home/mechax/zyb/radar_station/install/Qt5_displayer:/home/mechax/ws_livox/install/livox_ros2_driver:/home/mechax/ws_livox/install/livox_sdk_vendor:/home/mechax/ws_livox/install/livox_interfaces:/opt/ros/humble /usr/bin/cmake --install /home/mechax/zyb/radar_station/build/get_depth
[1.548s] DEBUG:colcon.colcon_core.event_handler.log_command:Invoked command in '/home/mechax/zyb/radar_station/build/map_test' returned '0': CMAKE_PREFIX_PATH=/home/mechax/zyb/radar_station/install/my_msgss:/home/mechax/zyb/radar_station/install/map_test:/home/mechax/zyb/radar_station/install/get_depth:/home/mechax/zyb/radar_station/install/Img_Handle:/home/mechax/zyb/radar_station/install/Game_Map:/home/mechax/zyb/radar_station/install/mindvision_camera:/home/mechax/zyb/radar_station/install/Yolo_Handle:/home/mechax/zyb/radar_station/install/Qt5_displayer:/home/mechax/ws_livox/install/livox_ros2_driver:/home/mechax/ws_livox/install/livox_sdk_vendor:/home/mechax/ws_livox/install/livox_interfaces:/opt/ros/humble /usr/bin/cmake --build /home/mechax/zyb/radar_station/build/map_test -- -j16 -l16
[1.555s] Level 1:colcon.colcon_core.environment:create_environment_scripts_only(get_depth)
[1.557s] DEBUG:colcon.colcon_core.event_handler.log_command:Invoked command in '/home/mechax/zyb/radar_station/build/get_depth' returned '0': CMAKE_PREFIX_PATH=/home/mechax/zyb/radar_station/install/my_msgss:/home/mechax/zyb/radar_station/install/map_test:/home/mechax/zyb/radar_station/install/get_depth:/home/mechax/zyb/radar_station/install/Img_Handle:/home/mechax/zyb/radar_station/install/Game_Map:/home/mechax/zyb/radar_station/install/mindvision_camera:/home/mechax/zyb/radar_station/install/Yolo_Handle:/home/mechax/zyb/radar_station/install/Qt5_displayer:/home/mechax/ws_livox/install/livox_ros2_driver:/home/mechax/ws_livox/install/livox_sdk_vendor:/home/mechax/ws_livox/install/livox_interfaces:/opt/ros/humble /usr/bin/cmake --install /home/mechax/zyb/radar_station/build/get_depth
[1.569s] Level 1:colcon.colcon_core.environment:checking '/home/mechax/zyb/radar_station/install/get_depth' for CMake module files
[1.570s] Level 1:colcon.colcon_core.environment:checking '/home/mechax/zyb/radar_station/install/get_depth' for CMake config files
[1.570s] Level 1:colcon.colcon_core.shell:create_environment_hook('get_depth', 'cmake_prefix_path')
[1.577s] INFO:colcon.colcon_core.shell:Creating environment hook '/home/mechax/zyb/radar_station/install/get_depth/share/get_depth/hook/cmake_prefix_path.ps1'
[1.577s] INFO:colcon.colcon_core.shell:Creating environment descriptor '/home/mechax/zyb/radar_station/install/get_depth/share/get_depth/hook/cmake_prefix_path.dsv'
[1.577s] INFO:colcon.colcon_core.shell:Creating environment hook '/home/mechax/zyb/radar_station/install/get_depth/share/get_depth/hook/cmake_prefix_path.sh'
[1.577s] Level 1:colcon.colcon_core.environment:checking '/home/mechax/zyb/radar_station/install/get_depth/lib'
[1.577s] Level 1:colcon.colcon_core.environment:checking '/home/mechax/zyb/radar_station/install/get_depth/bin'
[1.577s] Level 1:colcon.colcon_core.environment:checking '/home/mechax/zyb/radar_station/install/get_depth/lib/pkgconfig/get_depth.pc'
[1.578s] Level 1:colcon.colcon_core.environment:checking '/home/mechax/zyb/radar_station/install/get_depth/lib/python3.10/site-packages'
[1.578s] Level 1:colcon.colcon_core.environment:checking '/home/mechax/zyb/radar_station/install/get_depth/bin'
[1.585s] INFO:colcon.colcon_core.shell:Creating package script '/home/mechax/zyb/radar_station/install/get_depth/share/get_depth/package.ps1'
[1.585s] INFO:colcon.colcon_core.shell:Creating package descriptor '/home/mechax/zyb/radar_station/install/get_depth/share/get_depth/package.dsv'
[1.585s] INFO:colcon.colcon_core.shell:Creating package script '/home/mechax/zyb/radar_station/install/get_depth/share/get_depth/package.sh'
[1.586s] INFO:colcon.colcon_core.shell:Creating package script '/home/mechax/zyb/radar_station/install/get_depth/share/get_depth/package.bash'
[1.586s] INFO:colcon.colcon_core.shell:Creating package script '/home/mechax/zyb/radar_station/install/get_depth/share/get_depth/package.zsh'
[1.586s] Level 1:colcon.colcon_core.environment:create_file_with_runtime_dependencies(/home/mechax/zyb/radar_station/install/get_depth/share/colcon-core/packages/get_depth)
[1.594s] Level 1:colcon.colcon_core.environment:create_environment_scripts_only(Game_Map)
[1.600s] Level 1:colcon.colcon_core.environment:checking '/home/mechax/zyb/radar_station/install/Game_Map' for CMake module files
[1.601s] Level 1:colcon.colcon_core.environment:checking '/home/mechax/zyb/radar_station/install/Game_Map' for CMake config files
[1.601s] Level 1:colcon.colcon_core.shell:create_environment_hook('Game_Map', 'cmake_prefix_path')
[1.607s] INFO:colcon.colcon_core.shell:Creating environment hook '/home/mechax/zyb/radar_station/install/Game_Map/share/Game_Map/hook/cmake_prefix_path.ps1'
[1.608s] INFO:colcon.colcon_core.shell:Creating environment descriptor '/home/mechax/zyb/radar_station/install/Game_Map/share/Game_Map/hook/cmake_prefix_path.dsv'
[1.608s] INFO:colcon.colcon_core.shell:Creating environment hook '/home/mechax/zyb/radar_station/install/Game_Map/share/Game_Map/hook/cmake_prefix_path.sh'
[1.608s] Level 1:colcon.colcon_core.environment:checking '/home/mechax/zyb/radar_station/install/Game_Map/lib'
[1.608s] Level 1:colcon.colcon_core.environment:checking '/home/mechax/zyb/radar_station/install/Game_Map/bin'
[1.608s] Level 1:colcon.colcon_core.environment:checking '/home/mechax/zyb/radar_station/install/Game_Map/lib/pkgconfig/Game_Map.pc'
[1.608s] Level 1:colcon.colcon_core.environment:checking '/home/mechax/zyb/radar_station/install/Game_Map/lib/python3.10/site-packages'
[1.608s] Level 1:colcon.colcon_core.environment:checking '/home/mechax/zyb/radar_station/install/Game_Map/bin'
[1.615s] INFO:colcon.colcon_core.shell:Creating package script '/home/mechax/zyb/radar_station/install/Game_Map/share/Game_Map/package.ps1'
[1.615s] INFO:colcon.colcon_core.shell:Creating package descriptor '/home/mechax/zyb/radar_station/install/Game_Map/share/Game_Map/package.dsv'
[1.615s] INFO:colcon.colcon_core.shell:Creating package script '/home/mechax/zyb/radar_station/install/Game_Map/share/Game_Map/package.sh'
[1.615s] INFO:colcon.colcon_core.shell:Creating package script '/home/mechax/zyb/radar_station/install/Game_Map/share/Game_Map/package.bash'
[1.616s] INFO:colcon.colcon_core.shell:Creating package script '/home/mechax/zyb/radar_station/install/Game_Map/share/Game_Map/package.zsh'
[1.616s] Level 1:colcon.colcon_core.environment:create_file_with_runtime_dependencies(/home/mechax/zyb/radar_station/install/Game_Map/share/colcon-core/packages/Game_Map)
[1.617s] DEBUG:colcon.colcon_core.event_handler.log_command:Invoking command in '/home/mechax/zyb/radar_station/build/map_test': CMAKE_PREFIX_PATH=/home/mechax/zyb/radar_station/install/my_msgss:/home/mechax/zyb/radar_station/install/map_test:/home/mechax/zyb/radar_station/install/get_depth:/home/mechax/zyb/radar_station/install/Img_Handle:/home/mechax/zyb/radar_station/install/Game_Map:/home/mechax/zyb/radar_station/install/mindvision_camera:/home/mechax/zyb/radar_station/install/Yolo_Handle:/home/mechax/zyb/radar_station/install/Qt5_displayer:/home/mechax/ws_livox/install/livox_ros2_driver:/home/mechax/ws_livox/install/livox_sdk_vendor:/home/mechax/ws_livox/install/livox_interfaces:/opt/ros/humble /usr/bin/cmake --install /home/mechax/zyb/radar_station/build/map_test
[1.631s] Level 1:colcon.colcon_core.environment:create_environment_scripts_only(get_depth)
[1.638s] Level 1:colcon.colcon_core.environment:checking '/home/mechax/zyb/radar_station/install/get_depth' for CMake module files
[1.638s] Level 1:colcon.colcon_core.environment:checking '/home/mechax/zyb/radar_station/install/get_depth' for CMake config files
[1.638s] Level 1:colcon.colcon_core.shell:create_environment_hook('get_depth', 'cmake_prefix_path')
[1.645s] INFO:colcon.colcon_core.shell:Creating environment hook '/home/mechax/zyb/radar_station/install/get_depth/share/get_depth/hook/cmake_prefix_path.ps1'
[1.646s] INFO:colcon.colcon_core.shell:Creating environment descriptor '/home/mechax/zyb/radar_station/install/get_depth/share/get_depth/hook/cmake_prefix_path.dsv'
[1.646s] INFO:colcon.colcon_core.shell:Creating environment hook '/home/mechax/zyb/radar_station/install/get_depth/share/get_depth/hook/cmake_prefix_path.sh'
[1.646s] Level 1:colcon.colcon_core.environment:checking '/home/mechax/zyb/radar_station/install/get_depth/lib'
[1.646s] Level 1:colcon.colcon_core.environment:checking '/home/mechax/zyb/radar_station/install/get_depth/bin'
[1.646s] Level 1:colcon.colcon_core.environment:checking '/home/mechax/zyb/radar_station/install/get_depth/lib/pkgconfig/get_depth.pc'
[1.646s] Level 1:colcon.colcon_core.environment:checking '/home/mechax/zyb/radar_station/install/get_depth/lib/python3.10/site-packages'
[1.647s] Level 1:colcon.colcon_core.environment:checking '/home/mechax/zyb/radar_station/install/get_depth/bin'
[1.654s] INFO:colcon.colcon_core.shell:Creating package script '/home/mechax/zyb/radar_station/install/get_depth/share/get_depth/package.ps1'
[1.654s] INFO:colcon.colcon_core.shell:Creating package descriptor '/home/mechax/zyb/radar_station/install/get_depth/share/get_depth/package.dsv'
[1.654s] INFO:colcon.colcon_core.shell:Creating package script '/home/mechax/zyb/radar_station/install/get_depth/share/get_depth/package.sh'
[1.655s] INFO:colcon.colcon_core.shell:Creating package script '/home/mechax/zyb/radar_station/install/get_depth/share/get_depth/package.bash'
[1.655s] INFO:colcon.colcon_core.shell:Creating package script '/home/mechax/zyb/radar_station/install/get_depth/share/get_depth/package.zsh'
[1.655s] Level 1:colcon.colcon_core.environment:create_file_with_runtime_dependencies(/home/mechax/zyb/radar_station/install/get_depth/share/colcon-core/packages/get_depth)
[1.656s] Level 1:colcon.colcon_core.environment:create_environment_scripts_only(map_test)
[1.656s] DEBUG:colcon.colcon_core.event_handler.log_command:Invoked command in '/home/mechax/zyb/radar_station/build/map_test' returned '0': CMAKE_PREFIX_PATH=/home/mechax/zyb/radar_station/install/my_msgss:/home/mechax/zyb/radar_station/install/map_test:/home/mechax/zyb/radar_station/install/get_depth:/home/mechax/zyb/radar_station/install/Img_Handle:/home/mechax/zyb/radar_station/install/Game_Map:/home/mechax/zyb/radar_station/install/mindvision_camera:/home/mechax/zyb/radar_station/install/Yolo_Handle:/home/mechax/zyb/radar_station/install/Qt5_displayer:/home/mechax/ws_livox/install/livox_ros2_driver:/home/mechax/ws_livox/install/livox_sdk_vendor:/home/mechax/ws_livox/install/livox_interfaces:/opt/ros/humble /usr/bin/cmake --install /home/mechax/zyb/radar_station/build/map_test
[1.664s] Level 1:colcon.colcon_core.environment:checking '/home/mechax/zyb/radar_station/install/map_test' for CMake module files
[1.664s] Level 1:colcon.colcon_core.environment:checking '/home/mechax/zyb/radar_station/install/map_test' for CMake config files
[1.664s] Level 1:colcon.colcon_core.shell:create_environment_hook('map_test', 'cmake_prefix_path')
[1.671s] INFO:colcon.colcon_core.shell:Creating environment hook '/home/mechax/zyb/radar_station/install/map_test/share/map_test/hook/cmake_prefix_path.ps1'
[1.671s] INFO:colcon.colcon_core.shell:Creating environment descriptor '/home/mechax/zyb/radar_station/install/map_test/share/map_test/hook/cmake_prefix_path.dsv'
[1.672s] INFO:colcon.colcon_core.shell:Creating environment hook '/home/mechax/zyb/radar_station/install/map_test/share/map_test/hook/cmake_prefix_path.sh'
[1.672s] Level 1:colcon.colcon_core.environment:checking '/home/mechax/zyb/radar_station/install/map_test/lib'
[1.672s] Level 1:colcon.colcon_core.environment:checking '/home/mechax/zyb/radar_station/install/map_test/bin'
[1.672s] Level 1:colcon.colcon_core.environment:checking '/home/mechax/zyb/radar_station/install/map_test/lib/pkgconfig/map_test.pc'
[1.672s] Level 1:colcon.colcon_core.environment:checking '/home/mechax/zyb/radar_station/install/map_test/lib/python3.10/site-packages'
[1.672s] Level 1:colcon.colcon_core.environment:checking '/home/mechax/zyb/radar_station/install/map_test/bin'
[1.679s] INFO:colcon.colcon_core.shell:Creating package script '/home/mechax/zyb/radar_station/install/map_test/share/map_test/package.ps1'
[1.680s] INFO:colcon.colcon_core.shell:Creating package descriptor '/home/mechax/zyb/radar_station/install/map_test/share/map_test/package.dsv'
[1.680s] INFO:colcon.colcon_core.shell:Creating package script '/home/mechax/zyb/radar_station/install/map_test/share/map_test/package.sh'
[1.680s] INFO:colcon.colcon_core.shell:Creating package script '/home/mechax/zyb/radar_station/install/map_test/share/map_test/package.bash'
[1.680s] INFO:colcon.colcon_core.shell:Creating package script '/home/mechax/zyb/radar_station/install/map_test/share/map_test/package.zsh'
[1.681s] Level 1:colcon.colcon_core.environment:create_file_with_runtime_dependencies(/home/mechax/zyb/radar_station/install/map_test/share/colcon-core/packages/map_test)
[1.703s] Level 1:colcon.colcon_core.environment:create_environment_scripts_only(map_test)
[1.710s] Level 1:colcon.colcon_core.environment:checking '/home/mechax/zyb/radar_station/install/map_test' for CMake module files
[1.710s] Level 1:colcon.colcon_core.environment:checking '/home/mechax/zyb/radar_station/install/map_test' for CMake config files
[1.711s] Level 1:colcon.colcon_core.shell:create_environment_hook('map_test', 'cmake_prefix_path')
[1.717s] INFO:colcon.colcon_core.shell:Creating environment hook '/home/mechax/zyb/radar_station/install/map_test/share/map_test/hook/cmake_prefix_path.ps1'
[1.718s] INFO:colcon.colcon_core.shell:Creating environment descriptor '/home/mechax/zyb/radar_station/install/map_test/share/map_test/hook/cmake_prefix_path.dsv'
[1.718s] INFO:colcon.colcon_core.shell:Creating environment hook '/home/mechax/zyb/radar_station/install/map_test/share/map_test/hook/cmake_prefix_path.sh'
[1.718s] Level 1:colcon.colcon_core.environment:checking '/home/mechax/zyb/radar_station/install/map_test/lib'
[1.718s] Level 1:colcon.colcon_core.environment:checking '/home/mechax/zyb/radar_station/install/map_test/bin'
[1.718s] Level 1:colcon.colcon_core.environment:checking '/home/mechax/zyb/radar_station/install/map_test/lib/pkgconfig/map_test.pc'
[1.718s] Level 1:colcon.colcon_core.environment:checking '/home/mechax/zyb/radar_station/install/map_test/lib/python3.10/site-packages'
[1.718s] Level 1:colcon.colcon_core.environment:checking '/home/mechax/zyb/radar_station/install/map_test/bin'
[1.725s] INFO:colcon.colcon_core.shell:Creating package script '/home/mechax/zyb/radar_station/install/map_test/share/map_test/package.ps1'
[1.725s] INFO:colcon.colcon_core.shell:Creating package descriptor '/home/mechax/zyb/radar_station/install/map_test/share/map_test/package.dsv'
[1.726s] INFO:colcon.colcon_core.shell:Creating package script '/home/mechax/zyb/radar_station/install/map_test/share/map_test/package.sh'
[1.726s] INFO:colcon.colcon_core.shell:Creating package script '/home/mechax/zyb/radar_station/install/map_test/share/map_test/package.bash'
[1.726s] INFO:colcon.colcon_core.shell:Creating package script '/home/mechax/zyb/radar_station/install/map_test/share/map_test/package.zsh'
[1.726s] Level 1:colcon.colcon_core.environment:create_file_with_runtime_dependencies(/home/mechax/zyb/radar_station/install/map_test/share/colcon-core/packages/map_test)
[5.185s] DEBUG:colcon.colcon_core.event_handler.log_command:Invoked command in '/home/mechax/zyb/radar_station/build/Img_Handle' returned '2': CMAKE_PREFIX_PATH=/home/mechax/zyb/radar_station/install/my_msgss:/home/mechax/zyb/radar_station/install/map_test:/home/mechax/zyb/radar_station/install/get_depth:/home/mechax/zyb/radar_station/install/Img_Handle:/home/mechax/zyb/radar_station/install/Game_Map:/home/mechax/zyb/radar_station/install/mindvision_camera:/home/mechax/zyb/radar_station/install/Yolo_Handle:/home/mechax/zyb/radar_station/install/Qt5_displayer:/home/mechax/ws_livox/install/livox_ros2_driver:/home/mechax/ws_livox/install/livox_sdk_vendor:/home/mechax/ws_livox/install/livox_interfaces:/opt/ros/humble /usr/bin/cmake --build /home/mechax/zyb/radar_station/build/Img_Handle -- -j16 -l16
[5.210s] Level 1:colcon.colcon_core.environment:create_environment_scripts_only(Img_Handle)
[5.216s] Level 1:colcon.colcon_core.environment:checking '/home/mechax/zyb/radar_station/install/Img_Handle' for CMake module files
[5.217s] Level 1:colcon.colcon_core.environment:checking '/home/mechax/zyb/radar_station/install/Img_Handle' for CMake config files
[5.217s] Level 1:colcon.colcon_core.environment:checking '/home/mechax/zyb/radar_station/install/Img_Handle/bin'
[5.217s] Level 1:colcon.colcon_core.environment:checking '/home/mechax/zyb/radar_station/install/Img_Handle/lib/pkgconfig/Img_Handle.pc'
[5.217s] Level 1:colcon.colcon_core.environment:checking '/home/mechax/zyb/radar_station/install/Img_Handle/lib/python3.10/site-packages'
[5.217s] Level 1:colcon.colcon_core.environment:checking '/home/mechax/zyb/radar_station/install/Img_Handle/bin'
[5.223s] INFO:colcon.colcon_core.shell:Creating package script '/home/mechax/zyb/radar_station/install/Img_Handle/share/Img_Handle/package.ps1'
[5.223s] INFO:colcon.colcon_core.shell:Creating package descriptor '/home/mechax/zyb/radar_station/install/Img_Handle/share/Img_Handle/package.dsv'
[5.224s] INFO:colcon.colcon_core.shell:Creating package script '/home/mechax/zyb/radar_station/install/Img_Handle/share/Img_Handle/package.sh'
[5.224s] INFO:colcon.colcon_core.shell:Creating package script '/home/mechax/zyb/radar_station/install/Img_Handle/share/Img_Handle/package.bash'
[5.224s] INFO:colcon.colcon_core.shell:Creating package script '/home/mechax/zyb/radar_station/install/Img_Handle/share/Img_Handle/package.zsh'
[5.224s] Level 1:colcon.colcon_core.environment:create_file_with_runtime_dependencies(/home/mechax/zyb/radar_station/install/Img_Handle/share/colcon-core/packages/Img_Handle)
[7.611s] DEBUG:colcon.colcon_parallel_executor.executor.parallel:closing loop
[7.611s] DEBUG:colcon.colcon_parallel_executor.executor.parallel:loop closed
[7.611s] DEBUG:colcon.colcon_parallel_executor.executor.parallel:run_until_complete finished with '2'
[7.611s] DEBUG:colcon.colcon_core.event_reactor:joining thread
[7.622s] INFO:colcon.colcon_core.plugin_system:Skipping extension 'colcon_notification.desktop_notification.terminal_notifier': Not used on non-Darwin systems
[7.623s] INFO:colcon.colcon_core.plugin_system:Skipping extension 'colcon_notification.desktop_notification.win32': Not used on non-Windows systems
[7.623s] INFO:colcon.colcon_notification.desktop_notification:Sending desktop notification using 'notify2'
[7.632s] DEBUG:colcon.colcon_core.event_reactor:joined thread
[7.639s] INFO:colcon.colcon_core.shell:Creating prefix script '/home/mechax/zyb/radar_station/install/local_setup.ps1'
[7.639s] INFO:colcon.colcon_core.shell:Creating prefix util module '/home/mechax/zyb/radar_station/install/_local_setup_util_ps1.py'
[7.640s] INFO:colcon.colcon_core.shell:Creating prefix chain script '/home/mechax/zyb/radar_station/install/setup.ps1'
[7.648s] INFO:colcon.colcon_core.shell:Creating prefix script '/home/mechax/zyb/radar_station/install/local_setup.sh'
[7.649s] INFO:colcon.colcon_core.shell:Creating prefix util module '/home/mechax/zyb/radar_station/install/_local_setup_util_sh.py'
[7.649s] INFO:colcon.colcon_core.shell:Creating prefix chain script '/home/mechax/zyb/radar_station/install/setup.sh'
[7.656s] INFO:colcon.colcon_core.shell:Creating prefix script '/home/mechax/zyb/radar_station/install/local_setup.bash'
[7.656s] INFO:colcon.colcon_core.shell:Creating prefix chain script '/home/mechax/zyb/radar_station/install/setup.bash'
[7.664s] INFO:colcon.colcon_core.shell:Creating prefix script '/home/mechax/zyb/radar_station/install/local_setup.zsh'
[7.664s] INFO:colcon.colcon_core.shell:Creating prefix chain script '/home/mechax/zyb/radar_station/install/setup.zsh'
