[0.411s] DEBUG:colcon:Command line arguments: ['/usr/bin/colcon', 'build']
[0.411s] DEBUG:colcon:Parsed command line arguments: Namespace(log_base=None, log_level=None, verb_name='build', build_base='build', install_base='install', merge_install=False, symlink_install=False, test_result_base=None, continue_on_error=False, executor='parallel', parallel_workers=16, event_handlers=None, ignore_user_meta=False, metas=['./colcon.meta'], base_paths=['.'], packages_ignore=None, packages_ignore_regex=None, paths=None, packages_up_to=None, packages_up_to_regex=None, packages_above=None, packages_above_and_dependencies=None, packages_above_depth=None, packages_select_by_dep=None, packages_skip_by_dep=None, packages_skip_up_to=None, packages_select_build_failed=False, packages_skip_build_finished=False, packages_select_test_failures=False, packages_skip_test_passed=False, packages_select=None, packages_skip=None, packages_select_regex=None, packages_skip_regex=None, packages_start=None, packages_end=None, allow_overriding=[], cmake_args=None, cmake_target=None, cmake_target_skip_unavailable=False, cmake_clean_cache=False, cmake_clean_first=False, cmake_force_configure=False, ament_cmake_args=None, catkin_cmake_args=None, catkin_skip_building_tests=False, verb_parser=<colcon_defaults.argument_parser.defaults.DefaultArgumentsDecorator object at 0x7f00b8283be0>, verb_extension=<colcon_core.verb.build.BuildVerb object at 0x7f00b86cfa90>, main=<bound method BuildVerb.main of <colcon_core.verb.build.BuildVerb object at 0x7f00b86cfa90>>)
[0.433s] Level 1:colcon.colcon_core.package_discovery:discover_packages(colcon_meta) check parameters
[0.433s] Level 1:colcon.colcon_core.package_discovery:discover_packages(recursive) check parameters
[0.433s] Level 1:colcon.colcon_core.package_discovery:discover_packages(ignore) check parameters
[0.433s] Level 1:colcon.colcon_core.package_discovery:discover_packages(path) check parameters
[0.433s] Level 1:colcon.colcon_core.package_discovery:discover_packages(colcon_meta) discover
[0.433s] Level 1:colcon.colcon_core.package_discovery:discover_packages(recursive) discover
[0.433s] INFO:colcon.colcon_core.package_discovery:Crawling recursively for packages in '/home/mechax/zyb/radar_station/src/Get_Camera_Img'
[0.433s] Level 1:colcon.colcon_core.package_identification:_identify(.) by extensions ['ignore', 'ignore_ament_install']
[0.433s] Level 1:colcon.colcon_core.package_identification:_identify(.) by extension 'ignore'
[0.433s] Level 1:colcon.colcon_core.package_identification:_identify(.) by extension 'ignore_ament_install'
[0.433s] Level 1:colcon.colcon_core.package_identification:_identify(.) by extensions ['colcon_pkg']
[0.433s] Level 1:colcon.colcon_core.package_identification:_identify(.) by extension 'colcon_pkg'
[0.433s] Level 1:colcon.colcon_core.package_identification:_identify(.) by extensions ['colcon_meta']
[0.433s] Level 1:colcon.colcon_core.package_identification:_identify(.) by extension 'colcon_meta'
[0.433s] Level 1:colcon.colcon_core.package_identification:_identify(.) by extensions ['ros']
[0.433s] Level 1:colcon.colcon_core.package_identification:_identify(.) by extension 'ros'
[0.441s] DEBUG:colcon.colcon_core.package_identification:Package '.' with type 'ros.ament_cmake' and name 'Get_Camera_Img'
[0.441s] Level 1:colcon.colcon_core.package_discovery:discover_packages(recursive) using defaults
[0.441s] Level 1:colcon.colcon_core.package_discovery:discover_packages(ignore) discover
[0.441s] Level 1:colcon.colcon_core.package_discovery:discover_packages(ignore) using defaults
[0.441s] Level 1:colcon.colcon_core.package_discovery:discover_packages(path) discover
[0.441s] Level 1:colcon.colcon_core.package_discovery:discover_packages(path) using defaults
[0.483s] Level 1:colcon.colcon_core.package_discovery:discover_packages(prefix_path) check parameters
[0.483s] Level 1:colcon.colcon_core.package_discovery:discover_packages(prefix_path) discover
[0.496s] DEBUG:colcon.colcon_installed_package_information.package_discovery:Found 3 installed packages in /home/mechax/ws_livox/install
[0.502s] DEBUG:colcon.colcon_installed_package_information.package_discovery:Found 340 installed packages in /opt/ros/humble
[0.503s] Level 1:colcon.colcon_core.package_discovery:discover_packages(prefix_path) using defaults
[0.549s] Level 5:colcon.colcon_core.verb:set package 'Get_Camera_Img' build argument 'cmake_args' from command line to 'None'
[0.550s] Level 5:colcon.colcon_core.verb:set package 'Get_Camera_Img' build argument 'cmake_target' from command line to 'None'
[0.550s] Level 5:colcon.colcon_core.verb:set package 'Get_Camera_Img' build argument 'cmake_target_skip_unavailable' from command line to 'False'
[0.550s] Level 5:colcon.colcon_core.verb:set package 'Get_Camera_Img' build argument 'cmake_clean_cache' from command line to 'False'
[0.550s] Level 5:colcon.colcon_core.verb:set package 'Get_Camera_Img' build argument 'cmake_clean_first' from command line to 'False'
[0.550s] Level 5:colcon.colcon_core.verb:set package 'Get_Camera_Img' build argument 'cmake_force_configure' from command line to 'False'
[0.550s] Level 5:colcon.colcon_core.verb:set package 'Get_Camera_Img' build argument 'ament_cmake_args' from command line to 'None'
[0.550s] Level 5:colcon.colcon_core.verb:set package 'Get_Camera_Img' build argument 'catkin_cmake_args' from command line to 'None'
[0.550s] Level 5:colcon.colcon_core.verb:set package 'Get_Camera_Img' build argument 'catkin_skip_building_tests' from command line to 'False'
[0.550s] DEBUG:colcon.colcon_core.verb:Building package 'Get_Camera_Img' with the following arguments: {'ament_cmake_args': None, 'build_base': '/home/mechax/zyb/radar_station/src/Get_Camera_Img/build/Get_Camera_Img', 'catkin_cmake_args': None, 'catkin_skip_building_tests': False, 'cmake_args': None, 'cmake_clean_cache': False, 'cmake_clean_first': False, 'cmake_force_configure': False, 'cmake_target': None, 'cmake_target_skip_unavailable': False, 'install_base': '/home/mechax/zyb/radar_station/src/Get_Camera_Img/install/Get_Camera_Img', 'merge_install': False, 'path': '/home/mechax/zyb/radar_station/src/Get_Camera_Img', 'symlink_install': False, 'test_result_base': None}
[0.555s] INFO:colcon.colcon_core.executor:Executing jobs using 'parallel' executor
[0.562s] DEBUG:colcon.colcon_parallel_executor.executor.parallel:run_until_complete
[0.562s] INFO:colcon.colcon_ros.task.ament_cmake.build:Building ROS package in '/home/mechax/zyb/radar_station/src/Get_Camera_Img' with build type 'ament_cmake'
[0.562s] INFO:colcon.colcon_cmake.task.cmake.build:Building CMake package in '/home/mechax/zyb/radar_station/src/Get_Camera_Img'
[0.569s] INFO:colcon.colcon_core.plugin_system:Skipping extension 'colcon_core.shell.bat': Not used on non-Windows systems
[0.569s] INFO:colcon.colcon_core.shell:Skip shell extension 'powershell' for command environment: Not usable outside of PowerShell
[0.569s] DEBUG:colcon.colcon_core.shell:Skip shell extension 'dsv' for command environment
[0.595s] DEBUG:colcon.colcon_core.event_handler.log_command:Invoking command in '/home/mechax/zyb/radar_station/src/Get_Camera_Img/build/Get_Camera_Img': CMAKE_PREFIX_PATH=${CMAKE_PREFIX_PATH}:/opt/ros/humble /usr/bin/cmake --build /home/mechax/zyb/radar_station/src/Get_Camera_Img/build/Get_Camera_Img -- -j16 -l16
[9.233s] DEBUG:colcon.colcon_core.event_handler.log_command:Invoked command in '/home/mechax/zyb/radar_station/src/Get_Camera_Img/build/Get_Camera_Img' returned '0': CMAKE_PREFIX_PATH=${CMAKE_PREFIX_PATH}:/opt/ros/humble /usr/bin/cmake --build /home/mechax/zyb/radar_station/src/Get_Camera_Img/build/Get_Camera_Img -- -j16 -l16
[9.253s] DEBUG:colcon.colcon_core.event_handler.log_command:Invoking command in '/home/mechax/zyb/radar_station/src/Get_Camera_Img/build/Get_Camera_Img': CMAKE_PREFIX_PATH=${CMAKE_PREFIX_PATH}:/opt/ros/humble /usr/bin/cmake --install /home/mechax/zyb/radar_station/src/Get_Camera_Img/build/Get_Camera_Img
[9.261s] Level 1:colcon.colcon_core.environment:create_environment_scripts_only(Get_Camera_Img)
[9.262s] DEBUG:colcon.colcon_core.event_handler.log_command:Invoked command in '/home/mechax/zyb/radar_station/src/Get_Camera_Img/build/Get_Camera_Img' returned '0': CMAKE_PREFIX_PATH=${CMAKE_PREFIX_PATH}:/opt/ros/humble /usr/bin/cmake --install /home/mechax/zyb/radar_station/src/Get_Camera_Img/build/Get_Camera_Img
[9.269s] Level 1:colcon.colcon_core.environment:checking '/home/mechax/zyb/radar_station/src/Get_Camera_Img/install/Get_Camera_Img' for CMake module files
[9.269s] Level 1:colcon.colcon_core.environment:checking '/home/mechax/zyb/radar_station/src/Get_Camera_Img/install/Get_Camera_Img' for CMake config files
[9.269s] Level 1:colcon.colcon_core.shell:create_environment_hook('Get_Camera_Img', 'cmake_prefix_path')
[9.276s] INFO:colcon.colcon_core.shell:Creating environment hook '/home/mechax/zyb/radar_station/src/Get_Camera_Img/install/Get_Camera_Img/share/Get_Camera_Img/hook/cmake_prefix_path.ps1'
[9.276s] INFO:colcon.colcon_core.shell:Creating environment descriptor '/home/mechax/zyb/radar_station/src/Get_Camera_Img/install/Get_Camera_Img/share/Get_Camera_Img/hook/cmake_prefix_path.dsv'
[9.276s] INFO:colcon.colcon_core.shell:Creating environment hook '/home/mechax/zyb/radar_station/src/Get_Camera_Img/install/Get_Camera_Img/share/Get_Camera_Img/hook/cmake_prefix_path.sh'
[9.277s] Level 1:colcon.colcon_core.environment:checking '/home/mechax/zyb/radar_station/src/Get_Camera_Img/install/Get_Camera_Img/lib'
[9.277s] Level 1:colcon.colcon_core.environment:checking '/home/mechax/zyb/radar_station/src/Get_Camera_Img/install/Get_Camera_Img/bin'
[9.277s] Level 1:colcon.colcon_core.environment:checking '/home/mechax/zyb/radar_station/src/Get_Camera_Img/install/Get_Camera_Img/lib/pkgconfig/Get_Camera_Img.pc'
[9.277s] Level 1:colcon.colcon_core.environment:checking '/home/mechax/zyb/radar_station/src/Get_Camera_Img/install/Get_Camera_Img/lib/python3.10/site-packages'
[9.277s] Level 1:colcon.colcon_core.environment:checking '/home/mechax/zyb/radar_station/src/Get_Camera_Img/install/Get_Camera_Img/bin'
[9.283s] INFO:colcon.colcon_core.shell:Creating package script '/home/mechax/zyb/radar_station/src/Get_Camera_Img/install/Get_Camera_Img/share/Get_Camera_Img/package.ps1'
[9.284s] INFO:colcon.colcon_core.shell:Creating package descriptor '/home/mechax/zyb/radar_station/src/Get_Camera_Img/install/Get_Camera_Img/share/Get_Camera_Img/package.dsv'
[9.284s] INFO:colcon.colcon_core.shell:Creating package script '/home/mechax/zyb/radar_station/src/Get_Camera_Img/install/Get_Camera_Img/share/Get_Camera_Img/package.sh'
[9.284s] INFO:colcon.colcon_core.shell:Creating package script '/home/mechax/zyb/radar_station/src/Get_Camera_Img/install/Get_Camera_Img/share/Get_Camera_Img/package.bash'
[9.285s] INFO:colcon.colcon_core.shell:Creating package script '/home/mechax/zyb/radar_station/src/Get_Camera_Img/install/Get_Camera_Img/share/Get_Camera_Img/package.zsh'
[9.285s] Level 1:colcon.colcon_core.environment:create_file_with_runtime_dependencies(/home/mechax/zyb/radar_station/src/Get_Camera_Img/install/Get_Camera_Img/share/colcon-core/packages/Get_Camera_Img)
[9.305s] Level 1:colcon.colcon_core.environment:create_environment_scripts_only(Get_Camera_Img)
[9.312s] Level 1:colcon.colcon_core.environment:checking '/home/mechax/zyb/radar_station/src/Get_Camera_Img/install/Get_Camera_Img' for CMake module files
[9.313s] Level 1:colcon.colcon_core.environment:checking '/home/mechax/zyb/radar_station/src/Get_Camera_Img/install/Get_Camera_Img' for CMake config files
[9.313s] Level 1:colcon.colcon_core.shell:create_environment_hook('Get_Camera_Img', 'cmake_prefix_path')
[9.319s] INFO:colcon.colcon_core.shell:Creating environment hook '/home/mechax/zyb/radar_station/src/Get_Camera_Img/install/Get_Camera_Img/share/Get_Camera_Img/hook/cmake_prefix_path.ps1'
[9.319s] INFO:colcon.colcon_core.shell:Creating environment descriptor '/home/mechax/zyb/radar_station/src/Get_Camera_Img/install/Get_Camera_Img/share/Get_Camera_Img/hook/cmake_prefix_path.dsv'
[9.319s] INFO:colcon.colcon_core.shell:Creating environment hook '/home/mechax/zyb/radar_station/src/Get_Camera_Img/install/Get_Camera_Img/share/Get_Camera_Img/hook/cmake_prefix_path.sh'
[9.319s] Level 1:colcon.colcon_core.environment:checking '/home/mechax/zyb/radar_station/src/Get_Camera_Img/install/Get_Camera_Img/lib'
[9.320s] Level 1:colcon.colcon_core.environment:checking '/home/mechax/zyb/radar_station/src/Get_Camera_Img/install/Get_Camera_Img/bin'
[9.320s] Level 1:colcon.colcon_core.environment:checking '/home/mechax/zyb/radar_station/src/Get_Camera_Img/install/Get_Camera_Img/lib/pkgconfig/Get_Camera_Img.pc'
[9.320s] Level 1:colcon.colcon_core.environment:checking '/home/mechax/zyb/radar_station/src/Get_Camera_Img/install/Get_Camera_Img/lib/python3.10/site-packages'
[9.320s] Level 1:colcon.colcon_core.environment:checking '/home/mechax/zyb/radar_station/src/Get_Camera_Img/install/Get_Camera_Img/bin'
[9.326s] INFO:colcon.colcon_core.shell:Creating package script '/home/mechax/zyb/radar_station/src/Get_Camera_Img/install/Get_Camera_Img/share/Get_Camera_Img/package.ps1'
[9.326s] INFO:colcon.colcon_core.shell:Creating package descriptor '/home/mechax/zyb/radar_station/src/Get_Camera_Img/install/Get_Camera_Img/share/Get_Camera_Img/package.dsv'
[9.327s] INFO:colcon.colcon_core.shell:Creating package script '/home/mechax/zyb/radar_station/src/Get_Camera_Img/install/Get_Camera_Img/share/Get_Camera_Img/package.sh'
[9.327s] INFO:colcon.colcon_core.shell:Creating package script '/home/mechax/zyb/radar_station/src/Get_Camera_Img/install/Get_Camera_Img/share/Get_Camera_Img/package.bash'
[9.327s] INFO:colcon.colcon_core.shell:Creating package script '/home/mechax/zyb/radar_station/src/Get_Camera_Img/install/Get_Camera_Img/share/Get_Camera_Img/package.zsh'
[9.327s] Level 1:colcon.colcon_core.environment:create_file_with_runtime_dependencies(/home/mechax/zyb/radar_station/src/Get_Camera_Img/install/Get_Camera_Img/share/colcon-core/packages/Get_Camera_Img)
[9.328s] DEBUG:colcon.colcon_parallel_executor.executor.parallel:closing loop
[9.328s] DEBUG:colcon.colcon_parallel_executor.executor.parallel:loop closed
[9.328s] DEBUG:colcon.colcon_parallel_executor.executor.parallel:run_until_complete finished with '0'
[9.328s] DEBUG:colcon.colcon_core.event_reactor:joining thread
[9.338s] INFO:colcon.colcon_core.plugin_system:Skipping extension 'colcon_notification.desktop_notification.terminal_notifier': Not used on non-Darwin systems
[9.338s] INFO:colcon.colcon_core.plugin_system:Skipping extension 'colcon_notification.desktop_notification.win32': Not used on non-Windows systems
[9.338s] INFO:colcon.colcon_notification.desktop_notification:Sending desktop notification using 'notify2'
[9.350s] DEBUG:colcon.colcon_core.event_reactor:joined thread
[9.368s] INFO:colcon.colcon_core.shell:Creating prefix script '/home/mechax/zyb/radar_station/src/Get_Camera_Img/install/local_setup.ps1'
[9.368s] INFO:colcon.colcon_core.shell:Creating prefix util module '/home/mechax/zyb/radar_station/src/Get_Camera_Img/install/_local_setup_util_ps1.py'
[9.369s] INFO:colcon.colcon_core.shell:Creating prefix chain script '/home/mechax/zyb/radar_station/src/Get_Camera_Img/install/setup.ps1'
[9.378s] INFO:colcon.colcon_core.shell:Creating prefix script '/home/mechax/zyb/radar_station/src/Get_Camera_Img/install/local_setup.sh'
[9.379s] INFO:colcon.colcon_core.shell:Creating prefix util module '/home/mechax/zyb/radar_station/src/Get_Camera_Img/install/_local_setup_util_sh.py'
[9.379s] INFO:colcon.colcon_core.shell:Creating prefix chain script '/home/mechax/zyb/radar_station/src/Get_Camera_Img/install/setup.sh'
[9.386s] INFO:colcon.colcon_core.shell:Creating prefix script '/home/mechax/zyb/radar_station/src/Get_Camera_Img/install/local_setup.bash'
[9.386s] INFO:colcon.colcon_core.shell:Creating prefix chain script '/home/mechax/zyb/radar_station/src/Get_Camera_Img/install/setup.bash'
[9.392s] INFO:colcon.colcon_core.shell:Creating prefix script '/home/mechax/zyb/radar_station/src/Get_Camera_Img/install/local_setup.zsh'
[9.393s] INFO:colcon.colcon_core.shell:Creating prefix chain script '/home/mechax/zyb/radar_station/src/Get_Camera_Img/install/setup.zsh'
