[0.084s] Invoking command in '/home/mechax/zyb/radar_station/build/get_depth': CMAKE_PREFIX_PATH=/home/mechax/zyb/radar_station/install/my_msgss:/home/mechax/zyb/radar_station/install/map_test:/home/mechax/zyb/radar_station/install/get_depth:/home/mechax/zyb/radar_station/install/Img_Handle:/home/mechax/zyb/radar_station/install/Game_Map:/home/mechax/zyb/radar_station/install/mindvision_camera:/home/mechax/zyb/radar_station/install/Yolo_Handle:/home/mechax/zyb/radar_station/install/Qt5_displayer:/home/mechax/ws_livox/install/livox_ros2_driver:/home/mechax/ws_livox/install/livox_sdk_vendor:/home/mechax/ws_livox/install/livox_interfaces:/opt/ros/humble /usr/bin/cmake --build /home/mechax/zyb/radar_station/build/get_depth -- -j16 -l16
[0.127s] [100%] Built target get_depth_node
[0.135s] Invoked command in '/home/mechax/zyb/radar_station/build/get_depth' returned '0': CMAKE_PREFIX_PATH=/home/mechax/zyb/radar_station/install/my_msgss:/home/mechax/zyb/radar_station/install/map_test:/home/mechax/zyb/radar_station/install/get_depth:/home/mechax/zyb/radar_station/install/Img_Handle:/home/mechax/zyb/radar_station/install/Game_Map:/home/mechax/zyb/radar_station/install/mindvision_camera:/home/mechax/zyb/radar_station/install/Yolo_Handle:/home/mechax/zyb/radar_station/install/Qt5_displayer:/home/mechax/ws_livox/install/livox_ros2_driver:/home/mechax/ws_livox/install/livox_sdk_vendor:/home/mechax/ws_livox/install/livox_interfaces:/opt/ros/humble /usr/bin/cmake --build /home/mechax/zyb/radar_station/build/get_depth -- -j16 -l16
[0.192s] Invoking command in '/home/mechax/zyb/radar_station/build/get_depth': CMAKE_PREFIX_PATH=/home/mechax/zyb/radar_station/install/my_msgss:/home/mechax/zyb/radar_station/install/map_test:/home/mechax/zyb/radar_station/install/get_depth:/home/mechax/zyb/radar_station/install/Img_Handle:/home/mechax/zyb/radar_station/install/Game_Map:/home/mechax/zyb/radar_station/install/mindvision_camera:/home/mechax/zyb/radar_station/install/Yolo_Handle:/home/mechax/zyb/radar_station/install/Qt5_displayer:/home/mechax/ws_livox/install/livox_ros2_driver:/home/mechax/ws_livox/install/livox_sdk_vendor:/home/mechax/ws_livox/install/livox_interfaces:/opt/ros/humble /usr/bin/cmake --install /home/mechax/zyb/radar_station/build/get_depth
[0.203s] -- Install configuration: ""
[0.204s] -- Up-to-date: /home/mechax/zyb/radar_station/install/get_depth/lib/get_depth/get_depth_node
[0.206s] -- Up-to-date: /home/mechax/zyb/radar_station/install/get_depth/share/get_depth//launch
[0.206s] -- Up-to-date: /home/mechax/zyb/radar_station/install/get_depth/share/get_depth//launch/get_depth_launch.py
[0.206s] -- Up-to-date: /home/mechax/zyb/radar_station/install/get_depth/share/ament_index/resource_index/package_run_dependencies/get_depth
[0.206s] -- Up-to-date: /home/mechax/zyb/radar_station/install/get_depth/share/ament_index/resource_index/parent_prefix_path/get_depth
[0.207s] -- Up-to-date: /home/mechax/zyb/radar_station/install/get_depth/share/get_depth/environment/ament_prefix_path.sh
[0.207s] -- Up-to-date: /home/mechax/zyb/radar_station/install/get_depth/share/get_depth/environment/ament_prefix_path.dsv
[0.207s] -- Up-to-date: /home/mechax/zyb/radar_station/install/get_depth/share/get_depth/environment/path.sh
[0.208s] -- Up-to-date: /home/mechax/zyb/radar_station/install/get_depth/share/get_depth/environment/path.dsv
[0.208s] -- Up-to-date: /home/mechax/zyb/radar_station/install/get_depth/share/get_depth/local_setup.bash
[0.208s] -- Up-to-date: /home/mechax/zyb/radar_station/install/get_depth/share/get_depth/local_setup.sh
[0.208s] -- Up-to-date: /home/mechax/zyb/radar_station/install/get_depth/share/get_depth/local_setup.zsh
[0.208s] -- Up-to-date: /home/mechax/zyb/radar_station/install/get_depth/share/get_depth/local_setup.dsv
[0.209s] -- Installing: /home/mechax/zyb/radar_station/install/get_depth/share/get_depth/package.dsv
[0.209s] -- Up-to-date: /home/mechax/zyb/radar_station/install/get_depth/share/ament_index/resource_index/packages/get_depth
[0.209s] -- Up-to-date: /home/mechax/zyb/radar_station/install/get_depth/share/get_depth/cmake/get_depthConfig.cmake
[0.209s] -- Up-to-date: /home/mechax/zyb/radar_station/install/get_depth/share/get_depth/cmake/get_depthConfig-version.cmake
[0.209s] -- Up-to-date: /home/mechax/zyb/radar_station/install/get_depth/share/get_depth/package.xml
[0.269s] Invoked command in '/home/mechax/zyb/radar_station/build/get_depth' returned '0': CMAKE_PREFIX_PATH=/home/mechax/zyb/radar_station/install/my_msgss:/home/mechax/zyb/radar_station/install/map_test:/home/mechax/zyb/radar_station/install/get_depth:/home/mechax/zyb/radar_station/install/Img_Handle:/home/mechax/zyb/radar_station/install/Game_Map:/home/mechax/zyb/radar_station/install/mindvision_camera:/home/mechax/zyb/radar_station/install/Yolo_Handle:/home/mechax/zyb/radar_station/install/Qt5_displayer:/home/mechax/ws_livox/install/livox_ros2_driver:/home/mechax/ws_livox/install/livox_sdk_vendor:/home/mechax/ws_livox/install/livox_interfaces:/opt/ros/humble /usr/bin/cmake --install /home/mechax/zyb/radar_station/build/get_depth
