[0.150s] Invoking command in '/home/mechax/zyb/radar_station/build/my_msgss': CMAKE_PREFIX_PATH=${CMAKE_PREFIX_PATH}:/opt/ros/humble /usr/bin/cmake /home/mechax/zyb/radar_station/src/my_msgss -DCMAKE_INSTALL_PREFIX=/home/mechax/zyb/radar_station/install/my_msgss
[0.184s] -- The C compiler identification is GNU 11.4.0
[0.218s] -- The CXX compiler identification is GNU 11.4.0
[0.224s] -- Detecting C compiler ABI info
[0.264s] -- Detecting C compiler ABI info - done
[0.269s] -- Check for working C compiler: /usr/bin/cc - skipped
[0.270s] -- Detecting C compile features
[0.271s] -- Detecting C compile features - done
[0.271s] -- Detecting CXX compiler ABI info
[0.324s] -- Detecting CXX compiler ABI info - done
[0.332s] -- Check for working CXX compiler: /usr/bin/c++ - skipped
[0.332s] -- Detecting CXX compile features
[0.333s] -- Detecting CXX compile features - done
[0.336s] -- Found ament_cmake: 1.3.6 (/opt/ros/humble/share/ament_cmake/cmake)
[0.455s] -- Found Python3: /usr/bin/python3.10 (found version "3.10.12") found components: Interpreter 
[0.513s] -- Found rosidl_default_generators: 1.2.0 (/opt/ros/humble/share/rosidl_default_generators/cmake)
[0.515s] -- Using all available rosidl_typesupport_c: rosidl_typesupport_fastrtps_c;rosidl_typesupport_introspection_c
[0.519s] -- Found rosidl_adapter: 3.1.5 (/opt/ros/humble/share/rosidl_adapter/cmake)
[0.545s] -- Using all available rosidl_typesupport_cpp: rosidl_typesupport_fastrtps_cpp;rosidl_typesupport_introspection_cpp
[0.727s] -- Found ament_cmake_ros: 0.10.0 (/opt/ros/humble/share/ament_cmake_ros/cmake)
[0.848s] -- Using all available rosidl_typesupport_c: rosidl_typesupport_fastrtps_c;rosidl_typesupport_introspection_c
[1.000s] -- Using all available rosidl_typesupport_cpp: rosidl_typesupport_fastrtps_cpp;rosidl_typesupport_introspection_cpp
[1.015s] -- Found PythonInterp: /usr/bin/python3 (found suitable version "3.10.12", minimum required is "3.6") 
[1.016s] -- Found python_cmake_module: 0.10.0 (/opt/ros/humble/share/python_cmake_module/cmake)
[1.034s] -- Found PythonLibs: /usr/lib/x86_64-linux-gnu/libpython3.10.so (found suitable version "3.10.12", minimum required is "3.5") 
[1.034s] -- Using PYTHON_EXECUTABLE: /usr/bin/python3
[1.034s] -- Using PYTHON_INCLUDE_DIRS: /usr/include/python3.10
[1.034s] -- Using PYTHON_LIBRARIES: /usr/lib/x86_64-linux-gnu/libpython3.10.so
[1.047s] -- Found PythonExtra: .so  
[1.072s] -- Found ament_lint_auto: 0.12.9 (/opt/ros/humble/share/ament_lint_auto/cmake)
[1.084s] -- Added test 'flake8' to check Python code syntax and style conventions
[1.084s] -- Added test 'lint_cmake' to check CMake code style
[1.084s] -- Added test 'pep257' to check Python code against some of the docstring style conventions in PEP 257
[1.085s] -- Added test 'xmllint' to check XML markup files
[1.086s] -- Configuring done
[1.109s] -- Generating done
[1.110s] -- Build files have been written to: /home/mechax/zyb/radar_station/build/my_msgss
[1.116s] Invoked command in '/home/mechax/zyb/radar_station/build/my_msgss' returned '0': CMAKE_PREFIX_PATH=${CMAKE_PREFIX_PATH}:/opt/ros/humble /usr/bin/cmake /home/mechax/zyb/radar_station/src/my_msgss -DCMAKE_INSTALL_PREFIX=/home/mechax/zyb/radar_station/install/my_msgss
[1.117s] Invoking command in '/home/mechax/zyb/radar_station/build/my_msgss': CMAKE_PREFIX_PATH=${CMAKE_PREFIX_PATH}:/opt/ros/humble /usr/bin/cmake --build /home/mechax/zyb/radar_station/build/my_msgss -- -j16 -l16
[1.156s] [  1%] [34m[1mGenerating C code for ROS interfaces[0m
[1.173s] [  2%] [34m[1mGenerating C++ code for ROS interfaces[0m
[1.189s] [  2%] Built target ament_cmake_python_copy_my_msgss
[1.364s] running egg_info
[1.365s] creating my_msgss.egg-info
[1.365s] writing my_msgss.egg-info/PKG-INFO
[1.365s] writing dependency_links to my_msgss.egg-info/dependency_links.txt
[1.365s] writing top-level names to my_msgss.egg-info/top_level.txt
[1.365s] writing manifest file 'my_msgss.egg-info/SOURCES.txt'
[1.367s] reading manifest file 'my_msgss.egg-info/SOURCES.txt'
[1.367s] writing manifest file 'my_msgss.egg-info/SOURCES.txt'
[1.392s] [  2%] Built target ament_cmake_python_build_my_msgss_egg
[1.503s] [  2%] Built target my_msgss__cpp
[1.517s] [  5%] [34m[1mGenerating C++ introspection for ROS interfaces[0m
[1.517s] [  5%] [34m[1mGenerating C++ type support dispatch for ROS interfaces[0m
[1.517s] [  7%] [34m[1mGenerating C++ type support for eProsima Fast-RTPS[0m
[1.791s] [ 14%] [32mBuilding C object CMakeFiles/my_msgss__rosidl_generator_c.dir/rosidl_generator_c/my_msgss/msg/detail/point__functions.c.o[0m
[1.791s] [ 14%] [32mBuilding C object CMakeFiles/my_msgss__rosidl_generator_c.dir/rosidl_generator_c/my_msgss/msg/detail/yolopoints__functions.c.o[0m
[1.791s] [ 14%] [32mBuilding C object CMakeFiles/my_msgss__rosidl_generator_c.dir/rosidl_generator_c/my_msgss/msg/detail/yolopoint__functions.c.o[0m
[1.791s] [ 14%] [32mBuilding C object CMakeFiles/my_msgss__rosidl_generator_c.dir/rosidl_generator_c/my_msgss/msg/detail/distpoint__functions.c.o[0m
[1.793s] [ 14%] [32mBuilding C object CMakeFiles/my_msgss__rosidl_generator_c.dir/rosidl_generator_c/my_msgss/msg/detail/distpoints__functions.c.o[0m
[1.795s] [ 15%] [32mBuilding C object CMakeFiles/my_msgss__rosidl_generator_c.dir/rosidl_generator_c/my_msgss/msg/detail/points__functions.c.o[0m
[1.867s] [ 16%] [32m[1mLinking C shared library libmy_msgss__rosidl_generator_c.so[0m
[1.878s] [ 22%] [32mBuilding CXX object CMakeFiles/my_msgss__rosidl_typesupport_cpp.dir/rosidl_typesupport_cpp/my_msgss/msg/point__type_support.cpp.o[0m
[1.879s] [ 22%] [32mBuilding CXX object CMakeFiles/my_msgss__rosidl_typesupport_cpp.dir/rosidl_typesupport_cpp/my_msgss/msg/yolopoints__type_support.cpp.o[0m
[1.879s] [ 22%] [32mBuilding CXX object CMakeFiles/my_msgss__rosidl_typesupport_cpp.dir/rosidl_typesupport_cpp/my_msgss/msg/distpoint__type_support.cpp.o[0m
[1.879s] [ 22%] [32mBuilding CXX object CMakeFiles/my_msgss__rosidl_typesupport_cpp.dir/rosidl_typesupport_cpp/my_msgss/msg/yolopoint__type_support.cpp.o[0m
[1.879s] [ 23%] [32mBuilding CXX object CMakeFiles/my_msgss__rosidl_typesupport_cpp.dir/rosidl_typesupport_cpp/my_msgss/msg/distpoints__type_support.cpp.o[0m
[1.891s] [ 25%] [32mBuilding CXX object CMakeFiles/my_msgss__rosidl_typesupport_cpp.dir/rosidl_typesupport_cpp/my_msgss/msg/points__type_support.cpp.o[0m
[1.937s] [ 25%] Built target my_msgss__rosidl_generator_c
[1.962s] [ 26%] [34m[1mGenerating C type support for eProsima Fast-RTPS[0m
[1.992s] [ 29%] [34m[1mGenerating C introspection for ROS interfaces[0m
[1.992s] [ 29%] [34m[1mGenerating C type support dispatch for ROS interfaces[0m
[2.257s] [ 30%] [32mBuilding CXX object CMakeFiles/my_msgss__rosidl_typesupport_introspection_cpp.dir/rosidl_typesupport_introspection_cpp/my_msgss/msg/detail/yolopoint__type_support.cpp.o[0m
[2.265s] [ 32%] [32mBuilding CXX object CMakeFiles/my_msgss__rosidl_typesupport_introspection_cpp.dir/rosidl_typesupport_introspection_cpp/my_msgss/msg/detail/distpoint__type_support.cpp.o[0m
[2.269s] [ 35%] [32mBuilding CXX object CMakeFiles/my_msgss__rosidl_typesupport_introspection_cpp.dir/rosidl_typesupport_introspection_cpp/my_msgss/msg/detail/yolopoints__type_support.cpp.o[0m
[2.269s] [ 35%] [32mBuilding CXX object CMakeFiles/my_msgss__rosidl_typesupport_fastrtps_cpp.dir/rosidl_typesupport_fastrtps_cpp/my_msgss/msg/detail/dds_fastrtps/yolopoint__type_support.cpp.o[0m
[2.285s] [ 36%] [32mBuilding CXX object CMakeFiles/my_msgss__rosidl_typesupport_introspection_cpp.dir/rosidl_typesupport_introspection_cpp/my_msgss/msg/detail/distpoints__type_support.cpp.o[0m
[2.289s] [ 39%] [32mBuilding CXX object CMakeFiles/my_msgss__rosidl_typesupport_fastrtps_cpp.dir/rosidl_typesupport_fastrtps_cpp/my_msgss/msg/detail/dds_fastrtps/yolopoints__type_support.cpp.o[0m
[2.289s] [ 39%] [32mBuilding CXX object CMakeFiles/my_msgss__rosidl_typesupport_introspection_cpp.dir/rosidl_typesupport_introspection_cpp/my_msgss/msg/detail/point__type_support.cpp.o[0m
[2.289s] [ 40%] [32m[1mLinking CXX shared library libmy_msgss__rosidl_typesupport_cpp.so[0m
[2.313s] [ 42%] [32mBuilding CXX object CMakeFiles/my_msgss__rosidl_typesupport_fastrtps_cpp.dir/rosidl_typesupport_fastrtps_cpp/my_msgss/msg/detail/dds_fastrtps/distpoints__type_support.cpp.o[0m
[2.313s] [ 43%] [32mBuilding CXX object CMakeFiles/my_msgss__rosidl_typesupport_fastrtps_cpp.dir/rosidl_typesupport_fastrtps_cpp/my_msgss/msg/detail/dds_fastrtps/point__type_support.cpp.o[0m
[2.319s] [ 45%] [32mBuilding CXX object CMakeFiles/my_msgss__rosidl_typesupport_introspection_cpp.dir/rosidl_typesupport_introspection_cpp/my_msgss/msg/detail/points__type_support.cpp.o[0m
[2.319s] [ 46%] [32mBuilding CXX object CMakeFiles/my_msgss__rosidl_typesupport_fastrtps_cpp.dir/rosidl_typesupport_fastrtps_cpp/my_msgss/msg/detail/dds_fastrtps/distpoint__type_support.cpp.o[0m
[2.322s] [ 47%] [32mBuilding CXX object CMakeFiles/my_msgss__rosidl_typesupport_fastrtps_cpp.dir/rosidl_typesupport_fastrtps_cpp/my_msgss/msg/detail/dds_fastrtps/points__type_support.cpp.o[0m
[2.440s] [ 47%] Built target my_msgss__rosidl_typesupport_cpp
[2.826s] [ 49%] [32mBuilding CXX object CMakeFiles/my_msgss__rosidl_typesupport_fastrtps_c.dir/rosidl_typesupport_fastrtps_c/my_msgss/msg/detail/yolopoints__type_support_c.cpp.o[0m
[2.833s] [ 50%] [32mBuilding CXX object CMakeFiles/my_msgss__rosidl_typesupport_fastrtps_c.dir/rosidl_typesupport_fastrtps_c/my_msgss/msg/detail/yolopoint__type_support_c.cpp.o[0m
[2.857s] [ 52%] [32mBuilding CXX object CMakeFiles/my_msgss__rosidl_typesupport_fastrtps_c.dir/rosidl_typesupport_fastrtps_c/my_msgss/msg/detail/distpoint__type_support_c.cpp.o[0m
[2.857s] [ 53%] [32mBuilding CXX object CMakeFiles/my_msgss__rosidl_typesupport_fastrtps_c.dir/rosidl_typesupport_fastrtps_c/my_msgss/msg/detail/distpoints__type_support_c.cpp.o[0m
[2.872s] [ 54%] [32mBuilding C object CMakeFiles/my_msgss__rosidl_typesupport_introspection_c.dir/rosidl_typesupport_introspection_c/my_msgss/msg/detail/yolopoint__type_support.c.o[0m
[2.893s] [ 56%] [32mBuilding CXX object CMakeFiles/my_msgss__rosidl_typesupport_fastrtps_c.dir/rosidl_typesupport_fastrtps_c/my_msgss/msg/detail/point__type_support_c.cpp.o[0m
[2.902s] [ 57%] [32mBuilding C object CMakeFiles/my_msgss__rosidl_typesupport_introspection_c.dir/rosidl_typesupport_introspection_c/my_msgss/msg/detail/yolopoints__type_support.c.o[0m
[2.911s] [ 59%] [32mBuilding C object CMakeFiles/my_msgss__rosidl_typesupport_introspection_c.dir/rosidl_typesupport_introspection_c/my_msgss/msg/detail/distpoint__type_support.c.o[0m
[2.915s] [ 60%] [32mBuilding CXX object CMakeFiles/my_msgss__rosidl_typesupport_c.dir/rosidl_typesupport_c/my_msgss/msg/yolopoint__type_support.cpp.o[0m
[2.927s] [ 61%] [32mBuilding C object CMakeFiles/my_msgss__rosidl_typesupport_introspection_c.dir/rosidl_typesupport_introspection_c/my_msgss/msg/detail/distpoints__type_support.c.o[0m
[3.038s] [ 63%] [32mBuilding C object CMakeFiles/my_msgss__rosidl_typesupport_introspection_c.dir/rosidl_typesupport_introspection_c/my_msgss/msg/detail/point__type_support.c.o[0m
[3.043s] [ 64%] [32mBuilding CXX object CMakeFiles/my_msgss__rosidl_typesupport_c.dir/rosidl_typesupport_c/my_msgss/msg/yolopoints__type_support.cpp.o[0m
[3.052s] [ 66%] [32mBuilding C object CMakeFiles/my_msgss__rosidl_typesupport_introspection_c.dir/rosidl_typesupport_introspection_c/my_msgss/msg/detail/points__type_support.c.o[0m
[3.070s] [ 67%] [32mBuilding CXX object CMakeFiles/my_msgss__rosidl_typesupport_fastrtps_c.dir/rosidl_typesupport_fastrtps_c/my_msgss/msg/detail/points__type_support_c.cpp.o[0m
[3.096s] [ 69%] [32mBuilding CXX object CMakeFiles/my_msgss__rosidl_typesupport_c.dir/rosidl_typesupport_c/my_msgss/msg/distpoint__type_support.cpp.o[0m
[3.124s] [ 70%] [32mBuilding CXX object CMakeFiles/my_msgss__rosidl_typesupport_c.dir/rosidl_typesupport_c/my_msgss/msg/point__type_support.cpp.o[0m
[3.142s] [ 71%] [32mBuilding CXX object CMakeFiles/my_msgss__rosidl_typesupport_c.dir/rosidl_typesupport_c/my_msgss/msg/distpoints__type_support.cpp.o[0m
[3.145s] [ 73%] [32mBuilding CXX object CMakeFiles/my_msgss__rosidl_typesupport_c.dir/rosidl_typesupport_c/my_msgss/msg/points__type_support.cpp.o[0m
[3.179s] [ 74%] [32m[1mLinking C shared library libmy_msgss__rosidl_typesupport_introspection_c.so[0m
[3.228s] [ 76%] [32m[1mLinking CXX shared library libmy_msgss__rosidl_typesupport_c.so[0m
[3.257s] [ 76%] Built target my_msgss__rosidl_typesupport_introspection_c
[3.279s] [ 76%] Built target my_msgss__rosidl_typesupport_c
[3.297s] [ 77%] [32m[1mLinking CXX shared library libmy_msgss__rosidl_typesupport_fastrtps_cpp.so[0m
[3.342s] [ 78%] [32m[1mLinking CXX shared library libmy_msgss__rosidl_typesupport_introspection_cpp.so[0m
[3.375s] [ 78%] Built target my_msgss__rosidl_typesupport_fastrtps_cpp
[3.406s] [ 80%] [32m[1mLinking CXX shared library libmy_msgss__rosidl_typesupport_fastrtps_c.so[0m
[3.406s] [ 80%] Built target my_msgss__rosidl_typesupport_introspection_cpp
[3.465s] [ 80%] Built target my_msgss__rosidl_typesupport_fastrtps_c
[3.478s] [ 80%] Built target my_msgss
[3.492s] [ 81%] [34m[1mGenerating Python code for ROS interfaces[0m
[3.898s] [ 81%] Built target my_msgss__py
[3.911s] [ 83%] [32mBuilding C object CMakeFiles/my_msgss__rosidl_generator_py.dir/rosidl_generator_py/my_msgss/msg/_yolopoint_s.c.o[0m
[3.912s] [ 84%] [32mBuilding C object CMakeFiles/my_msgss__rosidl_generator_py.dir/rosidl_generator_py/my_msgss/msg/_points_s.c.o[0m
[3.913s] [ 87%] [32mBuilding C object CMakeFiles/my_msgss__rosidl_generator_py.dir/rosidl_generator_py/my_msgss/msg/_distpoint_s.c.o[0m
[3.913s] [ 87%] [32mBuilding C object CMakeFiles/my_msgss__rosidl_generator_py.dir/rosidl_generator_py/my_msgss/msg/_yolopoints_s.c.o[0m
[3.914s] [ 88%] [32mBuilding C object CMakeFiles/my_msgss__rosidl_generator_py.dir/rosidl_generator_py/my_msgss/msg/_distpoints_s.c.o[0m
[3.915s] [ 90%] [32mBuilding C object CMakeFiles/my_msgss__rosidl_generator_py.dir/rosidl_generator_py/my_msgss/msg/_point_s.c.o[0m
[4.013s] [ 91%] [32m[1mLinking C shared library rosidl_generator_py/my_msgss/libmy_msgss__rosidl_generator_py.so[0m
[4.040s] [ 91%] Built target my_msgss__rosidl_generator_py
[4.053s] [ 92%] [32mBuilding C object CMakeFiles/my_msgss__rosidl_typesupport_introspection_c__pyext.dir/rosidl_generator_py/my_msgss/_my_msgss_s.ep.rosidl_typesupport_introspection_c.c.o[0m
[4.054s] [ 94%] [32mBuilding C object CMakeFiles/my_msgss__rosidl_typesupport_fastrtps_c__pyext.dir/rosidl_generator_py/my_msgss/_my_msgss_s.ep.rosidl_typesupport_fastrtps_c.c.o[0m
[4.060s] [ 95%] [32mBuilding C object CMakeFiles/my_msgss__rosidl_typesupport_c__pyext.dir/rosidl_generator_py/my_msgss/_my_msgss_s.ep.rosidl_typesupport_c.c.o[0m
[4.117s] [ 97%] [32m[1mLinking C shared library rosidl_generator_py/my_msgss/my_msgss_s__rosidl_typesupport_fastrtps_c.cpython-310-x86_64-linux-gnu.so[0m
[4.121s] [ 98%] [32m[1mLinking C shared library rosidl_generator_py/my_msgss/my_msgss_s__rosidl_typesupport_introspection_c.cpython-310-x86_64-linux-gnu.so[0m
[4.125s] [100%] [32m[1mLinking C shared library rosidl_generator_py/my_msgss/my_msgss_s__rosidl_typesupport_c.cpython-310-x86_64-linux-gnu.so[0m
[4.141s] [100%] Built target my_msgss__rosidl_typesupport_fastrtps_c__pyext
[4.147s] [100%] Built target my_msgss__rosidl_typesupport_c__pyext
[4.151s] [100%] Built target my_msgss__rosidl_typesupport_introspection_c__pyext
