[01m[K/home/mechax/zyb/radar_station/src/get_depth/src/get_depth_node.cpp:72:1:[m[K [01;35m[Kwarning: [m[K"/*" within comment [[01;35m[K]8;;https://gcc.gnu.org/onlinedocs/gcc/Warning-Options.html#index-Wcomment-Wcomment]8;;[m[K]
   72 | /**
      |  
In file included from [01m[K/home/mechax/zyb/radar_station/src/get_depth/src/get_depth_node.cpp:4[m[K:
[01m[K/home/mechax/zyb/radar_station/src/get_depth/include/get_depth_node.hpp:29:25:[m[K [01;31m[Kerror: [m[K‘[01m[KKalman[m[K’ has not been declared
   29 |   float my_KalmanFilter([01;31m[KKalman[m[K *kfp, float input);
      |                         [01;31m[K^~~~~~[m[K
[01m[K/home/mechax/zyb/radar_station/src/get_depth/include/get_depth_node.hpp:30:40:[m[K [01;31m[Kerror: [m[K‘[01m[Kvector[m[K’ has not been declared
   30 |   void write_csv(std::string filename, [01;31m[Kvector[m[K<float> vals);
      |                                        [01;31m[K^~~~~~[m[K
[01m[K/home/mechax/zyb/radar_station/src/get_depth/include/get_depth_node.hpp:30:46:[m[K [01;31m[Kerror: [m[Kexpected ‘[01m[K,[m[K’ or ‘[01m[K...[m[K’ before ‘[01m[K<[m[K’ token
   30 |   void write_csv(std::string filename, vector[01;31m[K<[m[Kfloat> vals);
      |                                              [01;31m[K^[m[K
[01m[K/home/mechax/zyb/radar_station/src/get_depth/include/get_depth_node.hpp:31:3:[m[K [01;31m[Kerror: [m[K‘[01m[KMat[m[K’ does not name a type
   31 |   [01;31m[KMat[m[K Cloud2Mat(const pcl::PointCloud<pcl::PointXYZ>::Ptr &input);//Convert PointCloud to Mat
      |   [01;31m[K^~~[m[K
[01m[K/home/mechax/zyb/radar_station/src/get_depth/include/get_depth_node.hpp:32:19:[m[K [01;31m[Kerror: [m[K‘[01m[KMat[m[K’ has not been declared
   32 |   void MatProject([01;31m[KMat[m[K &input_depth, Mat &input_uv, Mat &Cam_matrix, Mat &Uni_matrix);
      |                   [01;31m[K^~~[m[K
[01m[K/home/mechax/zyb/radar_station/src/get_depth/include/get_depth_node.hpp:32:37:[m[K [01;31m[Kerror: [m[K‘[01m[KMat[m[K’ has not been declared
   32 |   void MatProject(Mat &input_depth, [01;31m[KMat[m[K &input_uv, Mat &Cam_matrix, Mat &Uni_matrix);
      |                                     [01;31m[K^~~[m[K
[01m[K/home/mechax/zyb/radar_station/src/get_depth/include/get_depth_node.hpp:32:52:[m[K [01;31m[Kerror: [m[K‘[01m[KMat[m[K’ has not been declared
   32 |   void MatProject(Mat &input_depth, Mat &input_uv, [01;31m[KMat[m[K &Cam_matrix, Mat &Uni_matrix);
      |                                                    [01;31m[K^~~[m[K
[01m[K/home/mechax/zyb/radar_station/src/get_depth/include/get_depth_node.hpp:32:69:[m[K [01;31m[Kerror: [m[K‘[01m[KMat[m[K’ has not been declared
   32 |   void MatProject(Mat &input_depth, Mat &input_uv, Mat &Cam_matrix, [01;31m[KMat[m[K &Uni_matrix);
      |                                                                     [01;31m[K^~~[m[K
[01m[K/home/mechax/zyb/radar_station/src/get_depth/include/get_depth_node.hpp:33:47:[m[K [01;31m[Kerror: [m[K‘[01m[Kdist_point[m[K’ in namespace ‘[01m[Kmy_msgss::msg[m[K’ does not name a type; did you mean ‘[01m[KDistpoint[m[K’?
   33 |   void frame_point_match(const my_msgss::msg::[01;31m[Kdist_point[m[K &last_frame, my_msgss::msg::dist_point &this_frame);
      |                                               [01;31m[K^~~~~~~~~~[m[K
      |                                               [32m[KDistpoint[m[K
[01m[K/home/mechax/zyb/radar_station/src/get_depth/include/get_depth_node.hpp:33:71:[m[K [01;31m[Kerror: [m[K‘[01m[Kmy_msgss::msg::dist_point[m[K’ has not been declared
   33 |   void frame_point_match(const my_msgss::msg::dist_point &last_frame, [01;31m[Kmy_msgss[m[K::msg::dist_point &this_frame);
      |                                                                       [01;31m[K^~~~~~~~[m[K
[01m[K/home/mechax/zyb/radar_station/src/get_depth/include/get_depth_node.hpp:34:46:[m[K [01;31m[Kerror: [m[K‘[01m[Kyolo_points[m[K’ in namespace ‘[01m[Kmy_msgss::msg[m[K’ does not name a type; did you mean ‘[01m[KYolopoints[m[K’?
   34 |   void far_yoloCallback(const my_msgss::msg::[01;31m[Kyolo_points[m[K::ConstPtr &input);
      |                                              [01;31m[K^~~~~~~~~~~[m[K
      |                                              [32m[KYolopoints[m[K
[01m[K/home/mechax/zyb/radar_station/src/get_depth/include/get_depth_node.hpp:34:68:[m[K [01;31m[Kerror: [m[Kexpected unqualified-id before ‘[01m[K&[m[K’ token
   34 |   void far_yoloCallback(const my_msgss::msg::yolo_points::ConstPtr [01;31m[K&[m[Kinput);
      |                                                                    [01;31m[K^[m[K
[01m[K/home/mechax/zyb/radar_station/src/get_depth/include/get_depth_node.hpp:34:67:[m[K [01;31m[Kerror: [m[Kexpected ‘[01m[K)[m[K’ before ‘[01m[K&[m[K’ token
   34 |   void far_yoloCallback[34m[K([m[Kconst my_msgss::msg::yolo_points::ConstPtr[01;31m[K [m[K[32m[K&[m[Kinput);
      |                        [34m[K~[m[K                                          [01;31m[K^[m[K[32m[K~[m[K
      |                                                                   [32m[K)[m[K
[01m[K/home/mechax/zyb/radar_station/src/get_depth/include/get_depth_node.hpp:34:68:[m[K [01;31m[Kerror: [m[Kexpected ‘[01m[K;[m[K’ at end of member declaration
   34 |   void far_yoloCallback(const my_msgss::msg::yolo_points::ConstPtr [01;31m[K&[m[Kinput);
      |                                                                    [01;31m[K^[m[K
      |                                                                     [32m[K;[m[K
[01m[K/home/mechax/zyb/radar_station/src/get_depth/include/get_depth_node.hpp:34:69:[m[K [01;31m[Kerror: [m[K‘[01m[Kinput[m[K’ does not name a type; did you mean ‘[01m[Kint[m[K’?
   34 |   void far_yoloCallback(const my_msgss::msg::yolo_points::ConstPtr &[01;31m[Kinput[m[K);
      |                                                                     [01;31m[K^~~~~[m[K
      |                                                                     [32m[Kint[m[K
[01m[K/home/mechax/zyb/radar_station/src/get_depth/include/get_depth_node.hpp:35:48:[m[K [01;31m[Kerror: [m[K‘[01m[Kyolo_points[m[K’ in namespace ‘[01m[Kmy_msgss::msg[m[K’ does not name a type; did you mean ‘[01m[KYolopoints[m[K’?
   35 |   void close_yoloCallback(const my_msgss::msg::[01;31m[Kyolo_points[m[K::ConstPtr &input);
      |                                                [01;31m[K^~~~~~~~~~~[m[K
      |                                                [32m[KYolopoints[m[K
[01m[K/home/mechax/zyb/radar_station/src/get_depth/include/get_depth_node.hpp:35:70:[m[K [01;31m[Kerror: [m[Kexpected unqualified-id before ‘[01m[K&[m[K’ token
   35 |   void close_yoloCallback(const my_msgss::msg::yolo_points::ConstPtr [01;31m[K&[m[Kinput);
      |                                                                      [01;31m[K^[m[K
[01m[K/home/mechax/zyb/radar_station/src/get_depth/include/get_depth_node.hpp:35:69:[m[K [01;31m[Kerror: [m[Kexpected ‘[01m[K)[m[K’ before ‘[01m[K&[m[K’ token
   35 |   void close_yoloCallback[34m[K([m[Kconst my_msgss::msg::yolo_points::ConstPtr[01;31m[K [m[K[32m[K&[m[Kinput);
      |                          [34m[K~[m[K                                          [01;31m[K^[m[K[32m[K~[m[K
      |                                                                     [32m[K)[m[K
[01m[K/home/mechax/zyb/radar_station/src/get_depth/include/get_depth_node.hpp:35:70:[m[K [01;31m[Kerror: [m[Kexpected ‘[01m[K;[m[K’ at end of member declaration
   35 |   void close_yoloCallback(const my_msgss::msg::yolo_points::ConstPtr [01;31m[K&[m[Kinput);
      |                                                                      [01;31m[K^[m[K
      |                                                                       [32m[K;[m[K
[01m[K/home/mechax/zyb/radar_station/src/get_depth/include/get_depth_node.hpp:35:71:[m[K [01;31m[Kerror: [m[K‘[01m[Kinput[m[K’ does not name a type; did you mean ‘[01m[Kint[m[K’?
   35 |   void close_yoloCallback(const my_msgss::msg::yolo_points::ConstPtr &[01;31m[Kinput[m[K);
      |                                                                       [01;31m[K^~~~~[m[K
      |                                                                       [32m[Kint[m[K
[01m[K/home/mechax/zyb/radar_station/src/get_depth/include/get_depth_node.hpp:36:51:[m[K [01;31m[Kerror: [m[K‘[01m[KPointCloud2ConstPtr[m[K’ in namespace ‘[01m[Ksensor_msgs::msg[m[K’ does not name a type
   36 |   void pointCloudCallback(const sensor_msgs::msg::[01;31m[KPointCloud2ConstPtr[m[K &input);
      |                                                   [01;31m[K^~~~~~~~~~~~~~~~~~~[m[K
[01m[K/home/mechax/zyb/radar_station/src/get_depth/include/get_depth_node.hpp:37:46:[m[K [01;31m[Kerror: [m[K‘[01m[Kpoints[m[K’ in namespace ‘[01m[Kmy_msgss::msg[m[K’ does not name a type; did you mean ‘[01m[KPoints[m[K’?
   37 |   void outpost_Callback(const my_msgss::msg::[01;31m[Kpoints[m[K &outpost);
      |                                              [01;31m[K^~~~~~[m[K
      |                                              [32m[KPoints[m[K
[01m[K/home/mechax/zyb/radar_station/src/get_depth/include/get_depth_node.hpp:38:24:[m[K [01;31m[Kerror: [m[K‘[01m[KRect[m[K’ has not been declared
   38 |   float getDepthInRect([01;31m[KRect[m[K rect, vector<Mat> &depth_queue, radar_msgs::msg::yolo_point::_id_type id);//得到ROI中点的深度
      |                        [01;31m[K^~~~[m[K
[01m[K/home/mechax/zyb/radar_station/src/get_depth/include/get_depth_node.hpp:38:35:[m[K [01;31m[Kerror: [m[K‘[01m[Kvector[m[K’ has not been declared
   38 |   float getDepthInRect(Rect rect, [01;31m[Kvector[m[K<Mat> &depth_queue, radar_msgs::msg::yolo_point::_id_type id);//得到ROI中点的深度
      |                                   [01;31m[K^~~~~~[m[K
[01m[K/home/mechax/zyb/radar_station/src/get_depth/include/get_depth_node.hpp:38:41:[m[K [01;31m[Kerror: [m[Kexpected ‘[01m[K,[m[K’ or ‘[01m[K...[m[K’ before ‘[01m[K<[m[K’ token
   38 |   float getDepthInRect(Rect rect, vector[01;31m[K<[m[KMat> &depth_queue, radar_msgs::msg::yolo_point::_id_type id);//得到ROI中点的深度
      |                                         [01;31m[K^[m[K
In file included from [01m[K/home/mechax/zyb/radar_station/src/get_depth/src/get_depth_node.cpp:4[m[K:
[01m[K/home/mechax/zyb/radar_station/src/get_depth/include/get_depth_node.hpp:40:36:[m[K [01;31m[Kerror: [m[K‘[01m[Kdist_point[m[K’ is not a member of ‘[01m[Kmy_msgss::msg[m[K’; did you mean ‘[01m[KDistpoint[m[K’?
   40 |   rclcpp::Publisher<my_msgss::msg::[01;31m[Kdist_point[m[K>::SharedPtr far_distancePointPub;
      |                                    [01;31m[K^~~~~~~~~~[m[K
      |                                    [32m[KDistpoint[m[K
[01m[K/home/mechax/zyb/radar_station/src/get_depth/include/get_depth_node.hpp:40:46:[m[K [01;31m[Kerror: [m[Ktemplate argument 1 is invalid
   40 |   rclcpp::Publisher<my_msgss::msg::dist_point[01;31m[K>[m[K::SharedPtr far_distancePointPub;
      |                                              [01;31m[K^[m[K
[01m[K/home/mechax/zyb/radar_station/src/get_depth/include/get_depth_node.hpp:40:49:[m[K [01;31m[Kerror: [m[Kexpected ‘[01m[K;[m[K’ at end of member declaration
   40 |   rclcpp::Publisher<my_msgss::msg::dist_point>::[01;31m[KSharedPtr[m[K far_distancePointPub;
      |                                                 [01;31m[K^~~~~~~~~[m[K
      |                                                          [32m[K;[m[K
[01m[K/home/mechax/zyb/radar_station/src/get_depth/include/get_depth_node.hpp:40:59:[m[K [01;31m[Kerror: [m[K‘[01m[Kfar_distancePointPub[m[K’ does not name a type
   40 |   rclcpp::Publisher<my_msgss::msg::dist_point>::SharedPtr [01;31m[Kfar_distancePointPub[m[K;
      |                                                           [01;31m[K^~~~~~~~~~~~~~~~~~~~[m[K
[01m[K/home/mechax/zyb/radar_station/src/get_depth/include/get_depth_node.hpp:41:36:[m[K [01;31m[Kerror: [m[K‘[01m[Kdist_point[m[K’ is not a member of ‘[01m[Kmy_msgss::msg[m[K’; did you mean ‘[01m[KDistpoint[m[K’?
   41 |   rclcpp::Publisher<my_msgss::msg::[01;31m[Kdist_point[m[K>::SharedPtr close_distancePointPub;
      |                                    [01;31m[K^~~~~~~~~~[m[K
      |                                    [32m[KDistpoint[m[K
[01m[K/home/mechax/zyb/radar_station/src/get_depth/include/get_depth_node.hpp:41:46:[m[K [01;31m[Kerror: [m[Ktemplate argument 1 is invalid
   41 |   rclcpp::Publisher<my_msgss::msg::dist_point[01;31m[K>[m[K::SharedPtr close_distancePointPub;
      |                                              [01;31m[K^[m[K
[01m[K/home/mechax/zyb/radar_station/src/get_depth/include/get_depth_node.hpp:41:49:[m[K [01;31m[Kerror: [m[Kexpected ‘[01m[K;[m[K’ at end of member declaration
   41 |   rclcpp::Publisher<my_msgss::msg::dist_point>::[01;31m[KSharedPtr[m[K close_distancePointPub;
      |                                                 [01;31m[K^~~~~~~~~[m[K
      |                                                          [32m[K;[m[K
[01m[K/home/mechax/zyb/radar_station/src/get_depth/include/get_depth_node.hpp:41:49:[m[K [01;31m[Kerror: [m[Kredeclaration of ‘[01m[Kint GetDepth::SharedPtr[m[K’
[01m[K/home/mechax/zyb/radar_station/src/get_depth/include/get_depth_node.hpp:40:49:[m[K [01;36m[Knote: [m[Kprevious declaration ‘[01m[Kint GetDepth::SharedPtr[m[K’
   40 |   rclcpp::Publisher<my_msgss::msg::dist_point>::[01;36m[KSharedPtr[m[K far_distancePointPub;
      |                                                 [01;36m[K^~~~~~~~~[m[K
[01m[K/home/mechax/zyb/radar_station/src/get_depth/include/get_depth_node.hpp:41:59:[m[K [01;31m[Kerror: [m[K‘[01m[Kclose_distancePointPub[m[K’ does not name a type
   41 |   rclcpp::Publisher<my_msgss::msg::dist_point>::SharedPtr [01;31m[Kclose_distancePointPub[m[K;
      |                                                           [01;31m[K^~~~~~~~~~~~~~~~~~~~~~[m[K
[01m[K/home/mechax/zyb/radar_station/src/get_depth/include/get_depth_node.hpp:42:36:[m[K [01;31m[Kerror: [m[K‘[01m[Kdist_point[m[K’ is not a member of ‘[01m[Kmy_msgss::msg[m[K’; did you mean ‘[01m[KDistpoint[m[K’?
   42 |   rclcpp::Publisher<my_msgss::msg::[01;31m[Kdist_point[m[K>::SharedPtr outpost_distancePointPub;
      |                                    [01;31m[K^~~~~~~~~~[m[K
      |                                    [32m[KDistpoint[m[K
[01m[K/home/mechax/zyb/radar_station/src/get_depth/include/get_depth_node.hpp:42:46:[m[K [01;31m[Kerror: [m[Ktemplate argument 1 is invalid
   42 |   rclcpp::Publisher<my_msgss::msg::dist_point[01;31m[K>[m[K::SharedPtr outpost_distancePointPub;
      |                                              [01;31m[K^[m[K
[01m[K/home/mechax/zyb/radar_station/src/get_depth/include/get_depth_node.hpp:42:49:[m[K [01;31m[Kerror: [m[Kexpected ‘[01m[K;[m[K’ at end of member declaration
   42 |   rclcpp::Publisher<my_msgss::msg::dist_point>::[01;31m[KSharedPtr[m[K outpost_distancePointPub;
      |                                                 [01;31m[K^~~~~~~~~[m[K
      |                                                          [32m[K;[m[K
[01m[K/home/mechax/zyb/radar_station/src/get_depth/include/get_depth_node.hpp:42:49:[m[K [01;31m[Kerror: [m[Kredeclaration of ‘[01m[Kint GetDepth::SharedPtr[m[K’
[01m[K/home/mechax/zyb/radar_station/src/get_depth/include/get_depth_node.hpp:40:49:[m[K [01;36m[Knote: [m[Kprevious declaration ‘[01m[Kint GetDepth::SharedPtr[m[K’
   40 |   rclcpp::Publisher<my_msgss::msg::dist_point>::[01;36m[KSharedPtr[m[K far_distancePointPub;
      |                                                 [01;36m[K^~~~~~~~~[m[K
[01m[K/home/mechax/zyb/radar_station/src/get_depth/include/get_depth_node.hpp:42:59:[m[K [01;31m[Kerror: [m[K‘[01m[Koutpost_distancePointPub[m[K’ does not name a type
   42 |   rclcpp::Publisher<my_msgss::msg::dist_point>::SharedPtr [01;31m[Koutpost_distancePointPub[m[K;
      |                                                           [01;31m[K^~~~~~~~~~~~~~~~~~~~~~~~[m[K
[01m[K/home/mechax/zyb/radar_station/src/get_depth/include/get_depth_node.hpp:45:18:[m[K [01;31m[Kerror: [m[K‘[01m[Kdist_point[m[K’ in namespace ‘[01m[Kmy_msgss::msg[m[K’ does not name a type; did you mean ‘[01m[KDistpoint[m[K’?
   45 |   my_msgss::msg::[01;31m[Kdist_point[m[K far_distance_it;
      |                  [01;31m[K^~~~~~~~~~[m[K
      |                  [32m[KDistpoint[m[K
[01m[K/home/mechax/zyb/radar_station/src/get_depth/include/get_depth_node.hpp:46:18:[m[K [01;31m[Kerror: [m[K‘[01m[Kdist_point[m[K’ in namespace ‘[01m[Kmy_msgss::msg[m[K’ does not name a type; did you mean ‘[01m[KDistpoint[m[K’?
   46 |   my_msgss::msg::[01;31m[Kdist_point[m[K close_distance_it;
      |                  [01;31m[K^~~~~~~~~~[m[K
      |                  [32m[KDistpoint[m[K
[01m[K/home/mechax/zyb/radar_station/src/get_depth/include/get_depth_node.hpp:47:18:[m[K [01;31m[Kerror: [m[K‘[01m[Kdist_point[m[K’ in namespace ‘[01m[Kmy_msgss::msg[m[K’ does not name a type; did you mean ‘[01m[KDistpoint[m[K’?
   47 |   my_msgss::msg::[01;31m[Kdist_point[m[K last_far_distance_it;
      |                  [01;31m[K^~~~~~~~~~[m[K
      |                  [32m[KDistpoint[m[K
[01m[K/home/mechax/zyb/radar_station/src/get_depth/include/get_depth_node.hpp:48:18:[m[K [01;31m[Kerror: [m[K‘[01m[Kdist_point[m[K’ in namespace ‘[01m[Kmy_msgss::msg[m[K’ does not name a type; did you mean ‘[01m[KDistpoint[m[K’?
   48 |   my_msgss::msg::[01;31m[Kdist_point[m[K last_close_distance_it;
      |                  [01;31m[K^~~~~~~~~~[m[K
      |                  [32m[KDistpoint[m[K
[01m[K/home/mechax/zyb/radar_station/src/get_depth/include/get_depth_node.hpp:49:3:[m[K [01;31m[Kerror: [m[K‘[01m[Kradar_msgs[m[K’ does not name a type
   49 |   [01;31m[Kradar_msgs[m[K::msg::dist_point outpost_distance_it;
      |   [01;31m[K^~~~~~~~~~[m[K
[01m[K/home/mechax/zyb/radar_station/src/get_depth/include/get_depth_node.hpp:52:42:[m[K [01;31m[Kerror: [m[K‘[01m[KPointCloud2ConstPtr[m[K’ is not a member of ‘[01m[Ksensor_msgs::msg[m[K’
   52 |   rclcpp::Subscription<sensor_msgs::msg::[01;31m[KPointCloud2ConstPtr[m[K>::SharedPtr cloud_sub;
      |                                          [01;31m[K^~~~~~~~~~~~~~~~~~~[m[K
[01m[K/home/mechax/zyb/radar_station/src/get_depth/include/get_depth_node.hpp:52:61:[m[K [01;31m[Kerror: [m[Ktemplate argument 1 is invalid
   52 |   rclcpp::Subscription<sensor_msgs::msg::PointCloud2ConstPtr[01;31m[K>[m[K::SharedPtr cloud_sub;
      |                                                             [01;31m[K^[m[K
[01m[K/home/mechax/zyb/radar_station/src/get_depth/include/get_depth_node.hpp:52:61:[m[K [01;31m[Kerror: [m[Ktemplate argument 3 is invalid
[01m[K/home/mechax/zyb/radar_station/src/get_depth/include/get_depth_node.hpp:52:61:[m[K [01;31m[Kerror: [m[Ktemplate argument 4 is invalid
[01m[K/home/mechax/zyb/radar_station/src/get_depth/include/get_depth_node.hpp:52:61:[m[K [01;31m[Kerror: [m[Ktemplate argument 5 is invalid
[01m[K/home/mechax/zyb/radar_station/src/get_depth/include/get_depth_node.hpp:52:64:[m[K [01;31m[Kerror: [m[Kexpected ‘[01m[K;[m[K’ at end of member declaration
   52 |   rclcpp::Subscription<sensor_msgs::msg::PointCloud2ConstPtr>::[01;31m[KSharedPtr[m[K cloud_sub;
      |                                                                [01;31m[K^~~~~~~~~[m[K
      |                                                                         [32m[K;[m[K
[01m[K/home/mechax/zyb/radar_station/src/get_depth/include/get_depth_node.hpp:52:64:[m[K [01;31m[Kerror: [m[Kredeclaration of ‘[01m[Kint GetDepth::SharedPtr[m[K’
[01m[K/home/mechax/zyb/radar_station/src/get_depth/include/get_depth_node.hpp:40:49:[m[K [01;36m[Knote: [m[Kprevious declaration ‘[01m[Kint GetDepth::SharedPtr[m[K’
   40 |   rclcpp::Publisher<my_msgss::msg::dist_point>::[01;36m[KSharedPtr[m[K far_distancePointPub;
      |                                                 [01;36m[K^~~~~~~~~[m[K
[01m[K/home/mechax/zyb/radar_station/src/get_depth/include/get_depth_node.hpp:52:74:[m[K [01;31m[Kerror: [m[K‘[01m[Kcloud_sub[m[K’ does not name a type
   52 |   rclcpp::Subscription<sensor_msgs::msg::PointCloud2ConstPtr>::SharedPtr [01;31m[Kcloud_sub[m[K;
      |                                                                          [01;31m[K^~~~~~~~~[m[K
[01m[K/home/mechax/zyb/radar_station/src/get_depth/include/get_depth_node.hpp:53:39:[m[K [01;31m[Kerror: [m[K‘[01m[Kyolo_points[m[K’ is not a member of ‘[01m[Kmy_msgss::msg[m[K’; did you mean ‘[01m[KYolopoints[m[K’?
   53 |   rclcpp::Subscription<my_msgss::msg::[01;31m[Kyolo_points[m[K::ConstPtr>::SharedPtr far_yolo_sub;
      |                                       [01;31m[K^~~~~~~~~~~[m[K
      |                                       [32m[KYolopoints[m[K
[01m[K/home/mechax/zyb/radar_station/src/get_depth/include/get_depth_node.hpp:53:60:[m[K [01;31m[Kerror: [m[Ktemplate argument 1 is invalid
   53 |   rclcpp::Subscription<my_msgss::msg::yolo_points::ConstPtr[01;31m[K>[m[K::SharedPtr far_yolo_sub;
      |                                                            [01;31m[K^[m[K
[01m[K/home/mechax/zyb/radar_station/src/get_depth/include/get_depth_node.hpp:53:60:[m[K [01;31m[Kerror: [m[Ktemplate argument 3 is invalid
[01m[K/home/mechax/zyb/radar_station/src/get_depth/include/get_depth_node.hpp:53:60:[m[K [01;31m[Kerror: [m[Ktemplate argument 4 is invalid
[01m[K/home/mechax/zyb/radar_station/src/get_depth/include/get_depth_node.hpp:53:60:[m[K [01;31m[Kerror: [m[Ktemplate argument 5 is invalid
[01m[K/home/mechax/zyb/radar_station/src/get_depth/include/get_depth_node.hpp:53:63:[m[K [01;31m[Kerror: [m[Kexpected ‘[01m[K;[m[K’ at end of member declaration
   53 |   rclcpp::Subscription<my_msgss::msg::yolo_points::ConstPtr>::[01;31m[KSharedPtr[m[K far_yolo_sub;
      |                                                               [01;31m[K^~~~~~~~~[m[K
      |                                                                        [32m[K;[m[K
[01m[K/home/mechax/zyb/radar_station/src/get_depth/include/get_depth_node.hpp:53:63:[m[K [01;31m[Kerror: [m[Kredeclaration of ‘[01m[Kint GetDepth::SharedPtr[m[K’
[01m[K/home/mechax/zyb/radar_station/src/get_depth/include/get_depth_node.hpp:40:49:[m[K [01;36m[Knote: [m[Kprevious declaration ‘[01m[Kint GetDepth::SharedPtr[m[K’
   40 |   rclcpp::Publisher<my_msgss::msg::dist_point>::[01;36m[KSharedPtr[m[K far_distancePointPub;
      |                                                 [01;36m[K^~~~~~~~~[m[K
[01m[K/home/mechax/zyb/radar_station/src/get_depth/include/get_depth_node.hpp:53:73:[m[K [01;31m[Kerror: [m[K‘[01m[Kfar_yolo_sub[m[K’ does not name a type
   53 |   rclcpp::Subscription<my_msgss::msg::yolo_points::ConstPtr>::SharedPtr [01;31m[Kfar_yolo_sub[m[K;
      |                                                                         [01;31m[K^~~~~~~~~~~~[m[K
[01m[K/home/mechax/zyb/radar_station/src/get_depth/include/get_depth_node.hpp:54:39:[m[K [01;31m[Kerror: [m[K‘[01m[Kyolo_points[m[K’ is not a member of ‘[01m[Kmy_msgss::msg[m[K’; did you mean ‘[01m[KYolopoints[m[K’?
   54 |   rclcpp::Subscription<my_msgss::msg::[01;31m[Kyolo_points[m[K::ConstPtr>::SharedPtr close_yolo_sub;
      |                                       [01;31m[K^~~~~~~~~~~[m[K
      |                                       [32m[KYolopoints[m[K
[01m[K/home/mechax/zyb/radar_station/src/get_depth/include/get_depth_node.hpp:54:60:[m[K [01;31m[Kerror: [m[Ktemplate argument 1 is invalid
   54 |   rclcpp::Subscription<my_msgss::msg::yolo_points::ConstPtr[01;31m[K>[m[K::SharedPtr close_yolo_sub;
      |                                                            [01;31m[K^[m[K
[01m[K/home/mechax/zyb/radar_station/src/get_depth/include/get_depth_node.hpp:54:60:[m[K [01;31m[Kerror: [m[Ktemplate argument 3 is invalid
[01m[K/home/mechax/zyb/radar_station/src/get_depth/include/get_depth_node.hpp:54:60:[m[K [01;31m[Kerror: [m[Ktemplate argument 4 is invalid
[01m[K/home/mechax/zyb/radar_station/src/get_depth/include/get_depth_node.hpp:54:60:[m[K [01;31m[Kerror: [m[Ktemplate argument 5 is invalid
[01m[K/home/mechax/zyb/radar_station/src/get_depth/include/get_depth_node.hpp:54:63:[m[K [01;31m[Kerror: [m[Kexpected ‘[01m[K;[m[K’ at end of member declaration
   54 |   rclcpp::Subscription<my_msgss::msg::yolo_points::ConstPtr>::[01;31m[KSharedPtr[m[K close_yolo_sub;
      |                                                               [01;31m[K^~~~~~~~~[m[K
      |                                                                        [32m[K;[m[K
[01m[K/home/mechax/zyb/radar_station/src/get_depth/include/get_depth_node.hpp:54:63:[m[K [01;31m[Kerror: [m[Kredeclaration of ‘[01m[Kint GetDepth::SharedPtr[m[K’
[01m[K/home/mechax/zyb/radar_station/src/get_depth/include/get_depth_node.hpp:40:49:[m[K [01;36m[Knote: [m[Kprevious declaration ‘[01m[Kint GetDepth::SharedPtr[m[K’
   40 |   rclcpp::Publisher<my_msgss::msg::dist_point>::[01;36m[KSharedPtr[m[K far_distancePointPub;
      |                                                 [01;36m[K^~~~~~~~~[m[K
[01m[K/home/mechax/zyb/radar_station/src/get_depth/include/get_depth_node.hpp:54:73:[m[K [01;31m[Kerror: [m[K‘[01m[Kclose_yolo_sub[m[K’ does not name a type
   54 |   rclcpp::Subscription<my_msgss::msg::yolo_points::ConstPtr>::SharedPtr [01;31m[Kclose_yolo_sub[m[K;
      |                                                                         [01;31m[K^~~~~~~~~~~~~~[m[K
[01m[K/home/mechax/zyb/radar_station/src/get_depth/include/get_depth_node.hpp:55:3:[m[K [01;31m[Kerror: [m[K‘[01m[KrCLCPP[m[K’ does not name a type
   55 |   [01;31m[KrCLCPP[m[K::Subscription<my_msgss::msg::points>::SharedPtr outpost_Sub;
      |   [01;31m[K^~~~~~[m[K
[01m[K/home/mechax/zyb/radar_station/src/get_depth/include/get_depth_node.hpp:57:2:[m[K [01;31m[Kerror: [m[Kexpected ‘[01m[K;[m[K’ after class definition
   57 | }
      |  [01;31m[K^[m[K
      |  [32m[K;[m[K
[01m[K/home/mechax/zyb/radar_station/src/get_depth/src/get_depth_node.cpp:77:5:[m[K [01;31m[Kerror: [m[Kexpected initializer before ‘[01m[KGetDepth[m[K’
   77 | Mat [01;31m[KGetDepth[m[K::Cloud2Mat(const pcl::PointCloud<pcl::PointXYZ>::Ptr &input) {
      |     [01;31m[K^~~~~~~~[m[K
[01m[K/home/mechax/zyb/radar_station/src/get_depth/src/get_depth_node.cpp:94:6:[m[K [01;31m[Kerror: [m[Kno declaration matches ‘[01m[Kvoid GetDepth::MatProject(cv::Mat&, cv::Mat&, cv::Mat&, cv::Mat&)[m[K’
   94 | void [01;31m[KGetDepth[m[K::MatProject(Mat &input_depth, Mat &input_uv, Mat &Cam_matrix, Mat &Uni_matrix) {
      |      [01;31m[K^~~~~~~~[m[K
In file included from [01m[K/home/mechax/zyb/radar_station/src/get_depth/src/get_depth_node.cpp:4[m[K:
[01m[K/home/mechax/zyb/radar_station/src/get_depth/include/get_depth_node.hpp:32:8:[m[K [01;36m[Knote: [m[Kcandidate is: ‘[01m[Kvoid GetDepth::MatProject(int&, int&, int&, int&)[m[K’
   32 |   void [01;36m[KMatProject[m[K(Mat &input_depth, Mat &input_uv, Mat &Cam_matrix, Mat &Uni_matrix);
      |        [01;36m[K^~~~~~~~~~[m[K
[01m[K/home/mechax/zyb/radar_station/src/get_depth/include/get_depth_node.hpp:20:7:[m[K [01;36m[Knote: [m[K‘[01m[Kclass GetDepth[m[K’ defined here
   20 | class [01;36m[KGetDepth[m[K : public::rclcpp::Node
      |       [01;36m[K^~~~~~~~[m[K
[01m[K/home/mechax/zyb/radar_station/src/get_depth/src/get_depth_node.cpp:110:55:[m[K [01;31m[Kerror: [m[K‘[01m[Kdist_points[m[K’ in namespace ‘[01m[Kmy_msgss::msg[m[K’ does not name a type; did you mean ‘[01m[KDistpoints[m[K’?
  110 | void GetDepth::frame_point_match(const my_msgss::msg::[01;31m[Kdist_points[m[K &last_frame, my_msgss::msg::dist_points &this_frame) {
      |                                                       [01;31m[K^~~~~~~~~~~[m[K
      |                                                       [32m[KDistpoints[m[K
[01m[K/home/mechax/zyb/radar_station/src/get_depth/src/get_depth_node.cpp:110:80:[m[K [01;31m[Kerror: [m[K‘[01m[Kmy_msgss::msg::dist_points[m[K’ has not been declared
  110 | void GetDepth::frame_point_match(const my_msgss::msg::dist_points &last_frame, [01;31m[Kmy_msgss[m[K::msg::dist_points &this_frame) {
      |                                                                                [01;31m[K^~~~~~~~[m[K
[01m[K/home/mechax/zyb/radar_station/src/get_depth/src/get_depth_node.cpp:[m[K In member function ‘[01m[Kvoid GetDepth::frame_point_match(const int&, int&)[m[K’:
[01m[K/home/mechax/zyb/radar_station/src/get_depth/src/get_depth_node.cpp:112:36:[m[K [01;31m[Kerror: [m[Krequest for member ‘[01m[Kdata[m[K’ in ‘[01m[Kthis_frame[m[K’, which is of non-class type ‘[01m[Kint[m[K’
  112 |     for (int k = 0; k < this_frame.[01;31m[Kdata[m[K.size(); k++) {
      |                                    [01;31m[K^~~~[m[K
[01m[K/home/mechax/zyb/radar_station/src/get_depth/src/get_depth_node.cpp:113:34:[m[K [01;31m[Kerror: [m[Krequest for member ‘[01m[Kdata[m[K’ in ‘[01m[Klast_frame[m[K’, which is of non-class type ‘[01m[Kconst int[m[K’
  113 |         for (auto &i: last_frame.[01;31m[Kdata[m[K) {
      |                                  [01;31m[K^~~~[m[K
[01m[K/home/mechax/zyb/radar_station/src/get_depth/src/get_depth_node.cpp:114:35:[m[K [01;31m[Kerror: [m[Krequest for member ‘[01m[Kdata[m[K’ in ‘[01m[Kthis_frame[m[K’, which is of non-class type ‘[01m[Kint[m[K’
  114 |             if ((i.x - this_frame.[01;31m[Kdata[m[K[k].x > -50 && i.x - this_frame.data[k].x < 50) &&
      |                                   [01;31m[K^~~~[m[K
[01m[K/home/mechax/zyb/radar_station/src/get_depth/src/get_depth_node.cpp:114:71:[m[K [01;31m[Kerror: [m[Krequest for member ‘[01m[Kdata[m[K’ in ‘[01m[Kthis_frame[m[K’, which is of non-class type ‘[01m[Kint[m[K’
  114 |             if ((i.x - this_frame.data[k].x > -50 && i.x - this_frame.[01;31m[Kdata[m[K[k].x < 50) &&
      |                                                                       [01;31m[K^~~~[m[K
[01m[K/home/mechax/zyb/radar_station/src/get_depth/src/get_depth_node.cpp:115:35:[m[K [01;31m[Kerror: [m[Krequest for member ‘[01m[Kdata[m[K’ in ‘[01m[Kthis_frame[m[K’, which is of non-class type ‘[01m[Kint[m[K’
  115 |                 (i.y - this_frame.[01;31m[Kdata[m[K[k].y < 50 && i.y - this_frame.data[k].y > -50)) {
      |                                   [01;31m[K^~~~[m[K
[01m[K/home/mechax/zyb/radar_station/src/get_depth/src/get_depth_node.cpp:115:70:[m[K [01;31m[Kerror: [m[Krequest for member ‘[01m[Kdata[m[K’ in ‘[01m[Kthis_frame[m[K’, which is of non-class type ‘[01m[Kint[m[K’
  115 |                 (i.y - this_frame.data[k].y < 50 && i.y - this_frame.[01;31m[Kdata[m[K[k].y > -50)) {
      |                                                                      [01;31m[K^~~~[m[K
[01m[K/home/mechax/zyb/radar_station/src/get_depth/src/get_depth_node.cpp:116:28:[m[K [01;31m[Kerror: [m[Krequest for member ‘[01m[Kdata[m[K’ in ‘[01m[Kthis_frame[m[K’, which is of non-class type ‘[01m[Kint[m[K’
  116 |                 this_frame.[01;31m[Kdata[m[K[k].last_dist = i.dist;
      |                            [01;31m[K^~~~[m[K
[01m[K/home/mechax/zyb/radar_station/src/get_depth/src/get_depth_node.cpp:120:44:[m[K [01;31m[Kerror: [m[Krequest for member ‘[01m[Kdata[m[K’ in ‘[01m[Kthis_frame[m[K’, which is of non-class type ‘[01m[Kint[m[K’
  120 |         if (match_suc_flag == 0)this_frame.[01;31m[Kdata[m[K[k].last_dist = this_frame.data[k].dist;
      |                                            [01;31m[K^~~~[m[K
[01m[K/home/mechax/zyb/radar_station/src/get_depth/src/get_depth_node.cpp:120:75:[m[K [01;31m[Kerror: [m[Krequest for member ‘[01m[Kdata[m[K’ in ‘[01m[Kthis_frame[m[K’, which is of non-class type ‘[01m[Kint[m[K’
  120 |         if (match_suc_flag == 0)this_frame.data[k].last_dist = this_frame.[01;31m[Kdata[m[K[k].dist;
      |                                                                           [01;31m[K^~~~[m[K
[01m[K/home/mechax/zyb/radar_station/src/get_depth/src/get_depth_node.cpp:[m[K At global scope:
[01m[K/home/mechax/zyb/radar_station/src/get_depth/src/get_depth_node.cpp:126:54:[m[K [01;31m[Kerror: [m[K‘[01m[Kyolo_points[m[K’ in namespace ‘[01m[Kmy_msgss::msg[m[K’ does not name a type; did you mean ‘[01m[KYolopoints[m[K’?
  126 | void GetDepth::far_yoloCallback(const my_msgss::msg::[01;31m[Kyolo_points[m[K::ConstPtr &input) {
      |                                                      [01;31m[K^~~~~~~~~~~[m[K
      |                                                      [32m[KYolopoints[m[K
[01m[K/home/mechax/zyb/radar_station/src/get_depth/src/get_depth_node.cpp:126:76:[m[K [01;31m[Kerror: [m[Kexpected unqualified-id before ‘[01m[K&[m[K’ token
  126 | void GetDepth::far_yoloCallback(const my_msgss::msg::yolo_points::ConstPtr [01;31m[K&[m[Kinput) {
      |                                                                            [01;31m[K^[m[K
[01m[K/home/mechax/zyb/radar_station/src/get_depth/src/get_depth_node.cpp:126:75:[m[K [01;31m[Kerror: [m[Kexpected ‘[01m[K)[m[K’ before ‘[01m[K&[m[K’ token
  126 | void GetDepth::far_yoloCallback[34m[K([m[Kconst my_msgss::msg::yolo_points::ConstPtr[01;31m[K [m[K[32m[K&[m[Kinput) {
      |                                [34m[K~[m[K                                          [01;31m[K^[m[K[32m[K~[m[K
      |                                                                           [32m[K)[m[K
[01m[K/home/mechax/zyb/radar_station/src/get_depth/src/get_depth_node.cpp:126:77:[m[K [01;31m[Kerror: [m[Kexpected initializer before ‘[01m[Kinput[m[K’
  126 | void GetDepth::far_yoloCallback(const my_msgss::msg::yolo_points::ConstPtr &[01;31m[Kinput[m[K) {
      |                                                                             [01;31m[K^~~~~[m[K
[01m[K/home/mechax/zyb/radar_station/src/get_depth/src/get_depth_node.cpp:185:56:[m[K [01;31m[Kerror: [m[K‘[01m[Kyolo_points[m[K’ in namespace ‘[01m[Kmy_msgss::msg[m[K’ does not name a type; did you mean ‘[01m[KYolopoints[m[K’?
  185 | void GetDepth::close_yoloCallback(const my_msgss::msg::[01;31m[Kyolo_points[m[K::ConstPtr &input) {
      |                                                        [01;31m[K^~~~~~~~~~~[m[K
      |                                                        [32m[KYolopoints[m[K
[01m[K/home/mechax/zyb/radar_station/src/get_depth/src/get_depth_node.cpp:185:78:[m[K [01;31m[Kerror: [m[Kexpected unqualified-id before ‘[01m[K&[m[K’ token
  185 | void GetDepth::close_yoloCallback(const my_msgss::msg::yolo_points::ConstPtr [01;31m[K&[m[Kinput) {
      |                                                                              [01;31m[K^[m[K
[01m[K/home/mechax/zyb/radar_station/src/get_depth/src/get_depth_node.cpp:185:77:[m[K [01;31m[Kerror: [m[Kexpected ‘[01m[K)[m[K’ before ‘[01m[K&[m[K’ token
  185 | void GetDepth::close_yoloCallback[34m[K([m[Kconst my_msgss::msg::yolo_points::ConstPtr[01;31m[K [m[K[32m[K&[m[Kinput) {
      |                                  [34m[K~[m[K                                          [01;31m[K^[m[K[32m[K~[m[K
      |                                                                             [32m[K)[m[K
[01m[K/home/mechax/zyb/radar_station/src/get_depth/src/get_depth_node.cpp:185:79:[m[K [01;31m[Kerror: [m[Kexpected initializer before ‘[01m[Kinput[m[K’
  185 | void GetDepth::close_yoloCallback(const my_msgss::msg::yolo_points::ConstPtr &[01;31m[Kinput[m[K) {
      |                                                                               [01;31m[K^~~~~[m[K
[01m[K/home/mechax/zyb/radar_station/src/get_depth/src/get_depth_node.cpp:257:59:[m[K [01;31m[Kerror: [m[K‘[01m[KPointCloud2ConstPtr[m[K’ in namespace ‘[01m[Ksensor_msgs::msg[m[K’ does not name a type
  257 | void GetDepth::pointCloudCallback(const sensor_msgs::msg::[01;31m[KPointCloud2ConstPtr[m[K &input) {
      |                                                           [01;31m[K^~~~~~~~~~~~~~~~~~~[m[K
[01m[K/home/mechax/zyb/radar_station/src/get_depth/src/get_depth_node.cpp:[m[K In member function ‘[01m[Kvoid GetDepth::pointCloudCallback(const int&)[m[K’:
[01m[K/home/mechax/zyb/radar_station/src/get_depth/src/get_depth_node.cpp:259:10:[m[K [01;31m[Kerror: [m[K‘[01m[KfromROSMsg[m[K’ is not a member of ‘[01m[Kpcl[m[K’
  259 |     pcl::[01;31m[KfromROSMsg[m[K(*input, *cloud);
      |          [01;31m[K^~~~~~~~~~[m[K
[01m[K/home/mechax/zyb/radar_station/src/get_depth/src/get_depth_node.cpp:259:21:[m[K [01;31m[Kerror: [m[Kinvalid type argument of unary ‘[01m[K*[m[K’ (have ‘[01m[Kint[m[K’)
  259 |     pcl::fromROSMsg([01;31m[K*input[m[K, *cloud);
      |                     [01;31m[K^~~~~~[m[K
[01m[K/home/mechax/zyb/radar_station/src/get_depth/src/get_depth_node.cpp:[m[K At global scope:
[01m[K/home/mechax/zyb/radar_station/src/get_depth/src/get_depth_node.cpp:265:54:[m[K [01;31m[Kerror: [m[K‘[01m[Kpoints[m[K’ in namespace ‘[01m[Kmy_msgss::msg[m[K’ does not name a type; did you mean ‘[01m[KPoints[m[K’?
  265 | void GetDepth::outpost_Callback(const my_msgss::msg::[01;31m[Kpoints[m[K &outpost) {
      |                                                      [01;31m[K^~~~~~[m[K
      |                                                      [32m[KPoints[m[K
[01m[K/home/mechax/zyb/radar_station/src/get_depth/src/get_depth_node.cpp:[m[K In member function ‘[01m[Kvoid GetDepth::outpost_Callback(const int&)[m[K’:
[01m[K/home/mechax/zyb/radar_station/src/get_depth/src/get_depth_node.cpp:267:31:[m[K [01;31m[Kerror: [m[Krequest for member ‘[01m[Kdata[m[K’ in ‘[01m[Koutpost[m[K’, which is of non-class type ‘[01m[Kconst int[m[K’
  267 |     outpost_point.x = outpost.[01;31m[Kdata[m[K[0].x * 1280;
      |                               [01;31m[K^~~~[m[K
[01m[K/home/mechax/zyb/radar_station/src/get_depth/src/get_depth_node.cpp:268:31:[m[K [01;31m[Kerror: [m[Krequest for member ‘[01m[Kdata[m[K’ in ‘[01m[Koutpost[m[K’, which is of non-class type ‘[01m[Kconst int[m[K’
  268 |     outpost_point.y = outpost.[01;31m[Kdata[m[K[0].y * 1024;
      |                               [01;31m[K^~~~[m[K
[01m[K/home/mechax/zyb/radar_station/src/get_depth/src/get_depth_node.cpp:[m[K At global scope:
[01m[K/home/mechax/zyb/radar_station/src/get_depth/src/get_depth_node.cpp:278:84:[m[K [01;31m[Kerror: [m[K‘[01m[Kmy_msgss::msg::yolo_point[m[K’ has not been declared
  278 | float GetDepth::getDepthInRect(Rect rect, vector<Mat> &depth_queue, my_msgss::msg::[01;31m[Kyolo_point[m[K::_id_type id) {
      |                                                                                    [01;31m[K^~~~~~~~~~[m[K
[01m[K/home/mechax/zyb/radar_station/src/get_depth/src/get_depth_node.cpp:278:105:[m[K [01;31m[Kerror: [m[Kexpected ‘[01m[K,[m[K’ or ‘[01m[K...[m[K’ before ‘[01m[Kid[m[K’
  278 | etDepth::getDepthInRect(Rect rect, vector<Mat> &depth_queue, my_msgss::msg::yolo_point::_id_type [01;31m[Kid[m[K) {
      |                                                                                                  [01;31m[K^~[m[K

[01m[K/home/mechax/zyb/radar_station/src/get_depth/src/get_depth_node.cpp:278:7:[m[K [01;31m[Kerror: [m[Kno declaration matches ‘[01m[Kfloat GetDepth::getDepthInRect(cv::Rect, std::vector<cv::Mat>&, int)[m[K’
  278 | float [01;31m[KGetDepth[m[K::getDepthInRect(Rect rect, vector<Mat> &depth_queue, my_msgss::msg::yolo_point::_id_type id) {
      |       [01;31m[K^~~~~~~~[m[K
In file included from [01m[K/home/mechax/zyb/radar_station/src/get_depth/src/get_depth_node.cpp:4[m[K:
[01m[K/home/mechax/zyb/radar_station/src/get_depth/include/get_depth_node.hpp:38:9:[m[K [01;36m[Knote: [m[Kcandidate is: ‘[01m[Kfloat GetDepth::getDepthInRect(int, int)[m[K’
   38 |   float [01;36m[KgetDepthInRect[m[K(Rect rect, vector<Mat> &depth_queue, radar_msgs::msg::yolo_point::_id_type id);//得到ROI中点的深度
      |         [01;36m[K^~~~~~~~~~~~~~[m[K
[01m[K/home/mechax/zyb/radar_station/src/get_depth/include/get_depth_node.hpp:20:7:[m[K [01;36m[Knote: [m[K‘[01m[Kclass GetDepth[m[K’ defined here
   20 | class [01;36m[KGetDepth[m[K : public::rclcpp::Node
      |       [01;36m[K^~~~~~~~[m[K
[01m[K/home/mechax/zyb/radar_station/src/get_depth/src/get_depth_node.cpp:[m[K In function ‘[01m[Kint main(int, char**)[m[K’:
[01m[K/home/mechax/zyb/radar_station/src/get_depth/src/get_depth_node.cpp:331:5:[m[K [01;31m[Kerror: [m[K‘[01m[Kcloud_sub[m[K’ was not declared in this scope
  331 |     [01;31m[Kcloud_sub[m[K = this->create_subscription<sensor_msgs::msg::PointCloud2ConstPtr>("/livox/lidar", 1, std::bind(&GetDepth::pointCloudCallback, this, std::placeholders::_1));
      |     [01;31m[K^~~~~~~~~[m[K
[01m[K/home/mechax/zyb/radar_station/src/get_depth/src/get_depth_node.cpp:331:17:[m[K [01;31m[Kerror: [m[Kinvalid use of ‘[01m[Kthis[m[K’ in non-member function
  331 |     cloud_sub = [01;31m[Kthis[m[K->create_subscription<sensor_msgs::msg::PointCloud2ConstPtr>("/livox/lidar", 1, std::bind(&GetDepth::pointCloudCallback, this, std::placeholders::_1));
      |                 [01;31m[K^~~~[m[K
[01m[K/home/mechax/zyb/radar_station/src/get_depth/src/get_depth_node.cpp:331:61:[m[K [01;31m[Kerror: [m[K‘[01m[KPointCloud2ConstPtr[m[K’ is not a member of ‘[01m[Ksensor_msgs::msg[m[K’
  331 |     cloud_sub = this->create_subscription<sensor_msgs::msg::[01;31m[KPointCloud2ConstPtr[m[K>("/livox/lidar", 1, std::bind(&GetDepth::pointCloudCallback, this, std::placeholders::_1));
      |                                                             [01;31m[K^~~~~~~~~~~~~~~~~~~[m[K
[01m[K/home/mechax/zyb/radar_station/src/get_depth/src/get_depth_node.cpp:331:82:[m[K [01;35m[Kwarning: [m[Kleft operand of comma operator has no effect [[01;35m[K]8;;https://gcc.gnu.org/onlinedocs/gcc/Warning-Options.html#index-Wunused-value-Wunused-value]8;;[m[K]
  331 |     cloud_sub = this->create_subscription<sensor_msgs::msg::PointCloud2ConstPtr>([01;35m[K"/livox/lidar"[m[K, 1, std::bind(&GetDepth::pointCloudCallback, this, std::placeholders::_1));
      |                                                                                  [01;35m[K^~~~~~~~~~~~~~[m[K
[01m[K/home/mechax/zyb/radar_station/src/get_depth/src/get_depth_node.cpp:331:122:[m[K [01;31m[Kerror: [m[K‘[01m[Kvoid GetDepth::pointCloudCallback(const int&)[m[K’ is private within this context
  331 | ubscription<sensor_msgs::msg::PointCloud2ConstPtr>("/livox/lidar", 1, std::bind(&GetDepth::[01;31m[KpointCloudCallback[m[K, this, std::placeholders::_1));
      |                                                                                            [01;31m[K^~~~~~~~~~~~~~~~~~[m[K

[01m[K/home/mechax/zyb/radar_station/src/get_depth/src/get_depth_node.cpp:257:6:[m[K [01;36m[Knote: [m[Kdeclared private here
  257 | void [01;36m[KGetDepth[m[K::pointCloudCallback(const sensor_msgs::msg::PointCloud2ConstPtr &input) {
      |      [01;36m[K^~~~~~~~[m[K
[01m[K/home/mechax/zyb/radar_station/src/get_depth/src/get_depth_node.cpp:331:142:[m[K [01;31m[Kerror: [m[Kinvalid use of ‘[01m[Kthis[m[K’ in non-member function
  331 | sgs::msg::PointCloud2ConstPtr>("/livox/lidar", 1, std::bind(&GetDepth::pointCloudCallback, [01;31m[Kthis[m[K, std::placeholders::_1));
      |                                                                                            [01;31m[K^~~~[m[K

[01m[K/home/mechax/zyb/radar_station/src/get_depth/src/get_depth_node.cpp:332:5:[m[K [01;31m[Kerror: [m[K‘[01m[Kfar_yolo_sub[m[K’ was not declared in this scope
  332 |     [01;31m[Kfar_yolo_sub[m[K = this->create_subscription<my_msgss::msg::yolo_points::ConstPtr>("/far_rectangles", 1, std::bind(&GetDepth::far_yoloCallback, this, std::placeholders::_1));
      |     [01;31m[K^~~~~~~~~~~~[m[K
[01m[K/home/mechax/zyb/radar_station/src/get_depth/src/get_depth_node.cpp:332:20:[m[K [01;31m[Kerror: [m[Kinvalid use of ‘[01m[Kthis[m[K’ in non-member function
  332 |     far_yolo_sub = [01;31m[Kthis[m[K->create_subscription<my_msgss::msg::yolo_points::ConstPtr>("/far_rectangles", 1, std::bind(&GetDepth::far_yoloCallback, this, std::placeholders::_1));
      |                    [01;31m[K^~~~[m[K
[01m[K/home/mechax/zyb/radar_station/src/get_depth/src/get_depth_node.cpp:332:61:[m[K [01;31m[Kerror: [m[K‘[01m[Kmy_msgss::msg::yolo_points[m[K’ has not been declared
  332 |     far_yolo_sub = this->create_subscription<my_msgss::msg::[01;31m[Kyolo_points[m[K::ConstPtr>("/far_rectangles", 1, std::bind(&GetDepth::far_yoloCallback, this, std::placeholders::_1));
      |                                                             [01;31m[K^~~~~~~~~~~[m[K
[01m[K/home/mechax/zyb/radar_station/src/get_depth/src/get_depth_node.cpp:332:84:[m[K [01;35m[Kwarning: [m[Kleft operand of comma operator has no effect [[01;35m[K]8;;https://gcc.gnu.org/onlinedocs/gcc/Warning-Options.html#index-Wunused-value-Wunused-value]8;;[m[K]
  332 |     far_yolo_sub = this->create_subscription<my_msgss::msg::yolo_points::ConstPtr>([01;35m[K"/far_rectangles"[m[K, 1, std::bind(&GetDepth::far_yoloCallback, this, std::placeholders::_1));
      |                                                                                    [01;35m[K^~~~~~~~~~~~~~~~~[m[K
[01m[K/home/mechax/zyb/radar_station/src/get_depth/src/get_depth_node.cpp:332:127:[m[K [01;31m[Kerror: [m[K‘[01m[Kvoid GetDepth::far_yoloCallback(...) &[m[K’ is private within this context
  332 | scription<my_msgss::msg::yolo_points::ConstPtr>("/far_rectangles", 1, std::bind(&GetDepth::[01;31m[Kfar_yoloCallback[m[K, this, std::placeholders::_1));
      |                                                                                            [01;31m[K^~~~~~~~~~~~~~~~[m[K

In file included from [01m[K/home/mechax/zyb/radar_station/src/get_depth/src/get_depth_node.cpp:4[m[K:
[01m[K/home/mechax/zyb/radar_station/src/get_depth/include/get_depth_node.hpp:34:8:[m[K [01;36m[Knote: [m[Kdeclared private here
   34 |   void [01;36m[Kfar_yoloCallback[m[K(const my_msgss::msg::yolo_points::ConstPtr &input);
      |        [01;36m[K^~~~~~~~~~~~~~~~[m[K
[01m[K/home/mechax/zyb/radar_station/src/get_depth/src/get_depth_node.cpp:332:145:[m[K [01;31m[Kerror: [m[Kinvalid use of ‘[01m[Kthis[m[K’ in non-member function
  332 | ::msg::yolo_points::ConstPtr>("/far_rectangles", 1, std::bind(&GetDepth::far_yoloCallback, [01;31m[Kthis[m[K, std::placeholders::_1));
      |                                                                                            [01;31m[K^~~~[m[K

[01m[K/home/mechax/zyb/radar_station/src/get_depth/src/get_depth_node.cpp:333:5:[m[K [01;31m[Kerror: [m[K‘[01m[Kclose_yolo_sub[m[K’ was not declared in this scope
  333 |     [01;31m[Kclose_yolo_sub[m[K = this->create_subscription<my_msgss::msg::yolo_points::ConstPtr>("/close_rectangles", 1, std::bind(&GetDepth::close_yoloCallback, this, std::placeholders::_1));
      |     [01;31m[K^~~~~~~~~~~~~~[m[K
[01m[K/home/mechax/zyb/radar_station/src/get_depth/src/get_depth_node.cpp:333:22:[m[K [01;31m[Kerror: [m[Kinvalid use of ‘[01m[Kthis[m[K’ in non-member function
  333 |     close_yolo_sub = [01;31m[Kthis[m[K->create_subscription<my_msgss::msg::yolo_points::ConstPtr>("/close_rectangles", 1, std::bind(&GetDepth::close_yoloCallback, this, std::placeholders::_1));
      |                      [01;31m[K^~~~[m[K
[01m[K/home/mechax/zyb/radar_station/src/get_depth/src/get_depth_node.cpp:333:63:[m[K [01;31m[Kerror: [m[K‘[01m[Kmy_msgss::msg::yolo_points[m[K’ has not been declared
  333 |     close_yolo_sub = this->create_subscription<my_msgss::msg::[01;31m[Kyolo_points[m[K::ConstPtr>("/close_rectangles", 1, std::bind(&GetDepth::close_yoloCallback, this, std::placeholders::_1));
      |                                                               [01;31m[K^~~~~~~~~~~[m[K
[01m[K/home/mechax/zyb/radar_station/src/get_depth/src/get_depth_node.cpp:333:86:[m[K [01;35m[Kwarning: [m[Kleft operand of comma operator has no effect [[01;35m[K]8;;https://gcc.gnu.org/onlinedocs/gcc/Warning-Options.html#index-Wunused-value-Wunused-value]8;;[m[K]
  333 |     close_yolo_sub = this->create_subscription<my_msgss::msg::yolo_points::ConstPtr>([01;35m[K"/close_rectangles"[m[K, 1, std::bind(&GetDepth::close_yoloCallback, this, std::placeholders::_1));
      |                                                                                      [01;35m[K^~~~~~~~~~~~~~~~~~~[m[K
[01m[K/home/mechax/zyb/radar_station/src/get_depth/src/get_depth_node.cpp:333:131:[m[K [01;31m[Kerror: [m[K‘[01m[Kvoid GetDepth::close_yoloCallback(...) &[m[K’ is private within this context
  333 | ription<my_msgss::msg::yolo_points::ConstPtr>("/close_rectangles", 1, std::bind(&GetDepth::[01;31m[Kclose_yoloCallback[m[K, this, std::placeholders::_1));
      |                                                                                            [01;31m[K^~~~~~~~~~~~~~~~~~[m[K

In file included from [01m[K/home/mechax/zyb/radar_station/src/get_depth/src/get_depth_node.cpp:4[m[K:
[01m[K/home/mechax/zyb/radar_station/src/get_depth/include/get_depth_node.hpp:35:8:[m[K [01;36m[Knote: [m[Kdeclared private here
   35 |   void [01;36m[Kclose_yoloCallback[m[K(const my_msgss::msg::yolo_points::ConstPtr &input);
      |        [01;36m[K^~~~~~~~~~~~~~~~~~[m[K
[01m[K/home/mechax/zyb/radar_station/src/get_depth/src/get_depth_node.cpp:333:151:[m[K [01;31m[Kerror: [m[Kinvalid use of ‘[01m[Kthis[m[K’ in non-member function
  333 | g::yolo_points::ConstPtr>("/close_rectangles", 1, std::bind(&GetDepth::close_yoloCallback, [01;31m[Kthis[m[K, std::placeholders::_1));
      |                                                                                            [01;31m[K^~~~[m[K

[01m[K/home/mechax/zyb/radar_station/src/get_depth/src/get_depth_node.cpp:334:5:[m[K [01;31m[Kerror: [m[K‘[01m[Koutpost_Sub[m[K’ was not declared in this scope; did you mean ‘[01m[Koutpost_point[m[K’?
  334 |     [01;31m[Koutpost_Sub[m[K = this->create_subscription<my_msgss::msg::points>("/sensor_far/calibration", 1, std::bind(&GetDepth::outpost_Callback, this, std::placeholders::_1));
      |     [01;31m[K^~~~~~~~~~~[m[K
      |     [32m[Koutpost_point[m[K
[01m[K/home/mechax/zyb/radar_station/src/get_depth/src/get_depth_node.cpp:334:19:[m[K [01;31m[Kerror: [m[Kinvalid use of ‘[01m[Kthis[m[K’ in non-member function
  334 |     outpost_Sub = [01;31m[Kthis[m[K->create_subscription<my_msgss::msg::points>("/sensor_far/calibration", 1, std::bind(&GetDepth::outpost_Callback, this, std::placeholders::_1));
      |                   [01;31m[K^~~~[m[K
[01m[K/home/mechax/zyb/radar_station/src/get_depth/src/get_depth_node.cpp:334:60:[m[K [01;31m[Kerror: [m[K‘[01m[Kpoints[m[K’ is not a member of ‘[01m[Kmy_msgss::msg[m[K’; did you mean ‘[01m[KPoints[m[K’?
  334 |     outpost_Sub = this->create_subscription<my_msgss::msg::[01;31m[Kpoints[m[K>("/sensor_far/calibration", 1, std::bind(&GetDepth::outpost_Callback, this, std::placeholders::_1));
      |                                                            [01;31m[K^~~~~~[m[K
      |                                                            [32m[KPoints[m[K
[01m[K/home/mechax/zyb/radar_station/src/get_depth/src/get_depth_node.cpp:334:68:[m[K [01;35m[Kwarning: [m[Kleft operand of comma operator has no effect [[01;35m[K]8;;https://gcc.gnu.org/onlinedocs/gcc/Warning-Options.html#index-Wunused-value-Wunused-value]8;;[m[K]
  334 |     outpost_Sub = this->create_subscription<my_msgss::msg::points>([01;35m[K"/sensor_far/calibration"[m[K, 1, std::bind(&GetDepth::outpost_Callback, this, std::placeholders::_1));
      |                                                                    [01;35m[K^~~~~~~~~~~~~~~~~~~~~~~~~[m[K
[01m[K/home/mechax/zyb/radar_station/src/get_depth/src/get_depth_node.cpp:334:119:[m[K [01;31m[Kerror: [m[K‘[01m[Kvoid GetDepth::outpost_Callback(const int&)[m[K’ is private within this context
  334 | ate_subscription<my_msgss::msg::points>("/sensor_far/calibration", 1, std::bind(&GetDepth::[01;31m[Koutpost_Callback[m[K, this, std::placeholders::_1));
      |                                                                                            [01;31m[K^~~~~~~~~~~~~~~~[m[K

[01m[K/home/mechax/zyb/radar_station/src/get_depth/src/get_depth_node.cpp:265:6:[m[K [01;36m[Knote: [m[Kdeclared private here
  265 | void [01;36m[KGetDepth[m[K::outpost_Callback(const my_msgss::msg::points &outpost) {
      |      [01;36m[K^~~~~~~~[m[K
[01m[K/home/mechax/zyb/radar_station/src/get_depth/src/get_depth_node.cpp:334:137:[m[K [01;31m[Kerror: [m[Kinvalid use of ‘[01m[Kthis[m[K’ in non-member function
  334 | y_msgss::msg::points>("/sensor_far/calibration", 1, std::bind(&GetDepth::outpost_Callback, [01;31m[Kthis[m[K, std::placeholders::_1));
      |                                                                                            [01;31m[K^~~~[m[K

gmake[2]: *** [CMakeFiles/get_depth_node.dir/build.make:76: CMakeFiles/get_depth_node.dir/src/get_depth_node.cpp.o] Error 1
gmake[1]: *** [CMakeFiles/Makefile2:137: CMakeFiles/get_depth_node.dir/all] Error 2
gmake: *** [Makefile:146: all] Error 2
