[0.121s] Invoking command in '/home/mechax/zyb/radar_station/build/Game_Map': AMENT_PREFIX_PATH=/home/mechax/zyb/radar_station/install/my_msgss:${AMENT_PREFIX_PATH} CMAKE_PREFIX_PATH=/home/mechax/zyb/radar_station/install/my_msgss:/home/mechax/ws_livox/install/livox_ros2_driver:/home/mechax/ws_livox/install/livox_sdk_vendor:/home/mechax/ws_livox/install/livox_interfaces:/opt/ros/humble LD_LIBRARY_PATH=/home/mechax/zyb/radar_station/install/my_msgss/lib:${LD_LIBRARY_PATH} PYTHONPATH=/home/mechax/zyb/radar_station/install/my_msgss/local/lib/python3.10/dist-packages:${PYTHONPATH} /usr/bin/cmake --build /home/mechax/zyb/radar_station/build/Game_Map -- -j16 -l16
[0.160s] [100%] Built target Game_Map
[0.172s] Invoked command in '/home/mechax/zyb/radar_station/build/Game_Map' returned '0': AMENT_PREFIX_PATH=/home/mechax/zyb/radar_station/install/my_msgss:${AMENT_PREFIX_PATH} CMAKE_PREFIX_PATH=/home/mechax/zyb/radar_station/install/my_msgss:/home/mechax/ws_livox/install/livox_ros2_driver:/home/mechax/ws_livox/install/livox_sdk_vendor:/home/mechax/ws_livox/install/livox_interfaces:/opt/ros/humble LD_LIBRARY_PATH=/home/mechax/zyb/radar_station/install/my_msgss/lib:${LD_LIBRARY_PATH} PYTHONPATH=/home/mechax/zyb/radar_station/install/my_msgss/local/lib/python3.10/dist-packages:${PYTHONPATH} /usr/bin/cmake --build /home/mechax/zyb/radar_station/build/Game_Map -- -j16 -l16
[0.190s] Invoking command in '/home/mechax/zyb/radar_station/build/Game_Map': AMENT_PREFIX_PATH=/home/mechax/zyb/radar_station/install/my_msgss:${AMENT_PREFIX_PATH} CMAKE_PREFIX_PATH=/home/mechax/zyb/radar_station/install/my_msgss:/home/mechax/ws_livox/install/livox_ros2_driver:/home/mechax/ws_livox/install/livox_sdk_vendor:/home/mechax/ws_livox/install/livox_interfaces:/opt/ros/humble LD_LIBRARY_PATH=/home/mechax/zyb/radar_station/install/my_msgss/lib:${LD_LIBRARY_PATH} PYTHONPATH=/home/mechax/zyb/radar_station/install/my_msgss/local/lib/python3.10/dist-packages:${PYTHONPATH} /usr/bin/cmake --install /home/mechax/zyb/radar_station/build/Game_Map
[0.195s] -- Install configuration: ""
[0.196s] -- Up-to-date: /home/mechax/zyb/radar_station/install/Game_Map/lib/Game_Map/Game_Map
[0.196s] -- Up-to-date: /home/mechax/zyb/radar_station/install/Game_Map/share/Game_Map/launch
[0.196s] -- Up-to-date: /home/mechax/zyb/radar_station/install/Game_Map/share/Game_Map/launch/game_map_launch.py
[0.196s] -- Up-to-date: /home/mechax/zyb/radar_station/install/Game_Map/share/Game_Map/config
[0.196s] -- Up-to-date: /home/mechax/zyb/radar_station/install/Game_Map/share/Game_Map/config/radar.yaml
[0.196s] -- Up-to-date: /home/mechax/zyb/radar_station/install/Game_Map/share/Game_Map/config/displayer_qt5.yaml
[0.196s] -- Up-to-date: /home/mechax/zyb/radar_station/install/Game_Map/share/Game_Map/config/ros2_displayer.yaml
[0.197s] -- Up-to-date: /home/mechax/zyb/radar_station/install/Game_Map/share/ament_index/resource_index/package_run_dependencies/Game_Map
[0.197s] -- Up-to-date: /home/mechax/zyb/radar_station/install/Game_Map/share/ament_index/resource_index/parent_prefix_path/Game_Map
[0.197s] -- Up-to-date: /home/mechax/zyb/radar_station/install/Game_Map/share/Game_Map/environment/ament_prefix_path.sh
[0.197s] -- Up-to-date: /home/mechax/zyb/radar_station/install/Game_Map/share/Game_Map/environment/ament_prefix_path.dsv
[0.197s] -- Up-to-date: /home/mechax/zyb/radar_station/install/Game_Map/share/Game_Map/environment/path.sh
[0.197s] -- Up-to-date: /home/mechax/zyb/radar_station/install/Game_Map/share/Game_Map/environment/path.dsv
[0.198s] -- Up-to-date: /home/mechax/zyb/radar_station/install/Game_Map/share/Game_Map/local_setup.bash
[0.199s] -- Up-to-date: /home/mechax/zyb/radar_station/install/Game_Map/share/Game_Map/local_setup.sh
[0.199s] -- Up-to-date: /home/mechax/zyb/radar_station/install/Game_Map/share/Game_Map/local_setup.zsh
[0.199s] -- Up-to-date: /home/mechax/zyb/radar_station/install/Game_Map/share/Game_Map/local_setup.dsv
[0.199s] -- Installing: /home/mechax/zyb/radar_station/install/Game_Map/share/Game_Map/package.dsv
[0.200s] -- Up-to-date: /home/mechax/zyb/radar_station/install/Game_Map/share/ament_index/resource_index/packages/Game_Map
[0.200s] -- Up-to-date: /home/mechax/zyb/radar_station/install/Game_Map/share/Game_Map/cmake/Game_MapConfig.cmake
[0.200s] -- Up-to-date: /home/mechax/zyb/radar_station/install/Game_Map/share/Game_Map/cmake/Game_MapConfig-version.cmake
[0.200s] -- Up-to-date: /home/mechax/zyb/radar_station/install/Game_Map/share/Game_Map/package.xml
[0.201s] Invoked command in '/home/mechax/zyb/radar_station/build/Game_Map' returned '0': AMENT_PREFIX_PATH=/home/mechax/zyb/radar_station/install/my_msgss:${AMENT_PREFIX_PATH} CMAKE_PREFIX_PATH=/home/mechax/zyb/radar_station/install/my_msgss:/home/mechax/ws_livox/install/livox_ros2_driver:/home/mechax/ws_livox/install/livox_sdk_vendor:/home/mechax/ws_livox/install/livox_interfaces:/opt/ros/humble LD_LIBRARY_PATH=/home/mechax/zyb/radar_station/install/my_msgss/lib:${LD_LIBRARY_PATH} PYTHONPATH=/home/mechax/zyb/radar_station/install/my_msgss/local/lib/python3.10/dist-packages:${PYTHONPATH} /usr/bin/cmake --install /home/mechax/zyb/radar_station/build/Game_Map
