[0.089s] Invoking command in '/home/mechax/zyb/radar_station/build/Game_Map': AMENT_PREFIX_PATH=/home/mechax/zyb/radar_station/install/my_msgss:${AMENT_PREFIX_PATH} CMAKE_PREFIX_PATH=/home/mechax/zyb/radar_station/install/my_msgss:/home/mechax/ws_livox/install/livox_ros2_driver:/home/mechax/ws_livox/install/livox_sdk_vendor:/home/mechax/ws_livox/install/livox_interfaces:/opt/ros/humble LD_LIBRARY_PATH=/home/mechax/zyb/radar_station/install/my_msgss/lib:${LD_LIBRARY_PATH} PYTHONPATH=/home/mechax/zyb/radar_station/install/my_msgss/local/lib/python3.10/dist-packages:${PYTHONPATH} /usr/bin/cmake --build /home/mechax/zyb/radar_station/build/Game_Map -- -j16 -l16
[0.115s] [35m[1mConsolidate compiler generated dependencies of target Game_Map[0m
[0.126s] [ 50%] [32mBuilding CXX object CMakeFiles/Game_Map.dir/src/game_map.cpp.o[0m
[2.021s] In file included from [01m[K/home/mechax/zyb/radar_station/src/Game_Map/src/game_map.cpp:1[m[K:
[2.022s] [01m[K/home/mechax/zyb/radar_station/src/Game_Map/include/game_map.hpp:108:13:[m[K [01;31m[Kerror: [m[K‘[01m[KSubscriber[m[K’ in namespace ‘[01m[Krclcpp[m[K’ does not name a template type
[2.022s]   108 |     rclcpp::[01;31m[KSubscriber[m[K<my_msgss::msg::Points>::SharedPtr far_image_sub_;
[2.022s]       |             [01;31m[K^~~~~~~~~~[m[K
[2.022s] [01m[K/home/mechax/zyb/radar_station/src/Game_Map/include/game_map.hpp:109:13:[m[K [01;31m[Kerror: [m[K‘[01m[KSubscriber[m[K’ in namespace ‘[01m[Krclcpp[m[K’ does not name a template type
[2.022s]   109 |     rclcpp::[01;31m[KSubscriber[m[K<my_msgss::msg::Distpoints>::SharedPtr far_distpoints_sub_;
[2.022s]       |             [01;31m[K^~~~~~~~~~[m[K
[2.022s] [01m[K/home/mechax/zyb/radar_station/src/Game_Map/include/game_map.hpp:110:13:[m[K [01;31m[Kerror: [m[K‘[01m[KSubscriber[m[K’ in namespace ‘[01m[Krclcpp[m[K’ does not name a template type
[2.022s]   110 |     rclcpp::[01;31m[KSubscriber[m[K<my_msgss::msg::Points>::SharedPtr close_image_sub_;
[2.022s]       |             [01;31m[K^~~~~~~~~~[m[K
[2.022s] [01m[K/home/mechax/zyb/radar_station/src/Game_Map/include/game_map.hpp:111:13:[m[K [01;31m[Kerror: [m[K‘[01m[KSubscriber[m[K’ in namespace ‘[01m[Krclcpp[m[K’ does not name a template type
[2.022s]   111 |     rclcpp::[01;31m[KSubscriber[m[K<my_msgss::msg::Distpoints>::SharedPtr close_distpoints_sub_;
[2.022s]       |             [01;31m[K^~~~~~~~~~[m[K
[2.022s] [01m[K/home/mechax/zyb/radar_station/src/Game_Map/include/game_map.hpp:112:13:[m[K [01;31m[Kerror: [m[K‘[01m[KSubscriber[m[K’ in namespace ‘[01m[Krclcpp[m[K’ does not name a template type
[2.022s]   112 |     rclcpp::[01;31m[KSubscriber[m[K<my_msgss::msg::Distpoint>::SharedPtr outpost_distpoint_sub_;
[2.022s]       |             [01;31m[K^~~~~~~~~~[m[K
[2.028s] [01m[K/home/mechax/zyb/radar_station/src/Game_Map/src/game_map.cpp:[m[K In constructor ‘[01m[KGame_Map::Game_Map()[m[K’:
[2.028s] [01m[K/home/mechax/zyb/radar_station/src/Game_Map/src/game_map.cpp:26:5:[m[K [01;31m[Kerror: [m[K‘[01m[Kworld_points_pub[m[K’ was not declared in this scope; did you mean ‘[01m[Kworld_points_pub_[m[K’?
[2.028s]    26 |     [01;31m[Kworld_points_pub[m[K = this->create_publisher<my_msgss::msg::Points>("world_point", 10);
[2.029s]       |     [01;31m[K^~~~~~~~~~~~~~~~[m[K
[2.029s]       |     [32m[Kworld_points_pub_[m[K
[2.034s] [01m[K/home/mechax/zyb/radar_station/src/Game_Map/src/game_map.cpp:27:5:[m[K [01;31m[Kerror: [m[K‘[01m[Kguard_points_pub[m[K’ was not declared in this scope; did you mean ‘[01m[Kguard_points_pub_[m[K’?
[2.034s]    27 |     [01;31m[Kguard_points_pub[m[K = this->create_publisher<my_msgss::msg::Points>("guard_pub", 10);
[2.034s]       |     [01;31m[K^~~~~~~~~~~~~~~~[m[K
[2.034s]       |     [32m[Kguard_points_pub_[m[K
[2.038s] [01m[K/home/mechax/zyb/radar_station/src/Game_Map/src/game_map.cpp:28:5:[m[K [01;31m[Kerror: [m[K‘[01m[Khero_point_pub[m[K’ was not declared in this scope; did you mean ‘[01m[Khero_point_pub_[m[K’?
[2.038s]    28 |     [01;31m[Khero_point_pub[m[K = this->create_publisher<my_msgss::msg::Point>("hero_pub", 1);
[2.038s]       |     [01;31m[K^~~~~~~~~~~~~~[m[K
[2.038s]       |     [32m[Khero_point_pub_[m[K
[2.040s] [01m[K/home/mechax/zyb/radar_station/src/Game_Map/src/game_map.cpp:[m[K In member function ‘[01m[Kvoid Game_Map::warn_regions_init()[m[K’:
[2.040s] [01m[K/home/mechax/zyb/radar_station/src/Game_Map/src/game_map.cpp:50:25:[m[K [01;31m[Kerror: [m[Kexpected ‘[01m[K;[m[K’ before ‘[01m[K{[m[K’ token
[2.040s]    50 |     guard_forbidden_zone[01;31m[K{[m[KPoint(160, 647), Point(160, 705), Point(287, 705), Point(287, 647)};
[2.040s]       |                         [01;31m[K^[m[K
[2.040s]       |                         [32m[K;[m[K
[2.040s] [01m[K/home/mechax/zyb/radar_station/src/Game_Map/src/game_map.cpp:50:5:[m[K [01;35m[Kwarning: [m[Kstatement has no effect [[01;35m[K]8;;https://gcc.gnu.org/onlinedocs/gcc/Warning-Options.html#index-Wunused-value-Wunused-value]8;;[m[K]
[2.040s]    50 |     [01;35m[Kguard_forbidden_zone[m[K{Point(160, 647), Point(160, 705), Point(287, 705), Point(287, 647)};
[2.040s]       |     [01;35m[K^~~~~~~~~~~~~~~~~~~~[m[K
[2.040s] [01m[K/home/mechax/zyb/radar_station/src/Game_Map/src/game_map.cpp:51:19:[m[K [01;31m[Kerror: [m[Kexpected ‘[01m[K;[m[K’ before ‘[01m[K{[m[K’ token
[2.040s]    51 |     guidao_houbian[01;31m[K{[m[KPoint(0, 676), Point(0, 840), Point(450, 840), Point(450, 676)};
[2.041s]       |                   [01;31m[K^[m[K
[2.041s]       |                   [32m[K;[m[K
[2.041s] [01m[K/home/mechax/zyb/radar_station/src/Game_Map/src/game_map.cpp:51:5:[m[K [01;35m[Kwarning: [m[Kstatement has no effect [[01;35m[K]8;;https://gcc.gnu.org/onlinedocs/gcc/Warning-Options.html#index-Wunused-value-Wunused-value]8;;[m[K]
[2.041s]    51 |     [01;35m[Kguidao_houbian[m[K{Point(0, 676), Point(0, 840), Point(450, 840), Point(450, 676)};
[2.041s]       |     [01;35m[K^~~~~~~~~~~~~~[m[K
[2.041s] [01m[K/home/mechax/zyb/radar_station/src/Game_Map/src/game_map.cpp:[m[K In member function ‘[01m[Kvoid Game_Map::get_parameter()[m[K’:
[2.041s] [01m[K/home/mechax/zyb/radar_station/src/Game_Map/src/game_map.cpp:68:24:[m[K [01;31m[Kerror: [m[Kno matching function for call to ‘[01m[KGame_Map::get_parameter(const char [29], int&)[m[K’
[2.041s]    68 |     [01;31m[Kthis->get_parameter("/small_map/small_map_shift_X", X_shift)[m[K;
[2.041s]       |     [01;31m[K~~~~~~~~~~~~~~~~~~~^~~~~~~~~~~~~~~~~~~~~~~~~~~~~~~~~~~~~~~~~[m[K
[2.042s] [01m[K/home/mechax/zyb/radar_station/src/Game_Map/src/game_map.cpp:66:6:[m[K [01;36m[Knote: [m[Kcandidate: ‘[01m[Kvoid Game_Map::get_parameter()[m[K’
[2.042s]    66 | void [01;36m[KGame_Map[m[K::get_parameter()
[2.042s]       |      [01;36m[K^~~~~~~~[m[K
[2.042s] [01m[K/home/mechax/zyb/radar_station/src/Game_Map/src/game_map.cpp:66:6:[m[K [01;36m[Knote: [m[K  candidate expects 0 arguments, 2 provided
[2.042s] [01m[K/home/mechax/zyb/radar_station/src/Game_Map/src/game_map.cpp:69:24:[m[K [01;31m[Kerror: [m[Kno matching function for call to ‘[01m[KGame_Map::get_parameter(const char [29], int&)[m[K’
[2.042s]    69 |     [01;31m[Kthis->get_parameter("/small_map/small_map_shift_Y", Y_shift)[m[K;
[2.042s]       |     [01;31m[K~~~~~~~~~~~~~~~~~~~^~~~~~~~~~~~~~~~~~~~~~~~~~~~~~~~~~~~~~~~~[m[K
[2.042s] [01m[K/home/mechax/zyb/radar_station/src/Game_Map/src/game_map.cpp:66:6:[m[K [01;36m[Knote: [m[Kcandidate: ‘[01m[Kvoid Game_Map::get_parameter()[m[K’
[2.042s]    66 | void [01;36m[KGame_Map[m[K::get_parameter()
[2.042s]       |      [01;36m[K^~~~~~~~[m[K
[2.042s] [01m[K/home/mechax/zyb/radar_station/src/Game_Map/src/game_map.cpp:66:6:[m[K [01;36m[Knote: [m[K  candidate expects 0 arguments, 2 provided
[2.042s] [01m[K/home/mechax/zyb/radar_station/src/Game_Map/src/game_map.cpp:72:24:[m[K [01;31m[Kerror: [m[Kno matching function for call to ‘[01m[KGame_Map::get_parameter(const char [21], double&)[m[K’
[2.042s]    72 |     [01;31m[Kthis->get_parameter("/sensor_far/point1/x", far_objectPoints[0].x)[m[K;
[2.042s]       |     [01;31m[K~~~~~~~~~~~~~~~~~~~^~~~~~~~~~~~~~~~~~~~~~~~~~~~~~~~~~~~~~~~~~~~~~~[m[K
[2.043s] [01m[K/home/mechax/zyb/radar_station/src/Game_Map/src/game_map.cpp:66:6:[m[K [01;36m[Knote: [m[Kcandidate: ‘[01m[Kvoid Game_Map::get_parameter()[m[K’
[2.043s]    66 | void [01;36m[KGame_Map[m[K::get_parameter()
[2.043s]       |      [01;36m[K^~~~~~~~[m[K
[2.043s] [01m[K/home/mechax/zyb/radar_station/src/Game_Map/src/game_map.cpp:66:6:[m[K [01;36m[Knote: [m[K  candidate expects 0 arguments, 2 provided
[2.043s] [01m[K/home/mechax/zyb/radar_station/src/Game_Map/src/game_map.cpp:73:24:[m[K [01;31m[Kerror: [m[Kno matching function for call to ‘[01m[KGame_Map::get_parameter(const char [21], double&)[m[K’
[2.043s]    73 |     [01;31m[Kthis->get_parameter("/sensor_far/point1/y", far_objectPoints[0].y)[m[K;
[2.043s]       |     [01;31m[K~~~~~~~~~~~~~~~~~~~^~~~~~~~~~~~~~~~~~~~~~~~~~~~~~~~~~~~~~~~~~~~~~~[m[K
[2.043s] [01m[K/home/mechax/zyb/radar_station/src/Game_Map/src/game_map.cpp:66:6:[m[K [01;36m[Knote: [m[Kcandidate: ‘[01m[Kvoid Game_Map::get_parameter()[m[K’
[2.043s]    66 | void [01;36m[KGame_Map[m[K::get_parameter()
[2.043s]       |      [01;36m[K^~~~~~~~[m[K
[2.043s] [01m[K/home/mechax/zyb/radar_station/src/Game_Map/src/game_map.cpp:66:6:[m[K [01;36m[Knote: [m[K  candidate expects 0 arguments, 2 provided
[2.043s] [01m[K/home/mechax/zyb/radar_station/src/Game_Map/src/game_map.cpp:74:24:[m[K [01;31m[Kerror: [m[Kno matching function for call to ‘[01m[KGame_Map::get_parameter(const char [21], double&)[m[K’
[2.043s]    74 |     [01;31m[Kthis->get_parameter("/sensor_far/point1/z", far_objectPoints[0].z)[m[K;
[2.043s]       |     [01;31m[K~~~~~~~~~~~~~~~~~~~^~~~~~~~~~~~~~~~~~~~~~~~~~~~~~~~~~~~~~~~~~~~~~~[m[K
[2.043s] [01m[K/home/mechax/zyb/radar_station/src/Game_Map/src/game_map.cpp:66:6:[m[K [01;36m[Knote: [m[Kcandidate: ‘[01m[Kvoid Game_Map::get_parameter()[m[K’
[2.043s]    66 | void [01;36m[KGame_Map[m[K::get_parameter()
[2.044s]       |      [01;36m[K^~~~~~~~[m[K
[2.044s] [01m[K/home/mechax/zyb/radar_station/src/Game_Map/src/game_map.cpp:66:6:[m[K [01;36m[Knote: [m[K  candidate expects 0 arguments, 2 provided
[2.044s] [01m[K/home/mechax/zyb/radar_station/src/Game_Map/src/game_map.cpp:75:24:[m[K [01;31m[Kerror: [m[Kno matching function for call to ‘[01m[KGame_Map::get_parameter(const char [21], double&)[m[K’
[2.044s]    75 |     [01;31m[Kthis->get_parameter("/sensor_far/point2/x", far_objectPoints[1].x)[m[K;
[2.044s]       |     [01;31m[K~~~~~~~~~~~~~~~~~~~^~~~~~~~~~~~~~~~~~~~~~~~~~~~~~~~~~~~~~~~~~~~~~~[m[K
[2.044s] [01m[K/home/mechax/zyb/radar_station/src/Game_Map/src/game_map.cpp:66:6:[m[K [01;36m[Knote: [m[Kcandidate: ‘[01m[Kvoid Game_Map::get_parameter()[m[K’
[2.044s]    66 | void [01;36m[KGame_Map[m[K::get_parameter()
[2.044s]       |      [01;36m[K^~~~~~~~[m[K
[2.044s] [01m[K/home/mechax/zyb/radar_station/src/Game_Map/src/game_map.cpp:66:6:[m[K [01;36m[Knote: [m[K  candidate expects 0 arguments, 2 provided
[2.044s] [01m[K/home/mechax/zyb/radar_station/src/Game_Map/src/game_map.cpp:76:24:[m[K [01;31m[Kerror: [m[Kno matching function for call to ‘[01m[KGame_Map::get_parameter(const char [21], double&)[m[K’
[2.044s]    76 |     [01;31m[Kthis->get_parameter("/sensor_far/point2/y", far_objectPoints[1].y)[m[K);
[2.044s]       |     [01;31m[K~~~~~~~~~~~~~~~~~~~^~~~~~~~~~~~~~~~~~~~~~~~~~~~~~~~~~~~~~~~~~~~~~~[m[K
[2.044s] [01m[K/home/mechax/zyb/radar_station/src/Game_Map/src/game_map.cpp:66:6:[m[K [01;36m[Knote: [m[Kcandidate: ‘[01m[Kvoid Game_Map::get_parameter()[m[K’
[2.044s]    66 | void [01;36m[KGame_Map[m[K::get_parameter()
[2.044s]       |      [01;36m[K^~~~~~~~[m[K
[2.045s] [01m[K/home/mechax/zyb/radar_station/src/Game_Map/src/game_map.cpp:66:6:[m[K [01;36m[Knote: [m[K  candidate expects 0 arguments, 2 provided
[2.045s] [01m[K/home/mechax/zyb/radar_station/src/Game_Map/src/game_map.cpp:77:24:[m[K [01;31m[Kerror: [m[Kno matching function for call to ‘[01m[KGame_Map::get_parameter(const char [21], double&)[m[K’
[2.045s]    77 |     [01;31m[Kthis->get_parameter("/sensor_far/point2/z", far_objectPoints[1].z)[m[K;
[2.045s]       |     [01;31m[K~~~~~~~~~~~~~~~~~~~^~~~~~~~~~~~~~~~~~~~~~~~~~~~~~~~~~~~~~~~~~~~~~~[m[K
[2.045s] [01m[K/home/mechax/zyb/radar_station/src/Game_Map/src/game_map.cpp:66:6:[m[K [01;36m[Knote: [m[Kcandidate: ‘[01m[Kvoid Game_Map::get_parameter()[m[K’
[2.045s]    66 | void [01;36m[KGame_Map[m[K::get_parameter()
[2.045s]       |      [01;36m[K^~~~~~~~[m[K
[2.045s] [01m[K/home/mechax/zyb/radar_station/src/Game_Map/src/game_map.cpp:66:6:[m[K [01;36m[Knote: [m[K  candidate expects 0 arguments, 2 provided
[2.045s] [01m[K/home/mechax/zyb/radar_station/src/Game_Map/src/game_map.cpp:78:24:[m[K [01;31m[Kerror: [m[Kno matching function for call to ‘[01m[KGame_Map::get_parameter(const char [21], double&)[m[K’
[2.045s]    78 |     [01;31m[Kthis->get_parameter("/sensor_far/point3/x", far_objectPoints[2].x)[m[K;
[2.045s]       |     [01;31m[K~~~~~~~~~~~~~~~~~~~^~~~~~~~~~~~~~~~~~~~~~~~~~~~~~~~~~~~~~~~~~~~~~~[m[K
[2.045s] [01m[K/home/mechax/zyb/radar_station/src/Game_Map/src/game_map.cpp:66:6:[m[K [01;36m[Knote: [m[Kcandidate: ‘[01m[Kvoid Game_Map::get_parameter()[m[K’
[2.045s]    66 | void [01;36m[KGame_Map[m[K::get_parameter()
[2.045s]       |      [01;36m[K^~~~~~~~[m[K
[2.045s] [01m[K/home/mechax/zyb/radar_station/src/Game_Map/src/game_map.cpp:66:6:[m[K [01;36m[Knote: [m[K  candidate expects 0 arguments, 2 provided
[2.045s] [01m[K/home/mechax/zyb/radar_station/src/Game_Map/src/game_map.cpp:79:24:[m[K [01;31m[Kerror: [m[Kno matching function for call to ‘[01m[KGame_Map::get_parameter(const char [21], double&)[m[K’
[2.046s]    79 |     [01;31m[Kthis->get_parameter("/sensor_far/point3/y", far_objectPoints[2].y)[m[K;
[2.046s]       |     [01;31m[K~~~~~~~~~~~~~~~~~~~^~~~~~~~~~~~~~~~~~~~~~~~~~~~~~~~~~~~~~~~~~~~~~~[m[K
[2.046s] [01m[K/home/mechax/zyb/radar_station/src/Game_Map/src/game_map.cpp:66:6:[m[K [01;36m[Knote: [m[Kcandidate: ‘[01m[Kvoid Game_Map::get_parameter()[m[K’
[2.046s]    66 | void [01;36m[KGame_Map[m[K::get_parameter()
[2.046s]       |      [01;36m[K^~~~~~~~[m[K
[2.046s] [01m[K/home/mechax/zyb/radar_station/src/Game_Map/src/game_map.cpp:66:6:[m[K [01;36m[Knote: [m[K  candidate expects 0 arguments, 2 provided
[2.046s] [01m[K/home/mechax/zyb/radar_station/src/Game_Map/src/game_map.cpp:80:24:[m[K [01;31m[Kerror: [m[Kno matching function for call to ‘[01m[KGame_Map::get_parameter(const char [21], double&)[m[K’
[2.046s]    80 |     [01;31m[Kthis->get_parameter("/sensor_far/point3/z", far_objectPoints[2].z)[m[K;
[2.046s]       |     [01;31m[K~~~~~~~~~~~~~~~~~~~^~~~~~~~~~~~~~~~~~~~~~~~~~~~~~~~~~~~~~~~~~~~~~~[m[K
[2.046s] [01m[K/home/mechax/zyb/radar_station/src/Game_Map/src/game_map.cpp:66:6:[m[K [01;36m[Knote: [m[Kcandidate: ‘[01m[Kvoid Game_Map::get_parameter()[m[K’
[2.046s]    66 | void [01;36m[KGame_Map[m[K::get_parameter()
[2.046s]       |      [01;36m[K^~~~~~~~[m[K
[2.046s] [01m[K/home/mechax/zyb/radar_station/src/Game_Map/src/game_map.cpp:66:6:[m[K [01;36m[Knote: [m[K  candidate expects 0 arguments, 2 provided
[2.047s] [01m[K/home/mechax/zyb/radar_station/src/Game_Map/src/game_map.cpp:81:24:[m[K [01;31m[Kerror: [m[Kno matching function for call to ‘[01m[KGame_Map::get_parameter(const char [21], double&)[m[K’
[2.047s]    81 |     [01;31m[Kthis->get_parameter("/sensor_far/point4/x", far_objectPoints[3].x)[m[K;
[2.047s]       |     [01;31m[K~~~~~~~~~~~~~~~~~~~^~~~~~~~~~~~~~~~~~~~~~~~~~~~~~~~~~~~~~~~~~~~~~~[m[K
[2.047s] [01m[K/home/mechax/zyb/radar_station/src/Game_Map/src/game_map.cpp:66:6:[m[K [01;36m[Knote: [m[Kcandidate: ‘[01m[Kvoid Game_Map::get_parameter()[m[K’
[2.047s]    66 | void [01;36m[KGame_Map[m[K::get_parameter()
[2.047s]       |      [01;36m[K^~~~~~~~[m[K
[2.047s] [01m[K/home/mechax/zyb/radar_station/src/Game_Map/src/game_map.cpp:66:6:[m[K [01;36m[Knote: [m[K  candidate expects 0 arguments, 2 provided
[2.047s] [01m[K/home/mechax/zyb/radar_station/src/Game_Map/src/game_map.cpp:82:24:[m[K [01;31m[Kerror: [m[Kno matching function for call to ‘[01m[KGame_Map::get_parameter(const char [21], double&)[m[K’
[2.047s]    82 |     [01;31m[Kthis->get_parameter("/sensor_far/point4/y", far_objectPoints[3].y)[m[K;
[2.047s]       |     [01;31m[K~~~~~~~~~~~~~~~~~~~^~~~~~~~~~~~~~~~~~~~~~~~~~~~~~~~~~~~~~~~~~~~~~~[m[K
[2.047s] [01m[K/home/mechax/zyb/radar_station/src/Game_Map/src/game_map.cpp:66:6:[m[K [01;36m[Knote: [m[Kcandidate: ‘[01m[Kvoid Game_Map::get_parameter()[m[K’
[2.047s]    66 | void [01;36m[KGame_Map[m[K::get_parameter()
[2.047s]       |      [01;36m[K^~~~~~~~[m[K
[2.047s] [01m[K/home/mechax/zyb/radar_station/src/Game_Map/src/game_map.cpp:66:6:[m[K [01;36m[Knote: [m[K  candidate expects 0 arguments, 2 provided
[2.048s] [01m[K/home/mechax/zyb/radar_station/src/Game_Map/src/game_map.cpp:83:24:[m[K [01;31m[Kerror: [m[Kno matching function for call to ‘[01m[KGame_Map::get_parameter(const char [21], double&)[m[K’
[2.048s]    83 |     [01;31m[Kthis->get_parameter("/sensor_far/point4/z", far_objectPoints[3].z)[m[K;
[2.048s]       |     [01;31m[K~~~~~~~~~~~~~~~~~~~^~~~~~~~~~~~~~~~~~~~~~~~~~~~~~~~~~~~~~~~~~~~~~~[m[K
[2.048s] [01m[K/home/mechax/zyb/radar_station/src/Game_Map/src/game_map.cpp:66:6:[m[K [01;36m[Knote: [m[Kcandidate: ‘[01m[Kvoid Game_Map::get_parameter()[m[K’
[2.048s]    66 | void [01;36m[KGame_Map[m[K::get_parameter()
[2.048s]       |      [01;36m[K^~~~~~~~[m[K
[2.048s] [01m[K/home/mechax/zyb/radar_station/src/Game_Map/src/game_map.cpp:66:6:[m[K [01;36m[Knote: [m[K  candidate expects 0 arguments, 2 provided
[2.048s] [01m[K/home/mechax/zyb/radar_station/src/Game_Map/src/game_map.cpp:85:24:[m[K [01;31m[Kerror: [m[Kno matching function for call to ‘[01m[KGame_Map::get_parameter(const char [35], double&)[m[K’
[2.048s]    85 |     [01;31m[Kthis->get_parameter("/sensor_far/camera_matrix/zerozero", far_CamMatrix_.at<double>(0, 0))[m[K;
[2.048s]       |     [01;31m[K~~~~~~~~~~~~~~~~~~~^~~~~~~~~~~~~~~~~~~~~~~~~~~~~~~~~~~~~~~~~~~~~~~~~~~~~~~~~~~~~~~~~~~~~~~[m[K
[2.048s] [01m[K/home/mechax/zyb/radar_station/src/Game_Map/src/game_map.cpp:66:6:[m[K [01;36m[Knote: [m[Kcandidate: ‘[01m[Kvoid Game_Map::get_parameter()[m[K’
[2.048s]    66 | void [01;36m[KGame_Map[m[K::get_parameter()
[2.049s]       |      [01;36m[K^~~~~~~~[m[K
[2.049s] [01m[K/home/mechax/zyb/radar_station/src/Game_Map/src/game_map.cpp:66:6:[m[K [01;36m[Knote: [m[K  candidate expects 0 arguments, 2 provided
[2.049s] [01m[K/home/mechax/zyb/radar_station/src/Game_Map/src/game_map.cpp:86:24:[m[K [01;31m[Kerror: [m[Kno matching function for call to ‘[01m[KGame_Map::get_parameter(const char [34], double&)[m[K’
[2.049s]    86 |     [01;31m[Kthis->get_parameter("/sensor_far/camera_matrix/zerotwo", far_CamMatrix_.at<double>(0, 2))[m[K;
[2.049s]       |     [01;31m[K~~~~~~~~~~~~~~~~~~~^~~~~~~~~~~~~~~~~~~~~~~~~~~~~~~~~~~~~~~~~~~~~~~~~~~~~~~~~~~~~~~~~~~~~~[m[K
[2.049s] [01m[K/home/mechax/zyb/radar_station/src/Game_Map/src/game_map.cpp:66:6:[m[K [01;36m[Knote: [m[Kcandidate: ‘[01m[Kvoid Game_Map::get_parameter()[m[K’
[2.049s]    66 | void [01;36m[KGame_Map[m[K::get_parameter()
[2.049s]       |      [01;36m[K^~~~~~~~[m[K
[2.049s] [01m[K/home/mechax/zyb/radar_station/src/Game_Map/src/game_map.cpp:66:6:[m[K [01;36m[Knote: [m[K  candidate expects 0 arguments, 2 provided
[2.049s] [01m[K/home/mechax/zyb/radar_station/src/Game_Map/src/game_map.cpp:87:24:[m[K [01;31m[Kerror: [m[Kno matching function for call to ‘[01m[KGame_Map::get_parameter(const char [33], double&)[m[K’
[2.049s]    87 |     [01;31m[Kthis->get_parameter("/sensor_far/camera_matrix/oneone", far_CamMatrix_.at<double>(1, 1))[m[K;
[2.049s]       |     [01;31m[K~~~~~~~~~~~~~~~~~~~^~~~~~~~~~~~~~~~~~~~~~~~~~~~~~~~~~~~~~~~~~~~~~~~~~~~~~~~~~~~~~~~~~~~~[m[K
[2.049s] [01m[K/home/mechax/zyb/radar_station/src/Game_Map/src/game_map.cpp:66:6:[m[K [01;36m[Knote: [m[Kcandidate: ‘[01m[Kvoid Game_Map::get_parameter()[m[K’
[2.050s]    66 | void [01;36m[KGame_Map[m[K::get_parameter()
[2.050s]       |      [01;36m[K^~~~~~~~[m[K
[2.050s] [01m[K/home/mechax/zyb/radar_station/src/Game_Map/src/game_map.cpp:66:6:[m[K [01;36m[Knote: [m[K  candidate expects 0 arguments, 2 provided
[2.050s] [01m[K/home/mechax/zyb/radar_station/src/Game_Map/src/game_map.cpp:88:24:[m[K [01;31m[Kerror: [m[Kno matching function for call to ‘[01m[KGame_Map::get_parameter(const char [33], double&)[m[K’
[2.050s]    88 |     [01;31m[Kthis->get_parameter("/sensor_far/camera_matrix/onetwo", far_CamMatrix_.at<double>(1, 2))[m[K;
[2.050s]       |     [01;31m[K~~~~~~~~~~~~~~~~~~~^~~~~~~~~~~~~~~~~~~~~~~~~~~~~~~~~~~~~~~~~~~~~~~~~~~~~~~~~~~~~~~~~~~~~[m[K
[2.050s] [01m[K/home/mechax/zyb/radar_station/src/Game_Map/src/game_map.cpp:66:6:[m[K [01;36m[Knote: [m[Kcandidate: ‘[01m[Kvoid Game_Map::get_parameter()[m[K’
[2.050s]    66 | void [01;36m[KGame_Map[m[K::get_parameter()
[2.050s]       |      [01;36m[K^~~~~~~~[m[K
[2.050s] [01m[K/home/mechax/zyb/radar_station/src/Game_Map/src/game_map.cpp:66:6:[m[K [01;36m[Knote: [m[K  candidate expects 0 arguments, 2 provided
[2.050s] [01m[K/home/mechax/zyb/radar_station/src/Game_Map/src/game_map.cpp:89:24:[m[K [01;31m[Kerror: [m[Kno matching function for call to ‘[01m[KGame_Map::get_parameter(const char [33], double&)[m[K’
[2.050s]    89 |     [01;31m[Kthis->get_parameter("/sensor_far/camera_matrix/twotwo", far_CamMatrix_.at<double>(2, 2))[m[K;
[2.050s]       |     [01;31m[K~~~~~~~~~~~~~~~~~~~^~~~~~~~~~~~~~~~~~~~~~~~~~~~~~~~~~~~~~~~~~~~~~~~~~~~~~~~~~~~~~~~~~~~~[m[K
[2.050s] [01m[K/home/mechax/zyb/radar_station/src/Game_Map/src/game_map.cpp:66:6:[m[K [01;36m[Knote: [m[Kcandidate: ‘[01m[Kvoid Game_Map::get_parameter()[m[K’
[2.050s]    66 | void [01;36m[KGame_Map[m[K::get_parameter()
[2.051s]       |      [01;36m[K^~~~~~~~[m[K
[2.051s] [01m[K/home/mechax/zyb/radar_station/src/Game_Map/src/game_map.cpp:66:6:[m[K [01;36m[Knote: [m[K  candidate expects 0 arguments, 2 provided
[2.051s] [01m[K/home/mechax/zyb/radar_station/src/Game_Map/src/game_map.cpp:95:24:[m[K [01;31m[Kerror: [m[Kno matching function for call to ‘[01m[KGame_Map::get_parameter(const char [40], double&)[m[K’
[2.051s]    95 |     [01;31m[Kthis->get_parameter("/sensor_far/distortion_coefficient/zero", far_distCoeffs_.at<double>(0, 0))[m[K;
[2.051s]       |     [01;31m[K~~~~~~~~~~~~~~~~~~~^~~~~~~~~~~~~~~~~~~~~~~~~~~~~~~~~~~~~~~~~~~~~~~~~~~~~~~~~~~~~~~~~~~~~~~~~~~~~[m[K
[2.051s] [01m[K/home/mechax/zyb/radar_station/src/Game_Map/src/game_map.cpp:66:6:[m[K [01;36m[Knote: [m[Kcandidate: ‘[01m[Kvoid Game_Map::get_parameter()[m[K’
[2.051s]    66 | void [01;36m[KGame_Map[m[K::get_parameter()
[2.051s]       |      [01;36m[K^~~~~~~~[m[K
[2.051s] [01m[K/home/mechax/zyb/radar_station/src/Game_Map/src/game_map.cpp:66:6:[m[K [01;36m[Knote: [m[K  candidate expects 0 arguments, 2 provided
[2.051s] [01m[K/home/mechax/zyb/radar_station/src/Game_Map/src/game_map.cpp:96:24:[m[K [01;31m[Kerror: [m[Kno matching function for call to ‘[01m[KGame_Map::get_parameter(const char [39], double&)[m[K’
[2.051s]    96 |     [01;31m[Kthis->get_parameter("/sensor_far/distortion_coefficient/one", far_distCoeffs_.at<double>(1, 0))[m[K;
[2.051s]       |     [01;31m[K~~~~~~~~~~~~~~~~~~~^~~~~~~~~~~~~~~~~~~~~~~~~~~~~~~~~~~~~~~~~~~~~~~~~~~~~~~~~~~~~~~~~~~~~~~~~~~~[m[K
[2.051s] [01m[K/home/mechax/zyb/radar_station/src/Game_Map/src/game_map.cpp:66:6:[m[K [01;36m[Knote: [m[Kcandidate: ‘[01m[Kvoid Game_Map::get_parameter()[m[K’
[2.051s]    66 | void [01;36m[KGame_Map[m[K::get_parameter()
[2.051s]       |      [01;36m[K^~~~~~~~[m[K
[2.051s] [01m[K/home/mechax/zyb/radar_station/src/Game_Map/src/game_map.cpp:66:6:[m[K [01;36m[Knote: [m[K  candidate expects 0 arguments, 2 provided
[2.052s] [01m[K/home/mechax/zyb/radar_station/src/Game_Map/src/game_map.cpp:97:24:[m[K [01;31m[Kerror: [m[Kno matching function for call to ‘[01m[KGame_Map::get_parameter(const char [39], double&)[m[K’
[2.052s]    97 |     [01;31m[Kthis->get_parameter("/sensor_far/distortion_coefficient/two", far_distCoeffs_.at<double>(2, 0))[m[K;
[2.052s]       |     [01;31m[K~~~~~~~~~~~~~~~~~~~^~~~~~~~~~~~~~~~~~~~~~~~~~~~~~~~~~~~~~~~~~~~~~~~~~~~~~~~~~~~~~~~~~~~~~~~~~~~[m[K
[2.052s] [01m[K/home/mechax/zyb/radar_station/src/Game_Map/src/game_map.cpp:66:6:[m[K [01;36m[Knote: [m[Kcandidate: ‘[01m[Kvoid Game_Map::get_parameter()[m[K’
[2.052s]    66 | void [01;36m[KGame_Map[m[K::get_parameter()
[2.052s]       |      [01;36m[K^~~~~~~~[m[K
[2.052s] [01m[K/home/mechax/zyb/radar_station/src/Game_Map/src/game_map.cpp:66:6:[m[K [01;36m[Knote: [m[K  candidate expects 0 arguments, 2 provided
[2.052s] [01m[K/home/mechax/zyb/radar_station/src/Game_Map/src/game_map.cpp:98:24:[m[K [01;31m[Kerror: [m[Kno matching function for call to ‘[01m[KGame_Map::get_parameter(const char [41], double&)[m[K’
[2.052s]    98 |     [01;31m[Kthis->get_parameter("/sensor_far/distortion_coefficient/three", far_distCoeffs_.at<double>(3, 0))[m[K;
[2.052s]       |     [01;31m[K~~~~~~~~~~~~~~~~~~~^~~~~~~~~~~~~~~~~~~~~~~~~~~~~~~~~~~~~~~~~~~~~~~~~~~~~~~~~~~~~~~~~~~~~~~~~~~~~~[m[K
[2.052s] [01m[K/home/mechax/zyb/radar_station/src/Game_Map/src/game_map.cpp:66:6:[m[K [01;36m[Knote: [m[Kcandidate: ‘[01m[Kvoid Game_Map::get_parameter()[m[K’
[2.052s]    66 | void [01;36m[KGame_Map[m[K::get_parameter()
[2.052s]       |      [01;36m[K^~~~~~~~[m[K
[2.052s] [01m[K/home/mechax/zyb/radar_station/src/Game_Map/src/game_map.cpp:66:6:[m[K [01;36m[Knote: [m[K  candidate expects 0 arguments, 2 provided
[2.052s] [01m[K/home/mechax/zyb/radar_station/src/Game_Map/src/game_map.cpp:99:24:[m[K [01;31m[Kerror: [m[Kno matching function for call to ‘[01m[KGame_Map::get_parameter(const char [40], double&)[m[K’
[2.052s]    99 |     [01;31m[Kthis->get_parameter("/sensor_far/distortion_coefficient/four", far_distCoeffs_.at<double>(4, 0))[m[K;
[2.052s]       |     [01;31m[K~~~~~~~~~~~~~~~~~~~^~~~~~~~~~~~~~~~~~~~~~~~~~~~~~~~~~~~~~~~~~~~~~~~~~~~~~~~~~~~~~~~~~~~~~~~~~~~~[m[K
[2.052s] [01m[K/home/mechax/zyb/radar_station/src/Game_Map/src/game_map.cpp:66:6:[m[K [01;36m[Knote: [m[Kcandidate: ‘[01m[Kvoid Game_Map::get_parameter()[m[K’
[2.052s]    66 | void [01;36m[KGame_Map[m[K::get_parameter()
[2.052s]       |      [01;36m[K^~~~~~~~[m[K
[2.052s] [01m[K/home/mechax/zyb/radar_station/src/Game_Map/src/game_map.cpp:66:6:[m[K [01;36m[Knote: [m[K  candidate expects 0 arguments, 2 provided
[2.052s] [01m[K/home/mechax/zyb/radar_station/src/Game_Map/src/game_map.cpp:102:24:[m[K [01;31m[Kerror: [m[Kno matching function for call to ‘[01m[KGame_Map::get_parameter(const char [23], double&)[m[K’
[2.052s]   102 |     [01;31m[Kthis->get_parameter("/sensor_close/point1/x", close_objectPoints[0].x)[m[K;
[2.052s]       |     [01;31m[K~~~~~~~~~~~~~~~~~~~^~~~~~~~~~~~~~~~~~~~~~~~~~~~~~~~~~~~~~~~~~~~~~~~~~~[m[K
[2.052s] [01m[K/home/mechax/zyb/radar_station/src/Game_Map/src/game_map.cpp:66:6:[m[K [01;36m[Knote: [m[Kcandidate: ‘[01m[Kvoid Game_Map::get_parameter()[m[K’
[2.052s]    66 | void [01;36m[KGame_Map[m[K::get_parameter()
[2.052s]       |      [01;36m[K^~~~~~~~[m[K
[2.052s] [01m[K/home/mechax/zyb/radar_station/src/Game_Map/src/game_map.cpp:66:6:[m[K [01;36m[Knote: [m[K  candidate expects 0 arguments, 2 provided
[2.052s] [01m[K/home/mechax/zyb/radar_station/src/Game_Map/src/game_map.cpp:103:24:[m[K [01;31m[Kerror: [m[Kno matching function for call to ‘[01m[KGame_Map::get_parameter(const char [23], double&)[m[K’
[2.052s]   103 |     [01;31m[Kthis->get_parameter("/sensor_close/point1/y", close_objectPoints[0].y)[m[K;
[2.053s]       |     [01;31m[K~~~~~~~~~~~~~~~~~~~^~~~~~~~~~~~~~~~~~~~~~~~~~~~~~~~~~~~~~~~~~~~~~~~~~~[m[K
[2.053s] [01m[K/home/mechax/zyb/radar_station/src/Game_Map/src/game_map.cpp:66:6:[m[K [01;36m[Knote: [m[Kcandidate: ‘[01m[Kvoid Game_Map::get_parameter()[m[K’
[2.053s]    66 | void [01;36m[KGame_Map[m[K::get_parameter()
[2.053s]       |      [01;36m[K^~~~~~~~[m[K
[2.053s] [01m[K/home/mechax/zyb/radar_station/src/Game_Map/src/game_map.cpp:66:6:[m[K [01;36m[Knote: [m[K  candidate expects 0 arguments, 2 provided
[2.053s] [01m[K/home/mechax/zyb/radar_station/src/Game_Map/src/game_map.cpp:104:24:[m[K [01;31m[Kerror: [m[Kno matching function for call to ‘[01m[KGame_Map::get_parameter(const char [23], double&)[m[K’
[2.053s]   104 |     [01;31m[Kthis->get_parameter("/sensor_close/point1/z", close_objectPoints[0].z)[m[K;
[2.053s]       |     [01;31m[K~~~~~~~~~~~~~~~~~~~^~~~~~~~~~~~~~~~~~~~~~~~~~~~~~~~~~~~~~~~~~~~~~~~~~~[m[K
[2.053s] [01m[K/home/mechax/zyb/radar_station/src/Game_Map/src/game_map.cpp:66:6:[m[K [01;36m[Knote: [m[Kcandidate: ‘[01m[Kvoid Game_Map::get_parameter()[m[K’
[2.053s]    66 | void [01;36m[KGame_Map[m[K::get_parameter()
[2.053s]       |      [01;36m[K^~~~~~~~[m[K
[2.053s] [01m[K/home/mechax/zyb/radar_station/src/Game_Map/src/game_map.cpp:66:6:[m[K [01;36m[Knote: [m[K  candidate expects 0 arguments, 2 provided
[2.053s] [01m[K/home/mechax/zyb/radar_station/src/Game_Map/src/game_map.cpp:105:24:[m[K [01;31m[Kerror: [m[Kno matching function for call to ‘[01m[KGame_Map::get_parameter(const char [23], double&)[m[K’
[2.053s]   105 |     [01;31m[Kthis->get_parameter("/sensor_close/point2/x", close_objectPoints[1].x)[m[K;
[2.053s]       |     [01;31m[K~~~~~~~~~~~~~~~~~~~^~~~~~~~~~~~~~~~~~~~~~~~~~~~~~~~~~~~~~~~~~~~~~~~~~~[m[K
[2.053s] [01m[K/home/mechax/zyb/radar_station/src/Game_Map/src/game_map.cpp:66:6:[m[K [01;36m[Knote: [m[Kcandidate: ‘[01m[Kvoid Game_Map::get_parameter()[m[K’
[2.053s]    66 | void [01;36m[KGame_Map[m[K::get_parameter()
[2.053s]       |      [01;36m[K^~~~~~~~[m[K
[2.053s] [01m[K/home/mechax/zyb/radar_station/src/Game_Map/src/game_map.cpp:66:6:[m[K [01;36m[Knote: [m[K  candidate expects 0 arguments, 2 provided
[2.053s] [01m[K/home/mechax/zyb/radar_station/src/Game_Map/src/game_map.cpp:106:24:[m[K [01;31m[Kerror: [m[Kno matching function for call to ‘[01m[KGame_Map::get_parameter(const char [23], double&)[m[K’
[2.053s]   106 |     [01;31m[Kthis->get_parameter("/sensor_close/point2/y", close_objectPoints[1].y)[m[K;
[2.053s]       |     [01;31m[K~~~~~~~~~~~~~~~~~~~^~~~~~~~~~~~~~~~~~~~~~~~~~~~~~~~~~~~~~~~~~~~~~~~~~~[m[K
[2.053s] [01m[K/home/mechax/zyb/radar_station/src/Game_Map/src/game_map.cpp:66:6:[m[K [01;36m[Knote: [m[Kcandidate: ‘[01m[Kvoid Game_Map::get_parameter()[m[K’
[2.053s]    66 | void [01;36m[KGame_Map[m[K::get_parameter()
[2.053s]       |      [01;36m[K^~~~~~~~[m[K
[2.053s] [01m[K/home/mechax/zyb/radar_station/src/Game_Map/src/game_map.cpp:66:6:[m[K [01;36m[Knote: [m[K  candidate expects 0 arguments, 2 provided
[2.053s] [01m[K/home/mechax/zyb/radar_station/src/Game_Map/src/game_map.cpp:107:24:[m[K [01;31m[Kerror: [m[Kno matching function for call to ‘[01m[KGame_Map::get_parameter(const char [23], double&)[m[K’
[2.053s]   107 |     [01;31m[Kthis->get_parameter("/sensor_close/point2/z", close_objectPoints[1].z)[m[K;
[2.053s]       |     [01;31m[K~~~~~~~~~~~~~~~~~~~^~~~~~~~~~~~~~~~~~~~~~~~~~~~~~~~~~~~~~~~~~~~~~~~~~~[m[K
[2.053s] [01m[K/home/mechax/zyb/radar_station/src/Game_Map/src/game_map.cpp:66:6:[m[K [01;36m[Knote: [m[Kcandidate: ‘[01m[Kvoid Game_Map::get_parameter()[m[K’
[2.053s]    66 | void [01;36m[KGame_Map[m[K::get_parameter()
[2.053s]       |      [01;36m[K^~~~~~~~[m[K
[2.054s] [01m[K/home/mechax/zyb/radar_station/src/Game_Map/src/game_map.cpp:66:6:[m[K [01;36m[Knote: [m[K  candidate expects 0 arguments, 2 provided
[2.054s] [01m[K/home/mechax/zyb/radar_station/src/Game_Map/src/game_map.cpp:108:24:[m[K [01;31m[Kerror: [m[Kno matching function for call to ‘[01m[KGame_Map::get_parameter(const char [23], double&)[m[K’
[2.054s]   108 |     [01;31m[Kthis->get_parameter("/sensor_close/point3/x", close_objectPoints[2].x)[m[K;
[2.054s]       |     [01;31m[K~~~~~~~~~~~~~~~~~~~^~~~~~~~~~~~~~~~~~~~~~~~~~~~~~~~~~~~~~~~~~~~~~~~~~~[m[K
[2.054s] [01m[K/home/mechax/zyb/radar_station/src/Game_Map/src/game_map.cpp:66:6:[m[K [01;36m[Knote: [m[Kcandidate: ‘[01m[Kvoid Game_Map::get_parameter()[m[K’
[2.054s]    66 | void [01;36m[KGame_Map[m[K::get_parameter()
[2.054s]       |      [01;36m[K^~~~~~~~[m[K
[2.054s] [01m[K/home/mechax/zyb/radar_station/src/Game_Map/src/game_map.cpp:66:6:[m[K [01;36m[Knote: [m[K  candidate expects 0 arguments, 2 provided
[2.054s] [01m[K/home/mechax/zyb/radar_station/src/Game_Map/src/game_map.cpp:109:24:[m[K [01;31m[Kerror: [m[Kno matching function for call to ‘[01m[KGame_Map::get_parameter(const char [23], double&)[m[K’
[2.054s]   109 |     [01;31m[Kthis->get_parameter("/sensor_close/point3/y", close_objectPoints[2].y)[m[K;
[2.054s]       |     [01;31m[K~~~~~~~~~~~~~~~~~~~^~~~~~~~~~~~~~~~~~~~~~~~~~~~~~~~~~~~~~~~~~~~~~~~~~~[m[K
[2.054s] [01m[K/home/mechax/zyb/radar_station/src/Game_Map/src/game_map.cpp:66:6:[m[K [01;36m[Knote: [m[Kcandidate: ‘[01m[Kvoid Game_Map::get_parameter()[m[K’
[2.054s]    66 | void [01;36m[KGame_Map[m[K::get_parameter()
[2.054s]       |      [01;36m[K^~~~~~~~[m[K
[2.054s] [01m[K/home/mechax/zyb/radar_station/src/Game_Map/src/game_map.cpp:66:6:[m[K [01;36m[Knote: [m[K  candidate expects 0 arguments, 2 provided
[2.054s] [01m[K/home/mechax/zyb/radar_station/src/Game_Map/src/game_map.cpp:110:24:[m[K [01;31m[Kerror: [m[Kno matching function for call to ‘[01m[KGame_Map::get_parameter(const char [23], double&)[m[K’
[2.054s]   110 |     [01;31m[Kthis->get_parameter("/sensor_close/point3/z", close_objectPoints[2].z)[m[K;
[2.054s]       |     [01;31m[K~~~~~~~~~~~~~~~~~~~^~~~~~~~~~~~~~~~~~~~~~~~~~~~~~~~~~~~~~~~~~~~~~~~~~~[m[K
[2.054s] [01m[K/home/mechax/zyb/radar_station/src/Game_Map/src/game_map.cpp:66:6:[m[K [01;36m[Knote: [m[Kcandidate: ‘[01m[Kvoid Game_Map::get_parameter()[m[K’
[2.054s]    66 | void [01;36m[KGame_Map[m[K::get_parameter()
[2.054s]       |      [01;36m[K^~~~~~~~[m[K
[2.054s] [01m[K/home/mechax/zyb/radar_station/src/Game_Map/src/game_map.cpp:66:6:[m[K [01;36m[Knote: [m[K  candidate expects 0 arguments, 2 provided
[2.054s] [01m[K/home/mechax/zyb/radar_station/src/Game_Map/src/game_map.cpp:111:24:[m[K [01;31m[Kerror: [m[Kno matching function for call to ‘[01m[KGame_Map::get_parameter(const char [23], double&)[m[K’
[2.054s]   111 |     [01;31m[Kthis->get_parameter("/sensor_close/point4/x", close_objectPoints[3].x)[m[K;
[2.054s]       |     [01;31m[K~~~~~~~~~~~~~~~~~~~^~~~~~~~~~~~~~~~~~~~~~~~~~~~~~~~~~~~~~~~~~~~~~~~~~~[m[K
[2.054s] [01m[K/home/mechax/zyb/radar_station/src/Game_Map/src/game_map.cpp:66:6:[m[K [01;36m[Knote: [m[Kcandidate: ‘[01m[Kvoid Game_Map::get_parameter()[m[K’
[2.054s]    66 | void [01;36m[KGame_Map[m[K::get_parameter()
[2.054s]       |      [01;36m[K^~~~~~~~[m[K
[2.054s] [01m[K/home/mechax/zyb/radar_station/src/Game_Map/src/game_map.cpp:66:6:[m[K [01;36m[Knote: [m[K  candidate expects 0 arguments, 2 provided
[2.054s] [01m[K/home/mechax/zyb/radar_station/src/Game_Map/src/game_map.cpp:112:24:[m[K [01;31m[Kerror: [m[Kno matching function for call to ‘[01m[KGame_Map::get_parameter(const char [23], double&)[m[K’
[2.054s]   112 |     [01;31m[Kthis->get_parameter("/sensor_close/point4/y", close_objectPoints[3].y)[m[K;
[2.054s]       |     [01;31m[K~~~~~~~~~~~~~~~~~~~^~~~~~~~~~~~~~~~~~~~~~~~~~~~~~~~~~~~~~~~~~~~~~~~~~~[m[K
[2.054s] [01m[K/home/mechax/zyb/radar_station/src/Game_Map/src/game_map.cpp:66:6:[m[K [01;36m[Knote: [m[Kcandidate: ‘[01m[Kvoid Game_Map::get_parameter()[m[K’
[2.054s]    66 | void [01;36m[KGame_Map[m[K::get_parameter()
[2.054s]       |      [01;36m[K^~~~~~~~[m[K
[2.054s] [01m[K/home/mechax/zyb/radar_station/src/Game_Map/src/game_map.cpp:66:6:[m[K [01;36m[Knote: [m[K  candidate expects 0 arguments, 2 provided
[2.055s] [01m[K/home/mechax/zyb/radar_station/src/Game_Map/src/game_map.cpp:113:24:[m[K [01;31m[Kerror: [m[Kno matching function for call to ‘[01m[KGame_Map::get_parameter(const char [23], double&)[m[K’
[2.055s]   113 |     [01;31m[Kthis->get_parameter("/sensor_close/point4/z", close_objectPoints[3].z)[m[K;
[2.055s]       |     [01;31m[K~~~~~~~~~~~~~~~~~~~^~~~~~~~~~~~~~~~~~~~~~~~~~~~~~~~~~~~~~~~~~~~~~~~~~~[m[K
[2.055s] [01m[K/home/mechax/zyb/radar_station/src/Game_Map/src/game_map.cpp:66:6:[m[K [01;36m[Knote: [m[Kcandidate: ‘[01m[Kvoid Game_Map::get_parameter()[m[K’
[2.055s]    66 | void [01;36m[KGame_Map[m[K::get_parameter()
[2.055s]       |      [01;36m[K^~~~~~~~[m[K
[2.055s] [01m[K/home/mechax/zyb/radar_station/src/Game_Map/src/game_map.cpp:66:6:[m[K [01;36m[Knote: [m[K  candidate expects 0 arguments, 2 provided
[2.055s] [01m[K/home/mechax/zyb/radar_station/src/Game_Map/src/game_map.cpp:115:24:[m[K [01;31m[Kerror: [m[Kno matching function for call to ‘[01m[KGame_Map::get_parameter(const char [37], double&)[m[K’
[2.055s]   115 |     [01;31m[Kthis->get_parameter("/sensor_close/camera_matrix/zerozero", close_CamMatrix_.at<double>(0, 0))[m[K;
[2.055s]       |     [01;31m[K~~~~~~~~~~~~~~~~~~~^~~~~~~~~~~~~~~~~~~~~~~~~~~~~~~~~~~~~~~~~~~~~~~~~~~~~~~~~~~~~~~~~~~~~~~~~~~[m[K
[2.055s] [01m[K/home/mechax/zyb/radar_station/src/Game_Map/src/game_map.cpp:66:6:[m[K [01;36m[Knote: [m[Kcandidate: ‘[01m[Kvoid Game_Map::get_parameter()[m[K’
[2.055s]    66 | void [01;36m[KGame_Map[m[K::get_parameter()
[2.055s]       |      [01;36m[K^~~~~~~~[m[K
[2.055s] [01m[K/home/mechax/zyb/radar_station/src/Game_Map/src/game_map.cpp:66:6:[m[K [01;36m[Knote: [m[K  candidate expects 0 arguments, 2 provided
[2.055s] [01m[K/home/mechax/zyb/radar_station/src/Game_Map/src/game_map.cpp:116:24:[m[K [01;31m[Kerror: [m[Kno matching function for call to ‘[01m[KGame_Map::get_parameter(const char [36], double&)[m[K’
[2.055s]   116 |     [01;31m[Kthis->get_parameter("/sensor_close/camera_matrix/zerotwo", close_CamMatrix_.at<double>(0, 2))[m[K;
[2.055s]       |     [01;31m[K~~~~~~~~~~~~~~~~~~~^~~~~~~~~~~~~~~~~~~~~~~~~~~~~~~~~~~~~~~~~~~~~~~~~~~~~~~~~~~~~~~~~~~~~~~~~~[m[K
[2.055s] [01m[K/home/mechax/zyb/radar_station/src/Game_Map/src/game_map.cpp:66:6:[m[K [01;36m[Knote: [m[Kcandidate: ‘[01m[Kvoid Game_Map::get_parameter()[m[K’
[2.055s]    66 | void [01;36m[KGame_Map[m[K::get_parameter()
[2.055s]       |      [01;36m[K^~~~~~~~[m[K
[2.055s] [01m[K/home/mechax/zyb/radar_station/src/Game_Map/src/game_map.cpp:66:6:[m[K [01;36m[Knote: [m[K  candidate expects 0 arguments, 2 provided
[2.055s] [01m[K/home/mechax/zyb/radar_station/src/Game_Map/src/game_map.cpp:117:24:[m[K [01;31m[Kerror: [m[Kno matching function for call to ‘[01m[KGame_Map::get_parameter(const char [35], double&)[m[K’
[2.055s]   117 |     [01;31m[Kthis->get_parameter("/sensor_close/camera_matrix/oneone", close_CamMatrix_.at<double>(1, 1))[m[K;
[2.055s]       |     [01;31m[K~~~~~~~~~~~~~~~~~~~^~~~~~~~~~~~~~~~~~~~~~~~~~~~~~~~~~~~~~~~~~~~~~~~~~~~~~~~~~~~~~~~~~~~~~~~~[m[K
[2.055s] [01m[K/home/mechax/zyb/radar_station/src/Game_Map/src/game_map.cpp:66:6:[m[K [01;36m[Knote: [m[Kcandidate: ‘[01m[Kvoid Game_Map::get_parameter()[m[K’
[2.055s]    66 | void [01;36m[KGame_Map[m[K::get_parameter()
[2.055s]       |      [01;36m[K^~~~~~~~[m[K
[2.055s] [01m[K/home/mechax/zyb/radar_station/src/Game_Map/src/game_map.cpp:66:6:[m[K [01;36m[Knote: [m[K  candidate expects 0 arguments, 2 provided
[2.055s] [01m[K/home/mechax/zyb/radar_station/src/Game_Map/src/game_map.cpp:118:24:[m[K [01;31m[Kerror: [m[Kno matching function for call to ‘[01m[KGame_Map::get_parameter(const char [35], double&)[m[K’
[2.055s]   118 |     [01;31m[Kthis->get_parameter("/sensor_close/camera_matrix/onetwo", close_CamMatrix_.at<double>(1, 2))[m[K;
[2.055s]       |     [01;31m[K~~~~~~~~~~~~~~~~~~~^~~~~~~~~~~~~~~~~~~~~~~~~~~~~~~~~~~~~~~~~~~~~~~~~~~~~~~~~~~~~~~~~~~~~~~~~[m[K
[2.055s] [01m[K/home/mechax/zyb/radar_station/src/Game_Map/src/game_map.cpp:66:6:[m[K [01;36m[Knote: [m[Kcandidate: ‘[01m[Kvoid Game_Map::get_parameter()[m[K’
[2.055s]    66 | void [01;36m[KGame_Map[m[K::get_parameter()
[2.055s]       |      [01;36m[K^~~~~~~~[m[K
[2.056s] [01m[K/home/mechax/zyb/radar_station/src/Game_Map/src/game_map.cpp:66:6:[m[K [01;36m[Knote: [m[K  candidate expects 0 arguments, 2 provided
[2.056s] [01m[K/home/mechax/zyb/radar_station/src/Game_Map/src/game_map.cpp:119:24:[m[K [01;31m[Kerror: [m[Kno matching function for call to ‘[01m[KGame_Map::get_parameter(const char [35], double&)[m[K’
[2.056s]   119 |     [01;31m[Kthis->get_parameter("/sensor_close/camera_matrix/twotwo", close_CamMatrix_.at<double>(2, 2))[m[K;
[2.056s]       |     [01;31m[K~~~~~~~~~~~~~~~~~~~^~~~~~~~~~~~~~~~~~~~~~~~~~~~~~~~~~~~~~~~~~~~~~~~~~~~~~~~~~~~~~~~~~~~~~~~~[m[K
[2.056s] [01m[K/home/mechax/zyb/radar_station/src/Game_Map/src/game_map.cpp:66:6:[m[K [01;36m[Knote: [m[Kcandidate: ‘[01m[Kvoid Game_Map::get_parameter()[m[K’
[2.056s]    66 | void [01;36m[KGame_Map[m[K::get_parameter()
[2.056s]       |      [01;36m[K^~~~~~~~[m[K
[2.056s] [01m[K/home/mechax/zyb/radar_station/src/Game_Map/src/game_map.cpp:66:6:[m[K [01;36m[Knote: [m[K  candidate expects 0 arguments, 2 provided
[2.056s] [01m[K/home/mechax/zyb/radar_station/src/Game_Map/src/game_map.cpp:125:24:[m[K [01;31m[Kerror: [m[Kno matching function for call to ‘[01m[KGame_Map::get_parameter(const char [42], double&)[m[K’
[2.056s]   125 |     [01;31m[Kthis->get_parameter("/sensor_close/distortion_coefficient/zero", close_distCoeffs_.at<double>(0, 0))[m[K;
[2.056s]       |     [01;31m[K~~~~~~~~~~~~~~~~~~~^~~~~~~~~~~~~~~~~~~~~~~~~~~~~~~~~~~~~~~~~~~~~~~~~~~~~~~~~~~~~~~~~~~~~~~~~~~~~~~~~[m[K
[2.056s] [01m[K/home/mechax/zyb/radar_station/src/Game_Map/src/game_map.cpp:66:6:[m[K [01;36m[Knote: [m[Kcandidate: ‘[01m[Kvoid Game_Map::get_parameter()[m[K’
[2.056s]    66 | void [01;36m[KGame_Map[m[K::get_parameter()
[2.056s]       |      [01;36m[K^~~~~~~~[m[K
[2.056s] [01m[K/home/mechax/zyb/radar_station/src/Game_Map/src/game_map.cpp:66:6:[m[K [01;36m[Knote: [m[K  candidate expects 0 arguments, 2 provided
[2.056s] [01m[K/home/mechax/zyb/radar_station/src/Game_Map/src/game_map.cpp:126:24:[m[K [01;31m[Kerror: [m[Kno matching function for call to ‘[01m[KGame_Map::get_parameter(const char [41], double&)[m[K’
[2.056s]   126 |     [01;31m[Kthis->get_parameter("/sensor_close/distortion_coefficient/one", close_distCoeffs_.at<double>(1, 0))[m[K;
[2.056s]       |     [01;31m[K~~~~~~~~~~~~~~~~~~~^~~~~~~~~~~~~~~~~~~~~~~~~~~~~~~~~~~~~~~~~~~~~~~~~~~~~~~~~~~~~~~~~~~~~~~~~~~~~~~~[m[K
[2.056s] [01m[K/home/mechax/zyb/radar_station/src/Game_Map/src/game_map.cpp:66:6:[m[K [01;36m[Knote: [m[Kcandidate: ‘[01m[Kvoid Game_Map::get_parameter()[m[K’
[2.056s]    66 | void [01;36m[KGame_Map[m[K::get_parameter()
[2.056s]       |      [01;36m[K^~~~~~~~[m[K
[2.056s] [01m[K/home/mechax/zyb/radar_station/src/Game_Map/src/game_map.cpp:66:6:[m[K [01;36m[Knote: [m[K  candidate expects 0 arguments, 2 provided
[2.056s] [01m[K/home/mechax/zyb/radar_station/src/Game_Map/src/game_map.cpp:127:24:[m[K [01;31m[Kerror: [m[Kno matching function for call to ‘[01m[KGame_Map::get_parameter(const char [41], double&)[m[K’
[2.056s]   127 |     [01;31m[Kthis->get_parameter("/sensor_close/distortion_coefficient/two", close_distCoeffs_.at<double>(2, 0))[m[K;
[2.056s]       |     [01;31m[K~~~~~~~~~~~~~~~~~~~^~~~~~~~~~~~~~~~~~~~~~~~~~~~~~~~~~~~~~~~~~~~~~~~~~~~~~~~~~~~~~~~~~~~~~~~~~~~~~~~[m[K
[2.056s] [01m[K/home/mechax/zyb/radar_station/src/Game_Map/src/game_map.cpp:66:6:[m[K [01;36m[Knote: [m[Kcandidate: ‘[01m[Kvoid Game_Map::get_parameter()[m[K’
[2.056s]    66 | void [01;36m[KGame_Map[m[K::get_parameter()
[2.056s]       |      [01;36m[K^~~~~~~~[m[K
[2.056s] [01m[K/home/mechax/zyb/radar_station/src/Game_Map/src/game_map.cpp:66:6:[m[K [01;36m[Knote: [m[K  candidate expects 0 arguments, 2 provided
[2.056s] [01m[K/home/mechax/zyb/radar_station/src/Game_Map/src/game_map.cpp:128:24:[m[K [01;31m[Kerror: [m[Kno matching function for call to ‘[01m[KGame_Map::get_parameter(const char [43], double&)[m[K’
[2.056s]   128 |     [01;31m[Kthis->get_parameter("/sensor_close/distortion_coefficient/three", close_distCoeffs_.at<double>(3, 0))[m[K;
[2.056s]       |     [01;31m[K~~~~~~~~~~~~~~~~~~~^~~~~~~~~~~~~~~~~~~~~~~~~~~~~~~~~~~~~~~~~~~~~~~~~~~~~~~~~~~~~~~~~~~~~~~~~~~~~~~~~~[m[K
[2.056s] [01m[K/home/mechax/zyb/radar_station/src/Game_Map/src/game_map.cpp:66:6:[m[K [01;36m[Knote: [m[Kcandidate: ‘[01m[Kvoid Game_Map::get_parameter()[m[K’
[2.056s]    66 | void [01;36m[KGame_Map[m[K::get_parameter()
[2.056s]       |      [01;36m[K^~~~~~~~[m[K
[2.056s] [01m[K/home/mechax/zyb/radar_station/src/Game_Map/src/game_map.cpp:66:6:[m[K [01;36m[Knote: [m[K  candidate expects 0 arguments, 2 provided
[2.056s] [01m[K/home/mechax/zyb/radar_station/src/Game_Map/src/game_map.cpp:129:24:[m[K [01;31m[Kerror: [m[Kno matching function for call to ‘[01m[KGame_Map::get_parameter(const char [42], double&)[m[K’
[2.056s]   129 |     [01;31m[Kthis->get_parameter("/sensor_close/distortion_coefficient/four", close_distCoeffs_.at<double>(4, 0))[m[K;
[2.057s]       |     [01;31m[K~~~~~~~~~~~~~~~~~~~^~~~~~~~~~~~~~~~~~~~~~~~~~~~~~~~~~~~~~~~~~~~~~~~~~~~~~~~~~~~~~~~~~~~~~~~~~~~~~~~~[m[K
[2.057s] [01m[K/home/mechax/zyb/radar_station/src/Game_Map/src/game_map.cpp:66:6:[m[K [01;36m[Knote: [m[Kcandidate: ‘[01m[Kvoid Game_Map::get_parameter()[m[K’
[2.057s]    66 | void [01;36m[KGame_Map[m[K::get_parameter()
[2.057s]       |      [01;36m[K^~~~~~~~[m[K
[2.057s] [01m[K/home/mechax/zyb/radar_station/src/Game_Map/src/game_map.cpp:66:6:[m[K [01;36m[Knote: [m[K  candidate expects 0 arguments, 2 provided
[2.057s] [01m[K/home/mechax/zyb/radar_station/src/Game_Map/src/game_map.cpp:132:24:[m[K [01;31m[Kerror: [m[Kno matching function for call to ‘[01m[KGame_Map::get_parameter(const char [27], std::string&)[m[K’
[2.057s]   132 |     [01;31m[Kthis->get_parameter("/battle_state/battle_color", btlcolor)[m[K;
[2.057s]       |     [01;31m[K~~~~~~~~~~~~~~~~~~~^~~~~~~~~~~~~~~~~~~~~~~~~~~~~~~~~~~~~~~~[m[K
[2.057s] [01m[K/home/mechax/zyb/radar_station/src/Game_Map/src/game_map.cpp:66:6:[m[K [01;36m[Knote: [m[Kcandidate: ‘[01m[Kvoid Game_Map::get_parameter()[m[K’
[2.057s]    66 | void [01;36m[KGame_Map[m[K::get_parameter()
[2.057s]       |      [01;36m[K^~~~~~~~[m[K
[2.057s] [01m[K/home/mechax/zyb/radar_station/src/Game_Map/src/game_map.cpp:66:6:[m[K [01;36m[Knote: [m[K  candidate expects 0 arguments, 2 provided
[2.057s] [01m[K/home/mechax/zyb/radar_station/src/Game_Map/src/game_map.cpp:[m[K In member function ‘[01m[Kvoid Game_Map::camera_pnp_calibration()[m[K’:
[2.057s] [01m[K/home/mechax/zyb/radar_station/src/Game_Map/src/game_map.cpp:141:24:[m[K [01;31m[Kerror: [m[Kno matching function for call to ‘[01m[KGame_Map::get_parameter(const char [50], float&)[m[K’
[2.057s]   141 |     [01;31m[Kthis->get_parameter("/camera/list/closeCam/calibrationDefault/point1/x", x)[m[K;
[2.057s]       |     [01;31m[K~~~~~~~~~~~~~~~~~~~^~~~~~~~~~~~~~~~~~~~~~~~~~~~~~~~~~~~~~~~~~~~~~~~~~~~~~~~[m[K
[2.057s] [01m[K/home/mechax/zyb/radar_station/src/Game_Map/src/game_map.cpp:66:6:[m[K [01;36m[Knote: [m[Kcandidate: ‘[01m[Kvoid Game_Map::get_parameter()[m[K’
[2.057s]    66 | void [01;36m[KGame_Map[m[K::get_parameter()
[2.057s]       |      [01;36m[K^~~~~~~~[m[K
[2.057s] [01m[K/home/mechax/zyb/radar_station/src/Game_Map/src/game_map.cpp:66:6:[m[K [01;36m[Knote: [m[K  candidate expects 0 arguments, 2 provided
[2.057s] [01m[K/home/mechax/zyb/radar_station/src/Game_Map/src/game_map.cpp:142:24:[m[K [01;31m[Kerror: [m[Kno matching function for call to ‘[01m[KGame_Map::get_parameter(const char [50], float&)[m[K’
[2.057s]   142 |     [01;31m[Kthis->get_parameter("/camera/list/closeCam/calibrationDefault/point1/y", y)[m[K;
[2.057s]       |     [01;31m[K~~~~~~~~~~~~~~~~~~~^~~~~~~~~~~~~~~~~~~~~~~~~~~~~~~~~~~~~~~~~~~~~~~~~~~~~~~~[m[K
[2.057s] [01m[K/home/mechax/zyb/radar_station/src/Game_Map/src/game_map.cpp:66:6:[m[K [01;36m[Knote: [m[Kcandidate: ‘[01m[Kvoid Game_Map::get_parameter()[m[K’
[2.057s]    66 | void [01;36m[KGame_Map[m[K::get_parameter()
[2.057s]       |      [01;36m[K^~~~~~~~[m[K
[2.057s] [01m[K/home/mechax/zyb/radar_station/src/Game_Map/src/game_map.cpp:66:6:[m[K [01;36m[Knote: [m[K  candidate expects 0 arguments, 2 provided
[2.057s] [01m[K/home/mechax/zyb/radar_station/src/Game_Map/src/game_map.cpp:145:31:[m[K [01;31m[Kerror: [m[K‘[01m[KimgRows[m[K’ was not declared in this scope; did you mean ‘[01m[KimgRow[m[K’?
[2.057s]   145 |     close_imagePoints[0].y *= [01;31m[KimgRows[m[K;
[2.057s]       |                               [01;31m[K^~~~~~~[m[K
[2.057s]       |                               [32m[KimgRow[m[K
[2.057s] [01m[K/home/mechax/zyb/radar_station/src/Game_Map/src/game_map.cpp:147:24:[m[K [01;31m[Kerror: [m[Kno matching function for call to ‘[01m[KGame_Map::get_parameter(const char [50], float&)[m[K’
[2.057s]   147 |     [01;31m[Kthis->get_parameter("/camera/list/closeCam/calibrationDefault/point2/x", x)[m[K;
[2.057s]       |     [01;31m[K~~~~~~~~~~~~~~~~~~~^~~~~~~~~~~~~~~~~~~~~~~~~~~~~~~~~~~~~~~~~~~~~~~~~~~~~~~~[m[K
[2.057s] [01m[K/home/mechax/zyb/radar_station/src/Game_Map/src/game_map.cpp:66:6:[m[K [01;36m[Knote: [m[Kcandidate: ‘[01m[Kvoid Game_Map::get_parameter()[m[K’
[2.057s]    66 | void [01;36m[KGame_Map[m[K::get_parameter()
[2.057s]       |      [01;36m[K^~~~~~~~[m[K
[2.058s] [01m[K/home/mechax/zyb/radar_station/src/Game_Map/src/game_map.cpp:66:6:[m[K [01;36m[Knote: [m[K  candidate expects 0 arguments, 2 provided
[2.058s] [01m[K/home/mechax/zyb/radar_station/src/Game_Map/src/game_map.cpp:148:24:[m[K [01;31m[Kerror: [m[Kno matching function for call to ‘[01m[KGame_Map::get_parameter(const char [50], float&)[m[K’
[2.058s]   148 |     [01;31m[Kthis->get_parameter("/camera/list/closeCam/calibrationDefault/point2/y", y)[m[K;
[2.058s]       |     [01;31m[K~~~~~~~~~~~~~~~~~~~^~~~~~~~~~~~~~~~~~~~~~~~~~~~~~~~~~~~~~~~~~~~~~~~~~~~~~~~[m[K
[2.058s] [01m[K/home/mechax/zyb/radar_station/src/Game_Map/src/game_map.cpp:66:6:[m[K [01;36m[Knote: [m[Kcandidate: ‘[01m[Kvoid Game_Map::get_parameter()[m[K’
[2.058s]    66 | void [01;36m[KGame_Map[m[K::get_parameter()
[2.058s]       |      [01;36m[K^~~~~~~~[m[K
[2.058s] [01m[K/home/mechax/zyb/radar_station/src/Game_Map/src/game_map.cpp:66:6:[m[K [01;36m[Knote: [m[K  candidate expects 0 arguments, 2 provided
[2.058s] [01m[K/home/mechax/zyb/radar_station/src/Game_Map/src/game_map.cpp:153:24:[m[K [01;31m[Kerror: [m[Kno matching function for call to ‘[01m[KGame_Map::get_parameter(const char [50], float&)[m[K’
[2.058s]   153 |     [01;31m[Kthis->get_parameter("/camera/list/closeCam/calibrationDefault/point3/x", x)[m[K;
[2.058s]       |     [01;31m[K~~~~~~~~~~~~~~~~~~~^~~~~~~~~~~~~~~~~~~~~~~~~~~~~~~~~~~~~~~~~~~~~~~~~~~~~~~~[m[K
[2.058s] [01m[K/home/mechax/zyb/radar_station/src/Game_Map/src/game_map.cpp:66:6:[m[K [01;36m[Knote: [m[Kcandidate: ‘[01m[Kvoid Game_Map::get_parameter()[m[K’
[2.058s]    66 | void [01;36m[KGame_Map[m[K::get_parameter()
[2.058s]       |      [01;36m[K^~~~~~~~[m[K
[2.058s] [01m[K/home/mechax/zyb/radar_station/src/Game_Map/src/game_map.cpp:66:6:[m[K [01;36m[Knote: [m[K  candidate expects 0 arguments, 2 provided
[2.058s] [01m[K/home/mechax/zyb/radar_station/src/Game_Map/src/game_map.cpp:154:24:[m[K [01;31m[Kerror: [m[Kno matching function for call to ‘[01m[KGame_Map::get_parameter(const char [50], float&)[m[K’
[2.058s]   154 |     [01;31m[Kthis->get_parameter("/camera/list/closeCam/calibrationDefault/point3/y", y)[m[K;
[2.058s]       |     [01;31m[K~~~~~~~~~~~~~~~~~~~^~~~~~~~~~~~~~~~~~~~~~~~~~~~~~~~~~~~~~~~~~~~~~~~~~~~~~~~[m[K
[2.058s] [01m[K/home/mechax/zyb/radar_station/src/Game_Map/src/game_map.cpp:66:6:[m[K [01;36m[Knote: [m[Kcandidate: ‘[01m[Kvoid Game_Map::get_parameter()[m[K’
[2.058s]    66 | void [01;36m[KGame_Map[m[K::get_parameter()
[2.058s]       |      [01;36m[K^~~~~~~~[m[K
[2.058s] [01m[K/home/mechax/zyb/radar_station/src/Game_Map/src/game_map.cpp:66:6:[m[K [01;36m[Knote: [m[K  candidate expects 0 arguments, 2 provided
[2.058s] [01m[K/home/mechax/zyb/radar_station/src/Game_Map/src/game_map.cpp:159:24:[m[K [01;31m[Kerror: [m[Kno matching function for call to ‘[01m[KGame_Map::get_parameter(const char [50], float&)[m[K’
[2.058s]   159 |     [01;31m[Kthis->get_parameter("/camera/list/closeCam/calibrationDefault/point4/x", x)[m[K;
[2.058s]       |     [01;31m[K~~~~~~~~~~~~~~~~~~~^~~~~~~~~~~~~~~~~~~~~~~~~~~~~~~~~~~~~~~~~~~~~~~~~~~~~~~~[m[K
[2.058s] [01m[K/home/mechax/zyb/radar_station/src/Game_Map/src/game_map.cpp:66:6:[m[K [01;36m[Knote: [m[Kcandidate: ‘[01m[Kvoid Game_Map::get_parameter()[m[K’
[2.058s]    66 | void [01;36m[KGame_Map[m[K::get_parameter()
[2.058s]       |      [01;36m[K^~~~~~~~[m[K
[2.058s] [01m[K/home/mechax/zyb/radar_station/src/Game_Map/src/game_map.cpp:66:6:[m[K [01;36m[Knote: [m[K  candidate expects 0 arguments, 2 provided
[2.058s] [01m[K/home/mechax/zyb/radar_station/src/Game_Map/src/game_map.cpp:160:24:[m[K [01;31m[Kerror: [m[Kno matching function for call to ‘[01m[KGame_Map::get_parameter(const char [50], float&)[m[K’
[2.058s]   160 |     [01;31m[Kthis->get_parameter("/camera/list/closeCam/calibrationDefault/point4/y", y)[m[K;
[2.058s]       |     [01;31m[K~~~~~~~~~~~~~~~~~~~^~~~~~~~~~~~~~~~~~~~~~~~~~~~~~~~~~~~~~~~~~~~~~~~~~~~~~~~[m[K
[2.058s] [01m[K/home/mechax/zyb/radar_station/src/Game_Map/src/game_map.cpp:66:6:[m[K [01;36m[Knote: [m[Kcandidate: ‘[01m[Kvoid Game_Map::get_parameter()[m[K’
[2.058s]    66 | void [01;36m[KGame_Map[m[K::get_parameter()
[2.058s]       |      [01;36m[K^~~~~~~~[m[K
[2.058s] [01m[K/home/mechax/zyb/radar_station/src/Game_Map/src/game_map.cpp:66:6:[m[K [01;36m[Knote: [m[K  candidate expects 0 arguments, 2 provided
[2.058s] [01m[K/home/mechax/zyb/radar_station/src/Game_Map/src/game_map.cpp:169:50:[m[K [01;35m[Kwarning: [m[Kenum constant in boolean context [[01;35m[K]8;;https://gcc.gnu.org/onlinedocs/gcc/Warning-Options.html#index-Wint-in-bool-context-Wint-in-bool-context]8;;[m[K]
[2.058s]   169 |                        close_Rjacob, close_T,[01;35m[Kcv::SOLVEPNP_AP3P[m[K);
[2.058s]       |                                              [01;35m[K~~~~^~~~~~~~~~~~~[m[K
[2.058s] [01m[K/home/mechax/zyb/radar_station/src/Game_Map/src/game_map.cpp:174:24:[m[K [01;31m[Kerror: [m[Kno matching function for call to ‘[01m[KGame_Map::get_parameter(const char [48], float&)[m[K’
[2.058s]   174 |     [01;31m[Kthis->get_parameter("/camera/list/farCam/calibrationDefault/point1/x", x)[m[K;
[2.058s]       |     [01;31m[K~~~~~~~~~~~~~~~~~~~^~~~~~~~~~~~~~~~~~~~~~~~~~~~~~~~~~~~~~~~~~~~~~~~~~~~~~[m[K
[2.058s] [01m[K/home/mechax/zyb/radar_station/src/Game_Map/src/game_map.cpp:66:6:[m[K [01;36m[Knote: [m[Kcandidate: ‘[01m[Kvoid Game_Map::get_parameter()[m[K’
[2.059s]    66 | void [01;36m[KGame_Map[m[K::get_parameter()
[2.059s]       |      [01;36m[K^~~~~~~~[m[K
[2.059s] [01m[K/home/mechax/zyb/radar_station/src/Game_Map/src/game_map.cpp:66:6:[m[K [01;36m[Knote: [m[K  candidate expects 0 arguments, 2 provided
[2.059s] [01m[K/home/mechax/zyb/radar_station/src/Game_Map/src/game_map.cpp:175:24:[m[K [01;31m[Kerror: [m[Kno matching function for call to ‘[01m[KGame_Map::get_parameter(const char [48], float&)[m[K’
[2.059s]   175 |     [01;31m[Kthis->get_parameter("/camera/list/farCam/calibrationDefault/point1/y", y)[m[K;
[2.059s]       |     [01;31m[K~~~~~~~~~~~~~~~~~~~^~~~~~~~~~~~~~~~~~~~~~~~~~~~~~~~~~~~~~~~~~~~~~~~~~~~~~[m[K
[2.059s] [01m[K/home/mechax/zyb/radar_station/src/Game_Map/src/game_map.cpp:66:6:[m[K [01;36m[Knote: [m[Kcandidate: ‘[01m[Kvoid Game_Map::get_parameter()[m[K’
[2.059s]    66 | void [01;36m[KGame_Map[m[K::get_parameter()
[2.059s]       |      [01;36m[K^~~~~~~~[m[K
[2.059s] [01m[K/home/mechax/zyb/radar_station/src/Game_Map/src/game_map.cpp:66:6:[m[K [01;36m[Knote: [m[K  candidate expects 0 arguments, 2 provided
[2.059s] [01m[K/home/mechax/zyb/radar_station/src/Game_Map/src/game_map.cpp:180:24:[m[K [01;31m[Kerror: [m[Kno matching function for call to ‘[01m[KGame_Map::get_parameter(const char [48], float&)[m[K’
[2.059s]   180 |     [01;31m[Kthis->get_parameter("/camera/list/farCam/calibrationDefault/point2/x", x)[m[K;
[2.059s]       |     [01;31m[K~~~~~~~~~~~~~~~~~~~^~~~~~~~~~~~~~~~~~~~~~~~~~~~~~~~~~~~~~~~~~~~~~~~~~~~~~[m[K
[2.059s] [01m[K/home/mechax/zyb/radar_station/src/Game_Map/src/game_map.cpp:66:6:[m[K [01;36m[Knote: [m[Kcandidate: ‘[01m[Kvoid Game_Map::get_parameter()[m[K’
[2.059s]    66 | void [01;36m[KGame_Map[m[K::get_parameter()
[2.059s]       |      [01;36m[K^~~~~~~~[m[K
[2.059s] [01m[K/home/mechax/zyb/radar_station/src/Game_Map/src/game_map.cpp:66:6:[m[K [01;36m[Knote: [m[K  candidate expects 0 arguments, 2 provided
[2.059s] [01m[K/home/mechax/zyb/radar_station/src/Game_Map/src/game_map.cpp:181:24:[m[K [01;31m[Kerror: [m[Kno matching function for call to ‘[01m[KGame_Map::get_parameter(const char [48], float&)[m[K’
[2.059s]   181 |     [01;31m[Kthis->get_parameter("/camera/list/farCam/calibrationDefault/point2/y", y)[m[K;
[2.059s]       |     [01;31m[K~~~~~~~~~~~~~~~~~~~^~~~~~~~~~~~~~~~~~~~~~~~~~~~~~~~~~~~~~~~~~~~~~~~~~~~~~[m[K
[2.059s] [01m[K/home/mechax/zyb/radar_station/src/Game_Map/src/game_map.cpp:66:6:[m[K [01;36m[Knote: [m[Kcandidate: ‘[01m[Kvoid Game_Map::get_parameter()[m[K’
[2.059s]    66 | void [01;36m[KGame_Map[m[K::get_parameter()
[2.059s]       |      [01;36m[K^~~~~~~~[m[K
[2.059s] [01m[K/home/mechax/zyb/radar_station/src/Game_Map/src/game_map.cpp:66:6:[m[K [01;36m[Knote: [m[K  candidate expects 0 arguments, 2 provided
[2.059s] [01m[K/home/mechax/zyb/radar_station/src/Game_Map/src/game_map.cpp:186:24:[m[K [01;31m[Kerror: [m[Kno matching function for call to ‘[01m[KGame_Map::get_parameter(const char [48], float&)[m[K’
[2.059s]   186 |     [01;31m[Kthis->get_parameter("/camera/list/farCam/calibrationDefault/point3/x", x)[m[K;
[2.059s]       |     [01;31m[K~~~~~~~~~~~~~~~~~~~^~~~~~~~~~~~~~~~~~~~~~~~~~~~~~~~~~~~~~~~~~~~~~~~~~~~~~[m[K
[2.059s] [01m[K/home/mechax/zyb/radar_station/src/Game_Map/src/game_map.cpp:66:6:[m[K [01;36m[Knote: [m[Kcandidate: ‘[01m[Kvoid Game_Map::get_parameter()[m[K’
[2.059s]    66 | void [01;36m[KGame_Map[m[K::get_parameter()
[2.059s]       |      [01;36m[K^~~~~~~~[m[K
[2.059s] [01m[K/home/mechax/zyb/radar_station/src/Game_Map/src/game_map.cpp:66:6:[m[K [01;36m[Knote: [m[K  candidate expects 0 arguments, 2 provided
[2.059s] [01m[K/home/mechax/zyb/radar_station/src/Game_Map/src/game_map.cpp:187:24:[m[K [01;31m[Kerror: [m[Kno matching function for call to ‘[01m[KGame_Map::get_parameter(const char [48], float&)[m[K’
[2.059s]   187 |     [01;31m[Kthis->get_parameter("/camera/list/farCam/calibrationDefault/point3/y", y)[m[K;
[2.059s]       |     [01;31m[K~~~~~~~~~~~~~~~~~~~^~~~~~~~~~~~~~~~~~~~~~~~~~~~~~~~~~~~~~~~~~~~~~~~~~~~~~[m[K
[2.059s] [01m[K/home/mechax/zyb/radar_station/src/Game_Map/src/game_map.cpp:66:6:[m[K [01;36m[Knote: [m[Kcandidate: ‘[01m[Kvoid Game_Map::get_parameter()[m[K’
[2.059s]    66 | void [01;36m[KGame_Map[m[K::get_parameter()
[2.059s]       |      [01;36m[K^~~~~~~~[m[K
[2.059s] [01m[K/home/mechax/zyb/radar_station/src/Game_Map/src/game_map.cpp:66:6:[m[K [01;36m[Knote: [m[K  candidate expects 0 arguments, 2 provided
[2.059s] [01m[K/home/mechax/zyb/radar_station/src/Game_Map/src/game_map.cpp:192:24:[m[K [01;31m[Kerror: [m[Kno matching function for call to ‘[01m[KGame_Map::get_parameter(const char [48], float&)[m[K’
[2.060s]   192 |     [01;31m[Kthis->get_parameter("/camera/list/farCam/calibrationDefault/point4/x", x)[m[K;
[2.060s]       |     [01;31m[K~~~~~~~~~~~~~~~~~~~^~~~~~~~~~~~~~~~~~~~~~~~~~~~~~~~~~~~~~~~~~~~~~~~~~~~~~[m[K
[2.060s] [01m[K/home/mechax/zyb/radar_station/src/Game_Map/src/game_map.cpp:66:6:[m[K [01;36m[Knote: [m[Kcandidate: ‘[01m[Kvoid Game_Map::get_parameter()[m[K’
[2.060s]    66 | void [01;36m[KGame_Map[m[K::get_parameter()
[2.060s]       |      [01;36m[K^~~~~~~~[m[K
[2.060s] [01m[K/home/mechax/zyb/radar_station/src/Game_Map/src/game_map.cpp:66:6:[m[K [01;36m[Knote: [m[K  candidate expects 0 arguments, 2 provided
[2.060s] [01m[K/home/mechax/zyb/radar_station/src/Game_Map/src/game_map.cpp:193:24:[m[K [01;31m[Kerror: [m[Kno matching function for call to ‘[01m[KGame_Map::get_parameter(const char [48], float&)[m[K’
[2.060s]   193 |     [01;31m[Kthis->get_parameter("/camera/list/farCam/calibrationDefault/point4/y", y)[m[K;
[2.060s]       |     [01;31m[K~~~~~~~~~~~~~~~~~~~^~~~~~~~~~~~~~~~~~~~~~~~~~~~~~~~~~~~~~~~~~~~~~~~~~~~~~[m[K
[2.060s] [01m[K/home/mechax/zyb/radar_station/src/Game_Map/src/game_map.cpp:66:6:[m[K [01;36m[Knote: [m[Kcandidate: ‘[01m[Kvoid Game_Map::get_parameter()[m[K’
[2.060s]    66 | void [01;36m[KGame_Map[m[K::get_parameter()
[2.060s]       |      [01;36m[K^~~~~~~~[m[K
[2.060s] [01m[K/home/mechax/zyb/radar_station/src/Game_Map/src/game_map.cpp:66:6:[m[K [01;36m[Knote: [m[K  candidate expects 0 arguments, 2 provided
[2.060s] [01m[K/home/mechax/zyb/radar_station/src/Game_Map/src/game_map.cpp:202:47:[m[K [01;35m[Kwarning: [m[Kenum constant in boolean context [[01;35m[K]8;;https://gcc.gnu.org/onlinedocs/gcc/Warning-Options.html#index-Wint-in-bool-context-Wint-in-bool-context]8;;[m[K]
[2.060s]   202 |                        far_Rjacob, far_T, [01;35m[Kcv::SOLVEPNP_AP3P[m[K);
[2.060s]       |                                           [01;35m[K~~~~^~~~~~~~~~~~~[m[K
[2.060s] [01m[K/home/mechax/zyb/radar_station/src/Game_Map/src/game_map.cpp:[m[K In member function ‘[01m[Kvoid Game_Map::onMouse(int, int, int, int, void*)[m[K’:
[2.060s] [01m[K/home/mechax/zyb/radar_station/src/Game_Map/src/game_map.cpp:216:53:[m[K [01;35m[Kwarning: [m[Kunused parameter ‘[01m[Kflags[m[K’ [[01;35m[K]8;;https://gcc.gnu.org/onlinedocs/gcc/Warning-Options.html#index-Wunused-parameter-Wunused-parameter]8;;[m[K]
[2.060s]   216 | void Game_Map::onMouse(int event, int x, int y, [01;35m[Kint flags[m[K, void *userdata)
[2.060s]       |                                                 [01;35m[K~~~~^~~~~[m[K
[2.060s] [01m[K/home/mechax/zyb/radar_station/src/Game_Map/src/game_map.cpp:[m[K At global scope:
[2.060s] [01m[K/home/mechax/zyb/radar_station/src/Game_Map/src/game_map.cpp:232:8:[m[K [01;31m[Kerror: [m[Kno declaration matches ‘[01m[Kdouble Game_Map::Point2PointDist(const Point&, const Point3f&)[m[K’
[2.060s]   232 | double [01;31m[KGame_Map[m[K::Point2PointDist(const my_msgss::msg::Point &a, const Point3f &b)
[2.060s]       |        [01;31m[K^~~~~~~~[m[K
[2.060s] [01m[K/home/mechax/zyb/radar_station/src/Game_Map/src/game_map.cpp:232:8:[m[K [01;36m[Knote: [m[Kno functions named ‘[01m[Kdouble Game_Map::Point2PointDist(const Point&, const Point3f&)[m[K’
[2.060s] In file included from [01m[K/home/mechax/zyb/radar_station/src/Game_Map/src/game_map.cpp:1[m[K:
[2.060s] [01m[K/home/mechax/zyb/radar_station/src/Game_Map/include/game_map.hpp:15:7:[m[K [01;36m[Knote: [m[K‘[01m[Kclass Game_Map[m[K’ defined here
[2.060s]    15 | class [01;36m[KGame_Map[m[K : public::rclcpp::Node
[2.060s]       |       [01;36m[K^~~~~~~~[m[K
[2.060s] [01m[K/home/mechax/zyb/radar_station/src/Game_Map/src/game_map.cpp:244:8:[m[K [01;31m[Kerror: [m[Kno declaration matches ‘[01m[Kdouble Game_Map::calculate_dist(const Point&, const Point&)[m[K’
[2.060s]   244 | double [01;31m[KGame_Map[m[K::calculate_dist(const my_msgss::msg::Point &a, const my_msgss::msg::Point &b) {
[2.060s]       |        [01;31m[K^~~~~~~~[m[K
[2.060s] [01m[K/home/mechax/zyb/radar_station/src/Game_Map/src/game_map.cpp:244:8:[m[K [01;36m[Knote: [m[Kno functions named ‘[01m[Kdouble Game_Map::calculate_dist(const Point&, const Point&)[m[K’
[2.060s] In file included from [01m[K/home/mechax/zyb/radar_station/src/Game_Map/src/game_map.cpp:1[m[K:
[2.060s] [01m[K/home/mechax/zyb/radar_station/src/Game_Map/include/game_map.hpp:15:7:[m[K [01;36m[Knote: [m[K‘[01m[Kclass Game_Map[m[K’ defined here
[2.060s]    15 | class [01;36m[KGame_Map[m[K : public::rclcpp::Node
[2.060s]       |       [01;36m[K^~~~~~~~[m[K
[2.060s] [01m[K/home/mechax/zyb/radar_station/src/Game_Map/src/game_map.cpp:255:6:[m[K [01;31m[Kerror: [m[Kno declaration matches ‘[01m[Kbool Game_Map::is_enemy_car(uint8_t)[m[K’
[2.060s]   255 | bool [01;31m[KGame_Map[m[K::is_enemy_car(uint8_t id) {
[2.060s]       |      [01;31m[K^~~~~~~~[m[K
[2.060s] [01m[K/home/mechax/zyb/radar_station/src/Game_Map/src/game_map.cpp:255:6:[m[K [01;36m[Knote: [m[Kno functions named ‘[01m[Kbool Game_Map::is_enemy_car(uint8_t)[m[K’
[2.060s] In file included from [01m[K/home/mechax/zyb/radar_station/src/Game_Map/src/game_map.cpp:1[m[K:
[2.060s] [01m[K/home/mechax/zyb/radar_station/src/Game_Map/include/game_map.hpp:15:7:[m[K [01;36m[Knote: [m[K‘[01m[Kclass Game_Map[m[K’ defined here
[2.061s]    15 | class [01;36m[KGame_Map[m[K : public::rclcpp::Node
[2.061s]       |       [01;36m[K^~~~~~~~[m[K
[2.061s] [01m[K/home/mechax/zyb/radar_station/src/Game_Map/src/game_map.cpp:[m[K In member function ‘[01m[Kvoid Game_Map::remove_duplicate()[m[K’:
[2.061s] [01m[K/home/mechax/zyb/radar_station/src/Game_Map/src/game_map.cpp:280:13:[m[K [01;35m[Kwarning: [m[Kunused variable ‘[01m[Ktest2[m[K’ [[01;35m[K]8;;https://gcc.gnu.org/onlinedocs/gcc/Warning-Options.html#index-Wunused-variable-Wunused-variable]8;;[m[K]
[2.061s]   280 |         int [01;35m[Ktest2[m[K=pointPolygonTest(right_region, calculate_pixel_codi(i), false);
[2.061s]       |             [01;35m[K^~~~~[m[K
[2.061s] [01m[K/home/mechax/zyb/radar_station/src/Game_Map/src/game_map.cpp:291:13:[m[K [01;35m[Kwarning: [m[Kunused variable ‘[01m[Ktest2[m[K’ [[01;35m[K]8;;https://gcc.gnu.org/onlinedocs/gcc/Warning-Options.html#index-Wunused-variable-Wunused-variable]8;;[m[K]
[2.061s]   291 |         int [01;35m[Ktest2[m[K=pointPolygonTest(left_region, calculate_pixel_codi(i), false);
[2.061s]       |             [01;35m[K^~~~~[m[K
[2.063s] [01m[K/home/mechax/zyb/radar_station/src/Game_Map/src/game_map.cpp:304:69:[m[K [01;31m[Kerror: [m[K‘[01m[Kcalculate_dist[m[K’ was not declared in this scope
[2.063s]   304 |             if (it_left->id == it_right->id && it_left->id == 12 && [01;31m[Kcalculate_dist[m[K(*it_left, *it_right) < 5) {
[2.063s]       |                                                                     [01;31m[K^~~~~~~~~~~~~~[m[K
[2.064s] [01m[K/home/mechax/zyb/radar_station/src/Game_Map/src/game_map.cpp:[m[K In member function ‘[01m[Kvoid Game_Map::warn_on_map(const Points&, cv::Mat&)[m[K’:
[2.064s] [01m[K/home/mechax/zyb/radar_station/src/Game_Map/src/game_map.cpp:361:23:[m[K [01;35m[Kwarning: [m[Kcomparison of integer expressions of different signedness: ‘[01m[Kint[m[K’ and ‘[01m[Kstd::vector<std::vector<cv::Point_<int> > >::size_type[m[K’ {aka ‘[01m[Klong unsigned int[m[K’} [[01;35m[K]8;;https://gcc.gnu.org/onlinedocs/gcc/Warning-Options.html#index-Wsign-compare-Wsign-compare]8;;[m[K]
[2.064s]   361 |     for (int i = 0; [01;35m[Ki < our_warn_regions.size()[m[K; i++) {
[2.064s]       |                     [01;35m[K~~^~~~~~~~~~~~~~~~~~~~~~~~~[m[K
[2.071s] [01m[K/home/mechax/zyb/radar_station/src/Game_Map/src/game_map.cpp:363:17:[m[K [01;31m[Kerror: [m[K‘[01m[Kis_enemy_car[m[K’ was not declared in this scope
[2.071s]   363 |             if ([01;31m[Kis_enemy_car[m[K(car.id) && pointPolygonTest(our_half_field,
[2.071s]       |                 [01;31m[K^~~~~~~~~~~~[m[K
[2.071s] [01m[K/home/mechax/zyb/radar_station/src/Game_Map/src/game_map.cpp:377:23:[m[K [01;35m[Kwarning: [m[Kcomparison of integer expressions of different signedness: ‘[01m[Kint[m[K’ and ‘[01m[Kstd::vector<my_msgss::msg::Point_<std::allocator<void> >, std::allocator<my_msgss::msg::Point_<std::allocator<void> > > >::size_type[m[K’ {aka ‘[01m[Klong unsigned int[m[K’} [[01;35m[K]8;;https://gcc.gnu.org/onlinedocs/gcc/Warning-Options.html#index-Wsign-compare-Wsign-compare]8;;[m[K]
[2.072s]   377 |     for (int i = 0; [01;35m[Ki < relative_coordinates.data.size()[m[K; i++) {
[2.072s]       |                     [01;35m[K~~^~~~~~~~~~~~~~~~~~~~~~~~~~~~~~~~~~[m[K
[2.079s] [01m[K/home/mechax/zyb/radar_station/src/Game_Map/src/game_map.cpp:378:16:[m[K [01;31m[Kerror: [m[K‘[01m[KPoint2PointDist[m[K’ was not declared in this scope
[2.080s]   378 |         dist = [01;31m[KPoint2PointDist[m[K(relative_coordinates.data[i], Point3f(0, 0, 0));
[2.080s]       |                [01;31m[K^~~~~~~~~~~~~~~[m[K
[2.080s] [01m[K/home/mechax/zyb/radar_station/src/Game_Map/src/game_map.cpp:387:23:[m[K [01;35m[Kwarning: [m[Kcomparison of integer expressions of different signedness: ‘[01m[Kint[m[K’ and ‘[01m[Kstd::vector<std::vector<cv::Point_<int> > >::size_type[m[K’ {aka ‘[01m[Klong unsigned int[m[K’} [[01;35m[K]8;;https://gcc.gnu.org/onlinedocs/gcc/Warning-Options.html#index-Wsign-compare-Wsign-compare]8;;[m[K]
[2.080s]   387 |     for (int i = 0; [01;35m[Ki < enemy_warn_regions.size()[m[K; i++) {
[2.080s]       |                     [01;35m[K~~^~~~~~~~~~~~~~~~~~~~~~~~~~~[m[K
[2.086s] [01m[K/home/mechax/zyb/radar_station/src/Game_Map/src/game_map.cpp:389:17:[m[K [01;31m[Kerror: [m[K‘[01m[Kis_enemy_car[m[K’ was not declared in this scope
[2.086s]   389 |             if ([01;31m[Kis_enemy_car[m[K(car.id) && pointPolygonTest(enemy_warn_regions[i],
[2.086s]       |                 [01;31m[K^~~~~~~~~~~~[m[K
[2.088s] [01m[K/home/mechax/zyb/radar_station/src/Game_Map/src/game_map.cpp:[m[K At global scope:
[2.088s] [01m[K/home/mechax/zyb/radar_station/src/Game_Map/src/game_map.cpp:421:6:[m[K [01;31m[Kerror: [m[Kno declaration matches ‘[01m[Kvoid Game_Map::outpost_Callback(const Distpoint&)[m[K’
[2.088s]   421 | void [01;31m[KGame_Map[m[K::outpost_Callback(const my_msgss::msg::Distpoint &msg) {
[2.088s]       |      [01;31m[K^~~~~~~~[m[K
[2.088s] In file included from [01m[K/home/mechax/zyb/radar_station/src/Game_Map/src/game_map.cpp:1[m[K:
[2.088s] [01m[K/home/mechax/zyb/radar_station/src/Game_Map/include/game_map.hpp:32:10:[m[K [01;36m[Knote: [m[Kcandidate is: ‘[01m[Kvoid Game_Map::outpost_Callback(const Distpoints&)[m[K’
[2.088s]    32 |     void [01;36m[Koutpost_Callback[m[K(const my_msgss::msg::Distpoints &msg);
[2.088s]       |          [01;36m[K^~~~~~~~~~~~~~~~[m[K
[2.089s] In file included from [01m[K/home/mechax/zyb/radar_station/src/Game_Map/src/game_map.cpp:1[m[K:
[2.089s] [01m[K/home/mechax/zyb/radar_station/src/Game_Map/include/game_map.hpp:15:7:[m[K [01;36m[Knote: [m[K‘[01m[Kclass Game_Map[m[K’ defined here
[2.089s]    15 | class [01;36m[KGame_Map[m[K : public::rclcpp::Node
[2.089s]       |       [01;36m[K^~~~~~~~[m[K
[2.089s] [01m[K/home/mechax/zyb/radar_station/src/Game_Map/src/game_map.cpp:444:9:[m[K [01;31m[Kerror: [m[Kno declaration matches ‘[01m[Kcv::Point2f Game_Map::calculate_pixel_text_codi(const Point&)[m[K’
[2.089s]   444 | Point2f [01;31m[KGame_Map[m[K::calculate_pixel_text_codi(const my_msgss::msg::Point &point) {
[2.089s]       |         [01;31m[K^~~~~~~~[m[K
[2.089s] [01m[K/home/mechax/zyb/radar_station/src/Game_Map/src/game_map.cpp:444:9:[m[K [01;36m[Knote: [m[Kno functions named ‘[01m[Kcv::Point2f Game_Map::calculate_pixel_text_codi(const Point&)[m[K’
[2.089s] In file included from [01m[K/home/mechax/zyb/radar_station/src/Game_Map/src/game_map.cpp:1[m[K:
[2.089s] [01m[K/home/mechax/zyb/radar_station/src/Game_Map/include/game_map.hpp:15:7:[m[K [01;36m[Knote: [m[K‘[01m[Kclass Game_Map[m[K’ defined here
[2.089s]    15 | class [01;36m[KGame_Map[m[K : public::rclcpp::Node
[2.089s]       |       [01;36m[K^~~~~~~~[m[K
[2.096s] [01m[K/home/mechax/zyb/radar_station/src/Game_Map/src/game_map.cpp:[m[K In member function ‘[01m[Kvoid Game_Map::draw_point_on_map(const Point&, cv::Mat&)[m[K’:
[2.096s] [01m[K/home/mechax/zyb/radar_station/src/Game_Map/src/game_map.cpp:465:17:[m[K [01;31m[Kerror: [m[K‘[01m[Kcalculate_pixel_text_codi[m[K’ was not declared in this scope; did you mean ‘[01m[Kcalculate_pixel_codi[m[K’?
[2.096s]   465 |                 [01;31m[Kcalculate_pixel_text_codi[m[K(point), cv::FONT_HERSHEY_SIMPLEX, 0.7,
[2.096s]       |                 [01;31m[K^~~~~~~~~~~~~~~~~~~~~~~~~[m[K
[2.096s]       |                 [32m[Kcalculate_pixel_codi[m[K
[2.097s] [01m[K/home/mechax/zyb/radar_station/src/Game_Map/src/game_map.cpp:[m[K In member function ‘[01m[Kvoid Game_Map::draw_warn_region(cv::Mat&, const std::vector<std::vector<cv::Point_<int> > >&, const std::vector<std::vector<cv::Point_<int> > >&)[m[K’:
[2.097s] [01m[K/home/mechax/zyb/radar_station/src/Game_Map/src/game_map.cpp:480:31:[m[K [01;35m[Kwarning: [m[Kunused variable ‘[01m[Kregion[m[K’ [[01;35m[K]8;;https://gcc.gnu.org/onlinedocs/gcc/Warning-Options.html#index-Wunused-variable-Wunused-variable]8;;[m[K]
[2.097s]   480 |     for (const vector<Point> &[01;35m[Kregion[m[K: our_regions) {
[2.097s]       |                               [01;35m[K^~~~~~[m[K
[2.097s] [01m[K/home/mechax/zyb/radar_station/src/Game_Map/src/game_map.cpp:483:31:[m[K [01;35m[Kwarning: [m[Kunused variable ‘[01m[Kregion[m[K’ [[01;35m[K]8;;https://gcc.gnu.org/onlinedocs/gcc/Warning-Options.html#index-Wunused-variable-Wunused-variable]8;;[m[K]
[2.097s]   483 |     for (const vector<Point> &[01;35m[Kregion[m[K: enemy_regions) {
[2.097s]       |                               [01;35m[K^~~~~~[m[K
[2.097s] [01m[K/home/mechax/zyb/radar_station/src/Game_Map/src/game_map.cpp:[m[K In member function ‘[01m[Kvoid Game_Map::far_distPointCallback(const Distpoints&)[m[K’:
[2.097s] [01m[K/home/mechax/zyb/radar_station/src/Game_Map/src/game_map.cpp:494:23:[m[K [01;35m[Kwarning: [m[Kcomparison of integer expressions of different signedness: ‘[01m[Kint[m[K’ and ‘[01m[Kstd::vector<my_msgss::msg::Distpoint_<std::allocator<void> >, std::allocator<my_msgss::msg::Distpoint_<std::allocator<void> > > >::size_type[m[K’ {aka ‘[01m[Klong unsigned int[m[K’} [[01;35m[K]8;;https://gcc.gnu.org/onlinedocs/gcc/Warning-Options.html#index-Wsign-compare-Wsign-compare]8;;[m[K]
[2.097s]   494 |     for (int i = 0; [01;35m[Ki < input.data.size()[m[K; i++) {
[2.097s]       |                     [01;35m[K~~^~~~~~~~~~~~~~~~~~~[m[K
[2.105s] [01m[K/home/mechax/zyb/radar_station/src/Game_Map/src/game_map.cpp:[m[K In member function ‘[01m[Kvoid Game_Map::far_calibration(const Points&)[m[K’:
[2.105s] [01m[K/home/mechax/zyb/radar_station/src/Game_Map/src/game_map.cpp:557:40:[m[K [01;31m[Kerror: [m[K‘[01m[KimgRows[m[K’ was not declared in this scope; did you mean ‘[01m[KimgRow[m[K’?
[2.105s]   557 |         far_imagePoints[point.id].y *= [01;31m[KimgRows[m[K;
[2.105s]       |                                        [01;31m[K^~~~~~~[m[K
[2.105s]       |                                        [32m[KimgRow[m[K
[2.106s] [01m[K/home/mechax/zyb/radar_station/src/Game_Map/src/game_map.cpp:[m[K In member function ‘[01m[Kvoid Game_Map::close_distPointCallback(const Distpoints&)[m[K’:
[2.106s] [01m[K/home/mechax/zyb/radar_station/src/Game_Map/src/game_map.cpp:580:23:[m[K [01;35m[Kwarning: [m[Kcomparison of integer expressions of different signedness: ‘[01m[Kint[m[K’ and ‘[01m[Kstd::vector<my_msgss::msg::Distpoint_<std::allocator<void> >, std::allocator<my_msgss::msg::Distpoint_<std::allocator<void> > > >::size_type[m[K’ {aka ‘[01m[Klong unsigned int[m[K’} [[01;35m[K]8;;https://gcc.gnu.org/onlinedocs/gcc/Warning-Options.html#index-Wsign-compare-Wsign-compare]8;;[m[K]
[2.106s]   580 |     for (int i = 0; [01;35m[Ki < input.data.size()[m[K; i++) {
[2.107s]       |                     [01;35m[K~~^~~~~~~~~~~~~~~~~~~[m[K
[2.112s] [01m[K/home/mechax/zyb/radar_station/src/Game_Map/src/game_map.cpp:[m[K In member function ‘[01m[Kvoid Game_Map::close_calibration(const Points&)[m[K’:
[2.112s] [01m[K/home/mechax/zyb/radar_station/src/Game_Map/src/game_map.cpp:634:42:[m[K [01;31m[Kerror: [m[K‘[01m[KimgRows[m[K’ was not declared in this scope; did you mean ‘[01m[KimgRow[m[K’?
[2.112s]   634 |         close_imagePoints[point.id].y *= [01;31m[KimgRows[m[K;
[2.112s]       |                                          [01;31m[K^~~~~~~[m[K
[2.112s]       |                                          [32m[KimgRow[m[K
[2.113s] [01m[K/home/mechax/zyb/radar_station/src/Game_Map/src/game_map.cpp:[m[K In function ‘[01m[Kint main(int, char**)[m[K’:
[2.113s] [01m[K/home/mechax/zyb/radar_station/src/Game_Map/src/game_map.cpp:649:14:[m[K [01;35m[Kwarning: [m[Kunused parameter ‘[01m[Kargc[m[K’ [[01;35m[K]8;;https://gcc.gnu.org/onlinedocs/gcc/Warning-Options.html#index-Wunused-parameter-Wunused-parameter]8;;[m[K]
[2.113s]   649 | int main([01;35m[Kint argc[m[K, char* argv[])
[2.113s]       |          [01;35m[K~~~~^~~~[m[K
[2.113s] [01m[K/home/mechax/zyb/radar_station/src/Game_Map/src/game_map.cpp:649:26:[m[K [01;35m[Kwarning: [m[Kunused parameter ‘[01m[Kargv[m[K’ [[01;35m[K]8;;https://gcc.gnu.org/onlinedocs/gcc/Warning-Options.html#index-Wunused-parameter-Wunused-parameter]8;;[m[K]
[2.114s]   649 | int main(int argc, [01;35m[Kchar* argv[][m[K)
[2.114s]       |                    [01;35m[K~~~~~~^~~~~~[m[K
[3.140s] gmake[2]: *** [CMakeFiles/Game_Map.dir/build.make:76: CMakeFiles/Game_Map.dir/src/game_map.cpp.o] Error 1
[3.141s] gmake[1]: *** [CMakeFiles/Makefile2:137: CMakeFiles/Game_Map.dir/all] Error 2
[3.141s] gmake: *** [Makefile:146: all] Error 2
[3.143s] Invoked command in '/home/mechax/zyb/radar_station/build/Game_Map' returned '2': AMENT_PREFIX_PATH=/home/mechax/zyb/radar_station/install/my_msgss:${AMENT_PREFIX_PATH} CMAKE_PREFIX_PATH=/home/mechax/zyb/radar_station/install/my_msgss:/home/mechax/ws_livox/install/livox_ros2_driver:/home/mechax/ws_livox/install/livox_sdk_vendor:/home/mechax/ws_livox/install/livox_interfaces:/opt/ros/humble LD_LIBRARY_PATH=/home/mechax/zyb/radar_station/install/my_msgss/lib:${LD_LIBRARY_PATH} PYTHONPATH=/home/mechax/zyb/radar_station/install/my_msgss/local/lib/python3.10/dist-packages:${PYTHONPATH} /usr/bin/cmake --build /home/mechax/zyb/radar_station/build/Game_Map -- -j16 -l16
