[ 12%] [34m[1mAutomatic MOC and UIC for target Qt5_displayer[0m
[ 12%] Built target Qt5_displayer_autogen
[35m[1mConsolidate compiler generated dependencies of target Qt5_displayer[0m
[ 25%] [32mBuilding CXX object CMakeFiles/Qt5_displayer.dir/Qt5_displayer_autogen/mocs_compilation.cpp.o[0m
[ 37%] [32mBuilding CXX object CMakeFiles/Qt5_displayer.dir/src/qtnode.cpp.o[0m
[ 50%] [32mBuilding CXX object CMakeFiles/Qt5_displayer.dir/src/main.cpp.o[0m
[ 62%] [32mBuilding CXX object CMakeFiles/Qt5_displayer.dir/src/radarstation.cpp.o[0m
[01m[K/home/mechax/zyb/radar_station/src/Qt5_displayer/src/qtnode.cpp:3:1:[m[K [01;31m[Kerror: [m[K‘[01m[KqtNode[m[K’ does not name a type; did you mean ‘[01m[KmyqtNode[m[K’?
    3 | [01;31m[KqtNode[m[K::qtNode() :
      | [01;31m[K^~~~~~[m[K
      | [32m[KmyqtNode[m[K
[01m[K/home/mechax/zyb/radar_station/src/Qt5_displayer/src/qtnode.cpp:10:1:[m[K [01;31m[Kerror: [m[K‘[01m[KqtNode[m[K’ does not name a type; did you mean ‘[01m[KmyqtNode[m[K’?
   10 | [01;31m[KqtNode[m[K::~qtNode()
      | [01;31m[K^~~~~~[m[K
      | [32m[KmyqtNode[m[K
[01m[K/home/mechax/zyb/radar_station/src/Qt5_displayer/src/qtnode.cpp:57:6:[m[K [01;31m[Kerror: [m[K‘[01m[KqtNode[m[K’ has not been declared
   57 | void [01;31m[KqtNode[m[K::run()
      |      [01;31m[K^~~~~~[m[K
[01m[K/home/mechax/zyb/radar_station/src/Qt5_displayer/src/qtnode.cpp:[m[K In function ‘[01m[Kvoid run()[m[K’:
[01m[K/home/mechax/zyb/radar_station/src/Qt5_displayer/src/qtnode.cpp:59:18:[m[K [01;31m[Kerror: [m[K‘[01m[Knode[m[K’ was not declared in this scope
   59 |     rclcpp::spin([01;31m[Knode[m[K);
      |                  [01;31m[K^~~~[m[K
In file included from [01m[K/home/mechax/zyb/radar_station/build/Qt5_displayer/Qt5_displayer_autogen/6YEA5652QU/../../../../src/Qt5_displayer/include/radarstation.h:8[m[K,
                 from [01m[K/home/mechax/zyb/radar_station/build/Qt5_displayer/Qt5_displayer_autogen/6YEA5652QU/moc_radarstation.cpp:10[m[K,
                 from [01m[K/home/mechax/zyb/radar_station/build/Qt5_displayer/Qt5_displayer_autogen/mocs_compilation.cpp:4[m[K:
[01m[K/home/mechax/zyb/radar_station/build/Qt5_displayer/Qt5_displayer_autogen/6YEA5652QU/../../../../src/Qt5_displayer/include/qtnode.h:12:7:[m[K [01;31m[Kerror: [m[Kredefinition of ‘[01m[Kclass myqtNode[m[K’
   12 | class [01;31m[KmyqtNode[m[K : public QThread
      |       [01;31m[K^~~~~~~~[m[K
In file included from [01m[K/home/mechax/zyb/radar_station/build/Qt5_displayer/Qt5_displayer_autogen/6YEA5652QU/moc_qtnode.cpp:10[m[K,
                 from [01m[K/home/mechax/zyb/radar_station/build/Qt5_displayer/Qt5_displayer_autogen/mocs_compilation.cpp:3[m[K:
[01m[K/home/mechax/zyb/radar_station/build/Qt5_displayer/Qt5_displayer_autogen/6YEA5652QU/../../../../src/Qt5_displayer/include/qtnode.h:12:7:[m[K [01;36m[Knote: [m[Kprevious definition of ‘[01m[Kclass myqtNode[m[K’
   12 | class [01;36m[KmyqtNode[m[K : public QThread
      |       [01;36m[K^~~~~~~~[m[K
gmake[2]: *** [CMakeFiles/Qt5_displayer.dir/build.make:118: CMakeFiles/Qt5_displayer.dir/src/qtnode.cpp.o] Error 1
gmake[2]: *** Waiting for unfinished jobs....
gmake[2]: *** [CMakeFiles/Qt5_displayer.dir/build.make:76: CMakeFiles/Qt5_displayer.dir/Qt5_displayer_autogen/mocs_compilation.cpp.o] Error 1
gmake[1]: *** [CMakeFiles/Makefile2:138: CMakeFiles/Qt5_displayer.dir/all] Error 2
gmake: *** [Makefile:146: all] Error 2
