[0.096s] Invoking command in '/home/mechax/zyb/radar_station/build/Qt5_displayer': AMENT_PREFIX_PATH=/home/mechax/zyb/radar_station/install/my_msgss:${AMENT_PREFIX_PATH} CMAKE_PREFIX_PATH=/home/mechax/zyb/radar_station/install/my_msgss:/home/mechax/ws_livox/install/livox_ros2_driver:/home/mechax/ws_livox/install/livox_sdk_vendor:/home/mechax/ws_livox/install/livox_interfaces:/opt/ros/humble LD_LIBRARY_PATH=/home/mechax/zyb/radar_station/install/my_msgss/lib:${LD_LIBRARY_PATH} PYTHONPATH=/home/mechax/zyb/radar_station/install/my_msgss/local/lib/python3.10/dist-packages:${PYTHONPATH} /usr/bin/cmake --build /home/mechax/zyb/radar_station/build/Qt5_displayer -- -j16 -l16
[0.144s] [ 12%] [34m[1mAutomatic MOC and UIC for target Qt5_displayer[0m
[0.162s] [ 12%] Built target Qt5_displayer_autogen
[0.173s] [35m[1mConsolidate compiler generated dependencies of target Qt5_displayer[0m
[0.193s] [ 25%] [32mBuilding CXX object CMakeFiles/Qt5_displayer.dir/src/radarstation.cpp.o[0m
[2.970s] [01m[K/home/mechax/zyb/radar_station/src/Qt5_displayer/src/radarstation.cpp:[m[K In member function ‘[01m[Kvoid radarStation::pointsUpdate()[m[K’:
[2.970s] [01m[K/home/mechax/zyb/radar_station/src/Qt5_displayer/src/radarstation.cpp:170:20:[m[K [01;35m[Kwarning: [m[Kcomparison of integer expressions of different signedness: ‘[01m[Kint[m[K’ and ‘[01m[Kstd::vector<my_msgss::msg::Point_<std::allocator<void> >, std::allocator<my_msgss::msg::Point_<std::allocator<void> > > >::size_type[m[K’ {aka ‘[01m[Klong unsigned int[m[K’} [[01;35m[K]8;;https://gcc.gnu.org/onlinedocs/gcc/Warning-Options.html#index-Wsign-compare-Wsign-compare]8;;[m[K]
[2.970s]   170 |     for(int i = 0;[01;35m[Ki<qpoints.data.size()[m[K;i++)
[2.971s]       |                   [01;35m[K~^~~~~~~~~~~~~~~~~~~~[m[K
[3.854s] [ 37%] [32m[1mLinking CXX executable Qt5_displayer[0m
[4.485s] /usr/bin/ld: warning: libopencv_imgcodecs.so.4.5d, needed by /opt/ros/humble/lib/libcv_bridge.so, may conflict with libopencv_imgcodecs.so.408
[4.485s] /usr/bin/ld: warning: libopencv_imgproc.so.4.5d, needed by /opt/ros/humble/lib/libcv_bridge.so, may conflict with libopencv_imgproc.so.408
[4.485s] /usr/bin/ld: warning: libopencv_core.so.4.5d, needed by /opt/ros/humble/lib/libcv_bridge.so, may conflict with libopencv_core.so.408
[4.952s] [100%] Built target Qt5_displayer
[4.959s] Invoked command in '/home/mechax/zyb/radar_station/build/Qt5_displayer' returned '0': AMENT_PREFIX_PATH=/home/mechax/zyb/radar_station/install/my_msgss:${AMENT_PREFIX_PATH} CMAKE_PREFIX_PATH=/home/mechax/zyb/radar_station/install/my_msgss:/home/mechax/ws_livox/install/livox_ros2_driver:/home/mechax/ws_livox/install/livox_sdk_vendor:/home/mechax/ws_livox/install/livox_interfaces:/opt/ros/humble LD_LIBRARY_PATH=/home/mechax/zyb/radar_station/install/my_msgss/lib:${LD_LIBRARY_PATH} PYTHONPATH=/home/mechax/zyb/radar_station/install/my_msgss/local/lib/python3.10/dist-packages:${PYTHONPATH} /usr/bin/cmake --build /home/mechax/zyb/radar_station/build/Qt5_displayer -- -j16 -l16
[4.983s] Invoking command in '/home/mechax/zyb/radar_station/build/Qt5_displayer': AMENT_PREFIX_PATH=/home/mechax/zyb/radar_station/install/my_msgss:${AMENT_PREFIX_PATH} CMAKE_PREFIX_PATH=/home/mechax/zyb/radar_station/install/my_msgss:/home/mechax/ws_livox/install/livox_ros2_driver:/home/mechax/ws_livox/install/livox_sdk_vendor:/home/mechax/ws_livox/install/livox_interfaces:/opt/ros/humble LD_LIBRARY_PATH=/home/mechax/zyb/radar_station/install/my_msgss/lib:${LD_LIBRARY_PATH} PYTHONPATH=/home/mechax/zyb/radar_station/install/my_msgss/local/lib/python3.10/dist-packages:${PYTHONPATH} /usr/bin/cmake --install /home/mechax/zyb/radar_station/build/Qt5_displayer
[4.987s] -- Install configuration: ""
[4.988s] -- Installing: /home/mechax/zyb/radar_station/install/Qt5_displayer/lib/Qt5_displayer/Qt5_displayer
[4.991s] -- Set runtime path of "/home/mechax/zyb/radar_station/install/Qt5_displayer/lib/Qt5_displayer/Qt5_displayer" to ""
[4.991s] -- Up-to-date: /home/mechax/zyb/radar_station/install/Qt5_displayer/share/Qt5_displayer/launch
[4.991s] -- Up-to-date: /home/mechax/zyb/radar_station/install/Qt5_displayer/share/Qt5_displayer/launch/qt5_display_launch.py
[4.991s] -- Up-to-date: /home/mechax/zyb/radar_station/install/Qt5_displayer/share/ament_index/resource_index/package_run_dependencies/Qt5_displayer
[4.991s] -- Up-to-date: /home/mechax/zyb/radar_station/install/Qt5_displayer/share/ament_index/resource_index/parent_prefix_path/Qt5_displayer
[4.992s] -- Up-to-date: /home/mechax/zyb/radar_station/install/Qt5_displayer/share/Qt5_displayer/environment/ament_prefix_path.sh
[4.992s] -- Up-to-date: /home/mechax/zyb/radar_station/install/Qt5_displayer/share/Qt5_displayer/environment/ament_prefix_path.dsv
[4.992s] -- Up-to-date: /home/mechax/zyb/radar_station/install/Qt5_displayer/share/Qt5_displayer/environment/path.sh
[4.992s] -- Up-to-date: /home/mechax/zyb/radar_station/install/Qt5_displayer/share/Qt5_displayer/environment/path.dsv
[4.992s] -- Up-to-date: /home/mechax/zyb/radar_station/install/Qt5_displayer/share/Qt5_displayer/local_setup.bash
[4.992s] -- Up-to-date: /home/mechax/zyb/radar_station/install/Qt5_displayer/share/Qt5_displayer/local_setup.sh
[4.992s] -- Up-to-date: /home/mechax/zyb/radar_station/install/Qt5_displayer/share/Qt5_displayer/local_setup.zsh
[4.992s] -- Up-to-date: /home/mechax/zyb/radar_station/install/Qt5_displayer/share/Qt5_displayer/local_setup.dsv
[4.992s] -- Installing: /home/mechax/zyb/radar_station/install/Qt5_displayer/share/Qt5_displayer/package.dsv
[4.992s] -- Up-to-date: /home/mechax/zyb/radar_station/install/Qt5_displayer/share/ament_index/resource_index/packages/Qt5_displayer
[4.992s] -- Up-to-date: /home/mechax/zyb/radar_station/install/Qt5_displayer/share/Qt5_displayer/cmake/Qt5_displayerConfig.cmake
[4.992s] -- Up-to-date: /home/mechax/zyb/radar_station/install/Qt5_displayer/share/Qt5_displayer/cmake/Qt5_displayerConfig-version.cmake
[4.992s] -- Up-to-date: /home/mechax/zyb/radar_station/install/Qt5_displayer/share/Qt5_displayer/package.xml
[4.993s] Invoked command in '/home/mechax/zyb/radar_station/build/Qt5_displayer' returned '0': AMENT_PREFIX_PATH=/home/mechax/zyb/radar_station/install/my_msgss:${AMENT_PREFIX_PATH} CMAKE_PREFIX_PATH=/home/mechax/zyb/radar_station/install/my_msgss:/home/mechax/ws_livox/install/livox_ros2_driver:/home/mechax/ws_livox/install/livox_sdk_vendor:/home/mechax/ws_livox/install/livox_interfaces:/opt/ros/humble LD_LIBRARY_PATH=/home/mechax/zyb/radar_station/install/my_msgss/lib:${LD_LIBRARY_PATH} PYTHONPATH=/home/mechax/zyb/radar_station/install/my_msgss/local/lib/python3.10/dist-packages:${PYTHONPATH} /usr/bin/cmake --install /home/mechax/zyb/radar_station/build/Qt5_displayer
